#                                                                            --- full sequence --- -------------- this domain -------------   hmm coord   ali coord   env coord
# target name        accession   tlen query name           accession   qlen   E-value  score  bias   #  of  c-Evalue  i-Evalue  score  bias  from    to  from    to  from    to  acc description of target
#------------------- ---------- ----- -------------------- ---------- ----- --------- ------ ----- --- --- --------- --------- ------ ----- ----- ----- ----- ----- ----- ----- ---- ---------------------
XP_005847829.1       -            463 10141at3041          -            278   1.4e-68  230.0  26.2   1   3   2.3e-39   7.4e-36  122.7  10.4     1   135    53   212    53   224 0.75 -
XP_005847829.1       -            463 10141at3041          -            278   1.4e-68  230.0  26.2   2   3     0.061     2e+02   -0.1   0.3    18    34   228   246   219   255 0.69 -
XP_005847829.1       -            463 10141at3041          -            278   1.4e-68  230.0  26.2   3   3   5.2e-36   1.7e-32  111.7   2.7   141   277   287   458   283   459 0.86 -
XP_005847186.1       -            740 10141at3041          -            278   1.4e-08   33.2  24.5   1   4   0.00029      0.95    7.5   2.2    85   157   165   234   145   240 0.82 -
XP_005847186.1       -            740 10141at3041          -            278   1.4e-08   33.2  24.5   2   4   1.2e-05      0.04   12.0   3.6    37   145   219   326   213   338 0.77 -
XP_005847186.1       -            740 10141at3041          -            278   1.4e-08   33.2  24.5   3   4   9.2e-06      0.03   12.4   1.5    60   108   342   394   328   412 0.78 -
XP_005847186.1       -            740 10141at3041          -            278   1.4e-08   33.2  24.5   4   4   4.7e-06     0.015   13.4   1.6    65   132   449   517   395   521 0.68 -
XP_005846230.1       -            120 10141at3041          -            278     0.014   13.5   0.0   1   1     7e-06     0.023   12.8   0.0   186   258    17   103    13   119 0.77 -
#
# Program:         hmmsearch
# Version:         3.1b2 (February 2015)
# Pipeline mode:   SEARCH
# Query file:      /Users/catrionaharrison/Documents/Bioinformatics/rp2/Data/genomes/busco/busco_downloads/lineages/chlorophyta_odb10/hmms/10141at3041.hmm
# Target file:     /Users/catrionaharrison/Documents/Bioinformatics/rp2/Data/genomes/busco/data/chlorella_variabilis.prot.fasta
# Option settings: hmmsearch --domtblout /Users/catrionaharrison/Documents/Bioinformatics/rp2/Data/genomes/busco/Busco_variabilis/run_chlorophyta_odb10/hmmer_output/initial_run_results/10141at3041.out --cpu 1 /Users/catrionaharrison/Documents/Bioinformatics/rp2/Data/genomes/busco/busco_downloads/lineages/chlorophyta_odb10/hmms/10141at3041.hmm /Users/catrionaharrison/Documents/Bioinformatics/rp2/Data/genomes/busco/data/chlorella_variabilis.prot.fasta 
# Current dir:     /Users/catrionaharrison/Documents/Bioinformatics/rp2/Data/genomes/busco
# Date:            Fri Jul 22 15:00:07 2022
# [ok]
