#                                                                            --- full sequence --- -------------- this domain -------------   hmm coord   ali coord   env coord
# target name        accession   tlen query name           accession   qlen   E-value  score  bias   #  of  c-Evalue  i-Evalue  score  bias  from    to  from    to  from    to  acc description of target
#------------------- ---------- ----- -------------------- ---------- ----- --------- ------ ----- --- --- --------- --------- ------ ----- ----- ----- ----- ----- ----- ----- ---- ---------------------
XP_005850987.1       -            407 10175at3041          -            294   4.4e-79  264.9   6.0   1   3   9.1e-49   1.8e-45  154.5   0.1     7   160    38   188    32   191 0.89 -
XP_005850987.1       -            407 10175at3041          -            294   4.4e-79  264.9   6.0   2   3   7.3e-35   1.4e-31  108.9   0.2   154   268   220   350   213   364 0.78 -
XP_005850987.1       -            407 10175at3041          -            294   4.4e-79  264.9   6.0   3   3     0.011        21    3.3   0.2   262   293   369   400   353   401 0.82 -
XP_005844232.1       -            620 10175at3041          -            294   6.4e-05   21.4   0.3   1   3    0.0063        12    4.1   0.0    13    42    82   111    77   121 0.73 -
XP_005844232.1       -            620 10175at3041          -            294   6.4e-05   21.4   0.3   2   3   3.9e-06    0.0076   14.6   0.1    77   156   324   403   307   405 0.82 -
XP_005844232.1       -            620 10175at3041          -            294   6.4e-05   21.4   0.3   3   3       1.5   2.8e+03   -3.7   0.0   197   222   565   590   560   601 0.77 -
XP_005850605.1       -            528 10175at3041          -            294   0.00012   20.5   4.7   1   1   1.7e-07   0.00033   19.1   4.7    12   234   122   366   118   378 0.72 -
XP_005844406.1       -            356 10175at3041          -            294   0.00064   18.1   1.3   1   2      0.14   2.8e+02   -0.4   0.1   212   257   123   166   113   184 0.68 -
XP_005844406.1       -            356 10175at3041          -            294   0.00064   18.1   1.3   2   2   1.4e-06    0.0027   16.1   0.1    90   185   228   336   220   339 0.70 -
XP_005850351.1       -            140 10175at3041          -            294    0.0045   15.4   0.5   1   2   3.2e-06    0.0062   14.9   0.0    75   123    25    73    19    79 0.95 -
XP_005850351.1       -            140 10175at3041          -            294    0.0045   15.4   0.5   2   2       1.3   2.5e+03   -3.5   0.4   146   168   108   130   103   134 0.63 -
#
# Program:         hmmsearch
# Version:         3.1b2 (February 2015)
# Pipeline mode:   SEARCH
# Query file:      /Users/catrionaharrison/Documents/Bioinformatics/rp2/Data/genomes/busco/busco_downloads/lineages/chlorophyta_odb10/hmms/10175at3041.hmm
# Target file:     /Users/catrionaharrison/Documents/Bioinformatics/rp2/Data/genomes/busco/data/chlorella_variabilis.prot.fasta
# Option settings: hmmsearch --domtblout /Users/catrionaharrison/Documents/Bioinformatics/rp2/Data/genomes/busco/Busco_variabilis/run_chlorophyta_odb10/hmmer_output/initial_run_results/10175at3041.out --cpu 1 /Users/catrionaharrison/Documents/Bioinformatics/rp2/Data/genomes/busco/busco_downloads/lineages/chlorophyta_odb10/hmms/10175at3041.hmm /Users/catrionaharrison/Documents/Bioinformatics/rp2/Data/genomes/busco/data/chlorella_variabilis.prot.fasta 
# Current dir:     /Users/catrionaharrison/Documents/Bioinformatics/rp2/Data/genomes/busco
# Date:            Fri Jul 22 15:00:08 2022
# [ok]
