#                                                                            --- full sequence --- -------------- this domain -------------   hmm coord   ali coord   env coord
# target name        accession   tlen query name           accession   qlen   E-value  score  bias   #  of  c-Evalue  i-Evalue  score  bias  from    to  from    to  from    to  acc description of target
#------------------- ---------- ----- -------------------- ---------- ----- --------- ------ ----- --- --- --------- --------- ------ ----- ----- ----- ----- ----- ----- ----- ---- ---------------------
XP_005852014.1       -            102 11669at3041          -             84   3.9e-43  144.7   0.6   1   1   2.9e-46   4.7e-43  144.4   0.6     1    84    12    99    12    99 0.97 -
XP_005849546.1       -            113 11669at3041          -             84   3.3e-09   36.0   0.0   1   1   2.6e-12   4.2e-09   35.6   0.0    12    66    13    70     5    86 0.91 -
XP_005848303.1       -            102 11669at3041          -             84   4.8e-07   29.0   0.1   1   1   9.5e-10   1.6e-06   27.4   0.1     2    38    15    51    14    92 0.80 -
XP_005846240.1       -            160 11669at3041          -             84   0.00016   21.0   0.3   1   1   1.8e-06     0.003   16.9   0.3     2    37    11    46    10    84 0.69 -
XP_005844866.1       -            100 11669at3041          -             84     0.014   14.7   0.2   1   3      0.44   7.1e+02   -0.4   0.0    29    45    13    29    12    34 0.77 -
XP_005844866.1       -            100 11669at3041          -             84     0.014   14.7   0.2   2   3   3.5e-05     0.057   12.8   0.1     4    45    20    61    17    80 0.80 -
XP_005844866.1       -            100 11669at3041          -             84     0.014   14.7   0.2   3   3      0.44   7.1e+02   -0.4   0.0    50    60    83    93    60    95 0.64 -
XP_005851037.1       -             86 11669at3041          -             84     0.019   14.3   0.1   1   1   1.3e-05     0.021   14.1   0.1     7    63    26    82    20    85 0.90 -
#
# Program:         hmmsearch
# Version:         3.1b2 (February 2015)
# Pipeline mode:   SEARCH
# Query file:      /Users/catrionaharrison/Documents/Bioinformatics/rp2/Data/genomes/busco/busco_downloads/lineages/chlorophyta_odb10/hmms/11669at3041.hmm
# Target file:     /Users/catrionaharrison/Documents/Bioinformatics/rp2/Data/genomes/busco/data/chlorella_variabilis.prot.fasta
# Option settings: hmmsearch --domtblout /Users/catrionaharrison/Documents/Bioinformatics/rp2/Data/genomes/busco/Busco_variabilis/run_chlorophyta_odb10/hmmer_output/initial_run_results/11669at3041.out --cpu 1 /Users/catrionaharrison/Documents/Bioinformatics/rp2/Data/genomes/busco/busco_downloads/lineages/chlorophyta_odb10/hmms/11669at3041.hmm /Users/catrionaharrison/Documents/Bioinformatics/rp2/Data/genomes/busco/data/chlorella_variabilis.prot.fasta 
# Current dir:     /Users/catrionaharrison/Documents/Bioinformatics/rp2/Data/genomes/busco
# Date:            Fri Jul 22 15:00:05 2022
# [ok]
