#                                                                            --- full sequence --- -------------- this domain -------------   hmm coord   ali coord   env coord
# target name        accession   tlen query name           accession   qlen   E-value  score  bias   #  of  c-Evalue  i-Evalue  score  bias  from    to  from    to  from    to  acc description of target
#------------------- ---------- ----- -------------------- ---------- ----- --------- ------ ----- --- --- --------- --------- ------ ----- ----- ----- ----- ----- ----- ----- ---- ---------------------
XP_005850470.1       -            753 11724at3041          -            418   2.1e-87  292.9  26.3   1   5   1.7e-14   4.9e-12   44.6   0.1    31    76     8    61     4    72 0.84 -
XP_005850470.1       -            753 11724at3041          -            418   2.1e-87  292.9  26.3   2   5   1.6e-10   4.5e-08   31.5   0.3    85   151   120   201   110   206 0.79 -
XP_005850470.1       -            753 11724at3041          -            418   2.1e-87  292.9  26.3   3   5     4e-51   1.1e-48  165.3  10.9   133   306   201   398   197   417 0.87 -
XP_005850470.1       -            753 11724at3041          -            418   2.1e-87  292.9  26.3   4   5   1.4e-05    0.0042   15.2   0.0   337   375   589   628   581   636 0.81 -
XP_005850470.1       -            753 11724at3041          -            418   2.1e-87  292.9  26.3   5   5   8.4e-14   2.4e-11   42.3   0.4   379   418   684   728   657   728 0.81 -
XP_005848241.1       -            479 11724at3041          -            418   2.5e-12   45.6  10.5   1   6       0.2        57    1.5   0.1    29    61   133   165   129   166 0.89 -
XP_005848241.1       -            479 11724at3041          -            418   2.5e-12   45.6  10.5   2   6   2.2e-06   0.00063   17.9   0.0    29    59   191   221   188   228 0.90 -
XP_005848241.1       -            479 11724at3041          -            418   2.5e-12   45.6  10.5   3   6      0.22        64    1.4   0.1    32    65   235   268   231   273 0.90 -
XP_005848241.1       -            479 11724at3041          -            418   2.5e-12   45.6  10.5   4   6   4.8e-05     0.014   13.5   0.0     8    58   292   345   287   355 0.81 -
XP_005848241.1       -            479 11724at3041          -            418   2.5e-12   45.6  10.5   5   6      0.01         3    5.8   0.2    31    65   360   397   355   400 0.84 -
XP_005848241.1       -            479 11724at3041          -            418   2.5e-12   45.6  10.5   6   6    0.0055       1.6    6.7   0.0    28    66   402   440   398   443 0.87 -
XP_005845765.1       -            312 11724at3041          -            418   1.9e-10   39.4   0.1   1   4     0.011       3.2    5.7   0.1    27    57    12    42     3    56 0.86 -
XP_005845765.1       -            312 11724at3041          -            418   1.9e-10   39.4   0.1   2   4     9e-06    0.0026   15.9   0.0    30    65   155   190   150   193 0.89 -
XP_005845765.1       -            312 11724at3041          -            418   1.9e-10   39.4   0.1   3   4     0.026       7.4    4.5   0.0    31    68   198   235   196   249 0.86 -
XP_005845765.1       -            312 11724at3041          -            418   1.9e-10   39.4   0.1   4   4     0.002      0.59    8.1   0.0    30    57   281   308   251   310 0.86 -
XP_005849090.1       -            855 11724at3041          -            418   5.1e-07   28.1   0.7   1   4     0.017       4.8    5.1   0.0    27    58    40    71    37    79 0.86 -
XP_005849090.1       -            855 11724at3041          -            418   5.1e-07   28.1   0.7   2   4      0.11        32    2.4   0.0    31    58    91   118    87   122 0.91 -
XP_005849090.1       -            855 11724at3041          -            418   5.1e-07   28.1   0.7   3   4    0.0021      0.61    8.1   0.0    32    57   134   159   132   161 0.95 -
XP_005849090.1       -            855 11724at3041          -            418   5.1e-07   28.1   0.7   4   4    0.0055       1.6    6.7   0.0    29   100   266   353   262   402 0.62 -
XP_005850600.1       -            408 11724at3041          -            418   8.6e-07   27.3   1.2   1   3   5.1e-05     0.015   13.4   0.0    21    66    19    64    17    67 0.94 -
XP_005850600.1       -            408 11724at3041          -            418   8.6e-07   27.3   1.2   2   3    0.0008      0.23    9.5   0.1    30    60   289   320   274   325 0.79 -
XP_005850600.1       -            408 11724at3041          -            418   8.6e-07   27.3   1.2   3   3      0.24        68    1.3   0.0    29    55   342   367   339   398 0.87 -
XP_005846379.1       -            506 11724at3041          -            418   1.1e-06   27.0   0.9   1   4   0.00034     0.098   10.7   0.0    30    58   206   234   201   242 0.86 -
XP_005846379.1       -            506 11724at3041          -            418   1.1e-06   27.0   0.9   2   4   0.00012     0.034   12.2   0.0    28    65   254   291   251   297 0.93 -
XP_005846379.1       -            506 11724at3041          -            418   1.1e-06   27.0   0.9   3   4      0.97   2.8e+02   -0.7   0.0    30    65   299   334   294   336 0.87 -
XP_005846379.1       -            506 11724at3041          -            418   1.1e-06   27.0   0.9   4   4       2.1   5.9e+02   -1.8   0.0    32    63   343   374   339   375 0.88 -
XP_005844564.1       -            722 11724at3041          -            418   1.9e-06   26.2   2.6   1   3     0.023       6.7    4.6   0.0    40    81    43    84    27    86 0.90 -
XP_005844564.1       -            722 11724at3041          -            418   1.9e-06   26.2   2.6   2   3   0.00067      0.19    9.7   0.2    30    69    68   109    58   111 0.84 -
XP_005844564.1       -            722 11724at3041          -            418   1.9e-06   26.2   2.6   3   3   2.4e-05    0.0069   14.5   0.1    29    68   179   218   168   237 0.84 -
XP_005844984.1       -            555 11724at3041          -            418     2e-06   26.1   1.7   1   3     0.048        14    3.6   0.0    32    57    28    53    22    60 0.91 -
XP_005844984.1       -            555 11724at3041          -            418     2e-06   26.1   1.7   2   3   2.5e-06   0.00073   17.7   0.2    30    73    71   123    67   137 0.74 -
XP_005844984.1       -            555 11724at3041          -            418     2e-06   26.1   1.7   3   3      0.15        43    2.0   0.0    30    67   348   387   343   442 0.73 -
XP_005846027.1       -            815 11724at3041          -            418   2.9e-06   25.6   0.6   1   4     0.018       5.2    5.0   0.0    32    58    36    62    27    71 0.81 -
XP_005846027.1       -            815 11724at3041          -            418   2.9e-06   25.6   0.6   2   4    0.0021      0.59    8.1   0.1    32    67   181   216   176   265 0.86 -
XP_005846027.1       -            815 11724at3041          -            418   2.9e-06   25.6   0.6   3   4      0.28        80    1.1   0.0    29   112   469   552   465   564 0.65 -
XP_005846027.1       -            815 11724at3041          -            418   2.9e-06   25.6   0.6   4   4    0.0098       2.8    5.9   0.0    13    63   639   689   626   694 0.90 -
XP_005844476.1       -            422 11724at3041          -            418     3e-06   25.5   0.8   1   3   9.3e-07   0.00027   19.1   0.1    20    73   141   201   137   207 0.77 -
XP_005844476.1       -            422 11724at3041          -            418     3e-06   25.5   0.8   2   3      0.04        12    3.8   0.1    29    68   233   272   229   288 0.81 -
XP_005844476.1       -            422 11724at3041          -            418     3e-06   25.5   0.8   3   3       1.2   3.3e+02   -1.0   0.0    27    76   273   331   271   338 0.66 -
XP_005851529.1       -           1149 11724at3041          -            418   3.5e-06   25.3   0.9   1   3      0.24        70    1.3   0.0    44    71   200   227   198   262 0.87 -
XP_005851529.1       -           1149 11724at3041          -            418   3.5e-06   25.3   0.9   2   3    0.0074       2.1    6.3   0.0    31    56   702   727   689   732 0.89 -
XP_005851529.1       -           1149 11724at3041          -            418   3.5e-06   25.3   0.9   3   3   3.4e-05    0.0098   14.0   0.1    32    57   760   785   753   794 0.85 -
XP_005849636.1       -            918 11724at3041          -            418   7.5e-06   24.2   6.9   1   6       3.4   9.8e+02   -2.5   0.0    30    51    52    73    50    89 0.85 -
XP_005849636.1       -            918 11724at3041          -            418   7.5e-06   24.2   6.9   2   6       1.3   3.7e+02   -1.1   0.0    23    47    86   110    65   113 0.74 -
XP_005849636.1       -            918 11724at3041          -            418   7.5e-06   24.2   6.9   3   6       1.5   4.4e+02   -1.4   0.0    30    55   141   166   135   169 0.82 -
XP_005849636.1       -            918 11724at3041          -            418   7.5e-06   24.2   6.9   4   6      0.14        40    2.1   0.0    32    63   386   417   381   446 0.89 -
XP_005849636.1       -            918 11724at3041          -            418   7.5e-06   24.2   6.9   5   6   3.8e-06    0.0011   17.1   0.0    29    57   553   581   549   592 0.85 -
XP_005849636.1       -            918 11724at3041          -            418   7.5e-06   24.2   6.9   6   6     0.048        14    3.6   0.0    29    59   615   645   609   652 0.87 -
XP_005842820.1       -            311 11724at3041          -            418   2.4e-05   22.5   0.0   1   4     0.012       3.4    5.6   0.1    28    63    17    52     8    84 0.80 -
XP_005842820.1       -            311 11724at3041          -            418   2.4e-05   22.5   0.0   2   4      0.32        93    0.9   0.0    35    63   112   140   101   144 0.84 -
XP_005842820.1       -            311 11724at3041          -            418   2.4e-05   22.5   0.0   3   4    0.0077       2.2    6.2   0.0    31    58   149   176   145   186 0.84 -
XP_005842820.1       -            311 11724at3041          -            418   2.4e-05   22.5   0.0   4   4     0.027       7.6    4.4   0.0    27    65   229   267   224   277 0.90 -
XP_005843207.1       -            790 11724at3041          -            418   3.1e-05   22.2   0.4   1   2     0.019       5.4    4.9   0.0    28    48   432   452   427   471 0.82 -
XP_005843207.1       -            790 11724at3041          -            418   3.1e-05   22.2   0.4   2   2   2.6e-05    0.0076   14.3   0.1    28    60   480   512   477   580 0.69 -
XP_005851634.1       -            181 11724at3041          -            418   3.1e-05   22.2   0.2   1   2      0.11        33    2.3   0.1    30    56    38    64    18    73 0.85 Chlorella variabilis unplaced genomic scaffold CHLNCscaffold_2, whole genome shotgun sequence.
XP_005851634.1       -            181 11724at3041          -            418   3.1e-05   22.2   0.2   2   2     2e-06   0.00058   18.0   0.0    29    58    91   120    89   155 0.90 Chlorella variabilis unplaced genomic scaffold CHLNCscaffold_2, whole genome shotgun sequence.
XP_005850757.1       -            280 11724at3041          -            418     5e-05   21.5   1.3   1   4    0.0036         1    7.3   0.0    32    56     1    25     1    32 0.90 -
XP_005850757.1       -            280 11724at3041          -            418     5e-05   21.5   1.3   2   4     0.088        25    2.7   0.0    27    58    38    69    35    91 0.87 -
XP_005850757.1       -            280 11724at3041          -            418     5e-05   21.5   1.3   3   4      0.43   1.2e+02    0.5   0.1    31    65   125   159   119   193 0.87 -
XP_005850757.1       -            280 11724at3041          -            418     5e-05   21.5   1.3   4   4    0.0059       1.7    6.6   0.1    28    55   250   277   247   279 0.89 -
XP_005851191.1       -            348 11724at3041          -            418   0.00042   18.5   1.0   1   3      0.28        82    1.0   0.0    30    48    68    86    62    98 0.84 -
XP_005851191.1       -            348 11724at3041          -            418   0.00042   18.5   1.0   2   3   0.00081      0.23    9.4   0.1    28    65   110   147   100   152 0.89 -
XP_005851191.1       -            348 11724at3041          -            418   0.00042   18.5   1.0   3   3     0.025       7.1    4.5   0.0    30    65   157   192   151   196 0.88 -
XP_005847990.1       -            320 11724at3041          -            418   0.00068   17.8   1.0   1   4       1.4   3.9e+02   -1.2   0.0    38    64    74   100    67   105 0.86 -
XP_005847990.1       -            320 11724at3041          -            418   0.00068   17.8   1.0   2   4      0.27        77    1.1   0.0    31    58   109   136   103   164 0.83 -
XP_005847990.1       -            320 11724at3041          -            418   0.00068   17.8   1.0   3   4      0.12        35    2.2   0.0    32    63   198   229   192   265 0.90 -
XP_005847990.1       -            320 11724at3041          -            418   0.00068   17.8   1.0   4   4   0.00048      0.14   10.2   0.0    31    58   288   315   282   318 0.89 -
XP_005844243.1       -            449 11724at3041          -            418    0.0032   15.5   0.2   1   4     0.029       8.4    4.3   0.0    31    67    50    87    44   106 0.82 -
XP_005844243.1       -            449 11724at3041          -            418    0.0032   15.5   0.2   2   4     0.095        27    2.6   0.0    32    50   136   154   125   174 0.84 -
XP_005844243.1       -            449 11724at3041          -            418    0.0032   15.5   0.2   3   4      0.16        47    1.8   0.0    32    57   227   253   225   256 0.83 -
XP_005844243.1       -            449 11724at3041          -            418    0.0032   15.5   0.2   4   4      0.66   1.9e+02   -0.2   0.0    29    46   420   437   414   442 0.79 -
XP_005850674.1       -            429 11724at3041          -            418    0.0047   15.0   0.4   1   2   4.8e-05     0.014   13.5   0.1    31    71   139   179   132   183 0.93 -
XP_005850674.1       -            429 11724at3041          -            418    0.0047   15.0   0.4   2   2       4.3   1.2e+03   -2.8   0.0    33    59   385   411   378   415 0.59 -
XP_005848555.1       -            131 11724at3041          -            418    0.0065   14.6   0.0   1   2       3.6     1e+03   -2.6   0.0    31    58     6    33     3    42 0.57 -
XP_005848555.1       -            131 11724at3041          -            418    0.0065   14.6   0.0   2   2   4.8e-05     0.014   13.5   0.0    30    57   102   129    99   131 0.94 -
XP_005850445.1       -            389 11724at3041          -            418    0.0067   14.5   2.7   1   3   0.00021     0.061   11.3   0.2    31    66   120   155   116   169 0.89 -
XP_005850445.1       -            389 11724at3041          -            418    0.0067   14.5   2.7   2   3       2.8   8.1e+02   -2.2   0.0    28    64   159   195   156   197 0.82 -
XP_005850445.1       -            389 11724at3041          -            418    0.0067   14.5   2.7   3   3      0.11        31    2.4   0.1    32    55   205   228   201   242 0.84 -
XP_005845694.1       -            314 11724at3041          -            418    0.0075   14.3   0.1   1   1   6.9e-05      0.02   12.9   0.1    30    57    78   105    75   113 0.91 -
XP_005845418.1       -           1601 11724at3041          -            418      0.01   13.9   6.7   1   3       7.6   2.2e+03   -3.7   0.0    34    57   318   341   312   344 0.81 -
XP_005845418.1       -           1601 11724at3041          -            418      0.01   13.9   6.7   2   3   1.2e-05    0.0035   15.4   1.4    28   125   414   516   408   561 0.81 -
XP_005845418.1       -           1601 11724at3041          -            418      0.01   13.9   6.7   3   3      0.66   1.9e+02   -0.2   0.1    88   131   615   658   598   683 0.84 -
XP_005851148.1       -            439 11724at3041          -            418      0.02   12.9   1.9   1   4       3.7   1.1e+03   -2.6   0.0    31    55   145   169   140   182 0.75 -
XP_005851148.1       -            439 11724at3041          -            418      0.02   12.9   1.9   2   4       2.4   6.8e+02   -2.0   0.0    31    63   193   229   191   236 0.66 -
XP_005851148.1       -            439 11724at3041          -            418      0.02   12.9   1.9   3   4    0.0007       0.2    9.6   0.0    30    50   238   258   232   264 0.87 -
XP_005851148.1       -            439 11724at3041          -            418      0.02   12.9   1.9   4   4      0.26        74    1.2   0.0   369   415   262   310   259   312 0.79 -
XP_005851155.1       -            440 11724at3041          -            418     0.021   12.9   0.1   1   3   0.00077      0.22    9.5   0.0    30    58   113   141   108   148 0.89 -
XP_005851155.1       -            440 11724at3041          -            418     0.021   12.9   0.1   2   3       3.2   9.3e+02   -2.4   0.0    36    58   259   281   257   282 0.89 -
XP_005851155.1       -            440 11724at3041          -            418     0.021   12.9   0.1   3   3      0.95   2.7e+02   -0.7   0.0    28    55   396   431   381   435 0.54 -
XP_005843714.1       -            186 11724at3041          -            418     0.036   12.1   0.0   1   2      0.23        67    1.3   0.0    32    58    25    52     6    65 0.85 -
XP_005843714.1       -            186 11724at3041          -            418     0.036   12.1   0.0   2   2   0.00085      0.24    9.4   0.0    29    62    64    97    44   134 0.84 -
XP_005845863.1       -            307 11724at3041          -            418     0.069   11.2   5.9   1   4     0.087        25    2.7   0.0    35    66    64    95    54    98 0.86 -
XP_005845863.1       -            307 11724at3041          -            418     0.069   11.2   5.9   2   4      0.21        60    1.5   0.2    31    75   102   147    97   156 0.83 -
XP_005845863.1       -            307 11724at3041          -            418     0.069   11.2   5.9   3   4      0.11        31    2.4   0.2    29    64   225   260   222   272 0.86 -
XP_005845863.1       -            307 11724at3041          -            418     0.069   11.2   5.9   4   4     0.034       9.7    4.1   0.0    31    58   269   296   262   305 0.87 -
XP_005847066.1       -            115 11724at3041          -            418     0.082   10.9   0.1   1   2      0.85   2.5e+02   -0.5   0.0    19    55    44    81    25    88 0.70 -
XP_005847066.1       -            115 11724at3041          -            418     0.082   10.9   0.1   2   2   0.00068       0.2    9.7   0.0    29    56    86   113    61   115 0.87 -
XP_005843323.1       -            522 11724at3041          -            418      0.12   10.4   0.9   1   3    0.0089       2.6    6.0   0.1    32    63   258   289   252   312 0.87 -
XP_005843323.1       -            522 11724at3041          -            418      0.12   10.4   0.9   2   3      0.18        51    1.7   0.0    30    57   339   366   336   396 0.79 -
XP_005843323.1       -            522 11724at3041          -            418      0.12   10.4   0.9   3   3       2.1     6e+02   -1.8   0.0    29    55   468   494   446   500 0.71 -
XP_005849892.1       -            673 11724at3041          -            418      0.17    9.9   0.6   1   2       2.3   6.6e+02   -2.0   0.1    27    44   192   209   183   214 0.84 -
XP_005849892.1       -            673 11724at3041          -            418      0.17    9.9   0.6   2   2    0.0012      0.36    8.8   0.1    30    76   334   386   329   440 0.74 -
XP_005847079.1       -            751 11724at3041          -            418       0.2    9.6   0.0   1   3      0.11        31    2.4   0.1    29    63    14    47     6    81 0.79 -
XP_005847079.1       -            751 11724at3041          -            418       0.2    9.6   0.0   2   3      0.75   2.2e+02   -0.4   0.0    30    56   127   153   123   158 0.89 -
XP_005847079.1       -            751 11724at3041          -            418       0.2    9.6   0.0   3   3   0.00071       0.2    9.6   0.0    31    68   389   426   384   445 0.92 -
XP_005852143.1       -            521 11724at3041          -            418      0.31    9.0   2.2   1   3       7.3   2.1e+03   -3.6   0.0    30    53   149   174   147   175 0.81 -
XP_005852143.1       -            521 11724at3041          -            418      0.31    9.0   2.2   2   3      0.51   1.5e+02    0.2   0.1    34    57   211   234   208   240 0.86 -
XP_005852143.1       -            521 11724at3041          -            418      0.31    9.0   2.2   3   3    0.0032      0.91    7.5   0.1    33    74   252   294   249   307 0.87 -
XP_005843867.1       -            466 11724at3041          -            418       1.5    6.7   8.2   1   5       1.4   3.9e+02   -1.2   0.0    36    56   101   121    95   125 0.82 -
XP_005843867.1       -            466 11724at3041          -            418       1.5    6.7   8.2   2   5      0.45   1.3e+02    0.4   0.2    32    65   139   174   134   217 0.77 -
XP_005843867.1       -            466 11724at3041          -            418       1.5    6.7   8.2   3   5      0.15        43    2.0   0.3    27    77   230   280   209   295 0.83 -
XP_005843867.1       -            466 11724at3041          -            418       1.5    6.7   8.2   4   5      0.22        64    1.4   0.0    32    60   355   383   348   390 0.84 -
XP_005843867.1       -            466 11724at3041          -            418       1.5    6.7   8.2   5   5     0.063        18    3.2   0.1    36    59   401   424   395   463 0.56 -
#
# Program:         hmmsearch
# Version:         3.1b2 (February 2015)
# Pipeline mode:   SEARCH
# Query file:      /Users/catrionaharrison/Documents/Bioinformatics/rp2/Data/genomes/busco/busco_downloads/lineages/chlorophyta_odb10/hmms/11724at3041.hmm
# Target file:     /Users/catrionaharrison/Documents/Bioinformatics/rp2/Data/genomes/busco/data/chlorella_variabilis.prot.fasta
# Option settings: hmmsearch --domtblout /Users/catrionaharrison/Documents/Bioinformatics/rp2/Data/genomes/busco/Busco_variabilis/run_chlorophyta_odb10/hmmer_output/initial_run_results/11724at3041.out --cpu 1 /Users/catrionaharrison/Documents/Bioinformatics/rp2/Data/genomes/busco/busco_downloads/lineages/chlorophyta_odb10/hmms/11724at3041.hmm /Users/catrionaharrison/Documents/Bioinformatics/rp2/Data/genomes/busco/data/chlorella_variabilis.prot.fasta 
# Current dir:     /Users/catrionaharrison/Documents/Bioinformatics/rp2/Data/genomes/busco
# Date:            Fri Jul 22 15:00:09 2022
# [ok]
