#                                                                            --- full sequence --- -------------- this domain -------------   hmm coord   ali coord   env coord
# target name        accession   tlen query name           accession   qlen   E-value  score  bias   #  of  c-Evalue  i-Evalue  score  bias  from    to  from    to  from    to  acc description of target
#------------------- ---------- ----- -------------------- ---------- ----- --------- ------ ----- --- --- --------- --------- ------ ----- ----- ----- ----- ----- ----- ----- ---- ---------------------
XP_005850261.1       -            916 1187at3041           -            474  1.9e-142  474.4  54.1   1   5   2.1e-05     0.023   12.5   0.2     1    22    36    57    36    65 0.91 -
XP_005850261.1       -            916 1187at3041           -            474  1.9e-142  474.4  54.1   2   5   3.8e-49   4.2e-46  156.7  13.2    20   168   253   441   238   450 0.76 -
XP_005850261.1       -            916 1187at3041           -            474  1.9e-142  474.4  54.1   3   5   3.5e-06    0.0038   15.1   0.1   153   207   446   516   436   523 0.72 -
XP_005850261.1       -            916 1187at3041           -            474  1.9e-142  474.4  54.1   4   5   7.2e-65   7.8e-62  208.6  24.7   209   410   541   781   536   794 0.83 -
XP_005850261.1       -            916 1187at3041           -            474  1.9e-142  474.4  54.1   5   5   3.7e-26     4e-23   80.9   0.0   407   474   829   900   824   900 0.95 -
XP_005847794.1       -            896 1187at3041           -            474   1.1e-09   36.7   1.0   1   1   1.6e-12   1.8e-09   35.9   1.0    21    71   841   893   834   895 0.90 -
XP_005848648.1       -            234 1187at3041           -            474   7.2e-08   30.6   0.9   1   1   8.2e-11   8.9e-08   30.3   0.5    31    94    72   134    55   160 0.81 -
XP_005850040.1       -            517 1187at3041           -            474     4e-05   21.6   0.4   1   2   3.7e-08     4e-05   21.6   0.4    27    71    17    62    13    84 0.86 -
XP_005850040.1       -            517 1187at3041           -            474     4e-05   21.6   0.4   2   2       2.1   2.3e+03   -4.0   0.3   179   222   257   300   245   303 0.63 -
XP_005846453.1       -            564 1187at3041           -            474   5.6e-05   21.1   0.1   1   1   9.4e-08    0.0001   20.2   0.1    32    78    25    72    20    81 0.85 -
XP_005844756.1       -            872 1187at3041           -            474   0.00016   19.6   0.4   1   1   2.4e-07   0.00026   18.9   0.4    32    74   183   226   173   235 0.87 -
XP_005846668.1       -            848 1187at3041           -            474     0.015   13.1   0.2   1   1   2.4e-05     0.026   12.3   0.2    31    51   179   199   176   244 0.81 -
XP_005845139.1       -            325 1187at3041           -            474     0.025   12.3   0.0   1   1   3.1e-05     0.034   11.9   0.0    32    72   131   172   118   210 0.83 -
XP_005848658.1       -            349 1187at3041           -            474      0.66    7.7   7.6   1   2   8.2e-05     0.089   10.5   2.3    33    65    77   110    60   146 0.75 -
XP_005848658.1       -            349 1187at3041           -            474      0.66    7.7   7.6   2   2       0.7   7.6e+02   -2.4   3.0   145   188   128   173   116   199 0.65 -
#
# Program:         hmmsearch
# Version:         3.1b2 (February 2015)
# Pipeline mode:   SEARCH
# Query file:      /Users/catrionaharrison/Documents/Bioinformatics/rp2/Data/genomes/busco/busco_downloads/lineages/chlorophyta_odb10/hmms/1187at3041.hmm
# Target file:     /Users/catrionaharrison/Documents/Bioinformatics/rp2/Data/genomes/busco/data/chlorella_variabilis.prot.fasta
# Option settings: hmmsearch --domtblout /Users/catrionaharrison/Documents/Bioinformatics/rp2/Data/genomes/busco/Busco_variabilis/run_chlorophyta_odb10/hmmer_output/initial_run_results/1187at3041.out --cpu 1 /Users/catrionaharrison/Documents/Bioinformatics/rp2/Data/genomes/busco/busco_downloads/lineages/chlorophyta_odb10/hmms/1187at3041.hmm /Users/catrionaharrison/Documents/Bioinformatics/rp2/Data/genomes/busco/data/chlorella_variabilis.prot.fasta 
# Current dir:     /Users/catrionaharrison/Documents/Bioinformatics/rp2/Data/genomes/busco
# Date:            Fri Jul 22 15:00:44 2022
# [ok]
