#                                                                            --- full sequence --- -------------- this domain -------------   hmm coord   ali coord   env coord
# target name        accession   tlen query name           accession   qlen   E-value  score  bias   #  of  c-Evalue  i-Evalue  score  bias  from    to  from    to  from    to  acc description of target
#------------------- ---------- ----- -------------------- ---------- ----- --------- ------ ----- --- --- --------- --------- ------ ----- ----- ----- ----- ----- ----- ----- ---- ---------------------
XP_005843472.1       -            386 1477at3041           -            321  5.3e-167  553.9   0.1   1   1  2.7e-169  6.9e-167  553.5   0.1     1   321     8   369     8   369 0.91 -
XP_005845171.1       -            411 1477at3041           -            321   2.2e-57  193.7   0.1   1   1   1.2e-59   3.1e-57  193.2   0.1     8   320    37   381    31   382 0.82 -
XP_005851716.1       -            403 1477at3041           -            321   1.6e-55  187.6   2.0   1   1     1e-57   2.6e-55  186.9   2.0     8   320    29   373    23   374 0.80 -
XP_005849570.1       -            391 1477at3041           -            321   2.5e-39  134.4   1.7   1   2   1.2e-31   3.1e-29  101.2   0.2     5   208    37   262    33   295 0.77 -
XP_005849570.1       -            391 1477at3041           -            321   2.5e-39  134.4   1.7   2   2   1.1e-10   2.8e-08   32.3   0.1   279   320   322   358   319   359 0.90 -
XP_005850349.1       -            551 1477at3041           -            321   2.9e-38  130.9   0.0   1   1   2.5e-40   6.4e-38  129.7   0.0    10   319   130   477   125   479 0.77 -
XP_005845552.1       -            422 1477at3041           -            321   2.5e-35  121.2   0.0   1   1     2e-37   5.1e-35  120.2   0.0    22   318    17   355     8   358 0.73 -
XP_005846110.1       -            557 1477at3041           -            321     1e-34  119.2   0.0   1   2   3.6e-10   9.3e-08   30.6   0.0     8   145    32   198    27   203 0.75 -
XP_005846110.1       -            557 1477at3041           -            321     1e-34  119.2   0.0   2   2   7.1e-27   1.8e-24   85.5   0.0   160   317   254   420   252   424 0.83 -
XP_005849956.1       -            461 1477at3041           -            321   3.5e-32  110.9   0.1   1   1   2.5e-34   6.5e-32  110.0   0.1    12   319    67   413    60   415 0.73 -
XP_005852230.1       -            864 1477at3041           -            321   1.4e-31  108.9   0.5   1   1   3.3e-31   8.6e-29   99.7   0.5    22   319   453   812   438   814 0.72 -
XP_005844807.1       -            689 1477at3041           -            321   3.3e-31  107.7   0.0   1   1   4.5e-33   1.2e-30  105.9   0.0    47   318   189   494   179   496 0.76 -
XP_005849733.1       -            609 1477at3041           -            321   2.2e-29  101.7   0.0   1   1   3.5e-31   8.9e-29   99.7   0.0    11   319     6   359     1   361 0.72 -
XP_005851228.1       -           1344 1477at3041           -            321   3.1e-29  101.2   1.5   1   1   3.2e-30   8.1e-28   96.5   1.5    42   318   500   822   443   824 0.73 -
XP_005843409.1       -            518 1477at3041           -            321   8.4e-29   99.8   0.0   1   1   4.9e-31   1.3e-28   99.2   0.0     4   316    64   415    61   420 0.75 -
XP_005850962.1       -            408 1477at3041           -            321   1.1e-28   99.3   0.0   1   1   9.9e-31   2.5e-28   98.2   0.0    30   319     3   329     1   331 0.71 -
XP_005844954.1       -            313 1477at3041           -            321   3.6e-27   94.4   0.0   1   1   4.8e-29   1.2e-26   92.6   0.0    48   318     5   312     2   313 0.74 -
XP_005843752.1       -            601 1477at3041           -            321   1.6e-25   89.0   0.0   1   1   1.1e-27   2.7e-25   88.2   0.0     7   316    68   408    63   412 0.76 -
XP_005849797.1       -            423 1477at3041           -            321   3.6e-24   84.5   0.1   1   1   7.9e-25     2e-22   78.8   0.1    28   318     6   358     2   361 0.65 -
XP_005850419.1       -            269 1477at3041           -            321   4.9e-24   84.1   0.1   1   3     0.019         5    5.2   0.0     6    50    10    55     5    56 0.83 -
XP_005850419.1       -            269 1477at3041           -            321   4.9e-24   84.1   0.1   2   3    0.0059       1.5    6.9   0.0    71   102    48    82    45    89 0.71 -
XP_005850419.1       -            269 1477at3041           -            321   4.9e-24   84.1   0.1   3   3   1.5e-22   3.8e-20   71.3   0.1   153   319    91   266    85   268 0.82 -
XP_005851810.1       -            756 1477at3041           -            321   1.7e-23   82.3   0.4   1   4   8.1e-08   2.1e-05   22.9   0.0     9    72     3    65     1    69 0.91 -
XP_005851810.1       -            756 1477at3041           -            321   1.7e-23   82.3   0.4   2   4       3.5     9e+02   -2.2   0.0    39    55   291   307   288   310 0.86 -
XP_005851810.1       -            756 1477at3041           -            321   1.7e-23   82.3   0.4   3   4   3.7e-05    0.0095   14.2   0.0   112   182   344   427   329   439 0.75 -
XP_005851810.1       -            756 1477at3041           -            321   1.7e-23   82.3   0.4   4   4   2.6e-13   6.7e-11   41.0   0.1   216   320   507   618   482   619 0.81 -
XP_005849550.1       -            577 1477at3041           -            321   1.5e-20   72.7   0.1   1   1   1.6e-22   4.1e-20   71.2   0.1     5   289   100   428    97   439 0.69 -
XP_005845689.1       -            520 1477at3041           -            321   2.2e-19   68.8   0.9   1   1   4.4e-21   1.1e-18   66.5   0.9    18   217    58   285    44   308 0.78 -
XP_005847764.1       -            612 1477at3041           -            321   5.3e-19   67.6   0.0   1   2   9.3e-16   2.4e-13   49.0   0.0    24   180    17   201     2   209 0.75 -
XP_005847764.1       -            612 1477at3041           -            321   5.3e-19   67.6   0.0   2   2   1.2e-05    0.0031   15.7   0.1   274   319   376   419   373   421 0.82 -
XP_005845330.1       -            185 1477at3041           -            321   1.6e-18   66.0   0.0   1   2   3.8e-14   9.7e-12   43.7   0.0    20    91    12    85     1    93 0.85 -
XP_005845330.1       -            185 1477at3041           -            321   1.6e-18   66.0   0.0   2   2   3.8e-07   9.8e-05   20.7   0.0   112   169   122   185   113   185 0.84 -
XP_005848931.1       -            604 1477at3041           -            321   5.6e-18   64.2   0.1   1   3   3.1e-06   0.00079   17.7   0.2     4    69    66   130    63   203 0.81 -
XP_005848931.1       -            604 1477at3041           -            321   5.6e-18   64.2   0.1   2   3   0.00052      0.14   10.4   0.0   112   189   230   318   218   326 0.78 -
XP_005848931.1       -            604 1477at3041           -            321   5.6e-18   64.2   0.1   3   3   4.7e-10   1.2e-07   30.2   0.0   200   321   427   548   419   548 0.79 -
XP_005844601.1       -            577 1477at3041           -            321     1e-17   63.4   0.2   1   2   1.4e-05    0.0035   15.6   0.1    45    95   178   233   176   249 0.79 -
XP_005844601.1       -            577 1477at3041           -            321     1e-17   63.4   0.2   2   2     1e-14   2.7e-12   45.5   0.0   218   319   345   451   337   453 0.82 -
XP_005845973.1       -            573 1477at3041           -            321   1.2e-17   63.1   0.0   1   1   1.3e-18   3.4e-16   58.4   0.0     7   319    61   436    55   438 0.74 -
XP_005851741.1       -            547 1477at3041           -            321   4.4e-17   61.2   0.0   1   2   5.1e-11   1.3e-08   33.4   0.0     9    96    59   156    53   159 0.80 -
XP_005851741.1       -            547 1477at3041           -            321   4.4e-17   61.2   0.0   2   2   1.3e-08   3.4e-06   25.5   0.0   220   311   388   482   383   493 0.74 -
XP_005845274.1       -            460 1477at3041           -            321   6.6e-17   60.7   5.6   1   3   1.2e-06   0.00031   19.0   0.0    73   149     3    99     1   126 0.70 -
XP_005845274.1       -            460 1477at3041           -            321   6.6e-17   60.7   5.6   2   3   3.6e-13   9.3e-11   40.5   0.0   216   320   200   306   190   307 0.85 -
XP_005845274.1       -            460 1477at3041           -            321   6.6e-17   60.7   5.6   3   3       1.2     3e+02   -0.6   3.4    61    97   404   441   402   448 0.88 -
XP_005851667.1       -            808 1477at3041           -            321   3.2e-14   51.9   0.2   1   2   4.4e-09   1.1e-06   27.0   0.1    10    97   471   570   465   582 0.76 -
XP_005851667.1       -            808 1477at3041           -            321   3.2e-14   51.9   0.2   2   2   9.7e-08   2.5e-05   22.6   0.0   258   316   585   641   574   646 0.82 -
XP_005843864.1       -            187 1477at3041           -            321   4.9e-12   44.7   0.3   1   1   1.6e-13     4e-11   41.7   0.3    12   147     5   168     2   176 0.67 -
XP_005846554.1       -            566 1477at3041           -            321   6.5e-09   34.4   0.1   1   2   1.1e-07   2.7e-05   22.5   0.0     4   146    96   271    93   285 0.65 -
XP_005846554.1       -            566 1477at3041           -            321   6.5e-09   34.4   0.1   2   2    0.0015       0.4    8.8   0.0   266   313   438   484   432   492 0.74 -
XP_005845273.1       -             57 1477at3041           -            321   4.1e-08   31.8   0.0   1   1   1.7e-10   4.3e-08   31.7   0.0    26    70    12    56     4    57 0.93 Chlorella variabilis unplaced genomic scaffold CHLNCscaffold_18, whole genome shotgun sequence.
XP_005847019.1       -            787 1477at3041           -            321   3.4e-07   28.8   0.0   1   2    0.0023      0.58    8.3   0.0    44    98   435   490   398   519 0.79 -
XP_005847019.1       -            787 1477at3041           -            321   3.4e-07   28.8   0.0   2   2   2.3e-06    0.0006   18.1   0.0   232   280   629   684   560   701 0.79 -
XP_005846691.1       -            324 1477at3041           -            321   1.7e-05   23.2   0.0   1   1   1.1e-07   2.8e-05   22.5   0.0   264   319     3    56     1    58 0.81 -
XP_005843865.1       -            356 1477at3041           -            321   2.1e-05   22.9   0.0   1   1   1.2e-07   3.2e-05   22.3   0.0   245   316    99   171    75   175 0.77 -
XP_005849661.1       -           2233 1477at3041           -            321   2.3e-05   22.7   0.0   1   2      0.83   2.1e+02   -0.1   0.0    30    72    38    83    36    90 0.72 -
XP_005849661.1       -           2233 1477at3041           -            321   2.3e-05   22.7   0.0   2   2     7e-07   0.00018   19.8   0.0   221   292   817   899   814   909 0.79 -
XP_005850772.1       -           1455 1477at3041           -            321    0.0019   16.5   0.0   1   3     0.044        11    4.1   0.0    32    71   245   284   230   410 0.92 -
XP_005850772.1       -           1455 1477at3041           -            321    0.0019   16.5   0.0   2   3      0.51   1.3e+02    0.6   0.0   251   279   556   584   535   605 0.80 -
XP_005850772.1       -           1455 1477at3041           -            321    0.0019   16.5   0.0   3   3    0.0055       1.4    7.0   0.0    22    74  1083  1133  1068  1158 0.77 -
XP_005844567.1       -           2324 1477at3041           -            321     0.014   13.6   0.0   1   3      0.48   1.2e+02    0.6   0.0    32    74   509   551   502   575 0.85 -
XP_005844567.1       -           2324 1477at3041           -            321     0.014   13.6   0.0   2   3    0.0084       2.2    6.4   0.0    13    86  1361  1438  1354  1508 0.84 -
XP_005844567.1       -           2324 1477at3041           -            321     0.014   13.6   0.0   3   3       0.3        78    1.3   0.0   250   319  1679  1758  1660  1760 0.78 -
#
# Program:         hmmsearch
# Version:         3.1b2 (February 2015)
# Pipeline mode:   SEARCH
# Query file:      /Users/catrionaharrison/Documents/Bioinformatics/rp2/Data/genomes/busco/busco_downloads/lineages/chlorophyta_odb10/hmms/1477at3041.hmm
# Target file:     /Users/catrionaharrison/Documents/Bioinformatics/rp2/Data/genomes/busco/data/chlorella_variabilis.prot.fasta
# Option settings: hmmsearch --domtblout /Users/catrionaharrison/Documents/Bioinformatics/rp2/Data/genomes/busco/Busco_variabilis/run_chlorophyta_odb10/hmmer_output/initial_run_results/1477at3041.out --cpu 1 /Users/catrionaharrison/Documents/Bioinformatics/rp2/Data/genomes/busco/busco_downloads/lineages/chlorophyta_odb10/hmms/1477at3041.hmm /Users/catrionaharrison/Documents/Bioinformatics/rp2/Data/genomes/busco/data/chlorella_variabilis.prot.fasta 
# Current dir:     /Users/catrionaharrison/Documents/Bioinformatics/rp2/Data/genomes/busco
# Date:            Fri Jul 22 15:02:45 2022
# [ok]
