#                                                                            --- full sequence --- -------------- this domain -------------   hmm coord   ali coord   env coord
# target name        accession   tlen query name           accession   qlen   E-value  score  bias   #  of  c-Evalue  i-Evalue  score  bias  from    to  from    to  from    to  acc description of target
#------------------- ---------- ----- -------------------- ---------- ----- --------- ------ ----- --- --- --------- --------- ------ ----- ----- ----- ----- ----- ----- ----- ---- ---------------------
XP_005845858.1       -            527 1529at3041           -            410  3.7e-209  693.6   2.6   1   2     9e-61   2.2e-57  193.7   0.2     1   135     4   172     4   181 0.91 -
XP_005845858.1       -            527 1529at3041           -            410  3.7e-209  693.6   2.6   2   2  1.6e-153  3.8e-150  499.3   0.2   135   410   208   517   188   517 0.92 -
XP_005849906.1       -            174 1529at3041           -            410   5.4e-32  110.1   0.2   1   1   2.8e-35   6.9e-32  109.8   0.2   259   403     1   158     1   162 0.88 -
XP_005851445.1       -           2281 1529at3041           -            410   5.1e-08   31.1   0.0   1   2   5.7e-11   1.4e-07   29.7   0.0   211   364   473   635   466   649 0.80 -
XP_005851445.1       -           2281 1529at3041           -            410   5.1e-08   31.1   0.0   2   2       1.1   2.8e+03   -4.2   0.0   371   391   690   710   688   712 0.90 -
XP_005849907.1       -            728 1529at3041           -            410   9.1e-06   23.7   0.0   1   3      0.93   2.3e+03   -3.9   0.0    31    52   337   356   333   357 0.70 -
XP_005849907.1       -            728 1529at3041           -            410   9.1e-06   23.7   0.0   2   3     0.064   1.6e+02   -0.1   0.0    78    93   464   479   458   542 0.66 -
XP_005849907.1       -            728 1529at3041           -            410   9.1e-06   23.7   0.0   3   3   3.1e-08   7.5e-05   20.7   0.0   150   221   610   683   606   718 0.76 -
#
# Program:         hmmsearch
# Version:         3.1b2 (February 2015)
# Pipeline mode:   SEARCH
# Query file:      /Users/catrionaharrison/Documents/Bioinformatics/rp2/Data/genomes/busco/busco_downloads/lineages/chlorophyta_odb10/hmms/1529at3041.hmm
# Target file:     /Users/catrionaharrison/Documents/Bioinformatics/rp2/Data/genomes/busco/data/chlorella_variabilis.prot.fasta
# Option settings: hmmsearch --domtblout /Users/catrionaharrison/Documents/Bioinformatics/rp2/Data/genomes/busco/Busco_variabilis/run_chlorophyta_odb10/hmmer_output/initial_run_results/1529at3041.out --cpu 1 /Users/catrionaharrison/Documents/Bioinformatics/rp2/Data/genomes/busco/busco_downloads/lineages/chlorophyta_odb10/hmms/1529at3041.hmm /Users/catrionaharrison/Documents/Bioinformatics/rp2/Data/genomes/busco/data/chlorella_variabilis.prot.fasta 
# Current dir:     /Users/catrionaharrison/Documents/Bioinformatics/rp2/Data/genomes/busco
# Date:            Fri Jul 22 15:02:58 2022
# [ok]
