#                                                                            --- full sequence --- -------------- this domain -------------   hmm coord   ali coord   env coord
# target name        accession   tlen query name           accession   qlen   E-value  score  bias   #  of  c-Evalue  i-Evalue  score  bias  from    to  from    to  from    to  acc description of target
#------------------- ---------- ----- -------------------- ---------- ----- --------- ------ ----- --- --- --------- --------- ------ ----- ----- ----- ----- ----- ----- ----- ---- ---------------------
XP_005847170.1       -            377 1535at3041           -            275  1.2e-131  437.0   3.5   1   2    2e-124  2.3e-122  406.5   0.5     1   243    20   303    20   306 0.91 -
XP_005847170.1       -            377 1535at3041           -            275  1.2e-131  437.0   3.5   2   2   8.5e-10     1e-07   30.5   0.1   239   274   322   368   308   369 0.80 -
XP_005851317.1       -            353 1535at3041           -            275   4.3e-44  149.9   0.0   1   2   1.7e-39     2e-37  128.0   0.0     9   214    13   257    10   262 0.82 -
XP_005851317.1       -            353 1535at3041           -            275   4.3e-44  149.9   0.0   2   2   1.6e-06   0.00019   19.8   0.0   213   274   274   346   266   347 0.78 -
XP_005844508.1       -            261 1535at3041           -            275   4.6e-21   74.3  14.8   1   6   5.2e-06   0.00062   18.1   0.0    56   112     4    64     2    73 0.84 -
XP_005844508.1       -            261 1535at3041           -            275   4.6e-21   74.3  14.8   2   6   5.5e-07   6.6e-05   21.3   0.1    57   115    45   107    44   121 0.84 -
XP_005844508.1       -            261 1535at3041           -            275   4.6e-21   74.3  14.8   3   6   4.9e-08   5.9e-06   24.8   0.2    56   118    84   150    75   165 0.82 -
XP_005844508.1       -            261 1535at3041           -            275   4.6e-21   74.3  14.8   4   6   3.7e-08   4.4e-06   25.2   0.2    56   118   124   190   117   205 0.78 -
XP_005844508.1       -            261 1535at3041           -            275   4.6e-21   74.3  14.8   5   6   1.9e-06   0.00023   19.5   0.3    60   118   168   230   166   243 0.80 -
XP_005844508.1       -            261 1535at3041           -            275   4.6e-21   74.3  14.8   6   6         2   2.4e+02   -0.2   0.2    54    72   243   261   225   261 0.81 -
XP_005846842.1       -            300 1535at3041           -            275   2.6e-20   71.8   0.6   1   3   4.7e-09   5.6e-07   28.1   0.0    10   119     8   131     5   140 0.75 -
XP_005846842.1       -            300 1535at3041           -            275   2.6e-20   71.8   0.6   2   3   5.5e-10   6.6e-08   31.2   0.0    47   118   136   213   129   226 0.82 -
XP_005846842.1       -            300 1535at3041           -            275   2.6e-20   71.8   0.6   3   3   0.00099      0.12   10.6   0.0    45    88   226   270   213   295 0.75 -
XP_005842605.1       -            178 1535at3041           -            275   1.7e-15   56.1   0.1   1   2   2.6e-07   3.1e-05   22.4   0.0    52   119     3    77     2    86 0.78 -
XP_005842605.1       -            178 1535at3041           -            275   1.7e-15   56.1   0.1   2   2   1.7e-10   2.1e-08   32.8   0.0    47   118    82   159    75   173 0.82 -
XP_005847990.1       -            320 1535at3041           -            275   1.9e-15   55.9  11.0   1   5       1.6   1.9e+02    0.1   0.0    82   112    18    48    11    60 0.78 -
XP_005847990.1       -            320 1535at3041           -            275   1.9e-15   55.9  11.0   2   5   0.00034      0.04   12.2   0.1    86   113    70    97    30   104 0.78 -
XP_005847990.1       -            320 1535at3041           -            275   1.9e-15   55.9  11.0   3   5   7.8e-09   9.4e-07   27.4   1.8    17   112    73   184    68   192 0.77 -
XP_005847990.1       -            320 1535at3041           -            275   1.9e-15   55.9  11.0   4   5     4e-05    0.0048   15.2   0.9    11    77   153   227   148   232 0.78 -
XP_005847990.1       -            320 1535at3041           -            275   1.9e-15   55.9  11.0   5   5   3.6e-07   4.4e-05   21.9   0.2     7    74   234   315   230   318 0.78 -
XP_005850205.1       -            455 1535at3041           -            275   5.4e-15   54.4   0.4   1   3   2.5e-06    0.0003   19.2   0.1    11   127   160   290   148   293 0.71 -
XP_005850205.1       -            455 1535at3041           -            275   5.4e-15   54.4   0.4   2   3   7.2e-10   8.6e-08   30.8   0.1    10   113   244   359   240   366 0.78 -
XP_005850205.1       -            455 1535at3041           -            275   5.4e-15   54.4   0.4   3   3   1.5e-05    0.0018   16.6   0.0    11   107   329   439   327   443 0.69 -
XP_005851899.1       -            318 1535at3041           -            275   3.4e-14   51.8   0.3   1   4    0.0047      0.57    8.4   0.0    46    79    37    70    32    87 0.82 -
XP_005851899.1       -            318 1535at3041           -            275   3.4e-14   51.8   0.3   2   4   8.1e-07   9.6e-05   20.8   0.1    54   115    87   154    80   163 0.80 -
XP_005851899.1       -            318 1535at3041           -            275   3.4e-14   51.8   0.3   3   4     0.032       3.8    5.7   0.0     8    75   163   233   157   246 0.81 -
XP_005851899.1       -            318 1535at3041           -            275   3.4e-14   51.8   0.3   4   4   0.00027     0.032   12.5   0.0   159   221   253   316   236   317 0.86 -
XP_005852269.1       -            317 1535at3041           -            275   8.8e-14   50.4   9.6   1   4   1.1e-06   0.00014   20.3   0.3    51   123    64   145    53   152 0.70 -
XP_005852269.1       -            317 1535at3041           -            275   8.8e-14   50.4   9.6   2   4     1e-09   1.2e-07   30.3   0.5    47   132   149   241   144   248 0.77 -
XP_005852269.1       -            317 1535at3041           -            275   8.8e-14   50.4   9.6   3   4   2.4e-06   0.00028   19.2   0.6    45   117   190   271   188   284 0.71 -
XP_005852269.1       -            317 1535at3041           -            275   8.8e-14   50.4   9.6   4   4       5.8   6.9e+02   -1.7   0.0    15    39   285   311   276   314 0.65 -
XP_005846249.1       -            968 1535at3041           -            275   1.1e-12   46.8   8.2   1   5    0.0013      0.16   10.2   0.6    17   110    26   137    20   138 0.67 -
XP_005846249.1       -            968 1535at3041           -            275   1.1e-12   46.8   8.2   2   5   0.00042      0.05   11.9   0.0    11   110   110   222   106   228 0.73 -
XP_005846249.1       -            968 1535at3041           -            275   1.1e-12   46.8   8.2   3   5     0.018       2.2    6.5   0.1    13   110   448   554   443   573 0.81 -
XP_005846249.1       -            968 1535at3041           -            275   1.1e-12   46.8   8.2   4   5   4.8e-06   0.00057   18.2   0.0    46   113   617   690   611   708 0.79 -
XP_005846249.1       -            968 1535at3041           -            275   1.1e-12   46.8   8.2   5   5   4.3e-05    0.0051   15.1   0.0    43   119   656   737   649   747 0.76 -
XP_005843902.1       -            489 1535at3041           -            275   1.8e-12   46.1   9.1   1   4     0.036       4.3    5.5   0.1    95   113   178   196   150   208 0.72 -
XP_005843902.1       -            489 1535at3041           -            275   1.8e-12   46.1   9.1   2   4   1.5e-06   0.00018   19.9   0.2    60   118   232   296   226   307 0.78 -
XP_005843902.1       -            489 1535at3041           -            275   1.8e-12   46.1   9.1   3   4   4.9e-08   5.8e-06   24.8   0.3    60   119   274   342   274   355 0.72 -
XP_005843902.1       -            489 1535at3041           -            275   1.8e-12   46.1   9.1   4   4     0.011       1.3    7.2   0.2   192   256   385   448   344   466 0.66 -
XP_005844046.1       -            305 1535at3041           -            275     3e-12   45.4   6.4   1   3   7.7e-06   0.00092   17.6   1.3    42   112    59   135    16   145 0.75 -
XP_005844046.1       -            305 1535at3041           -            275     3e-12   45.4   6.4   2   3   2.2e-08   2.6e-06   25.9   0.0    12   112   149   261   144   270 0.77 -
XP_005844046.1       -            305 1535at3041           -            275     3e-12   45.4   6.4   3   3    0.0015      0.18   10.1   0.0    12    73   233   300   230   304 0.82 -
XP_005843867.1       -            466 1535at3041           -            275     4e-12   45.0  16.3   1   5    0.0019      0.23    9.7   0.1    49    80    98   129    84   136 0.60 -
XP_005843867.1       -            466 1535at3041           -            275     4e-12   45.0  16.3   2   5     0.012       1.5    7.1   3.9    43    79   134   172   129   265 0.73 -
XP_005843867.1       -            466 1535at3041           -            275     4e-12   45.0  16.3   3   5      0.62        74    1.5   0.0    79   113   307   341   293   354 0.74 -
XP_005843867.1       -            466 1535at3041           -            275     4e-12   45.0  16.3   4   5     7e-08   8.4e-06   24.3   0.2    24   114   324   427   314   433 0.71 -
XP_005843867.1       -            466 1535at3041           -            275     4e-12   45.0  16.3   5   5    0.0051      0.61    8.3   0.1    44    72   435   463   430   465 0.91 -
XP_005843559.1       -            610 1535at3041           -            275   3.2e-11   42.0   4.0   1   5   2.1e-07   2.5e-05   22.7   0.0    44   111     6    79     2    88 0.83 -
XP_005843559.1       -            610 1535at3041           -            275   3.2e-11   42.0   4.0   2   5    0.0013      0.15   10.3   0.1    15    78    97   166    89   177 0.75 -
XP_005843559.1       -            610 1535at3041           -            275   3.2e-11   42.0   4.0   3   5       3.1   3.7e+02   -0.8   0.0   205   246   207   248   203   257 0.74 -
XP_005843559.1       -            610 1535at3041           -            275   3.2e-11   42.0   4.0   4   5      0.12        14    3.9   0.0    33    74   365   406   336   417 0.74 -
XP_005843559.1       -            610 1535at3041           -            275   3.2e-11   42.0   4.0   5   5      0.93   1.1e+02    0.9   0.1    57   223   445   462   419   500 0.63 -
XP_005849636.1       -            918 1535at3041           -            275   3.9e-11   41.7   4.1   1   5       8.3   9.9e+02   -2.2   0.0   154   180    53    79    25   157 0.66 -
XP_005849636.1       -            918 1535at3041           -            275   3.9e-11   41.7   4.1   2   5   6.3e-06   0.00075   17.8   0.2    11   114   342   458   337   476 0.75 -
XP_005849636.1       -            918 1535at3041           -            275   3.9e-11   41.7   4.1   3   5   4.2e-06    0.0005   18.4   0.0    55   117   478   547   458   560 0.71 -
XP_005849636.1       -            918 1535at3041           -            275   3.9e-11   41.7   4.1   4   5   1.4e-05    0.0017   16.7   0.1    12    73   514   581   513   589 0.82 -
XP_005849636.1       -            918 1535at3041           -            275   3.9e-11   41.7   4.1   5   5      0.65        77    1.4   0.0    52    76   622   646   608   661 0.81 -
XP_005847801.1       -            754 1535at3041           -            275   6.3e-11   41.1   6.4   1   3     0.099        12    4.1   0.0    46    80   409   443   403   453 0.84 -
XP_005847801.1       -            754 1535at3041           -            275   6.3e-11   41.1   6.4   2   3   3.3e-05     0.004   15.5   0.3    14   114   466   580   463   585 0.63 -
XP_005847801.1       -            754 1535at3041           -            275   6.3e-11   41.1   6.4   3   3   1.3e-06   0.00015   20.1   0.1     9    79   589   666   584   675 0.75 -
XP_005843323.1       -            522 1535at3041           -            275   1.4e-10   39.9   5.1   1   3   0.00018     0.022   13.1   0.1    46   118   256   332   217   341 0.71 -
XP_005843323.1       -            522 1535at3041           -            275   1.4e-10   39.9   5.1   2   3   1.1e-05    0.0013   17.0   0.2    48   114   341   416   332   422 0.83 -
XP_005843323.1       -            522 1535at3041           -            275   1.4e-10   39.9   5.1   3   3   0.00068     0.081   11.2   0.1    11    81   426   504   416   520 0.76 -
XP_005848241.1       -            479 1535at3041           -            275   1.6e-10   39.7   7.2   1   3     0.035       4.2    5.6   0.0    11    37   135   162   131   167 0.81 -
XP_005848241.1       -            479 1535at3041           -            275   1.6e-10   39.7   7.2   2   3   1.1e-06   0.00013   20.3   0.1    45   114   191   265   177   274 0.81 -
XP_005848241.1       -            479 1535at3041           -            275   1.6e-10   39.7   7.2   3   3   2.7e-05    0.0032   15.8   0.8    11   129   318   451   312   475 0.77 -
XP_005845765.1       -            312 1535at3041           -            275   3.1e-10   38.8   2.6   1   3    0.0014      0.16   10.2   0.1    40    78     9    47     4   100 0.83 -
XP_005845765.1       -            312 1535at3041           -            275   3.1e-10   38.8   2.6   2   3    0.0054      0.64    8.2   0.0    40    90   149   200   106   203 0.81 -
XP_005845765.1       -            312 1535at3041           -            275   3.1e-10   38.8   2.6   3   3   2.4e-06   0.00029   19.2   0.3    13   109   200   308   197   311 0.73 -
XP_005846379.1       -            506 1535at3041           -            275     5e-10   38.1   0.9   1   3   0.00084       0.1   10.9   0.0    50   114   210   288   200   292 0.68 -
XP_005846379.1       -            506 1535at3041           -            275     5e-10   38.1   0.9   2   3   1.6e-07     2e-05   23.0   0.1     8    80   297   375   291   383 0.83 -
XP_005846379.1       -            506 1535at3041           -            275     5e-10   38.1   0.9   3   3       6.4   7.6e+02   -1.8   0.0    91   108   486   503   396   504 0.66 -
XP_005845694.1       -            314 1535at3041           -            275   6.7e-10   37.7   6.1   1   3     0.014       1.7    6.8   0.0    95   123     6    34     3    66 0.67 -
XP_005845694.1       -            314 1535at3041           -            275   6.7e-10   37.7   6.1   2   3   7.6e-06    0.0009   17.6   0.2    20   133    45   169    28   190 0.64 -
XP_005845694.1       -            314 1535at3041           -            275   6.7e-10   37.7   6.1   3   3   4.7e-05    0.0056   15.0   1.5    47   115   212   286   159   295 0.80 -
XP_005850757.1       -            280 1535at3041           -            275   2.3e-09   35.9  11.1   1   5   0.00035     0.042   12.1   0.1    50   111     3    70     1    90 0.71 -
XP_005850757.1       -            280 1535at3041           -            275   2.3e-09   35.9  11.1   2   5   3.6e-06   0.00043   18.7   0.1    32   112    27   112    22   122 0.82 -
XP_005850757.1       -            280 1535at3041           -            275   2.3e-09   35.9  11.1   3   5   0.00053     0.064   11.5   0.1    62   116    98   158    89   162 0.75 -
XP_005850757.1       -            280 1535at3041           -            275   2.3e-09   35.9  11.1   4   5     3e-05    0.0036   15.6   2.0    12   114   126   241   123   245 0.71 -
XP_005850757.1       -            280 1535at3041           -            275   2.3e-09   35.9  11.1   5   5    0.0073      0.87    7.8   0.6    49   108   211   278   202   280 0.65 -
XP_005850445.1       -            389 1535at3041           -            275   2.6e-09   35.8   5.9   1   3   2.6e-07   3.1e-05   22.4   0.1    10    81    70   154    66   159 0.77 -
XP_005850445.1       -            389 1535at3041           -            275   2.6e-09   35.8   5.9   2   3      0.16        19    3.4   3.3    11    77   162   236   159   246 0.55 -
XP_005850445.1       -            389 1535at3041           -            275   2.6e-09   35.8   5.9   3   3    0.0073      0.88    7.8   0.0   156   223   253   323   238   337 0.83 -
XP_005848320.1       -            462 1535at3041           -            275   7.9e-09   34.2   0.8   1   2      0.41        49    2.0   0.0    91   115   243   267   228   275 0.80 -
XP_005848320.1       -            462 1535at3041           -            275   7.9e-09   34.2   0.8   2   2   2.6e-09   3.1e-07   29.0   0.8    32   121   288   384   282   460 0.71 -
XP_005847746.1       -            920 1535at3041           -            275   8.9e-09   34.0   3.3   1   4   1.3e-05    0.0016   16.8   0.2     9   113    15   131    11   151 0.81 -
XP_005847746.1       -            920 1535at3041           -            275   8.9e-09   34.0   3.3   2   4      0.13        15    3.7   0.0    93   120   155   182   152   193 0.84 -
XP_005847746.1       -            920 1535at3041           -            275   8.9e-09   34.0   3.3   3   4   0.00067      0.08   11.2   0.0    60   127   202   276   186   281 0.69 -
XP_005847746.1       -            920 1535at3041           -            275   8.9e-09   34.0   3.3   4   4       6.1   7.2e+02   -1.8   0.0   203   221   360   378   351   391 0.83 -
XP_005844476.1       -            422 1535at3041           -            275   2.1e-08   32.8   7.4   1   3    0.0065      0.77    8.0   0.7    15   116   115   225   105   232 0.71 -
XP_005844476.1       -            422 1535at3041           -            275   2.1e-08   32.8   7.4   2   3   7.7e-08   9.2e-06   24.1   0.3    46   112   234   309   224   326 0.81 -
XP_005844476.1       -            422 1535at3041           -            275   2.1e-08   32.8   7.4   3   3      0.11        13    3.9   0.0    41    73   359   391   313   398 0.66 -
XP_005845863.1       -            307 1535at3041           -            275   2.6e-08   32.5   4.9   1   3   1.6e-05    0.0019   16.5   1.9    24   114    31   133    14   150 0.69 -
XP_005845863.1       -            307 1535at3041           -            275   2.6e-08   32.5   4.9   2   3     0.016       1.9    6.7   0.0    17   111   150   255   142   258 0.70 -
XP_005845863.1       -            307 1535at3041           -            275   2.6e-08   32.5   4.9   3   3   0.00018     0.022   13.0   0.1    31   112   207   298   195   306 0.73 -
XP_005844564.1       -            722 1535at3041           -            275   2.5e-07   29.3   0.1   1   2   0.00057     0.068   11.4   0.1    46   110    68   140    42   146 0.72 -
XP_005844564.1       -            722 1535at3041           -            275   2.5e-07   29.3   0.1   2   2   3.6e-05    0.0043   15.4   0.0    38   112   171   256   162   270 0.77 -
XP_005850138.1       -            701 1535at3041           -            275   4.5e-07   28.4   4.4   1   3    0.0049      0.58    8.4   0.3    42   114    97   176    90   191 0.76 -
XP_005850138.1       -            701 1535at3041           -            275   4.5e-07   28.4   4.4   2   3    0.0028      0.33    9.2   0.0    53    76   224   247   208   263 0.79 -
XP_005850138.1       -            701 1535at3041           -            275   4.5e-07   28.4   4.4   3   3    0.0011      0.13   10.5   0.3    50   117   337   413   329   421 0.72 -
XP_005849411.1       -            338 1535at3041           -            275   9.6e-07   27.3   0.8   1   2   0.00032     0.038   12.3   0.1    49   118    66   143    18   150 0.70 -
XP_005849411.1       -            338 1535at3041           -            275   9.6e-07   27.3   0.8   2   2     0.001      0.12   10.6   0.0   189   231   233   276   209   299 0.76 -
XP_005851148.1       -            439 1535at3041           -            275   1.7e-06   26.5   0.6   1   4   0.00031     0.037   12.3   0.7     9   105   143   261   139   264 0.71 -
XP_005851148.1       -            439 1535at3041           -            275   1.7e-06   26.5   0.6   2   4     0.048       5.8    5.1   0.0    46    75   238   267   235   287 0.82 -
XP_005851148.1       -            439 1535at3041           -            275   1.7e-06   26.5   0.6   3   4    0.0063      0.75    8.0   0.0    23    76   291   347   279   355 0.85 -
XP_005851148.1       -            439 1535at3041           -            275   1.7e-06   26.5   0.6   4   4         2   2.4e+02   -0.2   0.0   151   219   368   437   364   439 0.61 -
XP_005849080.1       -            515 1535at3041           -            275     2e-06   26.3   0.1   1   2     0.013       1.5    7.0   0.3    12    76    80   150    74   169 0.77 -
XP_005849080.1       -            515 1535at3041           -            275     2e-06   26.3   0.1   2   2   1.5e-05    0.0018   16.6   0.0    92   131   315   356   219   359 0.89 -
XP_005844099.1       -            389 1535at3041           -            275   2.7e-06   25.9   0.0   1   3     0.024       2.9    6.1   0.0    55   109    94   156    60   189 0.77 -
XP_005844099.1       -            389 1535at3041           -            275   2.7e-06   25.9   0.0   2   3   3.2e-05    0.0038   15.5   0.0    54   127   238   325   233   354 0.75 -
XP_005844099.1       -            389 1535at3041           -            275   2.7e-06   25.9   0.0   3   3         7   8.3e+02   -2.0   0.0    55    69   367   381   355   386 0.78 -
XP_005850137.1       -            263 1535at3041           -            275   2.9e-06   25.8   1.5   1   3   5.1e-06   0.00061   18.1   0.1    52   116     3    73     2    77 0.80 -
XP_005850137.1       -            263 1535at3041           -            275   2.9e-06   25.8   1.5   2   3     0.092        11    4.2   0.0    10    81    81   162    76   196 0.59 -
XP_005850137.1       -            263 1535at3041           -            275   2.9e-06   25.8   1.5   3   3      0.17        20    3.3   0.1    58    78   188   208   126   258 0.46 -
XP_005848008.1       -            501 1535at3041           -            275   3.5e-06   25.5   0.3   1   2   1.8e-07   2.1e-05   22.9   0.0    39   160   215   348   206   385 0.78 -
XP_005848008.1       -            501 1535at3041           -            275   3.5e-06   25.5   0.3   2   2       4.1   4.8e+02   -1.2   0.0    51    77   405   432   390   460 0.66 -
XP_005846433.1       -            466 1535at3041           -            275   3.5e-06   25.5   5.5   1   3   6.2e-07   7.4e-05   21.1   0.9    51   112   284   354   236   366 0.80 -
XP_005846433.1       -            466 1535at3041           -            275   3.5e-06   25.5   5.5   2   3     0.034         4    5.6   0.0    46    77   369   401   360   416 0.79 -
XP_005846433.1       -            466 1535at3041           -            275   3.5e-06   25.5   5.5   3   3         7   8.4e+02   -2.0   0.0   191   217   430   457   427   461 0.73 -
XP_005851191.1       -            348 1535at3041           -            275     4e-06   25.3   9.4   1   4      0.29        35    2.5   0.1    48    73    21    46    13    56 0.74 -
XP_005851191.1       -            348 1535at3041           -            275     4e-06   25.3   9.4   2   4   2.2e-07   2.6e-05   22.7   2.3    10   120    68   195    60   200 0.74 -
XP_005851191.1       -            348 1535at3041           -            275     4e-06   25.3   9.4   3   4       1.1   1.3e+02    0.7   0.1    96   117   219   240   209   280 0.75 -
XP_005851191.1       -            348 1535at3041           -            275     4e-06   25.3   9.4   4   4       1.8   2.2e+02   -0.1   0.0   186   221   301   340   298   344 0.73 -
XP_005850644.1       -            302 1535at3041           -            275   4.8e-06   25.0   0.1   1   2     2e-06   0.00024   19.5   0.0    11   116     7   127     2   183 0.68 -
XP_005850644.1       -            302 1535at3041           -            275   4.8e-06   25.0   0.1   2   2      0.23        27    2.9   0.0    51    79   237   265   226   274 0.83 -
XP_005845128.1       -            497 1535at3041           -            275   7.5e-06   24.4  16.8   1   5       9.3   1.1e+03   -2.4   0.0   194   213    38    57    14    60 0.65 -
XP_005845128.1       -            497 1535at3041           -            275   7.5e-06   24.4  16.8   2   5    0.0075       0.9    7.8   0.0   196   228   210   243   188   257 0.81 -
XP_005845128.1       -            497 1535at3041           -            275   7.5e-06   24.4  16.8   3   5   4.3e-05    0.0051   15.1   0.1    55   118   219   289   216   302 0.75 -
XP_005845128.1       -            497 1535at3041           -            275   7.5e-06   24.4  16.8   4   5    0.0002     0.024   12.9   0.6    58   114   307   369   288   387 0.76 -
XP_005845128.1       -            497 1535at3041           -            275   7.5e-06   24.4  16.8   5   5      0.11        14    3.9   2.4    53   109   433   496   381   496 0.76 -
XP_005842820.1       -            311 1535at3041           -            275   7.7e-06   24.4   0.9   1   1   1.3e-07   1.6e-05   23.3   0.9    45   245    18   244     4   253 0.73 -
XP_005849694.1       -            259 1535at3041           -            275   8.8e-06   24.2   0.1   1   3       1.2   1.4e+02    0.6   0.0    95   120    75   100    68   104 0.81 -
XP_005849694.1       -            259 1535at3041           -            275   8.8e-06   24.2   0.1   2   3    0.0028      0.33    9.2   0.0    94   130   141   177   133   190 0.86 -
XP_005849694.1       -            259 1535at3041           -            275   8.8e-06   24.2   0.1   3   3     0.001      0.12   10.6   0.2    46    79   215   249   175   259 0.61 -
XP_005844122.1       -            400 1535at3041           -            275   1.5e-05   23.4   0.2   1   3      0.14        16    3.6   0.0    59   109    80   136    60   141 0.67 -
XP_005844122.1       -            400 1535at3041           -            275   1.5e-05   23.4   0.2   2   3     0.024       2.9    6.1   0.0    93   129   213   249   165   277 0.80 -
XP_005844122.1       -            400 1535at3041           -            275   1.5e-05   23.4   0.2   3   3    0.0015      0.18   10.1   0.0    43    77   277   311   250   324 0.85 -
XP_005847367.1       -            436 1535at3041           -            275   2.2e-05   22.9   2.2   1   4     0.014       1.6    6.9   0.0    93   129   122   158   109   171 0.79 -
XP_005847367.1       -            436 1535at3041           -            275   2.2e-05   22.9   2.2   2   4   0.00036     0.043   12.1   0.5    67   113   175   224   165   233 0.83 -
XP_005847367.1       -            436 1535at3041           -            275   2.2e-05   22.9   2.2   3   4    0.0024      0.28    9.4   0.3    54   117   201   276   195   283 0.76 -
XP_005847367.1       -            436 1535at3041           -            275   2.2e-05   22.9   2.2   4   4      0.53        63    1.7   0.2    28    84   227   279   221   321 0.58 -
XP_005850900.1       -            484 1535at3041           -            275   5.9e-05   21.5   1.5   1   3      0.59        70    1.6   0.0    58    79   175   196   132   206 0.80 -
XP_005850900.1       -            484 1535at3041           -            275   5.9e-05   21.5   1.5   2   3   0.00038     0.046   12.0   0.0    91   115   281   305   271   311 0.89 -
XP_005850900.1       -            484 1535at3041           -            275   5.9e-05   21.5   1.5   3   3     0.051         6    5.0   0.1    47    79   316   349   309   369 0.73 -
XP_005848462.1       -           2047 1535at3041           -            275   6.3e-05   21.4   2.0   1   4     0.005      0.59    8.3   0.0    47   111   178   248   165   259 0.78 -
XP_005848462.1       -           2047 1535at3041           -            275   6.3e-05   21.4   2.0   2   4       1.6   1.9e+02    0.2   0.0    95   114   280   299   277   307 0.88 -
XP_005848462.1       -           2047 1535at3041           -            275   6.3e-05   21.4   2.0   3   4     0.011       1.3    7.2   0.4    41    84   461   504   441   509 0.86 -
XP_005848462.1       -           2047 1535at3041           -            275   6.3e-05   21.4   2.0   4   4       1.2   1.5e+02    0.5   0.0    94   114   735   755   677   763 0.68 -
XP_005846967.1       -            388 1535at3041           -            275   6.6e-05   21.3   0.5   1   1   2.5e-06    0.0003   19.2   0.5    51   146   209   323   157   329 0.61 -
XP_005849109.1       -            527 1535at3041           -            275   9.8e-05   20.8   0.2   1   3      0.71        85    1.3   0.0    35    78    97   143    92   157 0.61 -
XP_005849109.1       -            527 1535at3041           -            275   9.8e-05   20.8   0.2   2   3       1.3   1.6e+02    0.4   0.0    31    85   133   190   125   193 0.75 -
XP_005849109.1       -            527 1535at3041           -            275   9.8e-05   20.8   0.2   3   3   2.7e-05    0.0032   15.8   0.0    42   127   314   363   279   427 0.60 -
XP_005843657.1       -            505 1535at3041           -            275   0.00012   20.5   2.8   1   5       3.5   4.2e+02   -1.0   0.0    97   130    76   110    57   127 0.81 -
XP_005843657.1       -            505 1535at3041           -            275   0.00012   20.5   2.8   2   5     0.058       6.9    4.8   0.0    56   109   223   283   209   292 0.61 -
XP_005843657.1       -            505 1535at3041           -            275   0.00012   20.5   2.8   3   5     0.032       3.8    5.7   0.1   197   231   296   330   291   352 0.85 -
XP_005843657.1       -            505 1535at3041           -            275   0.00012   20.5   2.8   4   5     0.034         4    5.6   0.1    50   112   351   418   335   426 0.63 -
XP_005843657.1       -            505 1535at3041           -            275   0.00012   20.5   2.8   5   5      0.64        77    1.4   0.0    12    44   391   423   385   500 0.68 -
XP_005845279.1       -            484 1535at3041           -            275   0.00012   20.5   0.3   1   4       5.4   6.4e+02   -1.6   0.0     2    27    25    50    24    72 0.81 -
XP_005845279.1       -            484 1535at3041           -            275   0.00012   20.5   0.3   2   4    0.0059       0.7    8.1   0.1   190   259   208   280   105   292 0.68 -
XP_005845279.1       -            484 1535at3041           -            275   0.00012   20.5   0.3   3   4     0.011       1.3    7.3   0.0     8    59   315   367   312   374 0.81 -
XP_005845279.1       -            484 1535at3041           -            275   0.00012   20.5   0.3   4   4         7   8.4e+02   -2.0   0.1    14    34   462   482   456   484 0.66 -
XP_005851597.1       -            944 1535at3041           -            275   0.00013   20.3   0.2   1   2      0.49        59    1.8   0.0    60   109   264   320   223   330 0.66 -
XP_005851597.1       -            944 1535at3041           -            275   0.00013   20.3   0.2   2   2   4.6e-05    0.0055   15.0   0.1    33   123   537   637   509   664 0.70 -
XP_005843714.1       -            186 1535at3041           -            275   0.00017   20.0   0.1   1   2   5.2e-06   0.00062   18.1   0.1    66   155     2   102     1   111 0.83 -
XP_005843714.1       -            186 1535at3041           -            275   0.00017   20.0   0.1   2   2       2.2   2.6e+02   -0.3   0.0   187   218   152   182   118   186 0.52 -
XP_005851098.1       -            676 1535at3041           -            275    0.0004   18.7   0.1   1   4       1.3   1.6e+02    0.4   0.0   198   225   365   392   359   400 0.78 -
XP_005851098.1       -            676 1535at3041           -            275    0.0004   18.7   0.1   2   4       1.1   1.3e+02    0.6   0.0     8    32   400   425   393   433 0.80 -
XP_005851098.1       -            676 1535at3041           -            275    0.0004   18.7   0.1   3   4     0.024       2.8    6.1   0.0    79   122   507   550   470   564 0.85 -
XP_005851098.1       -            676 1535at3041           -            275    0.0004   18.7   0.1   4   4     0.029       3.4    5.9   0.0    49    79   562   592   551   640 0.59 -
XP_005843260.1       -            463 1535at3041           -            275   0.00043   18.6   9.3   1   3       5.2   6.2e+02   -1.6   0.0    57    94   130   167   126   178 0.73 -
XP_005843260.1       -            463 1535at3041           -            275   0.00043   18.6   9.3   2   3      0.43        51    2.0   0.1    84   110   214   245   164   254 0.58 -
XP_005843260.1       -            463 1535at3041           -            275   0.00043   18.6   9.3   3   3     2e-05    0.0024   16.2   4.3    11   120   302   427   291   458 0.72 -
XP_005849978.1       -            562 1535at3041           -            275   0.00061   18.1   4.1   1   2   0.00095      0.11   10.7   2.9    46   222   326   532   316   532 0.61 -
XP_005849978.1       -            562 1535at3041           -            275   0.00061   18.1   4.1   2   2     0.045       5.3    5.2   0.2    62    95   476   509   462   554 0.59 -
XP_005851155.1       -            440 1535at3041           -            275   0.00071   17.9   0.2   1   3     0.005       0.6    8.3   0.0    46    87   113   154   104   164 0.82 -
XP_005851155.1       -            440 1535at3041           -            275   0.00071   17.9   0.2   2   3     0.019       2.3    6.4   0.0   187   225   297   335   271   346 0.85 -
XP_005851155.1       -            440 1535at3041           -            275   0.00071   17.9   0.2   3   3       7.6   9.1e+02   -2.1   0.0    60    72   420   432   395   437 0.62 -
XP_005847066.1       -            115 1535at3041           -            275   0.00098   17.5   0.1   1   2    0.0009      0.11   10.8   0.0     9    71    13    81     7    91 0.65 -
XP_005847066.1       -            115 1535at3041           -            275   0.00098   17.5   0.1   2   2    0.0097       1.2    7.4   0.0    11    74    57   115    52   115 0.76 -
XP_005847396.1       -            805 1535at3041           -            275    0.0015   16.9   5.4   1   5       1.5   1.8e+02    0.2   0.0    96   109    28    41    17    54 0.80 -
XP_005847396.1       -            805 1535at3041           -            275    0.0015   16.9   5.4   2   5     0.015       1.8    6.8   0.2    60   108    81   134    76   145 0.58 -
XP_005847396.1       -            805 1535at3041           -            275    0.0015   16.9   5.4   3   5     0.005       0.6    8.3   0.2    43   110   145   214   110   231 0.68 -
XP_005847396.1       -            805 1535at3041           -            275    0.0015   16.9   5.4   4   5      0.05         6    5.0   0.1     9    76   186   256   183   268 0.74 -
XP_005847396.1       -            805 1535at3041           -            275    0.0015   16.9   5.4   5   5       1.6   1.9e+02    0.1   0.0    14    43   270   299   257   310 0.76 -
XP_005847707.1       -            258 1535at3041           -            275    0.0015   16.9   0.0   1   1   1.7e-05     0.002   16.5   0.0    59   135    88   170    73   224 0.87 -
XP_005851353.1       -            727 1535at3041           -            275    0.0019   16.5   1.0   1   2    0.0056      0.66    8.2   0.2    14   115    14   127     7   135 0.60 -
XP_005851353.1       -            727 1535at3041           -            275    0.0019   16.5   1.0   2   2    0.0035      0.41    8.9   0.6    60   111   108   165    94   178 0.54 -
XP_005849892.1       -            673 1535at3041           -            275    0.0021   16.4   1.1   1   3     0.033       3.9    5.7   0.0    50   125   338   377   325   395 0.61 -
XP_005849892.1       -            673 1535at3041           -            275    0.0021   16.4   1.1   2   3     0.014       1.6    6.9   0.1    15    90   509   591   501   614 0.70 -
XP_005849892.1       -            673 1535at3041           -            275    0.0021   16.4   1.1   3   3       9.4   1.1e+03   -2.4   0.0   196   217   644   665   639   669 0.83 -
XP_005845189.1       -            124 1535at3041           -            275    0.0022   16.3   0.2   1   1   8.1e-05    0.0097   14.2   0.2    53   112    22    87    17   124 0.70 -
XP_005845823.1       -            524 1535at3041           -            275    0.0028   16.0   0.0   1   2      0.53        63    1.7   0.0     9    76   229   304   217   320 0.63 -
XP_005845823.1       -            524 1535at3041           -            275    0.0028   16.0   0.0   2   2   0.00046     0.055   11.7   0.0    51    89   368   406   356   470 0.82 -
XP_005846365.1       -            740 1535at3041           -            275    0.0032   15.8   0.8   1   2      0.87     1e+02    1.0   0.0    16   110    50    72    37   121 0.66 -
XP_005846365.1       -            740 1535at3041           -            275    0.0032   15.8   0.8   2   2   0.00088      0.11   10.8   0.1   176   225   569   620   555   638 0.81 -
XP_005846057.1       -            872 1535at3041           -            275    0.0037   15.6   0.0   1   2     0.041       4.9    5.3   0.0    52   111    58   127    41   139 0.73 -
XP_005846057.1       -            872 1535at3041           -            275    0.0037   15.6   0.0   2   2    0.0092       1.1    7.5   0.0    14    49   293   329   289   346 0.84 -
XP_005843896.1       -            224 1535at3041           -            275    0.0043   15.4   0.1   1   2   0.00014     0.017   13.4   0.1    42   102    83   133    44   150 0.65 -
XP_005843896.1       -            224 1535at3041           -            275    0.0043   15.4   0.1   2   2       1.3   1.5e+02    0.5   0.0    66    92   133   159   129   166 0.66 -
XP_005851303.1       -            403 1535at3041           -            275     0.011   14.1   0.4   1   2      0.26        31    2.7   0.0    94   113   167   186   148   194 0.76 -
XP_005851303.1       -            403 1535at3041           -            275     0.011   14.1   0.4   2   2    0.0036      0.42    8.8   0.1    46    80   204   239   189   246 0.82 -
XP_005843804.1       -            190 1535at3041           -            275     0.013   13.8   0.1   1   2     0.038       4.5    5.5   0.0     5    43    21    61    18    67 0.80 -
XP_005843804.1       -            190 1535at3041           -            275     0.013   13.8   0.1   2   2     0.021       2.5    6.3   0.1     9    57   104   159    98   175 0.69 -
XP_005850600.1       -            408 1535at3041           -            275     0.013   13.8   0.1   1   3       2.7   3.2e+02   -0.6   0.0    56    75    79    98    24   113 0.48 -
XP_005850600.1       -            408 1535at3041           -            275     0.013   13.8   0.1   2   3       3.5   4.2e+02   -1.0   0.0    55   110   216   235   163   249 0.46 -
XP_005850600.1       -            408 1535at3041           -            275     0.013   13.8   0.1   3   3    0.0029      0.34    9.1   0.0    12    75   257   319   253   327 0.82 -
XP_005844984.1       -            555 1535at3041           -            275     0.014   13.7   0.2   1   2   0.00052     0.062   11.6   0.0    13    81    29   107    19   119 0.75 -
XP_005844984.1       -            555 1535at3041           -            275     0.014   13.7   0.2   2   2       4.6   5.5e+02   -1.4   0.0    16    50   354   389   347   423 0.61 -
XP_005845831.1       -           1275 1535at3041           -            275     0.015   13.6   0.0   1   3       8.2   9.8e+02   -2.2   0.0    48    77    55    84    49   107 0.76 -
XP_005845831.1       -           1275 1535at3041           -            275     0.015   13.6   0.0   2   3     0.041       4.9    5.3   0.0    54   121   110   182    90   187 0.80 -
XP_005845831.1       -           1275 1535at3041           -            275     0.015   13.6   0.0   3   3     0.064       7.6    4.7   0.0    60   103  1200  1243  1175  1247 0.86 -
XP_005849481.1       -            999 1535at3041           -            275     0.019   13.3   0.9   1   2      0.99   1.2e+02    0.8   0.3    59   117   718   783   684   792 0.46 -
XP_005849481.1       -            999 1535at3041           -            275     0.019   13.3   0.9   2   2    0.0012      0.14   10.4   0.0     9    76   788   862   780   870 0.74 -
XP_005848511.1       -            161 1535at3041           -            275     0.021   13.1   0.0   1   1   0.00092      0.11   10.8   0.0    82   117    84   119    33   157 0.76 -
XP_005851634.1       -            181 1535at3041           -            275     0.024   12.9   5.4   1   3      0.55        65    1.7   0.0    60    81    10    31     5    38 0.74 Chlorella variabilis unplaced genomic scaffold CHLNCscaffold_2, whole genome shotgun sequence.
XP_005851634.1       -            181 1535at3041           -            275     0.024   12.9   5.4   2   3    0.0041      0.49    8.6   0.5    10    43    38    72    34   135 0.66 Chlorella variabilis unplaced genomic scaffold CHLNCscaffold_2, whole genome shotgun sequence.
XP_005851634.1       -            181 1535at3041           -            275     0.024   12.9   5.4   3   3         1   1.2e+02    0.8   0.1    12    28   137   153   128   159 0.87 Chlorella variabilis unplaced genomic scaffold CHLNCscaffold_2, whole genome shotgun sequence.
XP_005846286.1       -           1786 1535at3041           -            275     0.027   12.7   0.0   1   1    0.0012      0.15   10.3   0.0   160   230   575   649   520   658 0.72 -
XP_005848760.1       -            844 1535at3041           -            275     0.041   12.1   0.1   1   2    0.0082      0.98    7.6   0.0    48   117    57   133    37   140 0.76 -
XP_005848760.1       -            844 1535at3041           -            275     0.041   12.1   0.1   2   2      0.51        61    1.7   0.0    11    41   140   170   135   178 0.86 -
XP_005846027.1       -            815 1535at3041           -            275      0.06   11.6   1.0   1   3     0.012       1.4    7.1   0.1    48    79   181   212   170   222 0.83 -
XP_005846027.1       -            815 1535at3041           -            275      0.06   11.6   1.0   2   3       4.2     5e+02   -1.2   0.0   207   222   241   256   237   267 0.90 -
XP_005846027.1       -            815 1535at3041           -            275      0.06   11.6   1.0   3   3       1.8   2.1e+02   -0.0   0.0    47    91   657   702   614   717 0.59 -
XP_005844302.1       -            568 1535at3041           -            275     0.083   11.2   0.3   1   1    0.0013      0.16   10.3   0.1    46    89    67   111    24   116 0.68 -
XP_005852143.1       -            521 1535at3041           -            275     0.089   11.0   0.2   1   1    0.0019      0.22    9.7   0.2    16    77   213   280   207   296 0.71 -
XP_005850631.1       -            498 1535at3041           -            275      0.11   10.7   0.4   1   2    0.0065      0.78    8.0   0.0    95   118   327   350   289   365 0.84 -
XP_005850631.1       -            498 1535at3041           -            275      0.11   10.7   0.4   2   2       2.5     3e+02   -0.5   0.0    62    78   376   392   352   419 0.75 -
XP_005849186.1       -            783 1535at3041           -            275      0.12   10.6   0.7   1   3       1.7   2.1e+02   -0.0   0.0     9    31   407   429   399   457 0.78 -
XP_005849186.1       -            783 1535at3041           -            275      0.12   10.6   0.7   2   3      0.17        21    3.3   0.0    84   116   622   652   575   661 0.75 -
XP_005849186.1       -            783 1535at3041           -            275      0.12   10.6   0.7   3   3     0.072       8.6    4.5   0.1    65   111   637   692   632   706 0.66 -
XP_005847117.1       -            783 1535at3041           -            275      0.13   10.5   1.5   1   3       2.8   3.3e+02   -0.7   0.0    56    74    23    41    14    56 0.76 -
XP_005847117.1       -            783 1535at3041           -            275      0.13   10.5   1.5   2   3     0.017         2    6.6   0.1    35    81   112   158   102   171 0.79 -
XP_005847117.1       -            783 1535at3041           -            275      0.13   10.5   1.5   3   3       2.4   2.8e+02   -0.5   0.0    11    40   303   333   296   341 0.68 -
XP_005851529.1       -           1149 1535at3041           -            275      0.27    9.5   7.5   1   4       1.7   2.1e+02   -0.0   0.1    12    78    29   104    23   128 0.71 -
XP_005851529.1       -           1149 1535at3041           -            275      0.27    9.5   7.5   2   4       2.3   2.7e+02   -0.4   0.0    90   115   242   267   228   272 0.77 -
XP_005851529.1       -           1149 1535at3041           -            275      0.27    9.5   7.5   3   4      0.47        56    1.9   0.1    46    71   431   456   423   469 0.91 -
XP_005851529.1       -           1149 1535at3041           -            275      0.27    9.5   7.5   4   4     0.015       1.8    6.8   0.1    33    80   745   792   699   799 0.88 -
#
# Program:         hmmsearch
# Version:         3.1b2 (February 2015)
# Pipeline mode:   SEARCH
# Query file:      /Users/catrionaharrison/Documents/Bioinformatics/rp2/Data/genomes/busco/busco_downloads/lineages/chlorophyta_odb10/hmms/1535at3041.hmm
# Target file:     /Users/catrionaharrison/Documents/Bioinformatics/rp2/Data/genomes/busco/data/chlorella_variabilis.prot.fasta
# Option settings: hmmsearch --domtblout /Users/catrionaharrison/Documents/Bioinformatics/rp2/Data/genomes/busco/Busco_variabilis/run_chlorophyta_odb10/hmmer_output/initial_run_results/1535at3041.out --cpu 1 /Users/catrionaharrison/Documents/Bioinformatics/rp2/Data/genomes/busco/busco_downloads/lineages/chlorophyta_odb10/hmms/1535at3041.hmm /Users/catrionaharrison/Documents/Bioinformatics/rp2/Data/genomes/busco/data/chlorella_variabilis.prot.fasta 
# Current dir:     /Users/catrionaharrison/Documents/Bioinformatics/rp2/Data/genomes/busco
# Date:            Fri Jul 22 15:03:04 2022
# [ok]
