#                                                                            --- full sequence --- -------------- this domain -------------   hmm coord   ali coord   env coord
# target name        accession   tlen query name           accession   qlen   E-value  score  bias   #  of  c-Evalue  i-Evalue  score  bias  from    to  from    to  from    to  acc description of target
#------------------- ---------- ----- -------------------- ---------- ----- --------- ------ ----- --- --- --------- --------- ------ ----- ----- ----- ----- ----- ----- ----- ---- ---------------------
XP_005846912.1       -            463 1729at3041           -            504  6.6e-148  492.7   0.1   1   2  8.7e-117  1.2e-113  379.6   0.1     2   281    20   325    19   327 0.95 -
XP_005846912.1       -            463 1729at3041           -            504  6.6e-148  492.7   0.1   2   2   1.8e-35   2.6e-32  111.3   0.0   308   393   327   416   325   419 0.94 -
XP_005851641.1       -            872 1729at3041           -            504     8e-63  212.0   2.6   1   2   5.7e-66     8e-63  212.0   2.6     5   437     2   490     1   499 0.84 -
XP_005851641.1       -            872 1729at3041           -            504     8e-63  212.0   2.6   2   2     0.048        67    1.1   0.1   409   470   513   577   490   585 0.75 -
XP_005844188.1       -           1054 1729at3041           -            504   6.5e-46  156.2   1.9   1   1   8.5e-48   1.2e-44  152.0   1.9     5   437    12   504     8   578 0.78 -
XP_005847056.1       -            944 1729at3041           -            504   3.4e-09   35.1   8.3   1   1   1.1e-11   1.5e-08   32.9   8.3    98   346    98   358    57   483 0.75 -
XP_005843848.1       -            810 1729at3041           -            504   2.1e-07   29.2   8.5   1   2     2e-07   0.00027   18.9   0.9    28   155    16   146    10   159 0.79 -
XP_005843848.1       -            810 1729at3041           -            504   2.1e-07   29.2   8.5   2   2   6.5e-06    0.0091   13.9   1.4   165   435   182   468   176   502 0.61 -
XP_005849703.1       -            584 1729at3041           -            504   2.3e-07   29.0   3.2   1   2     5e-07    0.0007   17.5   0.8    46   158    36   155     4   216 0.78 -
XP_005849703.1       -            584 1729at3041           -            504   2.3e-07   29.0   3.2   2   2   2.9e-05      0.04   11.8   0.1   323   437   333   459   254   470 0.83 -
XP_005847180.1       -            911 1729at3041           -            504   3.4e-07   28.5   7.1   1   3   5.4e-09   7.5e-06   24.0   1.6    34   153    49   171    37   182 0.79 -
XP_005847180.1       -            911 1729at3041           -            504   3.4e-07   28.5   7.1   2   3       1.4     2e+03   -3.7   0.0   218   247   204   233   195   239 0.80 -
XP_005847180.1       -            911 1729at3041           -            504   3.4e-07   28.5   7.1   3   3   0.00073         1    7.1   0.1   252   419   284   447   279   461 0.73 -
#
# Program:         hmmsearch
# Version:         3.1b2 (February 2015)
# Pipeline mode:   SEARCH
# Query file:      /Users/catrionaharrison/Documents/Bioinformatics/rp2/Data/genomes/busco/busco_downloads/lineages/chlorophyta_odb10/hmms/1729at3041.hmm
# Target file:     /Users/catrionaharrison/Documents/Bioinformatics/rp2/Data/genomes/busco/data/chlorella_variabilis.prot.fasta
# Option settings: hmmsearch --domtblout /Users/catrionaharrison/Documents/Bioinformatics/rp2/Data/genomes/busco/Busco_variabilis/run_chlorophyta_odb10/hmmer_output/initial_run_results/1729at3041.out --cpu 1 /Users/catrionaharrison/Documents/Bioinformatics/rp2/Data/genomes/busco/busco_downloads/lineages/chlorophyta_odb10/hmms/1729at3041.hmm /Users/catrionaharrison/Documents/Bioinformatics/rp2/Data/genomes/busco/data/chlorella_variabilis.prot.fasta 
# Current dir:     /Users/catrionaharrison/Documents/Bioinformatics/rp2/Data/genomes/busco
# Date:            Fri Jul 22 15:00:31 2022
# [ok]
