#                                                                            --- full sequence --- -------------- this domain -------------   hmm coord   ali coord   env coord
# target name        accession   tlen query name           accession   qlen   E-value  score  bias   #  of  c-Evalue  i-Evalue  score  bias  from    to  from    to  from    to  acc description of target
#------------------- ---------- ----- -------------------- ---------- ----- --------- ------ ----- --- --- --------- --------- ------ ----- ----- ----- ----- ----- ----- ----- ---- ---------------------
XP_005850426.1       -            399 1922at3041           -            327  1.1e-156  519.8   3.7   1   2  1.6e-114  2.6e-111  370.6   0.2    32   221     5   199     2   201 0.97 -
XP_005850426.1       -            399 1922at3041           -            327  1.1e-156  519.8   3.7   2   2   1.4e-47   2.3e-44  150.6   0.4   246   327   203   287   198   287 0.94 -
XP_005843238.1       -            425 1922at3041           -            327   5.9e-27   93.4   0.0   1   1   1.6e-29   2.6e-26   91.2   0.0   115   323   214   424   208   425 0.80 -
XP_005851992.1       -            586 1922at3041           -            327   1.5e-20   72.3   0.0   1   3       1.2   1.9e+03   -3.6   0.1    53    67    43    57    31    61 0.73 -
XP_005851992.1       -            586 1922at3041           -            327   1.5e-20   72.3   0.0   2   3   8.2e-15   1.3e-11   42.9   0.0   104   173   224   290   213   311 0.84 -
XP_005851992.1       -            586 1922at3041           -            327   1.5e-20   72.3   0.0   3   3   8.4e-10   1.4e-06   26.4   0.0   195   299   448   546   441   585 0.74 -
XP_005847077.1       -            492 1922at3041           -            327   2.4e-19   68.4   0.0   1   2      0.92   1.5e+03   -3.3   0.0    48    65   205   222   178   226 0.72 -
XP_005847077.1       -            492 1922at3041           -            327   2.4e-19   68.4   0.0   2   2   4.6e-22   7.6e-19   66.7   0.0   115   276   239   413   235   463 0.73 -
XP_005843986.1       -            499 1922at3041           -            327   1.4e-06   26.4   0.0   1   2   1.4e-05     0.023   12.5   0.0   106   149   163   207   157   229 0.82 -
XP_005843986.1       -            499 1922at3041           -            327   1.4e-06   26.4   0.0   2   2   2.7e-05     0.044   11.6   0.0   248   276   247   275   202   283 0.76 -
XP_005847038.1       -            205 1922at3041           -            327   0.00082   17.3   0.0   1   1   6.3e-07     0.001   17.0   0.0   121   237    14   132     4   141 0.79 -
#
# Program:         hmmsearch
# Version:         3.1b2 (February 2015)
# Pipeline mode:   SEARCH
# Query file:      /Users/catrionaharrison/Documents/Bioinformatics/rp2/Data/genomes/busco/busco_downloads/lineages/chlorophyta_odb10/hmms/1922at3041.hmm
# Target file:     /Users/catrionaharrison/Documents/Bioinformatics/rp2/Data/genomes/busco/data/chlorella_variabilis.prot.fasta
# Option settings: hmmsearch --domtblout /Users/catrionaharrison/Documents/Bioinformatics/rp2/Data/genomes/busco/Busco_variabilis/run_chlorophyta_odb10/hmmer_output/initial_run_results/1922at3041.out --cpu 1 /Users/catrionaharrison/Documents/Bioinformatics/rp2/Data/genomes/busco/busco_downloads/lineages/chlorophyta_odb10/hmms/1922at3041.hmm /Users/catrionaharrison/Documents/Bioinformatics/rp2/Data/genomes/busco/data/chlorella_variabilis.prot.fasta 
# Current dir:     /Users/catrionaharrison/Documents/Bioinformatics/rp2/Data/genomes/busco
# Date:            Fri Jul 22 15:01:05 2022
# [ok]
