#                                                                            --- full sequence --- -------------- this domain -------------   hmm coord   ali coord   env coord
# target name        accession   tlen query name           accession   qlen   E-value  score  bias   #  of  c-Evalue  i-Evalue  score  bias  from    to  from    to  from    to  acc description of target
#------------------- ---------- ----- -------------------- ---------- ----- --------- ------ ----- --- --- --------- --------- ------ ----- ----- ----- ----- ----- ----- ----- ---- ---------------------
XP_005843316.1       -            514 2497at3041           -            391  1.9e-170  566.2   7.2   1   1  1.1e-171  2.1e-168  559.5   7.2     6   390    41   504    37   505 0.87 -
XP_005851281.1       -            620 2497at3041           -            391     1e-14   53.5   0.0   1   2   3.2e-17   6.2e-14   51.0   0.0    54   167   117   237   115   256 0.89 -
XP_005851281.1       -            620 2497at3041           -            391     1e-14   53.5   0.0   2   2      0.16   3.1e+02   -0.7   0.0   301   362   479   547   448   583 0.69 -
XP_005849609.1       -            616 2497at3041           -            391   2.1e-11   42.6   0.3   1   3     0.078   1.5e+02    0.3   0.0     6    32    65    91    62   106 0.87 -
XP_005849609.1       -            616 2497at3041           -            391   2.1e-11   42.6   0.3   2   3     1e-13     2e-10   39.4   0.1    53   187   140   285   133   293 0.83 -
XP_005849609.1       -            616 2497at3041           -            391   2.1e-11   42.6   0.3   3   3       1.1   2.2e+03   -3.5   0.0   307   329   457   479   452   484 0.84 -
XP_005844964.1       -            523 2497at3041           -            391   0.00057   18.2   0.3   1   1   5.2e-07     0.001   17.4   0.3    30   169   119   265    78   287 0.81 -
XP_005845785.1       -            489 2497at3041           -            391     0.017   13.3   0.1   1   2   3.1e-05     0.062   11.5   0.0    34   172    74   214    41   238 0.68 -
XP_005845785.1       -            489 2497at3041           -            391     0.017   13.3   0.1   2   2      0.23   4.4e+02   -1.2   0.0     8    32   272   296   268   310 0.86 -
#
# Program:         hmmsearch
# Version:         3.1b2 (February 2015)
# Pipeline mode:   SEARCH
# Query file:      /Users/catrionaharrison/Documents/Bioinformatics/rp2/Data/genomes/busco/busco_downloads/lineages/chlorophyta_odb10/hmms/2497at3041.hmm
# Target file:     /Users/catrionaharrison/Documents/Bioinformatics/rp2/Data/genomes/busco/data/chlorella_variabilis.prot.fasta
# Option settings: hmmsearch --domtblout /Users/catrionaharrison/Documents/Bioinformatics/rp2/Data/genomes/busco/Busco_variabilis/run_chlorophyta_odb10/hmmer_output/initial_run_results/2497at3041.out --cpu 1 /Users/catrionaharrison/Documents/Bioinformatics/rp2/Data/genomes/busco/busco_downloads/lineages/chlorophyta_odb10/hmms/2497at3041.hmm /Users/catrionaharrison/Documents/Bioinformatics/rp2/Data/genomes/busco/data/chlorella_variabilis.prot.fasta 
# Current dir:     /Users/catrionaharrison/Documents/Bioinformatics/rp2/Data/genomes/busco
# Date:            Fri Jul 22 15:02:35 2022
# [ok]
