#                                                                            --- full sequence --- -------------- this domain -------------   hmm coord   ali coord   env coord
# target name        accession   tlen query name           accession   qlen   E-value  score  bias   #  of  c-Evalue  i-Evalue  score  bias  from    to  from    to  from    to  acc description of target
#------------------- ---------- ----- -------------------- ---------- ----- --------- ------ ----- --- --- --------- --------- ------ ----- ----- ----- ----- ----- ----- ----- ---- ---------------------
XP_005850500.1       -            707 2505at3041           -            507  1.2e-218  725.9  11.3   1   3   2.4e-26   3.5e-24   84.4   0.1     5    83    67   152    64   156 0.87 -
XP_005850500.1       -            707 2505at3041           -            507  1.2e-218  725.9  11.3   2   3   3.1e-76   4.5e-74  249.0   0.3    83   261   186   391   184   394 0.91 -
XP_005850500.1       -            707 2505at3041           -            507  1.2e-218  725.9  11.3   3   3  7.5e-121  1.1e-118  396.2   2.0   259   504   427   697   409   704 0.92 -
XP_005845298.1       -           1267 2505at3041           -            507  5.9e-110  367.3  14.0   1   5   2.7e-16   3.8e-14   51.3   0.0    14   109     3   102     1   114 0.80 -
XP_005845298.1       -           1267 2505at3041           -            507  5.9e-110  367.3  14.0   2   5   3.2e-29   4.6e-27   93.9   0.0   100   226   127   259   117   273 0.87 -
XP_005845298.1       -           1267 2505at3041           -            507  5.9e-110  367.3  14.0   3   5   2.1e-09   2.9e-07   28.5   1.8   263   490   336   565   311   578 0.85 -
XP_005845298.1       -           1267 2505at3041           -            507  5.9e-110  367.3  14.0   4   5   1.6e-46   2.2e-44  151.0   0.1    16   215   692   903   681   923 0.86 -
XP_005845298.1       -           1267 2505at3041           -            507  5.9e-110  367.3  14.0   5   5   7.2e-15     1e-12   46.5   1.1   245   469   974  1205   964  1213 0.88 -
XP_005845426.1       -           1933 2505at3041           -            507  5.3e-103  344.4  13.9   1   5   1.7e-16   2.5e-14   51.9   0.0    14   102   157   255   150   279 0.76 -
XP_005845426.1       -           1933 2505at3041           -            507  5.3e-103  344.4  13.9   2   5   7.6e-27   1.1e-24   86.0   0.0   107   232   293   427   279   431 0.90 -
XP_005845426.1       -           1933 2505at3041           -            507  5.3e-103  344.4  13.9   3   5   1.2e-05    0.0018   16.1   1.8   352   478   608   736   597   760 0.87 -
XP_005845426.1       -           1933 2505at3041           -            507  5.3e-103  344.4  13.9   4   5   3.4e-45   4.9e-43  146.6   0.0    16   215   909  1120   898  1161 0.86 -
XP_005845426.1       -           1933 2505at3041           -            507  5.3e-103  344.4  13.9   5   5   2.6e-15   3.6e-13   48.0   0.4   245   469  1222  1453  1216  1460 0.88 -
XP_005850437.1       -           1282 2505at3041           -            507   1.3e-88  296.9  26.4   1   5   1.2e-11   1.8e-09   35.9   0.0    11    97     6    99     2   117 0.77 -
XP_005850437.1       -           1282 2505at3041           -            507   1.3e-88  296.9  26.4   2   5   5.1e-28   7.2e-26   89.9   0.0   110   226   153   276   134   300 0.89 -
XP_005850437.1       -           1282 2505at3041           -            507   1.3e-88  296.9  26.4   3   5   2.1e-12     3e-10   38.4  11.2   262   470   358   568   346   574 0.89 -
XP_005850437.1       -           1282 2505at3041           -            507   1.3e-88  296.9  26.4   4   5   5.4e-31   7.7e-29   99.7   0.0    26   215   759   957   737   965 0.84 -
XP_005850437.1       -           1282 2505at3041           -            507   1.3e-88  296.9  26.4   5   5   8.5e-13   1.2e-10   39.7   1.2   251   447  1039  1242  1019  1271 0.82 -
XP_005846573.1       -           1370 2505at3041           -            507   2.2e-87  292.9  13.0   1   4     1e-14   1.5e-12   46.0   0.0     8   108   112   222   105   243 0.82 -
XP_005846573.1       -           1370 2505at3041           -            507   2.2e-87  292.9  13.0   2   4     4e-24   5.7e-22   77.1   0.0   109   226   333   473   315   482 0.81 -
XP_005846573.1       -           1370 2505at3041           -            507   2.2e-87  292.9  13.0   3   4   1.1e-11   1.6e-09   36.0   6.6   257   473   577   795   561   816 0.87 -
XP_005846573.1       -           1370 2505at3041           -            507   2.2e-87  292.9  13.0   4   4   2.5e-41   3.6e-39  133.8   0.1    20   220  1051  1271  1047  1275 0.85 -
XP_005845237.1       -            480 2505at3041           -            507   6.8e-79  264.9   1.7   1   2     5e-70   7.1e-68  228.5   0.0     5   244     7   265     4   323 0.86 -
XP_005845237.1       -            480 2505at3041           -            507   6.8e-79  264.9   1.7   2   2   1.1e-11   1.6e-09   36.0   0.4   256   379   319   443   296   465 0.89 -
XP_005845281.1       -           1314 2505at3041           -            507   1.4e-78  263.9  11.6   1   2   1.1e-59   1.6e-57  194.3   0.1    13   241   669   910   659   919 0.85 -
XP_005845281.1       -           1314 2505at3041           -            507   1.4e-78  263.9  11.6   2   2   1.9e-22   2.7e-20   71.5   7.2   245   474   992  1224   980  1245 0.86 -
XP_005851238.1       -           1561 2505at3041           -            507     5e-77  258.7  24.2   1   5   4.8e-10   6.8e-08   30.6   0.0    15   111   180   289   168   302 0.78 -
XP_005851238.1       -           1561 2505at3041           -            507     5e-77  258.7  24.2   2   5   3.5e-11   4.9e-09   34.4   0.5   101   209   314   411   301   425 0.84 -
XP_005851238.1       -           1561 2505at3041           -            507     5e-77  258.7  24.2   3   5    0.0022      0.31    8.7   1.3   263   437   536   710   513   767 0.74 -
XP_005851238.1       -           1561 2505at3041           -            507     5e-77  258.7  24.2   4   5   2.6e-47   3.6e-45  153.6   0.1    13   216   981  1196   975  1203 0.88 -
XP_005851238.1       -           1561 2505at3041           -            507     5e-77  258.7  24.2   5   5   4.6e-12   6.5e-10   37.3   5.0   259   485  1281  1511  1268  1529 0.85 -
XP_005847193.1       -            505 2505at3041           -            507   6.8e-75  251.7   0.0   1   2     2e-72   2.9e-70  236.4   0.0     7   262   112   390   107   398 0.86 -
XP_005847193.1       -            505 2505at3041           -            507   6.8e-75  251.7   0.0   2   2   8.4e-05     0.012   13.3   0.0   241   321   404   484   394   488 0.82 -
XP_005843674.1       -            644 2505at3041           -            507   1.1e-69  234.5   8.2   1   3   4.2e-12   5.9e-10   37.4   0.1     5    54    53   102    49   117 0.87 -
XP_005843674.1       -            644 2505at3041           -            507   1.1e-69  234.5   8.2   2   3     4e-42   5.7e-40  136.5   0.0    71   235   139   320   134   358 0.83 -
XP_005843674.1       -            644 2505at3041           -            507   1.1e-69  234.5   8.2   3   3   1.9e-19   2.6e-17   61.7   3.4   283   474   401   593   351   627 0.79 -
XP_005842827.1       -            608 2505at3041           -            507   3.3e-69  232.9   5.7   1   2   3.1e-58   4.3e-56  189.6   0.0     5   215    27   248    23   287 0.88 -
XP_005842827.1       -            608 2505at3041           -            507   3.3e-69  232.9   5.7   2   2     4e-14   5.6e-12   44.1   3.0   258   474   341   557   317   583 0.78 -
XP_005850877.1       -            515 2505at3041           -            507   4.3e-67  225.9   3.1   1   2     2e-57   2.9e-55  186.9   0.0    33   247     1   234     1   244 0.86 -
XP_005850877.1       -            515 2505at3041           -            507   4.3e-67  225.9   3.1   2   2   1.3e-12   1.9e-10   39.1   1.0   261   397   292   429   283   455 0.81 -
XP_005847105.1       -            874 2505at3041           -            507     2e-65  220.5  10.9   1   2   2.1e-54     3e-52  177.0   0.1     9   258    24   269    17   293 0.83 -
XP_005847105.1       -            874 2505at3041           -            507     2e-65  220.5  10.9   2   2   1.9e-12   2.7e-10   38.6   6.5   259   472   303   520   300   525 0.91 -
XP_005851822.1       -           1268 2505at3041           -            507   4.1e-64  216.1  25.5   1   6   9.2e-16   1.3e-13   49.5   0.0    13   105   156   257   146   271 0.82 -
XP_005851822.1       -           1268 2505at3041           -            507   4.1e-64  216.1  25.5   2   6   2.2e-26   3.1e-24   84.6   0.2   102   210   289   398   278   404 0.95 -
XP_005851822.1       -           1268 2505at3041           -            507   4.1e-64  216.1  25.5   3   6   2.3e-06   0.00033   18.5   3.3   345   473   425   555   412   559 0.86 -
XP_005851822.1       -           1268 2505at3041           -            507   4.1e-64  216.1  25.5   4   6   5.5e-17   7.8e-15   53.5   0.1    14   126   766   889   755   896 0.76 -
XP_005851822.1       -           1268 2505at3041           -            507   4.1e-64  216.1  25.5   5   6      0.53        75    0.8   0.0   195   219   894   919   890   928 0.82 -
XP_005851822.1       -           1268 2505at3041           -            507   4.1e-64  216.1  25.5   6   6   1.3e-06   0.00018   19.3   3.4   281   461  1011  1197   994  1212 0.80 -
XP_005845324.1       -            592 2505at3041           -            507   5.4e-59  199.2   9.4   1   2   2.8e-54     4e-52  176.5   0.1     8   230    20   264    14   272 0.85 -
XP_005845324.1       -            592 2505at3041           -            507   5.4e-59  199.2   9.4   2   2   3.7e-08   5.3e-06   24.4   5.5   258   429   327   502   303   528 0.82 -
XP_005851653.1       -            274 2505at3041           -            507   3.8e-58  196.4   0.0   1   1   3.1e-60   4.5e-58  196.2   0.0    12   240     6   254     3   268 0.87 -
XP_005848571.1       -            308 2505at3041           -            507   5.2e-53  179.5   0.0   1   1   4.8e-55   6.8e-53  179.1   0.0    14   236    17   260    10   270 0.88 -
XP_005848660.1       -            205 2505at3041           -            507   9.1e-49  165.5   0.0   1   1   7.2e-51     1e-48  165.3   0.0    21   214     1   205     1   205 0.90 -
XP_005847192.1       -            219 2505at3041           -            507   1.2e-37  128.8   1.8   1   1     1e-39   1.4e-37  128.5   1.8   325   498     1   186     1   194 0.89 -
XP_005846346.1       -           1239 2505at3041           -            507   4.2e-37  127.0   1.4   1   1   1.7e-38   2.4e-36  124.5   1.4    14   236   369   595   364   606 0.84 -
XP_005851131.1       -            911 2505at3041           -            507   8.4e-34  116.1  11.9   1   4   2.9e-11   4.2e-09   34.6   0.2    13    73   353   414   344   428 0.84 -
XP_005851131.1       -            911 2505at3041           -            507   8.4e-34  116.1  11.9   2   4       3.4   4.8e+02   -1.9   0.0    78    95   451   468   448   495 0.77 -
XP_005851131.1       -            911 2505at3041           -            507   8.4e-34  116.1  11.9   3   4   2.8e-13   3.9e-11   41.3   0.0   158   229   549   626   539   652 0.87 -
XP_005851131.1       -            911 2505at3041           -            507   8.4e-34  116.1  11.9   4   4   1.2e-13   1.7e-11   42.5   4.4   252   450   702   902   687   907 0.90 -
XP_005851133.1       -            442 2505at3041           -            507   5.6e-33  113.4   7.1   1   2   7.5e-16   1.1e-13   49.8   0.0   153   220    12    80     5   106 0.91 -
XP_005851133.1       -            442 2505at3041           -            507   5.6e-33  113.4   7.1   2   2   1.4e-19   1.9e-17   62.1   6.6   256   474   158   384   138   405 0.89 -
XP_005850708.1       -           1303 2505at3041           -            507     1e-32  112.5   1.4   1   2   7.6e-18   1.1e-15   56.4   0.2    16   215   337   541   327   549 0.78 -
XP_005850708.1       -           1303 2505at3041           -            507     1e-32  112.5   1.4   2   2   2.1e-17     3e-15   54.9   0.1    16   215  1046  1250  1036  1256 0.75 -
XP_005850689.1       -             94 2505at3041           -            507     6e-31  106.7   0.0   1   1   4.8e-33   6.9e-31  106.5   0.0   127   214     4    91     1    93 0.97 -
XP_005843656.1       -             99 2505at3041           -            507   1.3e-28   99.0   0.0   1   1   9.9e-31   1.4e-28   98.9   0.0   116   213     2    99     1    99 0.98 -
XP_005852155.1       -            707 2505at3041           -            507   2.1e-22   78.5   2.6   1   3      0.35        49    1.4   0.1    15    49    45    79    39   107 0.85 -
XP_005852155.1       -            707 2505at3041           -            507   2.1e-22   78.5   2.6   2   3     1e-08   1.5e-06   26.2   0.0    95   214   220   332   207   394 0.85 -
XP_005852155.1       -            707 2505at3041           -            507   2.1e-22   78.5   2.6   3   3   1.4e-15   1.9e-13   48.9   0.3    12   211   460   660   452   679 0.76 -
XP_005846913.1       -            981 2505at3041           -            507     4e-22   77.6   0.1   1   3   3.9e-08   5.6e-06   24.3   0.0    15   183   388   546   383   552 0.84 -
XP_005846913.1       -            981 2505at3041           -            507     4e-22   77.6   0.1   2   3   6.8e-06   0.00097   16.9   0.0    11    78   629   692   621   747 0.83 -
XP_005846913.1       -            981 2505at3041           -            507     4e-22   77.6   0.1   3   3   2.4e-10   3.4e-08   31.6   0.0    92   188   800   891   775   914 0.82 -
XP_005846802.1       -           2091 2505at3041           -            507   5.8e-22   77.0   3.1   1   3   1.3e-05    0.0018   16.0   0.0    14   102   690   786   679   789 0.78 -
XP_005846802.1       -           2091 2505at3041           -            507   5.8e-22   77.0   3.1   2   3     0.021       2.9    5.4   0.0   121   213   829   918   811   928 0.66 -
XP_005846802.1       -           2091 2505at3041           -            507   5.8e-22   77.0   3.1   3   3   4.3e-17   6.1e-15   53.9   0.6    27   216  1738  1929  1729  1939 0.80 -
XP_005849913.1       -            447 2505at3041           -            507   2.7e-21   74.8   0.0   1   1   2.5e-23   3.6e-21   74.4   0.0    13   240   108   339    97   347 0.85 -
XP_005843266.1       -            606 2505at3041           -            507   1.6e-20   72.3   0.2   1   3    0.0028       0.4    8.3   0.0    13    47    22    56    15    64 0.91 -
XP_005843266.1       -            606 2505at3041           -            507   1.6e-20   72.3   0.2   2   3   0.00033     0.047   11.4   0.0   130   162   170   202   160   223 0.89 -
XP_005843266.1       -            606 2505at3041           -            507   1.6e-20   72.3   0.2   3   3   1.4e-15     2e-13   48.9   0.1    24   179   358   500   348   583 0.72 -
XP_005849509.1       -            591 2505at3041           -            507   3.2e-20   71.3   0.0   1   1   3.6e-22   5.1e-20   70.6   0.0    34   214   294   489   273   496 0.76 -
XP_005847503.1       -            899 2505at3041           -            507   6.5e-20   70.3   0.0   1   1   7.9e-22   1.1e-19   69.5   0.0    20   213   598   792   582   798 0.76 -
XP_005846076.1       -            567 2505at3041           -            507   2.6e-19   68.3   0.2   1   2   4.8e-08   6.9e-06   24.0   0.1    14    50   336   372   326   401 0.85 -
XP_005846076.1       -            567 2505at3041           -            507   2.6e-19   68.3   0.2   2   2   1.9e-13   2.7e-11   41.9   0.0   122   215   460   549   417   558 0.87 -
XP_005846724.1       -           1156 2505at3041           -            507   9.1e-19   66.5   0.0   1   1   6.4e-21   9.1e-19   66.5   0.0    24   213   745   927   737   934 0.82 -
XP_005849777.1       -           1041 2505at3041           -            507   2.8e-18   64.9   0.0   1   1   3.4e-20   4.8e-18   64.1   0.0    27   215   644   835   619   881 0.78 -
XP_005844596.1       -            646 2505at3041           -            507   1.4e-17   62.5   0.2   1   1   2.2e-19   3.1e-17   61.4   0.2    15   213   398   589   390   597 0.73 -
XP_005844192.1       -            606 2505at3041           -            507   1.8e-17   62.3   0.0   1   2     4e-11   5.6e-09   34.2   0.0    16   166    88   255    84   273 0.66 -
XP_005844192.1       -            606 2505at3041           -            507   1.8e-17   62.3   0.0   2   2   9.8e-08   1.4e-05   23.0   0.0    20   168   405   544   397   581 0.77 -
XP_005845016.1       -           2298 2505at3041           -            507   2.2e-17   61.9   0.1   1   2   5.6e-13     8e-11   40.3   0.0    24   219   742   947   723   962 0.80 -
XP_005845016.1       -           2298 2505at3041           -            507   2.2e-17   61.9   0.1   2   2   1.3e-06   0.00019   19.3   0.0    18   213  1401  1601  1391  1610 0.80 -
XP_005846494.1       -            675 2505at3041           -            507   2.9e-17   61.5   0.3   1   1   3.6e-19   5.1e-17   60.7   0.3    17   214   384   587   379   594 0.75 -
XP_005849084.1       -           1485 2505at3041           -            507   4.9e-17   60.8   3.5   1   2   4.2e-16     6e-14   50.6   0.1    11   213   528   723   520   732 0.78 -
XP_005849084.1       -           1485 2505at3041           -            507   4.9e-17   60.8   3.5   2   2   0.00072       0.1   10.2   0.7    16   209  1223  1421  1211  1432 0.68 -
XP_005846450.1       -            755 2505at3041           -            507   7.7e-17   60.1   2.1   1   2       4.7   6.7e+02   -2.3   0.2   398   445   281   330   277   344 0.71 -
XP_005846450.1       -            755 2505at3041           -            507   7.7e-17   60.1   2.1   2   2   6.1e-19   8.7e-17   60.0   0.0    14   215   498   713   488   722 0.74 -
XP_005844768.1       -            871 2505at3041           -            507   3.7e-16   57.9   0.1   1   1   5.3e-18   7.5e-16   56.9   0.1    16   214   602   806   596   814 0.74 -
XP_005846244.1       -            620 2505at3041           -            507   1.2e-15   56.2   0.7   1   1   2.7e-17   3.9e-15   54.5   0.7    18   215   363   566   358   584 0.78 -
XP_005844777.1       -            789 2505at3041           -            507   1.6e-15   55.8   0.5   1   1   4.2e-17     6e-15   53.9   0.5    12   207   482   689   475   693 0.69 -
XP_005846489.1       -            683 2505at3041           -            507   3.2e-14   51.5   0.5   1   1     4e-16   5.7e-14   50.7   0.5    21   214   427   626   418   641 0.76 -
XP_005849899.1       -            708 2505at3041           -            507   7.1e-14   50.4   0.2   1   1     1e-15   1.4e-13   49.4   0.2    13   214   393   598   386   611 0.79 -
XP_005846723.1       -            727 2505at3041           -            507   1.1e-13   49.7   0.3   1   1   1.3e-15   1.8e-13   49.0   0.3    16   208   434   631   424   646 0.74 -
XP_005846377.1       -            627 2505at3041           -            507   1.7e-13   49.1   0.2   1   1   2.2e-15   3.1e-13   48.3   0.2    16   215   395   600   389   608 0.75 -
XP_005844664.1       -           1427 2505at3041           -            507   3.2e-13   48.2   2.5   1   2   3.3e-08   4.7e-06   24.6   0.2    18   166   455   611   451   674 0.66 -
XP_005844664.1       -           1427 2505at3041           -            507   3.2e-13   48.2   2.5   2   2   7.8e-08   1.1e-05   23.3   0.2    17   214  1198  1402  1191  1412 0.77 -
XP_005844916.1       -           1312 2505at3041           -            507   7.7e-12   43.6   0.0   1   2   7.8e-07   0.00011   20.0   0.0   129   219   488   578   478   593 0.84 -
XP_005844916.1       -           1312 2505at3041           -            507   7.7e-12   43.6   0.0   2   2   3.4e-07   4.8e-05   21.2   0.0    18   213  1032  1232  1022  1244 0.80 -
XP_005845670.1       -            188 2505at3041           -            507   5.3e-11   40.9   0.0   1   1   5.2e-13   7.4e-11   40.4   0.0    15   178    11   166     2   176 0.81 -
XP_005848159.1       -           1489 2505at3041           -            507   1.6e-10   39.3  11.0   1   3   2.6e-07   3.7e-05   21.6   1.6    13   169   497   676   486   730 0.67 -
XP_005848159.1       -           1489 2505at3041           -            507   1.6e-10   39.3  11.0   2   3      0.11        16    3.0   0.5    30    54  1268  1292  1258  1310 0.79 -
XP_005848159.1       -           1489 2505at3041           -            507   1.6e-10   39.3  11.0   3   3   2.2e-05    0.0031   15.2   0.0   129   210  1407  1485  1371  1487 0.85 -
XP_005851132.1       -            101 2505at3041           -            507   2.6e-10   38.6   0.0   1   1     2e-12   2.8e-10   38.5   0.0    34   101     1    74     1    86 0.84 -
XP_005844963.1       -            496 2505at3041           -            507   5.4e-10   37.5   0.1   1   2   2.7e-10   3.9e-08   31.4   0.1    26   177   120   285   109   293 0.70 -
XP_005844963.1       -            496 2505at3041           -            507   5.4e-10   37.5   0.1   2   2     0.061       8.6    3.9   0.0   186   223   343   380   336   388 0.79 -
XP_005847995.1       -            608 2505at3041           -            507   6.5e-10   37.3   0.4   1   2    0.0014       0.2    9.3   0.3    16    56   197   237   191   254 0.81 -
XP_005847995.1       -            608 2505at3041           -            507   6.5e-10   37.3   0.4   2   2   1.5e-08   2.1e-06   25.7   0.0   130   186   338   394   327   405 0.91 -
XP_005850974.1       -            264 2505at3041           -            507   7.9e-10   37.0   0.0   1   1   7.5e-12   1.1e-09   36.6   0.0    15   168    24   180    14   205 0.79 -
XP_005850084.1       -            589 2505at3041           -            507   1.3e-09   36.3   0.0   1   2   3.1e-06   0.00044   18.1   0.0   116   163   200   247   168   280 0.81 -
XP_005850084.1       -            589 2505at3041           -            507   1.3e-09   36.3   0.0   2   2   1.2e-05    0.0017   16.1   0.0   131   176   463   508   453   551 0.85 -
XP_005847076.1       -            572 2505at3041           -            507   9.9e-09   33.4   0.0   1   2   1.3e-05    0.0019   16.0   0.0    17    55   342   380   335   398 0.87 -
XP_005847076.1       -            572 2505at3041           -            507   9.9e-09   33.4   0.0   2   2   2.9e-05    0.0041   14.9   0.0   130   168   477   515   451   543 0.88 -
XP_005849318.1       -            718 2505at3041           -            507   1.7e-07   29.3   0.6   1   2   9.3e-05     0.013   13.2   0.2    12    51   411   450   402   460 0.86 -
XP_005849318.1       -            718 2505at3041           -            507   1.7e-07   29.3   0.6   2   2   6.2e-05    0.0089   13.8   0.0   131   177   629   675   614   694 0.86 -
XP_005852260.1       -            250 2505at3041           -            507   1.9e-06   25.9   0.0   1   1   4.3e-08   6.1e-06   24.2   0.0    22   178    14   159     2   195 0.79 -
XP_005843569.1       -            217 2505at3041           -            507   1.7e-05   22.7   0.1   1   2       1.4     2e+02   -0.6   0.1    34    51     1    18     1    25 0.88 -
XP_005843569.1       -            217 2505at3041           -            507   1.7e-05   22.7   0.1   2   2   4.2e-07   5.9e-05   20.9   0.0   127   216   110   201    77   209 0.87 -
XP_005844481.1       -            302 2505at3041           -            507   2.8e-05   22.0   0.0   1   2     0.049         7    4.2   0.1    25    50    19    44     8    58 0.77 -
XP_005844481.1       -            302 2505at3041           -            507   2.8e-05   22.0   0.0   2   2   1.6e-05    0.0023   15.7   0.0   131   188   145   203   138   224 0.93 -
XP_005843796.1       -            302 2505at3041           -            507   5.4e-05   21.1   0.3   1   1   9.5e-06    0.0013   16.5   0.3    28   188    48   215    35   219 0.79 -
XP_005846132.1       -            594 2505at3041           -            507   0.00045   18.0   0.1   1   1     5e-06   0.00071   17.4   0.1    16    51   479   514   467   539 0.87 -
XP_005845601.1       -            384 2505at3041           -            507   0.00053   17.8   0.0   1   1   5.3e-06   0.00076   17.3   0.0   128   166   240   278   231   325 0.80 -
XP_005843970.1       -            469 2505at3041           -            507    0.0018   16.0   0.1   1   1   2.3e-05    0.0032   15.2   0.1    22    52   221   252   207   258 0.81 -
XP_005849693.1       -            907 2505at3041           -            507    0.0028   15.4   1.6   1   2    0.0092       1.3    6.6   0.4    25    54   701   730   691   740 0.85 -
XP_005849693.1       -            907 2505at3041           -            507    0.0028   15.4   1.6   2   2    0.0073         1    6.9   0.0   109   168   828   892   817   901 0.72 -
XP_005842828.1       -            598 2505at3041           -            507     0.011   13.5   0.1   1   1   0.00015     0.021   12.5   0.1    27    51   266   290   256   299 0.87 -
XP_005852203.1       -           2854 2505at3041           -            507     0.015   13.0   5.9   1   5      0.44        63    1.0   0.0    33    65   404   439   396   450 0.63 -
XP_005852203.1       -           2854 2505at3041           -            507     0.015   13.0   5.9   2   5      0.02       2.8    5.5   0.1    21    56   769   804   755   817 0.76 -
XP_005852203.1       -           2854 2505at3041           -            507     0.015   13.0   5.9   3   5     0.026       3.8    5.1   0.0    29    54  1226  1251  1219  1265 0.85 -
XP_005852203.1       -           2854 2505at3041           -            507     0.015   13.0   5.9   4   5       1.6   2.3e+02   -0.8   0.0    34    55  2003  2024  1995  2035 0.80 -
XP_005852203.1       -           2854 2505at3041           -            507     0.015   13.0   5.9   5   5       5.1   7.2e+02   -2.4   0.1    17    50  2329  2362  2325  2377 0.77 -
#
# Program:         hmmsearch
# Version:         3.1b2 (February 2015)
# Pipeline mode:   SEARCH
# Query file:      /Users/catrionaharrison/Documents/Bioinformatics/rp2/Data/genomes/busco/busco_downloads/lineages/chlorophyta_odb10/hmms/2505at3041.hmm
# Target file:     /Users/catrionaharrison/Documents/Bioinformatics/rp2/Data/genomes/busco/data/chlorella_variabilis.prot.fasta
# Option settings: hmmsearch --domtblout /Users/catrionaharrison/Documents/Bioinformatics/rp2/Data/genomes/busco/Busco_variabilis/run_chlorophyta_odb10/hmmer_output/initial_run_results/2505at3041.out --cpu 1 /Users/catrionaharrison/Documents/Bioinformatics/rp2/Data/genomes/busco/busco_downloads/lineages/chlorophyta_odb10/hmms/2505at3041.hmm /Users/catrionaharrison/Documents/Bioinformatics/rp2/Data/genomes/busco/data/chlorella_variabilis.prot.fasta 
# Current dir:     /Users/catrionaharrison/Documents/Bioinformatics/rp2/Data/genomes/busco
# Date:            Fri Jul 22 15:02:39 2022
# [ok]
