#                                                                            --- full sequence --- -------------- this domain -------------   hmm coord   ali coord   env coord
# target name        accession   tlen query name           accession   qlen   E-value  score  bias   #  of  c-Evalue  i-Evalue  score  bias  from    to  from    to  from    to  acc description of target
#------------------- ---------- ----- -------------------- ---------- ----- --------- ------ ----- --- --- --------- --------- ------ ----- ----- ----- ----- ----- ----- ----- ---- ---------------------
XP_005848241.1       -            479 2843at3041           -            356   3.7e-28   97.6   6.7   1   3   0.00029     0.023   12.7   0.0   186   218   130   162   121   165 0.87 -
XP_005848241.1       -            479 2843at3041           -            356   3.7e-28   97.6   6.7   2   3     4e-10   3.2e-08   32.0   0.1   152   220   193   263   183   270 0.90 -
XP_005848241.1       -            479 2843at3041           -            356   3.7e-28   97.6   6.7   3   3   6.2e-17   4.9e-15   54.4   1.3   113   274   282   448   265   465 0.80 -
XP_005844046.1       -            305 2843at3041           -            356   3.2e-27   94.5   1.4   1   2   1.3e-12     1e-10   40.2   0.9   120   247    34   164    13   166 0.83 -
XP_005844046.1       -            305 2843at3041           -            356   3.2e-27   94.5   1.4   2   2   4.6e-17   3.6e-15   54.8   0.0   118   254   158   298   155   303 0.83 -
XP_005846249.1       -            968 2843at3041           -            356   6.6e-27   93.5   9.7   1   6   9.5e-12   7.6e-10   37.3   0.4   129   218    40   137    26   142 0.84 -
XP_005846249.1       -            968 2843at3041           -            356   6.6e-27   93.5   9.7   2   6   6.8e-09   5.4e-07   27.9   0.2   153   220   111   182   110   192 0.87 -
XP_005846249.1       -            968 2843at3041           -            356   6.6e-27   93.5   9.7   3   6     0.038         3    5.8   0.0    13    39   196   223   187   232 0.85 -
XP_005846249.1       -            968 2843at3041           -            356   6.6e-27   93.5   9.7   4   6   4.3e-06   0.00034   18.7   0.0   187   270   442   524   435   531 0.90 -
XP_005846249.1       -            968 2843at3041           -            356   6.6e-27   93.5   9.7   5   6   1.2e-05   0.00099   17.2   0.0   153   225   619   694   613   697 0.82 -
XP_005846249.1       -            968 2843at3041           -            356   6.6e-27   93.5   9.7   6   6      0.21        17    3.3   0.0   186   217   697   728   694   740 0.90 -
XP_005845863.1       -            307 2843at3041           -            356   6.3e-24   83.7   3.8   1   2     2e-14   1.6e-12   46.2   1.2   119   258    28   171     7   184 0.80 -
XP_005845863.1       -            307 2843at3041           -            356   6.3e-24   83.7   3.8   2   2   4.7e-12   3.7e-10   38.4   0.0   108   220   186   298   170   305 0.82 -
XP_005846842.1       -            300 2843at3041           -            356   7.3e-24   83.4   0.1   1   3   1.6e-09   1.3e-07   30.0   0.0   152   223     9    84     5   103 0.83 -
XP_005846842.1       -            300 2843at3041           -            356   7.3e-24   83.4   0.1   2   3     0.029       2.3    6.1   0.0   188   230    91   133    83   135 0.74 -
XP_005846842.1       -            300 2843at3041           -            356   7.3e-24   83.4   0.1   3   3   1.6e-15   1.3e-13   49.7   0.1   122   268   109   265   106   290 0.80 -
XP_005847990.1       -            320 2843at3041           -            356   4.1e-23   81.0   3.2   1   3     1e-12     8e-11   40.6   0.6   110   218    19   136    10   146 0.80 -
XP_005847990.1       -            320 2843at3041           -            356   4.1e-23   81.0   3.2   2   3     7e-06   0.00055   18.1   0.0   187   271   149   237   142   247 0.80 -
XP_005847990.1       -            320 2843at3041           -            356   4.1e-23   81.0   3.2   3   3   1.3e-06    0.0001   20.5   0.0   122   180   251   316   244   318 0.76 -
XP_005851899.1       -            318 2843at3041           -            356   2.9e-21   74.9   4.8   1   3   4.7e-10   3.8e-08   31.8   0.1   119   222    49   153    32   163 0.80 -
XP_005851899.1       -            318 2843at3041           -            356   2.9e-21   74.9   4.8   2   3   2.3e-14   1.9e-12   45.9   0.3   127   278   141   298   140   300 0.82 -
XP_005851899.1       -            318 2843at3041           -            356   2.9e-21   74.9   4.8   3   3   0.00035     0.027   12.5   0.1   156   216   253   316   252   317 0.78 -
XP_005850205.1       -            455 2843at3041           -            356   5.7e-21   73.9   0.5   1   3   7.6e-08   6.1e-06   24.5   0.1   153   217   161   230   151   259 0.79 -
XP_005850205.1       -            455 2843at3041           -            356   5.7e-21   73.9   0.5   2   3   2.8e-14   2.2e-12   45.7   0.0   114   246   252   387   240   394 0.82 -
XP_005850205.1       -            455 2843at3041           -            356   5.7e-21   73.9   0.5   3   3     0.017       1.4    6.9   0.0   188   244   368   427   363   440 0.76 -
XP_005847801.1       -            754 2843at3041           -            356   3.1e-20   71.5   7.4   1   3   2.6e-05     0.002   16.2   0.1   153   228   411   499   406   517 0.74 -
XP_005847801.1       -            754 2843at3041           -            356   3.1e-20   71.5   7.4   2   3   3.6e-11   2.8e-09   35.5   0.5   120   224   519   624   495   630 0.80 -
XP_005847801.1       -            754 2843at3041           -            356   3.1e-20   71.5   7.4   3   3   1.7e-12   1.3e-10   39.8   0.2   112   225   554   668   551   677 0.82 -
XP_005843867.1       -            466 2843at3041           -            356   4.2e-20   71.1   8.3   1   3   0.00014     0.011   13.8   0.1   194   248    99   155    82   176 0.67 -
XP_005843867.1       -            466 2843at3041           -            356   4.2e-20   71.1   8.3   2   3    0.0018      0.14   10.1   0.5   120   200   204   284   182   289 0.67 -
XP_005843867.1       -            466 2843at3041           -            356   4.2e-20   71.1   8.3   3   3   2.4e-15   1.9e-13   49.2   0.4   120   249   323   456   315   465 0.82 -
XP_005845694.1       -            314 2843at3041           -            356   6.2e-20   70.5   2.8   1   2   1.2e-11   9.6e-10   37.0   0.0   120   220     6   108     2   138 0.80 -
XP_005845694.1       -            314 2843at3041           -            356   6.2e-20   70.5   2.8   2   2   4.9e-10   3.9e-08   31.7   1.3   122   266   134   289   122   300 0.81 -
XP_005846286.1       -           1786 2843at3041           -            356   2.3e-19   68.6   1.6   1   7    0.0016      0.13   10.2   0.0   177   251   261   341   246   353 0.78 -
XP_005846286.1       -           1786 2843at3041           -            356   2.3e-19   68.6   1.6   2   7    0.0025       0.2    9.6   0.0   188   264   527   602   517   616 0.67 -
XP_005846286.1       -           1786 2843at3041           -            356   2.3e-19   68.6   1.6   3   7   1.6e-11   1.3e-09   36.6   0.0   118   221   625   729   620   762 0.79 -
XP_005846286.1       -           1786 2843at3041           -            356   2.3e-19   68.6   1.6   4   7      0.73        58    1.5   0.0   223   264   857   898   811   911 0.65 -
XP_005846286.1       -           1786 2843at3041           -            356   2.3e-19   68.6   1.6   5   7       4.7   3.7e+02   -1.1   0.0   234   282  1306  1360  1256  1367 0.66 -
XP_005846286.1       -           1786 2843at3041           -            356   2.3e-19   68.6   1.6   6   7       7.5     6e+02   -1.8   0.0   155   176  1472  1493  1416  1508 0.68 -
XP_005846286.1       -           1786 2843at3041           -            356   2.3e-19   68.6   1.6   7   7       1.1        86    1.0   0.1   113   185  1572  1644  1560  1683 0.71 -
XP_005849636.1       -            918 2843at3041           -            356     7e-19   67.1   0.2   1   4       1.1        85    1.0   0.0   153   216    95   167    51   174 0.65 -
XP_005849636.1       -            918 2843at3041           -            356     7e-19   67.1   0.2   2   4   3.6e-10   2.8e-08   32.2   0.1   118   221   353   457   337   465 0.83 -
XP_005849636.1       -            918 2843at3041           -            356     7e-19   67.1   0.2   3   4   1.4e-07   1.1e-05   23.6   0.0   145   268   463   592   460   599 0.82 -
XP_005849636.1       -            918 2843at3041           -            356     7e-19   67.1   0.2   4   4      0.13        11    4.0   0.0   233   270   619   656   606   667 0.87 -
XP_005845128.1       -            497 2843at3041           -            356   3.1e-18   64.9   5.5   1   4   9.5e-08   7.6e-06   24.2   0.0   158   228   217   290   206   308 0.76 -
XP_005845128.1       -            497 2843at3041           -            356   3.1e-18   64.9   5.5   2   4   1.1e-09   9.1e-08   30.5   0.7   109   262   255   412   251   425 0.78 -
XP_005845128.1       -            497 2843at3041           -            356   3.1e-18   64.9   5.5   3   4    0.0035      0.28    9.2   0.0   229   270   425   466   414   471 0.86 -
XP_005845128.1       -            497 2843at3041           -            356   3.1e-18   64.9   5.5   4   4    0.0019      0.15   10.1   0.2   109   134   471   496   464   496 0.91 -
XP_005845765.1       -            312 2843at3041           -            356   4.7e-18   64.3   1.6   1   3   5.9e-06   0.00047   18.3   0.1   152   273    16   148     7   156 0.77 -
XP_005845765.1       -            312 2843at3041           -            356   4.7e-18   64.3   1.6   2   3   2.1e-12   1.6e-10   39.5   0.0   153   263   157   272   145   277 0.81 -
XP_005845765.1       -            312 2843at3041           -            356   4.7e-18   64.3   1.6   3   3    0.0002     0.016   13.3   0.1   156   217   244   308   238   311 0.77 -
XP_005842605.1       -            178 2843at3041           -            356   1.4e-17   62.8   0.2   1   2   1.4e-11   1.1e-09   36.8   0.0   112   225     3   116     1   120 0.85 -
XP_005842605.1       -            178 2843at3041           -            356   1.4e-17   62.8   0.2   2   2   5.2e-08   4.1e-06   25.0   0.0   186   221   119   154   113   170 0.87 -
XP_005851597.1       -            944 2843at3041           -            356   1.5e-17   62.6   0.1   1   3    0.0012     0.094   10.7   0.0   157   336    65   249    30   260 0.77 -
XP_005851597.1       -            944 2843at3041           -            356   1.5e-17   62.6   0.1   2   3   0.00088      0.07   11.1   0.0   164   217   263   320   249   332 0.84 -
XP_005851597.1       -            944 2843at3041           -            356   1.5e-17   62.6   0.1   3   3   1.3e-11   1.1e-09   36.9   0.1   118   221   524   627   509   664 0.75 -
XP_005846379.1       -            506 2843at3041           -            356   5.1e-17   60.9   1.3   1   3   4.2e-12   3.4e-10   38.5   0.2   117   219   216   328   205   338 0.76 -
XP_005846379.1       -            506 2843at3041           -            356   5.1e-17   60.9   1.3   2   3   0.00014     0.011   13.8   0.0   187   221   338   372   329   379 0.88 -
XP_005846379.1       -            506 2843at3041           -            356   5.1e-17   60.9   1.3   3   3       0.3        24    2.8   0.0   185   216   472   503   448   505 0.73 -
XP_005850757.1       -            280 2843at3041           -            356   5.9e-17   60.7   5.4   1   3   1.1e-09   8.7e-08   30.6   0.2   111   248     4   142     2   146 0.64 -
XP_005850757.1       -            280 2843at3041           -            356   5.9e-17   60.7   5.4   2   3   9.5e-09   7.6e-07   27.5   1.4   156   279   129   261   124   262 0.75 -
XP_005850757.1       -            280 2843at3041           -            356   5.9e-17   60.7   5.4   3   3     2e-05    0.0016   16.5   0.1   106   177   208   278   196   280 0.85 -
XP_005852269.1       -            317 2843at3041           -            356   2.7e-16   58.5   5.0   1   3   0.00085     0.068   11.2   0.0   197   230    67   102    62   109 0.74 -
XP_005852269.1       -            317 2843at3041           -            356   2.7e-16   58.5   5.0   2   3     0.017       1.4    6.9   0.2   104   138   103   137    97   146 0.61 -
XP_005852269.1       -            317 2843at3041           -            356   2.7e-16   58.5   5.0   3   3   5.5e-13   4.4e-11   41.4   0.5   105   239   147   285   142   298 0.75 -
XP_005843559.1       -            610 2843at3041           -            356   4.7e-16   57.8   2.7   1   4   4.2e-07   3.4e-05   22.1   0.2   153   257    10   119     5   125 0.80 -
XP_005843559.1       -            610 2843at3041           -            356   4.7e-16   57.8   2.7   2   4   1.3e-06    0.0001   20.5   0.0   171   232   112   178   111   192 0.74 -
XP_005843559.1       -            610 2843at3041           -            356   4.7e-16   57.8   2.7   3   4   0.00032     0.025   12.6   0.0   184   226   372   414   347   447 0.78 -
XP_005843559.1       -            610 2843at3041           -            356   4.7e-16   57.8   2.7   4   4       2.5     2e+02   -0.2   0.0   159   181   442   464   433   489 0.73 -
XP_005848462.1       -           2047 2843at3041           -            356   4.8e-16   57.7   0.9   1   5   2.9e-09   2.3e-07   29.1   0.1   146   218   172   247   166   261 0.88 -
XP_005848462.1       -           2047 2843at3041           -            356   4.8e-16   57.7   0.9   2   5      0.26        21    3.0   0.0   113   136   273   296   262   320 0.85 -
XP_005848462.1       -           2047 2843at3041           -            356   4.8e-16   57.7   0.9   3   5       2.9   2.3e+02   -0.4   0.0   155   178   470   493   466   503 0.79 -
XP_005848462.1       -           2047 2843at3041           -            356   4.8e-16   57.7   0.9   4   5     0.033       2.6    6.0   0.0   187   217   610   640   601   666 0.57 -
XP_005848462.1       -           2047 2843at3041           -            356   4.8e-16   57.7   0.9   5   5   0.00029     0.023   12.7   0.0   106   150   721   766   697   796 0.84 -
XP_005851191.1       -            348 2843at3041           -            356   9.6e-16   56.7  14.2   1   3   1.1e-12   8.7e-11   40.4   4.7    59   216    21   183     8   194 0.85 -
XP_005851191.1       -            348 2843at3041           -            356   9.6e-16   56.7  14.2   2   3   5.8e-05    0.0046   15.0   0.3   187   236   202   250   195   279 0.77 -
XP_005851191.1       -            348 2843at3041           -            356   9.6e-16   56.7  14.2   3   3      0.09       7.2    4.5   0.0   186   218   309   342   288   345 0.66 -
XP_005843657.1       -            505 2843at3041           -            356   5.2e-15   54.3   0.5   1   2   3.1e-07   2.5e-05   22.5   0.2   163   266   226   330   207   340 0.86 -
XP_005843657.1       -            505 2843at3041           -            356   5.2e-15   54.3   0.5   2   2   2.7e-09   2.2e-07   29.3   0.0   155   291   351   495   343   501 0.75 -
XP_005842820.1       -            311 2843at3041           -            356   1.3e-14   53.0   0.4   1   2   1.1e-08   8.9e-07   27.2   0.2   142   266    10   143     5   146 0.82 -
XP_005842820.1       -            311 2843at3041           -            356   1.3e-14   53.0   0.4   2   2   3.8e-08     3e-06   25.5   0.0   144   284   141   287   138   302 0.76 -
XP_005849481.1       -            999 2843at3041           -            356   1.9e-14   52.4   1.8   1   2   1.5e-09   1.2e-07   30.1   0.1   107   232   705   832   663   839 0.74 -
XP_005849481.1       -            999 2843at3041           -            356   1.9e-14   52.4   1.8   2   2   8.2e-10   6.5e-08   31.0   0.2   112   222   753   864   744   879 0.77 -
XP_005843323.1       -            522 2843at3041           -            356   4.8e-14   51.2   1.1   1   2   2.6e-12   2.1e-10   39.2   1.2   110   289   260   444   257   455 0.68 -
XP_005843323.1       -            522 2843at3041           -            356   4.8e-14   51.2   1.1   2   2      0.02       1.6    6.7   0.0   186   218   465   497   443   500 0.85 -
XP_005850138.1       -            701 2843at3041           -            356   2.4e-13   48.8   0.5   1   3   0.00011    0.0085   14.2   0.0   186   259    97   173    87   195 0.73 -
XP_005850138.1       -            701 2843at3041           -            356   2.4e-13   48.8   0.5   2   3   0.00041     0.032   12.2   0.0   189   221   215   248   201   252 0.90 -
XP_005850138.1       -            701 2843at3041           -            356   2.4e-13   48.8   0.5   3   3   4.2e-06   0.00033   18.8   0.1   156   238   338   425   327   453 0.79 -
XP_005851148.1       -            439 2843at3041           -            356   2.6e-13   48.7   0.6   1   3   9.2e-06   0.00073   17.7   0.0   172   250   127   212    97   214 0.69 -
XP_005851148.1       -            439 2843at3041           -            356   2.6e-13   48.7   0.6   2   3   0.00017     0.013   13.5   0.0   186   259   188   267   179   286 0.75 -
XP_005851148.1       -            439 2843at3041           -            356   2.6e-13   48.7   0.6   3   3   4.1e-05    0.0032   15.5   0.1   154   292   280   434   266   439 0.71 -
XP_005846862.1       -            553 2843at3041           -            356   4.9e-13   47.8   0.1   1   3   5.8e-07   4.6e-05   21.6   0.0   183   265   252   339   240   343 0.81 -
XP_005846862.1       -            553 2843at3041           -            356   4.9e-13   47.8   0.1   2   3   0.00026      0.02   12.9   0.0    53   101   342   390   331   398 0.84 -
XP_005846862.1       -            553 2843at3041           -            356   4.9e-13   47.8   0.1   3   3    0.0025       0.2    9.7   0.0   110   134   517   541   464   547 0.82 -
XP_005850445.1       -            389 2843at3041           -            356   5.1e-13   47.8   1.2   1   3   4.5e-09   3.6e-07   28.5   2.1   103   256    67   231    46   243 0.77 -
XP_005850445.1       -            389 2843at3041           -            356   5.1e-13   47.8   1.2   2   3     0.014       1.1    7.2   0.0   154   220   206   280   203   289 0.76 -
XP_005850445.1       -            389 2843at3041           -            356   5.1e-13   47.8   1.2   3   3   0.00081     0.065   11.2   0.0   189   252   293   360   281   367 0.80 -
XP_005850137.1       -            263 2843at3041           -            356   5.4e-13   47.7   1.4   1   3   3.9e-07   3.1e-05   22.2   0.1   156   225     2    73     1    91 0.84 -
XP_005850137.1       -            263 2843at3041           -            356   5.4e-13   47.7   1.4   2   3     7e-05    0.0056   14.7   0.0   163   224    96   163    82   187 0.77 -
XP_005850137.1       -            263 2843at3041           -            356   5.4e-13   47.7   1.4   3   3    0.0047      0.38    8.7   0.1   119   180   189   249   177   258 0.73 -
XP_005844476.1       -            422 2843at3041           -            356   9.3e-13   46.9   4.4   1   3   2.5e-11     2e-09   35.9   0.9   123   292   124   299   116   315 0.78 -
XP_005844476.1       -            422 2843at3041           -            356   9.3e-13   46.9   4.4   2   3   1.5e-06   0.00012   20.2   0.1   186   280   230   330   222   345 0.77 -
XP_005844476.1       -            422 2843at3041           -            356   9.3e-13   46.9   4.4   3   3    0.0034      0.27    9.2   0.1   184   217   358   391   319   396 0.74 -
XP_005844834.1       -            936 2843at3041           -            356     2e-12   45.8   0.1   1   2   1.5e-06   0.00012   20.3   0.0   153   229   108   186   100   196 0.85 -
XP_005844834.1       -            936 2843at3041           -            356     2e-12   45.8   0.1   2   2   3.9e-07   3.1e-05   22.2   0.1   156   255   202   306   185   309 0.73 -
XP_005848008.1       -            501 2843at3041           -            356   3.2e-12   45.1   3.3   1   4     0.037       2.9    5.8   0.0   186   218   151   183   143   192 0.86 -
XP_005848008.1       -            501 2843at3041           -            356   3.2e-12   45.1   3.3   2   4   2.1e-08   1.7e-06   26.3   0.0   140   222   211   296   184   309 0.80 -
XP_005848008.1       -            501 2843at3041           -            356   3.2e-12   45.1   3.3   3   4    0.0069      0.55    8.2   0.0   120   182   318   376   310   385 0.77 -
XP_005848008.1       -            501 2843at3041           -            356   3.2e-12   45.1   3.3   4   4      0.55        43    2.0   0.0   161   187   411   437   397   469 0.68 -
XP_005847396.1       -            805 2843at3041           -            356   5.8e-12   44.3   3.9   1   4       2.3   1.8e+02   -0.1   0.0   187   216    12    40     4    55 0.81 -
XP_005847396.1       -            805 2843at3041           -            356   5.8e-12   44.3   3.9   2   4   9.5e-11   7.6e-09   34.1   0.5   121   229    81   186    76   197 0.84 -
XP_005847396.1       -            805 2843at3041           -            356   5.8e-12   44.3   3.9   3   4    0.0023      0.19    9.7   0.1   170   217   166   213   163   228 0.85 -
XP_005847396.1       -            805 2843at3041           -            356   5.8e-12   44.3   3.9   4   4    0.0047      0.38    8.7   0.1   121   218   200   293   196   316 0.81 -
XP_005843714.1       -            186 2843at3041           -            356   6.1e-12   44.2   0.1   1   1   2.4e-13   1.9e-11   42.6   0.0    98   254    15   184     8   186 0.79 -
XP_005849080.1       -            515 2843at3041           -            356   6.7e-12   44.1   0.2   1   3       4.3   3.4e+02   -1.0   0.0   120   141     7    28     4    42 0.78 -
XP_005849080.1       -            515 2843at3041           -            356   6.7e-12   44.1   0.2   2   3   5.8e-07   4.6e-05   21.6   0.0   153   219    80   149    39   158 0.84 -
XP_005849080.1       -            515 2843at3041           -            356   6.7e-12   44.1   0.2   3   3   4.8e-06   0.00038   18.6   0.0   186   229   301   343   294   347 0.90 -
XP_005846433.1       -            466 2843at3041           -            356   7.8e-12   43.9   6.7   1   1   3.2e-13   2.6e-11   42.2   3.6    55   240   234   420   219   432 0.75 -
XP_005847746.1       -            920 2843at3041           -            356     1e-11   43.5   0.1   1   2     0.002      0.16    9.9   0.1   120   244    29   157    12   162 0.77 -
XP_005847746.1       -            920 2843at3041           -            356     1e-11   43.5   0.1   2   2   1.2e-11   9.7e-10   37.0   0.0   121   288   114   290   104   307 0.80 -
XP_005847170.1       -            377 2843at3041           -            356   1.2e-11   43.3   0.3   1   2   3.2e-12   2.5e-10   38.9   0.3   119   259    45   187    34   208 0.82 -
XP_005847170.1       -            377 2843at3041           -            356   1.2e-11   43.3   0.3   2   2      0.41        32    2.4   0.0   120   142   264   286   219   294 0.68 -
XP_005849694.1       -            259 2843at3041           -            356   1.3e-11   43.1   0.2   1   2     0.022       1.7    6.5   0.0   181   220    52    92    42    98 0.86 -
XP_005849694.1       -            259 2843at3041           -            356   1.3e-11   43.1   0.2   2   2   6.5e-11   5.2e-09   34.6   0.3   110   233   132   258   118   259 0.82 -
XP_005843017.1       -            445 2843at3041           -            356   2.2e-11   42.4   0.1   1   2     1e-10   8.2e-09   33.9   0.1   106   221   182   308   168   318 0.81 -
XP_005843017.1       -            445 2843at3041           -            356   2.2e-11   42.4   0.1   2   2     0.034       2.7    5.9   0.0   240   281   372   416   355   433 0.77 -
XP_005846967.1       -            388 2843at3041           -            356   2.4e-11   42.3   3.7   1   3      0.14        11    3.9   0.0   188   224   152   189   142   202 0.69 -
XP_005846967.1       -            388 2843at3041           -            356   2.4e-11   42.3   3.7   2   3   3.7e-10     3e-08   32.1   0.1   183   251   243   315   237   330 0.78 -
XP_005846967.1       -            388 2843at3041           -            356   2.4e-11   42.3   3.7   3   3      0.43        34    2.3   0.1   187   217   348   379   342   384 0.62 -
XP_005847725.1       -           1001 2843at3041           -            356     6e-11   41.0   0.1   1   5       3.4   2.7e+02   -0.6   0.0   188   223    67   104    43   117 0.71 -
XP_005847725.1       -           1001 2843at3041           -            356     6e-11   41.0   0.1   2   5      0.39        31    2.4   0.0   190   241   125   183   111   259 0.70 -
XP_005847725.1       -           1001 2843at3041           -            356     6e-11   41.0   0.1   3   5     0.053       4.2    5.3   0.0   110   139   410   439   403   442 0.81 -
XP_005847725.1       -           1001 2843at3041           -            356     6e-11   41.0   0.1   4   5   9.3e-06   0.00074   17.6   0.0     9   135   467   581   460   587 0.89 -
XP_005847725.1       -           1001 2843at3041           -            356     6e-11   41.0   0.1   5   5    0.0083      0.66    7.9   0.0   157   221   661   730   647   752 0.75 -
XP_005851918.1       -            328 2843at3041           -            356   6.7e-11   40.8   0.4   1   3   2.7e-11   2.2e-09   35.8   0.2   163   261    80   186    68   201 0.84 -
XP_005851918.1       -            328 2843at3041           -            356   6.7e-11   40.8   0.4   2   3     0.001      0.08   11.0   0.1   193   261   158   231   142   250 0.73 -
XP_005851918.1       -            328 2843at3041           -            356   6.7e-11   40.8   0.4   3   3       1.7   1.4e+02    0.3   0.0   160   179   256   275   235   286 0.74 -
XP_005848320.1       -            462 2843at3041           -            356   7.6e-11   40.6   0.4   1   3     0.023       1.9    6.4   0.0   106   138   232   265   221   267 0.76 -
XP_005848320.1       -            462 2843at3041           -            356   7.6e-11   40.6   0.4   2   3    0.0015      0.12   10.3   0.0   186   227   298   338   291   342 0.82 -
XP_005848320.1       -            462 2843at3041           -            356   7.6e-11   40.6   0.4   3   3   1.1e-06   8.6e-05   20.7   0.2   106   217   340   460   335   461 0.70 -
XP_005851155.1       -            440 2843at3041           -            356   7.7e-11   40.6   0.4   1   4   2.4e-05    0.0019   16.3   0.0   184   265   107   197   100   207 0.73 -
XP_005851155.1       -            440 2843at3041           -            356   7.7e-11   40.6   0.4   2   4         9   7.2e+02   -2.1   0.0    68    96   222   252   201   257 0.72 -
XP_005851155.1       -            440 2843at3041           -            356   7.7e-11   40.6   0.4   3   4   1.1e-05   0.00089   17.4   0.0   186   277   299   405   257   413 0.63 -
XP_005851155.1       -            440 2843at3041           -            356   7.7e-11   40.6   0.4   4   4      0.82        65    1.4   0.0   120   140   419   439   413   439 0.85 -
XP_005844564.1       -            722 2843at3041           -            356   1.4e-10   39.8   0.3   1   4       4.6   3.7e+02   -1.1   0.0   239   274    32    67    27    75 0.84 -
XP_005844564.1       -            722 2843at3041           -            356   1.4e-10   39.8   0.3   2   4   7.3e-05    0.0058   14.7   0.1   103   183    65   144    51   151 0.77 -
XP_005844564.1       -            722 2843at3041           -            356   1.4e-10   39.8   0.3   3   4    0.0031      0.25    9.3   0.0   184   218   174   208   157   229 0.85 -
XP_005844564.1       -            722 2843at3041           -            356   1.4e-10   39.8   0.3   4   4    0.0013       0.1   10.6   0.0   114   162   234   282   216   293 0.51 -
XP_005850644.1       -            302 2843at3041           -            356   2.7e-10   38.8   0.0   1   3   3.5e-08   2.8e-06   25.6   0.0   121   260    20   163    13   167 0.75 -
XP_005850644.1       -            302 2843at3041           -            356   2.7e-10   38.8   0.0   2   3      0.73        58    1.5   0.0   157   209   139   201   137   223 0.60 -
XP_005850644.1       -            302 2843at3041           -            356   2.7e-10   38.8   0.0   3   3    0.0069      0.55    8.2   0.0   196   254   238   298   182   302 0.80 -
XP_005850600.1       -            408 2843at3041           -            356   5.1e-10   37.9   0.3   1   2   0.00012    0.0096   14.0   0.0   158   221    35   100    28   116 0.82 -
XP_005850600.1       -            408 2843at3041           -            356   5.1e-10   37.9   0.3   2   2     1e-05    0.0008   17.5   0.1    24    92   220   290   198   386 0.85 -
XP_005849186.1       -            783 2843at3041           -            356   5.4e-10   37.8   0.6   1   3     0.015       1.2    7.1   0.0   264   305   402   443   384   477 0.61 -
XP_005849186.1       -            783 2843at3041           -            356   5.4e-10   37.8   0.6   2   3    0.0011     0.085   10.9   0.0   121   222   546   650   530   659 0.67 -
XP_005849186.1       -            783 2843at3041           -            356   5.4e-10   37.8   0.6   3   3   8.2e-09   6.5e-07   27.7   0.2   121   278   588   759   581   781 0.77 -
XP_005844508.1       -            261 2843at3041           -            356   7.7e-10   37.3   7.1   1   3   0.00021     0.017   13.2   0.1   167   221    10    65     2    78 0.74 -
XP_005844508.1       -            261 2843at3041           -            356   7.7e-10   37.3   7.1   2   3   1.5e-05    0.0012   17.0   1.2   121   221    88   185    72   194 0.79 -
XP_005844508.1       -            261 2843at3041           -            356   7.7e-10   37.3   7.1   3   3   4.4e-07   3.5e-05   22.0   1.3   118   253   125   258   109   261 0.75 -
XP_005849109.1       -            527 2843at3041           -            356   9.9e-10   37.0   0.4   1   2   1.7e-06   0.00014   20.1   0.1   125   227    89   188    78   203 0.85 -
XP_005849109.1       -            527 2843at3041           -            356   9.9e-10   37.0   0.4   2   2   8.4e-05    0.0067   14.5   0.0   157   222   322   389   314   403 0.83 -
XP_005843902.1       -            489 2843at3041           -            356   1.3e-09   36.6   4.7   1   3     0.058       4.6    5.1   0.0   188   222   163   197   149   215 0.76 -
XP_005843902.1       -            489 2843at3041           -            356   1.3e-09   36.6   4.7   2   3   3.1e-08   2.5e-06   25.8   0.6   121   249   232   366   220   375 0.70 -
XP_005843902.1       -            489 2843at3041           -            356   1.3e-09   36.6   4.7   3   3     0.042       3.3    5.6   0.1   118   188   399   475   373   478 0.67 -
XP_005849090.1       -            855 2843at3041           -            356   2.1e-09   35.9   0.0   1   2   2.5e-09     2e-07   29.4   0.0   152   258    44   160    37   169 0.83 -
XP_005849090.1       -            855 2843at3041           -            356   2.1e-09   35.9   0.0   2   2      0.13        10    4.0   0.0   121   227   194   304   187   323 0.54 -
XP_005852245.1       -            498 2843at3041           -            356   4.1e-09   34.9   2.0   1   3       8.7   6.9e+02   -2.0   0.0    26    39    59    72    41    79 0.69 -
XP_005852245.1       -            498 2843at3041           -            356   4.1e-09   34.9   2.0   2   3    0.0002     0.016   13.3   0.0   165   224   105   168    79   186 0.74 -
XP_005852245.1       -            498 2843at3041           -            356   4.1e-09   34.9   2.0   3   3   1.9e-06   0.00015   19.9   0.3   156   223   222   298   196   384 0.60 -
XP_005846027.1       -            815 2843at3041           -            356   4.7e-09   34.7   0.3   1   5   6.9e-05    0.0055   14.8   0.0   153   220    36   114    30   129 0.75 -
XP_005846027.1       -            815 2843at3041           -            356   4.7e-09   34.7   0.3   2   5   0.00099     0.078   11.0   0.0   109   209   182   290   163   297 0.63 -
XP_005846027.1       -            815 2843at3041           -            356   4.7e-09   34.7   0.3   3   5       2.8   2.2e+02   -0.4   0.0    20    32   360   372   343   401 0.76 -
XP_005846027.1       -            815 2843at3041           -            356   4.7e-09   34.7   0.3   4   5       4.7   3.8e+02   -1.1   0.0   197   216   530   549   523   565 0.60 -
XP_005846027.1       -            815 2843at3041           -            356   4.7e-09   34.7   0.3   5   5      0.84        67    1.3   0.0   189   218   655   684   592   699 0.79 -
XP_005851317.1       -            353 2843at3041           -            356   7.3e-09   34.1   0.0   1   2   7.2e-10   5.7e-08   31.2   0.0   116   261    23   168    14   177 0.81 -
XP_005851317.1       -            353 2843at3041           -            356   7.3e-09   34.1   0.0   2   2       1.5   1.2e+02    0.5   0.0   207   236   273   301   268   328 0.75 -
XP_005844566.1       -            407 2843at3041           -            356   7.5e-09   34.1   0.0   1   3       7.9   6.3e+02   -1.9   0.0    46    73     3    30     2    40 0.77 -
XP_005844566.1       -            407 2843at3041           -            356   7.5e-09   34.1   0.0   2   3   0.00015     0.012   13.6   0.0   190   268   119   201   103   211 0.70 -
XP_005844566.1       -            407 2843at3041           -            356   7.5e-09   34.1   0.0   3   3   1.2e-05   0.00092   17.3   0.0   154   254   227   328   214   334 0.74 -
XP_005849044.1       -           1126 2843at3041           -            356   7.6e-09   34.0   0.1   1   3     0.028       2.3    6.2   0.0   164   191    88   115    81   173 0.62 -
XP_005849044.1       -           1126 2843at3041           -            356   7.6e-09   34.0   0.1   2   3    0.0013       0.1   10.6   0.0   187   230   182   225   171   234 0.82 -
XP_005849044.1       -           1126 2843at3041           -            356   7.6e-09   34.0   0.1   3   3   2.2e-06   0.00017   19.7   0.3   111   218   190   306   184   316 0.78 -
XP_005850581.1       -            641 2843at3041           -            356   7.7e-09   34.0   1.0   1   3       9.6   7.6e+02   -2.1   0.0    12    40   336   365   330   372 0.74 -
XP_005850581.1       -            641 2843at3041           -            356   7.7e-09   34.0   1.0   2   3   3.2e-07   2.5e-05   22.5   0.4   112   237   392   519   384   521 0.82 -
XP_005850581.1       -            641 2843at3041           -            356   7.7e-09   34.0   1.0   3   3    0.0023      0.18    9.8   0.0   188   263   513   591   511   600 0.78 -
XP_005843260.1       -            463 2843at3041           -            356   1.4e-08   33.1   4.6   1   3      0.09       7.1    4.5   0.0   124   219   137   239   129   255 0.59 -
XP_005843260.1       -            463 2843at3041           -            356   1.4e-08   33.1   4.6   2   3   0.00098     0.078   11.0   0.1   153   219   303   371   291   380 0.79 -
XP_005843260.1       -            463 2843at3041           -            356   1.4e-08   33.1   4.6   3   3   8.3e-06   0.00066   17.8   0.3   110   136   392   418   375   437 0.85 -
XP_005844122.1       -            400 2843at3041           -            356     2e-08   32.7   0.9   1   4     0.031       2.5    6.1   0.0   188   218    64    95    60   104 0.76 -
XP_005844122.1       -            400 2843at3041           -            356     2e-08   32.7   0.9   2   4   6.5e-05    0.0052   14.9   0.0   167   218    83   137    79   140 0.85 -
XP_005844122.1       -            400 2843at3041           -            356     2e-08   32.7   0.9   3   4    0.0056      0.44    8.5   0.0   211   279   180   252   171   279 0.76 -
XP_005844122.1       -            400 2843at3041           -            356     2e-08   32.7   0.9   4   4     0.033       2.6    6.0   0.0   173   219   259   309   254   318 0.77 -
XP_005847201.1       -            559 2843at3041           -            356   2.8e-08   32.2   0.1   1   2   2.2e-07   1.8e-05   23.0   0.0   132   268   199   354   194   382 0.71 -
XP_005847201.1       -            559 2843at3041           -            356   2.8e-08   32.2   0.1   2   2     0.023       1.8    6.5   0.1   110   179   408   482   363   508 0.80 -
XP_005850900.1       -            484 2843at3041           -            356     3e-08   32.1   0.4   1   3       6.2   4.9e+02   -1.5   0.0   203   227   176   200   159   206 0.67 -
XP_005850900.1       -            484 2843at3041           -            356     3e-08   32.1   0.4   2   3    0.0072      0.57    8.1   0.0   187   245   222   286   217   289 0.70 -
XP_005850900.1       -            484 2843at3041           -            356     3e-08   32.1   0.4   3   3   5.8e-08   4.6e-06   24.9   0.0   190   257   271   343   263   358 0.74 -
XP_005849978.1       -            562 2843at3041           -            356   5.1e-08   31.3   0.6   1   2   0.00051     0.041   11.9   0.0   112   239   332   378   316   400 0.56 -
XP_005849978.1       -            562 2843at3041           -            356   5.1e-08   31.3   0.6   2   2   1.3e-05     0.001   17.2   0.1   112   220   419   535   410   551 0.57 -
XP_005844984.1       -            555 2843at3041           -            356   1.2e-07   30.1   0.1   1   3   1.2e-07   9.6e-06   23.8   0.0   154   220    28   102    15   118 0.77 -
XP_005844984.1       -            555 2843at3041           -            356   1.2e-07   30.1   0.1   2   3       7.5   5.9e+02   -1.8   0.0    16    39   234   258   228   295 0.64 -
XP_005844984.1       -            555 2843at3041           -            356   1.2e-07   30.1   0.1   3   3       0.3        24    2.8   0.0   235   280   353   405   301   425 0.74 -
XP_005851634.1       -            181 2843at3041           -            356   2.3e-07   29.2   0.3   1   2   0.00018     0.014   13.4   0.1   163   219     8    67     4    81 0.60 Chlorella variabilis unplaced genomic scaffold CHLNCscaffold_2, whole genome shotgun sequence.
XP_005851634.1       -            181 2843at3041           -            356   2.3e-07   29.2   0.3   2   2   9.8e-05    0.0078   14.3   0.0   152   206    93   151    77   167 0.68 Chlorella variabilis unplaced genomic scaffold CHLNCscaffold_2, whole genome shotgun sequence.
XP_005845189.1       -            124 2843at3041           -            356   2.3e-07   29.2   0.1   1   2    0.0011     0.085   10.9   0.0   187   219    12    44     7    55 0.86 -
XP_005845189.1       -            124 2843at3041           -            356   2.3e-07   29.2   0.1   2   2   2.3e-05    0.0018   16.4   0.2   152   213    58   123    47   124 0.78 -
XP_005845418.1       -           1601 2843at3041           -            356   2.3e-07   29.2   0.2   1   3       0.8        64    1.4   0.0   171   225    95   152    52   197 0.69 -
XP_005845418.1       -           1601 2843at3041           -            356   2.3e-07   29.2   0.2   2   3     0.036       2.9    5.8   0.0   159   225   271   349   251   377 0.78 -
XP_005845418.1       -           1601 2843at3041           -            356   2.3e-07   29.2   0.2   3   3   9.9e-06   0.00078   17.6   0.0   121   248   379   524   374   565 0.66 -
XP_005846088.1       -           1247 2843at3041           -            356   5.3e-07   28.0   0.9   1   6         5   3.9e+02   -1.2   0.0   120   177   173   230   159   238 0.62 -
XP_005846088.1       -           1247 2843at3041           -            356   5.3e-07   28.0   0.9   2   6     0.044       3.5    5.5   0.0   150   226   354   422   327   431 0.76 -
XP_005846088.1       -           1247 2843at3041           -            356   5.3e-07   28.0   0.9   3   6      0.29        23    2.9   0.0   120   142   400   422   392   506 0.56 -
XP_005846088.1       -           1247 2843at3041           -            356   5.3e-07   28.0   0.9   4   6   4.3e-05    0.0034   15.5   0.0   118   160   540   582   528   590 0.91 -
XP_005846088.1       -           1247 2843at3041           -            356   5.3e-07   28.0   0.9   5   6       6.1   4.9e+02   -1.5   0.0   121   135   793   807   779   812 0.80 -
XP_005846088.1       -           1247 2843at3041           -            356   5.3e-07   28.0   0.9   6   6       5.9   4.7e+02   -1.5   0.0    56    92   925   963   912   978 0.68 -
XP_005849975.1       -            879 2843at3041           -            356   1.1e-06   26.9   0.2   1   3   0.00097     0.077   11.0   0.0   163   223    63   130    51   136 0.72 -
XP_005849975.1       -            879 2843at3041           -            356   1.1e-06   26.9   0.2   2   3   2.2e-07   1.8e-05   23.0   0.1   121   218   111   208   105   230 0.79 -
XP_005849975.1       -            879 2843at3041           -            356   1.1e-06   26.9   0.2   3   3       4.9   3.9e+02   -1.2   0.0   118   140   404   426   374   441 0.56 -
XP_005851608.1       -            797 2843at3041           -            356   1.2e-06   26.9   0.7   1   3    0.0011      0.09   10.8   0.1    45   187   133   280   128   289 0.72 -
XP_005851608.1       -            797 2843at3041           -            356   1.2e-06   26.9   0.7   2   3      0.32        25    2.7   0.0   122   141   400   419   381   438 0.64 -
XP_005851608.1       -            797 2843at3041           -            356   1.2e-06   26.9   0.7   3   3    0.0024      0.19    9.7   0.0   109   144   609   648   600   731 0.74 -
XP_005851629.1       -            408 2843at3041           -            356   1.4e-06   26.6   0.3   1   4       2.4   1.9e+02   -0.2   0.0    50    83    38    75    24    86 0.55 -
XP_005851629.1       -            408 2843at3041           -            356   1.4e-06   26.6   0.3   2   4   2.5e-05     0.002   16.2   0.0   186   258   132   204   108   215 0.83 -
XP_005851629.1       -            408 2843at3041           -            356   1.4e-06   26.6   0.3   3   4       2.1   1.7e+02   -0.0   0.0   185   218   235   267   222   273 0.81 -
XP_005851629.1       -            408 2843at3041           -            356   1.4e-06   26.6   0.3   4   4     0.089       7.1    4.5   0.0   160   196   315   350   302   365 0.71 -
XP_005845823.1       -            524 2843at3041           -            356   1.5e-06   26.5   0.0   1   4       8.5   6.8e+02   -2.0   0.0   187   205     9    27     5    34 0.83 -
XP_005845823.1       -            524 2843at3041           -            356   1.5e-06   26.5   0.0   2   4      0.14        11    3.9   0.0   144   188   223   267   213   304 0.83 -
XP_005845823.1       -            524 2843at3041           -            356   1.5e-06   26.5   0.0   3   4   0.00011    0.0087   14.1   0.0   195   230   368   402   331   430 0.75 -
XP_005845823.1       -            524 2843at3041           -            356   1.5e-06   26.5   0.0   4   4   8.6e-06   0.00069   17.7   0.1   117   256   373   515   370   522 0.71 -
XP_005851353.1       -            727 2843at3041           -            356   2.1e-06   26.0   0.1   1   2   3.7e-05    0.0029   15.7   0.0   160   280    19   146     6   146 0.75 -
XP_005851353.1       -            727 2843at3041           -            356   2.1e-06   26.0   0.1   2   2   0.00014     0.011   13.8   0.2   157   223   100   169    95   175 0.63 -
XP_005846517.1       -            888 2843at3041           -            356   3.4e-06   25.3   0.0   1   2   2.4e-06   0.00019   19.5   0.0   122   211     3   101     1   129 0.72 -
XP_005846517.1       -            888 2843at3041           -            356   3.4e-06   25.3   0.0   2   2      0.18        14    3.5   0.0   197   224   404   431   398   465 0.76 -
XP_005850775.1       -            350 2843at3041           -            356   3.6e-06   25.2   0.0   1   1   8.1e-08   6.4e-06   24.4   0.0   152   299   184   341   165   344 0.75 -
XP_005847117.1       -            783 2843at3041           -            356   5.1e-06   24.7   2.3   1   5       1.9   1.5e+02    0.1   0.0    13    36    15    39     9    49 0.80 -
XP_005847117.1       -            783 2843at3041           -            356   5.1e-06   24.7   2.3   2   5     0.038         3    5.8   0.6   166   220    99   153    27   184 0.68 -
XP_005847117.1       -            783 2843at3041           -            356   5.1e-06   24.7   2.3   3   5       2.4   1.9e+02   -0.1   0.0   232   249   194   211   189   252 0.78 -
XP_005847117.1       -            783 2843at3041           -            356   5.1e-06   24.7   2.3   4   5     0.029       2.3    6.2   0.0   124   189   276   341   254   362 0.72 -
XP_005847117.1       -            783 2843at3041           -            356   5.1e-06   24.7   2.3   5   5      0.18        15    3.5   0.0   162   185   619   642   605   661 0.74 -
XP_005843513.1       -            413 2843at3041           -            356   6.2e-06   24.5   0.1   1   2   2.2e-06   0.00017   19.7   0.1   150   222    49   126    43   146 0.85 -
XP_005843513.1       -            413 2843at3041           -            356   6.2e-06   24.5   0.1   2   2       0.4        32    2.4   0.0   186   224   185   223   136   238 0.70 -
XP_005847066.1       -            115 2843at3041           -            356   1.1e-05   23.6   0.0   1   2   0.00012    0.0097   14.0   0.0   152   215    15    81     2    86 0.77 -
XP_005847066.1       -            115 2843at3041           -            356   1.1e-05   23.6   0.0   2   2    0.0074      0.59    8.1   0.0   189   217    86   114    80   115 0.86 -
XP_005844243.1       -            449 2843at3041           -            356   1.2e-05   23.6   1.1   1   3    0.0038       0.3    9.1   0.1    59   185    51   171    49   195 0.63 -
XP_005844243.1       -            449 2843at3041           -            356   1.2e-05   23.6   1.1   2   3      0.62        49    1.8   0.0    58    70   226   238   219   252 0.84 -
XP_005844243.1       -            449 2843at3041           -            356   1.2e-05   23.6   1.1   3   3    0.0086      0.69    7.9   0.0   234   292   341   402   336   406 0.81 -
XP_005847432.1       -            626 2843at3041           -            356   1.2e-05   23.5   0.0   1   1   2.4e-07   1.9e-05   22.8   0.0    12   218   267   476   256   492 0.66 -
XP_005850674.1       -            429 2843at3041           -            356   1.2e-05   23.5   0.0   1   1   3.8e-07     3e-05   22.2   0.0   150   268    93   219    81   228 0.73 -
XP_005847367.1       -            436 2843at3041           -            356   1.7e-05   23.0   3.1   1   3   9.4e-06   0.00075   17.6   0.5   120   225   124   228   102   239 0.65 -
XP_005847367.1       -            436 2843at3041           -            356   1.7e-05   23.0   3.1   2   3       0.4        32    2.4   0.0   184   220   237   271   230   290 0.73 -
XP_005847367.1       -            436 2843at3041           -            356   1.7e-05   23.0   3.1   3   3      0.16        13    3.7   0.1   128   178   262   313   245   319 0.64 -
XP_005851529.1       -           1149 2843at3041           -            356   1.8e-05   23.0   3.3   1   4      0.55        44    1.9   0.1   183   218   113   151    63   161 0.62 -
XP_005851529.1       -           1149 2843at3041           -            356   1.8e-05   23.0   3.3   2   4       1.2        94    0.8   0.0   186   220   227   264   198   271 0.64 -
XP_005851529.1       -           1149 2843at3041           -            356   1.8e-05   23.0   3.3   3   4    0.0012     0.096   10.7   0.2   127   197   679   747   663   786 0.67 -
XP_005851529.1       -           1149 2843at3041           -            356   1.8e-05   23.0   3.3   4   4     0.028       2.2    6.2   0.0   153   186   760   793   750   801 0.69 -
XP_005848555.1       -            131 2843at3041           -            356   2.1e-05   22.7   0.1   1   2   8.1e-05    0.0064   14.6   0.0   188   255     3    73     1    88 0.77 -
XP_005848555.1       -            131 2843at3041           -            356   2.1e-05   22.7   0.1   2   2     0.022       1.8    6.5   0.0   234   255   106   127    96   131 0.83 -
XP_005849892.1       -            673 2843at3041           -            356     4e-05   21.8   0.0   1   2   6.4e-05    0.0051   14.9   0.0   184   272   328   418   317   425 0.72 -
XP_005849892.1       -            673 2843at3041           -            356     4e-05   21.8   0.0   2   2     0.099       7.9    4.4   0.0   108   216   506   614   454   669 0.68 -
XP_005843802.1       -            190 2843at3041           -            356   4.1e-05   21.8   0.0   1   2   3.5e-05    0.0028   15.7   0.0    57   121    28    93     9    99 0.80 -
XP_005843802.1       -            190 2843at3041           -            356   4.1e-05   21.8   0.0   2   2      0.11       9.1    4.2   0.1   111   175   110   175   102   188 0.65 -
XP_005844302.1       -            568 2843at3041           -            356   4.6e-05   21.6   0.1   1   2   1.3e-05     0.001   17.2   0.1   152   245    19   124    12   143 0.68 -
XP_005844302.1       -            568 2843at3041           -            356   4.6e-05   21.6   0.1   2   2      0.43        35    2.3   0.0   193   219   170   196   146   223 0.75 -
XP_005848714.1       -            269 2843at3041           -            356   5.3e-05   21.4   0.0   1   1   1.1e-06   9.1e-05   20.6   0.0   155   252   143   249   137   261 0.74 -
XP_005849411.1       -            338 2843at3041           -            356   6.5e-05   21.1   3.2   1   3    0.0034      0.27    9.2   0.2   152   220    65   137    58   143 0.77 -
XP_005849411.1       -            338 2843at3041           -            356   6.5e-05   21.1   3.2   2   3       1.7   1.4e+02    0.3   0.0   179   246   148   215   142   240 0.58 -
XP_005849411.1       -            338 2843at3041           -            356   6.5e-05   21.1   3.2   3   3       0.6        47    1.8   0.0    23    40   252   270   241   293 0.72 -
XP_005852179.1       -            455 2843at3041           -            356   7.5e-05   20.9   0.0   1   2      0.16        13    3.7   0.0   184   218    30    64    19    72 0.72 -
XP_005852179.1       -            455 2843at3041           -            356   7.5e-05   20.9   0.0   2   2   7.4e-05    0.0059   14.7   0.0   184   289   254   368   209   372 0.70 -
XP_005843804.1       -            190 2843at3041           -            356   8.8e-05   20.7   0.0   1   2   0.00011    0.0085   14.2   0.0    59   118    30    90    11    99 0.81 -
XP_005843804.1       -            190 2843at3041           -            356   8.8e-05   20.7   0.0   2   2     0.084       6.7    4.6   0.1   111   175   110   175   102   188 0.67 -
XP_005848511.1       -            161 2843at3041           -            356   0.00011   20.3   0.1   1   2      0.18        15    3.5   0.0     8    48    35    76    28    85 0.74 -
XP_005848511.1       -            161 2843at3041           -            356   0.00011   20.3   0.1   2   2   7.9e-05    0.0063   14.6   0.0   151   218    84   154    76   159 0.78 -
XP_005846843.1       -           1254 2843at3041           -            356   0.00025   19.2   4.0   1   4    0.0013      0.11   10.5   0.1   188   231   793   836   781   841 0.84 -
XP_005846843.1       -           1254 2843at3041           -            356   0.00025   19.2   4.0   2   4    0.0093      0.74    7.8   0.1   186   219   839   872   831   917 0.77 -
XP_005846843.1       -           1254 2843at3041           -            356   0.00025   19.2   4.0   3   4       6.1   4.9e+02   -1.5   0.0   119   135  1098  1114  1091  1134 0.75 -
XP_005846843.1       -           1254 2843at3041           -            356   0.00025   19.2   4.0   4   4       6.4   5.1e+02   -1.6   0.0   186   216  1221  1252  1213  1253 0.79 -
XP_005847357.1       -            417 2843at3041           -            356   0.00046   18.3   0.0   1   3     0.038         3    5.8   0.0   187   214   151   178   148   184 0.92 -
XP_005847357.1       -            417 2843at3041           -            356   0.00046   18.3   0.0   2   3      0.14        11    3.9   0.1   118   139   210   231   201   250 0.78 -
XP_005847357.1       -            417 2843at3041           -            356   0.00046   18.3   0.0   3   3     0.077       6.1    4.8   0.0   188   221   257   291   246   297 0.63 -
XP_005847360.1       -            368 2843at3041           -            356    0.0005   18.2   1.5   1   3       2.6   2.1e+02   -0.3   0.0   187   217    63    96    55   108 0.63 -
XP_005847360.1       -            368 2843at3041           -            356    0.0005   18.2   1.5   2   3       1.9   1.5e+02    0.2   0.1   191   221   170   198   158   213 0.70 -
XP_005847360.1       -            368 2843at3041           -            356    0.0005   18.2   1.5   3   3   7.8e-05    0.0062   14.6   0.2   165   228   223   292   189   318 0.77 -
XP_005845353.1       -            487 2843at3041           -            356   0.00079   17.6   0.1   1   3    0.0063       0.5    8.3   0.0   110   181   129   199   116   209 0.79 -
XP_005845353.1       -            487 2843at3041           -            356   0.00079   17.6   0.1   2   3         7   5.5e+02   -1.7   0.0   105   136   270   301   262   306 0.74 -
XP_005845353.1       -            487 2843at3041           -            356   0.00079   17.6   0.1   3   3     0.035       2.8    5.9   0.0   104   135   322   353   315   365 0.62 -
XP_005843071.1       -            358 2843at3041           -            356     0.001   17.1   0.2   1   2   0.00018     0.015   13.4   0.1   108   186    69   150    55   156 0.85 -
XP_005843071.1       -            358 2843at3041           -            356     0.001   17.1   0.2   2   2       1.6   1.2e+02    0.4   0.0   232   268   293   331   287   350 0.72 -
XP_005846057.1       -            872 2843at3041           -            356    0.0012   16.9   0.0   1   2     0.019       1.5    6.8   0.0   153   216    54   124    45   133 0.78 -
XP_005846057.1       -            872 2843at3041           -            356    0.0012   16.9   0.0   2   2     0.014       1.1    7.1   0.0   230   278   728   777   714   781 0.81 -
XP_005846365.1       -            740 2843at3041           -            356    0.0014   16.7   1.1   1   4     0.079       6.3    4.7   0.0   186   220    40    74    34    92 0.71 -
XP_005846365.1       -            740 2843at3041           -            356    0.0014   16.7   1.1   2   4      0.47        37    2.2   0.0   118   138   100   120    91   123 0.87 -
XP_005846365.1       -            740 2843at3041           -            356    0.0014   16.7   1.1   3   4      0.18        14    3.6   0.0   151   191   240   279   233   286 0.87 -
XP_005846365.1       -            740 2843at3041           -            356    0.0014   16.7   1.1   4   4       1.2        99    0.8   0.0   238   278   598   640   579   658 0.57 -
XP_005847572.1       -            356 2843at3041           -            356    0.0017   16.4   1.9   1   2   0.00027     0.022   12.8   1.1   111   233   137   264   132   291 0.67 -
XP_005847572.1       -            356 2843at3041           -            356    0.0017   16.4   1.9   2   2       7.7   6.1e+02   -1.8   0.0    54    78   324   349   321   353 0.67 -
XP_005846000.1       -            288 2843at3041           -            356    0.0023   16.0   6.7   1   2     0.031       2.4    6.1   0.1   120   198    13    99     3   123 0.57 -
XP_005846000.1       -            288 2843at3041           -            356    0.0023   16.0   6.7   2   2     0.001     0.081   10.9   3.0    57   180   136   277   125   285 0.78 -
XP_005851303.1       -            403 2843at3041           -            356    0.0023   16.0   0.3   1   3     0.035       2.8    5.9   0.0   113   136   161   184   152   187 0.88 -
XP_005851303.1       -            403 2843at3041           -            356    0.0023   16.0   0.3   2   3     0.031       2.5    6.1   0.0   185   229   199   244   193   249 0.83 -
XP_005851303.1       -            403 2843at3041           -            356    0.0023   16.0   0.3   3   3         2   1.6e+02    0.1   0.0   139   173   362   399   299   401 0.62 -
XP_005844505.1       -            381 2843at3041           -            356    0.0023   16.0   0.2   1   3      0.53        42    2.0   0.0    58    94    20    61    11    98 0.81 -
XP_005844505.1       -            381 2843at3041           -            356    0.0023   16.0   0.2   2   3     0.017       1.4    6.9   0.0   120   139   132   151   114   156 0.88 -
XP_005844505.1       -            381 2843at3041           -            356    0.0023   16.0   0.2   3   3      0.34        27    2.6   0.0   157   220   193   261   186   309 0.72 -
XP_005851400.1       -           1951 2843at3041           -            356    0.0028   15.7   0.6   1   2    0.0028      0.22    9.5   0.0   165   220   134   192   108   210 0.83 -
XP_005851400.1       -           1951 2843at3041           -            356    0.0028   15.7   0.6   2   2      0.29        23    2.9   0.0   202   221  1360  1379  1343  1406 0.72 -
XP_005850631.1       -            498 2843at3041           -            356    0.0028   15.7   0.3   1   2       4.2   3.4e+02   -1.0   0.0   122   220   181   196   175   209 0.60 -
XP_005850631.1       -            498 2843at3041           -            356    0.0028   15.7   0.3   2   2   0.00013     0.011   13.8   0.1   163   244   326   413   285   420 0.78 -
XP_005843896.1       -            224 2843at3041           -            356    0.0029   15.7   0.2   1   1     8e-05    0.0063   14.6   0.2   154   225    50   121    35   154 0.79 -
XP_005851098.1       -            676 2843at3041           -            356    0.0035   15.4   0.0   1   1    0.0017      0.14   10.2   0.0    13   224   364   593   359   607 0.61 -
XP_005843671.1       -            567 2843at3041           -            356    0.0036   15.4   0.0   1   3     0.037       2.9    5.8   0.0   153   186   137   170   122   200 0.64 -
XP_005843671.1       -            567 2843at3041           -            356    0.0036   15.4   0.0   2   3      0.17        14    3.6   0.0   165   208   277   325   268   340 0.71 -
XP_005843671.1       -            567 2843at3041           -            356    0.0036   15.4   0.0   3   3      0.53        42    2.0   0.0   148   183   482   517   475   538 0.82 -
XP_005851495.1       -            582 2843at3041           -            356    0.0039   15.3   0.1   1   2       2.6   2.1e+02   -0.3   0.0   152   179   138   165   119   176 0.76 -
XP_005851495.1       -            582 2843at3041           -            356    0.0039   15.3   0.1   2   2   0.00046     0.036   12.1   0.1   163   220   275   337   196   351 0.55 -
XP_005844099.1       -            389 2843at3041           -            356    0.0084   14.2   0.4   1   2      0.33        27    2.7   0.0   150   196    85   132    72   157 0.67 -
XP_005844099.1       -            389 2843at3041           -            356    0.0084   14.2   0.4   2   2     0.006      0.48    8.4   0.0   197   225   237   265   184   273 0.80 -
XP_005845831.1       -           1275 2843at3041           -            356    0.0086   14.1   0.0   1   4      0.95        76    1.2   0.0   187   216    50    79    29   105 0.89 -
XP_005845831.1       -           1275 2843at3041           -            356    0.0086   14.1   0.0   2   4      0.81        64    1.4   0.0   188   216    51    79    46   140 0.69 -
XP_005845831.1       -           1275 2843at3041           -            356    0.0086   14.1   0.0   3   4     0.017       1.4    6.9   0.0   114   138   149   173   119   185 0.80 -
XP_005845831.1       -           1275 2843at3041           -            356    0.0086   14.1   0.0   4   4       3.7   2.9e+02   -0.8   0.0   191   239   297   345   290   356 0.84 -
XP_005845412.1       -            760 2843at3041           -            356     0.014   13.4   0.0   1   2      0.35        28    2.6   0.0   164   180   255   271   247   284 0.86 -
XP_005845412.1       -            760 2843at3041           -            356     0.014   13.4   0.0   2   2     0.018       1.4    6.9   0.0   112   136   414   438   407   453 0.70 -
XP_005844205.1       -            260 2843at3041           -            356     0.016   13.3   0.2   1   2     0.029       2.3    6.2   0.1   160   179    62    81    48    90 0.80 -
XP_005844205.1       -            260 2843at3041           -            356     0.016   13.3   0.2   2   2      0.28        22    2.9   0.0    31    70   182   221   168   235 0.85 -
XP_005843207.1       -            790 2843at3041           -            356     0.017   13.1   0.0   1   2      0.57        45    1.9   0.0    33    83   410   460   391   472 0.69 -
XP_005843207.1       -            790 2843at3041           -            356     0.017   13.1   0.0   2   2   0.00071     0.056   11.4   0.0   112   240   440   572   434   580 0.66 -
XP_005847001.1       -           1239 2843at3041           -            356     0.023   12.7   0.0   1   1   0.00049     0.039   12.0   0.0   153   257  1056  1167  1029  1177 0.79 -
XP_005844180.1       -           1041 2843at3041           -            356     0.036   12.1   0.3   1   3       5.8   4.6e+02   -1.4   0.0   188   220   144   176   133   197 0.67 -
XP_005844180.1       -           1041 2843at3041           -            356     0.036   12.1   0.3   2   3    0.0029      0.23    9.4   0.0   152   181   259   288   250   316 0.83 -
XP_005844180.1       -           1041 2843at3041           -            356     0.036   12.1   0.3   3   3       7.6     6e+02   -1.8   0.0    54    79   317   342   309   344 0.88 -
XP_005843492.1       -            294 2843at3041           -            356     0.045   11.8   0.0   1   1   0.00077     0.061   11.3   0.0   184   228    73   118    32   142 0.80 -
XP_005848760.1       -            844 2843at3041           -            356     0.084   10.9   0.0   1   1    0.0026       0.2    9.6   0.0   154   222    58   130    48   191 0.76 -
XP_005852143.1       -            521 2843at3041           -            356     0.085   10.9   0.0   1   2    0.0052      0.42    8.6   0.0   154   219   210   278   152   300 0.82 -
XP_005852143.1       -            521 2843at3041           -            356     0.085   10.9   0.0   2   2       3.9   3.1e+02   -0.9   0.0   203   229   351   377   343   385 0.80 -
#
# Program:         hmmsearch
# Version:         3.1b2 (February 2015)
# Pipeline mode:   SEARCH
# Query file:      /Users/catrionaharrison/Documents/Bioinformatics/rp2/Data/genomes/busco/busco_downloads/lineages/chlorophyta_odb10/hmms/2843at3041.hmm
# Target file:     /Users/catrionaharrison/Documents/Bioinformatics/rp2/Data/genomes/busco/data/chlorella_variabilis.prot.fasta
# Option settings: hmmsearch --domtblout /Users/catrionaharrison/Documents/Bioinformatics/rp2/Data/genomes/busco/Busco_variabilis/run_chlorophyta_odb10/hmmer_output/initial_run_results/2843at3041.out --cpu 1 /Users/catrionaharrison/Documents/Bioinformatics/rp2/Data/genomes/busco/busco_downloads/lineages/chlorophyta_odb10/hmms/2843at3041.hmm /Users/catrionaharrison/Documents/Bioinformatics/rp2/Data/genomes/busco/data/chlorella_variabilis.prot.fasta 
# Current dir:     /Users/catrionaharrison/Documents/Bioinformatics/rp2/Data/genomes/busco
# Date:            Fri Jul 22 15:04:11 2022
# [ok]
