#                                                                            --- full sequence --- -------------- this domain -------------   hmm coord   ali coord   env coord
# target name        accession   tlen query name           accession   qlen   E-value  score  bias   #  of  c-Evalue  i-Evalue  score  bias  from    to  from    to  from    to  acc description of target
#------------------- ---------- ----- -------------------- ---------- ----- --------- ------ ----- --- --- --------- --------- ------ ----- ----- ----- ----- ----- ----- ----- ---- ---------------------
XP_005843484.1       -           1289 2931at3041           -            728  4.8e-221  735.5  19.5   1   6  6.4e-176  2.6e-174  581.1   0.0     1   283    33   330    33   336 0.96 -
XP_005843484.1       -           1289 2931at3041           -            728  4.8e-221  735.5  19.5   2   6       5.9   2.4e+02   -0.6   0.0   278   314   345   381   340   394 0.79 -
XP_005843484.1       -           1289 2931at3041           -            728  4.8e-221  735.5  19.5   3   6    0.0024     0.095   10.6   0.3   274   367   647   738   633   765 0.60 -
XP_005843484.1       -           1289 2931at3041           -            728  4.8e-221  735.5  19.5   4   6   2.7e-05    0.0011   17.0   0.0   372   429   777   849   755   856 0.72 -
XP_005843484.1       -           1289 2931at3041           -            728  4.8e-221  735.5  19.5   5   6   0.00044     0.018   13.0   2.4   415   472   856   913   825   949 0.74 -
XP_005843484.1       -           1289 2931at3041           -            728  4.8e-221  735.5  19.5   6   6   9.8e-36   3.9e-34  117.6   2.6   518   704  1008  1236   994  1251 0.75 -
XP_005845602.1       -            362 2931at3041           -            728   5.6e-91  305.6   0.0   1   1   1.8e-92   7.1e-91  305.2   0.0    10   262   100   362    96   362 0.92 -
XP_005844245.1       -            330 2931at3041           -            728   1.1e-80  271.6   0.0   1   1   3.2e-82   1.3e-80  271.3   0.0     7   268    31   290    23   327 0.92 -
XP_005846169.1       -            592 2931at3041           -            728   1.7e-70  237.9   0.1   1   1   1.1e-71   4.4e-70  236.5   0.1     5   266    14   293    12   314 0.89 -
XP_005842947.1       -            379 2931at3041           -            728   1.5e-64  218.2   0.0   1   1   4.2e-66   1.7e-64  218.0   0.0     6   266     1   271     1   312 0.93 -
XP_005849820.1       -            295 2931at3041           -            728   3.8e-52  177.2   0.0   1   1   1.1e-53   4.5e-52  177.0   0.0     3   256    28   284    26   288 0.92 -
XP_005850216.1       -            585 2931at3041           -            728   3.9e-52  177.2   0.1   1   1   2.3e-53   9.2e-52  175.9   0.1     8   257   302   533   298   551 0.89 -
XP_005848070.1       -            360 2931at3041           -            728   1.5e-50  171.9   0.0   1   1   4.4e-52   1.8e-50  171.7   0.0     8   294    30   314    24   351 0.84 -
XP_005847012.1       -            272 2931at3041           -            728   3.2e-50  170.9   0.0   1   1   9.2e-52   3.7e-50  170.6   0.0     6   271     4   265     2   272 0.92 -
XP_005844310.1       -            288 2931at3041           -            728   1.9e-48  165.0   0.0   1   1   6.2e-50   2.5e-48  164.6   0.0     5   240     8   238     5   242 0.96 -
XP_005850247.1       -            391 2931at3041           -            728   7.9e-48  162.9   0.0   1   1   2.6e-49     1e-47  162.5   0.0     6   265   124   380   121   387 0.93 -
XP_005843149.1       -            373 2931at3041           -            728     1e-47  162.6   0.0   1   1   2.9e-49   1.2e-47  162.4   0.0     2   272    32   321    31   365 0.84 -
XP_005846045.1       -            296 2931at3041           -            728     1e-43  149.3   0.0   1   1   2.9e-45   1.2e-43  149.1   0.0     3   262    18   296    16   296 0.87 -
XP_005848263.1       -            579 2931at3041           -            728   1.2e-43  149.1   0.0   1   1   3.7e-45   1.5e-43  148.8   0.0     5   300    35   327    31   394 0.85 -
XP_005849759.1       -            216 2931at3041           -            728   1.8e-43  148.6   0.0   1   1   4.8e-45   1.9e-43  148.4   0.0    51   263     2   214     1   216 0.90 -
XP_005843148.1       -            387 2931at3041           -            728   3.5e-42  144.2   0.0   1   1   1.2e-43   4.8e-42  143.8   0.0     2   287    36   347    35   383 0.82 -
XP_005851731.1       -            791 2931at3041           -            728     2e-41  141.8   0.1   1   1   1.3e-42   5.2e-41  140.4   0.1    12   314   117   433   110   474 0.79 -
XP_005845710.1       -            414 2931at3041           -            728     2e-41  141.7   0.0   1   1   7.2e-43   2.9e-41  141.2   0.0     2   307    34   354    33   390 0.78 -
XP_005850864.1       -            297 2931at3041           -            728   8.1e-41  139.7   0.0   1   1   2.5e-42   9.8e-41  139.5   0.0     6   262    22   273    19   294 0.91 -
XP_005845079.1       -            429 2931at3041           -            728   1.8e-40  138.6   0.1   1   2   1.6e-29   6.6e-28   97.1   0.1     6   164    30   187    26   192 0.95 -
XP_005845079.1       -            429 2931at3041           -            728   1.8e-40  138.6   0.1   2   2   4.5e-12   1.8e-10   39.4   0.0   158   258   282   381   276   396 0.89 -
XP_005850643.1       -            738 2931at3041           -            728   5.5e-40  137.0   0.0   1   1   1.8e-41   7.3e-40  136.6   0.0     4   264    14   274    11   316 0.92 -
XP_005847370.1       -            445 2931at3041           -            728   7.2e-40  136.6   0.0   1   1   2.1e-41   8.3e-40  136.4   0.0    10   288    37   323    30   413 0.79 -
XP_005848130.1       -            214 2931at3041           -            728   2.7e-39  134.7   0.0   1   1   7.4e-41     3e-39  134.6   0.0    51   263     1   212     1   214 0.92 -
XP_005843959.1       -            289 2931at3041           -            728   3.2e-38  131.2   0.1   1   2   1.7e-38   6.6e-37  126.8   0.0     5   207     2   204     1   223 0.90 -
XP_005843959.1       -            289 2931at3041           -            728   3.2e-38  131.2   0.1   2   2      0.63        25    2.6   0.0   237   262   262   287   253   288 0.90 -
XP_005850318.1       -            872 2931at3041           -            728   4.3e-38  130.7   0.0   1   1   1.4e-39   5.8e-38  130.3   0.0     3   274   515   788   513   853 0.84 -
XP_005844457.1       -            284 2931at3041           -            728     1e-37  129.5   0.0   1   1   3.2e-39   1.3e-37  129.2   0.0     5   244    13   252    11   264 0.88 -
XP_005848385.1       -            308 2931at3041           -            728   1.1e-37  129.4   0.0   1   1   3.2e-39   1.3e-37  129.2   0.0     7   262     1   263     1   283 0.89 -
XP_005843147.1       -            297 2931at3041           -            728   1.7e-37  128.8   0.0   1   1   5.4e-39   2.2e-37  128.4   0.0     2   209    20   247    19   295 0.86 -
XP_005847963.1       -            634 2931at3041           -            728   2.2e-37  128.4   0.0   1   1     7e-39   2.8e-37  128.0   0.0     3   278   106   387   104   490 0.77 -
XP_005848327.1       -            361 2931at3041           -            728   6.2e-37  126.9   0.0   1   2   1.1e-35   4.3e-34  117.5   0.0     4   205    28   230    26   234 0.88 -
XP_005848327.1       -            361 2931at3041           -            728   6.2e-37  126.9   0.0   2   2     0.023      0.93    7.3   0.1   221   273   276   328   267   356 0.81 -
XP_005848697.1       -            589 2931at3041           -            728   2.2e-36  125.1   0.0   1   1   7.1e-38   2.8e-36  124.7   0.0     3   206    26   240    24   243 0.89 -
XP_005845892.1       -            480 2931at3041           -            728   3.5e-36  124.4   0.0   1   1   1.2e-37   4.9e-36  124.0   0.0     3   265    16   281    14   295 0.89 -
XP_005844126.1       -            313 2931at3041           -            728   4.1e-36  124.2   0.0   1   1   1.3e-37   5.2e-36  123.9   0.0    12   263     8   259     3   275 0.91 -
XP_005842975.1       -            944 2931at3041           -            728   4.1e-36  124.2  11.4   1   4     0.039       1.6    6.6   0.0     5    39     2    36     1    47 0.90 -
XP_005842975.1       -            944 2931at3041           -            728   4.1e-36  124.2  11.4   2   4   1.2e-35   4.9e-34  117.3   0.0    46   261    75   295    72   300 0.91 -
XP_005842975.1       -            944 2931at3041           -            728   4.1e-36  124.2  11.4   3   4       3.8   1.5e+02   -0.0   4.4   374   580   544   750   519   760 0.72 -
XP_005842975.1       -            944 2931at3041           -            728   4.1e-36  124.2  11.4   4   4       2.4        95    0.7   5.0   427   573   730   891   662   898 0.66 -
XP_005846235.1       -            221 2931at3041           -            728   4.6e-36  124.0   0.0   1   1   1.4e-37   5.5e-36  123.8   0.0    52   259     5   213     2   219 0.91 -
XP_005846423.1       -            333 2931at3041           -            728   5.5e-36  123.8   0.0   1   1   1.8e-37     7e-36  123.4   0.0     5   297    10   308     7   319 0.85 -
XP_005844292.1       -            557 2931at3041           -            728   8.1e-36  123.2   0.0   1   1   2.5e-37     1e-35  122.9   0.0     2   307    72   390    71   460 0.76 -
XP_005844785.1       -            567 2931at3041           -            728   1.4e-35  122.5   0.0   1   1   8.3e-37   3.3e-35  121.2   0.0     5   205    14   220    11   224 0.88 -
XP_005845648.1       -            421 2931at3041           -            728   1.7e-35  122.1   0.0   1   1   2.7e-36   1.1e-34  119.5   0.0     4   277    65   367    62   387 0.79 -
XP_005851970.1       -           1085 2931at3041           -            728   3.3e-35  121.2   0.1   1   1     2e-36   8.1e-35  119.9   0.1    13   258   690   919   688  1005 0.90 -
XP_005846540.1       -            410 2931at3041           -            728   9.4e-35  119.7   0.2   1   2   9.2e-36   3.7e-34  117.7   0.0     3   233     9   257     7   267 0.87 -
XP_005846540.1       -            410 2931at3041           -            728   9.4e-35  119.7   0.2   2   2       5.6   2.2e+02   -0.6   0.1   231   341   285   395   271   407 0.57 -
XP_005845651.1       -            296 2931at3041           -            728   1.2e-34  119.4   0.0   1   2   2.2e-34   8.9e-33  113.2   0.0     5   205     2   200     1   203 0.91 -
XP_005845651.1       -            296 2931at3041           -            728   1.2e-34  119.4   0.0   2   2       0.2       7.9    4.2   0.1   232   261   256   285   236   289 0.79 -
XP_005849715.1       -            527 2931at3041           -            728   2.4e-34  118.3   0.0   1   1   7.5e-36     3e-34  118.0   0.0     3   275    50   325    48   433 0.83 -
XP_005845688.1       -            351 2931at3041           -            728   2.7e-34  118.2   0.0   1   1   1.1e-35   4.3e-34  117.5   0.0    11   202    15   207     8   221 0.89 -
XP_005851920.1       -            351 2931at3041           -            728   3.6e-34  117.8   0.0   1   1   1.1e-35   4.4e-34  117.5   0.0     6   266    22   292    16   326 0.85 -
XP_005850816.1       -            352 2931at3041           -            728     6e-34  117.0   0.0   1   1   1.8e-35   7.4e-34  116.7   0.0     6   294    12   309     9   345 0.82 -
XP_005850592.1       -            264 2931at3041           -            728   6.6e-34  116.9   0.0   1   1   2.1e-35   8.5e-34  116.5   0.0    80   258    38   229    34   231 0.89 -
XP_005847565.1       -            369 2931at3041           -            728   7.2e-33  113.5   0.0   1   1     2e-34   8.2e-33  113.3   0.0     4   273    22   310    19   364 0.84 -
XP_005843186.1       -            220 2931at3041           -            728   7.6e-33  113.4   0.1   1   2   6.1e-08   2.5e-06   25.7   0.0    53    99     2    48     1    65 0.94 -
XP_005843186.1       -            220 2931at3041           -            728   7.6e-33  113.4   0.1   2   2   3.7e-26   1.5e-24   86.0   0.0   120   252    86   216    81   220 0.89 -
XP_005850890.1       -            423 2931at3041           -            728   1.2e-32  112.8   0.3   1   2   1.5e-30     6e-29  100.5   0.0    12   205     9   204     1   220 0.84 -
XP_005850890.1       -            423 2931at3041           -            728   1.2e-32  112.8   0.3   2   2    0.0029      0.11   10.3   0.4   210   329   233   358   223   374 0.66 -
XP_005850969.1       -            715 2931at3041           -            728   1.5e-32  112.5   0.0   1   2    0.0013     0.053   11.4   0.0     5    67   365   424   364   431 0.92 -
XP_005850969.1       -            715 2931at3041           -            728   1.5e-32  112.5   0.0   2   2     5e-30     2e-28   98.8   0.0    81   257   502   689   497   705 0.87 -
XP_005845612.1       -            391 2931at3041           -            728   1.5e-32  112.4   0.2   1   2   1.7e-30     7e-29  100.3   0.0    20   179    45   211    16   218 0.85 -
XP_005845612.1       -            391 2931at3041           -            728   1.5e-32  112.4   0.2   2   2    0.0031      0.12   10.2   0.1   226   307   256   339   254   368 0.67 -
XP_005843023.1       -            382 2931at3041           -            728   4.8e-32  110.7   0.0   1   2   5.1e-33   2.1e-31  108.7   0.0     6   205    33   242    30   246 0.84 -
XP_005843023.1       -            382 2931at3041           -            728   4.8e-32  110.7   0.0   2   2       6.2   2.5e+02   -0.7   0.1   232   264   299   331   295   354 0.84 -
XP_005848698.1       -            209 2931at3041           -            728   6.3e-32  110.4   0.0   1   1   1.7e-33   6.9e-32  110.2   0.0    57   258     2   204     1   209 0.91 -
XP_005845820.1       -            868 2931at3041           -            728   1.2e-31  109.4   0.2   1   1   6.3e-33   2.5e-31  108.4   0.2    12   258   499   731   497   735 0.87 -
XP_005850346.1       -           1209 2931at3041           -            728   2.8e-31  108.2   0.0   1   1   6.9e-33   2.8e-31  108.2   0.0    11   258   868  1112   866  1117 0.87 -
XP_005846340.1       -            512 2931at3041           -            728     3e-31  108.1   0.4   1   2   3.5e-27   1.4e-25   89.4   0.0     5   153    80   227    76   235 0.92 -
XP_005846340.1       -            512 2931at3041           -            728     3e-31  108.1   0.4   2   2   3.9e-05    0.0016   16.5   0.1   185   221   327   363   315   388 0.88 -
XP_005843557.1       -            642 2931at3041           -            728   9.5e-31  106.5   0.0   1   2   2.8e-05    0.0011   17.0   0.0    10    95   301   385   295   394 0.92 -
XP_005843557.1       -            642 2931at3041           -            728   9.5e-31  106.5   0.0   2   2   1.4e-26   5.5e-25   87.4   0.0   102   297   415   618   399   639 0.84 -
XP_005844589.1       -           1199 2931at3041           -            728   1.1e-30  106.3   0.0   1   1   4.3e-32   1.7e-30  105.6   0.0    13   258   785  1029   783  1031 0.82 -
XP_005852287.1       -           1121 2931at3041           -            728   1.2e-30  106.2   0.1   1   1   7.5e-32     3e-30  104.8   0.1    12   263   774  1016   771  1035 0.83 -
XP_005850079.1       -            541 2931at3041           -            728   1.5e-30  105.8   0.1   1   1   4.7e-32   1.9e-30  105.5   0.1    11   298   126   419   123   491 0.81 -
XP_005844767.1       -           1278 2931at3041           -            728   1.6e-30  105.7   0.0   1   1   6.3e-32   2.5e-30  105.1   0.0     9   257   929  1183   926  1198 0.81 -
XP_005850397.1       -            648 2931at3041           -            728   1.6e-30  105.7   0.1   1   1   1.4e-31   5.5e-30  103.9   0.1    12   259   302   535   300   595 0.88 -
XP_005847290.1       -            770 2931at3041           -            728   1.7e-30  105.6   0.1   1   2   5.2e-05    0.0021   16.1   0.0     8    68   387   444   383   450 0.90 -
XP_005847290.1       -            770 2931at3041           -            728   1.7e-30  105.6   0.1   2   2   1.5e-26     6e-25   87.3   0.0    80   257   561   749   556   756 0.91 -
XP_005845516.1       -            427 2931at3041           -            728   1.8e-30  105.5   0.0   1   1   4.5e-32   1.8e-30  105.5   0.0     6   205    91   290    86   296 0.81 -
XP_005850922.1       -            657 2931at3041           -            728   2.2e-30  105.3   0.0   1   1     1e-31   4.2e-30  104.3   0.0    11   258   394   630   391   632 0.87 -
XP_005849560.1       -            379 2931at3041           -            728   5.6e-30  103.9   0.0   1   1   4.9e-31     2e-29  102.1   0.0     6   309    36   341    33   352 0.79 -
XP_005843577.1       -            318 2931at3041           -            728   1.1e-29  103.0   0.4   1   2   6.2e-30   2.5e-28   98.5   0.0     6   201     3   208     1   230 0.82 -
XP_005843577.1       -            318 2931at3041           -            728   1.1e-29  103.0   0.4   2   2      0.49        20    2.9   0.1   237   270   271   304   256   315 0.82 -
XP_005851971.1       -            944 2931at3041           -            728   1.1e-29  103.0   1.0   1   1     1e-30   4.1e-29  101.0   1.0    13   257   662   891   660   894 0.88 -
XP_005845209.1       -            257 2931at3041           -            728   1.1e-29  102.9   0.0   1   1   3.3e-31   1.3e-29  102.7   0.0    10   250     5   254     1   256 0.86 -
XP_005851655.1       -            612 2931at3041           -            728   2.8e-29  101.6   0.9   1   1   9.1e-31   3.7e-29  101.2   0.4    13   206   412   602   407   604 0.89 -
XP_005848350.1       -            340 2931at3041           -            728   3.7e-29  101.2   0.0   1   1   1.2e-30   4.8e-29  100.8   0.0     6   297    25   325    21   335 0.84 -
XP_005849559.1       -            387 2931at3041           -            728   3.8e-29  101.2   0.0   1   2   0.00058     0.023   12.6   0.0     7    38    45    76    42    78 0.88 -
XP_005849559.1       -            387 2931at3041           -            728   3.8e-29  101.2   0.0   2   2   2.4e-26   9.6e-25   86.6   0.0    66   317    83   353    80   379 0.77 -
XP_005849558.1       -            388 2931at3041           -            728   5.3e-29  100.7   0.0   1   1   1.8e-30   7.1e-29  100.3   0.0    12   264    36   295    32   322 0.86 -
XP_005844175.1       -            487 2931at3041           -            728   5.7e-29  100.6   0.0   1   1   2.4e-30   9.5e-29   99.9   0.0    79   265     2   191     1   226 0.86 -
XP_005846934.1       -            295 2931at3041           -            728   6.9e-29  100.3   0.0   1   1   2.2e-30   8.6e-29  100.0   0.0    13   252     1   252     1   260 0.85 -
XP_005845046.1       -            353 2931at3041           -            728   9.3e-29   99.9   0.0   1   3   1.1e-21   4.5e-20   71.2   0.0     6   141    42   177    39   179 0.88 -
XP_005845046.1       -            353 2931at3041           -            728   9.3e-29   99.9   0.0   2   3   7.9e-08   3.2e-06   25.4   0.0   142   205   203   266   193   276 0.85 -
XP_005845046.1       -            353 2931at3041           -            728   9.3e-29   99.9   0.0   3   3       7.7   3.1e+02   -1.0   0.0   232   262   322   352   318   353 0.84 -
XP_005849701.1       -           1217 2931at3041           -            728   1.2e-28   99.5   0.2   1   2     0.001     0.042   11.8   0.0     8    65   744   798   739   807 0.73 -
XP_005849701.1       -           1217 2931at3041           -            728   1.2e-28   99.5   0.2   2   2     5e-26     2e-24   85.5   0.0    83   257   864  1049   863  1069 0.88 -
XP_005849160.1       -            249 2931at3041           -            728   1.5e-28   99.2   0.0   1   1   4.3e-30   1.7e-28   99.0   0.0    11   257     2   249     1   249 0.89 -
XP_005847753.1       -            927 2931at3041           -            728   1.7e-28   99.0   0.4   1   3   2.3e-06   9.4e-05   20.5   0.0    12    71   690   746   687   756 0.88 -
XP_005847753.1       -            927 2931at3041           -            728   1.7e-28   99.0   0.4   2   3   1.4e-20   5.7e-19   67.5   0.0   114   204   777   867   773   869 0.94 -
XP_005847753.1       -            927 2931at3041           -            728   1.7e-28   99.0   0.4   3   3      0.02       0.8    7.5   0.1   235   258   871   894   868   914 0.88 -
XP_005848087.1       -            925 2931at3041           -            728   1.9e-28   98.8   0.3   1   2     1e-27     4e-26   91.2   0.0    12   197   497   672   495   681 0.91 -
XP_005848087.1       -            925 2931at3041           -            728   1.9e-28   98.8   0.3   2   2      0.06       2.4    5.9   0.3   227   257   676   706   674   710 0.92 -
XP_005843382.1       -            797 2931at3041           -            728     2e-28   98.8   0.8   1   2   1.4e-19   5.6e-18   64.3   0.2    12   151   399   539   391   547 0.85 -
XP_005843382.1       -            797 2931at3041           -            728     2e-28   98.8   0.8   2   2     4e-10   1.6e-08   33.0   0.0   160   269   610   724   601   788 0.76 -
XP_005846738.1       -            909 2931at3041           -            728   2.5e-28   98.5   0.1   1   1   2.3e-29     9e-28   96.6   0.1    11   259   570   813   569   902 0.81 -
XP_005842606.1       -            154 2931at3041           -            728   7.4e-28   96.9   0.1   1   1   2.2e-29   8.8e-28   96.6   0.1     5   151     8   153     6   154 0.94 -
XP_005850273.1       -           1043 2931at3041           -            728   1.9e-27   95.5   0.2   1   1   1.1e-28   4.4e-27   94.4   0.2    12   257   785  1020   782  1030 0.89 -
XP_005847472.1       -            542 2931at3041           -            728   2.5e-27   95.1   0.0   1   1   9.8e-29   3.9e-27   94.5   0.0    16   215   310   511   305   514 0.85 -
XP_005846337.1       -           1564 2931at3041           -            728   2.7e-27   95.1   0.2   1   3   3.9e-14   1.6e-12   46.2   0.0    12    72   479   539   471   546 0.94 -
XP_005846337.1       -           1564 2931at3041           -            728   2.7e-27   95.1   0.2   2   3   1.2e-12   4.8e-11   41.3   0.0   113   164   799   849   766   870 0.82 -
XP_005846337.1       -           1564 2931at3041           -            728   2.7e-27   95.1   0.2   3   3      0.32        13    3.5   0.1   163   200   878   916   864   920 0.85 -
XP_005846515.1       -            334 2931at3041           -            728     5e-27   94.2   0.1   1   1     3e-28   1.2e-26   92.9   0.1     4   205     9   226     8   230 0.79 -
XP_005850782.1       -            342 2931at3041           -            728   7.3e-27   93.6   0.0   1   1   2.7e-28   1.1e-26   93.1   0.0     5   256    26   285    23   296 0.83 -
XP_005844195.1       -            502 2931at3041           -            728   9.6e-27   93.2   0.0   1   1   3.6e-28   1.5e-26   92.6   0.0     5   258   197   474   196   478 0.80 -
XP_005844600.1       -            292 2931at3041           -            728   1.2e-26   92.9   0.0   1   1   3.7e-28   1.5e-26   92.6   0.0     5   220     4   223     1   227 0.88 -
XP_005845299.1       -            479 2931at3041           -            728   1.2e-26   92.8   0.0   1   1   3.9e-28   1.5e-26   92.5   0.0     3   213   102   320   100   329 0.84 -
XP_005847536.1       -            926 2931at3041           -            728   5.7e-26   90.7   0.0   1   1   1.4e-27   5.7e-26   90.7   0.0     6   212   622   844   619   908 0.77 -
XP_005849129.1       -            635 2931at3041           -            728   8.6e-26   90.1   0.1   1   3   2.4e-06   9.5e-05   20.5   0.0     2    61   133   196   132   198 0.77 -
XP_005849129.1       -            635 2931at3041           -            728   8.6e-26   90.1   0.1   2   3      0.83        33    2.2   0.0   123   141   208   227   200   238 0.83 -
XP_005849129.1       -            635 2931at3041           -            728   8.6e-26   90.1   0.1   3   3   2.1e-19   8.5e-18   63.6   0.1   145   312   319   492   315   520 0.80 -
XP_005848219.1       -            820 2931at3041           -            728     1e-25   89.8   0.1   1   2   4.2e-19   1.7e-17   62.7   0.0     7   140    27   163    24   180 0.87 -
XP_005848219.1       -            820 2931at3041           -            728     1e-25   89.8   0.1   2   2     1e-07   4.1e-06   25.0   0.0   144   265   193   317   189   351 0.86 -
XP_005851518.1       -            782 2931at3041           -            728     7e-25   87.1   0.0   1   1   2.3e-26   9.2e-25   86.7   0.0     3   284   170   456   168   490 0.87 -
XP_005847070.1       -            521 2931at3041           -            728   1.5e-24   85.9   0.2   1   1   3.8e-26   1.5e-24   85.9   0.2    12   258   264   504   262   506 0.86 -
XP_005846125.1       -           1435 2931at3041           -            728   1.7e-24   85.8   1.2   1   1     2e-25   7.9e-24   83.6   1.2    17   260   666   887   652  1062 0.69 -
XP_005847535.1       -            235 2931at3041           -            728   1.9e-24   85.6   0.0   1   1   8.1e-26   3.2e-24   84.9   0.0    59   255     2   215     1   223 0.78 -
XP_005845055.1       -            996 2931at3041           -            728   3.2e-24   84.9   1.4   1   2   5.7e-24   2.3e-22   78.8   0.2    52   205   599   756   586   759 0.83 -
XP_005845055.1       -            996 2931at3041           -            728   3.2e-24   84.9   1.4   2   2      0.13       5.3    4.8   0.1   234   265   872   903   869   927 0.89 -
XP_005849362.1       -            730 2931at3041           -            728   4.3e-24   84.5   0.0   1   2   1.1e-13   4.5e-12   44.7   0.0     6   151   399   547   394   556 0.89 -
XP_005849362.1       -            730 2931at3041           -            728   4.3e-24   84.5   0.0   2   2   1.5e-11     6e-10   37.7   0.0   161   264   611   720   605   728 0.87 -
XP_005849414.1       -            462 2931at3041           -            728   4.4e-24   84.4   0.0   1   1   5.4e-25   2.2e-23   82.1   0.0     7   266    87   373    83   450 0.74 -
XP_005848611.1       -            234 2931at3041           -            728   5.3e-24   84.2   0.0   1   1   1.4e-25   5.7e-24   84.0   0.0    57   228     1   179     1   214 0.83 -
XP_005844850.1       -            673 2931at3041           -            728   1.6e-23   82.5   0.0   1   2   7.1e-10   2.9e-08   32.1   0.0     7    70   274   337   270   375 0.90 -
XP_005844850.1       -            673 2931at3041           -            728   1.6e-23   82.5   0.0   2   2     1e-14     4e-13   48.2   0.0    77   212   444   592   435   600 0.78 -
XP_005843332.1       -            248 2931at3041           -            728   1.9e-23   82.3   0.0   1   1     6e-25   2.4e-23   82.0   0.0     8   251     8   242     5   247 0.88 -
XP_005842879.1       -            191 2931at3041           -            728   8.1e-23   80.2   0.1   1   1   2.7e-24   1.1e-22   79.9   0.1    67   261     1   191     1   191 0.90 -
XP_005845997.1       -            313 2931at3041           -            728   8.3e-23   80.2   0.0   1   2    0.0001    0.0042   15.1   0.0    44    99    20    73    16    90 0.87 -
XP_005845997.1       -            313 2931at3041           -            728   8.3e-23   80.2   0.0   2   2   2.7e-19   1.1e-17   63.3   0.0   117   233   111   227   102   295 0.82 -
XP_005843603.1       -            345 2931at3041           -            728   1.3e-22   79.6   0.1   1   2   5.5e-23   2.2e-21   75.5   0.0     5   208    46   243    44   255 0.89 -
XP_005843603.1       -            345 2931at3041           -            728   1.3e-22   79.6   0.1   2   2      0.95        38    2.0   0.0   231   266   303   338   300   342 0.91 -
XP_005844717.1       -            437 2931at3041           -            728     3e-22   78.4   0.0   1   1   1.2e-23   4.7e-22   77.7   0.0     3   262   155   433   153   437 0.78 -
XP_005843444.1       -            793 2931at3041           -            728   3.1e-22   78.3   0.2   1   1   5.6e-23   2.2e-21   75.5   0.2    31   300    98   388    89   439 0.69 -
XP_005849952.1       -           1028 2931at3041           -            728   4.5e-22   77.8   0.1   1   2   0.00059     0.024   12.6   0.0     6    65   658   714   654   723 0.72 -
XP_005849952.1       -           1028 2931at3041           -            728   4.5e-22   77.8   0.1   2   2   3.4e-19   1.3e-17   63.0   0.0    85   251   800   973   791  1022 0.80 -
XP_005850995.1       -            260 2931at3041           -            728   4.9e-22   77.6   0.0   1   1   1.6e-23   6.3e-22   77.3   0.0    79   258    18   209    15   217 0.87 -
XP_005851329.1       -            536 2931at3041           -            728   1.1e-21   76.5   0.4   1   2   2.7e-08   1.1e-06   26.9   0.0    13    98   208   297   206   300 0.79 -
XP_005851329.1       -            536 2931at3041           -            728   1.1e-21   76.5   0.4   2   2   2.8e-14   1.1e-12   46.7   0.4   135   259   322   435   319   509 0.79 -
XP_005847237.1       -            639 2931at3041           -            728   1.5e-21   76.0   0.0   1   1   5.5e-23   2.2e-21   75.5   0.0    23   206   309   503   306   515 0.84 -
XP_005851494.1       -            652 2931at3041           -            728   3.9e-21   74.7   0.0   1   2   0.00022    0.0088   14.0   0.0     8    68   237   295   233   309 0.84 -
XP_005851494.1       -            652 2931at3041           -            728   3.9e-21   74.7   0.0   2   2     8e-18   3.2e-16   58.4   0.0    82   258   437   630   430   650 0.83 -
XP_005844959.1       -            622 2931at3041           -            728   8.5e-21   73.6   1.3   1   2   1.3e-11   5.3e-10   37.9   0.0     6    69   232   295   229   313 0.93 -
XP_005844959.1       -            622 2931at3041           -            728   8.5e-21   73.6   1.3   2   2   2.1e-09   8.5e-08   30.6   0.5   114   257   441   612   400   615 0.78 -
XP_005849057.1       -           1046 2931at3041           -            728   1.1e-20   73.2   0.1   1   1   1.1e-21   4.5e-20   71.2   0.0    44   324   215   517   210   546 0.79 -
XP_005851612.1       -            415 2931at3041           -            728   1.2e-20   73.1   0.2   1   3   1.1e-07   4.6e-06   24.9   0.0     7    73    48   124    45   129 0.74 -
XP_005851612.1       -            415 2931at3041           -            728   1.2e-20   73.1   0.2   2   3   2.2e-06   8.7e-05   20.6   0.0   115   157   198   246   155   254 0.73 -
XP_005851612.1       -            415 2931at3041           -            728   1.2e-20   73.1   0.2   3   3   2.3e-07   9.1e-06   23.9   0.2   169   254   298   393   290   399 0.88 -
XP_005844178.1       -           1246 2931at3041           -            728   1.6e-20   72.6   0.1   1   1   1.2e-21   4.6e-20   71.1   0.1    12   278   675   920   673   998 0.80 -
XP_005844512.1       -            380 2931at3041           -            728   1.1e-19   69.9   0.0   1   1   4.7e-21   1.9e-19   69.1   0.0    10   297    35   334    29   367 0.80 -
XP_005844631.1       -            255 2931at3041           -            728   1.3e-19   69.6   0.0   1   1   4.4e-21   1.8e-19   69.2   0.0    50   253     3   224     1   235 0.80 -
XP_005851315.1       -            184 2931at3041           -            728   2.5e-19   68.7   0.0   1   1   7.3e-21   2.9e-19   68.5   0.0    84   252     6   183     4   184 0.82 -
XP_005847121.1       -            225 2931at3041           -            728   2.5e-19   68.7   0.0   1   1   8.7e-21   3.5e-19   68.2   0.0    51   212    28   195    24   205 0.85 -
XP_005843486.1       -            653 2931at3041           -            728   3.2e-19   68.4   0.2   1   2      0.23       9.4    4.0   0.1     8    38   291   319   288   325 0.85 -
XP_005843486.1       -            653 2931at3041           -            728   3.2e-19   68.4   0.2   2   2   5.8e-19   2.3e-17   62.2   0.0    77   258   403   595   371   597 0.80 -
XP_005850561.1       -           1019 2931at3041           -            728   4.4e-19   67.9   0.7   1   2      0.34        14    3.4   0.0    11    41   775   803   774   810 0.89 -
XP_005850561.1       -           1019 2931at3041           -            728   4.4e-19   67.9   0.7   2   2   6.6e-19   2.6e-17   62.0   0.1   115   258   840   983   836  1012 0.87 -
XP_005847455.1       -            931 2931at3041           -            728   9.5e-19   66.8   0.0   1   1   6.1e-20   2.5e-18   65.4   0.0     7   179   710   880   707   892 0.81 -
XP_005844903.1       -            779 2931at3041           -            728     1e-18   66.7   4.5   1   2     0.066       2.7    5.8   0.0     4    38   354   386   351   391 0.86 -
XP_005844903.1       -            779 2931at3041           -            728     1e-18   66.7   4.5   2   2   1.1e-18   4.4e-17   61.3   0.0    74   256   455   647   415   657 0.81 -
XP_005846625.1       -            309 2931at3041           -            728   1.4e-18   66.2   0.0   1   1   5.2e-20   2.1e-18   65.7   0.0    21   205     1   204     1   210 0.80 -
XP_005844043.1       -            791 2931at3041           -            728   2.6e-18   65.3   0.1   1   2   2.5e-10     1e-08   33.6   0.0    30   179    65   219    61   225 0.83 -
XP_005844043.1       -            791 2931at3041           -            728   2.6e-18   65.3   0.1   2   2   5.1e-09   2.1e-07   29.3   0.2   187   265   249   331   241   349 0.87 -
XP_005843211.1       -            152 2931at3041           -            728   2.9e-18   65.2   0.0   1   1   9.1e-20   3.7e-18   64.9   0.0    54   197     2   150     1   152 0.81 -
XP_005849433.1       -           1452 2931at3041           -            728     5e-18   64.4   0.5   1   3   4.9e-07     2e-05   22.8   0.0     5    68   275   336   272   345 0.92 -
XP_005849433.1       -           1452 2931at3041           -            728     5e-18   64.4   0.5   2   3       3.6   1.4e+02    0.1   1.2   287   332   475   520   451   536 0.71 -
XP_005849433.1       -           1452 2931at3041           -            728     5e-18   64.4   0.5   3   3   3.1e-11   1.2e-09   36.6   0.0    79   255  1189  1380  1181  1409 0.79 -
XP_005842654.1       -            181 2931at3041           -            728   7.4e-18   63.8   0.0   1   1   2.4e-19   9.6e-18   63.5   0.0   117   250    10   150     4   157 0.91 -
XP_005848826.1       -            425 2931at3041           -            728   1.7e-17   62.6   0.8   1   1   1.9e-18   7.6e-17   60.5   0.8    12   277   162   406   160   418 0.83 -
XP_005844803.1       -            148 2931at3041           -            728     4e-17   61.4   0.0   1   1     1e-18     4e-17   61.4   0.0   118   212     3    98     1   142 0.91 -
XP_005850102.1       -            261 2931at3041           -            728   4.2e-17   61.3   0.0   1   1   1.3e-18   5.1e-17   61.1   0.0   133   265     2   135     1   158 0.89 -
XP_005847493.1       -            175 2931at3041           -            728     6e-17   60.8   0.0   1   1     2e-18   8.1e-17   60.4   0.0    52   207     4   163     1   173 0.83 -
XP_005850427.1       -            414 2931at3041           -            728   2.1e-16   59.1   6.4   1   3     1e-05   0.00041   18.4   0.5     4   140    14   157    11   160 0.81 -
XP_005850427.1       -            414 2931at3041           -            728   2.1e-16   59.1   6.4   2   3   9.8e-08   3.9e-06   25.1   0.0   146   203   255   308   252   312 0.90 -
XP_005850427.1       -            414 2931at3041           -            728   2.1e-16   59.1   6.4   3   3   3.9e-05    0.0016   16.5   0.5   227   262   379   414   371   414 0.94 -
XP_005851310.1       -            293 2931at3041           -            728     4e-16   58.1   0.0   1   1   2.1e-17   8.5e-16   57.0   0.0     6   156     5   153     3   197 0.76 -
XP_005849225.1       -            219 2931at3041           -            728   5.5e-16   57.7   0.3   1   1   7.3e-17   2.9e-15   55.3   0.2   115   257    75   211    69   214 0.86 -
XP_005842800.1       -            142 2931at3041           -            728   5.6e-16   57.6   0.0   1   1   1.5e-17   6.1e-16   57.5   0.0   120   262     2   142     1   142 0.94 -
XP_005844411.1       -            364 2931at3041           -            728   1.2e-15   56.6   0.6   1   2   1.7e-14   6.9e-13   47.4   0.0     6   205    70   272    65   275 0.82 -
XP_005844411.1       -            364 2931at3041           -            728   1.2e-15   56.6   0.6   2   2     0.026         1    7.1   0.3   238   262   340   364   335   364 0.96 -
XP_005846952.1       -            147 2931at3041           -            728   1.2e-15   56.5   0.1   1   1   3.4e-17   1.4e-15   56.3   0.1   120   256     2   141     1   144 0.88 -
XP_005851827.1       -            876 2931at3041           -            728   3.5e-15   55.0   1.4   1   3      0.06       2.4    6.0   0.0     7    70   396   456   393   463 0.92 -
XP_005851827.1       -            876 2931at3041           -            728   3.5e-15   55.0   1.4   2   3   1.6e-05   0.00064   17.8   0.0   116   152   644   686   630   696 0.76 -
XP_005851827.1       -            876 2931at3041           -            728   3.5e-15   55.0   1.4   3   3     1e-08   4.1e-07   28.3   0.2   162   258   745   841   738   854 0.89 -
XP_005844632.1       -            148 2931at3041           -            728   8.1e-15   53.8   0.0   1   1     3e-16   1.2e-14   53.2   0.0   122   255     9   142     2   146 0.84 -
XP_005845704.1       -           1253 2931at3041           -            728   1.4e-14   53.1   0.0   1   1     7e-16   2.8e-14   52.0   0.0     6   202   909  1120   906  1130 0.77 -
XP_005848072.1       -            647 2931at3041           -            728   1.6e-14   52.8   0.0   1   2      0.93        37    2.0   0.0     8    25   193   210   189   221 0.75 -
XP_005848072.1       -            647 2931at3041           -            728   1.6e-14   52.8   0.0   2   2   7.8e-15   3.1e-13   48.6   0.0    81   206   222   355   214   378 0.77 -
XP_005844746.1       -            504 2931at3041           -            728   1.7e-14   52.8   0.4   1   1   3.5e-15   1.4e-13   49.7   0.4    31   204   273   435   237   502 0.83 -
XP_005850610.1       -            495 2931at3041           -            728   1.9e-14   52.6   0.0   1   2   2.8e-14   1.1e-12   46.7   0.0    27   155   160   307   128   314 0.75 -
XP_005850610.1       -            495 2931at3041           -            728   1.9e-14   52.6   0.0   2   2      0.31        12    3.6   0.0   168   256   366   461   350   482 0.79 -
XP_005845995.1       -            147 2931at3041           -            728   2.2e-14   52.4   0.0   1   1   7.4e-16     3e-14   51.9   0.0   117   206     2    91     1   102 0.85 -
XP_005843209.1       -           1374 2931at3041           -            728   2.3e-14   52.3   0.4   1   1   2.2e-15   8.9e-14   50.3   0.4    40   258  1036  1244   998  1277 0.79 -
XP_005845485.1       -            170 2931at3041           -            728   2.6e-14   52.1   0.0   1   1     9e-16   3.6e-14   51.7   0.0   117   207    19   110    14   116 0.90 -
XP_005842866.1       -            953 2931at3041           -            728     3e-14   51.9   0.0   1   1   1.5e-15   5.9e-14   50.9   0.0     3   153    26   185    24   192 0.86 -
XP_005843963.1       -            428 2931at3041           -            728   4.3e-14   51.4   0.0   1   1   1.3e-15   5.1e-14   51.2   0.0    27   189    45   210    20   297 0.75 -
XP_005844128.1       -            911 2931at3041           -            728   7.1e-14   50.7   0.0   1   1   3.1e-15   1.2e-13   49.9   0.0   114   205   770   860   766   872 0.88 -
XP_005843214.1       -            504 2931at3041           -            728   8.1e-14   50.5   0.0   1   2     0.055       2.2    6.1   0.0     6    26   145   165   141   171 0.87 -
XP_005843214.1       -            504 2931at3041           -            728   8.1e-14   50.5   0.0   2   2   6.6e-13   2.7e-11   42.2   0.0   112   179   311   378   295   386 0.84 -
XP_005844389.1       -            671 2931at3041           -            728     1e-13   50.1   0.0   1   2   7.6e-09     3e-07   28.8   0.0     8    74   458   528   454   532 0.83 -
XP_005844389.1       -            671 2931at3041           -            728     1e-13   50.1   0.0   2   2   7.4e-06    0.0003   18.9   0.0    77   152   561   650   557   658 0.76 -
XP_005851910.1       -             87 2931at3041           -            728   1.1e-13   50.1   0.0   1   1     3e-15   1.2e-13   49.9   0.0   117   194     6    86     2    87 0.86 -
XP_005849951.1       -            298 2931at3041           -            728   1.1e-13   50.0   0.0   1   1   3.7e-15   1.5e-13   49.6   0.0    83   253    45   226    42   232 0.83 -
XP_005851619.1       -            246 2931at3041           -            728   1.2e-13   50.0   0.1   1   2   5.8e-13   2.3e-11   42.4   0.0    11   154     8   156     2   196 0.84 -
XP_005851619.1       -            246 2931at3041           -            728   1.2e-13   50.0   0.1   2   2     0.085       3.4    5.4   0.2   234   258   220   243   216   246 0.86 -
XP_005848395.1       -            843 2931at3041           -            728   1.2e-13   49.9   0.0   1   1   7.3e-15   2.9e-13   48.6   0.0     4   204   543   738   540   744 0.73 -
XP_005844186.1       -            380 2931at3041           -            728   7.4e-13   47.3   0.1   1   2   1.1e-13   4.4e-12   44.8   0.0    12   137    47   175    39   180 0.82 -
XP_005844186.1       -            380 2931at3041           -            728   7.4e-13   47.3   0.1   2   2       4.2   1.7e+02   -0.1   0.0   145   160   202   217   189   320 0.70 -
XP_005847172.1       -            160 2931at3041           -            728   7.7e-13   47.3   0.0   1   1     2e-14   7.8e-13   47.2   0.0   112   209     6   106     2   159 0.83 -
XP_005848249.1       -            355 2931at3041           -            728   1.9e-12   46.0   0.0   1   1   5.6e-14   2.2e-12   45.7   0.0   112   253   189   338    85   344 0.82 -
XP_005845172.1       -           1464 2931at3041           -            728   2.1e-12   45.8   0.1   1   2   7.1e-07   2.8e-05   22.2   0.0    12   177   773   930   766   933 0.62 -
XP_005845172.1       -           1464 2931at3041           -            728   2.1e-12   45.8   0.1   2   2   3.8e-05    0.0015   16.5   0.0   178   256   958  1049   954  1135 0.75 -
XP_005842566.1       -            224 2931at3041           -            728   2.7e-12   45.4   0.0   1   1   8.3e-14   3.3e-12   45.2   0.0    79   213    78   223    75   224 0.84 -
XP_005847989.1       -           1000 2931at3041           -            728   3.3e-12   45.2   0.9   1   1   3.3e-13   1.3e-11   43.2   0.9    12   204   760   946   758   992 0.79 -
XP_005851383.1       -            889 2931at3041           -            728   3.5e-12   45.1   0.0   1   1   1.6e-13   6.2e-12   44.3   0.0    12   258   644   878   642   880 0.87 -
XP_005852129.1       -             82 2931at3041           -            728   6.9e-12   44.1   0.1   1   1   1.8e-13   7.1e-12   44.1   0.1    66   143     3    80     1    82 0.88 -
XP_005847339.1       -             76 2931at3041           -            728   1.3e-11   43.2   0.1   1   1   3.7e-13   1.5e-11   43.0   0.1   127   194     1    67     1    70 0.95 Chlorella variabilis unplaced genomic scaffold CHLNCscaffold_11, whole genome shotgun sequence.
XP_005851085.1       -            837 2931at3041           -            728   1.8e-11   42.7   0.1   1   1   7.4e-13   2.9e-11   42.0   0.1    12   258   591   825   588   832 0.85 -
XP_005843749.1       -            803 2931at3041           -            728     2e-11   42.6   1.5   1   2       9.7   3.9e+02   -1.4   0.0     9    38   647   675   643   679 0.80 -
XP_005843749.1       -            803 2931at3041           -            728     2e-11   42.6   1.5   2   2     9e-13   3.6e-11   41.7   0.6   148   259   680   793   675   800 0.91 -
XP_005844161.1       -            590 2931at3041           -            728     3e-11   42.0   0.0   1   1   1.3e-12   5.1e-11   41.2   0.0     9   307    31   340    26   380 0.76 -
XP_005843510.1       -            712 2931at3041           -            728   3.5e-11   41.8   9.8   1   1   8.9e-13   3.6e-11   41.7   5.6   116   257   554   688   548   692 0.85 -
XP_005850986.1       -            569 2931at3041           -            728   3.7e-11   41.7   0.0   1   2   0.00037     0.015   13.2   0.0    21   133   225   339   214   341 0.76 -
XP_005850986.1       -            569 2931at3041           -            728   3.7e-11   41.7   0.0   2   2   5.2e-08   2.1e-06   26.0   0.0   147   248   392   488   389   555 0.77 -
XP_005850193.1       -             77 2931at3041           -            728   3.8e-11   41.7   0.0   1   1   9.8e-13   3.9e-11   41.6   0.0    75   153     4    77     1    77 0.89 -
XP_005846115.1       -           1588 2931at3041           -            728   6.8e-11   40.8   2.4   1   1   2.8e-12   1.1e-10   40.1   0.0     9   257  1283  1560  1278  1562 0.71 -
XP_005845998.1       -            883 2931at3041           -            728   1.4e-10   39.8   0.1   1   1   8.2e-12   3.3e-10   38.6   0.0    33   197   658   816   647   826 0.86 -
XP_005845797.1       -            562 2931at3041           -            728   2.7e-10   38.8   1.4   1   1   2.4e-11   9.5e-10   37.0   1.4    12   257   323   554   320   557 0.81 -
XP_005852073.1       -            103 2931at3041           -            728   2.8e-10   38.8   0.6   1   1   8.2e-12   3.3e-10   38.6   0.6   227   290    30    95    23   101 0.76 -
XP_005845966.1       -            396 2931at3041           -            728   4.8e-10   38.0  15.8   1   2   4.8e-08   1.9e-06   26.1   3.2   507   689     4   200     1   207 0.82 -
XP_005845966.1       -            396 2931at3041           -            728   4.8e-10   38.0  15.8   2   2   1.3e-05   0.00054   18.0   4.4   503   680   210   394   201   395 0.83 -
XP_005851377.1       -            880 2931at3041           -            728   7.6e-10   37.4   0.1   1   1   3.3e-11   1.3e-09   36.6   0.1    12   202   632   818   629   820 0.84 -
XP_005844250.1       -            286 2931at3041           -            728   9.7e-10   37.0   0.1   1   2   9.7e-07   3.9e-05   21.8   0.0   113   170    97   155    92   159 0.78 -
XP_005844250.1       -            286 2931at3041           -            728   9.7e-10   37.0   0.1   2   2   0.00037     0.015   13.2   0.1   241   265   260   284   245   285 0.90 -
XP_005847985.1       -            665 2931at3041           -            728   9.8e-10   37.0   0.2   1   1   3.6e-11   1.4e-09   36.4   0.2    49   204   501   652   478   653 0.81 -
XP_005844274.1       -            338 2931at3041           -            728   1.1e-09   36.9   0.1   1   2   3.9e-05    0.0016   16.5   0.1     3    36     5    38     3    49 0.92 -
XP_005844274.1       -            338 2931at3041           -            728   1.1e-09   36.9   0.1   2   2     1e-05   0.00042   18.4   0.0   113   157   110   157   100   167 0.84 -
XP_005850542.1       -            444 2931at3041           -            728   1.1e-09   36.8   0.0   1   2     0.031       1.2    6.9   0.1    15    39    52    76    49    82 0.92 -
XP_005850542.1       -            444 2931at3041           -            728   1.1e-09   36.8   0.0   2   2   1.6e-08   6.2e-07   27.7   0.0   115   154   160   199   109   207 0.85 -
XP_005843205.1       -            102 2931at3041           -            728   2.6e-09   35.6   0.0   1   1   7.6e-11   3.1e-09   35.4   0.0    53   140     3    95     2   102 0.79 -
XP_005852296.1       -            403 2931at3041           -            728     3e-09   35.4  17.2   1   3   2.6e-05    0.0011   17.1   3.0   485   602    23   146    14   148 0.71 Chlorella variabilis unplaced genomic scaffold CHLNCscaffold_127, whole genome shotgun sequence.
XP_005852296.1       -            403 2931at3041           -            728     3e-09   35.4  17.2   2   3     0.054       2.2    6.1   0.2   493   545   157   215   145   228 0.72 Chlorella variabilis unplaced genomic scaffold CHLNCscaffold_127, whole genome shotgun sequence.
XP_005852296.1       -            403 2931at3041           -            728     3e-09   35.4  17.2   3   3   6.4e-06   0.00026   19.1   5.9   423   578   168   334   165   339 0.69 Chlorella variabilis unplaced genomic scaffold CHLNCscaffold_127, whole genome shotgun sequence.
XP_005850996.1       -            117 2931at3041           -            728   4.2e-09   34.9   0.0   1   1   1.2e-10   4.8e-09   34.7   0.0   117   213     2   104     1   106 0.88 Chlorella variabilis unplaced genomic scaffold CHLNCscaffold_3, whole genome shotgun sequence.
XP_005844483.1       -            603 2931at3041           -            728   1.5e-08   33.0   0.0   1   1   1.2e-09   4.7e-08   31.4   0.0   107   156   263   313   256   343 0.91 -
XP_005843074.1       -            271 2931at3041           -            728   1.6e-08   32.9   4.5   1   1   2.4e-09   9.8e-08   30.4   4.5    12   258    31   263    28   265 0.84 -
XP_005851084.1       -            415 2931at3041           -            728   5.1e-08   31.3   0.0   1   1   2.3e-09   9.1e-08   30.5   0.0    12   202   174   360   171   362 0.85 -
XP_005842607.1       -            140 2931at3041           -            728   1.7e-07   29.6   0.1   1   1   4.4e-09   1.8e-07   29.5   0.1     5   106    26   126    22   140 0.89 -
XP_005844674.1       -            535 2931at3041           -            728   2.8e-07   28.9   0.0   1   1   1.6e-08   6.5e-07   27.7   0.0    50   258   320   527   314   529 0.83 -
XP_005846670.1       -            570 2931at3041           -            728   3.5e-07   28.6   5.0   1   4     0.075         3    5.6   0.0     5    39    46    80    42   102 0.81 -
XP_005846670.1       -            570 2931at3041           -            728   3.5e-07   28.6   5.0   2   4       5.8   2.3e+02   -0.6   0.6   113   129   160   177   152   179 0.82 -
XP_005846670.1       -            570 2931at3041           -            728   3.5e-07   28.6   5.0   3   4    0.0018     0.073   11.0   0.0   183   203   266   286   249   289 0.84 -
XP_005846670.1       -            570 2931at3041           -            728   3.5e-07   28.6   5.0   4   4    0.0017      0.07   11.0   0.0   234   323   364   446   360   462 0.67 -
XP_005842565.1       -            132 2931at3041           -            728   4.7e-07   28.1   0.0   1   1   1.2e-08   4.9e-07   28.1   0.0   175   250     1    75     1   105 0.92 -
XP_005842646.1       -            135 2931at3041           -            728   4.7e-07   28.1   0.0   1   1   1.5e-08   5.8e-07   27.8   0.0   138   206    12    88     8   105 0.73 -
XP_005847196.1       -            212 2931at3041           -            728   6.9e-07   27.6   0.2   1   1   2.3e-08   9.3e-07   27.1   0.2     6   138    69   211    67   211 0.79 -
XP_005848237.1       -            195 2931at3041           -            728   8.3e-07   27.3   3.5   1   1     3e-08   1.2e-06   26.8   3.5   509   677     5   186     2   191 0.80 -
XP_005843500.1       -            193 2931at3041           -            728   8.8e-07   27.2   0.0   1   1   4.1e-08   1.6e-06   26.3   0.0    44   206     4   183     1   185 0.76 -
XP_005852310.1       -            909 2931at3041           -            728   9.7e-07   27.1   4.7   1   1   4.4e-07   1.8e-05   22.9   4.7    12   258   683   901   680   903 0.83 -
XP_005852195.1       -            771 2931at3041           -            728   1.4e-06   26.5   0.0   1   1   9.9e-08     4e-06   25.1   0.0     5   140    16   156    14   235 0.78 -
XP_005842747.1       -             85 2931at3041           -            728   1.4e-06   26.5   0.0   1   1   4.5e-08   1.8e-06   26.2   0.0    52   133     6    85     3    85 0.85 -
XP_005846101.1       -            200 2931at3041           -            728   1.5e-06   26.5   4.8   1   1   1.8e-07   7.2e-06   24.2   4.9   416   561    34   188    20   197 0.73 -
XP_005851225.1       -           1011 2931at3041           -            728   1.6e-06   26.4   0.0   1   1   3.9e-08   1.6e-06   26.4   0.0   103   177   133   208    15   212 0.71 -
XP_005847988.1       -            144 2931at3041           -            728   1.7e-06   26.2   0.2   1   1   5.4e-08   2.2e-06   25.9   0.2   107   203    50   144    40   144 0.86 -
XP_005848009.1       -             79 2931at3041           -            728   5.2e-06   24.7   0.0   1   1   1.5e-07   5.8e-06   24.5   0.0    14    84     8    79     2    79 0.94 -
XP_005846742.1       -            762 2931at3041           -            728     8e-06   24.1   0.0   1   2   8.9e-06   0.00036   18.6   0.3     8   141    62   191    59   196 0.79 -
XP_005846742.1       -            762 2931at3041           -            728     8e-06   24.1   0.0   2   2         9   3.6e+02   -1.2   0.0   169   209   243   283   236   293 0.90 -
XP_005848959.1       -            962 2931at3041           -            728   1.6e-05   23.1   6.1   1   2   6.5e-07   2.6e-05   22.4   0.0   112   200   194   287   173   290 0.82 -
XP_005848959.1       -            962 2931at3041           -            728   1.6e-05   23.1   6.1   2   2      0.38        15    3.3   0.0   232   265   383   416   380   514 0.74 -
XP_005852292.1       -             67 2931at3041           -            728   2.2e-05   22.6   0.1   1   1   5.4e-07   2.2e-05   22.6   0.1   224   258    11    45     2    59 0.92 -
XP_005846843.1       -           1254 2931at3041           -            728   2.4e-05   22.5   1.8   1   2      0.24       9.6    4.0   0.0   114   140   130   156   109   167 0.85 -
XP_005846843.1       -           1254 2931at3041           -            728   2.4e-05   22.5   1.8   2   2   7.6e-05    0.0031   15.5   2.5   183   553   217   599   210   633 0.69 -
XP_005850945.1       -            419 2931at3041           -            728   3.9e-05   21.8   0.2   1   2      0.05         2    6.2   0.0     6    28    23    45    19    52 0.84 -
XP_005850945.1       -            419 2931at3041           -            728   3.9e-05   21.8   0.2   2   2    0.0003     0.012   13.6   0.0   109   158   128   186   122   194 0.73 -
XP_005843469.1       -            349 2931at3041           -            728   8.1e-05   20.7  12.2   1   3    0.0012     0.048   11.6   1.4   486   567    24   116     9   133 0.67 -
XP_005843469.1       -            349 2931at3041           -            728   8.1e-05   20.7  12.2   2   3   0.00062     0.025   12.5   3.7   481   573   150   238   138   270 0.74 -
XP_005843469.1       -            349 2931at3041           -            728   8.1e-05   20.7  12.2   3   3      0.81        32    2.2   0.7   490   543   210   268   200   289 0.75 -
XP_005847828.1       -           1075 2931at3041           -            728   8.8e-05   20.6   0.0   1   1   4.3e-06   0.00017   19.6   0.0     9   100   786   887   782   893 0.81 -
XP_005843542.1       -            105 2931at3041           -            728   8.9e-05   20.6   0.2   1   1   2.6e-06    0.0001   20.4   0.2     3    37    50    87    48    93 0.89 -
XP_005845942.1       -           1491 2931at3041           -            728   9.6e-05   20.5   0.9   1   2     0.037       1.5    6.6   0.1     7    32  1192  1217  1189  1221 0.84 -
XP_005845942.1       -           1491 2931at3041           -            728   9.6e-05   20.5   0.9   2   2    0.0008     0.032   12.1   0.0   102   142  1286  1326  1270  1328 0.85 -
XP_005849471.1       -            750 2931at3041           -            728   9.8e-05   20.5   1.3   1   1   4.5e-06   0.00018   19.6   0.0   111   205   575   672   558   738 0.88 -
XP_005851598.1       -            369 2931at3041           -            728   0.00011   20.3   3.7   1   2     0.037       1.5    6.6   0.1   485   545   139   204   101   225 0.80 -
XP_005851598.1       -            369 2931at3041           -            728   0.00011   20.3   3.7   2   2   0.00017    0.0067   14.4   0.9   483   586   233   342   225   349 0.74 -
XP_005849910.1       -            764 2931at3041           -            728   0.00011   20.3   0.2   1   1   4.1e-06   0.00017   19.7   0.2    11    73   688   747   686   761 0.83 -
XP_005845741.1       -            427 2931at3041           -            728   0.00014   19.9   1.0   1   1   3.5e-06   0.00014   19.9   1.0   175   255   327   410   324   415 0.81 -
XP_005850766.1       -            112 2931at3041           -            728   0.00015   19.9   0.0   1   1   3.8e-06   0.00015   19.8   0.0   174   262     1    96     1   111 0.79 -
XP_005849938.1       -            146 2931at3041           -            728   0.00016   19.7   0.0   1   1   5.3e-06   0.00021   19.3   0.0     6    90    14    96    11   101 0.91 -
XP_005848445.1       -            153 2931at3041           -            728    0.0002   19.4   0.0   1   1   6.2e-06   0.00025   19.1   0.0   129   255     2   140     1   143 0.80 -
XP_005843470.1       -            210 2931at3041           -            728    0.0003   18.9   5.2   1   2      0.11       4.3    5.1   0.2   499   553    18    80     3    92 0.57 -
XP_005843470.1       -            210 2931at3041           -            728    0.0003   18.9   5.2   2   2   5.2e-05    0.0021   16.1   4.2   449   554    62   165    44   198 0.70 -
XP_005844938.1       -            118 2931at3041           -            728   0.00059   17.9   0.8   1   1   1.6e-05   0.00064   17.8   0.8   489   570    22   109     1   117 0.45 Chlorella variabilis unplaced genomic scaffold CHLNCscaffold_20, whole genome shotgun sequence.
XP_005848624.1       -            492 2931at3041           -            728   0.00065   17.7   0.0   1   1   2.4e-05   0.00094   17.2   0.0    12    96   382   463   380   468 0.87 -
XP_005843461.1       -            224 2931at3041           -            728   0.00068   17.7   3.8   1   1   3.3e-05    0.0013   16.7   3.8   491   608    78   201     2   219 0.69 -
XP_005846100.1       -            487 2931at3041           -            728   0.00072   17.6   2.3   1   2   0.00064     0.025   12.5   0.4   485   558    23   104     7   112 0.76 -
XP_005846100.1       -            487 2931at3041           -            728   0.00072   17.6   2.3   2   2      0.14       5.8    4.7   0.1   482   522   117   158   105   179 0.83 -
XP_005850218.1       -            609 2931at3041           -            728    0.0008   17.5   0.1   1   2      0.16       6.3    4.6   0.0     7    24    37    54    34    67 0.88 -
XP_005850218.1       -            609 2931at3041           -            728    0.0008   17.5   0.1   2   2    0.0022     0.087   10.7   0.0   106   157   141   197   115   205 0.80 -
XP_005850765.1       -            737 2931at3041           -            728     0.001   17.1   0.1   1   2      0.89        36    2.1   0.1     8    38   565   593   560   601 0.88 -
XP_005850765.1       -            737 2931at3041           -            728     0.001   17.1   0.1   2   2   0.00053     0.021   12.7   0.0   111   152   665   712   625   729 0.70 -
XP_005847822.1       -            643 2931at3041           -            728    0.0011   17.0   0.0   1   1   0.00034     0.013   13.4   0.0   111   173   424   504   420   509 0.70 -
XP_005850302.1       -            458 2931at3041           -            728    0.0011   17.0   0.0   1   1   4.7e-05    0.0019   16.2   0.0   115   171   276   339   269   346 0.85 -
XP_005843479.1       -            741 2931at3041           -            728    0.0012   16.8   0.5   1   2      0.15       5.9    4.7   0.0   186   205    18    37    13    40 0.84 -
XP_005843479.1       -            741 2931at3041           -            728    0.0012   16.8   0.5   2   2    0.0034      0.14   10.1   0.1   231   307    93   169    90   200 0.68 -
XP_005850661.1       -            239 2931at3041           -            728    0.0018   16.3   0.0   1   1     9e-05    0.0036   15.3   0.0    31    73   143   186   133   191 0.84 -
XP_005843464.1       -            520 2931at3041           -            728    0.0019   16.2   4.4   1   1   0.00011    0.0043   15.0   4.4   521   672    21   182     1   196 0.48 -
XP_005847474.1       -            426 2931at3041           -            728    0.0023   15.9   0.6   1   1   9.6e-05    0.0038   15.2   0.6   174   253   331   411   220   417 0.68 -
XP_005843588.1       -            684 2931at3041           -            728    0.0072   14.3   0.0   1   2     0.015      0.61    7.9   0.0    12    72   551   608   548   612 0.87 -
XP_005843588.1       -            684 2931at3041           -            728    0.0072   14.3   0.0   2   2       0.2       7.9    4.2   0.0   175   206   622   654   620   663 0.86 -
XP_005842713.1       -            137 2931at3041           -            728    0.0094   13.9   0.0   1   1   0.00025    0.0099   13.8   0.0   176   258     2    84     1   107 0.94 -
XP_005845276.1       -           2582 2931at3041           -            728      0.01   13.8   0.1   1   1   0.00074      0.03   12.3   0.0   184   226  2040  2082  2035  2120 0.64 -
XP_005843041.1       -            594 2931at3041           -            728     0.011   13.7   0.1   1   2      0.19       7.6    4.3   0.0    17    36   145   164   138   166 0.90 -
XP_005843041.1       -            594 2931at3041           -            728     0.011   13.7   0.1   2   2     0.027       1.1    7.1   0.0   115   162   283   330   275   342 0.90 -
XP_005849139.1       -            162 2931at3041           -            728     0.014   13.4   0.0   1   1   0.00053     0.021   12.7   0.0   184   258    41   119    31   121 0.78 -
XP_005844764.1       -            766 2931at3041           -            728     0.024   12.6   8.1   1   3      0.22       8.8    4.1   0.0    12    38   621   646   619   654 0.88 -
XP_005844764.1       -            766 2931at3041           -            728     0.024   12.6   8.1   2   3      0.11       4.3    5.1   1.3   114   134   694   714   689   717 0.88 -
XP_005844764.1       -            766 2931at3041           -            728     0.024   12.6   8.1   3   3     0.063       2.5    5.9   0.1   223   258   722   759   718   760 0.84 -
XP_005844574.1       -            127 2931at3041           -            728     0.046   11.6   0.0   1   1    0.0014     0.057   11.3   0.0   116   139    84   109    17   116 0.94 -
XP_005848216.1       -            554 2931at3041           -            728      0.12   10.3   0.0   1   1    0.0042      0.17    9.8   0.0    74   125   361   412   354   413 0.90 -
XP_005850928.1       -            606 2931at3041           -            728      0.38    8.6   6.2   1   3       5.5   2.2e+02   -0.5   1.4   300   383    45   124    16   132 0.50 -
XP_005850928.1       -            606 2931at3041           -            728      0.38    8.6   6.2   2   3       2.3        93    0.7   0.0     7    36   344   371   340   389 0.85 -
XP_005850928.1       -            606 2931at3041           -            728      0.38    8.6   6.2   3   3    0.0086      0.34    8.7   0.1   115   153   453   491   442   497 0.91 -
#
# Program:         hmmsearch
# Version:         3.1b2 (February 2015)
# Pipeline mode:   SEARCH
# Query file:      /Users/catrionaharrison/Documents/Bioinformatics/rp2/Data/genomes/busco/busco_downloads/lineages/chlorophyta_odb10/hmms/2931at3041.hmm
# Target file:     /Users/catrionaharrison/Documents/Bioinformatics/rp2/Data/genomes/busco/data/chlorella_variabilis.prot.fasta
# Option settings: hmmsearch --domtblout /Users/catrionaharrison/Documents/Bioinformatics/rp2/Data/genomes/busco/Busco_variabilis/run_chlorophyta_odb10/hmmer_output/initial_run_results/2931at3041.out --cpu 1 /Users/catrionaharrison/Documents/Bioinformatics/rp2/Data/genomes/busco/busco_downloads/lineages/chlorophyta_odb10/hmms/2931at3041.hmm /Users/catrionaharrison/Documents/Bioinformatics/rp2/Data/genomes/busco/data/chlorella_variabilis.prot.fasta 
# Current dir:     /Users/catrionaharrison/Documents/Bioinformatics/rp2/Data/genomes/busco
# Date:            Fri Jul 22 15:04:38 2022
# [ok]
