#                                                                            --- full sequence --- -------------- this domain -------------   hmm coord   ali coord   env coord
# target name        accession   tlen query name           accession   qlen   E-value  score  bias   #  of  c-Evalue  i-Evalue  score  bias  from    to  from    to  from    to  acc description of target
#------------------- ---------- ----- -------------------- ---------- ----- --------- ------ ----- --- --- --------- --------- ------ ----- ----- ----- ----- ----- ----- ----- ---- ---------------------
XP_005852164.1       -           1185 3673at3041           -            459  3.3e-162  539.3  14.7   1   6   1.4e-62   3.3e-59  199.7   0.3     2   162    68   265    67   285 0.82 -
XP_005852164.1       -           1185 3673at3041           -            459  3.3e-162  539.3  14.7   2   6   6.9e-23   1.7e-19   68.8   0.9   161   217   291   349   289   353 0.92 -
XP_005852164.1       -           1185 3673at3041           -            459  3.3e-162  539.3  14.7   3   6   1.9e-23   4.6e-20   70.7   0.0   217   291   451   536   418   538 0.84 -
XP_005852164.1       -           1185 3673at3041           -            459  3.3e-162  539.3  14.7   4   6   2.3e-19   5.7e-16   57.2   0.0   287   329   575   617   569   627 0.91 -
XP_005852164.1       -           1185 3673at3041           -            459  3.3e-162  539.3  14.7   5   6   4.5e-11   1.1e-07   29.9   0.0   330   364   652   688   645   694 0.83 -
XP_005852164.1       -           1185 3673at3041           -            459  3.3e-162  539.3  14.7   6   6   3.5e-36   8.5e-33  112.6   0.0   358   459   826   936   818   936 0.84 -
XP_005851502.1       -            638 3673at3041           -            459   1.9e-33  114.8   2.7   1   3   1.2e-21   2.9e-18   64.7   0.1    89   251   188   371   178   389 0.81 -
XP_005851502.1       -            638 3673at3041           -            459   1.9e-33  114.8   2.7   2   3   2.6e-11   6.5e-08   30.6   0.0   285   328   434   477   429   484 0.90 -
XP_005851502.1       -            638 3673at3041           -            459   1.9e-33  114.8   2.7   3   3   1.6e-07   0.00038   18.2   0.1   388   458   490   559   481   560 0.90 -
XP_005844272.1       -            619 3673at3041           -            459   1.1e-19   69.4   0.0   1   2   5.8e-19   1.4e-15   55.9   0.0    84   330   170   441   166   450 0.73 -
XP_005844272.1       -            619 3673at3041           -            459   1.1e-19   69.4   0.0   2   2   2.7e-05     0.066   10.8   0.0   392   457   458   521   444   523 0.88 -
XP_005850147.1       -            156 3673at3041           -            459     0.095   10.3   0.6   1   2      0.17   4.1e+02   -1.7   0.0   316   364    14    64    10    69 0.54 -
XP_005850147.1       -            156 3673at3041           -            459     0.095   10.3   0.6   2   2   7.5e-05      0.18    9.3   0.3   344   366    71    93    51   102 0.82 -
#
# Program:         hmmsearch
# Version:         3.1b2 (February 2015)
# Pipeline mode:   SEARCH
# Query file:      /Users/catrionaharrison/Documents/Bioinformatics/rp2/Data/genomes/busco/busco_downloads/lineages/chlorophyta_odb10/hmms/3673at3041.hmm
# Target file:     /Users/catrionaharrison/Documents/Bioinformatics/rp2/Data/genomes/busco/data/chlorella_variabilis.prot.fasta
# Option settings: hmmsearch --domtblout /Users/catrionaharrison/Documents/Bioinformatics/rp2/Data/genomes/busco/Busco_variabilis/run_chlorophyta_odb10/hmmer_output/initial_run_results/3673at3041.out --cpu 1 /Users/catrionaharrison/Documents/Bioinformatics/rp2/Data/genomes/busco/busco_downloads/lineages/chlorophyta_odb10/hmms/3673at3041.hmm /Users/catrionaharrison/Documents/Bioinformatics/rp2/Data/genomes/busco/data/chlorella_variabilis.prot.fasta 
# Current dir:     /Users/catrionaharrison/Documents/Bioinformatics/rp2/Data/genomes/busco
# Date:            Fri Jul 22 15:04:37 2022
# [ok]
