#                                                                            --- full sequence --- -------------- this domain -------------   hmm coord   ali coord   env coord
# target name        accession   tlen query name           accession   qlen   E-value  score  bias   #  of  c-Evalue  i-Evalue  score  bias  from    to  from    to  from    to  acc description of target
#------------------- ---------- ----- -------------------- ---------- ----- --------- ------ ----- --- --- --------- --------- ------ ----- ----- ----- ----- ----- ----- ----- ---- ---------------------
XP_005843992.1       -            793 388at3041            -            630         0 1132.5   1.5   1   2  1.2e-293  2.4e-290  963.4   0.0     2   520    13   573    12   577 0.94 -
XP_005843992.1       -            793 388at3041            -            630         0 1132.5   1.5   2   2   6.7e-53   1.3e-49  168.1   0.4   520   630   602   715   598   715 0.95 -
XP_005844994.1       -            788 388at3041            -            630   1.4e-67  227.4   0.0   1   2   9.8e-69   1.9e-65  220.4   0.0     7   501    20   555    15   569 0.80 -
XP_005844994.1       -            788 388at3041            -            630   1.4e-67  227.4   0.0   2   2    0.0017       3.3    4.8   0.0   545   612   699   768   692   785 0.83 -
XP_005849633.1       -            620 388at3041            -            630   1.7e-17   61.9   0.0   1   1   1.5e-20   2.9e-17   61.2   0.0    27   204    37   220    33   229 0.88 -
XP_005845253.1       -            847 388at3041            -            630   1.1e-13   49.4   0.0   1   1     8e-17   1.6e-13   48.9   0.0    20   203    40   230    21   333 0.82 -
XP_005849062.1       -            188 388at3041            -            630   2.5e-13   48.2   0.0   1   1   1.4e-16   2.8e-13   48.0   0.0    26   196     3   182     1   186 0.81 -
#
# Program:         hmmsearch
# Version:         3.1b2 (February 2015)
# Pipeline mode:   SEARCH
# Query file:      /Users/catrionaharrison/Documents/Bioinformatics/rp2/Data/genomes/busco/busco_downloads/lineages/chlorophyta_odb10/hmms/388at3041.hmm
# Target file:     /Users/catrionaharrison/Documents/Bioinformatics/rp2/Data/genomes/busco/data/chlorella_variabilis.prot.fasta
# Option settings: hmmsearch --domtblout /Users/catrionaharrison/Documents/Bioinformatics/rp2/Data/genomes/busco/Busco_variabilis/run_chlorophyta_odb10/hmmer_output/initial_run_results/388at3041.out --cpu 1 /Users/catrionaharrison/Documents/Bioinformatics/rp2/Data/genomes/busco/busco_downloads/lineages/chlorophyta_odb10/hmms/388at3041.hmm /Users/catrionaharrison/Documents/Bioinformatics/rp2/Data/genomes/busco/data/chlorella_variabilis.prot.fasta 
# Current dir:     /Users/catrionaharrison/Documents/Bioinformatics/rp2/Data/genomes/busco
# Date:            Fri Jul 22 15:05:02 2022
# [ok]
