#                                                                            --- full sequence --- -------------- this domain -------------   hmm coord   ali coord   env coord
# target name        accession   tlen query name           accession   qlen   E-value  score  bias   #  of  c-Evalue  i-Evalue  score  bias  from    to  from    to  from    to  acc description of target
#------------------- ---------- ----- -------------------- ---------- ----- --------- ------ ----- --- --- --------- --------- ------ ----- ----- ----- ----- ----- ----- ----- ---- ---------------------
XP_005849788.1       -            392 3998at3041           -            305   7.5e-83  277.5  19.2   1   2   3.1e-85   1.4e-82  276.6  16.3     1   205    64   294    64   297 0.88 -
XP_005849788.1       -            392 3998at3041           -            305   7.5e-83  277.5  19.2   2   2      0.18        81    1.5   0.0   219   250   352   384   350   390 0.82 -
XP_005844083.1       -            225 3998at3041           -            305   5.4e-10   38.2   6.3   1   1     2e-12   8.9e-10   37.5   6.3   247   295   166   214   149   221 0.86 -
XP_005845774.1       -            849 3998at3041           -            305   6.1e-10   38.0   0.1   1   1   2.6e-12   1.1e-09   37.1   0.1   244   304   781   846   767   847 0.80 -
XP_005849270.1       -            338 3998at3041           -            305     7e-10   37.8   5.1   1   1   2.2e-12   9.9e-10   37.3   5.1   241   299   254   316   240   323 0.83 -
XP_005843288.1       -            321 3998at3041           -            305     3e-09   35.8   4.8   1   1   1.1e-11     5e-09   35.0   4.8   250   297   257   307   233   313 0.85 -
XP_005848754.1       -            401 3998at3041           -            305   9.9e-09   34.0   7.3   1   1     4e-11   1.8e-08   33.2   7.3   235   304   333   398   320   399 0.81 Chlorella variabilis unplaced genomic scaffold CHLNCscaffold_7, whole genome shotgun sequence.
XP_005842906.1       -            431 3998at3041           -            305     2e-08   33.1   5.9   1   1     9e-11     4e-08   32.0   5.9   252   299   373   423   364   429 0.83 -
XP_005845540.1       -           1024 3998at3041           -            305     4e-08   32.0   4.7   1   1   2.6e-10   1.2e-07   30.5   4.7   241   297   945  1006   932  1009 0.78 -
XP_005847355.1       -            225 3998at3041           -            305   1.2e-07   30.5   2.3   1   1   3.6e-10   1.6e-07   30.1   2.3   250   298   156   212   106   216 0.78 -
XP_005846050.1       -            794 3998at3041           -            305   1.9e-06   26.5   0.6   1   1   6.5e-09   2.9e-06   25.9   0.6   245   303   697   761   655   763 0.70 -
XP_005842905.1       -            243 3998at3041           -            305   8.4e-06   24.4   8.4   1   1   2.9e-08   1.3e-05   23.8   8.4   253   298   182   230   163   234 0.81 Chlorella variabilis unplaced genomic scaffold CHLNCscaffold_39, whole genome shotgun sequence.
XP_005851973.1       -            834 3998at3041           -            305   2.4e-05   22.9  24.3   1   2   0.00063      0.28    9.6   5.3   177   206   135   166   125   170 0.83 -
XP_005851973.1       -            834 3998at3041           -            305   2.4e-05   22.9  24.3   2   2   1.1e-06    0.0005   18.6  11.0   180   206   303   329   281   333 0.91 -
XP_005850068.1       -            584 3998at3041           -            305   0.00015   20.3   4.0   1   3   3.4e-07   0.00015   20.3   4.0   225   296    39   115    27   120 0.76 -
XP_005850068.1       -            584 3998at3041           -            305   0.00015   20.3   4.0   2   3    0.0088       3.9    5.8   0.2   249   283   433   466   414   472 0.74 -
XP_005850068.1       -            584 3998at3041           -            305   0.00015   20.3   4.0   3   3       9.8   4.4e+03   -4.2   0.4   285   297   492   504   485   507 0.75 -
XP_005852025.1       -            407 3998at3041           -            305   0.00059   18.3   2.7   1   1   2.1e-06   0.00093   17.7   2.7   257   294   343   384   313   389 0.87 -
XP_005847469.1       -            816 3998at3041           -            305    0.0011   17.4  13.8   1   3     0.074        33    2.8   7.3   181   207   138   166   131   173 0.83 -
XP_005847469.1       -            816 3998at3041           -            305    0.0011   17.4  13.8   2   3         2     9e+02   -2.0   0.5   191   206   283   299   273   305 0.78 -
XP_005847469.1       -            816 3998at3041           -            305    0.0011   17.4  13.8   3   3   2.6e-06    0.0011   17.4  13.8   179   206   306   333   287   336 0.87 -
XP_005846949.1       -            834 3998at3041           -            305    0.0015   17.1   4.6   1   2     0.087        39    2.5   6.3   179   207   156   186   150   191 0.83 -
XP_005846949.1       -            834 3998at3041           -            305    0.0015   17.1   4.6   2   2   3.3e-06    0.0015   17.1   4.6   180   202   318   340   298   348 0.91 -
XP_005847798.1       -            599 3998at3041           -            305    0.0019   16.7   1.2   1   1   8.1e-06    0.0036   15.8   1.2   252   287   529   563   503   571 0.81 -
XP_005844638.1       -            321 3998at3041           -            305     0.002   16.6   1.5   1   1     6e-06    0.0027   16.2   1.5   251   296    77   127    13   132 0.84 -
XP_005848639.1       -            811 3998at3041           -            305    0.0026   16.2   7.5   1   2      0.51   2.2e+02    0.0   1.9   192   206   249   264   237   269 0.80 -
XP_005848639.1       -            811 3998at3041           -            305    0.0026   16.2   7.5   2   2   5.9e-06    0.0026   16.2   7.5   179   207   271   299   266   305 0.92 -
XP_005849709.1       -            458 3998at3041           -            305     0.018   13.4   6.4   1   1   0.00061      0.27    9.6   6.4   277   305   429   457   372   457 0.72 -
XP_005848472.1       -           1098 3998at3041           -            305     0.067   11.6   3.6   1   1   0.00026      0.11   10.8   3.6   254   294    26    72     4    75 0.78 -
XP_005848259.1       -            202 3998at3041           -            305      0.11   10.9   7.6   1   1   0.00041      0.18   10.2   7.6   179   206    37    66    17    73 0.85 -
#
# Program:         hmmsearch
# Version:         3.1b2 (February 2015)
# Pipeline mode:   SEARCH
# Query file:      /Users/catrionaharrison/Documents/Bioinformatics/rp2/Data/genomes/busco/busco_downloads/lineages/chlorophyta_odb10/hmms/3998at3041.hmm
# Target file:     /Users/catrionaharrison/Documents/Bioinformatics/rp2/Data/genomes/busco/data/chlorella_variabilis.prot.fasta
# Option settings: hmmsearch --domtblout /Users/catrionaharrison/Documents/Bioinformatics/rp2/Data/genomes/busco/Busco_variabilis/run_chlorophyta_odb10/hmmer_output/initial_run_results/3998at3041.out --cpu 1 /Users/catrionaharrison/Documents/Bioinformatics/rp2/Data/genomes/busco/busco_downloads/lineages/chlorophyta_odb10/hmms/3998at3041.hmm /Users/catrionaharrison/Documents/Bioinformatics/rp2/Data/genomes/busco/data/chlorella_variabilis.prot.fasta 
# Current dir:     /Users/catrionaharrison/Documents/Bioinformatics/rp2/Data/genomes/busco
# Date:            Fri Jul 22 15:03:25 2022
# [ok]
