#                                                                            --- full sequence --- -------------- this domain -------------   hmm coord   ali coord   env coord
# target name        accession   tlen query name           accession   qlen   E-value  score  bias   #  of  c-Evalue  i-Evalue  score  bias  from    to  from    to  from    to  acc description of target
#------------------- ---------- ----- -------------------- ---------- ----- --------- ------ ----- --- --- --------- --------- ------ ----- ----- ----- ----- ----- ----- ----- ---- ---------------------
XP_005847088.1       -            511 4050at3041           -            278   4.7e-75  251.6   0.3   1   3   5.8e-30   1.9e-27   95.4   0.1     8    86    38   125    27   139 0.83 -
XP_005847088.1       -            511 4050at3041           -            278   4.7e-75  251.6   0.3   2   3   9.5e-14   3.1e-11   42.2   0.0    96   152   232   293   214   307 0.87 -
XP_005847088.1       -            511 4050at3041           -            278   4.7e-75  251.6   0.3   3   3     2e-34   6.6e-32  110.0   0.2   148   277   315   452   309   453 0.83 -
XP_005845285.1       -            487 4050at3041           -            278   3.8e-32  110.8   0.0   1   3   6.2e-17     2e-14   52.6   0.0     9    72    34    99    27   112 0.90 -
XP_005845285.1       -            487 4050at3041           -            278   3.8e-32  110.8   0.0   2   3   9.9e-18   3.2e-15   55.3   0.1    13    72   195   256   181   269 0.87 -
XP_005845285.1       -            487 4050at3041           -            278   3.8e-32  110.8   0.0   3   3       4.4   1.4e+03   -2.6   0.0   254   277   410   433   405   434 0.87 -
XP_005849773.1       -            509 4050at3041           -            278   4.2e-24   84.4   0.3   1   3      0.21        69    1.7   0.1   168   191     4    27     1    30 0.88 -
XP_005849773.1       -            509 4050at3041           -            278   4.2e-24   84.4   0.3   2   3   6.1e-14     2e-11   42.8   0.0    13    76    36   106    28   150 0.86 -
XP_005849773.1       -            509 4050at3041           -            278   4.2e-24   84.4   0.3   3   3   6.1e-12     2e-09   36.3   0.0    15    76   393   458   382   486 0.88 -
XP_005852011.1       -            467 4050at3041           -            278   2.9e-17   62.0   0.1   1   2   1.7e-18   5.6e-16   57.7   0.0     4    71   187   258   184   279 0.81 -
XP_005852011.1       -            467 4050at3041           -            278   2.9e-17   62.0   0.1   2   2      0.17        56    2.0   0.0    54    72   352   370   333   406 0.79 -
XP_005842695.1       -            137 4050at3041           -            278   2.4e-16   59.0   0.1   1   1   7.5e-19   2.4e-16   58.9   0.1     3    73    25   101    23   135 0.81 -
XP_005851068.1       -            113 4050at3041           -            278   1.4e-15   56.4   0.0   1   1   4.8e-18   1.6e-15   56.3   0.0     6    71    10    82     5    97 0.84 -
XP_005847374.1       -            211 4050at3041           -            278   2.3e-11   42.6   0.0   1   1   8.7e-14   2.8e-11   42.3   0.0   169   237    97   173    45   179 0.82 -
XP_005851260.1       -            361 4050at3041           -            278   2.8e-10   39.0   0.1   1   1   1.4e-12   4.5e-10   38.4   0.1    11    71   159   228   147   234 0.77 -
XP_005847851.1       -            207 4050at3041           -            278   1.2e-09   37.0   0.0   1   1   4.7e-12   1.5e-09   36.6   0.0     7    72    77   143    71   170 0.87 -
XP_005847795.1       -            246 4050at3041           -            278   1.2e-07   30.5   0.0   1   1   4.8e-10   1.6e-07   30.0   0.0    10    77    27    99    21   123 0.82 -
XP_005843507.1       -            165 4050at3041           -            278   1.4e-07   30.2   0.0   1   1   6.4e-10   2.1e-07   29.6   0.0     8    72    70   136    63   159 0.88 -
XP_005843278.1       -            357 4050at3041           -            278   3.4e-07   28.9   0.0   1   1   1.6e-09   5.1e-07   28.4   0.0    14    72   260   322   252   328 0.84 -
XP_005845323.1       -            298 4050at3041           -            278     2e-06   26.4   0.0   1   1   8.8e-09   2.9e-06   25.9   0.0    23    72    27    84    18   167 0.78 -
XP_005851320.1       -            285 4050at3041           -            278     2e-06   26.4   0.0   1   1     1e-08   3.4e-06   25.7   0.0    16    70   152   209   140   219 0.87 -
XP_005847579.1       -             96 4050at3041           -            278     3e-06   25.8   0.1   1   1   1.1e-08   3.6e-06   25.6   0.1     8    57    17    67    10    75 0.84 -
XP_005851922.1       -            173 4050at3041           -            278   4.1e-06   25.4   0.0   1   1   1.5e-08   4.9e-06   25.1   0.0     7    75    27    96    22   136 0.83 -
XP_005849582.1       -            110 4050at3041           -            278   5.2e-06   25.1   0.1   1   1   1.8e-08     6e-06   24.9   0.1    12    56    25    70    14    94 0.74 -
XP_005845953.1       -            129 4050at3041           -            278   6.1e-06   24.8   0.0   1   1   2.2e-08   7.2e-06   24.6   0.0     3    72    28    99    26   125 0.80 -
XP_005844612.1       -            103 4050at3041           -            278   8.6e-06   24.3   0.0   1   1   2.9e-08   9.3e-06   24.2   0.0    11    78     9    80     2   100 0.75 -
XP_005846422.1       -            145 4050at3041           -            278     1e-05   24.1   0.0   1   1   3.5e-08   1.2e-05   23.9   0.0    10    72    42   108    31   126 0.81 -
XP_005845941.1       -            191 4050at3041           -            278   4.4e-05   22.0   0.0   1   1   1.9e-07   6.1e-05   21.6   0.0    13    74   102   166    93   188 0.82 -
XP_005845214.1       -            344 4050at3041           -            278   0.00012   20.6   0.1   1   1   5.1e-07   0.00017   20.1   0.1    18    72     2    57     1    82 0.90 -
XP_005844110.1       -            100 4050at3041           -            278   0.00016   20.2   0.0   1   1   5.2e-07   0.00017   20.1   0.0     8    72    10    76     4    95 0.90 -
XP_005849358.1       -             54 4050at3041           -            278    0.0003   19.3   0.0   1   1   9.3e-07    0.0003   19.3   0.0    17    63     3    51     1    54 0.87 -
XP_005848762.1       -            218 4050at3041           -            278   0.00074   18.0   0.0   1   1   3.3e-06    0.0011   17.5   0.0    15    44    29    58    19    89 0.81 -
XP_005851640.1       -            160 4050at3041           -            278   0.00076   18.0   0.0   1   2   6.6e-06    0.0021   16.5   0.1    17    43    12    38     4    46 0.83 -
XP_005851640.1       -            160 4050at3041           -            278   0.00076   18.0   0.0   2   2       2.4   7.8e+02   -1.8   0.0    55    74    79    98    74   107 0.78 -
XP_005849577.1       -            206 4050at3041           -            278    0.0011   17.4   0.0   1   1   4.6e-06    0.0015   17.0   0.0    24    72    49   102    25   122 0.84 -
XP_005845968.1       -            366 4050at3041           -            278    0.0022   16.4   0.1   1   1   1.2e-05     0.004   15.6   0.1    10    44   235   269   227   281 0.85 -
XP_005850725.1       -            206 4050at3041           -            278    0.0031   15.9   0.0   1   1   1.2e-05    0.0039   15.6   0.0     9    70    48   110    38   140 0.85 -
XP_005847378.1       -            492 4050at3041           -            278      0.01   14.2   0.0   1   1   5.3e-05     0.017   13.5   0.0    12    92   396   478   387   490 0.80 -
#
# Program:         hmmsearch
# Version:         3.1b2 (February 2015)
# Pipeline mode:   SEARCH
# Query file:      /Users/catrionaharrison/Documents/Bioinformatics/rp2/Data/genomes/busco/busco_downloads/lineages/chlorophyta_odb10/hmms/4050at3041.hmm
# Target file:     /Users/catrionaharrison/Documents/Bioinformatics/rp2/Data/genomes/busco/data/chlorella_variabilis.prot.fasta
# Option settings: hmmsearch --domtblout /Users/catrionaharrison/Documents/Bioinformatics/rp2/Data/genomes/busco/Busco_variabilis/run_chlorophyta_odb10/hmmer_output/initial_run_results/4050at3041.out --cpu 1 /Users/catrionaharrison/Documents/Bioinformatics/rp2/Data/genomes/busco/busco_downloads/lineages/chlorophyta_odb10/hmms/4050at3041.hmm /Users/catrionaharrison/Documents/Bioinformatics/rp2/Data/genomes/busco/data/chlorella_variabilis.prot.fasta 
# Current dir:     /Users/catrionaharrison/Documents/Bioinformatics/rp2/Data/genomes/busco
# Date:            Fri Jul 22 15:03:29 2022
# [ok]
