#                                                                            --- full sequence --- -------------- this domain -------------   hmm coord   ali coord   env coord
# target name        accession   tlen query name           accession   qlen   E-value  score  bias   #  of  c-Evalue  i-Evalue  score  bias  from    to  from    to  from    to  acc description of target
#------------------- ---------- ----- -------------------- ---------- ----- --------- ------ ----- --- --- --------- --------- ------ ----- ----- ----- ----- ----- ----- ----- ---- ---------------------
XP_005844279.1       -            344 4288at3041           -            247  3.2e-129  428.6  12.0   1   1  1.6e-129  5.3e-126  418.1  12.0     1   247    63   339    63   339 0.92 -
XP_005844263.1       -            517 4288at3041           -            247   1.3e-18   66.3   0.4   1   3   5.5e-13   1.8e-09   36.4   0.0     3   101     3   103     1   121 0.85 -
XP_005844263.1       -            517 4288at3041           -            247   1.3e-18   66.3   0.4   2   3    0.0003      0.99    7.7   0.2   132   185   161   216   133   220 0.80 -
XP_005844263.1       -            517 4288at3041           -            247   1.3e-18   66.3   0.4   3   3   1.4e-07   0.00047   18.6   0.0   209   247   323   360   314   360 0.85 -
XP_005851396.1       -           1701 4288at3041           -            247     6e-09   34.7   1.5   1   3   1.8e-05      0.06   11.7   0.0     3    86  1115  1194  1113  1216 0.81 -
XP_005851396.1       -           1701 4288at3041           -            247     6e-09   34.7   1.5   2   3   3.3e-05      0.11   10.9   0.1   124   184  1258  1320  1238  1342 0.82 -
XP_005851396.1       -           1701 4288at3041           -            247     6e-09   34.7   1.5   3   3   0.00011      0.36    9.2   0.0   210   242  1477  1509  1469  1515 0.86 -
#
# Program:         hmmsearch
# Version:         3.1b2 (February 2015)
# Pipeline mode:   SEARCH
# Query file:      /Users/catrionaharrison/Documents/Bioinformatics/rp2/Data/genomes/busco/busco_downloads/lineages/chlorophyta_odb10/hmms/4288at3041.hmm
# Target file:     /Users/catrionaharrison/Documents/Bioinformatics/rp2/Data/genomes/busco/data/chlorella_variabilis.prot.fasta
# Option settings: hmmsearch --domtblout /Users/catrionaharrison/Documents/Bioinformatics/rp2/Data/genomes/busco/Busco_variabilis/run_chlorophyta_odb10/hmmer_output/initial_run_results/4288at3041.out --cpu 1 /Users/catrionaharrison/Documents/Bioinformatics/rp2/Data/genomes/busco/busco_downloads/lineages/chlorophyta_odb10/hmms/4288at3041.hmm /Users/catrionaharrison/Documents/Bioinformatics/rp2/Data/genomes/busco/data/chlorella_variabilis.prot.fasta 
# Current dir:     /Users/catrionaharrison/Documents/Bioinformatics/rp2/Data/genomes/busco
# Date:            Fri Jul 22 15:04:35 2022
# [ok]
