#                                                                            --- full sequence --- -------------- this domain -------------   hmm coord   ali coord   env coord
# target name        accession   tlen query name           accession   qlen   E-value  score  bias   #  of  c-Evalue  i-Evalue  score  bias  from    to  from    to  from    to  acc description of target
#------------------- ---------- ----- -------------------- ---------- ----- --------- ------ ----- --- --- --------- --------- ------ ----- ----- ----- ----- ----- ----- ----- ---- ---------------------
XP_005850321.1       -            727 4351at3041           -            409  5.7e-155  515.2   6.7   1   4   2.6e-43   1.8e-40  138.1   0.0     1   107    69   195    69   221 0.84 -
XP_005850321.1       -            727 4351at3041           -            409  5.7e-155  515.2   6.7   2   4  1.5e-111    1e-108  362.9   0.4   106   373   235   540   232   551 0.89 -
XP_005850321.1       -            727 4351at3041           -            409  5.7e-155  515.2   6.7   3   4    0.0006      0.42    8.4   0.0   371   391   561   581   557   587 0.88 -
XP_005850321.1       -            727 4351at3041           -            409  5.7e-155  515.2   6.7   4   4     0.002       1.4    6.7   0.0   386   409   673   696   655   696 0.86 -
XP_005852013.1       -            481 4351at3041           -            409   9.1e-09   33.7   0.1   1   2    0.0039       2.7    5.8   0.0    87   132   139   184   129   205 0.87 -
XP_005852013.1       -            481 4351at3041           -            409   9.1e-09   33.7   0.1   2   2   3.3e-09   2.3e-06   25.8   0.2   222   283   333   398   324   466 0.81 -
XP_005847671.1       -            539 4351at3041           -            409   7.8e-07   27.3   5.6   1   3   0.00016      0.11   10.3   0.1     2    34    51    84    50    87 0.84 -
XP_005847671.1       -            539 4351at3041           -            409   7.8e-07   27.3   5.6   2   3      0.26   1.8e+02   -0.3   0.0   107   128   230   251   225   257 0.82 -
XP_005847671.1       -            539 4351at3041           -            409   7.8e-07   27.3   5.6   3   3   8.1e-07   0.00056   17.9   0.4   204   259   371   428   362   519 0.82 -
XP_005845313.1       -            495 4351at3041           -            409   5.5e-06   24.5   1.6   1   3   0.00015       0.1   10.4   0.1     3    34    27    58    24    72 0.91 -
XP_005845313.1       -            495 4351at3041           -            409   5.5e-06   24.5   1.6   2   3      0.49   3.4e+02   -1.2   0.0   110   129   193   212   188   224 0.79 -
XP_005845313.1       -            495 4351at3041           -            409   5.5e-06   24.5   1.6   3   3   4.9e-05     0.034   12.0   0.1   209   250   323   364   306   384 0.81 -
XP_005850637.1       -            494 4351at3041           -            409   8.9e-06   23.8   4.2   1   3      0.06        42    1.8   0.0     3    32    26    55    24    60 0.88 -
XP_005850637.1       -            494 4351at3041           -            409   8.9e-06   23.8   4.2   2   3     0.023        16    3.2   0.0   105   129   191   215   188   223 0.86 -
XP_005850637.1       -            494 4351at3041           -            409   8.9e-06   23.8   4.2   3   3     6e-07   0.00042   18.3   0.6   209   264   339   394   335   412 0.85 -
XP_005850734.1       -            523 4351at3041           -            409   0.00043   18.3   0.1   1   2   1.8e-05     0.012   13.5   0.0     1    41    52    88    52   108 0.88 -
XP_005850734.1       -            523 4351at3041           -            409   0.00043   18.3   0.1   2   2     0.032        22    2.7   0.0   244   282   170   207   112   220 0.90 -
XP_005844735.1       -            706 4351at3041           -            409   0.00058   17.9   1.2   1   3    0.0033       2.3    6.0   0.3     2    31    89   118    88   121 0.94 -
XP_005844735.1       -            706 4351at3041           -            409   0.00058   17.9   1.2   2   3     0.057        40    1.9   0.0    96   131   238   273   229   280 0.85 -
XP_005844735.1       -            706 4351at3041           -            409   0.00058   17.9   1.2   3   3    0.0018       1.3    6.8   0.1   223   257   383   417   378   473 0.87 -
XP_005849429.1       -            136 4351at3041           -            409   0.00064   17.7   0.2   1   1   1.3e-06    0.0009   17.2   0.2     2    32    68    98    67   103 0.92 Chlorella variabilis unplaced genomic scaffold CHLNCscaffold_6, whole genome shotgun sequence.
XP_005849893.1       -            516 4351at3041           -            409    0.0031   15.5   0.4   1   2     0.024        16    3.2   0.0   108   128   226   246   198   254 0.81 -
XP_005849893.1       -            516 4351at3041           -            409    0.0031   15.5   0.4   2   2   0.00019      0.13   10.1   0.1   221   255   369   403   361   440 0.85 -
XP_005843760.1       -           1071 4351at3041           -            409    0.0094   13.9   0.1   1   1   2.1e-05     0.014   13.2   0.1     1    32   520   551   520   556 0.95 -
XP_005847333.1       -            573 4351at3041           -            409     0.013   13.5   0.2   1   2   7.6e-05     0.053   11.4   0.1     1    34    47    80    47    88 0.92 -
XP_005847333.1       -            573 4351at3041           -            409     0.013   13.5   0.2   2   2      0.35   2.5e+02   -0.7   0.0   328   377   322   371   303   384 0.79 -
XP_005847243.1       -            609 4351at3041           -            409     0.016   13.1   0.1   1   1   3.8e-05     0.027   12.4   0.1     1    34    90   123    90   136 0.88 -
XP_005851440.1       -            497 4351at3041           -            409     0.028   12.3   0.0   1   2   0.00083      0.58    8.0   0.0     2    31    79   108    78   112 0.94 -
XP_005851440.1       -            497 4351at3041           -            409     0.028   12.3   0.0   2   2     0.054        38    2.0   0.0   107   129   220   242   215   261 0.84 -
XP_005844486.1       -            503 4351at3041           -            409     0.084   10.7   0.0   1   3    0.0017       1.2    7.0   0.0     2    59    57   115    56   167 0.84 -
XP_005844486.1       -            503 4351at3041           -            409     0.084   10.7   0.0   2   3      0.15   1.1e+02    0.5   0.0   106   129   200   223   181   228 0.83 -
XP_005844486.1       -            503 4351at3041           -            409     0.084   10.7   0.0   3   3      0.95   6.6e+02   -2.1   0.0   224   258   342   376   336   439 0.71 -
#
# Program:         hmmsearch
# Version:         3.1b2 (February 2015)
# Pipeline mode:   SEARCH
# Query file:      /Users/catrionaharrison/Documents/Bioinformatics/rp2/Data/genomes/busco/busco_downloads/lineages/chlorophyta_odb10/hmms/4351at3041.hmm
# Target file:     /Users/catrionaharrison/Documents/Bioinformatics/rp2/Data/genomes/busco/data/chlorella_variabilis.prot.fasta
# Option settings: hmmsearch --domtblout /Users/catrionaharrison/Documents/Bioinformatics/rp2/Data/genomes/busco/Busco_variabilis/run_chlorophyta_odb10/hmmer_output/initial_run_results/4351at3041.out --cpu 1 /Users/catrionaharrison/Documents/Bioinformatics/rp2/Data/genomes/busco/busco_downloads/lineages/chlorophyta_odb10/hmms/4351at3041.hmm /Users/catrionaharrison/Documents/Bioinformatics/rp2/Data/genomes/busco/data/chlorella_variabilis.prot.fasta 
# Current dir:     /Users/catrionaharrison/Documents/Bioinformatics/rp2/Data/genomes/busco
# Date:            Fri Jul 22 15:04:51 2022
# [ok]
