#                                                                            --- full sequence --- -------------- this domain -------------   hmm coord   ali coord   env coord
# target name        accession   tlen query name           accession   qlen   E-value  score  bias   #  of  c-Evalue  i-Evalue  score  bias  from    to  from    to  from    to  acc description of target
#------------------- ---------- ----- -------------------- ---------- ----- --------- ------ ----- --- --- --------- --------- ------ ----- ----- ----- ----- ----- ----- ----- ---- ---------------------
XP_005842670.1       -            347 4580at3041           -            209   4.6e-19   67.7   2.3   1   3   2.4e-07   0.00058   18.4   0.0     1    44    41    90    41   100 0.76 -
XP_005842670.1       -            347 4580at3041           -            209   4.6e-19   67.7   2.3   2   3     7e-05      0.17   10.3   0.1    83   111    96   127    91   145 0.82 -
XP_005842670.1       -            347 4580at3041           -            209   4.6e-19   67.7   2.3   3   3   4.5e-13   1.1e-09   37.1   0.2   155   205   196   257   188   260 0.76 -
XP_005847645.1       -            594 4580at3041           -            209   1.8e-14   52.7   1.4   1   3     3e-13   7.4e-10   37.6   0.0     8    71    86   151    78   162 0.81 -
XP_005847645.1       -            594 4580at3041           -            209   1.8e-14   52.7   1.4   2   3    0.0086        21    3.5   0.0    75   107   173   210   165   216 0.76 -
XP_005847645.1       -            594 4580at3041           -            209   1.8e-14   52.7   1.4   3   3   0.00033       0.8    8.1   0.2   155   189   341   375   285   383 0.79 -
XP_005851178.1       -            301 4580at3041           -            209   6.7e-09   34.5   0.0   1   1   1.3e-11   3.1e-08   32.3   0.0    11   186    12   225     3   235 0.64 -
XP_005845836.1       -            354 4580at3041           -            209    0.0007   18.1   0.2   1   3   1.7e-06    0.0041   15.6   0.0    48   109    42   103    27   108 0.79 -
XP_005845836.1       -            354 4580at3041           -            209    0.0007   18.1   0.2   2   3      0.22   5.4e+02   -1.1   0.0   158   181   230   250   223   265 0.66 -
XP_005845836.1       -            354 4580at3041           -            209    0.0007   18.1   0.2   3   3      0.74   1.8e+03   -2.9   0.0   183   205   326   348   311   349 0.58 -
#
# Program:         hmmsearch
# Version:         3.1b2 (February 2015)
# Pipeline mode:   SEARCH
# Query file:      /Users/catrionaharrison/Documents/Bioinformatics/rp2/Data/genomes/busco/busco_downloads/lineages/chlorophyta_odb10/hmms/4580at3041.hmm
# Target file:     /Users/catrionaharrison/Documents/Bioinformatics/rp2/Data/genomes/busco/data/chlorella_variabilis.prot.fasta
# Option settings: hmmsearch --domtblout /Users/catrionaharrison/Documents/Bioinformatics/rp2/Data/genomes/busco/Busco_variabilis/run_chlorophyta_odb10/hmmer_output/initial_run_results/4580at3041.out --cpu 1 /Users/catrionaharrison/Documents/Bioinformatics/rp2/Data/genomes/busco/busco_downloads/lineages/chlorophyta_odb10/hmms/4580at3041.hmm /Users/catrionaharrison/Documents/Bioinformatics/rp2/Data/genomes/busco/data/chlorella_variabilis.prot.fasta 
# Current dir:     /Users/catrionaharrison/Documents/Bioinformatics/rp2/Data/genomes/busco
# Date:            Fri Jul 22 15:05:31 2022
# [ok]
