#                                                                            --- full sequence --- -------------- this domain -------------   hmm coord   ali coord   env coord
# target name        accession   tlen query name           accession   qlen   E-value  score  bias   #  of  c-Evalue  i-Evalue  score  bias  from    to  from    to  from    to  acc description of target
#------------------- ---------- ----- -------------------- ---------- ----- --------- ------ ----- --- --- --------- --------- ------ ----- ----- ----- ----- ----- ----- ----- ---- ---------------------
XP_005845299.1       -            479 4693at3041           -            342  4.8e-139  462.0   2.7   1   2  6.8e-108  3.7e-106  353.8   0.0     2   239   104   367   103   379 0.91 -
XP_005845299.1       -            479 4693at3041           -            342  4.8e-139  462.0   2.7   2   2   3.9e-33   2.1e-31  108.0   1.1   228   312   387   478   374   479 0.88 -
XP_005844310.1       -            288 4693at3041           -            342   4.1e-27   93.9   0.0   1   1   9.9e-29   5.5e-27   93.5   0.0     6   195    13   206     8   219 0.88 -
XP_005842947.1       -            379 4693at3041           -            342   4.1e-25   87.4   0.0   1   2   6.7e-26   3.7e-24   84.2   0.0     6   196     5   208     1   218 0.81 -
XP_005842947.1       -            379 4693at3041           -            342   4.1e-25   87.4   0.0   2   2       1.4        77    1.0   0.0   196   252   229   287   214   300 0.69 -
XP_005850318.1       -            872 4693at3041           -            342   2.1e-23   81.8   0.0   1   1   7.1e-25   3.9e-23   80.9   0.0     7   195   523   721   519   735 0.82 -
XP_005848263.1       -            579 4693at3041           -            342   7.3e-20   70.1   0.0   1   1     2e-21   1.1e-19   69.5   0.0     7   195    41   235    35   246 0.88 -
XP_005850643.1       -            738 4693at3041           -            342   7.7e-20   70.0   0.0   1   1   2.3e-21   1.3e-19   69.3   0.0     8   196    22   219    15   232 0.80 -
XP_005847012.1       -            272 4693at3041           -            342     8e-20   70.0   0.0   1   1   1.8e-21     1e-19   69.7   0.0     9   220    11   227     4   247 0.78 -
XP_005844457.1       -            284 4693at3041           -            342   1.9e-19   68.7   0.0   1   1   4.5e-21   2.5e-19   68.3   0.0     9   236    21   256    18   265 0.82 -
XP_005847370.1       -            445 4693at3041           -            342   6.2e-19   67.0   0.0   1   1   1.7e-20   9.3e-19   66.5   0.0     8   197    39   243    35   254 0.86 -
XP_005848130.1       -            214 4693at3041           -            342   6.6e-19   66.9   0.0   1   1   1.3e-20   7.2e-19   66.8   0.0    47   195     3   156     1   199 0.87 -
XP_005845602.1       -            362 4693at3041           -            342   9.2e-19   66.5   0.0   1   1   2.3e-20   1.3e-18   66.0   0.0     7   197   101   306    98   317 0.80 -
XP_005850397.1       -            648 4693at3041           -            342   9.5e-19   66.4   0.0   1   1   2.6e-20   1.4e-18   65.9   0.0     8   234   302   540   299   548 0.85 -
XP_005851655.1       -            612 4693at3041           -            342   1.7e-18   65.6   0.2   1   1   3.1e-20   1.7e-18   65.6   0.2     8   200   411   608   410   609 0.87 -
XP_005850247.1       -            391 4693at3041           -            342   3.1e-18   64.8   0.0   1   1   7.2e-20     4e-18   64.4   0.0     9   197   131   323   124   369 0.82 -
XP_005845079.1       -            429 4693at3041           -            342   6.9e-18   63.6   0.0   1   2   9.3e-14   5.1e-12   44.3   0.0     7   152    35   180    30   223 0.87 -
XP_005845079.1       -            429 4693at3041           -            342   6.9e-18   63.6   0.0   2   2   1.4e-05   0.00079   17.4   0.0   152   195   287   331   279   372 0.86 -
XP_005845820.1       -            868 4693at3041           -            342     8e-18   63.4   0.0   1   1   2.2e-19   1.2e-17   62.8   0.0     9   200   500   696   498   741 0.86 -
XP_005850079.1       -            541 4693at3041           -            342   2.4e-17   61.8   0.0   1   1   6.3e-19   3.4e-17   61.3   0.0     8   212   127   340   124   376 0.75 -
XP_005849715.1       -            527 4693at3041           -            342   3.5e-17   61.3   0.0   1   1     1e-18   5.5e-17   60.6   0.0     3   231    53   290    51   312 0.80 -
XP_005844245.1       -            330 4693at3041           -            342   4.9e-17   60.8   0.0   1   1   1.2e-18   6.8e-17   60.3   0.0     6   205    34   234    31   258 0.82 -
XP_005843444.1       -            793 4693at3041           -            342   6.4e-17   60.4   0.0   1   1   9.4e-18   5.1e-16   57.4   0.0    26   200   100   287    93   295 0.80 -
XP_005849759.1       -            216 4693at3041           -            342     2e-16   58.8   0.0   1   1     4e-18   2.2e-16   58.7   0.0    46   200     3   164     1   207 0.78 -
XP_005848070.1       -            360 4693at3041           -            342   2.7e-16   58.4   0.0   1   1   7.3e-18     4e-16   57.8   0.0     6   195    32   227    29   239 0.79 -
XP_005844767.1       -           1278 4693at3041           -            342   5.7e-16   57.3   0.0   1   1   1.9e-17     1e-15   56.5   0.0     8   186   932  1122   928  1136 0.82 -
XP_005844126.1       -            313 4693at3041           -            342   6.3e-16   57.1   0.0   1   1   1.6e-17   8.9e-16   56.7   0.0     5   203     5   207     2   214 0.85 -
XP_005851970.1       -           1085 4693at3041           -            342   7.2e-16   57.0   0.0   1   1   2.2e-17   1.2e-15   56.2   0.0     9   224   690   913   688   932 0.83 -
XP_005850864.1       -            297 4693at3041           -            342     9e-16   56.6   0.0   1   1   2.1e-17   1.2e-15   56.3   0.0     8   196    28   215    21   232 0.80 -
XP_005846235.1       -            221 4693at3041           -            342   1.3e-15   56.1   0.0   1   1   2.9e-17   1.6e-15   55.8   0.0    48   225     7   188     3   214 0.76 -
XP_005849820.1       -            295 4693at3041           -            342   1.6e-15   55.8   0.0   1   1   5.2e-17   2.8e-15   55.0   0.0     7   194    36   234    29   286 0.72 -
XP_005844589.1       -           1199 4693at3041           -            342   2.4e-15   55.2   0.1   1   1   7.7e-17   4.3e-15   54.4   0.1     9   198   785   979   783   984 0.88 -
XP_005845710.1       -            414 4693at3041           -            342   4.5e-15   54.4   0.0   1   1   4.3e-16   2.3e-14   52.0   0.0    46   198    90   262    37   304 0.70 -
XP_005842879.1       -            191 4693at3041           -            342   4.8e-15   54.3   0.0   1   1   1.1e-16   5.9e-15   54.0   0.0    69   207     8   150     2   176 0.81 -
XP_005844195.1       -            502 4693at3041           -            342   5.3e-15   54.1   0.0   1   1   1.9e-13   1.1e-11   43.3   0.0     6   196   202   418   199   492 0.77 -
XP_005850922.1       -            657 4693at3041           -            342   5.4e-15   54.1   0.0   1   1   1.4e-16   7.9e-15   53.5   0.0     6   224   393   621   391   651 0.76 -
XP_005843484.1       -           1289 4693at3041           -            342   6.5e-15   53.8   0.0   1   1   2.1e-16   1.2e-14   53.0   0.0     3   196    38   255    36   275 0.78 -
XP_005850816.1       -            352 4693at3041           -            342   6.9e-15   53.7   0.0   1   1   1.6e-16   8.8e-15   53.4   0.0     6   212    16   229    10   242 0.81 -
XP_005850216.1       -            585 4693at3041           -            342   8.9e-15   53.4   0.0   1   1   2.5e-16   1.4e-14   52.8   0.0    43   197   328   484   321   502 0.86 -
XP_005846738.1       -            909 4693at3041           -            342   2.7e-14   51.8   0.0   1   1   7.5e-16   4.1e-14   51.2   0.0     7   200   570   777   568   802 0.81 -
XP_005848219.1       -            820 4693at3041           -            342   5.3e-14   50.8   0.1   1   2   3.7e-11   2.1e-09   35.7   0.1     6   137    30   164    25   187 0.82 -
XP_005848219.1       -            820 4693at3041           -            342   5.3e-14   50.8   0.1   2   2   0.00032     0.018   12.9   0.0   157   195   215   254   190   275 0.77 -
XP_005845892.1       -            480 4693at3041           -            342   5.5e-14   50.8   0.0   1   1   1.4e-15   7.7e-14   50.3   0.0     4   195    20   220    17   245 0.80 -
XP_005845688.1       -            351 4693at3041           -            342   6.4e-14   50.6   0.0   1   1   1.6e-15   8.8e-14   50.1   0.0     6   201    14   218     9   233 0.80 -
XP_005845612.1       -            391 4693at3041           -            342   8.1e-14   50.2   0.0   1   1   2.4e-15   1.3e-13   49.5   0.0    47   174    84   217    80   221 0.84 -
XP_005848697.1       -            589 4693at3041           -            342   1.1e-13   49.8   0.0   1   1   2.8e-15   1.5e-13   49.3   0.0    17   195    56   241    36   283 0.77 -
XP_005846169.1       -            592 4693at3041           -            342   1.2e-13   49.7   0.0   1   1   9.8e-15   5.4e-13   47.5   0.0     3   196    15   234    13   243 0.75 -
XP_005848385.1       -            308 4693at3041           -            342   1.2e-13   49.7   0.0   1   1   2.9e-15   1.6e-13   49.3   0.0     5   194     3   206     1   219 0.79 -
XP_005846934.1       -            295 4693at3041           -            342   1.3e-13   49.6   0.0   1   1   2.9e-15   1.6e-13   49.3   0.0     9   217     1   225     1   240 0.74 -
XP_005851518.1       -            782 4693at3041           -            342   1.4e-13   49.5   0.0   1   1   3.7e-15     2e-13   48.9   0.0    12   234   183   419   173   432 0.72 -
XP_005844717.1       -            437 4693at3041           -            342   1.6e-13   49.3   0.0   1   1   4.6e-15   2.5e-13   48.6   0.0     6   196   162   374   156   392 0.75 -
XP_005845648.1       -            421 4693at3041           -            342   1.7e-13   49.1   0.0   1   1   6.7e-15   3.7e-13   48.1   0.0     8   181    73   258    65   294 0.78 -
XP_005846045.1       -            296 4693at3041           -            342   2.4e-13   48.7   0.0   1   1   5.5e-15     3e-13   48.3   0.0     8   197    27   240    19   254 0.76 -
XP_005847472.1       -            542 4693at3041           -            342   2.6e-13   48.5   0.1   1   1   1.1e-14     6e-13   47.4   0.1    10   201   308   509   303   516 0.80 -
XP_005850782.1       -            342 4693at3041           -            342   3.9e-13   48.0   0.0   1   1   8.2e-14   4.5e-12   44.5   0.0     8   196    33   235    26   246 0.80 -
XP_005850346.1       -           1209 4693at3041           -            342   4.7e-13   47.7   0.0   1   1   1.5e-14   8.1e-13   46.9   0.0     5   201   866  1078   864  1112 0.77 -
XP_005843149.1       -            373 4693at3041           -            342     5e-13   47.6   0.0   1   1   1.4e-14   7.6e-13   47.0   0.0     8   194    42   252    34   260 0.76 -
XP_005845651.1       -            296 4693at3041           -            342   6.6e-13   47.2   0.0   1   1   1.7e-14   9.6e-13   46.7   0.0     3   191     3   198     1   205 0.79 -
XP_005851971.1       -            944 4693at3041           -            342   7.9e-13   47.0   0.0   1   1   2.1e-14   1.2e-12   46.4   0.0     9   223   662   885   660   904 0.83 -
XP_005847565.1       -            369 4693at3041           -            342     1e-12   46.6   0.0   1   1   2.4e-14   1.3e-12   46.2   0.0     9   216    31   256    22   277 0.76 -
XP_005844292.1       -            557 4693at3041           -            342   1.1e-12   46.5   0.0   1   1     3e-14   1.6e-12   45.9   0.0     7   194    81   284    75   321 0.79 -
XP_005844850.1       -            673 4693at3041           -            342   2.9e-12   45.1   0.0   1   2    0.0048      0.26    9.1   0.0     7    65   278   338   274   354 0.86 -
XP_005844850.1       -            673 4693at3041           -            342   2.9e-12   45.1   0.0   2   2   1.6e-10   8.8e-09   33.7   0.0    86   197   457   589   444   595 0.73 -
XP_005844600.1       -            292 4693at3041           -            342   3.5e-12   44.8   0.0   1   1   8.5e-14   4.7e-12   44.4   0.0     3   185     5   195     3   206 0.79 -
XP_005843332.1       -            248 4693at3041           -            342   4.8e-12   44.4   0.0   1   1   1.1e-13     6e-12   44.1   0.0     9   159    13   161     8   192 0.76 -
XP_005848087.1       -            925 4693at3041           -            342   6.4e-12   44.0   0.0   1   1     2e-13   1.1e-11   43.2   0.0     9   184   498   669   495   715 0.81 -
XP_005849057.1       -           1046 4693at3041           -            342   6.9e-12   43.9   0.0   1   1   3.2e-13   1.8e-11   42.5   0.0    40   197   217   384   205   406 0.83 -
XP_005851612.1       -            415 4693at3041           -            342   1.5e-11   42.8   0.1   1   3   8.2e-05    0.0045   14.9   0.0    22    65    79   122    69   133 0.93 -
XP_005851612.1       -            415 4693at3041           -            342   1.5e-11   42.8   0.1   2   3   1.2e-05   0.00068   17.6   0.0    78   152   161   246   156   250 0.65 -
XP_005851612.1       -            415 4693at3041           -            342   1.5e-11   42.8   0.1   3   3     0.027       1.5    6.6   0.0   158   189   298   330   290   342 0.83 -
XP_005848698.1       -            209 4693at3041           -            342     2e-11   42.4   0.0   1   1   3.8e-13   2.1e-11   42.3   0.0    51   193     2   151     1   197 0.85 -
XP_005846125.1       -           1435 4693at3041           -            342   2.1e-11   42.3   0.0   1   1   7.3e-13     4e-11   41.4   0.0    21   234   676   891   660   899 0.79 -
XP_005848327.1       -            361 4693at3041           -            342   2.7e-11   41.9   0.0   1   1   6.3e-13   3.4e-11   41.6   0.0     3   195    30   232    28   257 0.77 -
XP_005843148.1       -            387 4693at3041           -            342   2.8e-11   41.9   0.0   1   1   1.1e-12   6.3e-11   40.7   0.0    23   194    64   261    38   279 0.68 -
XP_005849160.1       -            249 4693at3041           -            342   3.3e-11   41.7   0.0   1   1   9.2e-13   5.1e-11   41.0   0.0     8   196     3   201     1   242 0.79 -
XP_005846423.1       -            333 4693at3041           -            342   3.3e-11   41.6   0.0   1   1   7.9e-13   4.3e-11   41.3   0.0     3   194    11   212     9   217 0.78 -
XP_005849559.1       -            387 4693at3041           -            342   4.1e-11   41.3   0.0   1   1   1.1e-12     6e-11   40.8   0.0    42   196    63   229    59   254 0.80 -
XP_005846515.1       -            334 4693at3041           -            342   4.2e-11   41.3   0.1   1   2   1.2e-11   6.3e-10   37.4   0.1     2   167    10   175     9   186 0.86 -
XP_005846515.1       -            334 4693at3041           -            342   4.2e-11   41.3   0.1   2   2       0.7        38    2.0   0.0   158   194   189   227   179   253 0.76 -
XP_005850273.1       -           1043 4693at3041           -            342   5.5e-11   40.9   0.1   1   1   2.1e-12   1.1e-10   39.9   0.1     6   198   783   984   779   991 0.79 -
XP_005845209.1       -            257 4693at3041           -            342   6.3e-11   40.7   0.0   1   1   1.8e-12   9.9e-11   40.1   0.0     6   196     5   211     2   225 0.78 -
XP_005851731.1       -            791 4693at3041           -            342   8.3e-11   40.3   0.0   1   1   4.5e-12   2.5e-10   38.8   0.0    19   170   131   286   115   332 0.76 -
XP_005849558.1       -            388 4693at3041           -            342   9.6e-11   40.1   0.0   1   1   2.6e-12   1.4e-10   39.5   0.0     9   215    37   250    30   256 0.72 -
XP_005847989.1       -           1000 4693at3041           -            342   1.2e-10   39.8   0.0   1   1   3.3e-12   1.8e-10   39.2   0.0     9   203   761   957   757   997 0.82 -
XP_005845516.1       -            427 4693at3041           -            342   1.3e-10   39.7   0.0   1   1   3.2e-12   1.8e-10   39.3   0.0     8   195    97   292    90   316 0.70 -
XP_005851920.1       -            351 4693at3041           -            342   1.4e-10   39.6   0.0   1   1   3.7e-12     2e-10   39.0   0.0     5   185    25   213    21   225 0.79 -
XP_005850610.1       -            495 4693at3041           -            342     2e-10   39.0   0.0   1   2   3.5e-09   1.9e-07   29.3   0.0    23   139   163   291   145   312 0.77 -
XP_005850610.1       -            495 4693at3041           -            342     2e-10   39.0   0.0   2   2     0.014      0.77    7.5   0.0   157   196   366   406   350   424 0.83 -
XP_005843959.1       -            289 4693at3041           -            342   2.1e-10   39.0   0.0   1   1   4.5e-12   2.5e-10   38.8   0.0     5   193     6   202     1   221 0.77 -
XP_005847753.1       -            927 4693at3041           -            342   3.2e-10   38.4   0.1   1   1   2.5e-11   1.4e-09   36.3   0.1     6   190   688   865   685   874 0.78 -
XP_005843147.1       -            297 4693at3041           -            342   3.9e-10   38.1   0.0   1   1   1.5e-11   8.2e-10   37.1   0.0     9   194    31   244    23   259 0.69 -
XP_005848350.1       -            340 4693at3041           -            342   5.4e-10   37.6   0.0   1   1   1.7e-11   9.5e-10   36.8   0.0     5   192    28   230    24   237 0.80 -
XP_005849414.1       -            462 4693at3041           -            342   5.8e-10   37.6   0.0   1   1   1.7e-11   9.2e-10   36.9   0.0     5   194    89   298    86   341 0.76 -
XP_005843186.1       -            220 4693at3041           -            342   7.5e-10   37.2   0.0   1   2       0.2        11    3.8   0.0    48   103     3    60     2    68 0.80 -
XP_005843186.1       -            220 4693at3041           -            342   7.5e-10   37.2   0.0   2   2   7.5e-10   4.1e-08   31.5   0.0   122   200    92   175    84   214 0.79 -
XP_005843382.1       -            797 4693at3041           -            342   1.4e-09   36.3   0.0   1   2   2.9e-08   1.6e-06   26.2   0.0    23   146   417   539   394   548 0.84 -
XP_005843382.1       -            797 4693at3041           -            342   1.4e-09   36.3   0.0   2   2     0.014      0.75    7.6   0.0   154   208   615   671   600   679 0.80 -
XP_005844785.1       -            567 4693at3041           -            342     2e-09   35.8   0.0   1   1   4.8e-11   2.7e-09   35.4   0.0     3   219    15   243    13   265 0.78 -
XP_005849362.1       -            730 4693at3041           -            342   3.1e-09   35.2   0.0   1   2   7.2e-09   3.9e-07   28.2   0.0     6   145   403   546   398   555 0.83 -
XP_005849362.1       -            730 4693at3041           -            342   3.1e-09   35.2   0.0   2   2       0.1       5.7    4.7   0.0   154   195   615   657   606   674 0.80 -
XP_005843074.1       -            271 4693at3041           -            342   3.3e-09   35.1   0.3   1   1   7.8e-11   4.3e-09   34.7   0.3     8   194    31   221    26   244 0.76 -
XP_005849560.1       -            379 4693at3041           -            342   3.9e-09   34.8   0.0   1   1   1.1e-10   5.8e-09   34.3   0.0    37   195    60   228    42   257 0.78 -
XP_005847985.1       -            665 4693at3041           -            342   7.5e-09   33.9   0.0   1   1     2e-10   1.1e-08   33.3   0.0    43   194   501   654   468   658 0.80 -
XP_005843557.1       -            642 4693at3041           -            342   8.6e-09   33.7   0.0   1   1   2.6e-10   1.4e-08   33.0   0.0   112   196   431   520   414   539 0.78 -
XP_005845046.1       -            353 4693at3041           -            342     1e-08   33.5   0.0   1   2   9.1e-10     5e-08   31.2   0.0     5   137    45   177    41   181 0.87 -
XP_005845046.1       -            353 4693at3041           -            342     1e-08   33.5   0.0   2   2       3.3   1.8e+02   -0.2   0.0   157   205   228   278   206   290 0.80 -
XP_005847988.1       -            144 4693at3041           -            342   1.5e-08   32.9   0.0   1   1   2.9e-10   1.6e-08   32.8   0.0   101   191    47   144    18   144 0.81 -
XP_005851310.1       -            293 4693at3041           -            342   1.7e-08   32.7   0.0   1   1   4.1e-10   2.2e-08   32.3   0.0     7   151    10   153     4   212 0.77 -
XP_005846340.1       -            512 4693at3041           -            342     2e-08   32.5   0.0   1   1   7.7e-10   4.2e-08   31.4   0.0     7   156    86   235    82   249 0.83 -
XP_005851329.1       -            536 4693at3041           -            342   2.7e-08   32.1   0.0   1   2   4.9e-05    0.0027   15.6   0.0     8    67   207   266   206   302 0.77 -
XP_005851329.1       -            536 4693at3041           -            342   2.7e-08   32.1   0.0   2   2   0.00013    0.0071   14.2   0.0   155   237   353   443   322   452 0.75 -
XP_005844186.1       -            380 4693at3041           -            342   3.1e-08   31.9   0.0   1   2   2.7e-09   1.5e-07   29.6   0.0     5   137    44   179    40   196 0.88 -
XP_005844186.1       -            380 4693at3041           -            342   3.1e-08   31.9   0.0   2   2       3.3   1.8e+02   -0.2   0.0   174   190   242   258   199   320 0.68 -
XP_005851377.1       -            880 4693at3041           -            342   4.6e-08   31.3   0.1   1   1   1.4e-09   7.7e-08   30.6   0.1     8   236   632   872   627   875 0.70 -
XP_005842975.1       -            944 4693at3041           -            342     6e-08   30.9   0.0   1   1   5.9e-09   3.3e-07   28.5   0.0    49   197    84   244    74   256 0.75 -
XP_005851494.1       -            652 4693at3041           -            342   6.5e-08   30.8   0.0   1   2      0.42        23    2.7   0.0     8    67   241   300   236   306 0.86 -
XP_005851494.1       -            652 4693at3041           -            342   6.5e-08   30.8   0.0   2   2     5e-08   2.8e-06   25.5   0.0    81   196   450   576   445   597 0.81 -
XP_005845797.1       -            562 4693at3041           -            342   8.4e-08   30.4   0.1   1   1   2.6e-09   1.4e-07   29.7   0.1     8   189   323   508   317   557 0.79 -
XP_005848611.1       -            234 4693at3041           -            342     1e-07   30.2   0.0   1   1   2.1e-09   1.1e-07   30.0   0.0   105   195    58   158     1   172 0.71 -
XP_005844175.1       -            487 4693at3041           -            342     1e-07   30.2   0.0   1   1   2.8e-09   1.5e-07   29.6   0.0    98   199    24   134     4   166 0.79 -
XP_005847172.1       -            160 4693at3041           -            342   1.2e-07   29.9   0.0   1   1   2.4e-09   1.3e-07   29.8   0.0   103   210     3   120     1   142 0.80 -
XP_005847121.1       -            225 4693at3041           -            342   1.2e-07   29.9   0.0   1   1   5.4e-09     3e-07   28.6   0.0    43   194    26   189    18   194 0.71 -
XP_005844959.1       -            622 4693at3041           -            342   1.7e-07   29.4   0.3   1   3    0.0034      0.19    9.6   0.0     9    70   239   302   232   318 0.78 -
XP_005844959.1       -            622 4693at3041           -            342   1.7e-07   29.4   0.3   2   3     0.046       2.5    5.8   0.0    86   138   412   471   390   496 0.71 -
XP_005844959.1       -            622 4693at3041           -            342   1.7e-07   29.4   0.3   3   3    0.0023      0.12   10.2   0.0   161   195   526   561   503   566 0.83 -
XP_005848249.1       -            355 4693at3041           -            342   1.8e-07   29.3   0.0   1   1     5e-09   2.8e-07   28.7   0.0    10   191    79   287    72   293 0.73 -
XP_005845055.1       -            996 4693at3041           -            342   3.5e-07   28.4   0.0   1   1   9.8e-09   5.4e-07   27.8   0.0    47   213   600   781   587   788 0.68 -
XP_005846337.1       -           1564 4693at3041           -            342   3.7e-07   28.3   0.0   1   3    0.0038      0.21    9.4   0.0     8    66   479   539   473   546 0.83 -
XP_005846337.1       -           1564 4693at3041           -            342   3.7e-07   28.3   0.0   2   3    0.0006     0.033   12.1   0.0    96   149   788   840   767   845 0.81 -
XP_005846337.1       -           1564 4693at3041           -            342   3.7e-07   28.3   0.0   3   3      0.53        29    2.4   0.0   153   189   879   917   866   935 0.74 -
XP_005845995.1       -            147 4693at3041           -            342   4.7e-07   28.0   0.0   1   1     1e-08   5.6e-07   27.7   0.0   113   191     4    88     2   103 0.82 -
XP_005844178.1       -           1246 4693at3041           -            342   5.4e-07   27.8   0.0   1   1   1.9e-08     1e-06   26.9   0.0     8   194   675   860   671   902 0.81 -
XP_005846540.1       -            410 4693at3041           -            342   6.6e-07   27.5   0.0   1   1     4e-08   2.2e-06   25.8   0.0     3   221    12   254    10   280 0.79 -
XP_005847070.1       -            521 4693at3041           -            342   7.6e-07   27.3   0.0   1   1     4e-08   2.2e-06   25.8   0.0     8   201   264   470   261   515 0.76 -
XP_005844803.1       -            148 4693at3041           -            342     8e-07   27.2   0.0   1   1   1.6e-08   8.8e-07   27.1   0.0   115   196     6    94     3   127 0.83 -
XP_005850592.1       -            264 4693at3041           -            342     8e-07   27.2   0.0   1   1   1.9e-08   1.1e-06   26.8   0.0    98   197    68   179    38   191 0.71 -
XP_005847963.1       -            634 4693at3041           -            342     1e-06   26.9   0.0   1   1   2.6e-08   1.4e-06   26.4   0.0     3   208   109   327   107   350 0.71 -
XP_005845997.1       -            313 4693at3041           -            342   1.2e-06   26.6   0.0   1   2       4.1   2.3e+02   -0.6   0.0    42    64    24    46    22    49 0.86 -
XP_005845997.1       -            313 4693at3041           -            342   1.2e-06   26.6   0.0   2   2     1e-07   5.7e-06   24.4   0.0   113   190   113   196   103   204 0.78 -
XP_005842800.1       -            142 4693at3041           -            342   1.2e-06   26.6   0.0   1   1   2.7e-08   1.5e-06   26.3   0.0   123   194     9    86     4   101 0.79 -
XP_005843214.1       -            504 4693at3041           -            342   1.3e-06   26.6   0.0   1   1   3.7e-08     2e-06   25.9   0.0    99   153   304   357   289   380 0.77 -
XP_005845998.1       -            883 4693at3041           -            342   1.3e-06   26.5   0.0   1   1   3.8e-08   2.1e-06   25.9   0.0   105   194   733   825   638   873 0.68 -
XP_005843023.1       -            382 4693at3041           -            342     2e-06   25.9   0.0   1   1   4.6e-08   2.5e-06   25.6   0.0    93   191   135   240    35   267 0.73 -
XP_005843211.1       -            152 4693at3041           -            342   3.1e-06   25.3   0.0   1   1   6.1e-08   3.3e-06   25.2   0.0    76   185    26   150     1   151 0.76 -
XP_005851827.1       -            876 4693at3041           -            342   3.2e-06   25.2   0.5   1   3       3.1   1.7e+02   -0.2   0.0     7    63   400   455   396   462 0.77 -
XP_005851827.1       -            876 4693at3041           -            342   3.2e-06   25.2   0.5   2   3      0.29        16    3.2   0.0    85   136   609   668   597   673 0.63 -
XP_005851827.1       -            876 4693at3041           -            342   3.2e-06   25.2   0.5   3   3   1.5e-05   0.00084   17.3   0.1   150   185   744   779   737   785 0.88 -
XP_005850969.1       -            715 4693at3041           -            342   3.7e-06   25.1   0.0   1   1   1.2e-07   6.9e-06   24.2   0.0    77   193   502   636   498   648 0.71 -
XP_005847339.1       -             76 4693at3041           -            342   4.1e-06   24.9   0.0   1   1   8.6e-08   4.7e-06   24.7   0.0   123   183     1    68     1    70 0.80 Chlorella variabilis unplaced genomic scaffold CHLNCscaffold_11, whole genome shotgun sequence.
XP_005844274.1       -            338 4693at3041           -            342   4.7e-06   24.7   0.0   1   1   2.1e-07   1.2e-05   23.4   0.0    70   194    74   212     6   238 0.62 -
XP_005852310.1       -            909 4693at3041           -            342   5.1e-06   24.6   0.1   1   1   1.5e-07   8.1e-06   23.9   0.1     8   189   683   854   678   900 0.80 -
XP_005843577.1       -            318 4693at3041           -            342   7.6e-06   24.0   0.0   1   1     2e-07   1.1e-05   23.5   0.0     5   173     6   190     2   212 0.70 -
XP_005850945.1       -            419 4693at3041           -            342   8.3e-06   23.9   0.0   1   1   3.5e-07   1.9e-05   22.7   0.0    75   194   104   240    94   243 0.74 -
XP_005842566.1       -            224 4693at3041           -            342   8.7e-06   23.8   0.0   1   1   2.1e-07   1.2e-05   23.4   0.0    76   193    79   215    74   223 0.71 -
XP_005848395.1       -            843 4693at3041           -            342   1.2e-05   23.4   0.0   1   1   4.9e-07   2.7e-05   22.2   0.0     8   194   551   740   545   745 0.74 -
XP_005848826.1       -            425 4693at3041           -            342   1.3e-05   23.3   0.0   1   1   3.2e-06   0.00018   19.5   0.0     7   200   162   352   158   392 0.71 -
XP_005851619.1       -            246 4693at3041           -            342   1.3e-05   23.2   0.0   1   1   2.8e-07   1.6e-05   23.0   0.0    54   237    59   239     5   244 0.78 -
XP_005844483.1       -            603 4693at3041           -            342   1.7e-05   22.9   0.0   1   1   9.3e-07   5.1e-05   21.3   0.0   102   150   263   312   248   317 0.80 -
XP_005847493.1       -            175 4693at3041           -            342   1.8e-05   22.8   0.0   1   1   3.9e-07   2.2e-05   22.5   0.0    45   194     3   162     1   167 0.74 -
XP_005845485.1       -            170 4693at3041           -            342   2.6e-05   22.2   0.0   1   1   5.9e-07   3.3e-05   21.9   0.0   113   192    21   107     4   114 0.78 -
XP_005844161.1       -            590 4693at3041           -            342   2.9e-05   22.1   0.0   1   1   1.2e-06   6.8e-05   20.9   0.0     8   152    34   184    29   283 0.77 -
XP_005844631.1       -            255 4693at3041           -            342   3.1e-05   22.0   0.0   1   1     1e-06   5.7e-05   21.1   0.0    45   191     4   161     1   167 0.60 -
XP_005852129.1       -             82 4693at3041           -            342   3.2e-05   22.0   0.0   1   1   6.1e-07   3.4e-05   21.9   0.0    58   138     1    79     1    82 0.87 -
XP_005850561.1       -           1019 4693at3041           -            342   4.4e-05   21.5   0.0   1   1   1.5e-06   8.4e-05   20.6   0.0   103   200   834   948   824   982 0.77 -
XP_005843510.1       -            712 4693at3041           -            342   4.6e-05   21.5   0.0   1   1   1.5e-06   8.1e-05   20.6   0.0   113   231   557   692   542   702 0.74 -
XP_005848072.1       -            647 4693at3041           -            342   4.7e-05   21.4   0.0   1   1   1.9e-06    0.0001   20.3   0.0   113   190   265   351   229   368 0.77 -
XP_005848000.1       -            453 4693at3041           -            342   4.9e-05   21.3   0.0   1   2   5.7e-05    0.0031   15.4   0.0    96   136   189   229   167   249 0.82 -
XP_005848000.1       -            453 4693at3041           -            342   4.9e-05   21.3   0.0   2   2      0.36        20    2.9   0.0   172   198   361   386   347   409 0.85 -
XP_005844043.1       -            791 4693at3041           -            342   5.8e-05   21.1   0.0   1   1   1.9e-06    0.0001   20.3   0.0   102   169   150   220    54   233 0.64 -
XP_005844632.1       -            148 4693at3041           -            342   5.9e-05   21.1   0.0   1   1   1.3e-06   7.2e-05   20.8   0.0   119   192    10    91     4   106 0.78 -
XP_005850102.1       -            261 4693at3041           -            342   7.2e-05   20.8   0.0   1   1   1.9e-06   0.00011   20.2   0.0   128   194     1    75     1   130 0.81 -
XP_005843963.1       -            428 4693at3041           -            342   7.7e-05   20.7   0.0   1   1   3.9e-06   0.00021   19.2   0.0   121   192   145   230    30   241 0.65 -
XP_005850995.1       -            260 4693at3041           -            342   7.8e-05   20.7   0.0   1   1     2e-06   0.00011   20.2   0.0    76   194    19   156    10   170 0.71 -
XP_005844411.1       -            364 4693at3041           -            342   9.5e-05   20.4   0.0   1   1   1.2e-05   0.00064   17.7   0.0   101   149   181   230   164   302 0.81 -
XP_005850890.1       -            423 4693at3041           -            342   0.00013   20.0   0.0   1   1   4.6e-06   0.00025   19.0   0.0     8   149     9   153     2   158 0.75 -
XP_005842606.1       -            154 4693at3041           -            342   0.00014   19.9   0.0   1   1   2.8e-06   0.00015   19.7   0.0     7   146    14   153     8   154 0.74 -
XP_005843603.1       -            345 4693at3041           -            342   0.00025   19.0   0.0   1   1     1e-05   0.00057   17.8   0.0    44   148    86   189    45   193 0.69 -
XP_005846952.1       -            147 4693at3041           -            342   0.00047   18.1   0.0   1   1     1e-05   0.00056   17.9   0.0   115   190     3    85     1    93 0.76 -
XP_005850427.1       -            414 4693at3041           -            342   0.00068   17.6   0.0   1   2    0.0018       0.1   10.5   0.3   101   137   123   158    14   162 0.76 -
XP_005850427.1       -            414 4693at3041           -            342   0.00068   17.6   0.0   2   2      0.14       7.8    4.2   0.0   140   193   254   310   231   340 0.75 -
XP_005850996.1       -            117 4693at3041           -            342   0.00075   17.5   0.0   1   1   1.8e-05     0.001   17.0   0.0   114   194     5    97     3   111 0.69 Chlorella variabilis unplaced genomic scaffold CHLNCscaffold_3, whole genome shotgun sequence.
XP_005849225.1       -            219 4693at3041           -            342    0.0014   16.6   0.0   1   2       8.7   4.8e+02   -1.6   0.0    45    65     8    28     5    34 0.83 -
XP_005849225.1       -            219 4693at3041           -            342    0.0014   16.6   0.0   2   2   0.00014    0.0076   14.1   0.0   111   222    77   204    69   216 0.64 -
XP_005849701.1       -           1217 4693at3041           -            342    0.0015   16.5   0.0   1   2       7.7   4.2e+02   -1.5   0.0     7    34   747   775   744   781 0.88 -
XP_005849701.1       -           1217 4693at3041           -            342    0.0015   16.5   0.0   2   2   0.00013    0.0069   14.3   0.0   111   194   902   997   884  1004 0.72 -
XP_005850986.1       -            569 4693at3041           -            342    0.0017   16.3   0.0   1   2       4.3   2.4e+02   -0.6   0.0    20   130   231   340   220   342 0.69 -
XP_005850986.1       -            569 4693at3041           -            342    0.0017   16.3   0.0   2   2   0.00016    0.0086   14.0   0.0   140   219   390   468   383   506 0.78 -
XP_005845704.1       -           1253 4693at3041           -            342    0.0023   15.8   0.0   1   1   0.00036      0.02   12.8   0.0     9   189   916  1119   908  1124 0.57 -
XP_005846115.1       -           1588 4693at3041           -            342    0.0027   15.6   0.0   1   1   0.00012    0.0066   14.3   0.0   101   152  1371  1423  1335  1465 0.72 -
XP_005849952.1       -           1028 4693at3041           -            342    0.0037   15.2   0.0   1   2       6.4   3.5e+02   -1.2   0.0     7    34   663   691   660   697 0.88 -
XP_005849952.1       -           1028 4693at3041           -            342    0.0037   15.2   0.0   2   2    0.0003     0.017   13.0   0.0   113   194   838   931   821   937 0.72 -
XP_005847455.1       -            931 4693at3041           -            342    0.0043   15.0   0.0   1   1   0.00015    0.0082   14.0   0.0   112   169   813   881   768   889 0.72 -
XP_005845172.1       -           1464 4693at3041           -            342    0.0044   14.9   0.0   1   1   0.00028     0.016   13.1   0.0   113   154   871   913   857   934 0.85 -
XP_005842654.1       -            181 4693at3041           -            342    0.0045   14.9   0.0   1   1   0.00011    0.0059   14.5   0.0   113   192    12   103     2   120 0.70 -
XP_005844250.1       -            286 4693at3041           -            342    0.0049   14.8   0.0   1   1   0.00014    0.0077   14.1   0.0   101   147    91   138    75   154 0.87 -
XP_005852195.1       -            771 4693at3041           -            342     0.005   14.7   0.0   1   1   0.00014    0.0076   14.1   0.0    88   136   110   156    16   180 0.79 -
XP_005850193.1       -             77 4693at3041           -            342    0.0063   14.4   0.0   1   1   0.00012    0.0064   14.4   0.0    77   146    10    75     3    77 0.84 -
XP_005846742.1       -            762 4693at3041           -            342    0.0099   13.8   0.0   1   2     0.005      0.27    9.0   0.0    10   140    68   194    65   210 0.71 -
XP_005846742.1       -            762 4693at3041           -            342    0.0099   13.8   0.0   2   2      0.55        30    2.3   0.0   168   198   254   284   245   302 0.80 -
XP_005849129.1       -            635 4693at3041           -            342     0.012   13.5   0.0   1   2       5.6   3.1e+02   -1.0   0.0   120   154   209   239   185   255 0.72 -
XP_005849129.1       -            635 4693at3041           -            342     0.012   13.5   0.0   2   2    0.0013      0.07   11.0   0.0   158   200   342   384   336   419 0.89 -
XP_005850661.1       -            239 4693at3041           -            342     0.018   12.9   0.0   1   1   0.00033     0.018   12.9   0.0    26    65   145   184   127   198 0.89 -
XP_005850542.1       -            444 4693at3041           -            342     0.024   12.5   0.0   1   1   0.00075     0.041   11.7   0.0   113   150   164   200   155   205 0.81 -
XP_005845942.1       -           1491 4693at3041           -            342     0.027   12.3   0.0   1   1    0.0021      0.11   10.3   0.0    76   200  1262  1411  1258  1432 0.65 -
XP_005843205.1       -            102 4693at3041           -            342     0.032   12.1   0.0   1   1   0.00079     0.043   11.7   0.0    48   138     4    97     1   102 0.64 -
XP_005851910.1       -             87 4693at3041           -            342     0.044   11.6   0.0   1   1     0.001     0.057   11.3   0.0   122   182    15    86     7    87 0.68 -
XP_005843500.1       -            193 4693at3041           -            342     0.053   11.4   0.0   1   1    0.0038      0.21    9.4   0.0    42   146     8   116     2   188 0.67 -
XP_005846625.1       -            309 4693at3041           -            342     0.072   10.9   0.0   1   1    0.0033      0.18    9.6   0.0    92   149    87   143    80   228 0.80 -
XP_005844574.1       -            127 4693at3041           -            342      0.12   10.2   0.0   1   1    0.0033      0.18    9.6   0.0   114   138    88   112    71   123 0.89 -
#
# Program:         hmmsearch
# Version:         3.1b2 (February 2015)
# Pipeline mode:   SEARCH
# Query file:      /Users/catrionaharrison/Documents/Bioinformatics/rp2/Data/genomes/busco/busco_downloads/lineages/chlorophyta_odb10/hmms/4693at3041.hmm
# Target file:     /Users/catrionaharrison/Documents/Bioinformatics/rp2/Data/genomes/busco/data/chlorella_variabilis.prot.fasta
# Option settings: hmmsearch --domtblout /Users/catrionaharrison/Documents/Bioinformatics/rp2/Data/genomes/busco/Busco_variabilis/run_chlorophyta_odb10/hmmer_output/initial_run_results/4693at3041.out --cpu 1 /Users/catrionaharrison/Documents/Bioinformatics/rp2/Data/genomes/busco/busco_downloads/lineages/chlorophyta_odb10/hmms/4693at3041.hmm /Users/catrionaharrison/Documents/Bioinformatics/rp2/Data/genomes/busco/data/chlorella_variabilis.prot.fasta 
# Current dir:     /Users/catrionaharrison/Documents/Bioinformatics/rp2/Data/genomes/busco
# Date:            Fri Jul 22 15:05:28 2022
# [ok]
