#                                                                            --- full sequence --- -------------- this domain -------------   hmm coord   ali coord   env coord
# target name        accession   tlen query name           accession   qlen   E-value  score  bias   #  of  c-Evalue  i-Evalue  score  bias  from    to  from    to  from    to  acc description of target
#------------------- ---------- ----- -------------------- ---------- ----- --------- ------ ----- --- --- --------- --------- ------ ----- ----- ----- ----- ----- ----- ----- ---- ---------------------
XP_005850935.1       -            194 4825at3041           -            166   1.3e-97  323.6   0.0   1   1  2.9e-100   1.6e-97  323.4   0.0     1   166    13   193    13   193 0.96 -
XP_005850241.1       -            208 4825at3041           -            166     1e-28   99.6   0.0   1   1   2.2e-31   1.2e-28   99.4   0.0     6   164    32   201    26   203 0.81 -
XP_005845590.1       -            184 4825at3041           -            166   2.2e-26   92.0   0.0   1   1   5.1e-29   2.8e-26   91.7   0.0     5   165    14   179    11   180 0.88 -
XP_005846649.1       -            185 4825at3041           -            166   2.8e-26   91.7   0.0   1   1   6.1e-29   3.3e-26   91.4   0.0     6   164    14   175     9   177 0.88 -
XP_005843622.1       -            183 4825at3041           -            166   3.8e-22   78.2   0.0   1   1   8.4e-25   4.6e-22   77.9   0.0     7   162    19   178    14   182 0.83 -
XP_005847412.1       -            191 4825at3041           -            166   4.4e-21   74.7   0.0   1   1   9.9e-24   5.4e-21   74.5   0.0     7   165    16   177    10   178 0.88 -
XP_005851314.1       -            202 4825at3041           -            166   6.4e-21   74.2   0.0   1   1     3e-23   1.6e-20   72.9   0.0     4   166    13   186    10   186 0.81 -
XP_005846307.1       -            205 4825at3041           -            166   1.2e-06   27.8   0.1   1   1   3.4e-09   1.9e-06   27.2   0.1    44   118    55   129     7   140 0.77 -
XP_005846689.1       -            255 4825at3041           -            166   3.3e-06   26.4   0.0   1   1   5.1e-08   2.8e-05   23.4   0.0     8   120    40   170    32   185 0.72 -
XP_005847261.1       -            208 4825at3041           -            166   7.7e-06   25.2   0.0   1   1   2.2e-08   1.2e-05   24.5   0.0    10   132    10   149     3   155 0.75 -
XP_005844627.1       -            212 4825at3041           -            166   0.00039   19.6   0.1   1   1   1.2e-06   0.00066   18.9   0.1     9   118    12   130     8   168 0.77 -
XP_005848051.1       -            223 4825at3041           -            166    0.0028   16.9   0.0   1   1   7.3e-06     0.004   16.3   0.0    11   117    17   132    11   151 0.73 -
XP_005846170.1       -            168 4825at3041           -            166    0.0031   16.7   0.0   1   1   7.9e-06    0.0043   16.2   0.0     9   120     8   127     4   144 0.72 -
XP_005850513.1       -            218 4825at3041           -            166    0.0032   16.6   0.0   1   1   8.3e-06    0.0045   16.2   0.0    46   124    53   133     6   155 0.83 -
XP_005843019.1       -            218 4825at3041           -            166    0.0068   15.6   0.0   1   1     2e-05     0.011   14.9   0.0    46   121    59   134    11   144 0.85 -
XP_005846369.1       -            224 4825at3041           -            166     0.021   14.0   0.0   1   1   6.2e-05     0.034   13.3   0.0    34   118    49   132    13   140 0.76 -
XP_005851780.1       -             66 4825at3041           -            166     0.029   13.5   0.0   1   1   5.7e-05     0.031   13.4   0.0   105   164     3    60     1    62 0.89 -
XP_005852060.1       -            279 4825at3041           -            166     0.044   12.9   0.0   1   1   0.00013     0.073   12.2   0.0    16    66    91   140    87   144 0.91 -
#
# Program:         hmmsearch
# Version:         3.1b2 (February 2015)
# Pipeline mode:   SEARCH
# Query file:      /Users/catrionaharrison/Documents/Bioinformatics/rp2/Data/genomes/busco/busco_downloads/lineages/chlorophyta_odb10/hmms/4825at3041.hmm
# Target file:     /Users/catrionaharrison/Documents/Bioinformatics/rp2/Data/genomes/busco/data/chlorella_variabilis.prot.fasta
# Option settings: hmmsearch --domtblout /Users/catrionaharrison/Documents/Bioinformatics/rp2/Data/genomes/busco/Busco_variabilis/run_chlorophyta_odb10/hmmer_output/initial_run_results/4825at3041.out --cpu 1 /Users/catrionaharrison/Documents/Bioinformatics/rp2/Data/genomes/busco/busco_downloads/lineages/chlorophyta_odb10/hmms/4825at3041.hmm /Users/catrionaharrison/Documents/Bioinformatics/rp2/Data/genomes/busco/data/chlorella_variabilis.prot.fasta 
# Current dir:     /Users/catrionaharrison/Documents/Bioinformatics/rp2/Data/genomes/busco
# Date:            Fri Jul 22 15:05:46 2022
# [ok]
