#                                                                            --- full sequence --- -------------- this domain -------------   hmm coord   ali coord   env coord
# target name        accession   tlen query name           accession   qlen   E-value  score  bias   #  of  c-Evalue  i-Evalue  score  bias  from    to  from    to  from    to  acc description of target
#------------------- ---------- ----- -------------------- ---------- ----- --------- ------ ----- --- --- --------- --------- ------ ----- ----- ----- ----- ----- ----- ----- ---- ---------------------
XP_005847123.1       -            277 4927at3041           -            209   3.4e-92  306.8   2.2   1   3   8.2e-09   2.3e-06   26.4   0.2     1    33    11    43    11    46 0.91 -
XP_005847123.1       -            277 4927at3041           -            209   3.4e-92  306.8   2.2   2   3    0.0042       1.2    7.8   0.0    18    39    44    65    39    86 0.84 -
XP_005847123.1       -            277 4927at3041           -            209   3.4e-92  306.8   2.2   3   3   3.8e-84   1.1e-81  272.5   0.1    37   209    90   273    76   273 0.91 -
XP_005847698.1       -            244 4927at3041           -            209   5.7e-76  253.8   0.8   1   2   4.7e-06    0.0013   17.4   0.1    15    58    10    52     3    63 0.75 -
XP_005847698.1       -            244 4927at3041           -            209   5.7e-76  253.8   0.8   2   2   6.2e-73   1.7e-70  235.9   0.1    42   209    64   241    35   241 0.92 -
XP_005849672.1       -            267 4927at3041           -            209   1.1e-37  128.8   3.8   1   2    0.0016      0.46    9.1   0.2     3    41     7    41     5    58 0.72 -
XP_005849672.1       -            267 4927at3041           -            209   1.1e-37  128.8   3.8   2   2   9.2e-38   2.6e-35  121.0   0.4    27   204    61   250    55   255 0.85 -
XP_005847277.1       -            303 4927at3041           -            209     6e-32  110.0   5.3   1   2   0.00042      0.12   11.0   0.5     3    25    56    78    54   104 0.83 -
XP_005847277.1       -            303 4927at3041           -            209     6e-32  110.0   5.3   2   2   9.2e-32   2.6e-29  101.4   0.5    32   207   119   301   103   302 0.87 -
XP_005846514.1       -            255 4927at3041           -            209   8.7e-31  106.2   1.3   1   2   0.00038      0.11   11.2   0.4     3    34     8    39     6    61 0.76 -
XP_005846514.1       -            255 4927at3041           -            209   8.7e-31  106.2   1.3   2   2   1.5e-29   4.3e-27   94.1   0.0    47   205    84   250    64   253 0.87 -
XP_005851347.1       -            334 4927at3041           -            209   3.6e-28   97.7   2.5   1   2      0.46   1.3e+02    1.1   0.4     9    22    75    88    68   102 0.83 -
XP_005851347.1       -            334 4927at3041           -            209   3.6e-28   97.7   2.5   2   2   3.3e-30   9.3e-28   96.3   0.1     3   204   105   314   103   318 0.86 -
XP_005851358.1       -            281 4927at3041           -            209   6.6e-24   83.7   0.1   1   4       4.8   1.4e+03   -2.2   0.0    12    28     1    17     1    53 0.68 -
XP_005851358.1       -            281 4927at3041           -            209   6.6e-24   83.7   0.1   2   4   3.2e-08   8.9e-06   24.5   0.0    39    93    63   116    46   123 0.86 -
XP_005851358.1       -            281 4927at3041           -            209   6.6e-24   83.7   0.1   3   4   8.7e-07   0.00024   19.8   0.0   116   167   157   208   146   214 0.88 -
XP_005851358.1       -            281 4927at3041           -            209   6.6e-24   83.7   0.1   4   4   1.6e-11   4.5e-09   35.3   0.0   155   207   227   279   224   280 0.95 -
XP_005846596.1       -            277 4927at3041           -            209   7.3e-23   80.3   2.3   1   2       7.7   2.2e+03   -2.9   0.1     9    21    19    31    15    36 0.80 -
XP_005846596.1       -            277 4927at3041           -            209   7.3e-23   80.3   2.3   2   2   3.8e-25   1.1e-22   79.8   0.4    27   205    70   270    61   274 0.81 -
XP_005848983.1       -            323 4927at3041           -            209   1.2e-22   79.7   0.4   1   2    0.0063       1.8    7.2   0.4     3    23    66    86    64    99 0.86 -
XP_005848983.1       -            323 4927at3041           -            209   1.2e-22   79.7   0.4   2   2   2.6e-22   7.3e-20   70.5   0.0    33   198   130   302   112   319 0.85 -
XP_005845715.1       -            307 4927at3041           -            209   1.2e-18   66.6   1.9   1   2     0.012       3.4    6.3   0.2     3    25    12    34    11    44 0.85 -
XP_005845715.1       -            307 4927at3041           -            209   1.2e-18   66.6   1.9   2   2   1.3e-18   3.7e-16   58.4   0.1    30   203    70   257    42   261 0.79 -
XP_005844790.1       -            305 4927at3041           -            209   1.4e-16   59.8   1.7   1   3      0.01       2.8    6.5   0.3     4    24    51    71    49   108 0.85 -
XP_005844790.1       -            305 4927at3041           -            209   1.4e-16   59.8   1.7   2   3      0.18        51    2.4   0.0    42    65   124   147   102   176 0.81 -
XP_005844790.1       -            305 4927at3041           -            209   1.4e-16   59.8   1.7   3   3   1.1e-15   3.1e-13   48.9   0.1   120   204   216   305   180   305 0.89 -
XP_005852175.1       -            369 4927at3041           -            209   1.3e-15   56.7   0.2   1   1     9e-18   2.5e-15   55.7   0.2    44   209   180   355   166   355 0.83 -
XP_005847629.1       -            274 4927at3041           -            209   3.9e-15   55.1   0.0   1   1   2.4e-17   6.8e-15   54.3   0.0     6   206     9   228     5   231 0.81 -
XP_005847334.1       -            273 4927at3041           -            209   5.9e-15   54.5   0.5   1   1   3.7e-17     1e-14   53.7   0.5    32   207    69   261    49   263 0.73 -
XP_005844642.1       -            296 4927at3041           -            209   1.1e-13   50.3   1.4   1   2   0.00062      0.17   10.5   0.1     3    33     2    32     1    54 0.83 -
XP_005844642.1       -            296 4927at3041           -            209   1.1e-13   50.3   1.4   2   2   1.3e-12   3.8e-10   38.8   0.1    95   204   153   277   117   282 0.73 -
XP_005849049.1       -            436 4927at3041           -            209     9e-11   40.8   0.2   1   2       1.3   3.5e+02   -0.3   0.0    10    25   132   147   127   163 0.85 -
XP_005849049.1       -            436 4927at3041           -            209     9e-11   40.8   0.2   2   2   1.7e-12   4.7e-10   38.5   0.0    35   170   187   320   178   344 0.80 -
XP_005851199.1       -            354 4927at3041           -            209     2e-10   39.7   0.3   1   2   0.00016     0.045   12.4   0.0     7    39    65   103    60   126 0.68 -
XP_005851199.1       -            354 4927at3041           -            209     2e-10   39.7   0.3   2   2   1.8e-08   5.1e-06   25.3   0.1    77   157   170   256   129   272 0.69 -
XP_005845015.1       -            247 4927at3041           -            209     6e-10   38.1   0.2   1   2   7.5e-06    0.0021   16.7   0.2     3    36     2    41     1    65 0.75 -
XP_005845015.1       -            247 4927at3041           -            209     6e-10   38.1   0.2   2   2   9.1e-07   0.00026   19.7   0.0    41   184    74   221    52   234 0.77 -
XP_005850693.1       -            234 4927at3041           -            209   1.4e-09   36.9   0.1   1   2   0.00021     0.058   12.0   0.1     2    54     2    59     1    67 0.70 -
XP_005850693.1       -            234 4927at3041           -            209   1.4e-09   36.9   0.1   2   2   9.3e-08   2.6e-05   23.0   0.0    48   156    80   193    63   203 0.76 -
XP_005848865.1       -            238 4927at3041           -            209   2.9e-09   35.9   0.4   1   1   2.2e-09   6.3e-07   28.3   0.4     4   156     5   194     2   203 0.63 -
XP_005848566.1       -            348 4927at3041           -            209   3.4e-06   25.9   0.4   1   2    0.0051       1.4    7.5   0.4     6    45    39    84    35   102 0.70 -
XP_005848566.1       -            348 4927at3041           -            209   3.4e-06   25.9   0.4   2   2   9.9e-06    0.0028   16.4   0.0    43   154   125   240    85   248 0.75 -
XP_005845352.1       -            248 4927at3041           -            209   5.3e-06   25.2   0.1   1   2   0.00026     0.074   11.7   0.3     3    25     4    26     2    35 0.88 -
XP_005845352.1       -            248 4927at3041           -            209   5.3e-06   25.2   0.1   2   2   0.00035     0.099   11.3   0.0    38   157    73   201    50   237 0.71 -
XP_005843677.1       -            275 4927at3041           -            209   5.4e-06   25.2   0.1   1   2       3.3   9.2e+02   -1.7   0.0   172   199    13    42     2    46 0.52 -
XP_005843677.1       -            275 4927at3041           -            209   5.4e-06   25.2   0.1   2   2   5.5e-08   1.5e-05   23.7   0.0    16   199    54   246    49   250 0.79 -
XP_005844467.1       -            316 4927at3041           -            209   1.3e-05   24.0   0.1   1   2    0.0013      0.37    9.4   0.0     6    65    40   102    36   107 0.64 -
XP_005844467.1       -            316 4927at3041           -            209   1.3e-05   24.0   0.1   2   2   0.00013     0.037   12.7   0.0    41   154   107   225   103   230 0.84 -
XP_005851270.1       -            325 4927at3041           -            209   2.3e-05   23.2   0.3   1   2     0.031       8.7    4.9   0.1     5    41    46    88    43   104 0.69 -
XP_005851270.1       -            325 4927at3041           -            209   2.3e-05   23.2   0.3   2   2   1.3e-05    0.0035   16.0   0.0    40   158   116   241    98   264 0.71 -
XP_005847895.1       -            536 4927at3041           -            209   4.8e-05   22.1   0.0   1   1   3.2e-07   8.9e-05   21.2   0.0    43   156   287   409   266   422 0.80 -
XP_005843176.1       -            180 4927at3041           -            209   0.00016   20.4   0.2   1   1   4.1e-06    0.0011   17.6   0.2    27   153    43   178     1   180 0.69 -
XP_005847194.1       -            649 4927at3041           -            209   0.00058   18.6   6.3   1   3     0.014       3.9    6.1   0.4     4    37     2    36     1    65 0.74 -
XP_005847194.1       -            649 4927at3041           -            209   0.00058   18.6   6.3   2   3   5.4e-05     0.015   13.9   0.1    97   164   144   212   140   248 0.79 -
XP_005847194.1       -            649 4927at3041           -            209   0.00058   18.6   6.3   3   3         1   2.9e+02   -0.0   0.1    73   110   422   459   413   476 0.63 -
XP_005848142.1       -            300 4927at3041           -            209    0.0017   17.1   0.0   1   3      0.65   1.8e+02    0.6   0.0     5    26    43    64    40    87 0.84 -
XP_005848142.1       -            300 4927at3041           -            209    0.0017   17.1   0.0   2   3       5.2   1.4e+03   -2.3   0.0   119   149   143   173   107   181 0.61 -
XP_005848142.1       -            300 4927at3041           -            209    0.0017   17.1   0.0   3   3   8.9e-05     0.025   13.2   0.0   117   158   211   254   186   264 0.74 -
XP_005846425.1       -            205 4927at3041           -            209    0.0021   16.7   0.0   1   2    0.0019      0.52    8.9   0.1     1    53    12    70    12    82 0.69 -
XP_005846425.1       -            205 4927at3041           -            209    0.0021   16.7   0.0   2   2     0.019       5.2    5.7   0.0   112   156    95   139    90   151 0.89 -
XP_005848687.1       -            337 4927at3041           -            209    0.0041   15.8   0.1   1   3     0.021       5.8    5.5   0.0     3    21    40    58    39    78 0.85 -
XP_005848687.1       -            337 4927at3041           -            209    0.0041   15.8   0.1   2   3    0.0066       1.8    7.1   0.0    50   104   121   179    96   185 0.69 -
XP_005848687.1       -            337 4927at3041           -            209    0.0041   15.8   0.1   3   3         4   1.1e+03   -2.0   0.0   128   156   217   247   213   251 0.75 -
XP_005846215.1       -            249 4927at3041           -            209    0.0093   14.6   0.0   1   2    0.0091       2.5    6.7   0.1     3    25     7    29     6    54 0.84 -
XP_005846215.1       -            249 4927at3041           -            209    0.0093   14.6   0.0   2   2     0.013       3.6    6.2   0.0    50   127    85   168    61   236 0.73 -
XP_005845038.1       -            237 4927at3041           -            209     0.035   12.7   0.4   1   1   0.00022      0.06   12.0   0.4     4    27     2    25     1    35 0.88 -
XP_005844253.1       -            323 4927at3041           -            209     0.047   12.3   0.0   1   2     0.011       3.1    6.4   0.1     4    26    15    37    13    63 0.80 -
XP_005844253.1       -            323 4927at3041           -            209     0.047   12.3   0.0   2   2      0.08        22    3.6   0.0    51    90   101   140    88   151 0.88 -
XP_005844586.1       -            246 4927at3041           -            209     0.076   11.7   0.8   1   1   0.00038      0.11   11.2   0.2    73   145   132   209   126   221 0.78 -
#
# Program:         hmmsearch
# Version:         3.1b2 (February 2015)
# Pipeline mode:   SEARCH
# Query file:      /Users/catrionaharrison/Documents/Bioinformatics/rp2/Data/genomes/busco/busco_downloads/lineages/chlorophyta_odb10/hmms/4927at3041.hmm
# Target file:     /Users/catrionaharrison/Documents/Bioinformatics/rp2/Data/genomes/busco/data/chlorella_variabilis.prot.fasta
# Option settings: hmmsearch --domtblout /Users/catrionaharrison/Documents/Bioinformatics/rp2/Data/genomes/busco/Busco_variabilis/run_chlorophyta_odb10/hmmer_output/initial_run_results/4927at3041.out --cpu 1 /Users/catrionaharrison/Documents/Bioinformatics/rp2/Data/genomes/busco/busco_downloads/lineages/chlorophyta_odb10/hmms/4927at3041.hmm /Users/catrionaharrison/Documents/Bioinformatics/rp2/Data/genomes/busco/data/chlorella_variabilis.prot.fasta 
# Current dir:     /Users/catrionaharrison/Documents/Bioinformatics/rp2/Data/genomes/busco
# Date:            Fri Jul 22 15:05:54 2022
# [ok]
