#                                                                            --- full sequence --- -------------- this domain -------------   hmm coord   ali coord   env coord
# target name        accession   tlen query name           accession   qlen   E-value  score  bias   #  of  c-Evalue  i-Evalue  score  bias  from    to  from    to  from    to  acc description of target
#------------------- ---------- ----- -------------------- ---------- ----- --------- ------ ----- --- --- --------- --------- ------ ----- ----- ----- ----- ----- ----- ----- ---- ---------------------
XP_005852179.1       -            455 4945at3041           -            245   3.2e-89  297.6   0.3   1   2   2.6e-12   3.7e-10   38.7   0.0     1    34    35    68    35    79 0.93 -
XP_005852179.1       -            455 4945at3041           -            245   3.2e-89  297.6   0.3   2   2   6.9e-79   9.9e-77  256.7   0.4    31   240   125   358   116   370 0.88 -
XP_005846842.1       -            300 4945at3041           -            245   1.8e-15   56.0   0.1   1   4         2   2.9e+02   -0.3   0.0    41    73     7    39     3    53 0.73 -
XP_005846842.1       -            300 4945at3041           -            245   1.8e-15   56.0   0.1   2   4     5e-10   7.2e-08   31.2   0.0     4   114    53   165    50   173 0.79 -
XP_005846842.1       -            300 4945at3041           -            245   1.8e-15   56.0   0.1   3   4   0.00015     0.022   13.2   0.0     4    32   179   207   176   218 0.85 -
XP_005846842.1       -            300 4945at3041           -            245   1.8e-15   56.0   0.1   4   4     0.026       3.8    5.9   0.0     6    64   231   291   224   298 0.67 -
XP_005846249.1       -            968 4945at3041           -            245   2.1e-15   55.9   4.9   1   6   0.00017     0.025   13.0   0.0   154   227    23   102    18   107 0.83 -
XP_005846249.1       -            968 4945at3041           -            245   2.1e-15   55.9   4.9   2   6   7.3e-07   0.00011   20.8   0.3   152   223   111   183   105   191 0.89 -
XP_005846249.1       -            968 4945at3041           -            245   2.1e-15   55.9   4.9   3   6   3.4e-06   0.00049   18.6   0.2   138   222   139   224   139   238 0.82 -
XP_005846249.1       -            968 4945at3041           -            245   2.1e-15   55.9   4.9   4   6       8.1   1.2e+03   -2.3   0.0   139   181   375   419   362   421 0.67 -
XP_005846249.1       -            968 4945at3041           -            245   2.1e-15   55.9   4.9   5   6      0.01       1.5    7.2   0.0   138   228   433   520   425   535 0.80 -
XP_005846249.1       -            968 4945at3041           -            245   2.1e-15   55.9   4.9   6   6     0.025       3.6    5.9   0.0    10    71   625   688   619   731 0.63 -
XP_005843867.1       -            466 4945at3041           -            245   1.5e-14   53.1   1.1   1   5    0.0031      0.45    8.9   0.0     9    71   102   169    95   182 0.71 -
XP_005843867.1       -            466 4945at3041           -            245   1.5e-14   53.1   1.1   2   5      0.79   1.1e+02    1.1   0.0    55    75   204   224   185   232 0.75 -
XP_005843867.1       -            466 4945at3041           -            245   1.5e-14   53.1   1.1   3   5    0.0087       1.3    7.5   0.5   141   184   224   267   201   274 0.72 -
XP_005843867.1       -            466 4945at3041           -            245   1.5e-14   53.1   1.1   4   5     0.004      0.57    8.6   0.0    13    81   321   393   312   395 0.79 -
XP_005843867.1       -            466 4945at3041           -            245   1.5e-14   53.1   1.1   5   5   1.8e-07   2.6e-05   22.8   0.0   148   218   393   463   389   464 0.88 -
XP_005848241.1       -            479 4945at3041           -            245   4.1e-14   51.6   1.0   1   5     0.049       7.1    5.0   0.0   128   177   111   162   100   168 0.75 -
XP_005848241.1       -            479 4945at3041           -            245   4.1e-14   51.6   1.0   2   5   8.3e-06    0.0012   17.3   0.0     5    78   195   270   192   300 0.80 -
XP_005848241.1       -            479 4945at3041           -            245   4.1e-14   51.6   1.0   3   5   2.1e-06   0.00031   19.3   0.0     4   105   319   421   316   421 0.78 -
XP_005848241.1       -            479 4945at3041           -            245   4.1e-14   51.6   1.0   4   5    0.0022      0.31    9.4   0.0   142   190   396   445   390   456 0.79 -
XP_005848241.1       -            479 4945at3041           -            245   4.1e-14   51.6   1.0   5   5     0.005      0.72    8.2   0.0     7   190   409   445   404   475 0.50 -
XP_005844046.1       -            305 4945at3041           -            245   5.9e-14   51.1   3.1   1   4    0.0004     0.058   11.8   0.4    37   105    58   122    33   126 0.79 -
XP_005844046.1       -            305 4945at3041           -            245   5.9e-14   51.1   3.1   2   4   6.3e-05    0.0091   14.5   0.1     4    79   107   182   104   194 0.78 -
XP_005844046.1       -            305 4945at3041           -            245   5.9e-14   51.1   3.1   3   4   1.6e-08   2.3e-06   26.2   0.2   154   241   151   241   146   242 0.82 -
XP_005844046.1       -            305 4945at3041           -            245   5.9e-14   51.1   3.1   4   4     4e-05    0.0057   15.1   0.0   147   218   228   299   223   302 0.87 -
XP_005842605.1       -            178 4945at3041           -            245   4.8e-13   48.1   0.0   1   2   3.8e-10   5.5e-08   31.6   0.0     7   114     2   111     1   120 0.79 -
XP_005842605.1       -            178 4945at3041           -            245   4.8e-13   48.1   0.0   2   2   6.4e-05    0.0092   14.4   0.0     4    32   125   153   122   168 0.85 -
XP_005845765.1       -            312 4945at3041           -            245   2.2e-11   42.7   2.6   1   4     0.082        12    4.3   0.0    40    72    13    45     3    54 0.79 -
XP_005845765.1       -            312 4945at3041           -            245   2.2e-11   42.7   2.6   2   4    0.0018      0.26    9.7   0.0    59   106   122   173    85   186 0.68 -
XP_005845765.1       -            312 4945at3041           -            245   2.2e-11   42.7   2.6   3   4   7.9e-08   1.1e-05   24.0   0.1     5   105   200   298   196   301 0.84 -
XP_005845765.1       -            312 4945at3041           -            245   2.2e-11   42.7   2.6   4   4    0.0055      0.79    8.1   0.0     6    30   285   309   280   311 0.89 -
XP_005845694.1       -            314 4945at3041           -            245   3.5e-11   42.0   2.8   1   4      0.12        17    3.8   0.0    52    87     3    36     1    52 0.81 -
XP_005845694.1       -            314 4945at3041           -            245   3.5e-11   42.0   2.8   2   4   6.1e-08   8.8e-06   24.3   0.0   149   222    77   149    62   168 0.84 -
XP_005845694.1       -            314 4945at3041           -            245   3.5e-11   42.0   2.8   3   4      0.34        49    2.2   0.0    43    72   212   241   162   252 0.65 -
XP_005845694.1       -            314 4945at3041           -            245   3.5e-11   42.0   2.8   4   4    0.0027      0.38    9.1   0.0     8    42   259   293   252   307 0.86 -
XP_005847990.1       -            320 4945at3041           -            245   4.4e-11   41.7   0.6   1   4       4.1   5.9e+02   -1.3   0.0    50    71    26    47    20    54 0.79 -
XP_005847990.1       -            320 4945at3041           -            245   4.4e-11   41.7   0.6   2   4   4.5e-06   0.00064   18.2   0.0     2    82    66   148    65   183 0.81 -
XP_005847990.1       -            320 4945at3041           -            245   4.4e-11   41.7   0.6   3   4    0.0005     0.071   11.5   0.0   199   240   203   246   154   248 0.86 -
XP_005847990.1       -            320 4945at3041           -            245   4.4e-11   41.7   0.6   4   4   4.3e-06   0.00062   18.3   0.1     3   113   197   316   195   318 0.75 -
XP_005845863.1       -            307 4945at3041           -            245   6.2e-11   41.2   4.9   1   3   5.5e-05     0.008   14.6   0.2   145   224    11    91     2    99 0.87 -
XP_005845863.1       -            307 4945at3041           -            245   6.2e-11   41.2   4.9   2   3   0.00012     0.017   13.6   0.3   149   224   100   175    91   181 0.80 -
XP_005845863.1       -            307 4945at3041           -            245   6.2e-11   41.2   4.9   3   3   0.00033     0.047   12.1   0.0     7   104   190   284   184   296 0.80 -
XP_005843559.1       -            610 4945at3041           -            245   7.7e-11   40.9   3.9   1   5   2.3e-07   3.3e-05   22.5   0.0   151   240     9   101     3   103 0.80 -
XP_005843559.1       -            610 4945at3041           -            245   7.7e-11   40.9   3.9   2   5   0.00022     0.032   12.7   0.0     6    75    96   167    91   181 0.73 -
XP_005843559.1       -            610 4945at3041           -            245   7.7e-11   40.9   3.9   3   5       3.6   5.2e+02   -1.1   0.0   207   228   212   233   207   244 0.83 -
XP_005843559.1       -            610 4945at3041           -            245   7.7e-11   40.9   3.9   4   5      0.55        79    1.6   0.1    56   100   333   376   324   383 0.80 -
XP_005843559.1       -            610 4945at3041           -            245   7.7e-11   40.9   3.9   5   5      0.44        63    1.9   0.4   130   218   356   460   348   482 0.50 -
XP_005850205.1       -            455 4945at3041           -            245   1.2e-10   40.3   2.9   1   5       4.4   6.3e+02   -1.4   0.0   154   184    90   120    47   132 0.63 -
XP_005850205.1       -            455 4945at3041           -            245   1.2e-10   40.3   2.9   2   5    0.0025      0.36    9.2   0.4    86   164   157   236    91   243 0.65 -
XP_005850205.1       -            455 4945at3041           -            245   1.2e-10   40.3   2.9   3   5     0.052       7.5    4.9   0.0   200   225   252   277   241   284 0.86 -
XP_005850205.1       -            455 4945at3041           -            245   1.2e-10   40.3   2.9   4   5   2.1e-07   3.1e-05   22.6   0.1   142   243   278   382   276   384 0.80 -
XP_005850205.1       -            455 4945at3041           -            245   1.2e-10   40.3   2.9   5   5      0.56        81    1.5   0.0     7   216   375   438   368   444 0.44 -
XP_005849636.1       -            918 4945at3041           -            245   1.4e-10   40.1   1.7   1   4         1   1.5e+02    0.7   0.0   148   176    91   119    75   171 0.60 -
XP_005849636.1       -            918 4945at3041           -            245   1.4e-10   40.1   1.7   2   4      0.04       5.8    5.3   0.0   153   223   344   415   331   420 0.60 -
XP_005849636.1       -            918 4945at3041           -            245   1.4e-10   40.1   1.7   3   4   0.00034      0.05   12.0   0.0   141   226   417   504   411   523 0.82 -
XP_005849636.1       -            918 4945at3041           -            245   1.4e-10   40.1   1.7   4   4   4.2e-06    0.0006   18.3   0.5    45   186   515   653   480   660 0.76 -
XP_005843657.1       -            505 4945at3041           -            245   2.8e-09   35.8   0.4   1   2     4e-09   5.8e-07   28.2   0.3     8   187   219   426   215   456 0.75 -
XP_005843657.1       -            505 4945at3041           -            245   2.8e-09   35.8   0.4   2   2         2   2.9e+02   -0.3   0.0     5    29   477   501   473   503 0.69 -
XP_005850137.1       -            263 4945at3041           -            245   3.3e-09   35.5   1.4   1   2   3.4e-07   4.8e-05   21.9   0.1     7    71     2    68     1    81 0.88 -
XP_005850137.1       -            263 4945at3041           -            245   3.3e-09   35.5   1.4   2   2   0.00023     0.033   12.6   0.2   115   224    92   208    82   230 0.71 -
XP_005851191.1       -            348 4945at3041           -            245   4.6e-09   35.1   3.0   1   4    0.0013      0.18   10.2   0.0     6    72    23    98    18   100 0.74 -
XP_005851191.1       -            348 4945at3041           -            245   4.6e-09   35.1   3.0   2   4   1.6e-05    0.0024   16.4   0.1     4    71    70   141    64   153 0.84 -
XP_005851191.1       -            348 4945at3041           -            245   4.6e-09   35.1   3.0   3   4     0.082        12    4.3   0.0     4    28   159   183   156   197 0.83 -
XP_005851191.1       -            348 4945at3041           -            245   4.6e-09   35.1   3.0   4   4     0.031       4.4    5.7   0.1     6    32   209   235   204   279 0.86 -
XP_005851899.1       -            318 4945at3041           -            245   2.3e-08   32.8   2.9   1   2   0.00025     0.036   12.5   0.0     6    82    41   120    38   125 0.86 -
XP_005851899.1       -            318 4945at3041           -            245   2.3e-08   32.8   2.9   2   2   3.9e-05    0.0056   15.2   2.6    47   218   126   316   122   317 0.72 -
XP_005847801.1       -            754 4945at3041           -            245   2.3e-08   32.8   2.2   1   3      0.81   1.2e+02    1.0   0.0    15   222   422   439   401   460 0.55 -
XP_005847801.1       -            754 4945at3041           -            245   2.3e-08   32.8   2.2   2   3    0.0016      0.23    9.8   0.0     6    69   466   533   463   538 0.81 -
XP_005847801.1       -            754 4945at3041           -            245   2.3e-08   32.8   2.2   3   3   0.00068     0.098   11.1   0.0     5    73   593   664   589   696 0.78 -
XP_005843323.1       -            522 4945at3041           -            245     3e-08   32.4   1.0   1   4   0.00019     0.027   12.9   0.5    86   151   254   330   233   335 0.73 -
XP_005843323.1       -            522 4945at3041           -            245     3e-08   32.4   1.0   2   4    0.0033      0.48    8.8   0.0     6    72   343   414   338   423 0.74 -
XP_005843323.1       -            522 4945at3041           -            245     3e-08   32.4   1.0   3   4     0.026       3.8    5.9   0.0     4    68   383   453   380   489 0.69 -
XP_005843323.1       -            522 4945at3041           -            245     3e-08   32.4   1.0   4   4     0.077        11    4.3   0.0   153   225   428   502   412   510 0.63 -
XP_005844243.1       -            449 4945at3041           -            245   5.2e-08   31.6   0.2   1   4      0.27        39    2.6   0.0    92   108    53    69    49   130 0.70 -
XP_005844243.1       -            449 4945at3041           -            245   5.2e-08   31.6   0.2   2   4   3.9e-05    0.0057   15.1   0.1     3   105   135   242   133   247 0.76 -
XP_005844243.1       -            449 4945at3041           -            245   5.2e-08   31.6   0.2   3   4         1   1.4e+02    0.7   0.0   144   166   331   353   328   364 0.83 -
XP_005844243.1       -            449 4945at3041           -            245   5.2e-08   31.6   0.2   4   4     0.027       3.9    5.8   0.0     3    62   381   441   379   446 0.87 -
XP_005850644.1       -            302 4945at3041           -            245   9.6e-08   30.8   0.1   1   3   0.00072       0.1   11.0   0.1   148   185    91   129     5   168 0.47 -
XP_005850644.1       -            302 4945at3041           -            245   9.6e-08   30.8   0.1   2   3   1.1e-05    0.0016   16.9   0.0     6   104    97   198    92   207 0.91 -
XP_005850644.1       -            302 4945at3041           -            245   9.6e-08   30.8   0.1   3   3     0.035         5    5.5   0.0     7    77   187   268   183   275 0.64 -
XP_005850757.1       -            280 4945at3041           -            245   1.4e-07   30.2   1.4   1   4     0.013       1.9    6.9   0.0   154   240     3    91     1    96 0.77 -
XP_005850757.1       -            280 4945at3041           -            245   1.4e-07   30.2   1.4   2   4    0.0035      0.51    8.7   0.0     5    71    44   111    40   126 0.87 -
XP_005850757.1       -            280 4945at3041           -            245   1.4e-07   30.2   1.4   3   4     0.006      0.86    8.0   0.0     4    80    84   163    81   167 0.73 -
XP_005850757.1       -            280 4945at3041           -            245   1.4e-07   30.2   1.4   4   4   0.00019     0.027   12.9   0.1     7    73   171   240   165   277 0.50 -
XP_005844476.1       -            422 4945at3041           -            245   1.6e-07   30.1   0.5   1   3    0.0013      0.18   10.2   0.1    48   114   114   181    98   201 0.80 -
XP_005844476.1       -            422 4945at3041           -            245   1.6e-07   30.1   0.5   2   3   7.5e-05     0.011   14.2   0.0   160   240   201   285   189   289 0.81 -
XP_005844476.1       -            422 4945at3041           -            245   1.6e-07   30.1   0.5   3   3      0.66        95    1.3   0.0     8    30   370   392   360   402 0.83 -
XP_005845128.1       -            497 4945at3041           -            245     4e-07   28.7   4.3   1   4       1.6   2.2e+02    0.1   0.0    53    76   221   244   206   252 0.55 -
XP_005845128.1       -            497 4945at3041           -            245     4e-07   28.7   4.3   2   4   4.3e-06   0.00062   18.3   0.2   148   231   251   334   239   345 0.78 -
XP_005845128.1       -            497 4945at3041           -            245     4e-07   28.7   4.3   3   4      0.21        30    2.9   0.1    49    88   344   383   338   396 0.72 -
XP_005845128.1       -            497 4945at3041           -            245     4e-07   28.7   4.3   4   4     0.024       3.4    6.0   0.1   153   187   429   464   418   474 0.89 -
XP_005849892.1       -            673 4945at3041           -            245   4.6e-07   28.5   0.0   1   2    0.0015      0.22   10.0   0.0   200   236   342   380   338   386 0.78 -
XP_005849892.1       -            673 4945at3041           -            245   4.6e-07   28.5   0.0   2   2   3.1e-05    0.0044   15.5   0.0   146   225   500   578   489   599 0.80 -
XP_005844834.1       -            936 4945at3041           -            245   5.6e-07   28.3   0.0   1   3       4.5   6.5e+02   -1.4   0.0   202   224    74    96    70   106 0.79 -
XP_005844834.1       -            936 4945at3041           -            245   5.6e-07   28.3   0.0   2   3   7.2e-05      0.01   14.3   0.0   152   225   108   180   103   190 0.92 -
XP_005844834.1       -            936 4945at3041           -            245   5.6e-07   28.3   0.0   3   3    0.0015      0.22    9.9   0.0     6    76   200   274   195   298 0.78 -
XP_005846379.1       -            506 4945at3041           -            245     6e-07   28.2   2.3   1   3     0.024       3.4    6.0   0.0   201   224   215   238   211   258 0.84 -
XP_005846379.1       -            506 4945at3041           -            245     6e-07   28.2   2.3   2   3   0.00019     0.027   12.9   0.1   152   225   258   332   252   337 0.85 -
XP_005846379.1       -            506 4945at3041           -            245     6e-07   28.2   2.3   3   3     0.026       3.7    5.9   0.1     3    32   342   371   339   384 0.82 -
XP_005847170.1       -            377 4945at3041           -            245   7.5e-07   27.8   1.2   1   4   3.9e-06   0.00056   18.4   0.0   146   230    29   116     8   126 0.73 -
XP_005847170.1       -            377 4945at3041           -            245   7.5e-07   27.8   1.2   2   4    0.0016      0.23    9.8   0.1     8   222    84   149    68   159 0.56 -
XP_005847170.1       -            377 4945at3041           -            245   7.5e-07   27.8   1.2   3   4       0.2        28    3.0   0.0   156   184   125   154   117   201 0.46 -
XP_005847170.1       -            377 4945at3041           -            245   7.5e-07   27.8   1.2   4   4      0.51        74    1.7   0.1    70   107   233   271   170   293 0.69 -
XP_005850138.1       -            701 4945at3041           -            245   7.8e-07   27.8   3.2   1   4    0.0063      0.91    7.9   0.0    38    82    97   142    89   153 0.82 -
XP_005850138.1       -            701 4945at3041           -            245   7.8e-07   27.8   3.2   2   4      0.83   1.2e+02    1.0   0.0   127   147   154   174   142   188 0.79 -
XP_005850138.1       -            701 4945at3041           -            245   7.8e-07   27.8   3.2   3   4    0.0021       0.3    9.5   0.1   203   223   228   250   222   263 0.82 -
XP_005850138.1       -            701 4945at3041           -            245   7.8e-07   27.8   3.2   4   4     0.022       3.2    6.1   0.0     3    71   334   407   332   424 0.75 -
XP_005843902.1       -            489 4945at3041           -            245   1.1e-06   27.3   1.6   1   4      0.14        20    3.5   0.0    47    84   170   208   162   247 0.74 -
XP_005843902.1       -            489 4945at3041           -            245   1.1e-06   27.3   1.6   2   4    0.0086       1.2    7.5   0.1   163   227   232   295   217   311 0.69 -
XP_005843902.1       -            489 4945at3041           -            245   1.1e-06   27.3   1.6   3   4   1.8e-05    0.0025   16.3   0.1   151   228   261   341   255   358 0.81 -
XP_005843902.1       -            489 4945at3041           -            245   1.1e-06   27.3   1.6   4   4      0.84   1.2e+02    1.0   0.0   206   234   402   430   398   441 0.87 -
XP_005849411.1       -            338 4945at3041           -            245   1.4e-06   27.0   2.6   1   5      0.74   1.1e+02    1.1   0.1    96   148    40    95    29   102 0.63 -
XP_005849411.1       -            338 4945at3041           -            245   1.4e-06   27.0   2.6   2   5     0.035       5.1    5.5   0.1   173   223    88   138    57   146 0.81 -
XP_005849411.1       -            338 4945at3041           -            245   1.4e-06   27.0   2.6   3   5   0.00092      0.13   10.7   0.0   156   211   163   218   146   253 0.72 -
XP_005849411.1       -            338 4945at3041           -            245   1.4e-06   27.0   2.6   4   5     0.089        13    4.1   0.0   206   228   254   276   247   292 0.81 -
XP_005849411.1       -            338 4945at3041           -            245   1.4e-06   27.0   2.6   5   5      0.25        36    2.7   0.0   201   229   291   319   283   329 0.61 -
XP_005850445.1       -            389 4945at3041           -            245   3.9e-06   25.5   0.2   1   4    0.0017      0.25    9.7   0.1   202   243   129   173    68   175 0.83 -
XP_005850445.1       -            389 4945at3041           -            245   3.9e-06   25.5   0.2   2   4    0.0007       0.1   11.0   0.0   149   228   202   286   176   304 0.83 -
XP_005850445.1       -            389 4945at3041           -            245   3.9e-06   25.5   0.2   3   4       4.8   6.9e+02   -1.5   0.0   207   240   310   347   295   348 0.69 -
XP_005850445.1       -            389 4945at3041           -            245   3.9e-06   25.5   0.2   4   4       2.8     4e+02   -0.7   0.0   201   220   366   385   361   387 0.63 -
XP_005851148.1       -            439 4945at3041           -            245   5.1e-06   25.1   1.0   1   6     0.036       5.2    5.4   0.0    37    83   139   185   120   212 0.73 -
XP_005851148.1       -            439 4945at3041           -            245   5.1e-06   25.1   1.0   2   6     0.029       4.2    5.7   0.0     8    79   198   275   194   287 0.65 -
XP_005851148.1       -            439 4945at3041           -            245   5.1e-06   25.1   1.0   3   6    0.0003     0.043   12.3   0.0   146   225   234   310   224   324 0.79 -
XP_005851148.1       -            439 4945at3041           -            245   5.1e-06   25.1   1.0   4   6    0.0062       0.9    7.9   0.0     6    71   281   346   276   379 0.89 -
XP_005851148.1       -            439 4945at3041           -            245   5.1e-06   25.1   1.0   5   6      0.32        45    2.4   0.0   156   240   323   421   315   426 0.59 -
XP_005851148.1       -            439 4945at3041           -            245   5.1e-06   25.1   1.0   6   6      0.55        80    1.5   0.0    15    68   383   439   378   439 0.51 -
XP_005844984.1       -            555 4945at3041           -            245   6.9e-06   24.7   2.0   1   2   5.5e-07   7.9e-05   21.2   0.4   120   187    26   110    22   127 0.79 -
XP_005844984.1       -            555 4945at3041           -            245   6.9e-06   24.7   2.0   2   2      0.57        81    1.5   0.0   158   222   194   259   181   276 0.75 -
XP_005848320.1       -            462 4945at3041           -            245   8.6e-06   24.4   1.7   1   2     0.088        13    4.2   0.1   104   151   221   268   165   271 0.83 -
XP_005848320.1       -            462 4945at3041           -            245   8.6e-06   24.4   1.7   2   2     2e-06   0.00029   19.4   0.2     7   106   307   411   304   460 0.76 -
XP_005843017.1       -            445 4945at3041           -            245   9.5e-06   24.2   0.2   1   4       3.5   5.1e+02   -1.1   0.0     8    31    87   111    70   142 0.69 -
XP_005843017.1       -            445 4945at3041           -            245   9.5e-06   24.2   0.2   2   4     0.076        11    4.4   0.0     6    68   186   243   183   254 0.77 -
XP_005843017.1       -            445 4945at3041           -            245   9.5e-06   24.2   0.2   3   4    0.0012      0.17   10.3   0.0   119   181   248   309   242   323 0.77 -
XP_005843017.1       -            445 4945at3041           -            245   9.5e-06   24.2   0.2   4   4     0.057       8.2    4.8   0.0   204   240   374   414   369   416 0.82 -
XP_005850631.1       -            498 4945at3041           -            245   1.3e-05   23.7   0.5   1   1   2.3e-07   3.4e-05   22.4   0.5   129   191   326   402   310   405 0.74 -
XP_005851529.1       -           1149 4945at3041           -            245   1.8e-05   23.3   0.6   1   4       9.3   1.3e+03   -2.5   0.0    11    31   242   263   231   267 0.61 -
XP_005851529.1       -           1149 4945at3041           -            245   1.8e-05   23.3   0.6   2   4      0.04       5.8    5.3   0.0     8    27   437   456   433   471 0.88 -
XP_005851529.1       -           1149 4945at3041           -            245   1.8e-05   23.3   0.6   3   4    0.0016      0.23    9.8   0.1   145   228   696   794   675   803 0.57 -
XP_005851529.1       -           1149 4945at3041           -            245   1.8e-05   23.3   0.6   4   4    0.0028       0.4    9.1   0.0     6    77   705   795   701   847 0.54 -
XP_005851155.1       -            440 4945at3041           -            245   1.9e-05   23.2   2.1   1   4   6.2e-05    0.0089   14.5   0.0     5    40   116   151   112   178 0.84 -
XP_005851155.1       -            440 4945at3041           -            245   1.9e-05   23.2   2.1   2   4      0.64        92    1.3   0.0   128   146   264   282   217   297 0.74 -
XP_005851155.1       -            440 4945at3041           -            245   1.9e-05   23.2   2.1   3   4      0.22        31    2.9   0.0     7    33   310   336   305   343 0.89 -
XP_005851155.1       -            440 4945at3041           -            245   1.9e-05   23.2   2.1   4   4       2.2   3.2e+02   -0.4   0.0   206   232   369   395   365   401 0.88 -
XP_005847117.1       -            783 4945at3041           -            245   2.6e-05   22.8   0.9   1   4     0.026       3.7    5.9   0.0   146   175    61    90    47    97 0.78 -
XP_005847117.1       -            783 4945at3041           -            245   2.6e-05   22.8   0.9   2   4     0.019       2.8    6.3   0.0     5    73   126   196   122   203 0.77 -
XP_005847117.1       -            783 4945at3041           -            245   2.6e-05   22.8   0.9   3   4       1.1   1.6e+02    0.6   0.0     5   167   195   209   191   215 0.60 -
XP_005847117.1       -            783 4945at3041           -            245   2.6e-05   22.8   0.9   4   4     0.069       9.9    4.5   0.0     5    31   305   331   239   371 0.76 -
XP_005849090.1       -            855 4945at3041           -            245   3.9e-05   22.2   1.8   1   4      0.33        48    2.3   0.0    38    77    39    78    32    85 0.89 -
XP_005849090.1       -            855 4945at3041           -            245   3.9e-05   22.2   1.8   2   4    0.0019      0.27    9.6   0.1   126   174    99   156    82   160 0.82 -
XP_005849090.1       -            855 4945at3041           -            245   3.9e-05   22.2   1.8   3   4      0.17        24    3.3   0.1   122   145   185   208   172   212 0.85 -
XP_005849090.1       -            855 4945at3041           -            245   3.9e-05   22.2   1.8   4   4      0.26        38    2.6   0.0   128   157   278   307   257   313 0.85 -
XP_005851353.1       -            727 4945at3041           -            245   5.6e-05   21.7   0.2   1   2       0.3        43    2.4   0.0   210   241    28    62     9    64 0.81 -
XP_005851353.1       -            727 4945at3041           -            245   5.6e-05   21.7   0.2   2   2   1.3e-05    0.0019   16.7   0.2     3    72    95   166    93   174 0.91 -
XP_005847648.1       -            452 4945at3041           -            245   6.8e-05   21.4   1.0   1   2   6.8e-06   0.00097   17.6   0.0   196   244    16    68     4    69 0.86 -
XP_005847648.1       -            452 4945at3041           -            245   6.8e-05   21.4   1.0   2   2      0.56        80    1.5   0.0   201   227   113   139    70   188 0.70 -
XP_005847066.1       -            115 4945at3041           -            245   0.00016   20.2   0.1   1   2     0.011       1.6    7.1   0.0   129   170    26    76    10    82 0.58 -
XP_005847066.1       -            115 4945at3041           -            245   0.00016   20.2   0.1   2   2    0.0018      0.26    9.7   0.0   147   174    84   112    78   115 0.82 -
XP_005844099.1       -            389 4945at3041           -            245    0.0002   19.9   0.2   1   2      0.36        52    2.2   0.0   201   227   183   209   172   219 0.86 -
XP_005844099.1       -            389 4945at3041           -            245    0.0002   19.9   0.2   2   2   5.7e-05    0.0082   14.6   0.0   199   230   237   268   234   275 0.88 -
XP_005843896.1       -            224 4945at3041           -            245   0.00025   19.6   2.8   1   2     0.091        13    4.1   0.1    89   113    48    74    18    78 0.71 -
XP_005843896.1       -            224 4945at3041           -            245   0.00025   19.6   2.8   2   2   3.4e-05    0.0049   15.3   0.1   203   228    97   122    93   132 0.91 -
XP_005846433.1       -            466 4945at3041           -            245   0.00034   19.1   0.1   1   2     6e-05    0.0087   14.5   0.0   146   222   275   354   269   367 0.79 -
XP_005846433.1       -            466 4945at3041           -            245   0.00034   19.1   0.1   2   2      0.45        64    1.9   0.0     6    33   373   401   367   407 0.79 -
XP_005847079.1       -            751 4945at3041           -            245   0.00067   18.2   0.3   1   3    0.0042      0.61    8.5   0.1   153   217    18    88    12    93 0.61 -
XP_005847079.1       -            751 4945at3041           -            245   0.00067   18.2   0.3   2   3       4.3   6.2e+02   -1.4   0.0    43    76   128   161   117   182 0.74 -
XP_005847079.1       -            751 4945at3041           -            245   0.00067   18.2   0.3   3   3     0.048       6.8    5.0   0.0   151   170   389   408   378   415 0.86 -
XP_005849694.1       -            259 4945at3041           -            245   0.00099   17.6   0.8   1   3     0.042         6    5.2   0.0   198   230    67   100    50   104 0.82 -
XP_005849694.1       -            259 4945at3041           -            245   0.00099   17.6   0.8   2   3     0.011       1.6    7.1   0.4     7   115   133   247   127   248 0.51 -
XP_005849694.1       -            259 4945at3041           -            245   0.00099   17.6   0.8   3   3     0.045       6.4    5.1   0.0   205   222   229   246   223   257 0.87 -
XP_005844508.1       -            261 4945at3041           -            245    0.0011   17.5   3.2   1   2    0.0029      0.42    9.0   0.2    13    85    85   158    79   172 0.79 -
XP_005844508.1       -            261 4945at3041           -            245    0.0011   17.5   3.2   2   2    0.0055       0.8    8.1   0.1    16    98   168   245   153   260 0.70 -
XP_005844302.1       -            568 4945at3041           -            245    0.0013   17.2   0.3   1   2   0.00037     0.054   11.9   0.1   159   228    27   103     8   119 0.77 -
XP_005844302.1       -            568 4945at3041           -            245    0.0013   17.2   0.3   2   2      0.42        61    1.9   0.0   204   228   179   203   175   220 0.85 -
XP_005845189.1       -            124 4945at3041           -            245    0.0015   17.1   0.1   1   2     0.035       5.1    5.5   0.0    44    77    17    51     5    59 0.77 -
XP_005845189.1       -            124 4945at3041           -            245    0.0015   17.1   0.1   2   2    0.0013      0.19   10.2   0.0   150   187    57    95    48   122 0.56 -
XP_005846862.1       -            553 4945at3041           -            245    0.0023   16.4   0.0   1   3   0.00045     0.064   11.7   0.0     7    62   309   366   306   381 0.84 -
XP_005846862.1       -            553 4945at3041           -            245    0.0023   16.4   0.0   2   3       1.1   1.6e+02    0.6   0.0    11    69   395   453   385   458 0.82 -
XP_005846862.1       -            553 4945at3041           -            245    0.0023   16.4   0.0   3   3       4.6   6.6e+02   -1.5   0.0   231   241   513   523   480   549 0.49 -
XP_005844566.1       -            407 4945at3041           -            245    0.0027   16.2   0.2   1   4       1.2   1.8e+02    0.4   0.0    38   106    10    81     5    84 0.63 -
XP_005844566.1       -            407 4945at3041           -            245    0.0027   16.2   0.2   2   4       1.2   1.8e+02    0.4   0.0   199   221    70    92    42   102 0.73 -
XP_005844566.1       -            407 4945at3041           -            245    0.0027   16.2   0.2   3   4     0.051       7.3    4.9   0.0     5    71   122   192   119   201 0.61 -
XP_005844566.1       -            407 4945at3041           -            245    0.0027   16.2   0.2   4   4     0.051       7.4    4.9   0.1    84   120   300   337   287   357 0.81 -
XP_005844122.1       -            400 4945at3041           -            245    0.0035   15.8   0.1   1   4       4.5   6.4e+02   -1.4   0.0   206   220    81    95    74   111 0.66 -
XP_005844122.1       -            400 4945at3041           -            245    0.0035   15.8   0.1   2   4      0.11        16    3.8   0.0     4    34   111   141   107   151 0.91 -
XP_005844122.1       -            400 4945at3041           -            245    0.0035   15.8   0.1   3   4       2.1   3.1e+02   -0.4   0.0   131   178   216   231   171   256 0.59 -
XP_005844122.1       -            400 4945at3041           -            245    0.0035   15.8   0.1   4   4     0.013       1.9    6.9   0.0   150   182   280   313   264   332 0.67 -
XP_005846365.1       -            740 4945at3041           -            245    0.0037   15.8   0.4   1   2    0.0002     0.029   12.8   0.2   149   224    43   121    36   140 0.87 -
XP_005846365.1       -            740 4945at3041           -            245    0.0037   15.8   0.4   2   2       2.8     4e+02   -0.7   0.0   200   223   144   166   129   174 0.76 -
XP_005850674.1       -            429 4945at3041           -            245    0.0038   15.7   0.0   1   2    0.0001     0.014   13.8   0.0     6   116   142   259   138   273 0.78 -
XP_005850674.1       -            429 4945at3041           -            245    0.0038   15.7   0.0   2   2       6.7   9.6e+02   -2.0   0.0    85    85   379   379   344   411 0.52 -
XP_005848555.1       -            131 4945at3041           -            245     0.004   15.6   0.1   1   1   0.00012     0.017   13.6   0.1     5   107     8   121     4   128 0.60 -
XP_005845823.1       -            524 4945at3041           -            245    0.0053   15.2   1.2   1   4      0.28        41    2.5   0.0   129   169    49    90    41    95 0.84 -
XP_005845823.1       -            524 4945at3041           -            245    0.0053   15.2   1.2   2   4      0.54        78    1.6   0.0     4    31   232   259   229   324 0.61 -
XP_005845823.1       -            524 4945at3041           -            245    0.0053   15.2   1.2   3   4     0.011       1.6    7.1   0.1     9   227   370   398   315   418 0.60 -
XP_005845823.1       -            524 4945at3041           -            245    0.0053   15.2   1.2   4   4       5.8   8.3e+02   -1.8   0.0     6    37   446   479   441   514 0.66 -
XP_005849080.1       -            515 4945at3041           -            245    0.0065   14.9   0.5   1   3       2.8     4e+02   -0.7   0.0   165   187    10    32     4    36 0.60 -
XP_005849080.1       -            515 4945at3041           -            245    0.0065   14.9   0.5   2   3      0.63        90    1.4   0.1   158   220   128   148    82   163 0.70 -
XP_005849080.1       -            515 4945at3041           -            245    0.0065   14.9   0.5   3   3    0.0021       0.3    9.5   0.0   130   187   283   343   224   348 0.73 -
XP_005849109.1       -            527 4945at3041           -            245     0.012   14.1   3.0   1   2     0.054       7.8    4.9   0.1   171   222    93   141    75   161 0.77 -
XP_005849109.1       -            527 4945at3041           -            245     0.012   14.1   3.0   2   2    0.0051      0.73    8.2   0.0   202   226   326   350   319   361 0.87 -
XP_005846027.1       -            815 4945at3041           -            245     0.014   13.9   0.8   1   3     0.074        11    4.4   0.0    46    72   183   209   141   233 0.70 -
XP_005846027.1       -            815 4945at3041           -            245     0.014   13.9   0.8   2   3       7.9   1.1e+03   -2.2   0.0   206   226   243   263   237   286 0.78 -
XP_005846027.1       -            815 4945at3041           -            245     0.014   13.9   0.8   3   3      0.07        10    4.5   0.0     6    77   660   734   657   741 0.85 -
XP_005851098.1       -            676 4945at3041           -            245     0.017   13.6   0.0   1   2       0.2        29    3.0   0.0   198   240   368   412   353   415 0.79 -
XP_005851098.1       -            676 4945at3041           -            245     0.017   13.6   0.0   2   2    0.0058      0.84    8.0   0.0   160   224   520   592   501   611 0.78 -
XP_005851597.1       -            944 4945at3041           -            245     0.017   13.5   2.8   1   4       3.6   5.2e+02   -1.1   0.0   131   222   264   280   253   341 0.77 -
XP_005851597.1       -            944 4945at3041           -            245     0.017   13.5   2.8   2   4       5.2   7.5e+02   -1.6   0.1   201   224   450   473   443   477 0.77 -
XP_005851597.1       -            944 4945at3041           -            245     0.017   13.5   2.8   3   4      0.67        97    1.3   0.0   201   227   522   549   519   567 0.74 -
XP_005851597.1       -            944 4945at3041           -            245     0.017   13.5   2.8   4   4    0.0046      0.67    8.3   0.1   142   187   588   634   567   642 0.83 -
XP_005847001.1       -           1239 4945at3041           -            245     0.019   13.4   0.0   1   1   0.00035     0.051   12.0   0.0   129   228  1030  1135  1020  1140 0.76 -
XP_005852020.1       -            526 4945at3041           -            245     0.027   12.9   2.3   1   4       3.2   4.6e+02   -1.0   0.0   201   221   131   151   127   164 0.86 -
XP_005852020.1       -            526 4945at3041           -            245     0.027   12.9   2.3   2   4    0.0052      0.75    8.2   0.0   199   228   231   260   222   275 0.84 -
XP_005852020.1       -            526 4945at3041           -            245     0.027   12.9   2.3   3   4      0.73   1.1e+02    1.2   0.1   202   227   295   321   291   336 0.74 -
XP_005852020.1       -            526 4945at3041           -            245     0.027   12.9   2.3   4   4       5.8   8.4e+02   -1.8   0.0   200   218   503   521   501   524 0.87 -
XP_005846517.1       -            888 4945at3041           -            245     0.042   12.3   2.3   1   2     0.067       9.7    4.5   0.6   129   190    18    81     5    87 0.74 -
XP_005846517.1       -            888 4945at3041           -            245     0.042   12.3   2.3   2   2     0.011       1.6    7.1   0.0   156   183   403   431   369   444 0.80 -
#
# Program:         hmmsearch
# Version:         3.1b2 (February 2015)
# Pipeline mode:   SEARCH
# Query file:      /Users/catrionaharrison/Documents/Bioinformatics/rp2/Data/genomes/busco/busco_downloads/lineages/chlorophyta_odb10/hmms/4945at3041.hmm
# Target file:     /Users/catrionaharrison/Documents/Bioinformatics/rp2/Data/genomes/busco/data/chlorella_variabilis.prot.fasta
# Option settings: hmmsearch --domtblout /Users/catrionaharrison/Documents/Bioinformatics/rp2/Data/genomes/busco/Busco_variabilis/run_chlorophyta_odb10/hmmer_output/initial_run_results/4945at3041.out --cpu 1 /Users/catrionaharrison/Documents/Bioinformatics/rp2/Data/genomes/busco/busco_downloads/lineages/chlorophyta_odb10/hmms/4945at3041.hmm /Users/catrionaharrison/Documents/Bioinformatics/rp2/Data/genomes/busco/data/chlorella_variabilis.prot.fasta 
# Current dir:     /Users/catrionaharrison/Documents/Bioinformatics/rp2/Data/genomes/busco
# Date:            Fri Jul 22 15:05:59 2022
# [ok]
