#                                                                            --- full sequence --- -------------- this domain -------------   hmm coord   ali coord   env coord
# target name        accession   tlen query name           accession   qlen   E-value  score  bias   #  of  c-Evalue  i-Evalue  score  bias  from    to  from    to  from    to  acc description of target
#------------------- ---------- ----- -------------------- ---------- ----- --------- ------ ----- --- --- --------- --------- ------ ----- ----- ----- ----- ----- ----- ----- ---- ---------------------
XP_005849806.1       -            336 5027at3041           -            180   7.6e-35  119.5  17.9   1   2      0.32   5.2e+02   -0.5   0.1     1    32    94   125    94   133 0.84 -
XP_005849806.1       -            336 5027at3041           -            180   7.6e-35  119.5  17.9   2   2   7.4e-38   1.2e-34  118.9  13.7    37   177   148   311   139   313 0.83 -
XP_005847818.1       -            274 5027at3041           -            180     4e-14   52.0   8.8   1   1   3.1e-16   5.1e-13   48.4   8.8    57   166    66   191    29   204 0.78 -
XP_005846560.1       -            208 5027at3041           -            180   5.9e-05   22.2   2.3   1   1   5.2e-08   8.5e-05   21.7   2.3    33   133    28   138    22   149 0.79 -
XP_005846570.1       -            283 5027at3041           -            180   0.00046   19.2   1.6   1   1   5.1e-07   0.00084   18.4   1.6    33   133   103   213    83   224 0.80 -
XP_005846715.1       -            851 5027at3041           -            180    0.0083   15.2   2.1   1   1     1e-05     0.017   14.2   2.1    34   133   555   664   543   674 0.78 -
XP_005845736.1       -            252 5027at3041           -            180     0.055   12.5   5.4   1   1   4.8e-05     0.079   12.0   5.4    58   133    64   138    35   180 0.80 -
#
# Program:         hmmsearch
# Version:         3.1b2 (February 2015)
# Pipeline mode:   SEARCH
# Query file:      /Users/catrionaharrison/Documents/Bioinformatics/rp2/Data/genomes/busco/busco_downloads/lineages/chlorophyta_odb10/hmms/5027at3041.hmm
# Target file:     /Users/catrionaharrison/Documents/Bioinformatics/rp2/Data/genomes/busco/data/chlorella_variabilis.prot.fasta
# Option settings: hmmsearch --domtblout /Users/catrionaharrison/Documents/Bioinformatics/rp2/Data/genomes/busco/Busco_variabilis/run_chlorophyta_odb10/hmmer_output/initial_run_results/5027at3041.out --cpu 1 /Users/catrionaharrison/Documents/Bioinformatics/rp2/Data/genomes/busco/busco_downloads/lineages/chlorophyta_odb10/hmms/5027at3041.hmm /Users/catrionaharrison/Documents/Bioinformatics/rp2/Data/genomes/busco/data/chlorella_variabilis.prot.fasta 
# Current dir:     /Users/catrionaharrison/Documents/Bioinformatics/rp2/Data/genomes/busco
# Date:            Fri Jul 22 15:06:13 2022
# [ok]
