#                                                                            --- full sequence --- -------------- this domain -------------   hmm coord   ali coord   env coord
# target name        accession   tlen query name           accession   qlen   E-value  score  bias   #  of  c-Evalue  i-Evalue  score  bias  from    to  from    to  from    to  acc description of target
#------------------- ---------- ----- -------------------- ---------- ----- --------- ------ ----- --- --- --------- --------- ------ ----- ----- ----- ----- ----- ----- ----- ---- ---------------------
XP_005846170.1       -            168 5094at3041           -            155   1.5e-77  257.7   0.6   1   1   1.1e-79   5.9e-77  255.8   0.6     1   146     7   167     7   167 0.94 -
XP_005847961.1       -            169 5094at3041           -            155   5.7e-48  161.7   0.0   1   1   2.2e-50   1.2e-47  160.6   0.0     2   147     2   164     1   168 0.91 -
XP_005843019.1       -            218 5094at3041           -            155   1.7e-40  137.4   0.3   1   2   3.1e-43   1.7e-40  137.4   0.3     3   147    14   173    12   184 0.92 -
XP_005843019.1       -            218 5094at3041           -            155   1.7e-40  137.4   0.3   2   2       1.5   8.1e+02   -1.3   0.1   137   155   201   214   176   214 0.60 -
XP_005846307.1       -            205 5094at3041           -            155   1.3e-38  131.2   0.4   1   1   4.7e-41   2.6e-38  130.3   0.4     3   150    12   174    10   178 0.91 -
XP_005844627.1       -            212 5094at3041           -            155   1.8e-38  130.8   0.1   1   1   5.3e-41   2.9e-38  130.1   0.1     3   149    13   174    11   179 0.89 -
XP_005850513.1       -            218 5094at3041           -            155   6.3e-37  125.8   0.0   1   1   1.9e-39     1e-36  125.1   0.0     3   147     8   167     6   174 0.91 -
XP_005848051.1       -            223 5094at3041           -            155   8.3e-37  125.4   0.0   1   1   2.4e-39   1.3e-36  124.8   0.0     3   146    16   174    14   183 0.88 -
XP_005851611.1       -            210 5094at3041           -            155   1.1e-33  115.3   0.1   1   1     3e-36   1.6e-33  114.7   0.1     3   147    13   170    11   177 0.88 -
XP_005847261.1       -            208 5094at3041           -            155   6.3e-32  109.5   0.1   1   1   4.2e-34   2.3e-31  107.7   0.1     3   152    10   181     8   183 0.82 -
XP_005852150.1       -            203 5094at3041           -            155   1.7e-28   98.4   0.0   1   1   5.2e-31   2.8e-28   97.7   0.0     3   149    15   177    13   182 0.81 -
XP_005846369.1       -            224 5094at3041           -            155   3.9e-23   81.0   0.0   1   1     1e-25   5.5e-23   80.5   0.0     3   148    16   173    14   177 0.86 -
XP_005852256.1       -            631 5094at3041           -            155   3.1e-15   55.3   0.0   1   3   1.5e-05    0.0083   14.9   0.0     2    43     6    47     5    60 0.84 -
XP_005852256.1       -            631 5094at3041           -            155   3.1e-15   55.3   0.0   2   3   4.9e-12   2.7e-09   36.0   0.0    40   117    78   157    67   177 0.84 -
XP_005852256.1       -            631 5094at3041           -            155   3.1e-15   55.3   0.0   3   3      0.71   3.9e+02   -0.2   0.0   116   151   445   481   440   484 0.80 -
XP_005843622.1       -            183 5094at3041           -            155   2.6e-12   45.8   0.0   1   1   5.7e-15   3.1e-12   45.6   0.0     3   115    22   136    20   170 0.87 -
XP_005847412.1       -            191 5094at3041           -            155   9.6e-07   27.7   0.0   1   1   2.2e-09   1.2e-06   27.4   0.0     3   115    19   132    17   149 0.81 -
XP_005850241.1       -            208 5094at3041           -            155   5.2e-06   25.4   0.0   1   1   1.2e-08   6.4e-06   25.1   0.0     2    87    35   117    34   167 0.80 -
XP_005843829.1       -            264 5094at3041           -            155   2.2e-05   23.3   0.0   1   1   5.5e-08     3e-05   22.9   0.0     3    80    51   136    49   181 0.82 -
XP_005845590.1       -            184 5094at3041           -            155   3.2e-05   22.8   0.0   1   1   7.4e-08     4e-05   22.5   0.0     6   121    22   140    17   150 0.75 -
XP_005846649.1       -            185 5094at3041           -            155     0.016   14.1   0.0   1   1   3.6e-05     0.019   13.8   0.0     3   113    18   129    16   152 0.75 -
#
# Program:         hmmsearch
# Version:         3.1b2 (February 2015)
# Pipeline mode:   SEARCH
# Query file:      /Users/catrionaharrison/Documents/Bioinformatics/rp2/Data/genomes/busco/busco_downloads/lineages/chlorophyta_odb10/hmms/5094at3041.hmm
# Target file:     /Users/catrionaharrison/Documents/Bioinformatics/rp2/Data/genomes/busco/data/chlorella_variabilis.prot.fasta
# Option settings: hmmsearch --domtblout /Users/catrionaharrison/Documents/Bioinformatics/rp2/Data/genomes/busco/Busco_variabilis/run_chlorophyta_odb10/hmmer_output/initial_run_results/5094at3041.out --cpu 1 /Users/catrionaharrison/Documents/Bioinformatics/rp2/Data/genomes/busco/busco_downloads/lineages/chlorophyta_odb10/hmms/5094at3041.hmm /Users/catrionaharrison/Documents/Bioinformatics/rp2/Data/genomes/busco/data/chlorella_variabilis.prot.fasta 
# Current dir:     /Users/catrionaharrison/Documents/Bioinformatics/rp2/Data/genomes/busco
# Date:            Fri Jul 22 15:06:24 2022
# [ok]
