#                                                                            --- full sequence --- -------------- this domain -------------   hmm coord   ali coord   env coord
# target name        accession   tlen query name           accession   qlen   E-value  score  bias   #  of  c-Evalue  i-Evalue  score  bias  from    to  from    to  from    to  acc description of target
#------------------- ---------- ----- -------------------- ---------- ----- --------- ------ ----- --- --- --------- --------- ------ ----- ----- ----- ----- ----- ----- ----- ---- ---------------------
XP_005849012.1       -            924 5108at3041           -            350   1.3e-69  233.8   7.7   1   3     0.014        27    2.6   0.0     3    24    19    40    17    45 0.87 -
XP_005849012.1       -            924 5108at3041           -            350   1.3e-69  233.8   7.7   2   3   8.8e-59   1.7e-55  187.4   0.0    27   273    83   343    75   355 0.85 -
XP_005849012.1       -            924 5108at3041           -            350   1.3e-69  233.8   7.7   3   3   2.2e-14   4.4e-11   41.4   4.6   256   350   353   470   347   470 0.79 -
XP_005842909.1       -           1083 5108at3041           -            350   1.1e-24   86.1   0.1   1   1   8.8e-28   1.7e-24   85.4   0.1   279   350   547   621   539   621 0.92 -
XP_005844663.1       -            215 5108at3041           -            350   2.6e-09   35.5   0.0   1   1   1.7e-12   3.2e-09   35.2   0.0   149   267    32   142    20   187 0.86 -
XP_005843690.1       -            438 5108at3041           -            350    0.0082   14.1   0.1   1   1   6.8e-06     0.013   13.5   0.1   165   224   234   294   226   308 0.85 -
XP_005848509.1       -            487 5108at3041           -            350    0.0087   14.1   0.1   1   1   6.9e-06     0.014   13.4   0.1   157   206   331   380   323   403 0.78 -
#
# Program:         hmmsearch
# Version:         3.1b2 (February 2015)
# Pipeline mode:   SEARCH
# Query file:      /Users/catrionaharrison/Documents/Bioinformatics/rp2/Data/genomes/busco/busco_downloads/lineages/chlorophyta_odb10/hmms/5108at3041.hmm
# Target file:     /Users/catrionaharrison/Documents/Bioinformatics/rp2/Data/genomes/busco/data/chlorella_variabilis.prot.fasta
# Option settings: hmmsearch --domtblout /Users/catrionaharrison/Documents/Bioinformatics/rp2/Data/genomes/busco/Busco_variabilis/run_chlorophyta_odb10/hmmer_output/initial_run_results/5108at3041.out --cpu 1 /Users/catrionaharrison/Documents/Bioinformatics/rp2/Data/genomes/busco/busco_downloads/lineages/chlorophyta_odb10/hmms/5108at3041.hmm /Users/catrionaharrison/Documents/Bioinformatics/rp2/Data/genomes/busco/data/chlorella_variabilis.prot.fasta 
# Current dir:     /Users/catrionaharrison/Documents/Bioinformatics/rp2/Data/genomes/busco
# Date:            Fri Jul 22 15:06:27 2022
# [ok]
