#                                                                            --- full sequence --- -------------- this domain -------------   hmm coord   ali coord   env coord
# target name        accession   tlen query name           accession   qlen   E-value  score  bias   #  of  c-Evalue  i-Evalue  score  bias  from    to  from    to  from    to  acc description of target
#------------------- ---------- ----- -------------------- ---------- ----- --------- ------ ----- --- --- --------- --------- ------ ----- ----- ----- ----- ----- ----- ----- ---- ---------------------
XP_005849526.1       -            504 5424at3041           -            314  2.8e-141  469.2  18.8   1   4   2.7e-20   9.7e-18   63.4   0.1     4    61    76   132    74   141 0.89 -
XP_005849526.1       -            504 5424at3041           -            314  2.8e-141  469.2  18.8   2   4       1.6   5.6e+02   -1.5   0.2    48    61   165   183   158   195 0.78 -
XP_005849526.1       -            504 5424at3041           -            314  2.8e-141  469.2  18.8   3   4   5.6e-54     2e-51  174.0   0.3    61   176   216   332   212   339 0.94 -
XP_005849526.1       -            504 5424at3041           -            314  2.8e-141  469.2  18.8   4   4   2.5e-74   9.1e-72  240.9   4.4   157   314   343   502   339   502 0.92 -
XP_005847186.1       -            740 5424at3041           -            314   2.1e-23   82.0  14.0   1   3   8.7e-08   3.2e-05   22.3   1.0   167   278   124   238   106   251 0.89 -
XP_005847186.1       -            740 5424at3041           -            314   2.1e-23   82.0  14.0   2   3   1.8e-14   6.4e-12   44.3   2.2    87   243   255   406   246   413 0.82 -
XP_005847186.1       -            740 5424at3041           -            314   2.1e-23   82.0  14.0   3   3   2.2e-07   7.8e-05   21.0   0.1   192   254   457   519   437   528 0.84 -
XP_005846942.1       -            803 5424at3041           -            314   2.9e-18   65.1  26.0   1   5      0.16        58    1.7   1.1   121   240    49   163    23   168 0.56 -
XP_005846942.1       -            803 5424at3041           -            314   2.9e-18   65.1  26.0   2   5   0.00044      0.16   10.1   0.0   180   257   398   475   390   480 0.83 -
XP_005846942.1       -            803 5424at3041           -            314   2.9e-18   65.1  26.0   3   5   1.3e-08   4.8e-06   25.0   4.6   184   260   470   546   465   569 0.86 -
XP_005846942.1       -            803 5424at3041           -            314   2.9e-18   65.1  26.0   4   5   1.5e-13   5.4e-11   41.2   1.9    76   263   570   753   562   757 0.90 -
XP_005846942.1       -            803 5424at3041           -            314   2.9e-18   65.1  26.0   5   5      0.12        44    2.1   0.1   196   241   754   799   747   801 0.79 -
XP_005843523.1       -           4412 5424at3041           -            314   5.2e-17   61.0  19.7   1   4     0.043        15    3.6   1.7    74   174    80   181    68   194 0.83 -
XP_005843523.1       -           4412 5424at3041           -            314   5.2e-17   61.0  19.7   2   4   2.4e-11   8.8e-09   34.0   1.6   199   282   288   374   255   381 0.75 -
XP_005843523.1       -           4412 5424at3041           -            314   5.2e-17   61.0  19.7   3   4   1.1e-09     4e-07   28.5   0.5   197   276   395   477   383   482 0.87 -
XP_005843523.1       -           4412 5424at3041           -            314   5.2e-17   61.0  19.7   4   4      0.13        46    2.0   0.0   217   255   501   539   493   543 0.88 -
XP_005845004.1       -            522 5424at3041           -            314   2.1e-15   55.7   1.9   1   4     0.052        19    3.3   0.0   113   181   126   200   120   226 0.67 -
XP_005845004.1       -            522 5424at3041           -            314   2.1e-15   55.7   1.9   2   4   4.2e-06    0.0015   16.8   0.2   182   256   305   379   258   387 0.84 -
XP_005845004.1       -            522 5424at3041           -            314   2.1e-15   55.7   1.9   3   4   1.2e-06   0.00043   18.6   0.0   174   245   399   476   377   482 0.80 -
XP_005845004.1       -            522 5424at3041           -            314   2.1e-15   55.7   1.9   4   4   3.8e-05     0.014   13.6   0.0   182   213   481   512   476   519 0.91 -
XP_005851838.1       -            508 5424at3041           -            314     1e-13   50.2   1.7   1   3      0.56     2e+02   -0.1   0.0   110   220   141   178   123   223 0.62 -
XP_005851838.1       -            508 5424at3041           -            314     1e-13   50.2   1.7   2   3     3e-14   1.1e-11   43.5   0.3   174   282   293   404   270   404 0.87 -
XP_005851838.1       -            508 5424at3041           -            314     1e-13   50.2   1.7   3   3   9.8e-05     0.035   12.3   0.0   198   240   385   429   383   433 0.74 -
XP_005851656.1       -            893 5424at3041           -            314   5.6e-13   47.7   1.9   1   3   8.5e-05     0.031   12.5   0.1   192   242   377   427   355   434 0.88 -
XP_005851656.1       -            893 5424at3041           -            314   5.6e-13   47.7   1.9   2   3   1.3e-08   4.6e-06   25.0   0.0   178   262   439   523   432   526 0.92 -
XP_005851656.1       -            893 5424at3041           -            314   5.6e-13   47.7   1.9   3   3   0.00098      0.36    9.0   0.1   194   260   523   589   520   613 0.83 -
XP_005847052.1       -            698 5424at3041           -            314   6.8e-12   44.2   3.5   1   3    0.0056         2    6.5   0.0    98   138   102   142    76   167 0.63 -
XP_005847052.1       -            698 5424at3041           -            314   6.8e-12   44.2   3.5   2   3   2.9e-10     1e-07   30.4   0.2   181   290   472   584   452   602 0.83 -
XP_005847052.1       -            698 5424at3041           -            314   6.8e-12   44.2   3.5   3   3    0.0065       2.3    6.3   0.1   153   211   619   672   586   682 0.69 -
XP_005851337.1       -            844 5424at3041           -            314   1.5e-09   36.5  21.1   1   5   2.9e-09     1e-06   27.2   0.2   174   250    29   105    19   151 0.80 -
XP_005851337.1       -            844 5424at3041           -            314   1.5e-09   36.5  21.1   2   5      0.06        22    3.1   0.0   229   262   241   274   226   279 0.77 -
XP_005851337.1       -            844 5424at3041           -            314   1.5e-09   36.5  21.1   3   5   0.00047      0.17   10.0   0.5   202   262   306   363   295   402 0.80 -
XP_005851337.1       -            844 5424at3041           -            314   1.5e-09   36.5  21.1   4   5     0.049        18    3.4   0.2   200   242   439   481   426   483 0.86 -
XP_005851337.1       -            844 5424at3041           -            314   1.5e-09   36.5  21.1   5   5     0.033        12    4.0   1.0   157   221   644   708   545   725 0.91 -
XP_005851497.1       -            269 5424at3041           -            314     3e-09   35.5   0.5   1   1   1.5e-11   5.3e-09   34.7   0.5   182   260   148   230   124   265 0.79 -
XP_005844254.1       -            741 5424at3041           -            314     7e-07   27.7  12.2   1   3   0.00034      0.12   10.5   0.2   139   240   158   263   108   290 0.74 -
XP_005844254.1       -            741 5424at3041           -            314     7e-07   27.7  12.2   2   3     0.062        23    3.0   0.5   160   281   397   522   368   525 0.74 -
XP_005844254.1       -            741 5424at3041           -            314     7e-07   27.7  12.2   3   3   2.5e-07   8.9e-05   20.8   2.3   102   249   514   656   503   665 0.89 -
XP_005851387.1       -             88 5424at3041           -            314   7.2e-07   27.7   0.1   1   1   3.2e-09   1.2e-06   27.0   0.1   193   257     8    72     3    87 0.93 Chlorella variabilis unplaced genomic scaffold CHLNCscaffold_2, whole genome shotgun sequence.
XP_005851065.1       -            553 5424at3041           -            314   1.4e-06   26.7   0.7   1   2      0.99   3.6e+02   -0.9   0.0   216   248   339   371   336   385 0.71 -
XP_005851065.1       -            553 5424at3041           -            314   1.4e-06   26.7   0.7   2   2   9.1e-09   3.3e-06   25.5   0.5   185   262   376   453   354   464 0.89 -
XP_005852290.1       -           1022 5424at3041           -            314   4.7e-06   25.0   1.2   1   1   1.9e-07     7e-05   21.1   0.8    75   258   264   441   258   449 0.87 -
XP_005851336.1       -            704 5424at3041           -            314   7.7e-06   24.3   0.2   1   2     4e-07   0.00015   20.1   0.0   197   264    22    89     5   112 0.86 -
XP_005851336.1       -            704 5424at3041           -            314   7.7e-06   24.3   0.2   2   2       0.2        73    1.4   0.0   226   245   625   644   593   653 0.77 -
XP_005849756.1       -            951 5424at3041           -            314   9.5e-06   24.0   2.0   1   2     0.094        34    2.5   0.0   198   281   558   638   545   646 0.82 -
XP_005849756.1       -            951 5424at3041           -            314   9.5e-06   24.0   2.0   2   2   2.2e-07   8.1e-05   20.9   0.5   185   254   641   710   636   734 0.87 -
XP_005846271.1       -            231 5424at3041           -            314     9e-05   20.8   6.4   1   2   8.5e-07   0.00031   19.0   1.2   101   158    28    86     3   133 0.77 -
XP_005846271.1       -            231 5424at3041           -            314     9e-05   20.8   6.4   2   2      0.32   1.2e+02    0.7   0.3    80   138   142   201   135   213 0.70 -
XP_005845477.1       -            472 5424at3041           -            314   0.00013   20.3   5.7   1   2   5.4e-05      0.02   13.1   0.8   192   282    33   127    13   137 0.86 -
XP_005845477.1       -            472 5424at3041           -            314   0.00013   20.3   5.7   2   2   0.00088      0.32    9.1   0.4    79   221   177   305   138   328 0.65 -
XP_005851787.1       -            801 5424at3041           -            314   0.00023   19.5   0.0   1   5       1.4   5.2e+02   -1.4   0.5   104   123    25    44    13    47 0.72 -
XP_005851787.1       -            801 5424at3041           -            314   0.00023   19.5   0.0   2   5   6.2e-07   0.00023   19.5   0.0   175   261   143   229   136   233 0.84 -
XP_005851787.1       -            801 5424at3041           -            314   0.00023   19.5   0.0   3   5       1.6   5.6e+02   -1.5   0.1   171   239   241   311   237   325 0.84 -
XP_005851787.1       -            801 5424at3041           -            314   0.00023   19.5   0.0   4   5       1.2   4.5e+02   -1.2   0.2    72   171   338   440   325   461 0.56 -
XP_005851787.1       -            801 5424at3041           -            314   0.00023   19.5   0.0   5   5       1.2   4.5e+02   -1.2   0.0   110   154   651   695   604   756 0.64 -
XP_005844420.1       -            927 5424at3041           -            314   0.00025   19.3  16.0   1   3    0.0014      0.51    8.4   0.0   153   250    96   195    49   226 0.73 -
XP_005844420.1       -            927 5424at3041           -            314   0.00025   19.3  16.0   2   3     9e-07   0.00033   19.0   0.0   174   244   275   344   235   352 0.79 -
XP_005844420.1       -            927 5424at3041           -            314   0.00025   19.3  16.0   3   3      0.15        56    1.8   0.1   170   222   602   659   591   668 0.63 -
XP_005846781.1       -            663 5424at3041           -            314   0.00048   18.4   0.2   1   1   2.6e-06   0.00096   17.4   0.2   189   276   340   430   307   447 0.81 -
XP_005844107.1       -            234 5424at3041           -            314   0.00073   17.8   0.1   1   1   2.8e-06     0.001   17.3   0.1   163   277    91   209    75   220 0.84 -
XP_005843065.1       -            414 5424at3041           -            314    0.0021   16.3   0.6   1   2   9.6e-05     0.035   12.3   0.0   193   245    37    89    20    95 0.92 -
XP_005843065.1       -            414 5424at3041           -            314    0.0021   16.3   0.6   2   2      0.13        47    2.0   0.1   129   180   208   259   153   268 0.84 -
XP_005848289.1       -            129 5424at3041           -            314    0.0043   15.3   0.2   1   1   1.4e-05    0.0051   15.0   0.2   192   255    42   104    22   115 0.82 -
XP_005844028.1       -            411 5424at3041           -            314     0.005   15.1   3.5   1   1   2.3e-05    0.0085   14.3   3.5   194   274    20   103    12   129 0.86 Chlorella variabilis unplaced genomic scaffold CHLNCscaffold_25, whole genome shotgun sequence.
XP_005847916.1       -            737 5424at3041           -            314    0.0055   14.9   1.5   1   2     5e-05     0.018   13.2   0.1   183   258    89   164    62   182 0.88 -
XP_005847916.1       -            737 5424at3041           -            314    0.0055   14.9   1.5   2   2      0.71   2.6e+02   -0.4   0.2   189   238   235   287   216   317 0.74 -
XP_005851775.1       -           1559 5424at3041           -            314     0.012   13.8   0.4   1   2    0.0015      0.54    8.4   0.0   201   280  1313  1395  1299  1402 0.85 -
XP_005851775.1       -           1559 5424at3041           -            314     0.012   13.8   0.4   2   2    0.0031       1.1    7.3   0.2   129   261  1382  1509  1376  1530 0.72 -
#
# Program:         hmmsearch
# Version:         3.1b2 (February 2015)
# Pipeline mode:   SEARCH
# Query file:      /Users/catrionaharrison/Documents/Bioinformatics/rp2/Data/genomes/busco/busco_downloads/lineages/chlorophyta_odb10/hmms/5424at3041.hmm
# Target file:     /Users/catrionaharrison/Documents/Bioinformatics/rp2/Data/genomes/busco/data/chlorella_variabilis.prot.fasta
# Option settings: hmmsearch --domtblout /Users/catrionaharrison/Documents/Bioinformatics/rp2/Data/genomes/busco/Busco_variabilis/run_chlorophyta_odb10/hmmer_output/initial_run_results/5424at3041.out --cpu 1 /Users/catrionaharrison/Documents/Bioinformatics/rp2/Data/genomes/busco/busco_downloads/lineages/chlorophyta_odb10/hmms/5424at3041.hmm /Users/catrionaharrison/Documents/Bioinformatics/rp2/Data/genomes/busco/data/chlorella_variabilis.prot.fasta 
# Current dir:     /Users/catrionaharrison/Documents/Bioinformatics/rp2/Data/genomes/busco
# Date:            Fri Jul 22 15:05:25 2022
# [ok]
