#                                                                            --- full sequence --- -------------- this domain -------------   hmm coord   ali coord   env coord
# target name        accession   tlen query name           accession   qlen   E-value  score  bias   #  of  c-Evalue  i-Evalue  score  bias  from    to  from    to  from    to  acc description of target
#------------------- ---------- ----- -------------------- ---------- ----- --------- ------ ----- --- --- --------- --------- ------ ----- ----- ----- ----- ----- ----- ----- ---- ---------------------
XP_005851583.1       -            253 6111at3041           -            181   6.4e-71  236.9   6.1   1   3   7.4e-66   3.6e-63  211.7   0.1     8   132     2   135     1   161 0.88 -
XP_005851583.1       -            253 6111at3041           -            181   6.4e-71  236.9   6.1   2   3   0.00016     0.079   11.8   0.0   139   158   170   189   166   205 0.79 -
XP_005851583.1       -            253 6111at3041           -            181   6.4e-71  236.9   6.1   3   3   7.9e-05     0.039   12.8   1.6   154   181   206   243   201   243 0.73 -
XP_005846092.1       -            159 6111at3041           -            181     8e-46  155.2   0.0   1   1   1.9e-48   9.3e-46  155.0   0.0    14   152     5   150     2   157 0.90 -
XP_005843645.1       -            492 6111at3041           -            181     4e-44  149.6   0.1   1   1   2.6e-46   1.3e-43  148.0   0.1     5   154   234   390   231   429 0.83 -
XP_005848955.1       -            155 6111at3041           -            181   1.1e-40  138.4   0.0   1   1   2.6e-43   1.3e-40  138.2   0.0    15   138     3   135     1   147 0.91 -
XP_005844202.1       -            418 6111at3041           -            181   4.9e-31  107.0   0.0   1   1   1.7e-33   8.4e-31  106.2   0.0    15   135     3   137     1   162 0.84 -
XP_005843529.1       -            153 6111at3041           -            181   2.6e-27   94.9   0.0   1   1   6.7e-30   3.3e-27   94.5   0.0    32   140     4   127     1   145 0.82 -
XP_005845180.1       -            176 6111at3041           -            181   2.1e-26   91.9   0.0   1   1   6.6e-29   3.2e-26   91.3   0.0    21   141    13   149     8   169 0.84 -
XP_005851644.1       -            167 6111at3041           -            181     6e-26   90.4   0.0   1   1   1.5e-28   7.3e-26   90.1   0.0    19   139    17   145    11   158 0.86 -
XP_005848531.1       -            184 6111at3041           -            181   6.7e-26   90.3   0.0   1   1   1.8e-28   8.7e-26   89.9   0.0    21   130    29   152    14   169 0.87 -
XP_005846492.1       -            175 6111at3041           -            181   3.4e-24   84.7   0.0   1   1   1.1e-26   5.5e-24   84.0   0.0    21   138    17   150     9   155 0.84 -
XP_005851021.1       -            173 6111at3041           -            181   1.9e-21   75.7   0.1   1   1   6.9e-24   3.4e-21   74.9   0.1    19   137    15   149    10   154 0.83 -
XP_005846877.1       -            256 6111at3041           -            181   5.6e-21   74.2   0.0   1   1   1.8e-23   8.8e-21   73.6   0.0    19   138    99   234    96   249 0.82 -
XP_005846899.1       -            159 6111at3041           -            181   3.8e-19   68.3   0.1   1   1   1.3e-21   6.4e-19   67.5   0.1    24   141     3   140     1   155 0.80 -
XP_005849876.1       -            223 6111at3041           -            181   3.5e-15   55.3   0.0   1   1   1.1e-17   5.2e-15   54.8   0.0     9   130    65   192    59   209 0.79 -
XP_005843807.1       -            157 6111at3041           -            181   4.4e-13   48.5   0.0   1   1   1.2e-15     6e-13   48.0   0.0    17   139     1   135     1   155 0.78 -
XP_005845911.1       -            309 6111at3041           -            181   7.7e-08   31.4   0.0   1   1   4.5e-10   2.2e-07   29.9   0.0    20   130    89   195    73   217 0.79 -
XP_005845157.1       -            430 6111at3041           -            181   1.9e-07   30.2   0.0   1   2     0.024        12    4.7   0.0    21    45   242   266   232   269 0.90 -
XP_005845157.1       -            430 6111at3041           -            181   1.9e-07   30.2   0.0   2   2   6.2e-08     3e-05   23.0   0.0    71   132   315   383   292   394 0.78 -
XP_005845411.1       -            228 6111at3041           -            181     7e-05   21.8   0.0   1   1   2.4e-07   0.00012   21.0   0.0    21    67    38    84    34    94 0.88 -
XP_005851727.1       -            380 6111at3041           -            181    0.0006   18.7   0.0   1   2     3e-05     0.015   14.2   0.0    21    76   204   258   200   264 0.88 -
XP_005851727.1       -            380 6111at3041           -            181    0.0006   18.7   0.0   2   2      0.15        72    2.2   0.0   100   130   313   350   295   368 0.67 -
XP_005845816.1       -            381 6111at3041           -            181      0.06   12.2   0.1   1   1   0.00021       0.1   11.5   0.1    11    63   141   195   133   200 0.81 -
#
# Program:         hmmsearch
# Version:         3.1b2 (February 2015)
# Pipeline mode:   SEARCH
# Query file:      /Users/catrionaharrison/Documents/Bioinformatics/rp2/Data/genomes/busco/busco_downloads/lineages/chlorophyta_odb10/hmms/6111at3041.hmm
# Target file:     /Users/catrionaharrison/Documents/Bioinformatics/rp2/Data/genomes/busco/data/chlorella_variabilis.prot.fasta
# Option settings: hmmsearch --domtblout /Users/catrionaharrison/Documents/Bioinformatics/rp2/Data/genomes/busco/Busco_variabilis/run_chlorophyta_odb10/hmmer_output/initial_run_results/6111at3041.out --cpu 1 /Users/catrionaharrison/Documents/Bioinformatics/rp2/Data/genomes/busco/busco_downloads/lineages/chlorophyta_odb10/hmms/6111at3041.hmm /Users/catrionaharrison/Documents/Bioinformatics/rp2/Data/genomes/busco/data/chlorella_variabilis.prot.fasta 
# Current dir:     /Users/catrionaharrison/Documents/Bioinformatics/rp2/Data/genomes/busco
# Date:            Fri Jul 22 15:06:43 2022
# [ok]
