#                                                                            --- full sequence --- -------------- this domain -------------   hmm coord   ali coord   env coord
# target name        accession   tlen query name           accession   qlen   E-value  score  bias   #  of  c-Evalue  i-Evalue  score  bias  from    to  from    to  from    to  acc description of target
#------------------- ---------- ----- -------------------- ---------- ----- --------- ------ ----- --- --- --------- --------- ------ ----- ----- ----- ----- ----- ----- ----- ---- ---------------------
XP_005846325.1       -            154 6198at3041           -            129   1.9e-74  246.8   0.1   1   1   5.3e-77   2.2e-74  246.6   0.1     1   128     6   145     6   146 0.92 -
XP_005846026.1       -            149 6198at3041           -            129   3.9e-40  135.9   0.0   1   1   1.1e-42   4.7e-40  135.6   0.0     3   126     4   133     2   142 0.88 -
XP_005847659.1       -            154 6198at3041           -            129   2.9e-35  120.1   0.0   1   1   7.9e-38   3.4e-35  119.9   0.0     4   121    10   133     8   147 0.83 -
XP_005848824.1       -            150 6198at3041           -            129   3.8e-32  110.0   0.0   1   1   1.1e-34   4.5e-32  109.8   0.0     4   129     2   143     1   143 0.84 -
XP_005850258.1       -            165 6198at3041           -            129   8.3e-32  109.0   0.0   1   1   2.5e-34   1.1e-31  108.6   0.0     3   123     7   133     5   138 0.90 -
XP_005843626.1       -           1207 6198at3041           -            129   9.7e-30  102.3   0.0   1   1   6.5e-32   2.7e-29  100.8   0.0    30   125  1094  1189  1060  1193 0.90 -
XP_005843869.1       -            186 6198at3041           -            129   4.9e-28   96.8   0.0   1   1   1.4e-30   6.1e-28   96.4   0.0    21   114    55   157    35   170 0.83 -
XP_005847748.1       -            154 6198at3041           -            129   1.7e-26   91.7   0.0   1   1   5.2e-29   2.2e-26   91.4   0.0    23   123    32   135     6   140 0.86 -
XP_005849252.1       -            189 6198at3041           -            129   2.2e-26   91.4   0.0   1   1   7.3e-29   3.1e-26   90.9   0.0    31   124    64   157    52   161 0.93 -
XP_005849389.1       -            201 6198at3041           -            129   3.2e-24   84.4   0.0   1   1   9.1e-27   3.9e-24   84.2   0.0     7   122    13   134     7   141 0.82 -
XP_005851370.1       -            189 6198at3041           -            129   3.6e-23   81.0   0.0   1   1   1.1e-25   4.8e-23   80.6   0.0    25   129    26   139     1   139 0.75 -
XP_005849729.1       -            219 6198at3041           -            129   4.2e-23   80.8   0.0   1   1   1.4e-25   5.9e-23   80.3   0.0    12   117    19   130    10   138 0.84 -
XP_005844314.1       -            168 6198at3041           -            129   1.5e-21   75.8   0.1   1   1     5e-23   2.1e-20   72.1   0.1     3   124    10   149     8   154 0.80 -
XP_005848868.1       -            162 6198at3041           -            129   2.1e-18   65.6   0.0   1   1   6.4e-21   2.7e-18   65.2   0.0    29   115    45   133    30   144 0.89 -
XP_005847327.1       -            187 6198at3041           -            129   9.2e-18   63.5   0.0   1   1   3.1e-20   1.3e-17   63.0   0.0    31   115    56   140    45   150 0.93 -
XP_005851683.1       -            161 6198at3041           -            129   1.4e-17   62.9   0.0   1   1   4.2e-20   1.8e-17   62.6   0.0    27   114    43   132    28   146 0.89 -
XP_005849980.1       -            923 6198at3041           -            129   1.1e-12   47.1   0.0   1   2      0.72   3.1e+02    0.4   0.0    53    80   493   520   481   548 0.80 -
XP_005849980.1       -            923 6198at3041           -            129   1.1e-12   47.1   0.0   2   2   3.5e-14   1.5e-11   43.4   0.0    25   108   718   815   705   834 0.78 -
XP_005843164.1       -            373 6198at3041           -            129   5.2e-12   44.9   0.0   1   1   2.6e-14   1.1e-11   43.9   0.0    36   105   264   338   236   349 0.84 -
XP_005850606.1       -           1413 6198at3041           -            129   2.1e-09   36.5   0.0   1   1   1.1e-11   4.6e-09   35.4   0.0    24   108  1216  1314  1211  1326 0.82 -
XP_005851743.1       -             90 6198at3041           -            129   1.4e-08   33.9   0.0   1   1   3.4e-11   1.4e-08   33.8   0.0    24    65    34    75     3    88 0.89 -
XP_005847222.1       -            146 6198at3041           -            129   1.7e-05   23.9   0.0   1   1   5.5e-08   2.4e-05   23.4   0.0    30    75    53    98    36   137 0.78 -
XP_005849942.1       -            170 6198at3041           -            129   2.7e-05   23.2   0.0   1   1   9.3e-08     4e-05   22.7   0.0     4   102     9   120     7   139 0.76 -
XP_005846305.1       -            347 6198at3041           -            129     0.002   17.2   0.0   1   2       3.5   1.5e+03   -1.8   0.0    92   114    26    47    19    51 0.75 -
XP_005846305.1       -            347 6198at3041           -            129     0.002   17.2   0.0   2   2   1.8e-05    0.0075   15.3   0.0    39    97    54   112    49   128 0.81 -
#
# Program:         hmmsearch
# Version:         3.1b2 (February 2015)
# Pipeline mode:   SEARCH
# Query file:      /Users/catrionaharrison/Documents/Bioinformatics/rp2/Data/genomes/busco/busco_downloads/lineages/chlorophyta_odb10/hmms/6198at3041.hmm
# Target file:     /Users/catrionaharrison/Documents/Bioinformatics/rp2/Data/genomes/busco/data/chlorella_variabilis.prot.fasta
# Option settings: hmmsearch --domtblout /Users/catrionaharrison/Documents/Bioinformatics/rp2/Data/genomes/busco/Busco_variabilis/run_chlorophyta_odb10/hmmer_output/initial_run_results/6198at3041.out --cpu 1 /Users/catrionaharrison/Documents/Bioinformatics/rp2/Data/genomes/busco/busco_downloads/lineages/chlorophyta_odb10/hmms/6198at3041.hmm /Users/catrionaharrison/Documents/Bioinformatics/rp2/Data/genomes/busco/data/chlorella_variabilis.prot.fasta 
# Current dir:     /Users/catrionaharrison/Documents/Bioinformatics/rp2/Data/genomes/busco
# Date:            Fri Jul 22 15:06:52 2022
# [ok]
