#                                                                            --- full sequence --- -------------- this domain -------------   hmm coord   ali coord   env coord
# target name        accession   tlen query name           accession   qlen   E-value  score  bias   #  of  c-Evalue  i-Evalue  score  bias  from    to  from    to  from    to  acc description of target
#------------------- ---------- ----- -------------------- ---------- ----- --------- ------ ----- --- --- --------- --------- ------ ----- ----- ----- ----- ----- ----- ----- ---- ---------------------
XP_005843786.1       -            721 6211at3041           -            225   2.7e-59  199.6  13.6   1   3   2.7e-19   5.4e-16   57.9   0.3     1    68     8   106     8   135 0.78 -
XP_005843786.1       -            721 6211at3041           -            225   2.7e-59  199.6  13.6   2   3   7.8e-42   1.5e-38  131.7   5.0    60   185   221   373   203   385 0.84 -
XP_005843786.1       -            721 6211at3041           -            225   2.7e-59  199.6  13.6   3   3   4.6e-05      0.09   11.4   0.0   183   220   407   455   387   458 0.74 -
XP_005844492.1       -            694 6211at3041           -            225     3e-17   62.0   0.5   1   2   3.9e-06    0.0076   14.9   0.0     1    67    12    75    12    81 0.74 -
XP_005844492.1       -            694 6211at3041           -            225     3e-17   62.0   0.5   2   2   2.5e-14   4.8e-11   41.7   0.1    37   154   193   330   186   347 0.74 -
XP_005850846.1       -            865 6211at3041           -            225   1.8e-07   30.0   0.2   1   2   8.5e-05      0.17   10.5   0.0     4    67    94   154    91   170 0.70 -
XP_005850846.1       -            865 6211at3041           -            225   1.8e-07   30.0   0.2   2   2     2e-06    0.0038   15.9   0.0    60   126   221   294   208   324 0.75 -
XP_005850977.1       -            508 6211at3041           -            225   2.3e-06   26.5   6.0   1   3   2.5e-05     0.049   12.3   0.1     3    79     3    76     1   103 0.77 -
XP_005850977.1       -            508 6211at3041           -            225   2.3e-06   26.5   6.0   2   3   1.9e-06    0.0037   16.0   0.1    61   110   155   211   124   235 0.77 -
XP_005850977.1       -            508 6211at3041           -            225   2.3e-06   26.5   6.0   3   3       0.4   7.7e+02   -1.4   0.3   174   206   373   405   352   431 0.54 -
XP_005850908.1       -           1265 6211at3041           -            225   0.00078   18.2   5.7   1   3   4.2e-07   0.00082   18.1   0.1     1    68   319   389   319   410 0.73 -
XP_005850908.1       -           1265 6211at3041           -            225   0.00078   18.2   5.7   2   3      0.44   8.5e+02   -1.6   0.0    61   111   444   489   432   514 0.76 -
XP_005850908.1       -           1265 6211at3041           -            225   0.00078   18.2   5.7   3   3      0.12   2.4e+02    0.2   0.8   167   210   936   979   922   986 0.87 -
#
# Program:         hmmsearch
# Version:         3.1b2 (February 2015)
# Pipeline mode:   SEARCH
# Query file:      /Users/catrionaharrison/Documents/Bioinformatics/rp2/Data/genomes/busco/busco_downloads/lineages/chlorophyta_odb10/hmms/6211at3041.hmm
# Target file:     /Users/catrionaharrison/Documents/Bioinformatics/rp2/Data/genomes/busco/data/chlorella_variabilis.prot.fasta
# Option settings: hmmsearch --domtblout /Users/catrionaharrison/Documents/Bioinformatics/rp2/Data/genomes/busco/Busco_variabilis/run_chlorophyta_odb10/hmmer_output/initial_run_results/6211at3041.out --cpu 1 /Users/catrionaharrison/Documents/Bioinformatics/rp2/Data/genomes/busco/busco_downloads/lineages/chlorophyta_odb10/hmms/6211at3041.hmm /Users/catrionaharrison/Documents/Bioinformatics/rp2/Data/genomes/busco/data/chlorella_variabilis.prot.fasta 
# Current dir:     /Users/catrionaharrison/Documents/Bioinformatics/rp2/Data/genomes/busco
# Date:            Fri Jul 22 15:06:54 2022
# [ok]
