#                                                                            --- full sequence --- -------------- this domain -------------   hmm coord   ali coord   env coord
# target name        accession   tlen query name           accession   qlen   E-value  score  bias   #  of  c-Evalue  i-Evalue  score  bias  from    to  from    to  from    to  acc description of target
#------------------- ---------- ----- -------------------- ---------- ----- --------- ------ ----- --- --- --------- --------- ------ ----- ----- ----- ----- ----- ----- ----- ---- ---------------------
XP_005842951.1       -            216 6381at3041           -            177     4e-68  227.5   2.8   1   1   1.1e-68   2.8e-65  218.3   2.8     7   177     1   212     1   212 0.87 -
XP_005842918.1       -            310 6381at3041           -            177   3.1e-25   87.8   1.3   1   1   4.3e-26   1.1e-22   79.6   1.3     4   177    61   294    58   294 0.72 -
XP_005851196.1       -            267 6381at3041           -            177   5.1e-24   83.9   2.7   1   3   9.6e-12   2.3e-08   32.9   0.0     5    90     2   119     1   122 0.68 -
XP_005851196.1       -            267 6381at3041           -            177   5.1e-24   83.9   2.7   2   3   8.2e-08    0.0002   20.1   0.0    78   112   125   159   123   180 0.81 -
XP_005851196.1       -            267 6381at3041           -            177   5.1e-24   83.9   2.7   3   3     3e-09   7.4e-06   24.7   0.2   118   177   191   254   177   254 0.78 -
XP_005847371.1       -            356 6381at3041           -            177     3e-10   39.0   0.1   1   3   3.2e-11   7.8e-08   31.2   0.0     3    52   108   160   106   173 0.85 -
XP_005847371.1       -            356 6381at3041           -            177     3e-10   39.0   0.1   2   3      0.88   2.1e+03   -2.8   0.0    48    65   174   191   165   192 0.80 -
XP_005847371.1       -            356 6381at3041           -            177     3e-10   39.0   0.1   3   3    0.0031       7.6    5.1   0.0    59    92   207   242   194   271 0.79 -
#
# Program:         hmmsearch
# Version:         3.1b2 (February 2015)
# Pipeline mode:   SEARCH
# Query file:      /Users/catrionaharrison/Documents/Bioinformatics/rp2/Data/genomes/busco/busco_downloads/lineages/chlorophyta_odb10/hmms/6381at3041.hmm
# Target file:     /Users/catrionaharrison/Documents/Bioinformatics/rp2/Data/genomes/busco/data/chlorella_variabilis.prot.fasta
# Option settings: hmmsearch --domtblout /Users/catrionaharrison/Documents/Bioinformatics/rp2/Data/genomes/busco/Busco_variabilis/run_chlorophyta_odb10/hmmer_output/initial_run_results/6381at3041.out --cpu 1 /Users/catrionaharrison/Documents/Bioinformatics/rp2/Data/genomes/busco/busco_downloads/lineages/chlorophyta_odb10/hmms/6381at3041.hmm /Users/catrionaharrison/Documents/Bioinformatics/rp2/Data/genomes/busco/data/chlorella_variabilis.prot.fasta 
# Current dir:     /Users/catrionaharrison/Documents/Bioinformatics/rp2/Data/genomes/busco
# Date:            Fri Jul 22 15:05:51 2022
# [ok]
