#                                                                            --- full sequence --- -------------- this domain -------------   hmm coord   ali coord   env coord
# target name        accession   tlen query name           accession   qlen   E-value  score  bias   #  of  c-Evalue  i-Evalue  score  bias  from    to  from    to  from    to  acc description of target
#------------------- ---------- ----- -------------------- ---------- ----- --------- ------ ----- --- --- --------- --------- ------ ----- ----- ----- ----- ----- ----- ----- ---- ---------------------
XP_005843936.1       -            774 643at3041            -            610  3.8e-250  830.5  29.3   1   2    4e-122  7.9e-119  396.8   1.1     1   308     7   392     7   400 0.82 -
XP_005843936.1       -            774 643at3041            -            610  3.8e-250  830.5  29.3   2   2    9e-134  1.8e-130  435.2  21.1   299   608   405   756   400   758 0.91 -
XP_005852222.1       -            356 643at3041            -            610   4.1e-07   27.8   0.5   1   1   1.5e-07    0.0003   18.3   0.5   113   259    79   260    36   265 0.63 -
XP_005850964.1       -            521 643at3041            -            610   0.00024   18.6   0.0   1   4      0.69   1.4e+03   -3.7   0.0   115   136    27    48    24    59 0.79 -
XP_005850964.1       -            521 643at3041            -            610   0.00024   18.6   0.0   2   4    0.0027       5.2    4.3   0.0   116   135   220   239   216   252 0.86 -
XP_005850964.1       -            521 643at3041            -            610   0.00024   18.6   0.0   3   4    0.0001       0.2    9.0   0.0   131   213   268   352   260   370 0.88 -
XP_005850964.1       -            521 643at3041            -            610   0.00024   18.6   0.0   4   4     0.032        63    0.7   0.0   217   278   399   465   387   475 0.68 -
XP_005847706.1       -            569 643at3041            -            610    0.0019   15.7   0.2   1   3     4e-05     0.079   10.3   0.0     5   104     3   107     1   115 0.82 -
XP_005847706.1       -            569 643at3041            -            610    0.0019   15.7   0.2   2   3     0.065   1.3e+02   -0.3   0.1   104   137   148   181   142   193 0.79 -
XP_005847706.1       -            569 643at3041            -            610    0.0019   15.7   0.2   3   3     0.025        50    1.1   0.0   190   226   379   413   353   418 0.68 -
XP_005849651.1       -            541 643at3041            -            610      0.11    9.8   0.1   1   3       0.3   5.8e+02   -2.4   0.0    89   106   195   212   171   217 0.89 -
XP_005849651.1       -            541 643at3041            -            610      0.11    9.8   0.1   2   3    0.0059        12    3.2   0.0   118   138   258   278   245   299 0.84 -
XP_005849651.1       -            541 643at3041            -            610      0.11    9.8   0.1   3   3    0.0043       8.3    3.6   0.0   164   236   339   422   321   429 0.69 -
#
# Program:         hmmsearch
# Version:         3.1b2 (February 2015)
# Pipeline mode:   SEARCH
# Query file:      /Users/catrionaharrison/Documents/Bioinformatics/rp2/Data/genomes/busco/busco_downloads/lineages/chlorophyta_odb10/hmms/643at3041.hmm
# Target file:     /Users/catrionaharrison/Documents/Bioinformatics/rp2/Data/genomes/busco/data/chlorella_variabilis.prot.fasta
# Option settings: hmmsearch --domtblout /Users/catrionaharrison/Documents/Bioinformatics/rp2/Data/genomes/busco/Busco_variabilis/run_chlorophyta_odb10/hmmer_output/initial_run_results/643at3041.out --cpu 1 /Users/catrionaharrison/Documents/Bioinformatics/rp2/Data/genomes/busco/busco_downloads/lineages/chlorophyta_odb10/hmms/643at3041.hmm /Users/catrionaharrison/Documents/Bioinformatics/rp2/Data/genomes/busco/data/chlorella_variabilis.prot.fasta 
# Current dir:     /Users/catrionaharrison/Documents/Bioinformatics/rp2/Data/genomes/busco
# Date:            Fri Jul 22 15:05:57 2022
# [ok]
