#                                                                            --- full sequence --- -------------- this domain -------------   hmm coord   ali coord   env coord
# target name        accession   tlen query name           accession   qlen   E-value  score  bias   #  of  c-Evalue  i-Evalue  score  bias  from    to  from    to  from    to  acc description of target
#------------------- ---------- ----- -------------------- ---------- ----- --------- ------ ----- --- --- --------- --------- ------ ----- ----- ----- ----- ----- ----- ----- ---- ---------------------
XP_005846752.1       -            272 6602at3041           -            136   1.6e-28   98.4   0.4   1   3   2.5e-18   6.2e-15   54.4   0.1     4    63    75   142    69   151 0.85 -
XP_005846752.1       -            272 6602at3041           -            136   1.6e-28   98.4   0.4   2   3   4.9e-06     0.012   14.6   0.0    56    99   154   191   145   194 0.92 -
XP_005846752.1       -            272 6602at3041           -            136   1.6e-28   98.4   0.4   3   3   1.6e-09   3.9e-06   25.9   0.0    98   136   219   259   214   259 0.91 -
XP_005845269.1       -            263 6602at3041           -            136   2.3e-07   29.9   0.0   1   2   1.9e-08   4.7e-05   22.4   0.0    52   114    44   108    32   119 0.83 -
XP_005845269.1       -            263 6602at3041           -            136   2.3e-07   29.9   0.0   2   2    0.0035       8.5    5.4   0.0     2    47   190   241   174   256 0.62 -
XP_005843601.1       -            998 6602at3041           -            136   6.4e-06   25.2   0.1   1   4      0.96   2.4e+03   -2.5   0.1    79   120    68   110    64   111 0.71 -
XP_005843601.1       -            998 6602at3041           -            136   6.4e-06   25.2   0.1   2   4   7.7e-08   0.00019   20.4   0.0    46   115   459   533   450   554 0.82 -
XP_005843601.1       -            998 6602at3041           -            136   6.4e-06   25.2   0.1   3   4       0.4   9.9e+02   -1.3   0.0    73   107   581   615   567   622 0.74 -
XP_005843601.1       -            998 6602at3041           -            136   6.4e-06   25.2   0.1   4   4      0.29   7.2e+02   -0.9   0.0    71    98   847   874   840   899 0.72 -
XP_005847652.1       -            642 6602at3041           -            136   0.00096   18.2   0.0   1   1   7.5e-07    0.0018   17.3   0.0    53   100    22    72    10    94 0.78 -
#
# Program:         hmmsearch
# Version:         3.1b2 (February 2015)
# Pipeline mode:   SEARCH
# Query file:      /Users/catrionaharrison/Documents/Bioinformatics/rp2/Data/genomes/busco/busco_downloads/lineages/chlorophyta_odb10/hmms/6602at3041.hmm
# Target file:     /Users/catrionaharrison/Documents/Bioinformatics/rp2/Data/genomes/busco/data/chlorella_variabilis.prot.fasta
# Option settings: hmmsearch --domtblout /Users/catrionaharrison/Documents/Bioinformatics/rp2/Data/genomes/busco/Busco_variabilis/run_chlorophyta_odb10/hmmer_output/initial_run_results/6602at3041.out --cpu 1 /Users/catrionaharrison/Documents/Bioinformatics/rp2/Data/genomes/busco/busco_downloads/lineages/chlorophyta_odb10/hmms/6602at3041.hmm /Users/catrionaharrison/Documents/Bioinformatics/rp2/Data/genomes/busco/data/chlorella_variabilis.prot.fasta 
# Current dir:     /Users/catrionaharrison/Documents/Bioinformatics/rp2/Data/genomes/busco
# Date:            Fri Jul 22 15:06:27 2022
# [ok]
