#                                                                            --- full sequence --- -------------- this domain -------------   hmm coord   ali coord   env coord
# target name        accession   tlen query name           accession   qlen   E-value  score  bias   #  of  c-Evalue  i-Evalue  score  bias  from    to  from    to  from    to  acc description of target
#------------------- ---------- ----- -------------------- ---------- ----- --------- ------ ----- --- --- --------- --------- ------ ----- ----- ----- ----- ----- ----- ----- ---- ---------------------
XP_005850870.1       -            319 6682at3041           -            218   1.8e-80  268.6   0.4   1   1     1e-80   8.2e-78  259.9   0.4     1   217    29   297    29   298 0.82 -
XP_005845941.1       -            191 6682at3041           -            218   3.6e-06   25.7   0.0   1   1   1.4e-08   1.2e-05   24.0   0.0   138   202   114   182    86   189 0.80 -
XP_005851922.1       -            173 6682at3041           -            218   4.2e-06   25.5   0.0   1   1   7.4e-09     6e-06   24.9   0.0    10    84    20    98    13   109 0.85 -
XP_005845214.1       -            344 6682at3041           -            218   6.2e-05   21.6   0.0   1   1   1.6e-07   0.00013   20.6   0.0   169   211    42    84     9    89 0.82 -
XP_005843682.1       -            201 6682at3041           -            218   0.00014   20.5   0.0   1   1   2.5e-07   0.00021   19.9   0.0   115   202    73   171    61   182 0.54 -
XP_005844612.1       -            103 6682at3041           -            218   0.00076   18.1   0.0   1   1     1e-06   0.00083   17.9   0.0   169   197    59    87    31   100 0.83 -
XP_005849582.1       -            110 6682at3041           -            218    0.0017   16.9   0.0   1   1   2.4e-06    0.0019   16.7   0.0   115   202    11   106     2   109 0.72 -
XP_005847851.1       -            207 6682at3041           -            218    0.0056   15.2   0.0   1   1   9.8e-06     0.008   14.7   0.0   133   199    86   160    63   170 0.58 -
XP_005844110.1       -            100 6682at3041           -            218    0.0073   14.9   0.0   1   1   8.9e-06    0.0073   14.9   0.0   168   197    60    89     9    98 0.76 -
XP_005847795.1       -            246 6682at3041           -            218      0.01   14.4   0.0   1   1   2.2e-05     0.018   13.6   0.0   139   208    43   118    17   125 0.72 -
XP_005843507.1       -            165 6682at3041           -            218     0.015   13.8   0.0   1   1   2.4e-05     0.019   13.5   0.0   140   198    89   150    73   162 0.79 -
XP_005845968.1       -            366 6682at3041           -            218     0.021   13.4   0.2   1   3      0.71   5.8e+02   -1.2   0.0   158   178   155   175   151   181 0.85 -
XP_005845968.1       -            366 6682at3041           -            218     0.021   13.4   0.2   2   3    0.0015       1.2    7.6   0.1    66   192   289   310   226   315 0.48 -
XP_005845968.1       -            366 6682at3041           -            218     0.021   13.4   0.2   3   3    0.0012      0.96    7.9   0.0   173   202   291   320   283   329 0.83 -
#
# Program:         hmmsearch
# Version:         3.1b2 (February 2015)
# Pipeline mode:   SEARCH
# Query file:      /Users/catrionaharrison/Documents/Bioinformatics/rp2/Data/genomes/busco/busco_downloads/lineages/chlorophyta_odb10/hmms/6682at3041.hmm
# Target file:     /Users/catrionaharrison/Documents/Bioinformatics/rp2/Data/genomes/busco/data/chlorella_variabilis.prot.fasta
# Option settings: hmmsearch --domtblout /Users/catrionaharrison/Documents/Bioinformatics/rp2/Data/genomes/busco/Busco_variabilis/run_chlorophyta_odb10/hmmer_output/initial_run_results/6682at3041.out --cpu 1 /Users/catrionaharrison/Documents/Bioinformatics/rp2/Data/genomes/busco/busco_downloads/lineages/chlorophyta_odb10/hmms/6682at3041.hmm /Users/catrionaharrison/Documents/Bioinformatics/rp2/Data/genomes/busco/data/chlorella_variabilis.prot.fasta 
# Current dir:     /Users/catrionaharrison/Documents/Bioinformatics/rp2/Data/genomes/busco
# Date:            Fri Jul 22 15:06:34 2022
# [ok]
