#                                                                            --- full sequence --- -------------- this domain -------------   hmm coord   ali coord   env coord
# target name        accession   tlen query name           accession   qlen   E-value  score  bias   #  of  c-Evalue  i-Evalue  score  bias  from    to  from    to  from    to  acc description of target
#------------------- ---------- ----- -------------------- ---------- ----- --------- ------ ----- --- --- --------- --------- ------ ----- ----- ----- ----- ----- ----- ----- ---- ---------------------
XP_005845400.1       -            543 6885at3041           -            234   2.9e-30  104.8   0.1   1   4   1.4e-09   2.7e-06   26.4   0.0    12    82    54   137    43   147 0.80 -
XP_005845400.1       -            543 6885at3041           -            234   2.9e-30  104.8   0.1   2   4   3.5e-05     0.069   12.0   0.0    84   141   208   272   201   275 0.77 -
XP_005845400.1       -            543 6885at3041           -            234   2.9e-30  104.8   0.1   3   4   9.3e-09   1.8e-05   23.7   0.1   142   168   365   391   352   417 0.89 -
XP_005845400.1       -            543 6885at3041           -            234   2.9e-30  104.8   0.1   4   4   5.9e-13   1.2e-09   37.4   0.1   186   232   490   536   482   538 0.90 -
XP_005843870.1       -            736 6885at3041           -            234   2.2e-05   23.4   0.0   1   3       1.9   3.6e+03   -3.5   0.0    31    49   532   550   513   571 0.60 -
XP_005843870.1       -            736 6885at3041           -            234   2.2e-05   23.4   0.0   2   3    0.0015       2.9    6.7   0.0     8    28   585   605   578   608 0.86 -
XP_005843870.1       -            736 6885at3041           -            234   2.2e-05   23.4   0.0   3   3   1.2e-05     0.023   13.5   0.0    27   136   623   736   618   736 0.74 -
XP_005850664.1       -            837 6885at3041           -            234   0.00055   18.8   0.0   1   1   5.1e-07     0.001   18.0   0.0   107   165   611   672   596   723 0.79 -
XP_005850782.1       -            342 6885at3041           -            234     0.019   13.8   0.0   1   2      0.17   3.4e+02   -0.1   0.0   180   199    62    81    43    87 0.74 -
XP_005850782.1       -            342 6885at3041           -            234     0.019   13.8   0.0   2   2   4.5e-05     0.087   11.6   0.0    75   158    89   175    71   181 0.84 -
XP_005845516.1       -            427 6885at3041           -            234     0.081   11.7   0.1   1   2      0.78   1.5e+03   -2.2   0.0    54    90   107   143    88   169 0.74 -
XP_005845516.1       -            427 6885at3041           -            234     0.081   11.7   0.1   2   2    0.0001       0.2   10.4   0.0   114   145   197   228   172   246 0.77 -
#
# Program:         hmmsearch
# Version:         3.1b2 (February 2015)
# Pipeline mode:   SEARCH
# Query file:      /Users/catrionaharrison/Documents/Bioinformatics/rp2/Data/genomes/busco/busco_downloads/lineages/chlorophyta_odb10/hmms/6885at3041.hmm
# Target file:     /Users/catrionaharrison/Documents/Bioinformatics/rp2/Data/genomes/busco/data/chlorella_variabilis.prot.fasta
# Option settings: hmmsearch --domtblout /Users/catrionaharrison/Documents/Bioinformatics/rp2/Data/genomes/busco/Busco_variabilis/run_chlorophyta_odb10/hmmer_output/initial_run_results/6885at3041.out --cpu 1 /Users/catrionaharrison/Documents/Bioinformatics/rp2/Data/genomes/busco/busco_downloads/lineages/chlorophyta_odb10/hmms/6885at3041.hmm /Users/catrionaharrison/Documents/Bioinformatics/rp2/Data/genomes/busco/data/chlorella_variabilis.prot.fasta 
# Current dir:     /Users/catrionaharrison/Documents/Bioinformatics/rp2/Data/genomes/busco
# Date:            Fri Jul 22 15:06:56 2022
# [ok]
