#                                                                            --- full sequence --- -------------- this domain -------------   hmm coord   ali coord   env coord
# target name        accession   tlen query name           accession   qlen   E-value  score  bias   #  of  c-Evalue  i-Evalue  score  bias  from    to  from    to  from    to  acc description of target
#------------------- ---------- ----- -------------------- ---------- ----- --------- ------ ----- --- --- --------- --------- ------ ----- ----- ----- ----- ----- ----- ----- ---- ---------------------
XP_005844013.1       -           1030 727at3041            -            767  9.2e-216  717.3  50.4   1   5     1e-17   7.7e-15   52.9   9.9     1    67    74   145    74   158 0.90 -
XP_005844013.1       -           1030 727at3041            -            767  9.2e-216  717.3  50.4   2   5   4.4e-45   3.3e-42  143.4   4.8    12   178   257   432   243   437 0.71 -
XP_005844013.1       -           1030 727at3041            -            767  9.2e-216  717.3  50.4   3   5  1.9e-102   1.4e-99  333.1   4.0   346   537   446   650   432   656 0.92 -
XP_005844013.1       -           1030 727at3041            -            767  9.2e-216  717.3  50.4   4   5     2e-05     0.015   12.3   0.0   532   553   676   697   670   704 0.87 -
XP_005844013.1       -           1030 727at3041            -            767  9.2e-216  717.3  50.4   5   5   1.2e-60   8.8e-58  194.9   5.4   554   762   748   989   740   992 0.83 -
XP_005852221.1       -            717 727at3041            -            767  4.5e-144  480.3   0.1   1   2  4.9e-141  3.7e-138  460.7   0.0    72   604    48   593    41   602 0.86 -
XP_005852221.1       -            717 727at3041            -            767  4.5e-144  480.3   0.1   2   2     6e-07   0.00045   17.3   0.0   612   661   638   685   609   708 0.79 -
XP_005846636.1       -            693 727at3041            -            767  6.8e-121  403.6   8.0   1   2  5.6e-118  4.2e-115  384.4   5.0    75   602    37   584    35   595 0.86 -
XP_005846636.1       -            693 727at3041            -            767  6.8e-121  403.6   8.0   2   2   1.2e-07   8.9e-05   19.6   0.0   609   657   624   673   594   685 0.81 -
XP_005845775.1       -            753 727at3041            -            767  4.4e-110  367.8   6.2   1   3    1e-104  7.8e-102  340.6   0.6    71   489    36   463    25   465 0.82 -
XP_005845775.1       -            753 727at3041            -            767  4.4e-110  367.8   6.2   2   3   2.7e-09     2e-06   25.1   0.2   492   611   487   627   481   638 0.69 -
XP_005845775.1       -            753 727at3041            -            767  4.4e-110  367.8   6.2   3   3     0.016        12    2.7   0.0   608   658   685   736   643   748 0.84 -
XP_005846179.1       -            690 727at3041            -            767   1.6e-93  313.1   1.3   1   2   1.1e-93   8.3e-91  304.1   1.4    83   473     5   361     3   382 0.91 -
XP_005846179.1       -            690 727at3041            -            767   1.6e-93  313.1   1.3   2   2      0.98   7.3e+02   -3.2   0.0   576   600   449   474   445   475 0.80 -
XP_005851088.1       -           1007 727at3041            -            767   1.1e-78  264.0   4.5   1   4   1.4e-41     1e-38  131.9   0.6    73   196   513   636   492   647 0.91 -
XP_005851088.1       -           1007 727at3041            -            767   1.1e-78  264.0   4.5   2   4   2.5e-12   1.9e-09   35.1   0.0   347   407   655   723   638   729 0.82 -
XP_005851088.1       -           1007 727at3041            -            767   1.1e-78  264.0   4.5   3   4   9.6e-21   7.3e-18   62.9   0.0   460   602   725   889   721   898 0.78 -
XP_005851088.1       -           1007 727at3041            -            767   1.1e-78  264.0   4.5   4   4   9.5e-12   7.1e-09   33.2   0.1   611   658   931   977   915   988 0.88 -
XP_005844949.1       -           1641 727at3041            -            767   2.1e-67  226.8   2.0   1   2   2.5e-33   1.9e-30  104.6   0.0   114   277   836  1000   801  1025 0.88 -
XP_005844949.1       -           1641 727at3041            -            767   2.1e-67  226.8   2.0   2   2   2.6e-41   1.9e-38  130.9   1.0   344   531  1130  1333  1098  1392 0.77 -
XP_005851473.1       -           1496 727at3041            -            767   4.6e-65  219.0  13.4   1   4     8e-10     6e-07   26.8   0.3    47   116   670   737   635   739 0.70 -
XP_005851473.1       -           1496 727at3041            -            767   4.6e-65  219.0  13.4   2   4   1.8e-20   1.4e-17   62.0   0.1   161   277   741   852   738   867 0.88 -
XP_005851473.1       -           1496 727at3041            -            767   4.6e-65  219.0  13.4   3   4   8.1e-43   6.1e-40  135.9   1.7   350   564   985  1223   945  1235 0.85 -
XP_005851473.1       -           1496 727at3041            -            767   4.6e-65  219.0  13.4   4   4      0.85   6.4e+02   -3.0   0.0   612   649  1366  1407  1362  1413 0.71 -
XP_005843458.1       -           1243 727at3041            -            767   1.4e-53  181.0  17.7   1   4      0.82   6.2e+02   -3.0   3.4   313   349   204   240   200   248 0.91 -
XP_005843458.1       -           1243 727at3041            -            767   1.4e-53  181.0  17.7   2   4   2.8e-38   2.1e-35  120.9   0.5    53   173   429   549   415   558 0.89 -
XP_005843458.1       -           1243 727at3041            -            767   1.4e-53  181.0  17.7   3   4     3e-16   2.3e-13   48.1   0.0   370   425   562   619   549   625 0.85 -
XP_005843458.1       -           1243 727at3041            -            767   1.4e-53  181.0  17.7   4   4   8.7e-09   6.6e-06   23.4   0.0   492   543   623   682   618   702 0.72 -
XP_005844111.1       -            732 727at3041            -            767   1.3e-39  134.8   0.0   1   2     1e-41   7.8e-39  132.3   0.0    70   273   222   431   191   456 0.80 -
XP_005844111.1       -            732 727at3041            -            767   1.3e-39  134.8   0.0   2   2      0.16   1.2e+02   -0.6   0.0   303   326   649   672   634   715 0.79 -
XP_005844571.1       -            138 727at3041            -            767   3.9e-38  130.0   0.3   1   1   6.1e-41   4.6e-38  129.7   0.3    70   190     7   127     2   137 0.91 -
XP_005842698.1       -            277 727at3041            -            767   2.3e-20   71.2   7.1   1   4   4.5e-22   3.4e-19   67.3   0.1   375   440     1    68     1    72 0.93 -
XP_005842698.1       -            277 727at3041            -            767   2.3e-20   71.2   7.1   2   4   0.00069      0.52    7.2   0.0   558   605   118   170    78   179 0.65 -
XP_005842698.1       -            277 727at3041            -            767   2.3e-20   71.2   7.1   3   4      0.35   2.6e+02   -1.8   0.0   646   657   185   196   181   209 0.86 -
XP_005842698.1       -            277 727at3041            -            767   2.3e-20   71.2   7.1   4   4      0.94   7.1e+02   -3.2   1.5    13    54   211   253   199   264 0.44 -
XP_005842726.1       -            379 727at3041            -            767    0.0029   14.6   0.8   1   2   0.00026      0.19    8.6   0.1   653   704    48   100    43   146 0.83 -
XP_005842726.1       -            379 727at3041            -            767    0.0029   14.6   0.8   2   2    0.0041         3    4.6   0.1   653   688   285   321   280   327 0.85 -
#
# Program:         hmmsearch
# Version:         3.1b2 (February 2015)
# Pipeline mode:   SEARCH
# Query file:      /Users/catrionaharrison/Documents/Bioinformatics/rp2/Data/genomes/busco/busco_downloads/lineages/chlorophyta_odb10/hmms/727at3041.hmm
# Target file:     /Users/catrionaharrison/Documents/Bioinformatics/rp2/Data/genomes/busco/data/chlorella_variabilis.prot.fasta
# Option settings: hmmsearch --domtblout /Users/catrionaharrison/Documents/Bioinformatics/rp2/Data/genomes/busco/Busco_variabilis/run_chlorophyta_odb10/hmmer_output/initial_run_results/727at3041.out --cpu 1 /Users/catrionaharrison/Documents/Bioinformatics/rp2/Data/genomes/busco/busco_downloads/lineages/chlorophyta_odb10/hmms/727at3041.hmm /Users/catrionaharrison/Documents/Bioinformatics/rp2/Data/genomes/busco/data/chlorella_variabilis.prot.fasta 
# Current dir:     /Users/catrionaharrison/Documents/Bioinformatics/rp2/Data/genomes/busco
# Date:            Fri Jul 22 15:07:21 2022
# [ok]
