#                                                                            --- full sequence --- -------------- this domain -------------   hmm coord   ali coord   env coord
# target name        accession   tlen query name           accession   qlen   E-value  score  bias   #  of  c-Evalue  i-Evalue  score  bias  from    to  from    to  from    to  acc description of target
#------------------- ---------- ----- -------------------- ---------- ----- --------- ------ ----- --- --- --------- --------- ------ ----- ----- ----- ----- ----- ----- ----- ---- ---------------------
XP_005850764.1       -            155 8001at3041           -            137   8.3e-56  186.6   0.1   1   1   1.1e-58   9.4e-56  186.4   0.1     2   137     6   150     5   150 0.93 -
XP_005851588.1       -            334 8001at3041           -            137     2e-15   55.8   0.0   1   2     0.008       6.5    5.6   0.0     5    30    22    47    18    56 0.85 -
XP_005851588.1       -            334 8001at3041           -            137     2e-15   55.8   0.0   2   2   6.3e-16   5.1e-13   48.0   0.0    55   123   137   207   128   214 0.88 -
XP_005850279.1       -            146 8001at3041           -            137   1.3e-10   40.3   0.0   1   1     2e-13   1.6e-10   39.9   0.0    57   135    60   137    52   139 0.93 -
XP_005848614.1       -            200 8001at3041           -            137   9.9e-10   37.4   0.1   1   1   1.7e-12   1.4e-09   36.9   0.1    56   124   112   183    93   194 0.85 -
XP_005846533.1       -            135 8001at3041           -            137   4.4e-08   32.0   0.1   1   1   6.4e-11   5.2e-08   31.8   0.1    53   135    51   133    34   135 0.83 -
XP_005851902.1       -            193 8001at3041           -            137   2.5e-06   26.3   0.0   1   1   5.2e-09   4.2e-06   25.6   0.0    57   114   110   169    82   184 0.87 -
XP_005847475.1       -            280 8001at3041           -            137   2.3e-05   23.2   0.0   1   1   4.6e-08   3.8e-05   22.5   0.0    56   112   138   196   134   202 0.84 -
XP_005849500.1       -            182 8001at3041           -            137   0.00012   20.9   0.0   1   2       1.3   1.1e+03   -1.6   0.0    65    87    23    47    22    52 0.64 -
XP_005849500.1       -            182 8001at3041           -            137   0.00012   20.9   0.0   2   2   4.5e-07   0.00037   19.3   0.0    56   116    97   159    90   175 0.84 -
XP_005846769.1       -            180 8001at3041           -            137   0.00041   19.2   0.5   1   1   6.5e-07   0.00053   18.8   0.5    16   134    29   152     8   155 0.63 -
XP_005847348.1       -            238 8001at3041           -            137   0.00048   19.0   0.0   1   1   9.3e-07   0.00076   18.3   0.0    57   113   146   205   141   212 0.85 -
XP_005844604.1       -            239 8001at3041           -            137    0.0029   16.4   0.1   1   1   5.2e-06    0.0042   15.9   0.1    49   113   118   187    81   194 0.74 -
XP_005844019.1       -            246 8001at3041           -            137    0.0073   15.1   0.0   1   1   1.6e-05     0.013   14.3   0.0    48    88   123   163   109   188 0.84 -
#
# Program:         hmmsearch
# Version:         3.1b2 (February 2015)
# Pipeline mode:   SEARCH
# Query file:      /Users/catrionaharrison/Documents/Bioinformatics/rp2/Data/genomes/busco/busco_downloads/lineages/chlorophyta_odb10/hmms/8001at3041.hmm
# Target file:     /Users/catrionaharrison/Documents/Bioinformatics/rp2/Data/genomes/busco/data/chlorella_variabilis.prot.fasta
# Option settings: hmmsearch --domtblout /Users/catrionaharrison/Documents/Bioinformatics/rp2/Data/genomes/busco/Busco_variabilis/run_chlorophyta_odb10/hmmer_output/initial_run_results/8001at3041.out --cpu 1 /Users/catrionaharrison/Documents/Bioinformatics/rp2/Data/genomes/busco/busco_downloads/lineages/chlorophyta_odb10/hmms/8001at3041.hmm /Users/catrionaharrison/Documents/Bioinformatics/rp2/Data/genomes/busco/data/chlorella_variabilis.prot.fasta 
# Current dir:     /Users/catrionaharrison/Documents/Bioinformatics/rp2/Data/genomes/busco
# Date:            Fri Jul 22 15:07:21 2022
# [ok]
