#                                                                            --- full sequence --- -------------- this domain -------------   hmm coord   ali coord   env coord
# target name        accession   tlen query name           accession   qlen   E-value  score  bias   #  of  c-Evalue  i-Evalue  score  bias  from    to  from    to  from    to  acc description of target
#------------------- ---------- ----- -------------------- ---------- ----- --------- ------ ----- --- --- --------- --------- ------ ----- ----- ----- ----- ----- ----- ----- ---- ---------------------
XP_005844266.1       -            235 8052at3041           -            144   6.7e-56  187.3  12.2   1   2   7.7e-20   1.1e-16   60.2   3.8     1    76    22   122    22   126 0.77 -
XP_005844266.1       -            235 8052at3041           -            144   6.7e-56  187.3  12.2   2   2   4.9e-40   6.9e-37  125.7   1.3    74   144   135   205   132   205 0.98 -
XP_005852276.1       -            489 8052at3041           -            144   6.8e-15   54.4   0.0   1   1   8.4e-18   1.2e-14   53.6   0.0    28   134   125   250   121   256 0.83 -
XP_005852204.1       -            305 8052at3041           -            144   5.4e-10   38.5   0.6   1   2   1.6e-12   2.2e-09   36.5   0.1    29   134    91   214    69   218 0.71 -
XP_005852204.1       -            305 8052at3041           -            144   5.4e-10   38.5   0.6   2   2       3.8   5.4e+03   -3.7   0.0    16    28   255   267   254   288 0.74 -
XP_005847265.1       -            377 8052at3041           -            144   4.9e-08   32.1   0.1   1   1   8.2e-11   1.1e-07   30.9   0.1    52   132   164   251   142   264 0.81 -
XP_005851802.1       -            191 8052at3041           -            144   3.3e-05   22.9   0.0   1   1   1.2e-07   0.00017   20.6   0.0    19   133    43   172    12   177 0.78 -
XP_005844351.1       -            262 8052at3041           -            144   0.00012   21.2   0.9   1   2      0.22   3.1e+02    0.4   0.1     2    28    42    71    23    88 0.75 -
XP_005844351.1       -            262 8052at3041           -            144   0.00012   21.2   0.9   2   2   3.4e-07   0.00048   19.2   0.1    74   135   158   222   131   230 0.78 -
XP_005847216.1       -            793 8052at3041           -            144   0.00013   21.1   0.0   1   1   1.7e-07   0.00024   20.2   0.0    76   136   645   708   619   715 0.84 -
#
# Program:         hmmsearch
# Version:         3.1b2 (February 2015)
# Pipeline mode:   SEARCH
# Query file:      /Users/catrionaharrison/Documents/Bioinformatics/rp2/Data/genomes/busco/busco_downloads/lineages/chlorophyta_odb10/hmms/8052at3041.hmm
# Target file:     /Users/catrionaharrison/Documents/Bioinformatics/rp2/Data/genomes/busco/data/chlorella_variabilis.prot.fasta
# Option settings: hmmsearch --domtblout /Users/catrionaharrison/Documents/Bioinformatics/rp2/Data/genomes/busco/Busco_variabilis/run_chlorophyta_odb10/hmmer_output/initial_run_results/8052at3041.out --cpu 1 /Users/catrionaharrison/Documents/Bioinformatics/rp2/Data/genomes/busco/busco_downloads/lineages/chlorophyta_odb10/hmms/8052at3041.hmm /Users/catrionaharrison/Documents/Bioinformatics/rp2/Data/genomes/busco/data/chlorella_variabilis.prot.fasta 
# Current dir:     /Users/catrionaharrison/Documents/Bioinformatics/rp2/Data/genomes/busco
# Date:            Fri Jul 22 15:07:24 2022
# [ok]
