#                                                                            --- full sequence --- -------------- this domain -------------   hmm coord   ali coord   env coord
# target name        accession   tlen query name           accession   qlen   E-value  score  bias   #  of  c-Evalue  i-Evalue  score  bias  from    to  from    to  from    to  acc description of target
#------------------- ---------- ----- -------------------- ---------- ----- --------- ------ ----- --- --- --------- --------- ------ ----- ----- ----- ----- ----- ----- ----- ---- ---------------------
XP_005850197.1       -            319 8100at3041           -            213   6.8e-88  293.1   6.9   1   1   1.2e-88   2.6e-86  288.0   6.9     1   204    17   262    17   282 0.84 -
XP_005843125.1       -            176 8100at3041           -            213   7.9e-07   28.2   4.9   1   2       7.5   1.6e+03   -2.2   0.1   105   105    89    89    48   114 0.59 -
XP_005843125.1       -            176 8100at3041           -            213   7.9e-07   28.2   4.9   2   2   3.8e-09   7.9e-07   28.2   4.9     2    44   129   171   128   174 0.92 -
XP_005843708.1       -            200 8100at3041           -            213   7.3e-06   25.0   3.4   1   1   6.4e-08   1.3e-05   24.2   3.4     2    45   153   196   152   199 0.92 -
XP_005846154.1       -            357 8100at3041           -            213   7.5e-06   25.0   5.9   1   1   5.2e-08   1.1e-05   24.5   5.9     2    39   309   346   308   353 0.92 -
XP_005843135.1       -            386 8100at3041           -            213   1.4e-05   24.1   4.0   1   1   1.2e-07   2.4e-05   23.3   4.0     2    43   339   380   338   384 0.92 -
XP_005845725.1       -            523 8100at3041           -            213     2e-05   23.6   2.9   1   1   1.4e-07     3e-05   23.0   2.9     7    38   488   519   478   522 0.86 -
XP_005845910.1       -            447 8100at3041           -            213   2.1e-05   23.6   2.9   1   1   1.8e-07   3.7e-05   22.7   2.9     1    39   391   429   391   441 0.93 -
XP_005850771.1       -            492 8100at3041           -            213   2.1e-05   23.5   2.2   1   1   1.5e-07     3e-05   23.0   1.1     6    42   440   476   434   484 0.86 -
XP_005849934.1       -            993 8100at3041           -            213   2.5e-05   23.3   1.5   1   1   2.2e-07   4.5e-05   22.5   1.5     1    37   628   665   628   676 0.91 -
XP_005843064.1       -            457 8100at3041           -            213     6e-05   22.0   1.4   1   2     0.065        14    4.5   0.0   127   171   265   309   217   316 0.89 Chlorella variabilis unplaced genomic scaffold CHLNCscaffold_36, whole genome shotgun sequence.
XP_005843064.1       -            457 8100at3041           -            213     6e-05   22.0   1.4   2   2   1.7e-05    0.0036   16.2   0.4    17    39   433   455   425   456 0.88 Chlorella variabilis unplaced genomic scaffold CHLNCscaffold_36, whole genome shotgun sequence.
XP_005851859.1       -            511 8100at3041           -            213   0.00019   20.4   4.2   1   1   1.7e-06   0.00036   19.5   4.2     4    38   470   504   467   508 0.91 -
XP_005846133.1       -            200 8100at3041           -            213   0.00043   19.2   0.6   1   1   3.1e-06   0.00064   18.7   0.6    12    38   163   189   154   197 0.86 -
XP_005844541.1       -            537 8100at3041           -            213   0.00056   18.9   1.8   1   1   4.1e-06   0.00086   18.3   1.8    10    37   500   527   491   534 0.91 -
XP_005844626.1       -            636 8100at3041           -            213   0.00062   18.7   1.6   1   1   4.9e-06     0.001   18.0   1.6    10    37   599   626   590   631 0.92 -
XP_005845610.1       -            110 8100at3041           -            213   0.00065   18.7   0.5   1   1   3.9e-06   0.00082   18.3   0.5     8    40    75   107    67   109 0.89 -
XP_005846009.1       -            184 8100at3041           -            213    0.0012   17.8   1.3   1   2       2.2   4.6e+02   -0.4   0.0    37    76    18    40     5    62 0.58 -
XP_005846009.1       -            184 8100at3041           -            213    0.0012   17.8   1.3   2   2   3.2e-05    0.0067   15.3   1.6     7    42   146   182   140   183 0.84 -
XP_005843090.1       -            273 8100at3041           -            213    0.0015   17.5   4.1   1   1   1.1e-05    0.0022   16.9   4.1     2    38   224   261   223   265 0.89 -
XP_005845788.1       -            273 8100at3041           -            213    0.0015   17.5   4.1   1   1   1.1e-05    0.0022   16.9   4.1     2    38   224   261   223   265 0.89 -
XP_005846137.1       -            329 8100at3041           -            213    0.0015   17.4   2.0   1   1   1.2e-05    0.0025   16.7   2.0     7    36   294   323   290   325 0.92 -
XP_005845536.1       -            555 8100at3041           -            213    0.0021   17.0   5.6   1   1   1.6e-05    0.0033   16.4   5.6     1    37   355   391   355   399 0.93 -
XP_005844548.1       -            967 8100at3041           -            213    0.0022   16.9   1.6   1   2       9.7     2e+03   -2.6   0.1    53    98   846   893   844   904 0.71 -
XP_005844548.1       -            967 8100at3041           -            213    0.0022   16.9   1.6   2   2   1.1e-05    0.0022   16.9   1.6    10    37   930   957   922   959 0.93 -
XP_005847737.1       -            259 8100at3041           -            213    0.0042   16.0   4.1   1   1   3.5e-05    0.0072   15.2   4.1     2    38   204   243   203   248 0.84 -
XP_005843469.1       -            349 8100at3041           -            213    0.0046   15.9   1.0   1   1     3e-05    0.0063   15.4   1.0    12    44   309   341   299   348 0.83 -
XP_005847562.1       -            282 8100at3041           -            213    0.0051   15.7   3.5   1   1   2.4e-05    0.0051   15.7   3.5     2    38   227   266   226   270 0.84 -
XP_005845588.1       -            296 8100at3041           -            213    0.0053   15.7   0.6   1   1   4.2e-05    0.0088   15.0   0.6     8    41   246   281   239   291 0.81 -
XP_005843642.1       -            260 8100at3041           -            213    0.0083   15.0   1.1   1   2         4   8.3e+02   -1.3   0.1    96   148    94   143    67   153 0.57 -
XP_005843642.1       -            260 8100at3041           -            213    0.0083   15.0   1.1   2   2     4e-05    0.0083   15.0   1.1     2    41   213   252   212   258 0.91 -
XP_005850297.1       -            378 8100at3041           -            213    0.0097   14.8   4.3   1   1     9e-05     0.019   13.9   4.3     2    37   326   364   325   367 0.85 -
XP_005845587.1       -            504 8100at3041           -            213     0.011   14.6   0.6   1   1   9.7e-05      0.02   13.8   0.6     8    41   454   489   447   499 0.81 -
XP_005844773.1       -            461 8100at3041           -            213     0.013   14.4   1.5   1   1    0.0001     0.021   13.7   1.5     8    49   408   451   401   457 0.79 -
XP_005843443.1       -            960 8100at3041           -            213     0.014   14.3   0.5   1   1   0.00012     0.025   13.5   0.5     9    49   911   953   903   958 0.83 -
XP_005848711.1       -            934 8100at3041           -            213     0.017   14.0   1.2   1   1   0.00016     0.033   13.1   1.2     8    38   886   918   879   928 0.82 -
XP_005843490.1       -            839 8100at3041           -            213     0.017   14.0   0.7   1   1   0.00013     0.027   13.4   0.7     8    38   759   790   752   810 0.81 -
XP_005848739.1       -            143 8100at3041           -            213     0.018   14.0   4.3   1   1   0.00013     0.027   13.4   4.3     2    38    95   134    94   139 0.87 -
XP_005849119.1       -            304 8100at3041           -            213     0.031   13.2   7.1   1   1   0.00028     0.058   12.3   7.1     2    37   261   298   260   301 0.86 -
XP_005849957.1       -             95 8100at3041           -            213     0.033   13.1   0.8   1   1   0.00022     0.045   12.6   0.8     2    38    39    78    38    88 0.85 -
XP_005844722.1       -            711 8100at3041           -            213     0.035   13.0   2.6   1   1   0.00031     0.064   12.1   2.6     9    53   658   704   651   706 0.82 -
XP_005848268.1       -            328 8100at3041           -            213     0.051   12.5   0.0   1   1   0.00046     0.095   11.6   0.0   105   183   151   243   126   254 0.73 -
XP_005846204.1       -           1514 8100at3041           -            213     0.055   12.4   0.2   1   1    0.0005       0.1   11.4   0.2   121   183   948  1023   912  1033 0.71 -
XP_005843474.1       -            939 8100at3041           -            213      0.06   12.2   0.8   1   1   0.00053      0.11   11.4   0.8     9    42   888   923   880   932 0.81 -
XP_005848393.1       -            506 8100at3041           -            213     0.062   12.2   0.9   1   1   0.00055      0.12   11.3   0.9     2    43   446   489   445   504 0.77 -
XP_005847569.1       -            238 8100at3041           -            213      0.13   11.1   4.4   1   1     0.001      0.21   10.4   4.4     2    38   182   221   181   224 0.84 -
XP_005845685.1       -           1826 8100at3041           -            213      0.15   10.9   2.2   1   1    0.0013      0.28   10.0   2.2     3    38   985  1022   983  1036 0.84 -
XP_005846986.1       -            566 8100at3041           -            213      0.29   10.0   1.9   1   1    0.0027      0.56    9.1   1.9     7    38   471   503   462   517 0.76 -
XP_005848989.1       -            452 8100at3041           -            213      0.31    9.9   4.1   1   1    0.0023      0.47    9.3   4.1     7    39   413   444   403   450 0.77 -
XP_005843697.1       -           1474 8100at3041           -            213       0.6    9.0   8.8   1   2      0.72   1.5e+02    1.1   0.8     3    57   127   180   125   235 0.69 -
XP_005843697.1       -           1474 8100at3041           -            213       0.6    9.0   8.8   2   2   0.00054      0.11   11.3   1.8    12    38  1437  1463  1429  1470 0.88 -
XP_005851912.1       -            704 8100at3041           -            213       1.2    8.0   4.5   1   2       2.2   4.6e+02   -0.5   0.2    80   129   543   591   534   593 0.74 -
XP_005851912.1       -            704 8100at3041           -            213       1.2    8.0   4.5   2   2    0.0029      0.61    8.9   0.8     8    36   664   693   657   697 0.84 -
XP_005845153.1       -           1215 8100at3041           -            213       1.5    7.7   4.1   1   1     0.012       2.5    6.9   4.1     7    38  1179  1211  1174  1213 0.89 -
#
# Program:         hmmsearch
# Version:         3.1b2 (February 2015)
# Pipeline mode:   SEARCH
# Query file:      /Users/catrionaharrison/Documents/Bioinformatics/rp2/Data/genomes/busco/busco_downloads/lineages/chlorophyta_odb10/hmms/8100at3041.hmm
# Target file:     /Users/catrionaharrison/Documents/Bioinformatics/rp2/Data/genomes/busco/data/chlorella_variabilis.prot.fasta
# Option settings: hmmsearch --domtblout /Users/catrionaharrison/Documents/Bioinformatics/rp2/Data/genomes/busco/Busco_variabilis/run_chlorophyta_odb10/hmmer_output/initial_run_results/8100at3041.out --cpu 1 /Users/catrionaharrison/Documents/Bioinformatics/rp2/Data/genomes/busco/busco_downloads/lineages/chlorophyta_odb10/hmms/8100at3041.hmm /Users/catrionaharrison/Documents/Bioinformatics/rp2/Data/genomes/busco/data/chlorella_variabilis.prot.fasta 
# Current dir:     /Users/catrionaharrison/Documents/Bioinformatics/rp2/Data/genomes/busco
# Date:            Fri Jul 22 15:07:26 2022
# [ok]
