#                                                                            --- full sequence --- -------------- this domain -------------   hmm coord   ali coord   env coord
# target name        accession   tlen query name           accession   qlen   E-value  score  bias   #  of  c-Evalue  i-Evalue  score  bias  from    to  from    to  from    to  acc description of target
#------------------- ---------- ----- -------------------- ---------- ----- --------- ------ ----- --- --- --------- --------- ------ ----- ----- ----- ----- ----- ----- ----- ---- ---------------------
XP_005846793.1       -            402 8157at3041           -            269   4.9e-22   77.8   0.3   1   2    0.0087        21    3.5   0.1     5    92    16   105    12   121 0.73 -
XP_005846793.1       -            402 8157at3041           -            269   4.9e-22   77.8   0.3   2   2   9.2e-24   2.3e-20   72.3   0.0    80   254   177   367   166   375 0.85 -
XP_005850732.1       -            334 8157at3041           -            269   1.4e-16   59.9   9.9   1   2   1.1e-19   2.6e-16   59.0   7.7    82   202   138   267    34   274 0.89 -
XP_005850732.1       -            334 8157at3041           -            269   1.4e-16   59.9   9.9   2   2      0.19   4.6e+02   -0.8   0.0   240   265   300   325   291   329 0.85 -
XP_005850664.1       -            837 8157at3041           -            269   5.8e-09   34.9   0.6   1   2       0.9   2.2e+03   -3.1   0.2    78   115   126   163    90   168 0.54 -
XP_005850664.1       -            837 8157at3041           -            269   5.8e-09   34.9   0.6   2   2   4.6e-12   1.1e-08   34.0   0.0   127   262   215   358   190   362 0.85 -
XP_005844538.1       -            369 8157at3041           -            269   6.9e-06   24.8   0.0   1   1     4e-09   9.8e-06   24.3   0.0     9    81   287   357   280   362 0.88 -
#
# Program:         hmmsearch
# Version:         3.1b2 (February 2015)
# Pipeline mode:   SEARCH
# Query file:      /Users/catrionaharrison/Documents/Bioinformatics/rp2/Data/genomes/busco/busco_downloads/lineages/chlorophyta_odb10/hmms/8157at3041.hmm
# Target file:     /Users/catrionaharrison/Documents/Bioinformatics/rp2/Data/genomes/busco/data/chlorella_variabilis.prot.fasta
# Option settings: hmmsearch --domtblout /Users/catrionaharrison/Documents/Bioinformatics/rp2/Data/genomes/busco/Busco_variabilis/run_chlorophyta_odb10/hmmer_output/initial_run_results/8157at3041.out --cpu 1 /Users/catrionaharrison/Documents/Bioinformatics/rp2/Data/genomes/busco/busco_downloads/lineages/chlorophyta_odb10/hmms/8157at3041.hmm /Users/catrionaharrison/Documents/Bioinformatics/rp2/Data/genomes/busco/data/chlorella_variabilis.prot.fasta 
# Current dir:     /Users/catrionaharrison/Documents/Bioinformatics/rp2/Data/genomes/busco
# Date:            Fri Jul 22 15:07:36 2022
# [ok]
