#                                                                            --- full sequence --- -------------- this domain -------------   hmm coord   ali coord   env coord
# target name        accession   tlen query name           accession   qlen   E-value  score  bias   #  of  c-Evalue  i-Evalue  score  bias  from    to  from    to  from    to  acc description of target
#------------------- ---------- ----- -------------------- ---------- ----- --------- ------ ----- --- --- --------- --------- ------ ----- ----- ----- ----- ----- ----- ----- ---- ---------------------
XP_005849729.1       -            219 8296at3041           -            144   6.7e-73  242.2   0.0   1   1   2.4e-75   1.1e-72  241.5   0.0     3   139    14   154    12   157 0.94 -
XP_005846325.1       -            154 8296at3041           -            144   1.5e-30  104.8   0.0   1   1   3.7e-33   1.6e-30  104.7   0.0     6   138    18   151    10   153 0.94 -
XP_005850258.1       -            165 8296at3041           -            144   9.5e-30  102.3   0.0   1   1   2.8e-32   1.2e-29  101.9   0.0     3   132    14   144    11   150 0.96 -
XP_005843869.1       -            186 8296at3041           -            144     1e-28   98.9   0.0   1   1   2.9e-31   1.3e-28   98.6   0.0     7   138    45   184    38   185 0.91 -
XP_005846026.1       -            149 8296at3041           -            144   5.2e-27   93.4   0.0   1   1   1.4e-29   6.1e-27   93.2   0.0    13   137    21   146     6   147 0.88 -
XP_005847748.1       -            154 8296at3041           -            144     2e-25   88.3   0.0   1   1   5.5e-28   2.4e-25   88.0   0.0    16   132    29   146    16   151 0.92 -
XP_005848824.1       -            150 8296at3041           -            144   1.1e-23   82.6   0.0   1   1   2.6e-26   1.2e-23   82.5   0.0     8   138    13   148     3   150 0.90 -
XP_005849389.1       -            201 8296at3041           -            144   4.3e-23   80.7   0.0   1   1   1.4e-25     6e-23   80.2   0.0     4   138    14   151    12   154 0.92 -
XP_005847659.1       -            154 8296at3041           -            144   1.2e-22   79.2   0.0   1   1   2.8e-25   1.3e-22   79.2   0.0    19   134    32   148    11   153 0.92 -
XP_005849252.1       -            189 8296at3041           -            144   3.9e-21   74.3   0.0   1   1   1.1e-23     5e-21   74.0   0.0    12   127    45   162    33   169 0.81 -
XP_005843626.1       -           1207 8296at3041           -            144   6.4e-21   73.6   0.0   1   1   3.3e-23   1.5e-20   72.5   0.0    11   125  1076  1191  1063  1199 0.89 -
XP_005851370.1       -            189 8296at3041           -            144   9.2e-21   73.1   0.0   1   1   2.7e-23   1.2e-20   72.8   0.0     3   139     5   145     1   150 0.87 -
XP_005844314.1       -            168 8296at3041           -            144   2.5e-18   65.3   0.0   1   1   7.3e-20   3.2e-17   61.6   0.0     3   129    14   156     9   164 0.82 -
XP_005851683.1       -            161 8296at3041           -            144     1e-16   60.0   0.0   1   1   2.9e-19   1.3e-16   59.7   0.0    19   130    36   150    27   156 0.93 -
XP_005847327.1       -            187 8296at3041           -            144   4.5e-15   54.7   0.0   1   1   1.2e-17   5.1e-15   54.5   0.0    31   126    57   153    25   169 0.86 -
XP_005848868.1       -            162 8296at3041           -            144     3e-14   52.0   0.0   1   1   8.7e-17   3.9e-14   51.6   0.0    27   112    44   132    33   155 0.89 -
XP_005851743.1       -             90 8296at3041           -            144   3.7e-09   35.5   0.0   1   1   8.7e-12   3.9e-09   35.4   0.0    13    71    24    87    12    90 0.80 -
XP_005849980.1       -            923 8296at3041           -            144   4.2e-09   35.3   0.0   1   1   2.1e-11   9.1e-09   34.2   0.0    11    82   706   782   697   816 0.84 -
XP_005850606.1       -           1413 8296at3041           -            144   9.6e-08   30.9   0.0   1   1   3.9e-10   1.8e-07   30.1   0.0    10    81  1203  1279  1197  1286 0.86 -
XP_005843164.1       -            373 8296at3041           -            144   7.9e-05   21.5   0.0   1   1   2.9e-07   0.00013   20.8   0.0     7    83   233   313   227   341 0.73 -
XP_005847222.1       -            146 8296at3041           -            144   0.00092   18.0   0.0   1   1   2.7e-06    0.0012   17.7   0.0    26    98    50   125    36   134 0.78 -
XP_005849942.1       -            170 8296at3041           -            144       0.1   11.4   0.0   1   1   0.00052      0.23   10.2   0.0    12    63    24    81    13    97 0.78 -
#
# Program:         hmmsearch
# Version:         3.1b2 (February 2015)
# Pipeline mode:   SEARCH
# Query file:      /Users/catrionaharrison/Documents/Bioinformatics/rp2/Data/genomes/busco/busco_downloads/lineages/chlorophyta_odb10/hmms/8296at3041.hmm
# Target file:     /Users/catrionaharrison/Documents/Bioinformatics/rp2/Data/genomes/busco/data/chlorella_variabilis.prot.fasta
# Option settings: hmmsearch --domtblout /Users/catrionaharrison/Documents/Bioinformatics/rp2/Data/genomes/busco/Busco_variabilis/run_chlorophyta_odb10/hmmer_output/initial_run_results/8296at3041.out --cpu 1 /Users/catrionaharrison/Documents/Bioinformatics/rp2/Data/genomes/busco/busco_downloads/lineages/chlorophyta_odb10/hmms/8296at3041.hmm /Users/catrionaharrison/Documents/Bioinformatics/rp2/Data/genomes/busco/data/chlorella_variabilis.prot.fasta 
# Current dir:     /Users/catrionaharrison/Documents/Bioinformatics/rp2/Data/genomes/busco
# Date:            Fri Jul 22 15:07:55 2022
# [ok]
