#                                                                            --- full sequence --- -------------- this domain -------------   hmm coord   ali coord   env coord
# target name        accession   tlen query name           accession   qlen   E-value  score  bias   #  of  c-Evalue  i-Evalue  score  bias  from    to  from    to  from    to  acc description of target
#------------------- ---------- ----- -------------------- ---------- ----- --------- ------ ----- --- --- --------- --------- ------ ----- ----- ----- ----- ----- ----- ----- ---- ---------------------
XP_005850452.1       -            243 8331at3041           -            173   6.4e-55  184.7  21.8   1   2   3.1e-18   4.4e-15   55.0   6.9     2    72    10   102     9   109 0.88 -
XP_005850452.1       -            243 8331at3041           -            173   6.4e-55  184.7  21.8   2   2   1.3e-42   1.8e-39  134.4   6.9    73   173   126   231   122   234 0.86 -
XP_005852077.1       -            233 8331at3041           -            173   1.1e-14   53.8   1.6   1   2       1.2   1.6e+03   -2.2   0.1    44    44    64    64    37   100 0.56 -
XP_005852077.1       -            233 8331at3041           -            173   1.1e-14   53.8   1.6   2   2   7.6e-18   1.1e-14   53.8   1.6    92   172   140   224   117   228 0.85 -
XP_005843615.1       -            247 8331at3041           -            173   1.2e-09   37.4   9.8   1   2      0.75   1.1e+03   -1.5   0.1   129   153    41    65    36    69 0.67 -
XP_005843615.1       -            247 8331at3041           -            173   1.2e-09   37.4   9.8   2   2   8.3e-13   1.2e-09   37.4   9.8    73   172   109   209    91   213 0.85 -
XP_005846890.1       -            269 8331at3041           -            173   7.3e-08   31.5   1.4   1   2      0.61   8.5e+02   -1.2   1.3    25    41    54    70    36   120 0.58 -
XP_005846890.1       -            269 8331at3041           -            173   7.3e-08   31.5   1.4   2   2   5.2e-11   7.3e-08   31.5   1.4    94   172   175   257   159   258 0.85 -
XP_005851758.1       -            138 8331at3041           -            173   1.1e-06   27.7   1.3   1   1   9.6e-10   1.3e-06   27.4   1.3    98   170    43   115    31   120 0.87 -
XP_005846757.1       -            281 8331at3041           -            173   2.9e-05   23.1   1.2   1   2       0.8   1.1e+03   -1.6   0.1    79   112    10    45     4    52 0.47 -
XP_005846757.1       -            281 8331at3041           -            173   2.9e-05   23.1   1.2   2   2   3.4e-08   4.8e-05   22.4   0.1    82   152   166   235   151   242 0.89 -
XP_005843973.1       -            118 8331at3041           -            173   0.00099   18.1   0.1   1   1   8.3e-07    0.0012   17.9   0.1    98   159    31    92    19   110 0.87 -
#
# Program:         hmmsearch
# Version:         3.1b2 (February 2015)
# Pipeline mode:   SEARCH
# Query file:      /Users/catrionaharrison/Documents/Bioinformatics/rp2/Data/genomes/busco/busco_downloads/lineages/chlorophyta_odb10/hmms/8331at3041.hmm
# Target file:     /Users/catrionaharrison/Documents/Bioinformatics/rp2/Data/genomes/busco/data/chlorella_variabilis.prot.fasta
# Option settings: hmmsearch --domtblout /Users/catrionaharrison/Documents/Bioinformatics/rp2/Data/genomes/busco/Busco_variabilis/run_chlorophyta_odb10/hmmer_output/initial_run_results/8331at3041.out --cpu 1 /Users/catrionaharrison/Documents/Bioinformatics/rp2/Data/genomes/busco/busco_downloads/lineages/chlorophyta_odb10/hmms/8331at3041.hmm /Users/catrionaharrison/Documents/Bioinformatics/rp2/Data/genomes/busco/data/chlorella_variabilis.prot.fasta 
# Current dir:     /Users/catrionaharrison/Documents/Bioinformatics/rp2/Data/genomes/busco
# Date:            Fri Jul 22 15:08:03 2022
# [ok]
