#                                                                            --- full sequence --- -------------- this domain -------------   hmm coord   ali coord   env coord
# target name        accession   tlen query name           accession   qlen   E-value  score  bias   #  of  c-Evalue  i-Evalue  score  bias  from    to  from    to  from    to  acc description of target
#------------------- ---------- ----- -------------------- ---------- ----- --------- ------ ----- --- --- --------- --------- ------ ----- ----- ----- ----- ----- ----- ----- ---- ---------------------
XP_005849507.1       -            163 8373at3041           -             98     1e-43  146.7   0.1   1   1   8.1e-46   1.3e-43  146.3   0.1     2    93    59   152    58   157 0.95 -
XP_005842893.1       -           1471 8373at3041           -             98   2.5e-22   78.1  48.0   1  16      0.07        12    5.4   0.1    66    91   160   185   146   190 0.86 -
XP_005842893.1       -           1471 8373at3041           -             98   2.5e-22   78.1  48.0   2  16    0.0093       1.5    8.2   0.1    59    92   190   223   187   229 0.90 -
XP_005842893.1       -           1471 8373at3041           -             98   2.5e-22   78.1  48.0   3  16     0.041       6.9    6.1   0.0    65    91   233   259   225   264 0.87 -
XP_005842893.1       -           1471 8373at3041           -             98   2.5e-22   78.1  48.0   4  16    0.0053      0.88    9.0   0.3    59    91   264   296   258   301 0.87 -
XP_005842893.1       -           1471 8373at3041           -             98   2.5e-22   78.1  48.0   5  16    0.0059      0.99    8.8   0.2    59    91   301   333   298   338 0.87 -
XP_005842893.1       -           1471 8373at3041           -             98   2.5e-22   78.1  48.0   6  16      0.85   1.4e+02    1.9   0.1    59    90   338   369   335   374 0.81 -
XP_005842893.1       -           1471 8373at3041           -             98   2.5e-22   78.1  48.0   7  16      0.24        39    3.7   0.0    59    91   375   407   372   411 0.86 -
XP_005842893.1       -           1471 8373at3041           -             98   2.5e-22   78.1  48.0   8  16    0.0058      0.96    8.9   0.3    59    91   412   444   407   449 0.86 -
XP_005842893.1       -           1471 8373at3041           -             98   2.5e-22   78.1  48.0   9  16       0.5        82    2.7   0.1    59    90   449   480   446   486 0.82 -
XP_005842893.1       -           1471 8373at3041           -             98   2.5e-22   78.1  48.0  10  16      0.21        34    3.9   0.0    59    91   486   518   481   524 0.87 -
XP_005842893.1       -           1471 8373at3041           -             98   2.5e-22   78.1  48.0  11  16     0.012       1.9    7.9   0.1    59    90   523   554   520   557 0.87 -
XP_005842893.1       -           1471 8373at3041           -             98   2.5e-22   78.1  48.0  12  16    0.0071       1.2    8.6   0.4    55    87   556   588   554   593 0.87 -
XP_005842893.1       -           1471 8373at3041           -             98   2.5e-22   78.1  48.0  13  16    0.0084       1.4    8.4   0.0    57    91   595   629   590   634 0.86 -
XP_005842893.1       -           1471 8373at3041           -             98   2.5e-22   78.1  48.0  14  16    0.0063         1    8.8   0.0    65    92   640   667   631   671 0.86 -
XP_005842893.1       -           1471 8373at3041           -             98   2.5e-22   78.1  48.0  15  16    0.0089       1.5    8.3   0.0    63    90   675   702   662   707 0.76 -
XP_005842893.1       -           1471 8373at3041           -             98   2.5e-22   78.1  48.0  16  16         3     5e+02    0.1   0.0    68    90   717   739   712   741 0.90 -
XP_005846593.1       -            754 8373at3041           -             98   2.6e-15   55.6  28.5   1  10      0.11        19    4.7   0.6    54    81    50    77    19    86 0.85 -
XP_005846593.1       -            754 8373at3041           -             98   2.6e-15   55.6  28.5   2  10      0.17        28    4.2   0.1    54    80    83   109    79   116 0.85 -
XP_005846593.1       -            754 8373at3041           -             98   2.6e-15   55.6  28.5   3  10     0.062        10    5.6   0.0    57    91   119   153   114   156 0.92 -
XP_005846593.1       -            754 8373at3041           -             98   2.6e-15   55.6  28.5   4  10       1.8     3e+02    0.9   0.0    57    82   152   177   151   194 0.77 -
XP_005846593.1       -            754 8373at3041           -             98   2.6e-15   55.6  28.5   5  10       9.6   1.6e+03   -1.4   0.0    67    92   266   291   253   294 0.77 -
XP_005846593.1       -            754 8373at3041           -             98   2.6e-15   55.6  28.5   6  10    0.0053      0.89    9.0   0.0    63    91   302   330   296   337 0.87 -
XP_005846593.1       -            754 8373at3041           -             98   2.6e-15   55.6  28.5   7  10   0.00047     0.078   12.4   0.1    38    90   384   436   375   439 0.90 -
XP_005846593.1       -            754 8373at3041           -             98   2.6e-15   55.6  28.5   8  10     0.016       2.6    7.5   0.5    57    90   447   480   446   488 0.85 -
XP_005846593.1       -            754 8373at3041           -             98   2.6e-15   55.6  28.5   9  10   0.00062       0.1   12.0   0.0    54    91   510   547   491   553 0.88 -
XP_005846593.1       -            754 8373at3041           -             98   2.6e-15   55.6  28.5  10  10    0.0018      0.29   10.5   0.0    66    93   641   668   634   672 0.93 -
XP_005849011.1       -            313 8373at3041           -             98   7.2e-14   51.0   2.5   1   6    0.0024      0.39   10.1   0.0    64    93    13    42     3    47 0.86 -
XP_005849011.1       -            313 8373at3041           -             98   7.2e-14   51.0   2.5   2   6    0.0061         1    8.8   0.1    54    83   106   135   104   149 0.75 -
XP_005849011.1       -            313 8373at3041           -             98   7.2e-14   51.0   2.5   3   6    0.0039      0.65    9.4   0.0    54    92   144   183   137   189 0.91 -
XP_005849011.1       -            313 8373at3041           -             98   7.2e-14   51.0   2.5   4   6       4.3   7.2e+02   -0.3   0.0    56    91   180   215   180   218 0.80 -
XP_005849011.1       -            313 8373at3041           -             98   7.2e-14   51.0   2.5   5   6    0.0016      0.26   10.7   0.0    65    92   254   281   245   286 0.89 -
XP_005849011.1       -            313 8373at3041           -             98   7.2e-14   51.0   2.5   6   6    0.0035      0.58    9.6   0.0    56    90   278   312   276   313 0.88 -
XP_005847632.1       -            342 8373at3041           -             98   1.5e-13   50.0   9.8   1   7     0.018         3    7.3   0.1    57    90     1    34     1    37 0.92 -
XP_005847632.1       -            342 8373at3041           -             98   1.5e-13   50.0   9.8   2   7      0.16        26    4.3   0.1    56    87    33    64    30    72 0.89 -
XP_005847632.1       -            342 8373at3041           -             98   1.5e-13   50.0   9.8   3   7    0.0043      0.71    9.3   0.0    54    90    97   133    64   138 0.84 -
XP_005847632.1       -            342 8373at3041           -             98   1.5e-13   50.0   9.8   4   7    0.0013      0.22   10.9   0.4    57    91   169   203   135   204 0.74 -
XP_005847632.1       -            342 8373at3041           -             98   1.5e-13   50.0   9.8   5   7     0.016       2.7    7.4   0.0    54    87   199   232   198   239 0.91 -
XP_005847632.1       -            342 8373at3041           -             98   1.5e-13   50.0   9.8   6   7   0.00073      0.12   11.8   0.1    54    91   265   302   236   307 0.90 -
XP_005847632.1       -            342 8373at3041           -             98   1.5e-13   50.0   9.8   7   7      0.14        23    4.5   0.0    56    93   300   337   298   341 0.88 -
XP_005843685.1       -            561 8373at3041           -             98   1.7e-12   46.5   5.5   1   6    0.0033      0.55    9.7   0.0    55    92   113   150   109   156 0.83 -
XP_005843685.1       -            561 8373at3041           -             98   1.7e-12   46.5   5.5   2   6    0.0021      0.35   10.3   0.1    68    96   167   195   163   197 0.89 -
XP_005843685.1       -            561 8373at3041           -             98   1.7e-12   46.5   5.5   3   6       6.3     1e+03   -0.9   0.0    61    90   193   222   187   225 0.79 -
XP_005843685.1       -            561 8373at3041           -             98   1.7e-12   46.5   5.5   4   6    0.0018      0.31   10.5   0.0    54    91   315   352   306   360 0.90 -
XP_005843685.1       -            561 8373at3041           -             98   1.7e-12   46.5   5.5   5   6   0.00026     0.042   13.2   0.0    56    96   358   398   354   400 0.89 -
XP_005843685.1       -            561 8373at3041           -             98   1.7e-12   46.5   5.5   6   6       3.8   6.3e+02   -0.2   0.0    66    92   401   427   392   431 0.82 -
XP_005843234.1       -           1593 8373at3041           -             98   1.1e-11   43.9  16.9   1   8      0.68   1.1e+02    2.2   0.0    70    91  1258  1279  1254  1282 0.91 -
XP_005843234.1       -           1593 8373at3041           -             98   1.1e-11   43.9  16.9   2   8       0.5        82    2.7   0.1    66    91  1292  1317  1287  1322 0.87 -
XP_005843234.1       -           1593 8373at3041           -             98   1.1e-11   43.9  16.9   3   8   0.00019     0.032   13.6   0.2    59    91  1322  1354  1316  1360 0.86 -
XP_005843234.1       -           1593 8373at3041           -             98   1.1e-11   43.9  16.9   4   8     0.002      0.33   10.3   0.2    59    91  1359  1391  1353  1398 0.86 -
XP_005843234.1       -           1593 8373at3041           -             98   1.1e-11   43.9  16.9   5   8     0.041       6.8    6.1   0.0    67    91  1403  1427  1394  1431 0.88 -
XP_005843234.1       -           1593 8373at3041           -             98   1.1e-11   43.9  16.9   6   8     0.049       8.1    5.9   0.0    60    91  1433  1464  1429  1469 0.85 -
XP_005843234.1       -           1593 8373at3041           -             98   1.1e-11   43.9  16.9   7   8     0.027       4.5    6.7   0.1    59    91  1469  1501  1460  1508 0.86 -
XP_005843234.1       -           1593 8373at3041           -             98   1.1e-11   43.9  16.9   8   8       2.6   4.3e+02    0.4   0.0    67    90  1514  1537  1505  1542 0.82 -
XP_005849102.1       -            194 8373at3041           -             98   8.3e-11   41.2   3.9   1   5    0.0069       1.1    8.6   0.2    57    92     7    42     2    45 0.87 -
XP_005849102.1       -            194 8373at3041           -             98   8.3e-11   41.2   3.9   2   5    0.0068       1.1    8.7   0.0    55    89    37    72    36    74 0.75 -
XP_005849102.1       -            194 8373at3041           -             98   8.3e-11   41.2   3.9   3   5   0.00038     0.064   12.7   0.0    55    86    70   101    67   107 0.87 -
XP_005849102.1       -            194 8373at3041           -             98   8.3e-11   41.2   3.9   4   5     0.012         2    7.8   0.0    55    90   103   137   101   142 0.80 -
XP_005849102.1       -            194 8373at3041           -             98   8.3e-11   41.2   3.9   5   5     0.044       7.3    6.1   0.0    66    90   152   176   144   188 0.87 -
XP_005843709.1       -            175 8373at3041           -             98     5e-10   38.6   2.1   1   5       8.7   1.4e+03   -1.3   0.0    73    86     6    19     3    28 0.80 -
XP_005843709.1       -            175 8373at3041           -             98     5e-10   38.6   2.1   2   5       1.7   2.8e+02    1.0   0.0    63    88    50    76    39    79 0.66 -
XP_005843709.1       -            175 8373at3041           -             98     5e-10   38.6   2.1   3   5   1.5e-05    0.0024   17.2   0.1    54    91    75   112    65   117 0.91 -
XP_005843709.1       -            175 8373at3041           -             98     5e-10   38.6   2.1   4   5    0.0011      0.18   11.2   0.1    60    90   114   144   110   145 0.82 -
XP_005843709.1       -            175 8373at3041           -             98     5e-10   38.6   2.1   5   5    0.0053      0.88    9.0   0.0    54    80   141   167   138   172 0.90 -
XP_005843649.1       -            490 8373at3041           -             98   8.9e-10   37.8   2.3   1   4       0.5        83    2.7   0.0    56    84    40    68    34    73 0.83 -
XP_005843649.1       -            490 8373at3041           -             98   8.9e-10   37.8   2.3   2   4   4.9e-05    0.0081   15.5   0.1    54    91    72   109    69   114 0.92 -
XP_005843649.1       -            490 8373at3041           -             98   8.9e-10   37.8   2.3   3   4    0.0029      0.49    9.8   0.0    56    91   107   142   105   146 0.88 -
XP_005843649.1       -            490 8373at3041           -             98   8.9e-10   37.8   2.3   4   4     0.011       1.9    8.0   0.0    57    90   160   193   154   200 0.87 -
XP_005844282.1       -            151 8373at3041           -             98   6.6e-08   31.8   1.9   1   4     0.032       5.4    6.5   0.0    57    90     6    39     3    49 0.82 -
XP_005844282.1       -            151 8373at3041           -             98   6.6e-08   31.8   1.9   2   4     0.014       2.4    7.6   0.0    65    92    47    74    36    78 0.82 -
XP_005844282.1       -            151 8373at3041           -             98   6.6e-08   31.8   1.9   3   4     0.054         9    5.8   0.0    57    88    72   103    69   106 0.79 -
XP_005844282.1       -            151 8373at3041           -             98   6.6e-08   31.8   1.9   4   4   0.00071      0.12   11.8   0.0    56    91   104   139   101   145 0.89 -
XP_005849402.1       -            417 8373at3041           -             98   2.2e-07   30.2   0.0   1   2   5.3e-05    0.0087   15.4   0.0    54    87    57    90    54    93 0.94 -
XP_005849402.1       -            417 8373at3041           -             98   2.2e-07   30.2   0.0   2   2    0.0005     0.083   12.3   0.0    57    92    93   128    90   133 0.92 -
XP_005846816.1       -            177 8373at3041           -             98   5.1e-07   29.0   0.2   1   3      0.53        87    2.6   0.0    54    80     1    27     1    36 0.81 -
XP_005846816.1       -            177 8373at3041           -             98   5.1e-07   29.0   0.2   2   3    0.0022      0.37   10.2   0.2    57    89    37    69    32    76 0.85 -
XP_005846816.1       -            177 8373at3041           -             98   5.1e-07   29.0   0.2   3   3   0.00052     0.085   12.2   0.0    49    91    99   141    83   149 0.85 -
XP_005842906.1       -            431 8373at3041           -             98   5.4e-07   28.9  10.4   1   5      0.43        72    2.9   0.0    68    89   101   122    82   128 0.86 -
XP_005842906.1       -            431 8373at3041           -             98   5.4e-07   28.9  10.4   2   5     0.017       2.9    7.3   0.0    59    91   129   161   126   165 0.87 -
XP_005842906.1       -            431 8373at3041           -             98   5.4e-07   28.9  10.4   3   5     0.018       2.9    7.3   0.2    63    90   172   199   163   205 0.83 -
XP_005842906.1       -            431 8373at3041           -             98   5.4e-07   28.9  10.4   4   5    0.0072       1.2    8.6   0.1    60    88   205   233   202   238 0.84 -
XP_005842906.1       -            431 8373at3041           -             98   5.4e-07   28.9  10.4   5   5      0.14        24    4.4   0.1    65    91   247   273   243   278 0.87 -
XP_005845027.1       -            437 8373at3041           -             98   7.7e-07   28.4   0.2   1   3       7.8   1.3e+03   -1.2   0.0    59    71    84    96    79   101 0.87 -
XP_005845027.1       -            437 8373at3041           -             98   7.7e-07   28.4   0.2   2   3     3e-05    0.0049   16.2   0.0    54    91   158   195   130   201 0.91 -
XP_005845027.1       -            437 8373at3041           -             98   7.7e-07   28.4   0.2   3   3    0.0025      0.41   10.0   0.0    56    94   193   231   191   235 0.85 -
XP_005851516.1       -            293 8373at3041           -             98   2.2e-06   27.0   9.5   1   5     0.046       7.7    6.0   0.2    62    91    46    75    11    82 0.86 -
XP_005851516.1       -            293 8373at3041           -             98   2.2e-06   27.0   9.5   2   5    0.0037      0.62    9.5   0.4    54    91    71   108    68   116 0.84 -
XP_005851516.1       -            293 8373at3041           -             98   2.2e-06   27.0   9.5   3   5     0.092        15    5.0   0.0    54    90   104   140   103   146 0.86 -
XP_005851516.1       -            293 8373at3041           -             98   2.2e-06   27.0   9.5   4   5   0.00034     0.056   12.8   0.1    54    94   203   243   174   248 0.85 -
XP_005851516.1       -            293 8373at3041           -             98   2.2e-06   27.0   9.5   5   5       2.9   4.8e+02    0.2   0.0    68    82   250   264   244   275 0.81 -
XP_005844732.1       -            118 8373at3041           -             98   3.1e-06   26.5   0.6   1   2       0.3        50    3.4   0.0    57    88     9    40     5    44 0.79 Chlorella variabilis unplaced genomic scaffold CHLNCscaffold_21, whole genome shotgun sequence.
XP_005844732.1       -            118 8373at3041           -             98   3.1e-06   26.5   0.6   2   2   4.6e-07   7.6e-05   22.0   0.1    31    90    43   106    38   113 0.84 Chlorella variabilis unplaced genomic scaffold CHLNCscaffold_21, whole genome shotgun sequence.
XP_005848667.1       -            328 8373at3041           -             98   4.1e-06   26.1   0.3   1   2   1.2e-05    0.0019   17.5   0.3    48    91    13    56     4    57 0.89 -
XP_005848667.1       -            328 8373at3041           -             98   4.1e-06   26.1   0.3   2   2    0.0019      0.31   10.4   0.0    54    91    52    89    50    94 0.92 -
XP_005843699.1       -            696 8373at3041           -             98   4.2e-06   26.1   8.2   1   5      0.14        24    4.4   0.1    66    90    56    80    47    82 0.85 -
XP_005843699.1       -            696 8373at3041           -             98   4.2e-06   26.1   8.2   2   5   0.00073      0.12   11.8   0.1    54    92    77   115    74   121 0.91 -
XP_005843699.1       -            696 8373at3041           -             98   4.2e-06   26.1   8.2   3   5   0.00062       0.1   12.0   0.0    54    91   143   181   131   188 0.87 -
XP_005843699.1       -            696 8373at3041           -             98   4.2e-06   26.1   8.2   4   5       2.7   4.5e+02    0.3   0.0    55    87   178   210   176   218 0.88 -
XP_005843699.1       -            696 8373at3041           -             98   4.2e-06   26.1   8.2   5   5       1.9   3.2e+02    0.8   0.0    55    90   211   246   208   251 0.87 -
XP_005843650.1       -            325 8373at3041           -             98   4.7e-06   25.9   4.4   1   3   3.6e-05     0.006   15.9   0.5    53    90    74   111    41   122 0.87 -
XP_005843650.1       -            325 8373at3041           -             98   4.7e-06   25.9   4.4   2   3       0.3        49    3.4   0.0    65    84   119   139   108   142 0.71 -
XP_005843650.1       -            325 8373at3041           -             98   4.7e-06   25.9   4.4   3   3     0.046       7.7    6.0   0.0    65    90   142   167   136   170 0.87 -
XP_005843131.1       -            145 8373at3041           -             98   5.1e-06   25.8   1.0   1   3      0.46        76    2.8   0.0    63    85    50    72    38    81 0.72 -
XP_005843131.1       -            145 8373at3041           -             98   5.1e-06   25.8   1.0   2   3   5.1e-05    0.0084   15.5   0.1    54    91    75   112    73   117 0.91 -
XP_005843131.1       -            145 8373at3041           -             98   5.1e-06   25.8   1.0   3   3     0.018         3    7.3   0.0    57    80   111   134   108   140 0.82 -
XP_005850016.1       -            165 8373at3041           -             98   2.6e-05   23.5   4.4   1   3     0.029       4.8    6.6   0.1    69    90    26    47    18    50 0.86 Chlorella variabilis unplaced genomic scaffold CHLNCscaffold_4, whole genome shotgun sequence.
XP_005850016.1       -            165 8373at3041           -             98   2.6e-05   23.5   4.4   2   3    0.0034      0.56    9.6   0.2    54    88    77   111    48   114 0.80 Chlorella variabilis unplaced genomic scaffold CHLNCscaffold_4, whole genome shotgun sequence.
XP_005850016.1       -            165 8373at3041           -             98   2.6e-05   23.5   4.4   3   3     0.012       1.9    7.9   0.1    54    92   110   148   108   154 0.88 Chlorella variabilis unplaced genomic scaffold CHLNCscaffold_4, whole genome shotgun sequence.
XP_005843822.1       -            869 8373at3041           -             98   2.8e-05   23.4   0.3   1   4      0.67   1.1e+02    2.3   0.0    54    93   106   145    85   149 0.82 -
XP_005843822.1       -            869 8373at3041           -             98   2.8e-05   23.4   0.3   2   4     0.069        11    5.4   0.0    45    76   169   200   163   207 0.81 -
XP_005843822.1       -            869 8373at3041           -             98   2.8e-05   23.4   0.3   3   4       8.4   1.4e+03   -1.3   0.0    67    87   226   246   208   249 0.81 -
XP_005843822.1       -            869 8373at3041           -             98   2.8e-05   23.4   0.3   4   4    0.0063         1    8.8   0.0    53    90   330   367   320   372 0.89 -
XP_005842905.1       -            243 8373at3041           -             98   3.6e-05   23.1   0.1   1   2   0.00054     0.089   12.2   0.0    65    92    20    47     4    53 0.82 Chlorella variabilis unplaced genomic scaffold CHLNCscaffold_39, whole genome shotgun sequence.
XP_005842905.1       -            243 8373at3041           -             98   3.6e-05   23.1   0.1   2   2    0.0084       1.4    8.4   0.1    65    90    57    82    48    85 0.87 Chlorella variabilis unplaced genomic scaffold CHLNCscaffold_39, whole genome shotgun sequence.
XP_005848120.1       -            171 8373at3041           -             98   5.4e-05   22.5   0.0   1   3   0.00078      0.13   11.7   0.0    43    87    39    83    21    88 0.85 -
XP_005848120.1       -            171 8373at3041           -             98   5.4e-05   22.5   0.0   2   3      0.39        65    3.0   0.0    57    82    86   111    83   125 0.79 -
XP_005848120.1       -            171 8373at3041           -             98   5.4e-05   22.5   0.0   3   3     0.081        13    5.2   0.0    57    90   119   152   114   156 0.86 -
XP_005847134.1       -           1095 8373at3041           -             98   6.6e-05   22.2   8.1   1   7       3.9   6.5e+02   -0.2   0.0    54    77   328   351   325   367 0.86 -
XP_005847134.1       -           1095 8373at3041           -             98   6.6e-05   22.2   8.1   2   7         1   1.7e+02    1.7   0.0    46    79   361   395   342   399 0.70 -
XP_005847134.1       -           1095 8373at3041           -             98   6.6e-05   22.2   8.1   3   7       4.4   7.3e+02   -0.4   0.0    54    80   533   559   498   572 0.76 -
XP_005847134.1       -           1095 8373at3041           -             98   6.6e-05   22.2   8.1   4   7      0.44        74    2.8   0.0    54    91   740   776   726   783 0.82 -
XP_005847134.1       -           1095 8373at3041           -             98   6.6e-05   22.2   8.1   5   7       4.6   7.7e+02   -0.4   0.0    54    86   932   965   926   967 0.87 -
XP_005847134.1       -           1095 8373at3041           -             98   6.6e-05   22.2   8.1   6   7   0.00076      0.13   11.7   0.4    54    88   966  1000   944  1010 0.87 -
XP_005847134.1       -           1095 8373at3041           -             98   6.6e-05   22.2   8.1   7   7         1   1.7e+02    1.7   0.0    57    91  1037  1072  1033  1078 0.75 -
XP_005843646.1       -            304 8373at3041           -             98   7.2e-05   22.1   0.2   1   2      0.13        21    4.6   0.0    54    90    23    60    13    62 0.78 -
XP_005843646.1       -            304 8373at3041           -             98   7.2e-05   22.1   0.2   2   2   2.4e-05    0.0039   16.5   0.1    54    91    57    94    48   100 0.91 -
XP_005848750.1       -            293 8373at3041           -             98   7.4e-05   22.1   2.0   1   2      0.27        45    3.5   0.1    55    89    46    80    43    84 0.80 -
XP_005848750.1       -            293 8373at3041           -             98   7.4e-05   22.1   2.0   2   2   3.9e-05    0.0064   15.9   0.3    53    93   110   149    82   157 0.84 -
XP_005844585.1       -            206 8373at3041           -             98   0.00012   21.4   1.9   1   2   0.00027     0.045   13.1   0.1    56    91    53    88    39    92 0.92 -
XP_005844585.1       -            206 8373at3041           -             98   0.00012   21.4   1.9   2   2    0.0012       0.2   11.0   0.2    54    91    84   121    81   126 0.92 -
XP_005848351.1       -             91 8373at3041           -             98   0.00012   21.4   0.1   1   2    0.0018       0.3   10.5   0.0    54    89     4    39     2    43 0.92 Chlorella variabilis unplaced genomic scaffold CHLNCscaffold_8, whole genome shotgun sequence.
XP_005848351.1       -             91 8373at3041           -             98   0.00012   21.4   0.1   2   2    0.0036      0.59    9.6   0.0    67    92    50    75    39    81 0.87 Chlorella variabilis unplaced genomic scaffold CHLNCscaffold_8, whole genome shotgun sequence.
XP_005851945.1       -            591 8373at3041           -             98   0.00014   21.2   0.0   1   2    0.0012       0.2   11.1   0.0    68    91    50    73    46    78 0.92 -
XP_005851945.1       -            591 8373at3041           -             98   0.00014   21.2   0.0   2   2     0.034       5.6    6.4   0.0    67    89   197   219   192   221 0.86 -
XP_005849656.1       -             91 8373at3041           -             98    0.0002   20.7   0.0   1   2   0.00029     0.048   13.0   0.0    57    91     8    42     4    48 0.91 -
XP_005849656.1       -             91 8373at3041           -             98    0.0002   20.7   0.0   2   2     0.022       3.6    7.0   0.0    60    90    44    74    38    77 0.74 -
XP_005843644.1       -            440 8373at3041           -             98   0.00024   20.4   0.5   1   3       1.3   2.2e+02    1.3   0.0    57    84    41    68    35    71 0.79 -
XP_005843644.1       -            440 8373at3041           -             98   0.00024   20.4   0.5   2   3   0.00045     0.074   12.4   0.1    54    90    72   108    64   111 0.91 -
XP_005843644.1       -            440 8373at3041           -             98   0.00024   20.4   0.5   3   3      0.22        37    3.8   0.0    57    90   108   142   104   150 0.82 -
XP_005844602.1       -            111 8373at3041           -             98    0.0003   20.1   1.6   1   3       0.6     1e+02    2.4   0.0    68    90     3    25     1    30 0.84 Chlorella variabilis unplaced genomic scaffold CHLNCscaffold_22, whole genome shotgun sequence.
XP_005844602.1       -            111 8373at3041           -             98    0.0003   20.1   1.6   2   3   5.3e-05    0.0088   15.4   0.1    52    91    20    59     9    65 0.88 Chlorella variabilis unplaced genomic scaffold CHLNCscaffold_22, whole genome shotgun sequence.
XP_005844602.1       -            111 8373at3041           -             98    0.0003   20.1   1.6   3   3      0.15        24    4.4   0.1    56    91    57    92    57    98 0.87 Chlorella variabilis unplaced genomic scaffold CHLNCscaffold_22, whole genome shotgun sequence.
XP_005847536.1       -            926 8373at3041           -             98   0.00032   20.0   0.8   1   2     0.062        10    5.6   0.1    54    84    46    78    43    88 0.70 -
XP_005847536.1       -            926 8373at3041           -             98   0.00032   20.0   0.8   2   2   0.00043     0.071   12.5   0.2    62    92    88   118    80   123 0.81 -
XP_005852103.1       -            276 8373at3041           -             98   0.00051   19.4   3.1   1   3      0.02       3.4    7.1   0.1    53    79    65    91    50   101 0.89 -
XP_005852103.1       -            276 8373at3041           -             98   0.00051   19.4   3.1   2   3       1.9   3.1e+02    0.8   0.0    54    79   109   134    99   151 0.69 -
XP_005852103.1       -            276 8373at3041           -             98   0.00051   19.4   3.1   3   3    0.0037      0.62    9.5   0.1    45    89   170   215   161   218 0.85 -
XP_005843288.1       -            321 8373at3041           -             98   0.00051   19.4   4.5   1   4     0.054       8.9    5.8   0.0    70    91    63    84    58    87 0.89 -
XP_005843288.1       -            321 8373at3041           -             98   0.00051   19.4   4.5   2   4      0.74   1.2e+02    2.1   0.1    66    92    97   123    94   129 0.88 -
XP_005843288.1       -            321 8373at3041           -             98   0.00051   19.4   4.5   3   4      0.11        18    4.8   0.1    65    92   133   161   127   164 0.81 -
XP_005843288.1       -            321 8373at3041           -             98   0.00051   19.4   4.5   4   4     0.095        16    5.0   0.1    59    79   165   185   162   194 0.84 -
XP_005845536.1       -            555 8373at3041           -             98   0.00089   18.6   0.0   1   2      0.11        19    4.7   0.0    68    88   269   289   260   294 0.88 -
XP_005845536.1       -            555 8373at3041           -             98   0.00089   18.6   0.0   2   2     0.001      0.17   11.3   0.0    59    92   293   326   288   332 0.86 -
XP_005849334.1       -            565 8373at3041           -             98     0.001   18.4   0.3   1   3      0.33        54    3.3   0.0    67    91     2    26     1    32 0.88 -
XP_005849334.1       -            565 8373at3041           -             98     0.001   18.4   0.3   2   3      0.13        22    4.5   0.0    57    97    25    65    21    66 0.86 -
XP_005849334.1       -            565 8373at3041           -             98     0.001   18.4   0.3   3   3     0.033       5.5    6.5   0.0    66    91   131   156   127   162 0.88 -
XP_005842833.1       -            574 8373at3041           -             98    0.0011   18.3   0.6   1   3         1   1.7e+02    1.7   0.0    56    90   411   445   408   449 0.87 -
XP_005842833.1       -            574 8373at3041           -             98    0.0011   18.3   0.6   2   3      0.15        24    4.4   0.0    56    90   444   481   441   486 0.73 -
XP_005842833.1       -            574 8373at3041           -             98    0.0011   18.3   0.6   3   3     0.004      0.66    9.4   0.0    54    90   515   551   500   558 0.84 -
XP_005846473.1       -            207 8373at3041           -             98    0.0014   18.0   0.8   1   2     0.013       2.1    7.8   0.0    54    86   108   140   106   142 0.88 -
XP_005846473.1       -            207 8373at3041           -             98    0.0014   18.0   0.8   2   2     0.004      0.67    9.4   0.1    69    91   141   163   138   174 0.91 -
XP_005850296.1       -            720 8373at3041           -             98    0.0017   17.7   2.0   1   3       7.7   1.3e+03   -1.1   0.0    57    88    92   124    88   129 0.81 -
XP_005850296.1       -            720 8373at3041           -             98    0.0017   17.7   2.0   2   3      0.25        42    3.6   0.1    39    91   135   189   124   195 0.71 -
XP_005850296.1       -            720 8373at3041           -             98    0.0017   17.7   2.0   3   3   0.00096      0.16   11.4   0.0    54    88   530   564   529   570 0.91 -
XP_005845096.1       -             83 8373at3041           -             98    0.0019   17.5   0.2   1   2     0.066        11    5.5   0.0    56    94    13    51     8    55 0.85 Chlorella variabilis unplaced genomic scaffold CHLNCscaffold_19, whole genome shotgun sequence.
XP_005845096.1       -             83 8373at3041           -             98    0.0019   17.5   0.2   2   2    0.0015      0.25   10.7   0.0    68    91    58    81    51    83 0.87 Chlorella variabilis unplaced genomic scaffold CHLNCscaffold_19, whole genome shotgun sequence.
XP_005844898.1       -            579 8373at3041           -             98    0.0023   17.3   0.2   1   3       3.5   5.8e+02   -0.0   0.1    69    90   132   153   128   157 0.85 -
XP_005844898.1       -            579 8373at3041           -             98    0.0023   17.3   0.2   2   3    0.0024       0.4   10.1   0.0    66    92   161   187   151   191 0.87 -
XP_005844898.1       -            579 8373at3041           -             98    0.0023   17.3   0.2   3   3      0.45        74    2.8   0.0    66    89   321   344   296   350 0.88 -
XP_005845056.1       -            814 8373at3041           -             98    0.0026   17.1   8.8   1   7      0.44        72    2.9   0.0    70    91    57    78    52    84 0.90 -
XP_005845056.1       -            814 8373at3041           -             98    0.0026   17.1   8.8   2   7       5.5   9.2e+02   -0.7   0.0    65    79    90   104    83   114 0.79 -
XP_005845056.1       -            814 8373at3041           -             98    0.0026   17.1   8.8   3   7       3.5   5.7e+02   -0.0   0.0    65    90   128   153   123   156 0.87 -
XP_005845056.1       -            814 8373at3041           -             98    0.0026   17.1   8.8   4   7      0.99   1.6e+02    1.7   0.0    59    91   160   192   157   198 0.85 -
XP_005845056.1       -            814 8373at3041           -             98    0.0026   17.1   8.8   5   7       2.8   4.6e+02    0.3   0.0    65    88   203   226   191   233 0.86 -
XP_005845056.1       -            814 8373at3041           -             98    0.0026   17.1   8.8   6   7     0.025       4.1    6.8   0.0    65    88   240   263   231   272 0.86 -
XP_005845056.1       -            814 8373at3041           -             98    0.0026   17.1   8.8   7   7      0.58        96    2.5   0.1    67    90   281   304   270   306 0.85 -
XP_005843410.1       -            137 8373at3041           -             98    0.0033   16.8   1.2   1   3     0.015       2.4    7.6   0.1    53    87    13    47     3    53 0.89 -
XP_005843410.1       -            137 8373at3041           -             98    0.0033   16.8   1.2   2   3      0.99   1.6e+02    1.7   0.0    56    84    49    77    41    88 0.79 -
XP_005843410.1       -            137 8373at3041           -             98    0.0033   16.8   1.2   3   3     0.054       8.9    5.8   0.1    68    91    95   118    81   126 0.82 -
XP_005847798.1       -            599 8373at3041           -             98     0.004   16.5   0.1   1   2   0.00097      0.16   11.4   0.0    44    90    82   128    69   131 0.87 -
XP_005847798.1       -            599 8373at3041           -             98     0.004   16.5   0.1   2   2       1.7   2.8e+02    1.0   0.0    54    77   181   204   165   224 0.80 -
XP_005848754.1       -            401 8373at3041           -             98    0.0051   16.2   3.6   1   3      0.19        32    4.0   0.1    55    83   141   174   116   180 0.76 Chlorella variabilis unplaced genomic scaffold CHLNCscaffold_7, whole genome shotgun sequence.
XP_005848754.1       -            401 8373at3041           -             98    0.0051   16.2   3.6   2   3       1.9   3.2e+02    0.8   0.1    63    79   243   259   225   273 0.72 Chlorella variabilis unplaced genomic scaffold CHLNCscaffold_7, whole genome shotgun sequence.
XP_005848754.1       -            401 8373at3041           -             98    0.0051   16.2   3.6   3   3     0.002      0.34   10.3   0.0    58    91   276   309   258   313 0.80 Chlorella variabilis unplaced genomic scaffold CHLNCscaffold_7, whole genome shotgun sequence.
XP_005845141.1       -            374 8373at3041           -             98    0.0065   15.8   0.5   1   2     0.039       6.5    6.2   0.0    69    90    27    48    16    50 0.86 -
XP_005845141.1       -            374 8373at3041           -             98    0.0065   15.8   0.5   2   2      0.01       1.7    8.1   0.0    56    92    47    83    45    88 0.86 -
XP_005849163.1       -            813 8373at3041           -             98     0.011   15.0   0.0   1   2     0.035       5.9    6.4   0.0    54    90   150   186   132   189 0.89 -
XP_005849163.1       -            813 8373at3041           -             98     0.011   15.0   0.0   2   2     0.035       5.8    6.4   0.0    60    93   188   222   182   226 0.76 -
XP_005845946.1       -            204 8373at3041           -             98     0.012   14.9   1.7   1   2     0.016       2.7    7.4   0.3    55    77     5    28     3    47 0.71 -
XP_005845946.1       -            204 8373at3041           -             98     0.012   14.9   1.7   2   2     0.034       5.6    6.4   0.1    54    92    48    87    31    91 0.84 -
XP_005849012.1       -            924 8373at3041           -             98     0.025   14.0   0.5   1   3     0.022       3.6    7.0   0.1    57    91   603   637   592   641 0.89 -
XP_005849012.1       -            924 8373at3041           -             98     0.025   14.0   0.5   2   3       1.5   2.5e+02    1.2   0.0    56    88   635   668   633   677 0.77 -
XP_005849012.1       -            924 8373at3041           -             98     0.025   14.0   0.5   3   3      0.41        68    2.9   0.0    54    79   809   834   802   847 0.85 -
XP_005847709.1       -            144 8373at3041           -             98     0.029   13.8   0.0   1   2     0.015       2.4    7.6   0.0    54    91    31    69    21    73 0.89 -
XP_005847709.1       -            144 8373at3041           -             98     0.029   13.8   0.0   2   2     0.043       7.1    6.1   0.0    56    91    67   102    66   104 0.90 -
XP_005852076.1       -            370 8373at3041           -             98     0.031   13.7   0.1   1   2      0.11        19    4.7   0.0    56    91    51    86    42   103 0.92 -
XP_005852076.1       -            370 8373at3041           -             98     0.031   13.7   0.1   2   2     0.056       9.3    5.7   0.0    56    83   155   182   124   186 0.86 -
XP_005848416.1       -            311 8373at3041           -             98     0.035   13.5   0.5   1   4       3.7   6.2e+02   -0.1   0.0    57    77    65    86    59   108 0.73 -
XP_005848416.1       -            311 8373at3041           -             98     0.035   13.5   0.5   2   4      0.82   1.4e+02    2.0   0.0    67    91   112   136    98   138 0.82 -
XP_005848416.1       -            311 8373at3041           -             98     0.035   13.5   0.5   3   4    0.0076       1.3    8.5   0.0    54    88   132   166   127   173 0.90 -
XP_005848416.1       -            311 8373at3041           -             98     0.035   13.5   0.5   4   4       3.4   5.6e+02    0.0   0.0    57    88   168   201   165   210 0.71 -
XP_005845153.1       -           1215 8373at3041           -             98      0.06   12.7   0.1   1   4      0.13        22    4.5   0.0    56    90    44    78    24    84 0.89 -
XP_005845153.1       -           1215 8373at3041           -             98      0.06   12.7   0.1   2   4       7.2   1.2e+03   -1.1   0.0    53    78   130   155   120   170 0.85 -
XP_005845153.1       -           1215 8373at3041           -             98      0.06   12.7   0.1   3   4       2.2   3.6e+02    0.6   0.0    69    90   180   201   166   208 0.78 -
XP_005845153.1       -           1215 8373at3041           -             98      0.06   12.7   0.1   4   4       1.4   2.3e+02    1.3   0.0    54    84   384   414   383   422 0.83 -
XP_005852001.1       -            133 8373at3041           -             98      0.09   12.2   0.0   1   1    0.0015      0.24   10.8   0.0    54    82     7    35     5    43 0.87 -
XP_005847353.1       -            134 8373at3041           -             98     0.094   12.1   0.3   1   2    0.0016      0.27   10.7   0.2    54    87     3    35     1    46 0.76 -
XP_005847353.1       -            134 8373at3041           -             98     0.094   12.1   0.3   2   2       4.2     7e+02   -0.3   0.0    66    89    38    62    29    75 0.70 -
XP_005847354.1       -            209 8373at3041           -             98     0.096   12.1   4.1   1   4         2   3.3e+02    0.8   0.0    54    81    49    76    47    88 0.75 -
XP_005847354.1       -            209 8373at3041           -             98     0.096   12.1   4.1   2   4     0.078        13    5.3   0.1    57    91    85   119    64   121 0.84 -
XP_005847354.1       -            209 8373at3041           -             98     0.096   12.1   4.1   3   4      0.82   1.4e+02    2.0   0.1    72    91   127   146   126   153 0.88 -
XP_005847354.1       -            209 8373at3041           -             98     0.096   12.1   4.1   4   4      0.69   1.1e+02    2.2   0.0    67    88   158   179   149   184 0.83 -
#
# Program:         hmmsearch
# Version:         3.1b2 (February 2015)
# Pipeline mode:   SEARCH
# Query file:      /Users/catrionaharrison/Documents/Bioinformatics/rp2/Data/genomes/busco/busco_downloads/lineages/chlorophyta_odb10/hmms/8373at3041.hmm
# Target file:     /Users/catrionaharrison/Documents/Bioinformatics/rp2/Data/genomes/busco/data/chlorella_variabilis.prot.fasta
# Option settings: hmmsearch --domtblout /Users/catrionaharrison/Documents/Bioinformatics/rp2/Data/genomes/busco/Busco_variabilis/run_chlorophyta_odb10/hmmer_output/initial_run_results/8373at3041.out --cpu 1 /Users/catrionaharrison/Documents/Bioinformatics/rp2/Data/genomes/busco/busco_downloads/lineages/chlorophyta_odb10/hmms/8373at3041.hmm /Users/catrionaharrison/Documents/Bioinformatics/rp2/Data/genomes/busco/data/chlorella_variabilis.prot.fasta 
# Current dir:     /Users/catrionaharrison/Documents/Bioinformatics/rp2/Data/genomes/busco
# Date:            Fri Jul 22 15:08:06 2022
# [ok]
