#                                                                            --- full sequence --- -------------- this domain -------------   hmm coord   ali coord   env coord
# target name        accession   tlen query name           accession   qlen   E-value  score  bias   #  of  c-Evalue  i-Evalue  score  bias  from    to  from    to  from    to  acc description of target
#------------------- ---------- ----- -------------------- ---------- ----- --------- ------ ----- --- --- --------- --------- ------ ----- ----- ----- ----- ----- ----- ----- ---- ---------------------
XP_005846487.1       -            148 8406at3041           -            148   5.9e-81  269.1   3.5   1   1     4e-83   6.5e-81  268.9   3.5     1   144     1   148     1   148 0.97 -
XP_005851402.1       -            556 8406at3041           -            148   7.1e-24   83.8   0.0   1   4   2.2e-09   3.5e-07   29.7   0.0    21   104     8    91     4    94 0.93 -
XP_005851402.1       -            556 8406at3041           -            148   7.1e-24   83.8   0.0   2   4     0.036       5.8    6.3   0.0    30    91   214   269   204   280 0.80 -
XP_005851402.1       -            556 8406at3041           -            148   7.1e-24   83.8   0.0   3   4   1.4e-05    0.0023   17.3   0.0    29   104   348   431   338   454 0.80 -
XP_005851402.1       -            556 8406at3041           -            148   7.1e-24   83.8   0.0   4   4     6e-08   9.6e-06   25.0   0.0    27   108   464   542   449   549 0.86 -
XP_005844200.1       -            635 8406at3041           -            148     2e-23   82.4  16.5   1   4   9.4e-11   1.5e-08   34.1   0.0    29   106    36   116    28   130 0.87 -
XP_005844200.1       -            635 8406at3041           -            148     2e-23   82.4  16.5   2   4   0.00013     0.021   14.2   0.0    32   104   130   201   116   203 0.89 -
XP_005844200.1       -            635 8406at3041           -            148     2e-23   82.4  16.5   3   4   2.2e-07   3.5e-05   23.2   0.0    29   102   217   289   206   295 0.87 -
XP_005844200.1       -            635 8406at3041           -            148     2e-23   82.4  16.5   4   4   5.6e-07   9.1e-05   21.9   0.0    30   105   321   395   295   404 0.89 -
XP_005847106.1       -           1275 8406at3041           -            148   3.4e-18   65.4   0.0   1   4   1.7e-07   2.8e-05   23.5   0.0    31   105    10    84     4    95 0.91 -
XP_005847106.1       -           1275 8406at3041           -            148   3.4e-18   65.4   0.0   2   4     1e-06   0.00017   21.0   0.0    33   106   279   351   267   361 0.88 -
XP_005847106.1       -           1275 8406at3041           -            148   3.4e-18   65.4   0.0   3   4   0.00066      0.11   11.9   0.0    29   115   538   632   526   649 0.77 -
XP_005847106.1       -           1275 8406at3041           -            148   3.4e-18   65.4   0.0   4   4      0.51        82    2.5   0.0    16    94   681   774   672   826 0.76 -
XP_005845491.1       -            322 8406at3041           -            148     2e-16   59.7   0.0   1   2   7.8e-11   1.2e-08   34.4   0.0    29    98     7    79     4    85 0.85 -
XP_005845491.1       -            322 8406at3041           -            148     2e-16   59.7   0.0   2   2   2.1e-07   3.3e-05   23.3   0.0    29    98    91   158    80   167 0.84 -
XP_005846458.1       -            467 8406at3041           -            148   4.6e-16   58.5   0.0   1   3     1e-05    0.0017   17.8   0.0    32    96    15    78     5    84 0.85 -
XP_005846458.1       -            467 8406at3041           -            148   4.6e-16   58.5   0.0   2   3   8.7e-05     0.014   14.8   0.0    24    93   104   171    87   186 0.84 -
XP_005846458.1       -            467 8406at3041           -            148   4.6e-16   58.5   0.0   3   3   4.5e-07   7.2e-05   22.2   0.0    31    97   384   448   376   459 0.85 -
XP_005850713.1       -            329 8406at3041           -            148     6e-15   54.9   0.0   1   2   1.1e-11   1.7e-09   37.2   0.0    29   105    20    96     9   102 0.95 -
XP_005850713.1       -            329 8406at3041           -            148     6e-15   54.9   0.0   2   2   4.3e-05    0.0068   15.8   0.0    30   108   108   187    97   200 0.84 -
XP_005846042.1       -            278 8406at3041           -            148   9.9e-13   47.7   8.8   1   2   5.9e-09   9.5e-07   28.3   0.5    30   115     7    86     2   116 0.76 -
XP_005846042.1       -            278 8406at3041           -            148   9.9e-13   47.7   8.8   2   2   2.7e-07   4.3e-05   22.9   2.5    73   137   134   201   123   204 0.86 -
XP_005843383.1       -            366 8406at3041           -            148   1.6e-12   47.0   0.0   1   2   1.8e-05     0.003   16.9   0.0    30    99    19    89     5   130 0.84 -
XP_005843383.1       -            366 8406at3041           -            148   1.6e-12   47.0   0.0   2   2   1.4e-08   2.3e-06   27.0   1.1    32   124   182   272   179   296 0.86 -
XP_005843609.1       -            278 8406at3041           -            148   2.3e-12   46.5   0.0   1   1   2.5e-14     4e-12   45.7   0.0    32   120   122   214   117   238 0.90 -
XP_005850918.1       -            950 8406at3041           -            148   2.5e-12   46.4   0.1   1   2   1.6e-07   2.6e-05   23.6   0.0    31    90     6    65     2    80 0.86 -
XP_005850918.1       -            950 8406at3041           -            148   2.5e-12   46.4   0.1   2   2   2.3e-06   0.00036   19.9   0.0    30   102   101   173    84   178 0.81 -
XP_005845475.1       -            221 8406at3041           -            148   1.3e-11   44.1   0.0   1   2     3e-08   4.8e-06   26.0   0.0    24   107     4    86     1    96 0.87 -
XP_005845475.1       -            221 8406at3041           -            148   1.3e-11   44.1   0.0   2   2   3.5e-05    0.0055   16.1   0.0    33   107   144   217   128   219 0.80 -
XP_005846257.1       -            187 8406at3041           -            148   7.5e-11   41.6   0.0   1   2   1.9e-06   0.00031   20.1   0.0    30   104    10    81     3    86 0.87 -
XP_005846257.1       -            187 8406at3041           -            148   7.5e-11   41.6   0.0   2   2   2.7e-06   0.00044   19.6   0.0    29   104   106   179    87   182 0.84 -
XP_005848644.1       -            330 8406at3041           -            148   7.9e-11   41.5   0.0   1   2   4.9e-09   7.8e-07   28.6   0.0    31   110   182   259   177   265 0.93 -
XP_005848644.1       -            330 8406at3041           -            148   7.9e-11   41.5   0.0   2   2   0.00042     0.067   12.6   0.0    19    89   259   329   256   330 0.91 -
XP_005845432.1       -            383 8406at3041           -            148   9.9e-11   41.2  12.7   1   3   4.1e-11   6.5e-09   35.3   0.0    31   127   126   222   121   245 0.81 -
XP_005845432.1       -            383 8406at3041           -            148   9.9e-11   41.2  12.7   2   3       3.9   6.3e+02   -0.3   0.0   116   143   274   301   258   304 0.84 -
XP_005845432.1       -            383 8406at3041           -            148   9.9e-11   41.2  12.7   3   3     0.026       4.1    6.7   9.1    70   141   294   371   282   377 0.77 -
XP_005850115.1       -            547 8406at3041           -            148   1.3e-10   40.8   4.5   1   3   1.1e-07   1.7e-05   24.2   0.0    20   103   128   210   116   217 0.84 -
XP_005850115.1       -            547 8406at3041           -            148   1.3e-10   40.8   4.5   2   3    0.0034      0.54    9.6   0.0    33    97   278   341   272   352 0.87 -
XP_005850115.1       -            547 8406at3041           -            148   1.3e-10   40.8   4.5   3   3     0.026       4.2    6.7   0.1    71   116   499   544   484   546 0.86 -
XP_005848842.1       -            717 8406at3041           -            148   1.5e-10   40.6   0.0   1   3    0.0012       0.2   11.0   0.0    30    98   245   307   242   314 0.87 -
XP_005848842.1       -            717 8406at3041           -            148   1.5e-10   40.6   0.0   2   3   0.00013     0.021   14.2   0.0    31    99   351   421   337   432 0.82 -
XP_005848842.1       -            717 8406at3041           -            148   1.5e-10   40.6   0.0   3   3   0.00085      0.14   11.5   0.0    41    94   432   483   425   500 0.85 -
XP_005849322.1       -            116 8406at3041           -            148   1.7e-10   40.4   0.0   1   1   1.1e-12   1.8e-10   40.4   0.0    23   106    28   111     8   116 0.93 -
XP_005844775.1       -            165 8406at3041           -            148   3.7e-10   39.4   0.0   1   1   3.2e-12   5.1e-10   38.9   0.0    30   106    16    92    11   103 0.96 -
XP_005847188.1       -             92 8406at3041           -            148   4.4e-10   39.1   0.0   1   1   3.3e-12   5.3e-10   38.8   0.0    31   104     8    81     3    85 0.92 -
XP_005849999.1       -            506 8406at3041           -            148   5.1e-10   38.9   1.2   1   1   5.9e-12   9.5e-10   38.0   1.2    29   123    30   127    27   145 0.90 -
XP_005852270.1       -            131 8406at3041           -            148   1.3e-09   37.6   0.1   1   1     1e-11   1.6e-09   37.2   0.1    32   104    21    90    16   107 0.91 -
XP_005850487.1       -           1522 8406at3041           -            148   1.7e-09   37.2   0.0   1   1   1.9e-11   3.1e-09   36.3   0.0    34   118  1075  1163  1062  1173 0.91 -
XP_005842863.1       -            140 8406at3041           -            148   3.2e-09   36.3   0.0   1   1   2.7e-11   4.4e-09   35.9   0.0    35   112    56   131    49   138 0.88 -
XP_005848131.1       -            132 8406at3041           -            148   4.1e-09   36.0   0.0   1   1   3.3e-11   5.3e-09   35.6   0.0    29   105    48   122    40   131 0.89 -
XP_005844615.1       -            136 8406at3041           -            148   7.3e-09   35.1   0.0   1   1   5.9e-11   9.5e-09   34.8   0.0    48   106     2    60     1    64 0.96 -
XP_005844167.1       -            303 8406at3041           -            148   3.2e-08   33.1   0.0   1   1     2e-10   3.2e-08   33.1   0.0    31   119    10    96     6   106 0.90 -
XP_005846878.1       -            355 8406at3041           -            148   7.2e-08   31.9   0.0   1   1   1.6e-09   2.5e-07   30.1   0.0    31   104   155   228   150   240 0.94 -
XP_005846789.1       -            248 8406at3041           -            148   1.8e-07   30.7   0.0   1   2   0.00023     0.037   13.4   0.0    19   100    67   146    46   154 0.79 -
XP_005846789.1       -            248 8406at3041           -            148   1.8e-07   30.7   0.0   2   2   5.1e-05    0.0082   15.5   0.0    32    99   166   233   153   241 0.90 -
XP_005844202.1       -            418 8406at3041           -            148   2.6e-07   30.1   0.0   1   1   3.7e-09   5.9e-07   29.0   0.0    32   127   240   336   234   351 0.86 -
XP_005851227.1       -           1007 8406at3041           -            148   3.1e-07   29.9   0.0   1   2    0.0031      0.49    9.7   0.0    42   106   553   618   541   636 0.77 -
XP_005851227.1       -           1007 8406at3041           -            148   3.1e-07   29.9   0.0   2   2   1.2e-05    0.0019   17.6   0.0    30   104   819   893   799   901 0.89 -
XP_005844613.1       -            247 8406at3041           -            148   4.9e-07   29.2   0.2   1   1   5.1e-09   8.2e-07   28.5   0.2    31   123    32   129    26   152 0.88 -
XP_005849687.1       -            522 8406at3041           -            148   7.2e-07   28.7   0.0   1   2   4.5e-09   7.2e-07   28.7   0.0    28   105   256   332   233   341 0.88 -
XP_005849687.1       -            522 8406at3041           -            148   7.2e-07   28.7   0.0   2   2    0.0009      0.14   11.5   4.7    29   123   351   448   332   464 0.74 -
XP_005850660.1       -            620 8406at3041           -            148   7.6e-07   28.6   0.1   1   2    0.0075       1.2    8.5   0.1    35    90    22    77    15    97 0.84 -
XP_005850660.1       -            620 8406at3041           -            148   7.6e-07   28.6   0.1   2   2   2.4e-05    0.0038   16.6   0.0    32    91   477   537   470   551 0.87 -
XP_005849284.1       -            106 8406at3041           -            148     1e-06   28.1   0.0   1   1   7.9e-09   1.3e-06   27.9   0.0    30   105    24    99    14   102 0.93 -
XP_005845434.1       -            199 8406at3041           -            148   1.4e-06   27.7   0.0   1   2   0.00014     0.023   14.0   0.0    39   107    11    80     8   101 0.81 -
XP_005845434.1       -            199 8406at3041           -            148   1.4e-06   27.7   0.0   2   2   0.00078      0.13   11.7   0.0    31   107   120   195   114   197 0.78 -
XP_005851403.1       -            176 8406at3041           -            148   4.5e-06   26.1   0.0   1   1   3.6e-08   5.8e-06   25.7   0.0    32   113    28   108    16   125 0.88 -
XP_005846591.1       -             63 8406at3041           -            148   8.2e-06   25.2   0.0   1   1   5.3e-08   8.4e-06   25.2   0.0    45   104     3    62     1    63 0.94 -
XP_005851550.1       -            568 8406at3041           -            148     9e-06   25.1   0.0   1   2   5.8e-05    0.0092   15.3   0.0    27    97   308   385   284   388 0.82 -
XP_005851550.1       -            568 8406at3041           -            148     9e-06   25.1   0.0   2   2     0.018       2.9    7.2   0.0    64   105   483   524   462   537 0.77 -
XP_005843790.1       -            188 8406at3041           -            148   2.5e-05   23.7   0.0   1   1   2.1e-07   3.3e-05   23.3   0.0    32    94     3    60     1    83 0.91 -
XP_005848105.1       -            302 8406at3041           -            148   2.6e-05   23.6   0.0   1   1   1.6e-07   2.6e-05   23.6   0.0    32   107   224   298   219   300 0.91 -
XP_005846319.1       -            105 8406at3041           -            148   4.3e-05   22.9   0.0   1   1   3.2e-07   5.2e-05   22.6   0.0    30   107     6    83     3    99 0.86 -
XP_005851261.1       -            237 8406at3041           -            148   6.8e-05   22.3   0.0   1   2   7.8e-05     0.012   14.9   0.0    30   106    21    98    15   122 0.81 -
XP_005851261.1       -            237 8406at3041           -            148   6.8e-05   22.3   0.0   2   2     0.067        11    5.4   0.0    54   103   177   229   160   234 0.71 -
XP_005848839.1       -            432 8406at3041           -            148   0.00021   20.6   0.0   1   2       3.7   5.9e+02   -0.3   0.0    73    92   281   300   243   305 0.62 -
XP_005848839.1       -            432 8406at3041           -            148   0.00021   20.6   0.0   2   2   9.4e-06    0.0015   17.9   0.0    30   101   349   419   338   431 0.85 -
XP_005847805.1       -            410 8406at3041           -            148    0.0006   19.2   0.0   1   3      0.29        46    3.3   0.0    30    93     3    65     1    85 0.84 -
XP_005847805.1       -            410 8406at3041           -            148    0.0006   19.2   0.0   2   3       1.2   1.9e+02    1.3   0.0    74    97   266   289   221   292 0.65 -
XP_005847805.1       -            410 8406at3041           -            148    0.0006   19.2   0.0   3   3    0.0018      0.29   10.5   0.0    20    93   315   387   301   394 0.81 -
XP_005844737.1       -            125 8406at3041           -            148   0.00073   18.9   0.0   1   1   7.9e-06    0.0013   18.1   0.0    43   106     6    69     1    78 0.91 -
XP_005842927.1       -            220 8406at3041           -            148     0.002   17.5   0.0   1   2   0.00059     0.094   12.1   0.0    31   107     7    84     3   103 0.78 -
XP_005842927.1       -            220 8406at3041           -            148     0.002   17.5   0.0   2   2      0.25        41    3.5   0.0    30    97   145   207   121   216 0.77 -
XP_005846445.1       -            225 8406at3041           -            148    0.0046   16.3   6.5   1   1   2.9e-05    0.0046   16.3   6.5    32   126    12   104     8   123 0.84 -
XP_005850814.1       -            523 8406at3041           -            148    0.0072   15.7   0.0   1   2     0.046       7.4    5.9   0.0    27   113   145   236   136   239 0.69 -
XP_005850814.1       -            523 8406at3041           -            148    0.0072   15.7   0.0   2   2     0.018         3    7.2   0.0    45   105   286   348   281   367 0.75 -
XP_005845960.1       -           1315 8406at3041           -            148    0.0096   15.3   0.3   1   1   0.00012      0.02   14.3   0.0    31   121   854   935   849   942 0.86 -
XP_005852304.1       -            286 8406at3041           -            148     0.014   14.7   0.0   1   1   0.00015     0.024   14.0   0.0    49    99    53   105    44   113 0.82 -
XP_005844190.1       -           1039 8406at3041           -            148     0.015   14.7   0.0   1   2   0.00044     0.071   12.5   0.0    28   107   371   445   358   457 0.86 -
XP_005844190.1       -           1039 8406at3041           -            148     0.015   14.7   0.0   2   2         3   4.8e+02    0.0   0.0    16    86   441   507   437   516 0.73 -
XP_005846550.1       -            563 8406at3041           -            148     0.017   14.5   0.0   1   1   0.00019     0.031   13.6   0.0    29   109    29   109    27   131 0.88 -
XP_005849530.1       -            555 8406at3041           -            148     0.023   14.1   0.0   1   1   0.00024     0.038   13.3   0.0    33    90    55   112    50   140 0.87 -
XP_005845344.1       -            110 8406at3041           -            148     0.035   13.5   0.0   1   1   0.00027     0.043   13.2   0.0    32   110     8    78     3   101 0.70 -
XP_005843027.1       -            180 8406at3041           -            148     0.035   13.4   0.0   1   1   0.00028     0.045   13.1   0.0    18   104    39   125    31   146 0.90 -
XP_005845448.1       -            658 8406at3041           -            148     0.038   13.4   0.0   1   1   0.00047     0.076   12.4   0.0    39   106   357   422   345   431 0.88 -
XP_005846581.1       -            471 8406at3041           -            148      0.04   13.3   0.0   1   1   0.00047     0.076   12.4   0.0    31    91     8    68     3    78 0.88 -
XP_005852142.1       -            816 8406at3041           -            148     0.089   12.1   0.3   1   1    0.0023      0.37   10.1   0.0    40   104   626   689   587   693 0.82 -
XP_005849713.1       -            330 8406at3041           -            148      0.17   11.2   6.9   1   2      0.11        18    4.6   0.0    31   100    43   110    29   121 0.73 -
XP_005849713.1       -            330 8406at3041           -            148      0.17   11.2   6.9   2   2    0.0017      0.27   10.6   0.1    46   109   138   204   120   222 0.77 -
XP_005848264.1       -            192 8406at3041           -            148      0.89    8.9  29.1   1   1      0.13        20    4.5  26.6    31   141    19   126     3   160 0.75 -
#
# Program:         hmmsearch
# Version:         3.1b2 (February 2015)
# Pipeline mode:   SEARCH
# Query file:      /Users/catrionaharrison/Documents/Bioinformatics/rp2/Data/genomes/busco/busco_downloads/lineages/chlorophyta_odb10/hmms/8406at3041.hmm
# Target file:     /Users/catrionaharrison/Documents/Bioinformatics/rp2/Data/genomes/busco/data/chlorella_variabilis.prot.fasta
# Option settings: hmmsearch --domtblout /Users/catrionaharrison/Documents/Bioinformatics/rp2/Data/genomes/busco/Busco_variabilis/run_chlorophyta_odb10/hmmer_output/initial_run_results/8406at3041.out --cpu 1 /Users/catrionaharrison/Documents/Bioinformatics/rp2/Data/genomes/busco/busco_downloads/lineages/chlorophyta_odb10/hmms/8406at3041.hmm /Users/catrionaharrison/Documents/Bioinformatics/rp2/Data/genomes/busco/data/chlorella_variabilis.prot.fasta 
# Current dir:     /Users/catrionaharrison/Documents/Bioinformatics/rp2/Data/genomes/busco
# Date:            Fri Jul 22 15:08:10 2022
# [ok]
