#                                                                            --- full sequence --- -------------- this domain -------------   hmm coord   ali coord   env coord
# target name        accession   tlen query name           accession   qlen   E-value  score  bias   #  of  c-Evalue  i-Evalue  score  bias  from    to  from    to  from    to  acc description of target
#------------------- ---------- ----- -------------------- ---------- ----- --------- ------ ----- --- --- --------- --------- ------ ----- ----- ----- ----- ----- ----- ----- ---- ---------------------
XP_005848065.1       -            339 8455at3041           -            232   3.9e-95  317.0  16.5   1   3   3.1e-36   9.3e-34  116.2   0.5     2    83    17   100    16   104 0.95 -
XP_005848065.1       -            339 8455at3041           -            232   3.9e-95  317.0  16.5   2   3   1.3e-50   3.9e-48  163.2   6.5    83   210   119   256   110   268 0.83 -
XP_005848065.1       -            339 8455at3041           -            232   3.9e-95  317.0  16.5   3   3   4.3e-14   1.3e-11   43.8   0.3   193   232   269   308   251   308 0.90 -
XP_005851892.1       -            355 8455at3041           -            232   9.5e-38  129.3   7.2   1   4   2.9e-05    0.0085   14.9   0.1     5    42    30    67    26    72 0.75 -
XP_005851892.1       -            355 8455at3041           -            232   9.5e-38  129.3   7.2   2   4   3.9e-16   1.1e-13   50.5   0.2   111   189    71   159    65   164 0.84 -
XP_005851892.1       -            355 8455at3041           -            232   9.5e-38  129.3   7.2   3   4   4.7e-14   1.4e-11   43.6   0.2   112   200   170   273   167   290 0.75 -
XP_005851892.1       -            355 8455at3041           -            232   9.5e-38  129.3   7.2   4   4   2.9e-07   8.7e-05   21.4   0.0   111   151   283   323   271   340 0.85 -
XP_005848154.1       -            385 8455at3041           -            232   1.9e-37  128.3   6.7   1   4      0.82   2.4e+02    0.3   0.0     5    37    81   113    77   125 0.79 -
XP_005848154.1       -            385 8455at3041           -            232   1.9e-37  128.3   6.7   2   4     5e-13   1.5e-10   40.3   0.0   112   193   126   219   122   223 0.81 -
XP_005848154.1       -            385 8455at3041           -            232   1.9e-37  128.3   6.7   3   4   8.8e-22   2.6e-19   68.9   1.0    83   192   192   314   188   317 0.85 -
XP_005848154.1       -            385 8455at3041           -            232   1.9e-37  128.3   6.7   4   4     9e-12   2.7e-09   36.2   0.1     4    90   286   381   283   383 0.84 -
XP_005848592.1       -            285 8455at3041           -            232   2.6e-36  124.5  12.4   1   3   3.2e-15   9.4e-13   47.5   2.1    84   192     3   124     1   125 0.81 -
XP_005848592.1       -            285 8455at3041           -            232   2.6e-36  124.5  12.4   2   3   2.9e-17   8.5e-15   54.2   1.1    82   193    97   224    96   230 0.83 -
XP_005848592.1       -            285 8455at3041           -            232   2.6e-36  124.5  12.4   3   3   8.8e-14   2.6e-11   42.7   0.0    80   156   194   279   192   283 0.78 -
XP_005847872.1       -            284 8455at3041           -            232   3.2e-35  121.0   9.9   1   4   3.2e-08   9.6e-06   24.5   0.1     5    66     2    71     1    72 0.81 -
XP_005847872.1       -            284 8455at3041           -            232   3.2e-35  121.0   9.9   2   4   1.5e-11   4.4e-09   35.4   0.0   111   191    42   128    38   131 0.84 -
XP_005847872.1       -            284 8455at3041           -            232   3.2e-35  121.0   9.9   3   4   7.1e-15   2.1e-12   46.3   0.3   110   194   133   224   129   227 0.86 -
XP_005847872.1       -            284 8455at3041           -            232   3.2e-35  121.0   9.9   4   4   7.5e-13   2.2e-10   39.7   0.3     5    85   195   275   191   281 0.69 -
XP_005849239.1       -            321 8455at3041           -            232   1.9e-32  111.9   2.9   1   4     3e-11   8.9e-09   34.5   0.1     4    82    18    98    15   103 0.90 -
XP_005849239.1       -            321 8455at3041           -            232   1.9e-32  111.9   2.9   2   4   1.3e-12   3.9e-10   38.9   0.1     7    83   121   200   117   204 0.91 -
XP_005849239.1       -            321 8455at3041           -            232   1.9e-32  111.9   2.9   3   4   1.3e-05    0.0039   16.0   0.0   161   205   215   261   208   268 0.76 -
XP_005849239.1       -            321 8455at3041           -            232   1.9e-32  111.9   2.9   4   4     4e-07   0.00012   20.9   0.0   110   158   264   312   260   317 0.88 -
XP_005848122.1       -            485 8455at3041           -            232   1.1e-31  109.5   6.0   1   5     0.063        19    3.9   0.0     5    32    25    52    22    65 0.87 -
XP_005848122.1       -            485 8455at3041           -            232   1.1e-31  109.5   6.0   2   5   7.1e-16   2.1e-13   49.6   0.1   112   191    73   164    68   180 0.79 -
XP_005848122.1       -            485 8455at3041           -            232   1.1e-31  109.5   6.0   3   5   3.6e-08   1.1e-05   24.4   0.0   113   157   293   337   288   340 0.92 -
XP_005848122.1       -            485 8455at3041           -            232   1.1e-31  109.5   6.0   4   5   7.6e-06    0.0023   16.8   0.1     8    41   381   414   374   429 0.77 -
XP_005848122.1       -            485 8455at3041           -            232   1.1e-31  109.5   6.0   5   5   0.00016     0.047   12.5   0.0   110   158   430   478   426   483 0.92 -
XP_005846073.1       -            349 8455at3041           -            232   5.2e-30  103.9   1.5   1   2   1.9e-23   5.5e-21   74.4   0.5     5   158    62   244    59   250 0.78 -
XP_005846073.1       -            349 8455at3041           -            232   5.2e-30  103.9   1.5   2   2   2.2e-06   0.00065   18.5   0.0   121   157   304   340   266   346 0.83 -
XP_005847935.1       -            379 8455at3041           -            232   5.2e-30  103.9   1.5   1   4   0.00094      0.28    9.9   0.0   158   197    60    99    46   108 0.74 -
XP_005847935.1       -            379 8455at3041           -            232   5.2e-30  103.9   1.5   2   4   4.3e-14   1.3e-11   43.8   0.0   112   195   110   199   102   205 0.83 -
XP_005847935.1       -            379 8455at3041           -            232   5.2e-30  103.9   1.5   3   4   3.3e-09   9.8e-07   27.8   0.1   116   194   205   279   197   289 0.79 -
XP_005847935.1       -            379 8455at3041           -            232   5.2e-30  103.9   1.5   4   4   9.2e-07   0.00027   19.8   0.0   115   167   286   338   279   345 0.86 -
XP_005846497.1       -            333 8455at3041           -            232   1.3e-29  102.6   8.0   1   4   5.4e-08   1.6e-05   23.8   0.0   155   197    15    57     9    67 0.88 -
XP_005846497.1       -            333 8455at3041           -            232   1.3e-29  102.6   8.0   2   4    0.0019      0.56    8.9   0.0   113   160    66   113    61   118 0.84 -
XP_005846497.1       -            333 8455at3041           -            232   1.3e-29  102.6   8.0   3   4     3e-12     9e-10   37.7   0.6     4    82   126   209   124   213 0.86 -
XP_005846497.1       -            333 8455at3041           -            232   1.3e-29  102.6   8.0   4   4   5.4e-11   1.6e-08   33.6   0.2     5    85   227   313   223   323 0.85 -
XP_005847959.1       -            360 8455at3041           -            232   5.8e-29  100.5   6.9   1   3   1.5e-05    0.0045   15.8   0.0     7    36    18    47    12    73 0.77 -
XP_005847959.1       -            360 8455at3041           -            232   5.8e-29  100.5   6.9   2   3   2.3e-12   6.7e-10   38.1   0.5   112   196   103   191    77   208 0.87 -
XP_005847959.1       -            360 8455at3041           -            232   5.8e-29  100.5   6.9   3   3   5.4e-14   1.6e-11   43.4   0.4   129   231   231   354   224   355 0.79 -
XP_005843063.1       -            324 8455at3041           -            232     6e-29  100.5   4.9   1   2   3.8e-20   1.1e-17   63.6   0.9     3   177    12   209    10   219 0.76 -
XP_005843063.1       -            324 8455at3041           -            232     6e-29  100.5   4.9   2   2   5.7e-11   1.7e-08   33.5   0.2     2    66   224   291   223   319 0.84 -
XP_005844113.1       -            247 8455at3041           -            232   1.8e-28   98.9   1.1   1   3    0.0042       1.2    7.8   0.0   129   164     1    36     1    53 0.75 -
XP_005844113.1       -            247 8455at3041           -            232   1.8e-28   98.9   1.1   2   3   2.3e-15   6.9e-13   47.9   0.1    82   161    43   124    37   127 0.87 -
XP_005844113.1       -            247 8455at3041           -            232   1.8e-28   98.9   1.1   3   3   1.3e-13   3.8e-11   42.2   0.1     6    83   139   218   134   221 0.90 -
XP_005850107.1       -            289 8455at3041           -            232   1.9e-27   95.6   7.2   1   3   2.7e-12   7.9e-10   37.9   0.3    94   172     3    91     1   100 0.82 -
XP_005850107.1       -            289 8455at3041           -            232   1.9e-27   95.6   7.2   2   3   9.1e-10   2.7e-07   29.6   0.3     4    68    99   171    96   175 0.84 -
XP_005850107.1       -            289 8455at3041           -            232   1.9e-27   95.6   7.2   3   3   1.3e-09     4e-07   29.1   0.1     4    83   201   283   198   287 0.72 -
XP_005843927.1       -            276 8455at3041           -            232   3.1e-26   91.6   2.6   1   2   7.5e-06    0.0022   16.8   0.1    10    84     2    77     1    80 0.91 -
XP_005843927.1       -            276 8455at3041           -            232   3.1e-26   91.6   2.6   2   2   3.4e-22     1e-19   70.3   0.6     5   159    90   270    86   274 0.83 -
XP_005847812.1       -            277 8455at3041           -            232   8.4e-26   90.2  10.9   1   3   1.5e-07   4.3e-05   22.4   0.2    20    89    22    91     6   100 0.78 -
XP_005847812.1       -            277 8455at3041           -            232   8.4e-26   90.2  10.9   2   3   2.5e-14   7.5e-12   44.5   0.8     4    68    98   162    95   177 0.92 -
XP_005847812.1       -            277 8455at3041           -            232   8.4e-26   90.2  10.9   3   3     9e-10   2.7e-07   29.6   0.4     9    85   196   272   189   275 0.90 -
XP_005851209.1       -            301 8455at3041           -            232   3.7e-25   88.1   6.5   1   3     8e-13   2.4e-10   39.6   0.2    83   158    16   107    10   113 0.80 -
XP_005851209.1       -            301 8455at3041           -            232   3.7e-25   88.1   6.5   2   3   7.6e-10   2.2e-07   29.9   0.1   111   190   143   234   135   241 0.81 -
XP_005851209.1       -            301 8455at3041           -            232   3.7e-25   88.1   6.5   3   3   6.9e-06     0.002   16.9   0.1    30    85   241   296   237   299 0.92 -
XP_005851508.1       -            307 8455at3041           -            232   4.4e-25   87.8   8.3   1   4   0.00086      0.26   10.1   0.3   162   194    14    46     4    55 0.88 -
XP_005851508.1       -            307 8455at3041           -            232   4.4e-25   87.8   8.3   2   4   1.4e-09   4.2e-07   29.0   0.0   111   195    54   148    50   160 0.77 -
XP_005851508.1       -            307 8455at3041           -            232   4.4e-25   87.8   8.3   3   4   1.1e-09   3.4e-07   29.3   0.2     7    83   123   203   117   209 0.75 -
XP_005851508.1       -            307 8455at3041           -            232   4.4e-25   87.8   8.3   4   4   9.2e-11   2.7e-08   32.9   0.2    10    88   223   303   213   306 0.86 -
XP_005843928.1       -            300 8455at3041           -            232   4.9e-24   84.4   0.1   1   3   6.3e-14   1.9e-11   43.2   0.0    83   198    19   143    14   148 0.86 -
XP_005843928.1       -            300 8455at3041           -            232   4.9e-24   84.4   0.1   2   3   1.5e-06   0.00043   19.1   0.0   111   140   149   178   143   185 0.86 -
XP_005843928.1       -            300 8455at3041           -            232   4.9e-24   84.4   0.1   3   3   2.1e-06   0.00062   18.6   0.0     6    79   208   289   204   298 0.78 -
XP_005846551.1       -            304 8455at3041           -            232   2.6e-23   82.0   4.0   1   4   4.6e-05     0.013   14.2   0.2   161   194     5    38     1    45 0.88 -
XP_005846551.1       -            304 8455at3041           -            232   2.6e-23   82.0   4.0   2   4   4.3e-06    0.0013   17.6   0.2   113   192    42   129    37   134 0.86 -
XP_005846551.1       -            304 8455at3041           -            232   2.6e-23   82.0   4.0   3   4   4.2e-05     0.012   14.4   0.0   114   157   156   200   148   210 0.86 -
XP_005846551.1       -            304 8455at3041           -            232   2.6e-23   82.0   4.0   4   4   2.3e-11   6.8e-09   34.8   0.0     6    83   219   300   213   302 0.87 -
XP_005850749.1       -            267 8455at3041           -            232   2.7e-21   75.4   6.9   1   2   4.2e-10   1.2e-07   30.7   1.5     5    86     3    85     1   108 0.62 -
XP_005850749.1       -            267 8455at3041           -            232   2.7e-21   75.4   6.9   2   2   6.2e-14   1.8e-11   43.3   0.4     6   130   122   267   116   267 0.89 -
XP_005844628.1       -            277 8455at3041           -            232   3.8e-21   74.9   0.0   1   1   1.8e-20   5.3e-18   64.6   0.0    19   231     2   255     1   256 0.75 -
XP_005848904.1       -            980 8455at3041           -            232   7.9e-21   73.9   7.0   1   4   1.5e-07   4.5e-05   22.3   0.1     2    42    37    77    36    87 0.89 -
XP_005848904.1       -            980 8455at3041           -            232   7.9e-21   73.9   7.0   2   4    0.0023      0.69    8.6   0.2   168   194   320   347   310   363 0.64 -
XP_005848904.1       -            980 8455at3041           -            232   7.9e-21   73.9   7.0   3   4   2.4e-05     0.007   15.2   0.0   111   138   361   388   350   410 0.86 -
XP_005848904.1       -            980 8455at3041           -            232   7.9e-21   73.9   7.0   4   4   1.1e-09   3.3e-07   29.3   0.1    85   156   428   503   422   511 0.56 -
XP_005844262.1       -            448 8455at3041           -            232   5.5e-20   71.1  13.8   1   3       8.1   2.4e+03   -2.9   0.2    63    78    36    51    29    85 0.59 -
XP_005844262.1       -            448 8455at3041           -            232   5.5e-20   71.1  13.8   2   3     3e-13   8.8e-11   41.0   4.1     4   158   111   284   108   289 0.74 -
XP_005844262.1       -            448 8455at3041           -            232   5.5e-20   71.1  13.8   3   3   5.4e-11   1.6e-08   33.6   0.1     6    83   300   378   294   387 0.58 -
XP_005845394.1       -            282 8455at3041           -            232   9.3e-20   70.4   2.8   1   3     2e-06    0.0006   18.7   0.1     5    61    19    75    15   104 0.90 -
XP_005845394.1       -            282 8455at3041           -            232   9.3e-20   70.4   2.8   2   3   4.6e-08   1.4e-05   24.0   0.0   114   158   132   176   127   191 0.89 -
XP_005845394.1       -            282 8455at3041           -            232   9.3e-20   70.4   2.8   3   3   7.8e-09   2.3e-06   26.6   0.5     5    93   192   276   186   280 0.73 -
XP_005845425.1       -            377 8455at3041           -            232   5.4e-19   67.9   7.9   1   4     1e-08     3e-06   26.2   0.6    93   191    30   138    18   145 0.77 -
XP_005845425.1       -            377 8455at3041           -            232   5.4e-19   67.9   7.9   2   4   2.2e-06   0.00064   18.6   0.0   114   159   174   219   159   226 0.84 -
XP_005845425.1       -            377 8455at3041           -            232   5.4e-19   67.9   7.9   3   4   1.6e-05    0.0047   15.7   0.4     7    36   243   272   233   294 0.59 -
XP_005845425.1       -            377 8455at3041           -            232   5.4e-19   67.9   7.9   4   4    0.0036       1.1    8.0   0.0   116   143   323   350   302   367 0.79 -
XP_005846192.1       -            341 8455at3041           -            232   1.3e-18   66.7   1.0   1   5    0.0065       1.9    7.2   0.0   131   194    13    76     9    88 0.65 -
XP_005846192.1       -            341 8455at3041           -            232   1.3e-18   66.7   1.0   2   5   2.5e-07   7.3e-05   21.7   0.0     6    81    48   133    43   143 0.80 -
XP_005846192.1       -            341 8455at3041           -            232   1.3e-18   66.7   1.0   3   5    0.0012      0.35    9.6   0.0   161   190   149   178   136   185 0.84 -
XP_005846192.1       -            341 8455at3041           -            232   1.3e-18   66.7   1.0   4   5   3.7e-06    0.0011   17.8   0.1   112   192   191   277   185   281 0.80 -
XP_005846192.1       -            341 8455at3041           -            232   1.3e-18   66.7   1.0   5   5   0.00015     0.045   12.5   0.0   111   160   285   333   279   338 0.71 -
XP_005852219.1       -            324 8455at3041           -            232   6.7e-18   64.3   1.6   1   4   0.00016     0.046   12.5   0.0   163   196    29    62    21    69 0.84 -
XP_005852219.1       -            324 8455at3041           -            232   6.7e-18   64.3   1.6   2   4   0.00033     0.097   11.4   0.1   114   195    69   160    64   169 0.76 -
XP_005852219.1       -            324 8455at3041           -            232   6.7e-18   64.3   1.6   3   4   1.1e-05    0.0032   16.3   0.0   112   160   173   221   166   238 0.88 -
XP_005852219.1       -            324 8455at3041           -            232   6.7e-18   64.3   1.6   4   4   5.2e-07   0.00015   20.6   0.0     6    82   237   318   230   321 0.83 -
XP_005850850.1       -            370 8455at3041           -            232   2.2e-16   59.3  17.9   1   5   2.9e-07   8.5e-05   21.4   1.5     6    84    11   104     5   116 0.65 -
XP_005850850.1       -            370 8455at3041           -            232   2.2e-16   59.3  17.9   2   5    0.0011      0.34    9.6   0.2   159   204   132   177   121   187 0.84 -
XP_005850850.1       -            370 8455at3041           -            232   2.2e-16   59.3  17.9   3   5   0.00025     0.075   11.8   0.0    38    78   186   225   179   237 0.79 -
XP_005850850.1       -            370 8455at3041           -            232   2.2e-16   59.3  17.9   4   5     0.005       1.5    7.6   0.3   161   190   250   279   245   283 0.84 -
XP_005850850.1       -            370 8455at3041           -            232   2.2e-16   59.3  17.9   5   5   3.1e-05    0.0093   14.8   0.1    38    83   299   344   294   357 0.53 -
XP_005847558.1       -            457 8455at3041           -            232   4.6e-14   51.7   6.5   1   3   6.8e-12     2e-09   36.6   1.0    83   188   182   299   178   311 0.83 -
XP_005847558.1       -            457 8455at3041           -            232   4.6e-14   51.7   6.5   2   3   0.00014     0.043   12.6   0.6     5    80   276   355   271   369 0.82 -
XP_005847558.1       -            457 8455at3041           -            232   4.6e-14   51.7   6.5   3   3    0.0028      0.84    8.4   0.1     6    59   375   432   370   435 0.76 -
XP_005846386.1       -            278 8455at3041           -            232   2.7e-13   49.2   4.1   1   2   1.3e-11   3.9e-09   35.6   1.6    88   190    97   207     8   215 0.83 -
XP_005846386.1       -            278 8455at3041           -            232   2.7e-13   49.2   4.1   2   2   0.00083      0.25   10.1   0.1   111   138   219   246   212   277 0.77 -
XP_005843264.1       -            464 8455at3041           -            232   1.5e-09   37.0   5.3   1   4       0.1        30    3.3   0.0   125   160    62    97    36   111 0.83 -
XP_005843264.1       -            464 8455at3041           -            232   1.5e-09   37.0   5.3   2   4    0.0033      0.97    8.2   0.3    82   156   144   220   138   233 0.76 -
XP_005843264.1       -            464 8455at3041           -            232   1.5e-09   37.0   5.3   3   4     3e-05    0.0088   14.8   0.1   157   192   265   300   262   306 0.90 -
XP_005843264.1       -            464 8455at3041           -            232   1.5e-09   37.0   5.3   4   4   0.00076      0.23   10.2   0.0   111   158   316   363   308   384 0.82 -
XP_005849250.1       -            254 8455at3041           -            232   1.9e-09   36.7   3.7   1   2   4.9e-07   0.00014   20.7   0.8    25   145    11   142     4   162 0.68 -
XP_005849250.1       -            254 8455at3041           -            232   1.9e-09   36.7   3.7   2   2   3.9e-05     0.012   14.4   0.1    83   141   172   233   167   251 0.56 -
#
# Program:         hmmsearch
# Version:         3.1b2 (February 2015)
# Pipeline mode:   SEARCH
# Query file:      /Users/catrionaharrison/Documents/Bioinformatics/rp2/Data/genomes/busco/busco_downloads/lineages/chlorophyta_odb10/hmms/8455at3041.hmm
# Target file:     /Users/catrionaharrison/Documents/Bioinformatics/rp2/Data/genomes/busco/data/chlorella_variabilis.prot.fasta
# Option settings: hmmsearch --domtblout /Users/catrionaharrison/Documents/Bioinformatics/rp2/Data/genomes/busco/Busco_variabilis/run_chlorophyta_odb10/hmmer_output/initial_run_results/8455at3041.out --cpu 1 /Users/catrionaharrison/Documents/Bioinformatics/rp2/Data/genomes/busco/busco_downloads/lineages/chlorophyta_odb10/hmms/8455at3041.hmm /Users/catrionaharrison/Documents/Bioinformatics/rp2/Data/genomes/busco/data/chlorella_variabilis.prot.fasta 
# Current dir:     /Users/catrionaharrison/Documents/Bioinformatics/rp2/Data/genomes/busco
# Date:            Fri Jul 22 15:08:17 2022
# [ok]
