#                                                                            --- full sequence --- -------------- this domain -------------   hmm coord   ali coord   env coord
# target name        accession   tlen query name           accession   qlen   E-value  score  bias   #  of  c-Evalue  i-Evalue  score  bias  from    to  from    to  from    to  acc description of target
#------------------- ---------- ----- -------------------- ---------- ----- --------- ------ ----- --- --- --------- --------- ------ ----- ----- ----- ----- ----- ----- ----- ---- ---------------------
XP_005849546.1       -            113 8539at3041           -             94     4e-38  128.3   0.1   1   2   4.3e-34   3.5e-31  106.1   0.0     9    73     6    71     1    74 0.92 -
XP_005849546.1       -            113 8539at3041           -             94     4e-38  128.3   0.1   2   2   1.9e-07   0.00015   20.7   0.1    65    94    79   109    76   109 0.89 -
XP_005852014.1       -            102 8539at3041           -             94   1.4e-16   59.2   0.1   1   1     2e-19   1.6e-16   59.0   0.1     2    73     9    82     8    94 0.87 -
XP_005848303.1       -            102 8539at3041           -             94   6.1e-10   38.0   0.2   1   1   1.5e-12   1.2e-09   37.0   0.2     3    66    12    81    10   101 0.78 -
XP_005846240.1       -            160 8539at3041           -             94   9.3e-06   24.6   1.3   1   1     7e-08   5.7e-05   22.0   1.3     6    65    11    79     7    84 0.70 -
XP_005848898.1       -            116 8539at3041           -             94   1.7e-05   23.7   0.1   1   2   4.2e-08   3.4e-05   22.7   0.0    10    41    42    73    35    76 0.93 -
XP_005848898.1       -            116 8539at3041           -             94   1.7e-05   23.7   0.1   2   2       7.6   6.2e+03   -3.7   0.0    58    65   102   109    98   111 0.74 -
XP_005847803.1       -             82 8539at3041           -             94   7.4e-05   21.7   0.0   1   1   1.1e-07   8.6e-05   21.5   0.0     8    66    15    71     9    79 0.88 -
XP_005844866.1       -            100 8539at3041           -             94   0.00011   21.1   0.1   1   1   3.7e-07    0.0003   19.7   0.1     6    44    18    56    14    95 0.91 -
XP_005851226.1       -            112 8539at3041           -             94    0.0002   20.3   0.0   1   1   3.3e-07   0.00027   19.9   0.0     4    57    27    81    24    89 0.84 -
XP_005845956.1       -             87 8539at3041           -             94   0.00033   19.6   0.0   1   1   4.7e-07   0.00038   19.4   0.0    17    67    34    83    19    86 0.80 -
XP_005844831.1       -            100 8539at3041           -             94    0.0007   18.6   0.1   1   1   1.1e-06   0.00088   18.2   0.1     7    63    26    87    20    93 0.76 -
XP_005846317.1       -             94 8539at3041           -             94   0.00091   18.2   0.0   1   1   1.2e-06     0.001   18.0   0.0     8    42    12    44     7    91 0.76 -
XP_005851037.1       -             86 8539at3041           -             94    0.0016   17.4   0.0   1   1   2.5e-06     0.002   17.1   0.0     9    68    24    81    17    84 0.82 -
#
# Program:         hmmsearch
# Version:         3.1b2 (February 2015)
# Pipeline mode:   SEARCH
# Query file:      /Users/catrionaharrison/Documents/Bioinformatics/rp2/Data/genomes/busco/busco_downloads/lineages/chlorophyta_odb10/hmms/8539at3041.hmm
# Target file:     /Users/catrionaharrison/Documents/Bioinformatics/rp2/Data/genomes/busco/data/chlorella_variabilis.prot.fasta
# Option settings: hmmsearch --domtblout /Users/catrionaharrison/Documents/Bioinformatics/rp2/Data/genomes/busco/Busco_variabilis/run_chlorophyta_odb10/hmmer_output/initial_run_results/8539at3041.out --cpu 1 /Users/catrionaharrison/Documents/Bioinformatics/rp2/Data/genomes/busco/busco_downloads/lineages/chlorophyta_odb10/hmms/8539at3041.hmm /Users/catrionaharrison/Documents/Bioinformatics/rp2/Data/genomes/busco/data/chlorella_variabilis.prot.fasta 
# Current dir:     /Users/catrionaharrison/Documents/Bioinformatics/rp2/Data/genomes/busco
# Date:            Fri Jul 22 15:08:21 2022
# [ok]
