#                                                                            --- full sequence --- -------------- this domain -------------   hmm coord   ali coord   env coord
# target name        accession   tlen query name           accession   qlen   E-value  score  bias   #  of  c-Evalue  i-Evalue  score  bias  from    to  from    to  from    to  acc description of target
#------------------- ---------- ----- -------------------- ---------- ----- --------- ------ ----- --- --- --------- --------- ------ ----- ----- ----- ----- ----- ----- ----- ---- ---------------------
XP_005843270.1       -            606 928at3041            -            545  3.6e-267  886.6  44.5   1   4  2.9e-204  1.5e-201  670.0   3.2     1   289     3   292     3   294 0.99 -
XP_005843270.1       -            606 928at3041            -            545  3.6e-267  886.6  44.5   2   4   1.7e-47     9e-45  152.5   0.6   326   431   294   409   293   415 0.93 -
XP_005843270.1       -            606 928at3041            -            545  3.6e-267  886.6  44.5   3   4   2.7e-05     0.014   13.3  11.5   417   485   420   506   411   518 0.65 -
XP_005843270.1       -            606 928at3041            -            545  3.6e-267  886.6  44.5   4   4   5.9e-20     3e-17   61.6  14.6   463   545   509   605   487   605 0.75 -
XP_005849535.1       -            301 928at3041            -            545   1.4e-31  109.0   0.0   1   1     4e-34     2e-31  108.4   0.0    62   289    72   299    63   300 0.96 -
XP_005844380.1       -            370 928at3041            -            545   2.8e-07   28.8   0.0   1   1   9.3e-10   4.8e-07   28.0   0.0   170   225    68   123    60   150 0.91 -
XP_005850132.1       -            307 928at3041            -            545   2.5e-06   25.7   0.0   1   1   6.6e-09   3.4e-06   25.2   0.0   162   258    13   110     4   144 0.79 -
XP_005843504.1       -            541 928at3041            -            545   3.1e-05   22.0   0.0   1   2   0.00019       0.1   10.4   0.0   169   295   105   226    98   243 0.68 -
XP_005843504.1       -            541 928at3041            -            545   3.1e-05   22.0   0.0   2   2   0.00078       0.4    8.4   0.0   168   225   276   335   266   338 0.73 -
XP_005848465.1       -            582 928at3041            -            545   8.5e-05   20.6   0.0   1   2   2.9e-06    0.0015   16.5   0.0   168   223    41    99    27   135 0.76 -
XP_005848465.1       -            582 928at3041            -            545   8.5e-05   20.6   0.0   2   2     0.076        39    1.9   0.0   168   221   305   359   300   456 0.66 -
XP_005850376.1       -            436 928at3041            -            545   0.00054   17.9   0.0   1   1   1.7e-06   0.00089   17.2   0.0   170   311   167   306   159   321 0.74 -
XP_005845986.1       -            287 928at3041            -            545    0.0045   14.9   0.0   1   1   1.2e-05    0.0062   14.4   0.0   170   290   154   276   149   285 0.74 -
XP_005843019.1       -            218 928at3041            -            545    0.0057   14.6   0.0   1   1     2e-05      0.01   13.7   0.0   168   370    15   210    12   213 0.77 -
XP_005845780.1       -            416 928at3041            -            545    0.0058   14.5   0.1   1   1   2.1e-05     0.011   13.6   0.1   149   345   140   337   125   363 0.61 -
XP_005846284.1       -            288 928at3041            -            545     0.012   13.5   0.0   1   1   3.2e-05     0.017   13.0   0.0   168   229   122   179   105   199 0.76 -
XP_005843970.1       -            469 928at3041            -            545     0.014   13.3   0.0   1   1   3.2e-05     0.017   13.0   0.0   167   289   230   353   206   435 0.84 -
XP_005844719.1       -            634 928at3041            -            545     0.014   13.2   0.0   1   3      0.41   2.1e+02   -0.5   2.4   425   479    63   121    58   129 0.69 -
XP_005844719.1       -            634 928at3041            -            545     0.014   13.2   0.0   2   3   2.8e-05     0.014   13.2   0.0   165   222   269   325   217   335 0.76 -
XP_005844719.1       -            634 928at3041            -            545     0.014   13.2   0.0   3   3      0.85   4.4e+02   -1.6   0.3   351   394   566   607   559   616 0.78 -
XP_005850980.1       -            478 928at3041            -            545     0.021   12.7   0.0   1   1   6.1e-05     0.031   12.1   0.0   168   261   245   336   227   351 0.79 -
XP_005847055.1       -            397 928at3041            -            545     0.022   12.6   0.0   1   1     6e-05     0.031   12.1   0.0   169   253   105   192    92   201 0.80 -
XP_005849486.1       -            960 928at3041            -            545     0.024   12.5   0.0   1   1   7.1e-05     0.036   11.9   0.0   167   223   516   574   507   604 0.67 -
XP_005845318.1       -            383 928at3041            -            545     0.028   12.3   0.0   1   1   8.3e-05     0.043   11.6   0.0   169   215    65   114    60   123 0.77 -
XP_005847323.1       -            391 928at3041            -            545     0.051   11.4   0.0   1   1   0.00017     0.089   10.6   0.0   169   199    25    55    16    59 0.87 -
XP_005845487.1       -            290 928at3041            -            545         1    7.1   5.3   1   1    0.0025       1.3    6.8   5.3   468   497    63    92    30    95 0.67 -
#
# Program:         hmmsearch
# Version:         3.1b2 (February 2015)
# Pipeline mode:   SEARCH
# Query file:      /Users/catrionaharrison/Documents/Bioinformatics/rp2/Data/genomes/busco/busco_downloads/lineages/chlorophyta_odb10/hmms/928at3041.hmm
# Target file:     /Users/catrionaharrison/Documents/Bioinformatics/rp2/Data/genomes/busco/data/chlorella_variabilis.prot.fasta
# Option settings: hmmsearch --domtblout /Users/catrionaharrison/Documents/Bioinformatics/rp2/Data/genomes/busco/Busco_variabilis/run_chlorophyta_odb10/hmmer_output/initial_run_results/928at3041.out --cpu 1 /Users/catrionaharrison/Documents/Bioinformatics/rp2/Data/genomes/busco/busco_downloads/lineages/chlorophyta_odb10/hmms/928at3041.hmm /Users/catrionaharrison/Documents/Bioinformatics/rp2/Data/genomes/busco/data/chlorella_variabilis.prot.fasta 
# Current dir:     /Users/catrionaharrison/Documents/Bioinformatics/rp2/Data/genomes/busco
# Date:            Fri Jul 22 15:08:07 2022
# [ok]
