#                                                                            --- full sequence --- -------------- this domain -------------   hmm coord   ali coord   env coord
# target name        accession   tlen query name           accession   qlen   E-value  score  bias   #  of  c-Evalue  i-Evalue  score  bias  from    to  from    to  from    to  acc description of target
#------------------- ---------- ----- -------------------- ---------- ----- --------- ------ ----- --- --- --------- --------- ------ ----- ----- ----- ----- ----- ----- ----- ---- ---------------------
XP_005846799.1       -            246 9759at3041           -            106   3.3e-37  126.3   0.0   1   1   4.6e-40     5e-37  125.7   0.0     1   104   129   245   129   245 0.92 -
XP_005844604.1       -            239 9759at3041           -            106   5.4e-06   26.0   0.8   1   3       1.5   1.6e+03   -1.3   0.0    64    85    77    98    70   109 0.82 -
XP_005844604.1       -            239 9759at3041           -            106   5.4e-06   26.0   0.8   2   3   1.6e-08   1.7e-05   24.3   0.0    53   106   125   187   115   187 0.76 -
XP_005844604.1       -            239 9759at3041           -            106   5.4e-06   26.0   0.8   3   3       4.8   5.3e+03   -2.9   0.0    60    81   213   233   192   237 0.57 -
XP_005850764.1       -            155 9759at3041           -            106   7.8e-05   22.2   0.1   1   1     1e-07   0.00011   21.7   0.1    37   105    49   125    28   126 0.79 -
XP_005851902.1       -            193 9759at3041           -            106   0.00028   20.4   0.1   1   1   4.3e-07   0.00046   19.7   0.1    55   106   111   168    87   168 0.79 -
XP_005846533.1       -            135 9759at3041           -            106    0.0097   15.5   0.2   1   1   1.2e-05     0.013   15.1   0.2    54   105    55   112    38   113 0.73 -
XP_005851588.1       -            334 9759at3041           -            106     0.012   15.2   0.0   1   1   1.8e-05      0.02   14.5   0.0    50   105   135   196   132   197 0.82 -
XP_005850279.1       -            146 9759at3041           -            106     0.033   13.8   0.0   1   2       6.5   7.1e+03   -3.4   0.0    18    36    22    40    15    42 0.67 -
XP_005850279.1       -            146 9759at3041           -            106     0.033   13.8   0.0   2   2   5.7e-05     0.062   12.9   0.0    63   105    72   116    57   117 0.79 -
XP_005847475.1       -            280 9759at3041           -            106     0.045   13.4   0.0   1   1   8.6e-05     0.094   12.3   0.0    55   106   140   197   134   197 0.82 -
XP_005849365.1       -            201 9759at3041           -            106     0.066   12.8   0.0   1   1   8.6e-05     0.094   12.3   0.0    49   106   113   173    93   173 0.82 -
#
# Program:         hmmsearch
# Version:         3.1b2 (February 2015)
# Pipeline mode:   SEARCH
# Query file:      /Users/catrionaharrison/Documents/Bioinformatics/rp2/Data/genomes/busco/busco_downloads/lineages/chlorophyta_odb10/hmms/9759at3041.hmm
# Target file:     /Users/catrionaharrison/Documents/Bioinformatics/rp2/Data/genomes/busco/data/chlorella_variabilis.prot.fasta
# Option settings: hmmsearch --domtblout /Users/catrionaharrison/Documents/Bioinformatics/rp2/Data/genomes/busco/Busco_variabilis/run_chlorophyta_odb10/hmmer_output/initial_run_results/9759at3041.out --cpu 1 /Users/catrionaharrison/Documents/Bioinformatics/rp2/Data/genomes/busco/busco_downloads/lineages/chlorophyta_odb10/hmms/9759at3041.hmm /Users/catrionaharrison/Documents/Bioinformatics/rp2/Data/genomes/busco/data/chlorella_variabilis.prot.fasta 
# Current dir:     /Users/catrionaharrison/Documents/Bioinformatics/rp2/Data/genomes/busco
# Date:            Fri Jul 22 15:08:49 2022
# [ok]
