#                                                                            --- full sequence --- -------------- this domain -------------   hmm coord   ali coord   env coord
# target name        accession   tlen query name           accession   qlen   E-value  score  bias   #  of  c-Evalue  i-Evalue  score  bias  from    to  from    to  from    to  acc description of target
#------------------- ---------- ----- -------------------- ---------- ----- --------- ------ ----- --- --- --------- --------- ------ ----- ----- ----- ----- ----- ----- ----- ---- ---------------------
KAI3428342.1         -            364 10167at3041          -            211   1.1e-88  295.6  13.6   1   2   1.3e-38   3.5e-35  120.7   4.2     6   103    66   179    60   181 0.81 -
KAI3428342.1         -            364 10167at3041          -            211   1.1e-88  295.6  13.6   2   2   4.8e-56   1.3e-52  177.7   1.9    84   210   232   360   228   361 0.91 -
KAI3424961.1         -            329 10167at3041          -            211   4.3e-30  104.1   4.0   1   2     2e-14   5.5e-11   41.7   0.3    47   101    69   123    60   143 0.81 -
KAI3424961.1         -            329 10167at3041          -            211   4.3e-30  104.1   4.0   2   2   3.5e-21   9.9e-18   63.7   0.4    99   210   202   315   191   316 0.91 -
KAI3428586.1         -            307 10167at3041          -            211     0.015   14.1   0.2   1   1   8.6e-06     0.024   13.4   0.2   114   199    30   116    12   127 0.84 -
KAI3436346.1         -            104 10167at3041          -            211      0.13   11.0   4.8   1   2   0.00021      0.58    8.9   1.3   124   150    20    46     9    59 0.81 -
KAI3436346.1         -            104 10167at3041          -            211      0.13   11.0   4.8   2   2    0.0079        22    3.8   0.1    51    76    71    96    67   100 0.84 -
#
# Program:         hmmsearch
# Version:         3.1b2 (February 2015)
# Pipeline mode:   SEARCH
# Query file:      /Users/catrionaharrison/Documents/Bioinformatics/rp2/Data/genomes/busco/busco_downloads/lineages/chlorophyta_odb10/hmms/10167at3041.hmm
# Target file:     /Users/catrionaharrison/Documents/Bioinformatics/rp2/Data/genomes/busco/data/chlorella_vulgaris.prot.fasta
# Option settings: hmmsearch --domtblout /Users/catrionaharrison/Documents/Bioinformatics/rp2/Data/genomes/busco/Busco_vulgaris/run_chlorophyta_odb10/hmmer_output/initial_run_results/10167at3041.out --cpu 1 /Users/catrionaharrison/Documents/Bioinformatics/rp2/Data/genomes/busco/busco_downloads/lineages/chlorophyta_odb10/hmms/10167at3041.hmm /Users/catrionaharrison/Documents/Bioinformatics/rp2/Data/genomes/busco/data/chlorella_vulgaris.prot.fasta 
# Current dir:     /Users/catrionaharrison/Documents/Bioinformatics/rp2/Data/genomes/busco
# Date:            Fri Jul 22 15:29:46 2022
# [ok]
