#                                                                            --- full sequence --- -------------- this domain -------------   hmm coord   ali coord   env coord
# target name        accession   tlen query name           accession   qlen   E-value  score  bias   #  of  c-Evalue  i-Evalue  score  bias  from    to  from    to  from    to  acc description of target
#------------------- ---------- ----- -------------------- ---------- ----- --------- ------ ----- --- --- --------- --------- ------ ----- ----- ----- ----- ----- ----- ----- ---- ---------------------
KAI3435946.1         -            215 11776at3041          -            142   2.8e-50  169.3  37.6   1   1   2.7e-53   2.8e-50  169.3  37.6     3   142     2   169     1   169 0.84 -
KAI3426305.1         -            102 11776at3041          -            142   4.1e-10   39.1   0.0   1   1   4.7e-13   4.8e-10   38.9   0.0     8    78    11    80     5    91 0.88 -
KAI3427089.1         -            113 11776at3041          -            142   1.8e-08   33.7   0.0   1   1   2.3e-11   2.3e-08   33.4   0.0    14    77    37   105    29   111 0.79 -
KAI3431664.1         -             96 11776at3041          -            142   1.6e-07   30.7   0.1   1   1   1.9e-10   1.9e-07   30.4   0.1    16    79    22    89    11    93 0.82 -
KAI3438591.1         -            135 11776at3041          -            142   1.7e-07   30.6   0.2   1   1   3.9e-10   3.9e-07   29.4   0.2    17    79    30    86    19   111 0.79 -
KAI3429298.1         -            102 11776at3041          -            142   5.8e-07   28.9   0.1   1   1   7.6e-10   7.7e-07   28.5   0.1    11    77    12    73     6    81 0.85 -
KAI3431284.1         -             87 11776at3041          -            142   1.8e-05   24.1   0.3   1   1     4e-08     4e-05   22.9   0.3    24    77    35    80    11    84 0.80 -
KAI3433568.1         -            118 11776at3041          -            142   4.6e-05   22.7   0.1   1   1   7.1e-08   7.2e-05   22.1   0.0    13    54    38    79    26   104 0.83 -
KAI3431361.1         -            261 11776at3041          -            142   0.00055   19.2   4.9   1   1   2.3e-05     0.023   14.0   4.8    16   105   139   249   133   260 0.52 -
KAI3432335.1         -             79 11776at3041          -            142   0.00092   18.5   1.9   1   1   2.6e-05     0.026   13.8   1.9    14    78    14    66     2    72 0.70 -
KAI3431746.1         -             96 11776at3041          -            142     0.001   18.3   0.0   1   1   1.2e-06    0.0013   18.1   0.0    15    62    28    75    17    94 0.80 -
#
# Program:         hmmsearch
# Version:         3.1b2 (February 2015)
# Pipeline mode:   SEARCH
# Query file:      /Users/catrionaharrison/Documents/Bioinformatics/rp2/Data/genomes/busco/busco_downloads/lineages/chlorophyta_odb10/hmms/11776at3041.hmm
# Target file:     /Users/catrionaharrison/Documents/Bioinformatics/rp2/Data/genomes/busco/data/chlorella_vulgaris.prot.fasta
# Option settings: hmmsearch --domtblout /Users/catrionaharrison/Documents/Bioinformatics/rp2/Data/genomes/busco/Busco_vulgaris/run_chlorophyta_odb10/hmmer_output/initial_run_results/11776at3041.out --cpu 1 /Users/catrionaharrison/Documents/Bioinformatics/rp2/Data/genomes/busco/busco_downloads/lineages/chlorophyta_odb10/hmms/11776at3041.hmm /Users/catrionaharrison/Documents/Bioinformatics/rp2/Data/genomes/busco/data/chlorella_vulgaris.prot.fasta 
# Current dir:     /Users/catrionaharrison/Documents/Bioinformatics/rp2/Data/genomes/busco
# Date:            Fri Jul 22 15:29:51 2022
# [ok]
