#                                                                            --- full sequence --- -------------- this domain -------------   hmm coord   ali coord   env coord
# target name        accession   tlen query name           accession   qlen   E-value  score  bias   #  of  c-Evalue  i-Evalue  score  bias  from    to  from    to  from    to  acc description of target
#------------------- ---------- ----- -------------------- ---------- ----- --------- ------ ----- --- --- --------- --------- ------ ----- ----- ----- ----- ----- ----- ----- ---- ---------------------
KAI3431450.1         -            724 1257at3041           -            577  2.5e-261  867.2   0.0   1   1  1.2e-263  3.7e-261  866.7   0.0     1   567    22   663    22   676 0.91 -
KAI3428624.1         -            548 1257at3041           -            577   1.7e-28   98.5   0.0   1   1   7.2e-31   2.3e-28   98.1   0.0   165   527    36   420    31   429 0.77 -
KAI3438112.1         -            960 1257at3041           -            577   9.3e-07   26.7   0.0   1   3     0.014       4.5    4.7   0.0   199   230    65    96    57   111 0.86 -
KAI3438112.1         -            960 1257at3041           -            577   9.3e-07   26.7   0.0   2   3   1.3e-06   0.00041   18.0   0.0   198   317   122   243   110   258 0.78 -
KAI3438112.1         -            960 1257at3041           -            577   9.3e-07   26.7   0.0   3   3      0.53   1.7e+02   -0.5   0.0   265   298   300   334   289   348 0.70 -
KAI3428241.1         -            392 1257at3041           -            577   1.4e-06   26.1   0.0   1   3     1e-06   0.00033   18.3   0.0   165   238    74   150    71   163 0.84 -
KAI3428241.1         -            392 1257at3041           -            577   1.4e-06   26.1   0.0   2   3     3e-05    0.0095   13.5   0.0   165   239   116   193   116   201 0.76 -
KAI3428241.1         -            392 1257at3041           -            577   1.4e-06   26.1   0.0   3   3      0.11        34    1.8   0.0   193   243   235   285   212   320 0.85 -
KAI3437671.1         -            320 1257at3041           -            577   2.6e-06   25.3   0.0   1   3   0.00016     0.052   11.1   0.0   195   243    62   110    40   114 0.84 -
KAI3437671.1         -            320 1257at3041           -            577   2.6e-06   25.3   0.0   2   3      0.13        41    1.5   0.0   199   227   108   136   105   143 0.88 -
KAI3437671.1         -            320 1257at3041           -            577   2.6e-06   25.3   0.0   3   3   0.00023     0.073   10.6   0.0   164   231   200   268   161   304 0.84 -
KAI3426198.1         -            469 1257at3041           -            577   3.6e-06   24.8   0.2   1   3    0.0017      0.55    7.7   0.1   164   237   186   261   179   278 0.87 -
KAI3426198.1         -            469 1257at3041           -            577   3.6e-06   24.8   0.2   2   3    0.0017      0.56    7.7   0.1   165   251   228   314   210   335 0.85 -
KAI3426198.1         -            469 1257at3041           -            577   3.6e-06   24.8   0.2   3   3   0.00028     0.088   10.3   0.0   180   243   372   438   353   443 0.81 -
KAI3425901.1         -            682 1257at3041           -            577   5.6e-06   24.2   0.0   1   3      0.26        82    0.5   0.0   201   239   401   439   390   447 0.89 -
KAI3425901.1         -            682 1257at3041           -            577   5.6e-06   24.2   0.0   2   3   7.6e-06    0.0024   15.5   0.0   184   242   468   528   456   533 0.83 -
KAI3425901.1         -            682 1257at3041           -            577   5.6e-06   24.2   0.0   3   3      0.02       6.3    4.2   0.0   165   230   532   601   528   614 0.67 -
KAI3432643.1         -           1022 1257at3041           -            577   2.2e-05   22.2   0.0   1   3    0.0027      0.87    7.0   0.0   198   240    58   100     5   114 0.73 -
KAI3432643.1         -           1022 1257at3041           -            577   2.2e-05   22.2   0.0   2   3      0.95     3e+02   -1.4   0.0   193   234   179   220   157   224 0.82 -
KAI3432643.1         -           1022 1257at3041           -            577   2.2e-05   22.2   0.0   3   3   0.00012     0.038   11.5   0.0   168   241   507   583   500   591 0.74 -
KAI3434650.1         -            330 1257at3041           -            577   3.3e-05   21.6   0.1   1   4      0.18        59    1.0   0.0   211   238    75   102    17   122 0.70 -
KAI3434650.1         -            330 1257at3041           -            577   3.3e-05   21.6   0.1   2   4      0.21        68    0.8   0.0   183   207    87   112    66   140 0.58 -
KAI3434650.1         -            330 1257at3041           -            577   3.3e-05   21.6   0.1   3   4    0.0041       1.3    6.4   0.0   197   237   147   188   140   195 0.86 -
KAI3434650.1         -            330 1257at3041           -            577   3.3e-05   21.6   0.1   4   4   0.00033       0.1   10.1   0.0   164   240   195   273   189   280 0.85 -
KAI3433638.1         -            375 1257at3041           -            577   3.5e-05   21.5   0.4   1   3   2.2e-06    0.0007   17.2   0.1   383   488    10   124     4   130 0.74 -
KAI3433638.1         -            375 1257at3041           -            577   3.5e-05   21.5   0.4   2   3   0.00063       0.2    9.1   0.1   165   225   112   178   102   212 0.81 -
KAI3433638.1         -            375 1257at3041           -            577   3.5e-05   21.5   0.4   3   3       1.6   5.2e+02   -2.1   0.0   353   380   315   342   313   349 0.87 -
KAI3424206.1         -            314 1257at3041           -            577   5.9e-05   20.8   0.0   1   2    0.0096         3    5.2   0.0   199   238    78   117    68   127 0.88 -
KAI3424206.1         -            314 1257at3041           -            577   5.9e-05   20.8   0.0   2   2   3.4e-05     0.011   13.3   0.0   168   241   219   295   204   302 0.79 -
KAI3430499.1         -            510 1257at3041           -            577   6.5e-05   20.6   1.7   1   3    0.0012      0.38    8.2   0.2   164   241   207   286   201   300 0.81 -
KAI3430499.1         -            510 1257at3041           -            577   6.5e-05   20.6   1.7   2   3    0.0031      0.99    6.8   0.1   167   465   334   406   299   440 0.57 -
KAI3430499.1         -            510 1257at3041           -            577   6.5e-05   20.6   1.7   3   3     0.029       9.1    3.7   0.0   389   458   414   484   404   491 0.52 -
KAI3435657.1         -            513 1257at3041           -            577   8.4e-05   20.3   0.1   1   3     0.036        12    3.3   0.0   192   231   206   246   201   264 0.76 -
KAI3435657.1         -            513 1257at3041           -            577   8.4e-05   20.3   0.1   2   3   4.7e-05     0.015   12.9   0.1   167   240   271   348   263   356 0.82 -
KAI3435657.1         -            513 1257at3041           -            577   8.4e-05   20.3   0.1   3   3      0.18        56    1.1   0.0   197   237   347   387   313   399 0.54 -
KAI3426090.1         -            481 1257at3041           -            577   8.7e-05   20.2   0.0   1   4       0.3        95    0.3   0.0   390   454    51    75    26   113 0.49 -
KAI3426090.1         -            481 1257at3041           -            577   8.7e-05   20.2   0.0   2   4   0.00028     0.091   10.3   0.0   392   486   138   240   119   241 0.75 -
KAI3426090.1         -            481 1257at3041           -            577   8.7e-05   20.2   0.0   3   4    0.0066       2.1    5.8   0.0   158   200   223   266   199   282 0.79 -
KAI3426090.1         -            481 1257at3041           -            577   8.7e-05   20.2   0.0   4   4      0.06        19    2.6   0.0   378   445   402   470   371   477 0.74 -
KAI3425286.1         -           1331 1257at3041           -            577   0.00031   18.4   0.3   1   6       1.4   4.4e+02   -1.9   0.0   200   236   615   651   580   663 0.77 -
KAI3425286.1         -           1331 1257at3041           -            577   0.00031   18.4   0.3   2   6       0.6   1.9e+02   -0.7   0.0   200   238   660   698   619   703 0.79 -
KAI3425286.1         -           1331 1257at3041           -            577   0.00031   18.4   0.3   3   6     0.012       3.9    4.9   0.1   164   240   705   784   699   795 0.78 -
KAI3425286.1         -           1331 1257at3041           -            577   0.00031   18.4   0.3   4   6      0.71   2.3e+02   -1.0   0.0   199   237   910   948   882   977 0.66 -
KAI3425286.1         -           1331 1257at3041           -            577   0.00031   18.4   0.3   5   6    0.0062         2    5.9   0.0   196   242  1000  1047   970  1058 0.81 -
KAI3425286.1         -           1331 1257at3041           -            577   0.00031   18.4   0.3   6   6      0.51   1.6e+02   -0.5   0.0   191   232  1121  1162  1089  1169 0.75 -
KAI3430319.1         -            445 1257at3041           -            577   0.00053   17.6   0.2   1   3       1.3   4.1e+02   -1.8   0.0   183   234   202   253   153   277 0.60 -
KAI3430319.1         -            445 1257at3041           -            577   0.00053   17.6   0.2   2   3   0.00084      0.27    8.7   0.0   180   244   279   343   262   353 0.85 -
KAI3430319.1         -            445 1257at3041           -            577   0.00053   17.6   0.2   3   3    0.0044       1.4    6.3   0.0   170   244   349   423   344   433 0.88 -
KAI3435932.1         -            981 1257at3041           -            577   0.00057   17.5   0.0   1   3    0.0027      0.86    7.1   0.0   167   238    74   148    69   162 0.81 -
KAI3435932.1         -            981 1257at3041           -            577   0.00057   17.5   0.0   2   3      0.15        47    1.3   0.0   199   237   454   491   442   530 0.88 -
KAI3435932.1         -            981 1257at3041           -            577   0.00057   17.5   0.0   3   3     0.015       4.8    4.6   0.0   190   242   660   715   638   723 0.80 -
KAI3438279.1         -            578 1257at3041           -            577   0.00068   17.3   0.0   1   3   2.1e-05    0.0067   14.0   0.0   166   238   243   321   227   342 0.75 -
KAI3438279.1         -            578 1257at3041           -            577   0.00068   17.3   0.0   2   3      0.48   1.5e+02   -0.4   0.0   199   227   406   434   386   448 0.81 -
KAI3438279.1         -            578 1257at3041           -            577   0.00068   17.3   0.0   3   3       1.9   6.2e+02   -2.4   0.0   213   240   511   538   506   561 0.65 -
KAI3436421.1         -            628 1257at3041           -            577   0.00091   16.9   3.2   1   2     0.037        12    3.3   0.1   166   227   109   173    99   178 0.78 -
KAI3436421.1         -            628 1257at3041           -            577   0.00091   16.9   3.2   2   2   4.7e-05     0.015   12.9   0.3   134   243   200   314   179   320 0.77 -
KAI3424821.1         -            585 1257at3041           -            577    0.0019   15.8   0.1   1   2   0.00058      0.18    9.3   0.0   191   238   314   361   283   368 0.73 -
KAI3424821.1         -            585 1257at3041           -            577    0.0019   15.8   0.1   2   2      0.02       6.3    4.2   0.0   179   244   385   451   367   459 0.79 -
KAI3434463.1         -            501 1257at3041           -            577     0.005   14.4   0.0   1   2    0.0018      0.57    7.6   0.0   200   241   192   233   174   240 0.84 -
KAI3434463.1         -            501 1257at3041           -            577     0.005   14.4   0.0   2   2     0.052        17    2.8   0.0   168   236   283   354   240   367 0.60 -
KAI3430661.1         -            450 1257at3041           -            577    0.0092   13.6   0.1   1   2     0.064        20    2.5   0.0   404   486   215   303   177   312 0.49 -
KAI3430661.1         -            450 1257at3041           -            577    0.0092   13.6   0.1   2   2   0.00068      0.22    9.0   0.1   185   235   316   366   292   378 0.81 -
KAI3438773.1         -           1013 1257at3041           -            577     0.012   13.2   0.3   1   4      0.19        60    1.0   0.0   166   220    58   114    54   126 0.79 -
KAI3438773.1         -           1013 1257at3041           -            577     0.012   13.2   0.3   2   4     0.026       8.4    3.8   0.0   158   238   424   507   402   518 0.64 -
KAI3438773.1         -           1013 1257at3041           -            577     0.012   13.2   0.3   3   4      0.58   1.8e+02   -0.6   0.0   428   460   596   625   581   635 0.67 -
KAI3438773.1         -           1013 1257at3041           -            577     0.012   13.2   0.3   4   4     0.082        26    2.2   0.0   201   241   660   700   618   707 0.85 -
KAI3428827.1         -            524 1257at3041           -            577     0.019   12.5   0.1   1   5       1.1   3.5e+02   -1.6   0.0   506   529   256   279   240   291 0.68 -
KAI3428827.1         -            524 1257at3041           -            577     0.019   12.5   0.1   2   5     0.022       7.1    4.0   0.0   169   240   283   356   278   367 0.74 -
KAI3428827.1         -            524 1257at3041           -            577     0.019   12.5   0.1   3   5     0.014       4.3    4.7   0.0   167   241   322   399   318   404 0.78 -
KAI3428827.1         -            524 1257at3041           -            577     0.019   12.5   0.1   4   5      0.03       9.7    3.6   0.0   171   230   368   430   358   443 0.66 -
KAI3428827.1         -            524 1257at3041           -            577     0.019   12.5   0.1   5   5      0.12        37    1.7   0.0   167   238   406   481   400   502 0.56 -
KAI3425793.1         -           1034 1257at3041           -            577     0.024   12.2   0.1   1   3    0.0033       1.1    6.7   0.0   173   245    30   103     9   113 0.83 -
KAI3425793.1         -           1034 1257at3041           -            577     0.024   12.2   0.1   2   3     0.047        15    2.9   0.0   189   244    88   145    81   151 0.74 -
KAI3425793.1         -           1034 1257at3041           -            577     0.024   12.2   0.1   3   3      0.13        41    1.5   0.0   198   241   185   230   113   235 0.76 -
KAI3434481.1         -            500 1257at3041           -            577     0.028   12.0   0.0   1   2    0.0063         2    5.8   0.0   204   241    84   121    60   127 0.84 -
KAI3434481.1         -            500 1257at3041           -            577     0.028   12.0   0.0   2   2     0.016       5.2    4.5   0.0   201   243   123   164   119   181 0.86 -
KAI3433729.1         -            675 1257at3041           -            577     0.038   11.5   0.0   1   3       3.7   1.2e+03   -3.3   0.0   200   228   287   315   282   319 0.81 -
KAI3433729.1         -            675 1257at3041           -            577     0.038   11.5   0.0   2   3    0.0051       1.6    6.1   0.0   163   224   419   482   407   509 0.80 -
KAI3433729.1         -            675 1257at3041           -            577     0.038   11.5   0.0   3   3     0.062        20    2.5   0.0   209   240   601   632   584   662 0.85 -
KAI3428369.1         -            409 1257at3041           -            577     0.039   11.5   0.0   1   3     0.012         4    4.9   0.0   165   241    71   157    59   162 0.70 -
KAI3428369.1         -            409 1257at3041           -            577     0.039   11.5   0.0   2   3     0.099        32    1.9   0.0   164   235   161   237   158   246 0.70 -
KAI3428369.1         -            409 1257at3041           -            577     0.039   11.5   0.0   3   3      0.23        74    0.7   0.0   200   241   336   377   306   385 0.82 -
KAI3438328.1         -            353 1257at3041           -            577     0.039   11.5   0.0   1   3    0.0014      0.43    8.0   0.0   166   238    66   142    61   150 0.78 -
KAI3438328.1         -            353 1257at3041           -            577     0.039   11.5   0.0   2   3         1   3.3e+02   -1.5   0.0   184   237   171   225   162   237 0.63 -
KAI3438328.1         -            353 1257at3041           -            577     0.039   11.5   0.0   3   3      0.54   1.7e+02   -0.6   0.0   199   236   279   316   235   333 0.74 -
KAI3424363.1         -            795 1257at3041           -            577     0.041   11.4   0.0   1   3   0.00055      0.17    9.3   0.0   197   303   381   492   372   501 0.79 -
KAI3424363.1         -            795 1257at3041           -            577     0.041   11.4   0.0   2   3       2.4   7.8e+02   -2.7   0.0   435   483   523   570   509   581 0.72 -
KAI3424363.1         -            795 1257at3041           -            577     0.041   11.4   0.0   3   3       3.4   1.1e+03   -3.2   0.0   171   229   623   683   617   685 0.64 -
KAI3433368.1         -            567 1257at3041           -            577     0.042   11.4   0.2   1   3       4.4   1.4e+03   -3.5   0.0   407   446   152   190   142   194 0.72 -
KAI3433368.1         -            567 1257at3041           -            577     0.042   11.4   0.2   2   3     0.011       3.5    5.0   0.1   432   486   230   284   224   304 0.47 -
KAI3433368.1         -            567 1257at3041           -            577     0.042   11.4   0.2   3   3     0.035        11    3.4   0.0   390   414   393   416   387   445 0.77 -
KAI3437620.1         -            510 1257at3041           -            577     0.049   11.2   0.0   1   2     0.022       7.2    4.0   0.0   191   235   149   193   138   202 0.84 -
KAI3437620.1         -            510 1257at3041           -            577     0.049   11.2   0.0   2   2     0.011       3.6    5.0   0.0   203   241   228   266   212   282 0.87 -
KAI3435675.1         -            742 1257at3041           -            577     0.051   11.1   0.0   1   2   0.00062       0.2    9.2   0.0   198   242    39    84    21    95 0.81 -
KAI3435675.1         -            742 1257at3041           -            577     0.051   11.1   0.0   2   2      0.92   2.9e+02   -1.3   0.0   200   238   566   605   557   612 0.68 -
KAI3425252.1         -            531 1257at3041           -            577      0.07   10.6   0.0   1   1   0.00049      0.16    9.5   0.0   411   494   136   220   107   245 0.71 -
KAI3424349.1         -            501 1257at3041           -            577      0.13    9.8   0.0   1   2      0.79   2.5e+02   -1.1   0.0   189   240   204   256   189   263 0.83 -
KAI3424349.1         -            501 1257at3041           -            577      0.13    9.8   0.0   2   2    0.0015      0.48    7.9   0.0   168   271   353   454   279   472 0.82 -
#
# Program:         hmmsearch
# Version:         3.1b2 (February 2015)
# Pipeline mode:   SEARCH
# Query file:      /Users/catrionaharrison/Documents/Bioinformatics/rp2/Data/genomes/busco/busco_downloads/lineages/chlorophyta_odb10/hmms/1257at3041.hmm
# Target file:     /Users/catrionaharrison/Documents/Bioinformatics/rp2/Data/genomes/busco/data/chlorella_vulgaris.prot.fasta
# Option settings: hmmsearch --domtblout /Users/catrionaharrison/Documents/Bioinformatics/rp2/Data/genomes/busco/Busco_vulgaris/run_chlorophyta_odb10/hmmer_output/initial_run_results/1257at3041.out --cpu 1 /Users/catrionaharrison/Documents/Bioinformatics/rp2/Data/genomes/busco/busco_downloads/lineages/chlorophyta_odb10/hmms/1257at3041.hmm /Users/catrionaharrison/Documents/Bioinformatics/rp2/Data/genomes/busco/data/chlorella_vulgaris.prot.fasta 
# Current dir:     /Users/catrionaharrison/Documents/Bioinformatics/rp2/Data/genomes/busco
# Date:            Fri Jul 22 15:31:38 2022
# [ok]
