#                                                                                    --- full sequence --- -------------- this domain -------------   hmm coord   ali coord   env coord
# target name                accession   tlen query name           accession   qlen   E-value  score  bias   #  of  c-Evalue  i-Evalue  score  bias  from    to  from    to  from    to  acc description of target
#        ------------------- ---------- ----- -------------------- ---------- ----- --------- ------ ----- --- --- --------- --------- ------ ----- ----- ----- ----- ----- ----- ----- ---- ---------------------
KAI3436543.1                 -            445 1610at3041           -            355  2.4e-201  667.5   7.1   1   1  8.5e-204  4.1e-201  666.7   7.1     1   355    50   443    50   443 0.95 -
KAI3423607.1                 -            410 1610at3041           -            355  1.1e-160  533.7   3.5   1   1  3.4e-163  1.6e-160  533.1   3.5     5   355     7   408     4   408 0.90 Chlorella vulgaris isolate 211/11P chloroplast, complete sequence, whole genome shotgun sequence.
KAI3436710.1                 -            615 1610at3041           -            355   7.9e-34  116.4   2.7   1   2   1.1e-22   5.4e-20   70.9   0.3     9   126     6   136     2   144 0.83 -
KAI3436710.1                 -            615 1610at3041           -            355   7.9e-34  116.4   2.7   2   2     1e-14     5e-12   44.7   0.1   183   276   233   329   226   338 0.88 -
KAI3433310.1                 -            614 1610at3041           -            355   1.4e-33  115.6   0.3   1   4   0.00035      0.17   10.1   0.0     7    30   173   196   168   218 0.85 -
KAI3433310.1                 -            614 1610at3041           -            355   1.4e-33  115.6   0.3   2   4   3.4e-21   1.7e-18   66.0   0.0    39   156   229   354   224   365 0.82 -
KAI3433310.1                 -            614 1610at3041           -            355   1.4e-33  115.6   0.3   3   4   9.5e-12   4.6e-09   35.0   0.0   170   274   393   497   389   530 0.85 -
KAI3433310.1                 -            614 1610at3041           -            355   1.4e-33  115.6   0.3   4   4       1.3   6.5e+02   -1.7   0.0   336   352   586   602   579   604 0.86 -
KAI3426909.1                 -            464 1610at3041           -            355   1.7e-33  115.4   4.6   1   3     0.005       2.4    6.3   0.1     7    29     4    26     1    48 0.85 -
KAI3426909.1                 -            464 1610at3041           -            355   1.7e-33  115.4   4.6   2   3     8e-18   3.9e-15   55.0   0.1    38   127    59   165    43   205 0.74 -
KAI3426909.1                 -            464 1610at3041           -            355   1.7e-33  115.4   4.6   3   3   1.3e-17   6.2e-15   54.3   0.1   168   267   238   346   214   402 0.80 -
KAI3426912.1                 -            464 1610at3041           -            355   1.7e-33  115.4   4.6   1   3     0.005       2.4    6.3   0.1     7    29     4    26     1    48 0.85 -
KAI3426912.1                 -            464 1610at3041           -            355   1.7e-33  115.4   4.6   2   3     8e-18   3.9e-15   55.0   0.1    38   127    59   165    43   205 0.74 -
KAI3426912.1                 -            464 1610at3041           -            355   1.7e-33  115.4   4.6   3   3   1.3e-17   6.2e-15   54.3   0.1   168   267   238   346   214   402 0.80 -
KAI3426442.1                 -            665 1610at3041           -            355   2.5e-30  104.9   1.6   1   2   3.2e-30   1.5e-27   95.7   0.5    38   270   282   549   223   568 0.74 -
KAI3426442.1                 -            665 1610at3041           -            355   2.5e-30  104.9   1.6   2   2      0.93   4.5e+02   -1.2   0.0   336   353   641   658   629   660 0.87 -
KAI3426443.1                 -            689 1610at3041           -            355   2.8e-30  104.7   1.6   1   2   3.4e-30   1.7e-27   95.6   0.5    38   270   306   573   247   592 0.74 -
KAI3426443.1                 -            689 1610at3041           -            355   2.8e-30  104.7   1.6   2   2      0.96   4.7e+02   -1.2   0.0   336   353   665   682   653   684 0.87 -
KAI3438260.1                 -            463 1610at3041           -            355   1.5e-21   76.0   5.0   1   2     2e-08   9.6e-06   24.1   0.2     9    74    33    95    27   100 0.81 -
KAI3438260.1                 -            463 1610at3041           -            355   1.5e-21   76.0   5.0   2   2   2.1e-17     1e-14   53.6   0.9    61   223   122   291   115   304 0.74 -
KAI3432869.1                 -            683 1610at3041           -            355   7.3e-21   73.8   0.8   1   2   1.5e-23   7.3e-21   73.8   0.8    11   220    86   317    79   322 0.75 -
KAI3432869.1                 -            683 1610at3041           -            355   7.3e-21   73.8   0.8   2   2       2.5   1.2e+03   -2.6   0.1   258   284   584   612   546   635 0.53 -
KAI3431850.1                 -            632 1610at3041           -            355   2.5e-19   68.8   0.0   1   1   2.2e-21   1.1e-18   66.6   0.0    11   223    20   259    11   278 0.76 -
KAI3430251.1                 -            903 1610at3041           -            355     7e-18   64.0   1.3   1   2   1.4e-20     7e-18   64.0   1.3    13   220   383   590   377   603 0.78 -
KAI3430251.1                 -            903 1610at3041           -            355     7e-18   64.0   1.3   2   2       4.2   2.1e+03   -3.3   0.2   231   272   795   840   785   870 0.58 -
SIDB01000009.2322981.2330027 -           1207 1610at3041           -            355   1.5e-15   56.4   1.3   1   1   6.5e-18   3.1e-15   55.3   1.3    13   218   353   556   343   564 0.66 -
KAI3434957.1                 -            651 1610at3041           -            355   1.5e-13   49.7   0.1   1   1   4.7e-16   2.3e-13   49.1   0.1    12   228    61   284    49   323 0.76 -
KAI3430444.1                 -            645 1610at3041           -            355   5.3e-13   47.9   0.4   1   1   1.9e-15   9.3e-13   47.1   0.4    12   224    47   268    38   315 0.77 -
KAI3429314.1                 -            769 1610at3041           -            355   1.3e-09   36.7   0.7   1   2   5.8e-12   2.8e-09   35.7   0.1    11   126    81   209    75   222 0.81 -
KAI3429314.1                 -            769 1610at3041           -            355   1.3e-09   36.7   0.7   2   2       4.3   2.1e+03   -3.4   0.0   215   231   441   457   434   462 0.81 -
KAI3428319.1                 -            605 1610at3041           -            355   1.8e-08   33.1   2.7   1   3     0.072        35    2.5   0.0    11    35   181   205   175   216 0.87 -
KAI3428319.1                 -            605 1610at3041           -            355   1.8e-08   33.1   2.7   2   3   0.00055      0.27    9.4   0.1    61   125   264   329   236   351 0.84 -
KAI3428319.1                 -            605 1610at3041           -            355   1.8e-08   33.1   2.7   3   3   5.2e-07   0.00025   19.4   0.2   187   351   414   591   380   595 0.61 -
KAI3429283.1                 -            763 1610at3041           -            355   4.7e-08   31.7   0.1   1   1   1.9e-10   9.2e-08   30.7   0.1    11   127    72   204    64   242 0.77 -
KAI3426362.1                 -            846 1610at3041           -            355   7.3e-08   31.0   2.9   1   2   2.4e-09   1.1e-06   27.1   1.5    12   146    21   181    13   199 0.65 -
KAI3426362.1                 -            846 1610at3041           -            355   7.3e-08   31.0   2.9   2   2      0.29   1.4e+02    0.5   0.0   185   225   375   416   360   457 0.81 -
KAI3430424.1                 -           1198 1610at3041           -            355   7.4e-08   31.0   0.0   1   2   0.00039      0.19    9.9   0.0     6    53    14    70    10    74 0.64 -
KAI3430424.1                 -           1198 1610at3041           -            355   7.4e-08   31.0   0.0   2   2     1e-06    0.0005   18.4   0.0    63   126   104   166    86   183 0.83 -
KAI3437771.1                 -           1054 1610at3041           -            355   1.3e-05   23.6   1.1   1   3   1.9e-07   9.2e-05   20.8   0.1    60   144   294   381   287   409 0.83 -
KAI3437771.1                 -           1054 1610at3041           -            355   1.3e-05   23.6   1.1   2   3      0.75   3.6e+02   -0.9   0.0   190   221   524   555   506   601 0.81 -
KAI3437771.1                 -           1054 1610at3041           -            355   1.3e-05   23.6   1.1   3   3      0.95   4.6e+02   -1.2   0.0   331   354  1017  1042  1011  1043 0.78 -
KAI3429758.1                 -            991 1610at3041           -            355   0.00026   19.3   0.1   1   2   1.9e-05    0.0093   14.2   0.1    44   125   197   278   142   286 0.75 -
KAI3429758.1                 -            991 1610at3041           -            355   0.00026   19.3   0.1   2   2      0.11        56    1.8   0.0   202   225   507   530   485   536 0.82 -
KAI3438911.1                 -           1524 1610at3041           -            355    0.0016   16.8   0.3   1   2   0.00046      0.22    9.7   0.0    64   125   998  1058   932  1067 0.76 -
KAI3438911.1                 -           1524 1610at3041           -            355    0.0016   16.8   0.3   2   2      0.03        14    3.7   0.1   169   227  1136  1194  1096  1204 0.76 -
#
# Program:         hmmsearch
# Version:         3.1b2 (February 2015)
# Pipeline mode:   SEARCH
# Query file:      /Users/catrionaharrison/Documents/Bioinformatics/rp2/Data/genomes/busco/busco_downloads/lineages/chlorophyta_odb10/hmms/1610at3041.hmm
# Target file:     /Users/catrionaharrison/Documents/Bioinformatics/rp2/Data/genomes/busco/data/chlorella_vulgaris.prot.fasta
# Option settings: hmmsearch --domtblout /Users/catrionaharrison/Documents/Bioinformatics/rp2/Data/genomes/busco/Busco_vulgaris/run_chlorophyta_odb10/hmmer_output/initial_run_results/1610at3041.out --cpu 1 /Users/catrionaharrison/Documents/Bioinformatics/rp2/Data/genomes/busco/busco_downloads/lineages/chlorophyta_odb10/hmms/1610at3041.hmm /Users/catrionaharrison/Documents/Bioinformatics/rp2/Data/genomes/busco/data/chlorella_vulgaris.prot.fasta 
# Current dir:     /Users/catrionaharrison/Documents/Bioinformatics/rp2/Data/genomes/busco
# Date:            Fri Jul 22 15:29:53 2022
# [ok]
