#                                                                            --- full sequence --- -------------- this domain -------------   hmm coord   ali coord   env coord
# target name        accession   tlen query name           accession   qlen   E-value  score  bias   #  of  c-Evalue  i-Evalue  score  bias  from    to  from    to  from    to  acc description of target
#------------------- ---------- ----- -------------------- ---------- ----- --------- ------ ----- --- --- --------- --------- ------ ----- ----- ----- ----- ----- ----- ----- ---- ---------------------
KAI3436168.1         -            641 1684at3041           -            473  3.7e-170  566.0  12.6   1   3   2.3e-50   1.3e-47  162.0   2.5     1   196     2   277     2   286 0.75 -
KAI3436168.1         -            641 1684at3041           -            473  3.7e-170  566.0  12.6   2   3   3.8e-91   2.1e-88  296.4   0.8   194   402   321   544   306   547 0.88 -
KAI3436168.1         -            641 1684at3041           -            473  3.7e-170  566.0  12.6   3   3   1.1e-32   6.4e-30  103.6   0.0   403   473   566   639   554   639 0.93 -
KAI3438887.1         -            509 1684at3041           -            473   2.4e-18   65.5   0.0   1   2   1.4e-15   7.9e-13   47.2   0.0   203   287   246   336   235   344 0.84 -
KAI3438887.1         -            509 1684at3041           -            473   2.4e-18   65.5   0.0   2   2   4.4e-06    0.0025   15.9   0.0   217   275   360   422   337   431 0.79 -
KAI3428417.1         -            927 1684at3041           -            473   4.5e-18   64.5   0.1   1   1   1.1e-18   6.4e-16   57.4   0.1   262   400   674   823   629   922 0.65 -
KAI3436183.1         -            359 1684at3041           -            473   3.3e-14   51.8   0.0   1   3     3e-08   1.7e-05   23.1   0.0   198   277    21   108    14   116 0.79 -
KAI3436183.1         -            359 1684at3041           -            473   3.3e-14   51.8   0.0   2   3   5.8e-07   0.00033   18.8   0.0   207   280   168   247   165   252 0.80 -
KAI3436183.1         -            359 1684at3041           -            473   3.3e-14   51.8   0.0   3   3    0.0036         2    6.3   0.0   206   271   281   352   275   357 0.77 -
KAI3438130.1         -           1058 1684at3041           -            473   5.1e-14   51.2   0.2   1   3   2.8e-09   1.5e-06   26.5   0.0   203   277     6    87     2    92 0.78 -
KAI3438130.1         -           1058 1684at3041           -            473   5.1e-14   51.2   0.2   2   3   1.9e-07    0.0001   20.5   0.0   203   279   269   351   243   357 0.81 -
KAI3438130.1         -           1058 1684at3041           -            473   5.1e-14   51.2   0.2   3   3      0.38   2.1e+02   -0.3   0.0   195   255   523   587   499   615 0.70 -
KAI3433472.1         -            200 1684at3041           -            473   8.5e-08   30.6   0.0   1   2       2.1   1.2e+03   -2.8   0.1   250   274     9    33     6    56 0.66 -
KAI3433472.1         -            200 1684at3041           -            473   8.5e-08   30.6   0.0   2   2     3e-10   1.7e-07   29.7   0.0   207   275   122   195   109   199 0.84 -
KAI3428198.1         -            562 1684at3041           -            473     1e-07   30.4   0.0   1   1   3.3e-10   1.8e-07   29.5   0.0   203   281   151   235   129   239 0.79 -
KAI3436074.1         -            407 1684at3041           -            473   1.7e-07   29.7   0.1   1   2   2.7e-05     0.015   13.3   0.0   215   282    28    98    15   104 0.81 -
KAI3436074.1         -            407 1684at3041           -            473   1.7e-07   29.7   0.1   2   2   1.1e-05    0.0063   14.6   0.0   214   277   111   179    95   185 0.75 -
KAI3432566.1         -            424 1684at3041           -            473   3.8e-07   28.5   4.1   1   3    0.0096       5.3    4.9   0.2   155   235   121   206   106   212 0.79 -
KAI3432566.1         -            424 1684at3041           -            473   3.8e-07   28.5   4.1   2   3   8.9e-05      0.05   11.6   0.1   242   281   240   279   230   283 0.88 -
KAI3432566.1         -            424 1684at3041           -            473   3.8e-07   28.5   4.1   3   3   3.1e-05     0.017   13.2   0.1   198   275   280   362   276   375 0.76 -
KAI3435919.1         -            428 1684at3041           -            473   1.4e-06   26.7   0.0   1   2   1.1e-05    0.0063   14.6   0.0   202   275   185   262   159   278 0.80 -
KAI3435919.1         -            428 1684at3041           -            473   1.4e-06   26.7   0.0   2   2   0.00017     0.094   10.7   0.0   203   275   283   360   255   367 0.73 -
KAI3436184.1         -            417 1684at3041           -            473   3.1e-06   25.5   0.0   1   2   1.7e-08   9.4e-06   23.9   0.0   205   278   119   200   101   207 0.80 -
KAI3436184.1         -            417 1684at3041           -            473   3.1e-06   25.5   0.0   2   2      0.89     5e+02   -1.5   0.0   235   278   290   334   277   339 0.74 -
KAI3436793.1         -            964 1684at3041           -            473   4.6e-06   24.9   0.0   1   1   1.3e-08   7.3e-06   24.3   0.0   200   276   732   814   705   823 0.77 -
KAI3437709.1         -            228 1684at3041           -            473     8e-06   24.1   0.1   1   1   1.7e-08   9.4e-06   23.9   0.1   201   276    79   159    29   167 0.78 -
KAI3434887.1         -            195 1684at3041           -            473   1.9e-05   22.9   0.0   1   1   3.9e-08   2.2e-05   22.7   0.0   212   276   123   192   100   194 0.78 -
KAI3432644.1         -            363 1684at3041           -            473   0.00014   20.1   0.1   1   1   3.5e-07   0.00019   19.6   0.1   177   276   123   229   117   235 0.75 -
KAI3427976.1         -            520 1684at3041           -            473    0.0003   19.0   0.0   1   1   8.4e-07   0.00047   18.3   0.0   200   275    30   112    22   119 0.79 -
KAI3434830.1         -            398 1684at3041           -            473   0.00032   18.9   0.0   1   1   9.5e-07   0.00053   18.1   0.0   207   280    38   118    31   123 0.79 -
KAI3425035.1         -            197 1684at3041           -            473   0.00065   17.9   0.0   1   1   1.5e-06   0.00083   17.5   0.0   202   269    33   107     8   120 0.73 -
KAI3430816.1         -            171 1684at3041           -            473   0.00069   17.8   0.0   1   1   1.3e-06   0.00074   17.7   0.0   215   286    29   105    11   142 0.81 -
KAI3426334.1         -            577 1684at3041           -            473      0.13   10.3   0.0   1   1   0.00033      0.19    9.7   0.0   208   278    83   157    74   162 0.78 -
#
# Program:         hmmsearch
# Version:         3.1b2 (February 2015)
# Pipeline mode:   SEARCH
# Query file:      /Users/catrionaharrison/Documents/Bioinformatics/rp2/Data/genomes/busco/busco_downloads/lineages/chlorophyta_odb10/hmms/1684at3041.hmm
# Target file:     /Users/catrionaharrison/Documents/Bioinformatics/rp2/Data/genomes/busco/data/chlorella_vulgaris.prot.fasta
# Option settings: hmmsearch --domtblout /Users/catrionaharrison/Documents/Bioinformatics/rp2/Data/genomes/busco/Busco_vulgaris/run_chlorophyta_odb10/hmmer_output/initial_run_results/1684at3041.out --cpu 1 /Users/catrionaharrison/Documents/Bioinformatics/rp2/Data/genomes/busco/busco_downloads/lineages/chlorophyta_odb10/hmms/1684at3041.hmm /Users/catrionaharrison/Documents/Bioinformatics/rp2/Data/genomes/busco/data/chlorella_vulgaris.prot.fasta 
# Current dir:     /Users/catrionaharrison/Documents/Bioinformatics/rp2/Data/genomes/busco
# Date:            Fri Jul 22 15:30:03 2022
# [ok]
