#                                                                            --- full sequence --- -------------- this domain -------------   hmm coord   ali coord   env coord
# target name        accession   tlen query name           accession   qlen   E-value  score  bias   #  of  c-Evalue  i-Evalue  score  bias  from    to  from    to  from    to  acc description of target
#------------------- ---------- ----- -------------------- ---------- ----- --------- ------ ----- --- --- --------- --------- ------ ----- ----- ----- ----- ----- ----- ----- ---- ---------------------
KAI3430408.1         -           2343 1770at3041           -            553  6.8e-208  690.8   0.0   1   5   3.6e-48   2.1e-45  154.4   0.4     1   228   561   816   561   819 0.84 -
KAI3430408.1         -           2343 1770at3041           -            553  6.8e-208  690.8   0.0   2   5   1.2e-44   7.1e-42  142.7   0.0   215   373   827   996   816  1015 0.90 -
KAI3430408.1         -           2343 1770at3041           -            553  6.8e-208  690.8   0.0   3   5   3.3e-05     0.019   12.6   0.0   385   542  1042  1229  1025  1236 0.66 -
KAI3430408.1         -           2343 1770at3041           -            553  6.8e-208  690.8   0.0   4   5  4.4e-107  2.6e-104  348.8   0.0     2   380  1411  1839  1410  1862 0.85 -
KAI3430408.1         -           2343 1770at3041           -            553  6.8e-208  690.8   0.0   5   5   1.7e-07   9.9e-05   20.1   0.0   384   533  1874  2053  1857  2058 0.75 -
KAI3436619.1         -           1212 1770at3041           -            553  1.2e-203  676.8   0.1   1   3   4.1e-89   2.4e-86  289.5   0.0    23   220    18   233    13   241 0.93 -
KAI3436619.1         -           1212 1770at3041           -            553  1.2e-203  676.8   0.1   2   3   3.5e-74   2.1e-71  240.2   0.0   209   374   248   428   240   432 0.92 -
KAI3436619.1         -           1212 1770at3041           -            553  1.2e-203  676.8   0.1   3   3   8.2e-45   4.8e-42  143.3   0.0   371   552   458   681   437   682 0.79 -
KAI3436387.1         -           1680 1770at3041           -            553  6.1e-150  499.5   7.0   1   4   1.4e-45   8.5e-43  145.8   0.2     1   229   508   761   508   765 0.82 -
KAI3436387.1         -           1680 1770at3041           -            553  6.1e-150  499.5   7.0   2   4   2.3e-48   1.3e-45  155.0   0.0   209   376   766   945   762   963 0.87 -
KAI3436387.1         -           1680 1770at3041           -            553  6.1e-150  499.5   7.0   3   4   7.4e-08   4.3e-05   21.3   0.3   385   511   988  1138   971  1154 0.73 -
KAI3436387.1         -           1680 1770at3041           -            553  6.1e-150  499.5   7.0   4   4   2.4e-54   1.4e-51  174.7   0.1     2   280  1355  1680  1354  1680 0.85 -
KAI3428051.1         -           1242 1770at3041           -            553   2.3e-40  137.8   0.0   1   2   6.3e-25   3.7e-22   77.7   0.0     2   165   191   360   190   371 0.82 -
KAI3428051.1         -           1242 1770at3041           -            553   2.3e-40  137.8   0.0   2   2   5.8e-19   3.4e-16   58.0   0.0   201   335   495   637   467   666 0.79 -
KAI3428505.1         -           2452 1770at3041           -            553   1.2e-37  128.8   1.7   1   3   3.8e-18   2.2e-15   55.3   0.1     2   168   846  1030   845  1046 0.80 -
KAI3428505.1         -           2452 1770at3041           -            553   1.2e-37  128.8   1.7   2   3       3.9   2.3e+03   -4.2   0.0   193   212  1074  1093  1068  1097 0.79 -
KAI3428505.1         -           2452 1770at3041           -            553   1.2e-37  128.8   1.7   3   3   2.3e-23   1.4e-20   72.5   0.0   211   364  1122  1286  1110  1304 0.78 -
KAI3427058.1         -           1558 1770at3041           -            553   2.5e-36  124.4   0.6   1   2   1.9e-21   1.1e-18   66.2   0.1     2   164   448   607   447   614 0.87 -
KAI3427058.1         -           1558 1770at3041           -            553   2.5e-36  124.4   0.6   2   2   1.6e-18   9.3e-16   56.5   0.1   224   315   783   879   751   904 0.88 -
KAI3427412.1         -           1004 1770at3041           -            553   1.2e-35  122.2   0.0   1   2   3.8e-21   2.2e-18   65.2   0.0     2   166    65   227    64   231 0.84 -
KAI3427412.1         -           1004 1770at3041           -            553   1.2e-35  122.2   0.0   2   2   6.4e-18   3.7e-15   54.5   0.0   228   319   367   463   353   481 0.92 -
KAI3432690.1         -           1085 1770at3041           -            553   9.3e-35  119.2   0.0   1   2   6.1e-20   3.6e-17   61.2   0.0     2   163   123   282   122   286 0.83 -
KAI3432690.1         -           1085 1770at3041           -            553   9.3e-35  119.2   0.0   2   2     3e-18   1.8e-15   55.6   0.0   226   318   475   572   449   587 0.88 -
KAI3428617.1         -           2100 1770at3041           -            553   1.8e-29  101.8   1.5   1   4     0.042        25    2.3   0.0     2    24   164   186   163   193 0.90 -
KAI3428617.1         -           2100 1770at3041           -            553   1.8e-29  101.8   1.5   2   4   1.1e-09   6.2e-07   27.4   0.0    72   163   259   349   252   361 0.81 -
KAI3428617.1         -           2100 1770at3041           -            553   1.8e-29  101.8   1.5   3   4      0.02        12    3.3   0.0   188   211   393   416   382   426 0.81 -
KAI3428617.1         -           2100 1770at3041           -            553   1.8e-29  101.8   1.5   4   4   6.8e-21     4e-18   64.3   0.1   224   312   458   547   447   587 0.88 -
KAI3423807.1         -           1981 1770at3041           -            553   2.3e-23   81.6   1.5   1   3     2e-12   1.2e-09   36.4   0.0     2   148   953  1111   952  1119 0.85 -
KAI3423807.1         -           1981 1770at3041           -            553   2.3e-23   81.6   1.5   2   3       3.8   2.3e+03   -4.2   0.1   164   218  1347  1401  1345  1406 0.80 -
KAI3423807.1         -           1981 1770at3041           -            553   2.3e-23   81.6   1.5   3   3   9.9e-15   5.8e-12   44.0   0.1   221   313  1461  1551  1447  1566 0.88 -
KAI3438071.1         -           2117 1770at3041           -            553   1.7e-19   68.9   0.2   1   3   3.6e-09   2.1e-06   25.6   0.0     2   123   410   545   409   547 0.83 -
KAI3438071.1         -           2117 1770at3041           -            553   1.7e-19   68.9   0.2   2   3       0.3   1.8e+02   -0.5   0.0   118   165   577   620   562   636 0.79 -
KAI3438071.1         -           2117 1770at3041           -            553   1.7e-19   68.9   0.2   3   3   3.6e-13   2.1e-10   38.9   0.0   211   316   731   841   722   886 0.78 -
KAI3431342.1         -           1338 1770at3041           -            553   1.9e-05   22.5   0.0   1   1   5.3e-08   3.1e-05   21.8   0.0     1   101   794   909   794   916 0.76 -
KAI3426051.1         -           1302 1770at3041           -            553   7.1e-05   20.6   0.0   1   2     1e-06   0.00062   17.5   0.0     2   101   750   864   749   879 0.70 -
KAI3426051.1         -           1302 1770at3041           -            553   7.1e-05   20.6   0.0   2   2      0.16        96    0.4   0.0   195   277  1156  1240  1143  1256 0.82 -
KAI3431312.1         -            580 1770at3041           -            553   7.8e-05   20.5   0.1   1   1   5.3e-07   0.00031   18.5   0.1    58   215   160   315    81   324 0.77 -
KAI3437963.1         -            564 1770at3041           -            553    0.0028   15.4   0.1   1   2      0.13        75    0.7   0.0     6   108    59   149    54   165 0.62 -
KAI3437963.1         -            564 1770at3041           -            553    0.0028   15.4   0.1   2   2   4.1e-05     0.024   12.2   0.0   239   304   245   317   225   362 0.74 -
KAI3428841.1         -           1114 1770at3041           -            553    0.0036   15.0   0.4   1   2         1   6.2e+02   -2.3   0.0    68   134   444   512   434   552 0.67 -
KAI3428841.1         -           1114 1770at3041           -            553    0.0036   15.0   0.4   2   2   1.3e-05    0.0077   13.9   0.1   219   312   584   677   553   694 0.77 -
KAI3438725.1         -            628 1770at3041           -            553     0.008   13.8   4.1   1   3      0.48   2.8e+02   -1.2   0.1   490   536     6    52     2    57 0.87 -
KAI3438725.1         -            628 1770at3041           -            553     0.008   13.8   4.1   2   3     0.041        24    2.3   0.1     3    21   191   209   189   223 0.77 -
KAI3438725.1         -            628 1770at3041           -            553     0.008   13.8   4.1   3   3   8.6e-05     0.051   11.2   0.1    50   156   288   392   259   463 0.70 -
KAI3435624.1         -            534 1770at3041           -            553     0.014   13.0   0.0   1   2      0.98   5.8e+02   -2.2   0.0     2    24   130   152   129   154 0.87 -
KAI3435624.1         -            534 1770at3041           -            553     0.014   13.0   0.0   2   2   5.9e-05     0.035   11.7   0.0    64   136   217   287   206   370 0.88 -
KAI3438327.1         -           1362 1770at3041           -            553      0.18    9.4   0.1   1   2       2.7   1.6e+03   -3.7   0.0     7    22   930   945   927   959 0.87 -
KAI3438327.1         -           1362 1770at3041           -            553      0.18    9.4   0.1   2   2   0.00063      0.37    8.3   0.0   219   302  1146  1233  1134  1238 0.74 -
#
# Program:         hmmsearch
# Version:         3.1b2 (February 2015)
# Pipeline mode:   SEARCH
# Query file:      /Users/catrionaharrison/Documents/Bioinformatics/rp2/Data/genomes/busco/busco_downloads/lineages/chlorophyta_odb10/hmms/1770at3041.hmm
# Target file:     /Users/catrionaharrison/Documents/Bioinformatics/rp2/Data/genomes/busco/data/chlorella_vulgaris.prot.fasta
# Option settings: hmmsearch --domtblout /Users/catrionaharrison/Documents/Bioinformatics/rp2/Data/genomes/busco/Busco_vulgaris/run_chlorophyta_odb10/hmmer_output/initial_run_results/1770at3041.out --cpu 1 /Users/catrionaharrison/Documents/Bioinformatics/rp2/Data/genomes/busco/busco_downloads/lineages/chlorophyta_odb10/hmms/1770at3041.hmm /Users/catrionaharrison/Documents/Bioinformatics/rp2/Data/genomes/busco/data/chlorella_vulgaris.prot.fasta 
# Current dir:     /Users/catrionaharrison/Documents/Bioinformatics/rp2/Data/genomes/busco
# Date:            Fri Jul 22 15:30:32 2022
# [ok]
