#                                                                                    --- full sequence --- -------------- this domain -------------   hmm coord   ali coord   env coord
# target name                accession   tlen query name           accession   qlen   E-value  score  bias   #  of  c-Evalue  i-Evalue  score  bias  from    to  from    to  from    to  acc description of target
#        ------------------- ---------- ----- -------------------- ---------- ----- --------- ------ ----- --- --- --------- --------- ------ ----- ----- ----- ----- ----- ----- ----- ---- ---------------------
SIDB01000007.1406040.1413021 -            941 179at3041            -            677  2.5e-293  973.7   8.9   1   3   3.7e-05      0.14    9.6   0.0     1    27    22    48    22    74 0.79 -
SIDB01000007.1406040.1413021 -            941 179at3041            -            677  2.5e-293  973.7   8.9   2   3   2.6e-20   9.8e-17   59.6   0.0    45   132   129   229   112   231 0.83 -
SIDB01000007.1406040.1413021 -            941 179at3041            -            677  2.5e-293  973.7   8.9   3   3  5.8e-275  2.1e-271  901.2   6.7   132   652   252   821   252   824 0.93 -
KAI3426380.1                 -           1011 179at3041            -            677    5e-108  361.3   0.2   1   2   4.5e-50   1.7e-46  158.0   0.0    69   385   164   489   146   497 0.82 -
KAI3426380.1                 -           1011 179at3041            -            677    5e-108  361.3   0.2   2   2   5.1e-63   1.9e-59  200.8   0.2   384   634   550   825   543   838 0.88 -
KAI3424775.1                 -           1322 179at3041            -            677  7.8e-103  344.2   3.8   1   2   1.2e-47   4.5e-44  150.0   0.5   112   381   216   494   165   504 0.87 -
KAI3424775.1                 -           1322 179at3041            -            677  7.8e-103  344.2   3.8   2   2   3.4e-61   1.3e-57  194.7   0.2   387   635   558   828   554   842 0.85 -
#
# Program:         hmmsearch
# Version:         3.1b2 (February 2015)
# Pipeline mode:   SEARCH
# Query file:      /Users/catrionaharrison/Documents/Bioinformatics/rp2/Data/genomes/busco/busco_downloads/lineages/chlorophyta_odb10/hmms/179at3041.hmm
# Target file:     /Users/catrionaharrison/Documents/Bioinformatics/rp2/Data/genomes/busco/data/chlorella_vulgaris.prot.fasta
# Option settings: hmmsearch --domtblout /Users/catrionaharrison/Documents/Bioinformatics/rp2/Data/genomes/busco/Busco_vulgaris/run_chlorophyta_odb10/hmmer_output/initial_run_results/179at3041.out --cpu 1 /Users/catrionaharrison/Documents/Bioinformatics/rp2/Data/genomes/busco/busco_downloads/lineages/chlorophyta_odb10/hmms/179at3041.hmm /Users/catrionaharrison/Documents/Bioinformatics/rp2/Data/genomes/busco/data/chlorella_vulgaris.prot.fasta 
# Current dir:     /Users/catrionaharrison/Documents/Bioinformatics/rp2/Data/genomes/busco
# Date:            Fri Jul 22 15:30:34 2022
# [ok]
