#                                                                            --- full sequence --- -------------- this domain -------------   hmm coord   ali coord   env coord
# target name        accession   tlen query name           accession   qlen   E-value  score  bias   #  of  c-Evalue  i-Evalue  score  bias  from    to  from    to  from    to  acc description of target
#------------------- ---------- ----- -------------------- ---------- ----- --------- ------ ----- --- --- --------- --------- ------ ----- ----- ----- ----- ----- ----- ----- ---- ---------------------
KAI3427966.1         -           1101 1817at3041           -            276  8.3e-132  437.8   2.7   1   3  1.8e-111    4e-108  360.2   0.3     2   180    72   250    71   261 0.97 -
KAI3427966.1         -           1101 1817at3041           -            276  8.3e-132  437.8   2.7   2   3   1.5e-14   3.3e-11   42.3   0.0   179   222   272   315   263   327 0.86 -
KAI3427966.1         -           1101 1817at3041           -            276  8.3e-132  437.8   2.7   3   3   6.6e-12   1.5e-08   33.6   0.2   233   275   396   447   374   448 0.85 -
KAI3432849.1         -           1111 1817at3041           -            276     3e-19   68.7   0.0   1   1   2.2e-22   4.9e-19   67.9   0.0     6   132    40   168    35   180 0.92 -
KAI3432848.1         -           1123 1817at3041           -            276     3e-19   68.6   0.0   1   1   2.2e-22     5e-19   67.9   0.0     6   132    40   168    35   180 0.92 -
KAI3434709.1         -            451 1817at3041           -            276   8.1e-06   24.6   0.0   1   1     6e-09   1.3e-05   23.9   0.0     9   133   291   422   286   428 0.80 -
KAI3428459.1         -            574 1817at3041           -            276      0.12   10.9   0.0   1   2    0.0042       9.4    4.7   0.0    27    47    56    76    48    84 0.87 -
KAI3428459.1         -            574 1817at3041           -            276      0.12   10.9   0.0   2   2    0.0084        19    3.7   0.0   103   134   294   328   283   333 0.78 -
#
# Program:         hmmsearch
# Version:         3.1b2 (February 2015)
# Pipeline mode:   SEARCH
# Query file:      /Users/catrionaharrison/Documents/Bioinformatics/rp2/Data/genomes/busco/busco_downloads/lineages/chlorophyta_odb10/hmms/1817at3041.hmm
# Target file:     /Users/catrionaharrison/Documents/Bioinformatics/rp2/Data/genomes/busco/data/chlorella_vulgaris.prot.fasta
# Option settings: hmmsearch --domtblout /Users/catrionaharrison/Documents/Bioinformatics/rp2/Data/genomes/busco/Busco_vulgaris/run_chlorophyta_odb10/hmmer_output/initial_run_results/1817at3041.out --cpu 1 /Users/catrionaharrison/Documents/Bioinformatics/rp2/Data/genomes/busco/busco_downloads/lineages/chlorophyta_odb10/hmms/1817at3041.hmm /Users/catrionaharrison/Documents/Bioinformatics/rp2/Data/genomes/busco/data/chlorella_vulgaris.prot.fasta 
# Current dir:     /Users/catrionaharrison/Documents/Bioinformatics/rp2/Data/genomes/busco
# Date:            Fri Jul 22 15:30:40 2022
# [ok]
