#                                                                            --- full sequence --- -------------- this domain -------------   hmm coord   ali coord   env coord
# target name        accession   tlen query name           accession   qlen   E-value  score  bias   #  of  c-Evalue  i-Evalue  score  bias  from    to  from    to  from    to  acc description of target
#------------------- ---------- ----- -------------------- ---------- ----- --------- ------ ----- --- --- --------- --------- ------ ----- ----- ----- ----- ----- ----- ----- ---- ---------------------
KAI3438061.1         -           1467 2599at3041           -            951  2.2e-253  843.3  31.0   1   5   6.6e-10   3.7e-08   31.7   0.9    37   124    88   202    81   260 0.71 -
KAI3438061.1         -           1467 2599at3041           -            951  2.2e-253  843.3  31.0   2   5       2.8   1.6e+02   -0.2   1.0   147   261   352   470   336   488 0.49 -
KAI3438061.1         -           1467 2599at3041           -            951  2.2e-253  843.3  31.0   3   5     9e-20   5.1e-18   64.3   0.2   323   414   582   693   531   704 0.76 -
KAI3438061.1         -           1467 2599at3041           -            951  2.2e-253  843.3  31.0   4   5    6e-226  3.4e-224  746.7   1.6   411   885   721  1261   716  1310 0.76 -
KAI3438061.1         -           1467 2599at3041           -            951  2.2e-253  843.3  31.0   5   5   0.00019     0.011   13.6   2.2   865   950  1352  1432  1275  1433 0.53 -
KAI3435734.1         -            481 2599at3041           -            951  9.3e-100  334.9   0.0   1   1  2.1e-101   1.2e-99  334.5   0.0   420   792    31   416     8   430 0.79 -
KAI3425001.1         -            561 2599at3041           -            951   7.4e-87  292.1   1.8   1   1   3.1e-86   1.8e-84  284.3   0.2   432   778   177   493   150   502 0.85 -
KAI3430497.1         -            815 2599at3041           -            951   9.9e-81  271.9   0.0   1   1   2.6e-82   1.5e-80  271.3   0.0   458   779   369   743   307   794 0.86 -
KAI3430680.1         -            627 2599at3041           -            951   2.9e-80  270.3   0.0   1   2   5.7e-41   3.3e-39  134.5   0.0   441   610   292   460   260   463 0.92 -
KAI3430680.1         -            627 2599at3041           -            951   2.9e-80  270.3   0.0   2   2   8.8e-41     5e-39  133.9   0.0   651   792   466   609   461   622 0.87 -
KAI3424807.1         -            421 2599at3041           -            951   1.1e-72  245.2   0.0   1   1   3.1e-74   1.7e-72  244.6   0.0   454   778     8   387     2   398 0.86 -
KAI3436823.1         -            355 2599at3041           -            951   4.5e-72  243.2  12.2   1   3       6.5   3.7e+02   -1.4   2.2   206   246    26    66     4    80 0.51 -
KAI3436823.1         -            355 2599at3041           -            951   4.5e-72  243.2  12.2   2   3   9.8e-35   5.6e-33  113.8   0.6   510   611    87   188    84   199 0.95 -
KAI3436823.1         -            355 2599at3041           -            951   4.5e-72  243.2  12.2   3   3   1.3e-41   7.2e-40  136.6   0.1   659   802   200   345   191   352 0.89 -
KAI3427965.1         -            399 2599at3041           -            951   4.2e-65  220.2   0.0   1   2   5.7e-43   3.2e-41  141.1   0.0   385   612    48   279    42   281 0.88 -
KAI3427965.1         -            399 2599at3041           -            951   4.2e-65  220.2   0.0   2   2   5.5e-24   3.1e-22   78.3   0.0   648   757   279   385   277   398 0.92 -
KAI3432641.1         -            720 2599at3041           -            951   1.2e-57  195.5   1.0   1   3   4.3e-12   2.5e-10   38.9   0.0   473   554   383   462   358   465 0.94 -
KAI3432641.1         -            720 2599at3041           -            951   1.2e-57  195.5   1.0   2   3   3.5e-19     2e-17   62.4   0.1   558   612   491   545   487   555 0.93 -
KAI3432641.1         -            720 2599at3041           -            951   1.2e-57  195.5   1.0   3   3   4.5e-28   2.5e-26   91.8   0.1   652   770   551   674   543   685 0.88 -
KAI3426244.1         -            685 2599at3041           -            951   3.2e-47  161.0   3.6   1   2   2.5e-34   1.4e-32  112.5   1.6   465   613    36   184    13   189 0.94 -
KAI3426244.1         -            685 2599at3041           -            951   3.2e-47  161.0   3.6   2   2   7.2e-15   4.1e-13   48.1   0.0   657   743   193   278   187   281 0.92 -
KAI3436682.1         -            761 2599at3041           -            951   5.1e-46  157.0   1.4   1   2   7.7e-45   4.4e-43  147.3   0.1   472   742    26   263    22   269 0.94 -
KAI3436682.1         -            761 2599at3041           -            951   5.1e-46  157.0   1.4   2   2       8.3   4.7e+02   -1.8   0.1   424   478   690   740   583   745 0.65 -
KAI3424231.1         -            409 2599at3041           -            951   1.2e-45  155.8   0.2   1   2   5.1e-28   2.9e-26   91.6   0.1   472   610    45   191    35   194 0.92 -
KAI3424231.1         -            409 2599at3041           -            951   1.2e-45  155.8   0.2   2   2   4.5e-19   2.5e-17   62.0   0.0   657   767   205   328   197   407 0.70 -
KAI3432453.1         -           1434 2599at3041           -            951   5.1e-44  150.4   0.1   1   2   2.8e-28   1.6e-26   92.5   0.0   462   612     6   154     2   164 0.95 -
KAI3432453.1         -           1434 2599at3041           -            951   5.1e-44  150.4   0.1   2   2   3.8e-17   2.2e-15   55.6   0.0   659   743   167   249   162   251 0.97 -
KAI3438615.1         -            708 2599at3041           -            951   1.8e-41  141.9   0.2   1   2     5e-24   2.8e-22   78.4   0.1   469   613   378   520   374   529 0.92 -
KAI3438615.1         -            708 2599at3041           -            951   1.8e-41  141.9   0.2   2   2   4.5e-19   2.5e-17   62.0   0.0   655   757   527   637   518   641 0.81 -
KAI3435933.1         -            357 2599at3041           -            951   1.9e-40  138.5   0.0   1   2   1.1e-27     6e-26   90.6   0.0   465   617    15   166    13   171 0.91 -
KAI3435933.1         -            357 2599at3041           -            951   1.9e-40  138.5   0.0   2   2   1.8e-14     1e-12   46.8   0.0   650   760   164   280   161   291 0.85 -
KAI3429786.1         -            346 2599at3041           -            951   2.3e-40  138.3   0.1   1   2   3.9e-29   2.2e-27   95.3   0.0   474   612    29   166    24   176 0.92 -
KAI3429786.1         -            346 2599at3041           -            951   2.3e-40  138.3   0.1   2   2   6.9e-13   3.9e-11   41.5   0.0   656   758   175   287   166   302 0.83 -
KAI3438381.1         -            523 2599at3041           -            951   3.1e-40  137.9   1.2   1   2   8.6e-21   4.9e-19   67.7   0.2   436   613    22   204    11   212 0.86 -
KAI3438381.1         -            523 2599at3041           -            951   3.1e-40  137.9   1.2   2   2   3.5e-21     2e-19   69.0   0.1   656   758   212   312   205   320 0.90 -
KAI3433369.1         -            335 2599at3041           -            951   9.6e-39  132.9   0.0   1   2   1.2e-23   6.6e-22   77.2   0.0   466   619     8   160     2   163 0.94 -
KAI3433369.1         -            335 2599at3041           -            951   9.6e-39  132.9   0.0   2   2   5.6e-17   3.2e-15   55.1   0.0   653   757   159   265   154   269 0.86 -
KAI3426094.1         -            659 2599at3041           -            951   3.8e-38  130.9   0.2   1   2   6.8e-31   3.8e-29  101.1   0.0   466   610    30   172     9   177 0.95 -
KAI3426094.1         -            659 2599at3041           -            951   3.8e-38  130.9   0.2   2   2   8.2e-09   4.6e-07   28.1   0.1   653   742   181   271   172   282 0.89 -
KAI3425213.1         -            480 2599at3041           -            951   5.5e-38  130.4   1.9   1   2     4e-21   2.3e-19   68.8   0.2   464   613    18   171     9   179 0.88 -
KAI3425213.1         -            480 2599at3041           -            951   5.5e-38  130.4   1.9   2   2   8.7e-19   4.9e-17   61.1   0.1   659   758   182   279   173   283 0.91 -
KAI3438488.1         -            661 2599at3041           -            951   6.7e-38  130.1   0.0   1   1   1.2e-39   6.7e-38  130.1   0.0   449   756    47   332     4   338 0.81 -
KAI3431793.1         -            937 2599at3041           -            951   1.2e-37  129.3   0.8   1   2   1.5e-24   8.7e-23   80.1   0.4   459   614   587   749   574   756 0.87 -
KAI3431793.1         -            937 2599at3041           -            951   1.2e-37  129.3   0.8   2   2   6.2e-15   3.5e-13   48.3   0.0   653   757   752   854   747   858 0.92 -
KAI3438616.1         -            390 2599at3041           -            951   1.7e-36  125.5   0.0   1   2   1.4e-21   7.9e-20   70.3   0.1   469   611    37   178    24   184 0.90 -
KAI3438616.1         -            390 2599at3041           -            951   1.7e-36  125.5   0.0   2   2   1.9e-16   1.1e-14   53.3   0.0   652   758   184   300   179   314 0.82 -
KAI3432380.1         -            901 2599at3041           -            951   3.2e-36  124.6   0.6   1   2   1.4e-20   7.8e-19   67.0   0.0   465   613    77   229    53   235 0.93 -
KAI3432380.1         -            901 2599at3041           -            951   3.2e-36  124.6   0.6   2   2   3.4e-17   1.9e-15   55.8   0.1   659   757   240   336   230   342 0.89 -
KAI3432381.1         -            895 2599at3041           -            951   3.3e-36  124.5   0.7   1   2   1.3e-20   7.4e-19   67.1   0.0   465   613    77   229    50   236 0.93 -
KAI3432381.1         -            895 2599at3041           -            951   3.3e-36  124.5   0.7   2   2   3.3e-17   1.8e-15   55.9   0.1   659   757   240   336   231   346 0.89 -
KAI3424232.1         -            378 2599at3041           -            951   2.9e-35  121.4   1.2   1   3     0.014      0.79    7.4   0.0   461   497    28    65    18    66 0.80 -
KAI3424232.1         -            378 2599at3041           -            951   2.9e-35  121.4   1.2   2   3   3.4e-16   1.9e-14   52.5   0.1   538   612   111   188   105   197 0.94 -
KAI3424232.1         -            378 2599at3041           -            951   2.9e-35  121.4   1.2   3   3   2.9e-18   1.7e-16   59.3   0.2   652   757   195   308   188   310 0.88 -
KAI3438617.1         -            372 2599at3041           -            951   3.8e-35  121.0   0.1   1   2   4.8e-23   2.7e-21   75.2   0.1   469   612    23   165    20   176 0.88 -
KAI3438617.1         -            372 2599at3041           -            951   3.8e-35  121.0   0.1   2   2     9e-14   5.1e-12   44.5   0.0   655   758   173   286   165   308 0.81 -
KAI3424455.1         -            370 2599at3041           -            951   5.5e-35  120.5   2.1   1   2     5e-20   2.8e-18   65.2   0.8   474   610    44   184    40   189 0.90 -
KAI3424455.1         -            370 2599at3041           -            951   5.5e-35  120.5   2.1   2   2   7.8e-17   4.4e-15   54.6   0.0   654   758   196   309   184   327 0.83 -
KAI3424220.1         -           1128 2599at3041           -            951   7.2e-35  120.1   0.9   1   1   1.3e-36   7.2e-35  120.1   0.9   473   740   134   378   131   396 0.84 -
KAI3424158.1         -            791 2599at3041           -            951   9.4e-34  116.4  31.3   1   2   2.9e-15   1.7e-13   49.4  27.3    94   611    83   604     9   616 0.55 -
KAI3424158.1         -            791 2599at3041           -            951   9.4e-34  116.4  31.3   2   2   8.8e-21     5e-19   67.7   0.1   659   756   617   715   613   719 0.90 -
KAI3437931.1         -           1225 2599at3041           -            951   2.5e-33  115.0   0.0   1   2   4.5e-35   2.5e-33  115.0   0.0   458   756    41   313    38   318 0.84 -
KAI3437931.1         -           1225 2599at3041           -            951   2.5e-33  115.0   0.0   2   2       8.4   4.8e+02   -1.8   0.1   821   897   323   393   312   417 0.64 -
KAI3436372.1         -           1420 2599at3041           -            951   6.6e-32  110.3   0.0   1   1   1.2e-33   6.6e-32  110.3   0.0   472   742    10   247     1   259 0.85 -
KAI3424094.1         -            357 2599at3041           -            951   6.8e-32  110.2   0.2   1   2   2.1e-16   1.2e-14   53.2   0.0   460   610    17   176     2   186 0.84 -
KAI3424094.1         -            357 2599at3041           -            951   6.8e-32  110.2   0.2   2   2   4.8e-17   2.7e-15   55.3   0.1   657   759   190   303   177   311 0.84 -
KAI3429516.1         -            826 2599at3041           -            951   1.1e-31  109.6   0.0   1   2     2e-15   1.1e-13   50.0   0.0   472   610    17   157    13   160 0.92 -
KAI3429516.1         -            826 2599at3041           -            951   1.1e-31  109.6   0.0   2   2   1.3e-17   7.5e-16   57.1   0.0   657   743   169   257   158   270 0.86 -
KAI3428723.1         -            613 2599at3041           -            951   4.3e-31  107.6   0.1   1   2   1.8e-18     1e-16   60.0   0.0   470   619   283   445   277   448 0.88 -
KAI3428723.1         -            613 2599at3041           -            951   4.3e-31  107.6   0.1   2   2   1.9e-14   1.1e-12   46.7   0.0   654   758   444   546   440   549 0.93 -
KAI3428164.1         -           1127 2599at3041           -            951   1.3e-30  106.0   3.6   1   2   5.1e-18   2.9e-16   58.5   0.0   463   610    85   240    65   249 0.87 -
KAI3428164.1         -           1127 2599at3041           -            951   1.3e-30  106.0   3.6   2   2   1.2e-14   6.6e-13   47.4   0.0   657   761   253   355   240   363 0.91 -
KAI3426414.1         -            334 2599at3041           -            951   1.3e-30  106.0   0.1   1   2   1.4e-14   8.2e-13   47.1   0.1   524   620    79   183    25   185 0.81 -
KAI3426414.1         -            334 2599at3041           -            951   1.3e-30  106.0   0.1   2   2   5.6e-18   3.1e-16   58.4   0.0   654   758   181   283   176   288 0.89 -
KAI3432753.1         -           1510 2599at3041           -            951   7.6e-30  103.5   1.2   1   1   1.3e-31   7.6e-30  103.5   1.2   472   743    45   288    25   300 0.90 -
KAI3430720.1         -            704 2599at3041           -            951     1e-29  103.1   0.2   1   1   1.2e-29   6.9e-28   97.0   0.2   462   742    31   288     7   447 0.80 -
KAI3438890.1         -            349 2599at3041           -            951   3.4e-29  101.3   0.0   1   2   1.1e-16   6.3e-15   54.1   0.0   469   618    16   166    11   171 0.85 -
KAI3438890.1         -            349 2599at3041           -            951   3.4e-29  101.3   0.0   2   2   2.1e-14   1.2e-12   46.6   0.0   650   757   163   278   158   282 0.79 -
KAI3423913.1         -           1182 2599at3041           -            951   1.6e-28   99.1   0.7   1   2   9.9e-17   5.6e-15   54.3   0.1   483   611   644   773   631   783 0.88 -
KAI3423913.1         -           1182 2599at3041           -            951   1.6e-28   99.1   0.7   2   2   2.9e-16   1.7e-14   52.7   0.1   658   756   785   879   777   884 0.88 -
KAI3426501.1         -           1315 2599at3041           -            951   1.8e-28   98.9   0.1   1   3       0.1       5.9    4.5   0.0   467   498   137   168   129   173 0.87 -
KAI3426501.1         -           1315 2599at3041           -            951   1.8e-28   98.9   0.1   2   3   1.6e-11   9.1e-10   37.0   0.0   538   613   259   336   229   344 0.80 -
KAI3426501.1         -           1315 2599at3041           -            951   1.8e-28   98.9   0.1   3   3   2.6e-21   1.5e-19   69.4   0.0   656   765   344   451   339   457 0.96 -
KAI3431761.1         -            401 2599at3041           -            951   2.3e-28   98.5   0.6   1   2   1.3e-15   7.4e-14   50.5   0.1   539   612    93   168    90   173 0.92 -
KAI3431761.1         -            401 2599at3041           -            951   2.3e-28   98.5   0.6   2   2   2.7e-14   1.5e-12   46.2   0.0   657   743   176   277   168   290 0.78 -
KAI3424454.1         -            396 2599at3041           -            951   2.6e-28   98.4   0.8   1   1   1.9e-28   1.1e-26   93.1   0.8   533   757   109   315    98   320 0.80 -
KAI3434951.1         -           1035 2599at3041           -            951   3.5e-28   98.0   4.0   1   1   6.2e-30   3.5e-28   98.0   4.0   458   757   169   451    86   453 0.83 -
KAI3435506.1         -            352 2599at3041           -            951     1e-27   96.4   0.1   1   2     2e-22   1.1e-20   73.1   0.1   469   611    16   159    11   165 0.91 -
KAI3435506.1         -            352 2599at3041           -            951     1e-27   96.4   0.1   2   2   9.9e-07   5.6e-05   21.2   0.0   656   759   169   279   165   291 0.78 -
KAI3429401.1         -            754 2599at3041           -            951   2.8e-27   95.0   0.2   1   1     5e-29   2.8e-27   95.0   0.2   526   757   163   371   154   384 0.86 -
KAI3429522.1         -            544 2599at3041           -            951     1e-26   93.1   0.6   1   1   3.2e-26   1.8e-24   85.7   0.6   524   742    99   298    75   303 0.82 -
KAI3429523.1         -            558 2599at3041           -            951   1.2e-26   92.9   0.7   1   1   3.6e-26     2e-24   85.5   0.7   524   742    99   298    75   303 0.82 -
KAI3427061.1         -            691 2599at3041           -            951   3.5e-26   91.4   2.0   1   3   3.6e-18     2e-16   59.0   0.1   466   611    31   186    28   192 0.88 -
KAI3427061.1         -            691 2599at3041           -            951   3.5e-26   91.4   2.0   2   3   1.5e-09   8.4e-08   30.5   0.0   658   742   197   283   190   285 0.92 -
KAI3427061.1         -            691 2599at3041           -            951   3.5e-26   91.4   2.0   3   3       9.9   5.6e+02   -2.0   0.9   814   871   607   666   595   680 0.48 -
KAI3432767.1         -            943 2599at3041           -            951   8.4e-26   90.1   0.0   1   1   1.5e-27   8.4e-26   90.1   0.0   471   702     9   236     2   247 0.83 -
KAI3433566.1         -            804 2599at3041           -            951     2e-25   88.8   6.6   1   3   9.8e-09   5.6e-07   27.8   0.4   532   617   234   322   206   327 0.82 -
KAI3433566.1         -            804 2599at3041           -            951     2e-25   88.8   6.6   2   3   3.4e-20   1.9e-18   65.7   0.0   642   757   313   427   301   433 0.89 -
KAI3433566.1         -            804 2599at3041           -            951     2e-25   88.8   6.6   3   3       8.5   4.8e+02   -1.8   1.5   171   867   617   662   573   782 0.56 -
KAI3436758.1         -            425 2599at3041           -            951   2.6e-24   85.2   3.0   1   3   1.3e-20   7.2e-19   67.1   0.1   470   613     8   150     2   164 0.86 -
KAI3436758.1         -            425 2599at3041           -            951   2.6e-24   85.2   3.0   2   3     2e-05    0.0012   16.8   0.2   664   709   167   213   159   223 0.91 -
KAI3436758.1         -            425 2599at3041           -            951   2.6e-24   85.2   3.0   3   3       3.6     2e+02   -0.6   0.0   722   758   256   289   247   291 0.86 -
KAI3437840.1         -            525 2599at3041           -            951   2.8e-24   85.1   0.3   1   2   7.9e-19   4.5e-17   61.2   0.0   437   613    47   223    41   234 0.83 -
KAI3437840.1         -            525 2599at3041           -            951   2.8e-24   85.1   0.3   2   2   4.8e-07   2.7e-05   22.2   0.1   659   742   235   319   225   333 0.90 -
KAI3434745.1         -            589 2599at3041           -            951   1.4e-23   82.7   8.8   1   1   3.6e-25     2e-23   82.2   0.3   464   714    14   245     3   253 0.87 -
KAI3437728.1         -            613 2599at3041           -            951   2.9e-23   81.7   0.2   1   2   4.8e-15   2.7e-13   48.7   0.0   464   614   118   275    61   285 0.83 -
KAI3437728.1         -            613 2599at3041           -            951   2.9e-23   81.7   0.2   2   2   1.4e-09   8.2e-08   30.5   0.0   659   719   285   344   281   401 0.69 -
KAI3430307.1         -            405 2599at3041           -            951   1.9e-22   79.0   0.0   1   2   7.1e-09     4e-07   28.2   0.0   477   616    70   212    60   218 0.82 -
KAI3430307.1         -            405 2599at3041           -            951   1.9e-22   79.0   0.0   2   2   2.6e-15   1.5e-13   49.6   0.0   649   758   210   323   199   331 0.88 -
KAI3428796.1         -            594 2599at3041           -            951   2.5e-22   78.6   0.5   1   2     2e-19   1.1e-17   63.2   0.1   445   613   273   440   255   449 0.89 -
KAI3428796.1         -            594 2599at3041           -            951   2.5e-22   78.6   0.5   2   2   0.00017    0.0099   13.7   0.0   659   704   451   496   442   505 0.93 -
KAI3435667.1         -            396 2599at3041           -            951   1.1e-20   73.1   5.8   1   2   3.2e-20   1.8e-18   65.8   1.4   466   712    13   231     3   244 0.82 -
KAI3435667.1         -            396 2599at3041           -            951   1.1e-20   73.1   5.8   2   2       1.6        89    0.6   0.2   724   744   272   292   267   378 0.64 -
KAI3427399.1         -            823 2599at3041           -            951   3.2e-20   71.6   2.6   1   3     2e-08   1.1e-06   26.8   0.1   585   693    11    85     4    91 0.83 -
KAI3427399.1         -            823 2599at3041           -            951   3.2e-20   71.6   2.6   2   3   5.6e-06   0.00032   18.7   0.0   584   612   722   750   715   754 0.90 -
KAI3427399.1         -            823 2599at3041           -            951   3.2e-20   71.6   2.6   3   3   4.7e-05    0.0027   15.6   0.1   649   693   753   797   750   809 0.90 -
KAI3436338.1         -            376 2599at3041           -            951   4.4e-20   71.2   3.7   1   4      0.14       7.9    4.1   0.0   466   496    34    64    27    73 0.92 -
KAI3436338.1         -            376 2599at3041           -            951   4.4e-20   71.2   3.7   2   4   3.1e-15   1.8e-13   49.3   0.1   537   618   111   191   108   201 0.93 -
KAI3436338.1         -            376 2599at3041           -            951   4.4e-20   71.2   3.7   3   4   0.00015    0.0087   13.9   0.2   663   696   202   236   193   241 0.85 -
KAI3436338.1         -            376 2599at3041           -            951   4.4e-20   71.2   3.7   4   4      0.61        34    2.0   0.0   727   759   296   325   288   328 0.81 -
KAI3434633.1         -            429 2599at3041           -            951   5.6e-20   70.8   0.3   1   2   3.2e-13   1.8e-11   42.6   0.0   478   610    53   195    41   200 0.73 -
KAI3434633.1         -            429 2599at3041           -            951   5.6e-20   70.8   0.3   2   2   3.5e-08     2e-06   26.0   0.1   654   758   204   324   196   326 0.70 -
KAI3435733.1         -            353 2599at3041           -            951   1.5e-19   69.4   0.1   1   2      0.47        27    2.4   0.0   464   497    10    43     5    45 0.93 -
KAI3435733.1         -            353 2599at3041           -            951   1.5e-19   69.4   0.1   2   2   6.3e-20   3.6e-18   64.8   0.1   570   698   115   244    97   250 0.73 -
KAI3426152.1         -            807 2599at3041           -            951   4.6e-19   67.8   0.0   1   1   8.1e-21   4.6e-19   67.8   0.0   466   756    27   313    23   317 0.80 -
KAI3434802.1         -            731 2599at3041           -            951   1.5e-18   66.1   0.9   1   1   2.6e-20   1.5e-18   66.1   0.9   537   764   215   433   209   477 0.77 -
KAI3434801.1         -            733 2599at3041           -            951   1.5e-18   66.1   0.9   1   1   2.6e-20   1.5e-18   66.1   0.9   537   764   215   433   209   477 0.77 -
KAI3428099.1         -            805 2599at3041           -            951   1.8e-18   65.8   0.3   1   1   2.9e-17   1.6e-15   56.0   0.0   471   744   468   712   396   714 0.80 -
KAI3435739.1         -           1590 2599at3041           -            951   3.4e-18   64.9   0.2   1   2   5.9e-20   3.4e-18   64.9   0.2   577   691   821   936   809   943 0.79 -
KAI3435739.1         -           1590 2599at3041           -            951   3.4e-18   64.9   0.2   2   2       9.2   5.2e+02   -1.9   0.0   601   634  1203  1234  1202  1265 0.67 -
KAI3434966.1         -            568 2599at3041           -            951   5.8e-18   64.1   0.1   1   2   4.3e-15   2.4e-13   48.8   0.0   471   612    96   244    17   251 0.89 -
KAI3434966.1         -            568 2599at3041           -            951   5.8e-18   64.1   0.1   2   2   0.00021     0.012   13.4   0.1   659   742   256   350   246   363 0.80 -
KAI3430849.1         -            744 2599at3041           -            951   8.2e-18   63.6   7.3   1   1   4.4e-19   2.5e-17   62.0   0.0   545   748   527   712   504   719 0.84 -
KAI3434482.1         -            313 2599at3041           -            951   3.1e-17   61.7   3.7   1   4         1        59    1.2   0.0   469   498    29    58     4    60 0.84 -
KAI3434482.1         -            313 2599at3041           -            951   3.1e-17   61.7   3.7   2   4   4.4e-11   2.5e-09   35.6   0.1   578   612   138   173   133   187 0.86 -
KAI3434482.1         -            313 2599at3041           -            951   3.1e-17   61.7   3.7   3   4   1.9e-06   0.00011   20.2   0.0   663   702   190   230   177   241 0.87 -
KAI3434482.1         -            313 2599at3041           -            951   3.1e-17   61.7   3.7   4   4      0.31        18    3.0   0.0   729   760   284   312   278   312 0.92 -
KAI3432247.1         -            668 2599at3041           -            951   9.8e-17   60.1   2.5   1   1     4e-15   2.3e-13   48.9   2.5   538   759   171   366   166   368 0.77 -
KAI3436536.1         -           1466 2599at3041           -            951   1.3e-16   59.7   8.4   1   4   3.1e-08   1.7e-06   26.1   0.1   577   613   588   630   583   640 0.80 -
KAI3436536.1         -           1466 2599at3041           -            951   1.3e-16   59.7   8.4   2   4     0.082       4.7    4.9   0.1   650   695   634   679   630   726 0.86 -
KAI3436536.1         -           1466 2599at3041           -            951   1.3e-16   59.7   8.4   3   4       6.9   3.9e+02   -1.5   0.0   429   495  1107  1174  1049  1177 0.60 -
KAI3436536.1         -           1466 2599at3041           -            951   1.3e-16   59.7   8.4   4   4   1.8e-08     1e-06   26.9   0.6   577   620  1327  1376  1322  1461 0.82 -
KAI3430434.1         -           1619 2599at3041           -            951     2e-16   59.1   0.0   1   2   1.3e-12   7.1e-11   40.7   0.0   472   613  1355  1497  1252  1505 0.75 -
KAI3430434.1         -           1619 2599at3041           -            951     2e-16   59.1   0.0   2   2   5.2e-05    0.0029   15.5   0.1   656   699  1506  1549  1498  1557 0.86 -
KAI3425085.1         -            599 2599at3041           -            951     2e-16   59.0  10.7   1   2    0.0026      0.15    9.8   0.0   473   498    57    82    54    85 0.90 -
KAI3425085.1         -            599 2599at3041           -            951     2e-16   59.0  10.7   2   2   5.2e-15   2.9e-13   48.6   0.6   584   699   196   283   192   298 0.81 -
KAI3438948.1         -            958 2599at3041           -            951   2.3e-16   58.9   4.4   1   2     1e-12   5.8e-11   41.0   0.0   444   612   668   841   655   851 0.85 -
KAI3438948.1         -            958 2599at3041           -            951   2.3e-16   58.9   4.4   2   2   7.4e-06   0.00042   18.3   0.5   660   704   856   901   849   906 0.88 -
KAI3426365.1         -            363 2599at3041           -            951   2.5e-16   58.7   6.0   1   2   1.7e-13   9.5e-12   43.6   2.3   536   613   105   181    28   190 0.82 -
KAI3426365.1         -            363 2599at3041           -            951   2.5e-16   58.7   6.0   2   2   6.9e-05    0.0039   15.1   0.1   663   698   197   233   190   236 0.88 -
KAI3437619.1         -            459 2599at3041           -            951   3.9e-16   58.1   4.3   1   3   4.4e-09   2.5e-07   28.9   0.3   579   612   222   256   216   260 0.89 -
KAI3437619.1         -            459 2599at3041           -            951   3.9e-16   58.1   4.3   2   3   1.2e-08   6.5e-07   27.6   0.4   656   701   266   312   255   323 0.86 -
KAI3437619.1         -            459 2599at3041           -            951   3.9e-16   58.1   4.3   3   3       1.5        86    0.7   0.0   729   761   367   396   359   409 0.84 -
KAI3424149.1         -            215 2599at3041           -            951   7.7e-16   57.1   4.2   1   2   1.2e-13   6.6e-12   44.1   1.3   466   611     4   154     1   162 0.90 -
KAI3424149.1         -            215 2599at3041           -            951   7.7e-16   57.1   4.2   2   2   0.00041     0.023   12.5   0.1   661   698   169   207   164   212 0.88 -
KAI3430323.1         -            847 2599at3041           -            951   1.2e-15   56.4   0.1   1   2   2.2e-17   1.2e-15   56.4   0.1   538   692   140   324   138   330 0.82 -
KAI3430323.1         -            847 2599at3041           -            951   1.2e-15   56.4   0.1   2   2        10   5.7e+02   -2.0   0.0   725   760   418   450   415   451 0.90 -
KAI3432636.1         -            397 2599at3041           -            951   1.4e-15   56.2   1.3   1   3   8.7e-14   4.9e-12   44.5   0.1   564   612   193   242   173   253 0.83 -
KAI3432636.1         -            397 2599at3041           -            951   1.4e-15   56.2   1.3   2   3         7     4e+02   -1.5   0.0   667   698   262   294   245   295 0.78 -
KAI3432636.1         -            397 2599at3041           -            951   1.4e-15   56.2   1.3   3   3    0.0034      0.19    9.4   0.0   718   759   350   388   344   392 0.82 -
KAI3432746.1         -           1044 2599at3041           -            951   1.8e-15   55.9   0.8   1   2   2.4e-11   1.4e-09   36.4   0.0   542   614   833   912   831   919 0.76 -
KAI3432746.1         -           1044 2599at3041           -            951   1.8e-15   55.9   0.8   2   2   1.1e-05   0.00062   17.7   0.2   659   698   923   963   913   982 0.88 -
KAI3423421.1         -            426 2599at3041           -            951   2.7e-15   55.3   5.8   1   2   3.1e-12   1.8e-10   39.4   2.7   381   609     6   237     1   246 0.72 -
KAI3423421.1         -            426 2599at3041           -            951   2.7e-15   55.3   5.8   2   2   0.00012    0.0067   14.3   0.0   664   702   257   296   254   307 0.87 -
KAI3425767.1         -            739 2599at3041           -            951     2e-14   52.4   0.3   1   2     5e-09   2.8e-07   28.8   0.0   537   613   103   183    99   188 0.85 -
KAI3425767.1         -            739 2599at3041           -            951     2e-14   52.4   0.3   2   2   1.2e-06   6.6e-05   20.9   0.1   658   764   196   306   192   417 0.68 -
KAI3424057.1         -            719 2599at3041           -            951   2.1e-14   52.4  24.0   1   3   5.8e-12   3.3e-10   38.5   0.2   459   611   368   522   340   526 0.78 -
KAI3424057.1         -            719 2599at3041           -            951   2.1e-14   52.4  24.0   2   3   2.2e-06   0.00012   20.0   0.0   664   712   541   590   533   599 0.90 -
KAI3424057.1         -            719 2599at3041           -            951   2.1e-14   52.4  24.0   3   3       6.9   3.9e+02   -1.5   0.0   723   783   639   692   634   717 0.61 -
KAI3424742.1         -            427 2599at3041           -            951   3.4e-14   51.7   4.1   1   4     0.002      0.11   10.2   0.0   463   498    61    96    33   101 0.90 -
KAI3424742.1         -            427 2599at3041           -            951   3.4e-14   51.7   4.1   2   4   6.7e-08   3.8e-06   25.0   0.2   576   612   175   211   171   219 0.94 -
KAI3424742.1         -            427 2599at3041           -            951   3.4e-14   51.7   4.1   3   4   0.00022     0.012   13.4   0.1   663   702   228   268   215   276 0.82 -
KAI3424742.1         -            427 2599at3041           -            951   3.4e-14   51.7   4.1   4   4       1.1        63    1.1   0.0   722   758   316   349   311   352 0.84 -
KAI3424753.1         -            408 2599at3041           -            951   3.9e-14   51.5   0.0   1   3    0.0042      0.24    9.2   0.0   466   498    62    95     8    96 0.76 -
KAI3424753.1         -            408 2599at3041           -            951   3.9e-14   51.5   0.0   2   3   4.7e-09   2.7e-07   28.8   0.0   578   612   180   213   175   218 0.91 -
KAI3424753.1         -            408 2599at3041           -            951   3.9e-14   51.5   0.0   3   3    0.0026      0.15    9.8   0.0   663   699   232   269   224   282 0.86 -
KAI3427397.1         -            794 2599at3041           -            951   6.5e-14   50.7   1.5   1   3   0.00023     0.013   13.4   0.1   423   483   451   511   415   520 0.72 -
KAI3427397.1         -            794 2599at3041           -            951   6.5e-14   50.7   1.5   2   3   2.2e-06   0.00013   20.0   0.0   585   613   637   665   629   672 0.89 -
KAI3427397.1         -            794 2599at3041           -            951   6.5e-14   50.7   1.5   3   3   4.5e-05    0.0025   15.7   0.1   649   693   667   711   664   724 0.90 -
KAI3431763.1         -            122 2599at3041           -            951   9.6e-14   50.2   1.5   1   2   6.2e-14   3.5e-12   45.0   0.2   551   612     3    66     2    73 0.88 -
KAI3431763.1         -            122 2599at3041           -            951   9.6e-14   50.2   1.5   2   2     0.077       4.4    5.0   0.0   657   670    74    87    66    93 0.80 -
KAI3425961.1         -           1580 2599at3041           -            951   1.3e-13   49.7   8.7   1   3   5.7e-05    0.0032   15.3   0.0   389   496  1114  1220  1093  1224 0.71 -
KAI3425961.1         -           1580 2599at3041           -            951   1.3e-13   49.7   8.7   2   3   2.5e-06   0.00014   19.8   0.1   580   612  1324  1356  1319  1362 0.91 -
KAI3425961.1         -           1580 2599at3041           -            951   1.3e-13   49.7   8.7   3   3   1.8e-05     0.001   17.0   1.9   654   705  1364  1415  1356  1423 0.89 -
KAI3431452.1         -            585 2599at3041           -            951   3.6e-13   48.3   0.3   1   1   2.4e-13   1.4e-11   43.0   0.3   467   759    15   289    12   304 0.69 -
KAI3432591.1         -            317 2599at3041           -            951   6.3e-13   47.5  11.5   1   4     0.025       1.4    6.6   0.0   464   495     2    33     1    37 0.88 -
KAI3432591.1         -            317 2599at3041           -            951   6.3e-13   47.5  11.5   2   4   2.4e-06   0.00014   19.9   2.7   579   611   125   160    80   169 0.84 -
KAI3432591.1         -            317 2599at3041           -            951   6.3e-13   47.5  11.5   3   4   7.1e-06    0.0004   18.3   0.1   664   691   179   207   169   209 0.92 -
KAI3432591.1         -            317 2599at3041           -            951   6.3e-13   47.5  11.5   4   4     0.034       1.9    6.2   0.0   729   764   271   303   264   311 0.83 -
KAI3436560.1         -            500 2599at3041           -            951   7.3e-13   47.3   0.2   1   2         2   1.1e+02    0.3   3.4   830   928     8   107     2   123 0.64 -
KAI3436560.1         -            500 2599at3041           -            951   7.3e-13   47.3   0.2   2   2   1.3e-14   7.3e-13   47.3   0.2   466   695   168   384   165   392 0.81 -
KAI3432354.1         -            504 2599at3041           -            951     1e-12   46.8   0.0   1   1   3.6e-13     2e-11   42.5   0.0   512   742   241   467   198   469 0.76 -
KAI3439126.1         -            816 2599at3041           -            951   1.2e-12   46.6   0.0   1   1   7.5e-14   4.3e-12   44.7   0.0   579   699   196   295   191   300 0.83 -
KAI3430797.1         -           1165 2599at3041           -            951   1.3e-12   46.5   0.6   1   1   2.2e-14   1.3e-12   46.5   0.6   536   742   895  1072   884  1076 0.74 -
KAI3427321.1         -            509 2599at3041           -            951   1.8e-12   45.9   0.0   1   1   4.7e-14   2.7e-12   45.4   0.0   575   612   319   356   316   376 0.93 -
KAI3431754.1         -           1112 2599at3041           -            951   2.1e-12   45.7   0.3   1   2   2.6e-09   1.5e-07   29.7   0.1   541   613   926  1004   920  1012 0.81 -
KAI3431754.1         -           1112 2599at3041           -            951   2.1e-12   45.7   0.3   2   2   0.00016    0.0093   13.8   0.0   658   697  1016  1056  1007  1061 0.88 -
KAI3424250.1         -           1098 2599at3041           -            951   5.1e-12   44.5   1.6   1   3   2.3e-07   1.3e-05   23.3   0.1   532   613   104   187    97   197 0.81 -
KAI3424250.1         -           1098 2599at3041           -            951   5.1e-12   44.5   1.6   2   3   2.5e-09   1.4e-07   29.7   0.2   659   756   201   302   191   304 0.81 -
KAI3424250.1         -           1098 2599at3041           -            951   5.1e-12   44.5   1.6   3   3       2.1   1.2e+02    0.2   1.6   168   235   636   703   579   788 0.54 -
KAI3432561.1         -            711 2599at3041           -            951     2e-11   42.5   0.2   1   1   1.2e-10     7e-09   34.1   0.2   447   693   409   632   326   643 0.77 -
KAI3428335.1         -            698 2599at3041           -            951   2.1e-11   42.4   2.5   1   3     3e-05    0.0017   16.3   0.1   567   597   425   456   418   460 0.86 -
KAI3428335.1         -            698 2599at3041           -            951   2.1e-11   42.4   2.5   2   3   4.4e-07   2.5e-05   22.3   0.0   657   694   507   544   473   552 0.91 -
KAI3428335.1         -            698 2599at3041           -            951   2.1e-11   42.4   2.5   3   3       1.1        60    1.2   0.0   726   799   619   692   610   697 0.78 -
KAI3438098.1         -            440 2599at3041           -            951   2.2e-11   42.4   4.0   1   3       3.2   1.8e+02   -0.4   0.3   161   913    46    96     6   140 0.43 -
KAI3438098.1         -            440 2599at3041           -            951   2.2e-11   42.4   4.0   2   3   4.1e-09   2.3e-07   29.1   0.0   581   613   269   301   259   306 0.91 -
KAI3438098.1         -            440 2599at3041           -            951   2.2e-11   42.4   4.0   3   3   0.00026     0.015   13.1   0.1   660   742   315   399   303   402 0.90 -
KAI3432712.1         -           1038 2599at3041           -            951   2.5e-11   42.2   0.2   1   3      0.25        14    3.3   0.0   432   488   732   785   696   790 0.79 -
KAI3432712.1         -           1038 2599at3041           -            951   2.5e-11   42.2   0.2   2   3   4.3e-07   2.4e-05   22.4   0.0   580   613   885   918   879   928 0.85 -
KAI3432712.1         -           1038 2599at3041           -            951   2.5e-11   42.2   0.2   3   3    0.0002     0.011   13.5   0.2   652   711   922   982   917   992 0.85 -
KAI3430255.1         -            711 2599at3041           -            951   3.6e-11   41.6   0.5   1   2     3e-08   1.7e-06   26.2   0.0   415   613   362   575   320   584 0.74 -
KAI3430255.1         -            711 2599at3041           -            951   3.6e-11   41.6   0.5   2   2   0.00054     0.031   12.1   0.5   661   693   590   622   577   630 0.87 -
KAI3431697.1         -            648 2599at3041           -            951   4.1e-11   41.5   0.3   1   3   0.00041     0.023   12.5   0.0   467   497   265   295   244   297 0.90 -
KAI3431697.1         -            648 2599at3041           -            951   4.1e-11   41.5   0.3   2   3    0.0037      0.21    9.3   0.1   577   619   491   541   485   546 0.76 -
KAI3431697.1         -            648 2599at3041           -            951   4.1e-11   41.5   0.3   3   3     2e-05    0.0011   16.8   0.0   653   704   542   593   536   603 0.90 -
KAI3432762.1         -            778 2599at3041           -            951   6.1e-11   40.9   4.2   1   2   4.1e-12   2.3e-10   39.0   0.0   459   617   466   646   436   678 0.75 -
KAI3432762.1         -            778 2599at3041           -            951   6.1e-11   40.9   4.2   2   2       6.6   3.7e+02   -1.4   0.1   662   698   657   693   655   699 0.89 -
KAI3425130.1         -           1101 2599at3041           -            951   6.2e-11   40.9   2.4   1   2   2.9e-06   0.00016   19.6   0.1   474   612   625   765   562   771 0.80 -
KAI3425130.1         -           1101 2599at3041           -            951   6.2e-11   40.9   2.4   2   2   1.4e-06     8e-05   20.7   0.4   656   697   773   814   767   818 0.93 -
KAI3436594.1         -            642 2599at3041           -            951   6.7e-11   40.8   1.4   1   2       4.6   2.6e+02   -0.9   0.3   857   929   270   345   235   349 0.71 -
KAI3436594.1         -            642 2599at3041           -            951   6.7e-11   40.8   1.4   2   2   4.7e-10   2.7e-08   32.1   0.1   455   693   348   563   329   584 0.77 -
KAI3434469.1         -           1247 2599at3041           -            951   8.1e-11   40.5   0.0   1   1   2.3e-12   1.3e-10   39.8   0.0   568   613   721   766   717   805 0.82 -
KAI3431698.1         -            627 2599at3041           -            951   8.1e-11   40.5   0.1   1   3    0.0027      0.16    9.8   0.0   466   497   266   297   262   299 0.93 -
KAI3431698.1         -            627 2599at3041           -            951   8.1e-11   40.5   0.1   2   3     0.022       1.2    6.8   0.1   572   612   459   507   456   515 0.74 -
KAI3431698.1         -            627 2599at3041           -            951   8.1e-11   40.5   0.1   3   3   1.7e-06   9.4e-05   20.4   0.0   650   707   512   569   507   585 0.88 -
KAI3425719.1         -           1009 2599at3041           -            951   8.5e-11   40.4   3.4   1   1   1.5e-12   8.5e-11   40.4   3.4   467   713   711   938   673   941 0.80 -
KAI3436645.1         -            471 2599at3041           -            951   8.6e-11   40.4   0.0   1   1   2.1e-12   1.2e-10   39.9   0.0   537   691   174   377   169   383 0.83 -
KAI3437973.1         -            920 2599at3041           -            951   1.2e-10   39.9   1.0   1   2   2.8e-08   1.6e-06   26.3   0.5   492   613   625   751   592   760 0.77 -
KAI3437973.1         -            920 2599at3041           -            951   1.2e-10   39.9   1.0   2   2   1.1e-06   6.4e-05   21.0   0.0   664   711   766   813   763   828 0.86 -
KAI3436086.1         -            598 2599at3041           -            951   1.3e-10   39.8   0.1   1   1     7e-10     4e-08   31.6   0.1   447   692   296   518   219   530 0.77 -
KAI3428157.1         -            777 2599at3041           -            951   1.4e-10   39.7   1.1   1   1   2.4e-12   1.4e-10   39.7   1.1   532   697   476   618   451   627 0.76 -
KAI3432711.1         -            951 2599at3041           -            951   1.4e-10   39.7   0.9   1   3       1.8     1e+02    0.4   0.0   462   488   581   607   501   612 0.80 -
KAI3432711.1         -            951 2599at3041           -            951   1.4e-10   39.7   0.9   2   3   3.5e-07     2e-05   22.7   0.0   580   613   707   740   701   750 0.86 -
KAI3432711.1         -            951 2599at3041           -            951   1.4e-10   39.7   0.9   3   3   0.00018      0.01   13.7   0.1   652   711   744   804   739   813 0.85 -
KAI3432704.1         -            771 2599at3041           -            951   1.5e-10   39.6   0.3   1   3       5.1   2.9e+02   -1.1   0.0   472   488   502   518   478   522 0.86 -
KAI3432704.1         -            771 2599at3041           -            951   1.5e-10   39.6   0.3   2   3   2.9e-07   1.6e-05   22.9   0.0   580   613   618   651   612   660 0.86 -
KAI3432704.1         -            771 2599at3041           -            951   1.5e-10   39.6   0.3   3   3   0.00015    0.0086   13.9   0.2   652   711   655   715   650   722 0.85 -
KAI3432708.1         -            771 2599at3041           -            951   1.5e-10   39.6   0.3   1   3       5.1   2.9e+02   -1.1   0.0   472   488   502   518   478   522 0.86 -
KAI3432708.1         -            771 2599at3041           -            951   1.5e-10   39.6   0.3   2   3   2.9e-07   1.6e-05   22.9   0.0   580   613   618   651   612   660 0.86 -
KAI3432708.1         -            771 2599at3041           -            951   1.5e-10   39.6   0.3   3   3   0.00015    0.0086   13.9   0.2   652   711   655   715   650   722 0.85 -
KAI3434591.1         -            912 2599at3041           -            951   1.8e-10   39.4   0.1   1   1   5.4e-09     3e-07   28.7   0.1   570   697   606   699   600   702 0.87 -
KAI3432701.1         -            637 2599at3041           -            951   2.1e-10   39.1   0.5   1   3       3.8   2.1e+02   -0.6   0.0   471   488   276   293   252   298 0.85 -
KAI3432701.1         -            637 2599at3041           -            951   2.1e-10   39.1   0.5   2   3   7.5e-07   4.2e-05   21.6   0.0   580   612   393   425   387   431 0.88 -
KAI3432701.1         -            637 2599at3041           -            951   2.1e-10   39.1   0.5   3   3   0.00016    0.0091   13.8   0.2   653   711   431   490   426   497 0.85 -
KAI3424785.1         -           2122 2599at3041           -            951   2.1e-10   39.1   8.8   1   3       2.3   1.3e+02    0.1   0.0   469   489   783   803   751   807 0.84 -
KAI3424785.1         -           2122 2599at3041           -            951   2.1e-10   39.1   8.8   2   3   4.2e-10   2.4e-08   32.3   0.0   572   724   900  1028   867  1032 0.71 -
KAI3424785.1         -           2122 2599at3041           -            951   2.1e-10   39.1   8.8   3   3       8.1   4.6e+02   -1.7   6.7   814   932  1625  1743  1604  1759 0.61 -
KAI3424784.1         -           2126 2599at3041           -            951   2.2e-10   39.1   8.8   1   3       2.3   1.3e+02    0.1   0.0   469   489   787   807   755   811 0.84 -
KAI3424784.1         -           2126 2599at3041           -            951   2.2e-10   39.1   8.8   2   3   4.2e-10   2.4e-08   32.3   0.0   572   724   904  1032   871  1036 0.71 -
KAI3424784.1         -           2126 2599at3041           -            951   2.2e-10   39.1   8.8   3   3       8.2   4.6e+02   -1.7   6.7   814   932  1629  1747  1608  1763 0.61 -
KAI3430832.1         -            593 2599at3041           -            951   2.7e-10   38.8   6.7   1   3   1.4e-10   7.7e-09   33.9   0.1   577   612   162   197   123   207 0.89 -
KAI3430832.1         -            593 2599at3041           -            951   2.7e-10   38.8   6.7   2   3     0.028       1.6    6.4   0.0   661   698   215   254   210   258 0.81 -
KAI3430832.1         -            593 2599at3041           -            951   2.7e-10   38.8   6.7   3   3       2.2   1.2e+02    0.2   0.9   814   902   422   511   402   541 0.68 -
KAI3437798.1         -           1078 2599at3041           -            951   2.7e-10   38.7   8.2   1   2   1.8e-09     1e-07   30.2   0.1   474   612   628   765   625   770 0.90 -
KAI3437798.1         -           1078 2599at3041           -            951   2.7e-10   38.7   8.2   2   2   0.00013    0.0074   14.1   0.1   656   697   775   816   765   821 0.91 -
KAI3437640.1         -            444 2599at3041           -            951   4.9e-10   37.9   0.6   1   1   1.8e-11     1e-09   36.8   0.6   585   742   220   424   205   427 0.76 -
KAI3429881.1         -           1210 2599at3041           -            951     5e-10   37.9   2.6   1   2   4.6e-09   2.6e-07   28.9   0.2   541   611   956  1033   928  1037 0.75 -
KAI3429881.1         -           1210 2599at3041           -            951     5e-10   37.9   2.6   2   2   6.1e-06   0.00034   18.6   0.2   660   697  1048  1085  1045  1088 0.92 -
KAI3430683.1         -            755 2599at3041           -            951     5e-10   37.9  13.0   1   2   9.3e-10   5.3e-08   31.2   0.1   533   611   166   248   163   256 0.82 -
KAI3430683.1         -            755 2599at3041           -            951     5e-10   37.9  13.0   2   2   0.00035      0.02   12.7   0.2   676   702   267   294   256   350 0.67 -
KAI3432713.1         -            286 2599at3041           -            951   5.1e-10   37.8   0.0   1   2      0.41        23    2.6   0.0   460   488    35    63    13    68 0.79 -
KAI3432713.1         -            286 2599at3041           -            951   5.1e-10   37.8   0.0   2   2   2.2e-10   1.3e-08   33.2   0.0   581   620   160   199   156   251 0.68 -
KAI3425720.1         -            878 2599at3041           -            951   8.6e-10   37.1   3.9   1   4       9.3   5.2e+02   -1.9   0.5   857   911   315   366   240   396 0.52 -
KAI3425720.1         -            878 2599at3041           -            951   8.6e-10   37.1   3.9   2   4       8.3   4.7e+02   -1.8   4.3   820   906   465   551   436   560 0.65 -
KAI3425720.1         -            878 2599at3041           -            951   8.6e-10   37.1   3.9   3   4     0.082       4.6    4.9   0.0   463   496   581   612   558   614 0.85 -
KAI3425720.1         -            878 2599at3041           -            951   8.6e-10   37.1   3.9   4   4   1.5e-11   8.6e-10   37.1   3.9   579   703   712   804   708   824 0.81 -
KAI3423877.1         -           1313 2599at3041           -            951   9.2e-10   37.0   0.7   1   2   1.7e-10   9.8e-09   33.6   0.1   541   613  1105  1184  1088  1192 0.75 -
KAI3423877.1         -           1313 2599at3041           -            951   9.2e-10   37.0   0.7   2   2    0.0009     0.051   11.4   0.0   659   697  1196  1235  1185  1240 0.86 -
KAI3438102.1         -           1459 2599at3041           -            951   1.1e-09   36.7   2.8   1   3     0.018         1    7.0   0.0   465   496  1020  1049   991  1051 0.85 -
KAI3438102.1         -           1459 2599at3041           -            951   1.1e-09   36.7   2.8   2   3   2.8e-05    0.0016   16.4   0.1   584   613  1160  1189  1150  1198 0.86 -
KAI3438102.1         -           1459 2599at3041           -            951   1.1e-09   36.7   2.8   3   3    0.0008     0.045   11.5   0.5   658   704  1200  1246  1194  1255 0.89 -
KAI3424873.1         -           1375 2599at3041           -            951     2e-09   35.8   0.0   1   2   3.6e-11     2e-09   35.8   0.0   561   699   975  1090   971  1137 0.81 -
KAI3424873.1         -           1375 2599at3041           -            951     2e-09   35.8   0.0   2   2       8.1   4.6e+02   -1.7   0.9   854   924  1213  1282  1194  1290 0.68 -
KAI3436537.1         -            541 2599at3041           -            951   2.5e-09   35.6   0.6   1   2   1.1e-08   6.1e-07   27.7   0.1   577   613   377   419   372   427 0.81 -
KAI3436537.1         -            541 2599at3041           -            951   2.5e-09   35.6   0.6   2   2     0.027       1.5    6.5   0.0   649   695   422   468   418   475 0.85 -
KAI3432743.1         -            742 2599at3041           -            951   2.6e-09   35.5   0.2   1   2   4.6e-11   2.6e-09   35.5   0.2   541   613   455   534   423   543 0.78 -
KAI3432743.1         -            742 2599at3041           -            951   2.6e-09   35.5   0.2   2   2    0.0092      0.52    8.0   0.3   656   697   546   589   534   593 0.84 -
KAI3435572.1         -            861 2599at3041           -            951   3.1e-09   35.3   0.1   1   2     4e-07   2.3e-05   22.5   0.0   572   612   658   700   653   706 0.86 -
KAI3435572.1         -            861 2599at3041           -            951   3.1e-09   35.3   0.1   2   2    0.0014     0.081   10.7   0.0   646   695   702   751   699   773 0.87 -
KAI3430353.1         -           1103 2599at3041           -            951   9.1e-09   33.7  17.0   1   2   4.4e-07   2.5e-05   22.3   0.0   540   613   801   875   792   883 0.89 -
KAI3430353.1         -           1103 2599at3041           -            951   9.1e-09   33.7  17.0   2   2   1.3e-06   7.4e-05   20.8   1.6   656   697   882   923   873   926 0.90 -
KAI3428377.1         -            940 2599at3041           -            951   1.1e-08   33.5   0.0   1   2   1.9e-10   1.1e-08   33.5   0.0   480   612   100   235    98   247 0.78 -
KAI3428377.1         -            940 2599at3041           -            951   1.1e-08   33.5   0.0   2   2    0.0047      0.27    9.0   0.0   660   694   248   283   234   285 0.85 -
KAI3428490.1         -           1048 2599at3041           -            951   1.1e-08   33.4  12.4   1   2     3e-06   0.00017   19.6   0.0   579   612   773   808   770   818 0.86 -
KAI3428490.1         -           1048 2599at3041           -            951   1.1e-08   33.4  12.4   2   2   5.4e-06   0.00031   18.7   2.6   661   709   823   871   809   876 0.92 -
KAI3432695.1         -           1355 2599at3041           -            951   1.1e-08   33.4   5.1   1   2     1e-07   5.8e-06   24.4   0.0   461   613   984  1144   955  1151 0.63 -
KAI3432695.1         -           1355 2599at3041           -            951   1.1e-08   33.4   5.1   2   2    0.0024      0.14   10.0   0.3   652   706  1148  1203  1143  1211 0.80 -
KAI3427342.1         -           1250 2599at3041           -            951   1.4e-08   33.1   4.1   1   3       2.8   1.6e+02   -0.2   0.0   472   488   960   976   948   982 0.86 -
KAI3427342.1         -           1250 2599at3041           -            951   1.4e-08   33.1   4.1   2   3   1.4e-06   7.7e-05   20.7   0.0   584   613  1089  1118  1080  1126 0.85 -
KAI3427342.1         -           1250 2599at3041           -            951   1.4e-08   33.1   4.1   3   3   0.00094     0.054   11.3   1.1   651   694  1121  1164  1117  1174 0.88 -
KAI3425723.1         -           1046 2599at3041           -            951   2.8e-08   32.1   0.0   1   3     0.012      0.68    7.6   0.0   448   498   724   772   704   779 0.79 -
KAI3425723.1         -           1046 2599at3041           -            951   2.8e-08   32.1   0.0   2   3     5e-10   2.8e-08   32.1   0.0   579   613   870   904   860   920 0.90 -
KAI3425723.1         -           1046 2599at3041           -            951   2.8e-08   32.1   0.0   3   3      0.02       1.1    6.9   0.9   661   693   920   952   908   959 0.88 -
KAI3426096.1         -            850 2599at3041           -            951   4.4e-08   31.4   0.1   1   1   7.7e-10   4.4e-08   31.4   0.1   586   718   156   262   149   285 0.77 -
KAI3437833.1         -           1337 2599at3041           -            951   4.7e-08   31.3   1.7   1   3    0.0014     0.078   10.8   0.0   438   488  1011  1063   966  1071 0.69 -
KAI3437833.1         -           1337 2599at3041           -            951   4.7e-08   31.3   1.7   2   3   0.00012    0.0069   14.3   0.0   579   626  1165  1212  1156  1218 0.79 -
KAI3437833.1         -           1337 2599at3041           -            951   4.7e-08   31.3   1.7   3   3      0.23        13    3.4   0.6   662   705  1219  1262  1215  1272 0.83 -
KAI3437832.1         -           1359 2599at3041           -            951   4.8e-08   31.3   1.6   1   2    0.0014     0.079   10.7   0.0   438   488  1033  1085   988  1093 0.69 -
KAI3437832.1         -           1359 2599at3041           -            951   4.8e-08   31.3   1.6   2   2   0.00012    0.0067   14.3   2.1   579   631  1187  1239  1178  1296 0.70 -
KAI3438614.1         -           1604 2599at3041           -            951   6.5e-08   30.9   0.0   1   1   1.2e-09   6.5e-08   30.9   0.0   659   742     2    84     1    86 0.97 -
KAI3432208.1         -           1280 2599at3041           -            951   8.3e-08   30.5   0.6   1   2   2.5e-06   0.00014   19.8   0.1   574   614  1086  1129  1080  1141 0.82 -
KAI3432208.1         -           1280 2599at3041           -            951   8.3e-08   30.5   0.6   2   2   5.8e-06   0.00033   18.6   0.1   664   694  1142  1172  1137  1174 0.95 -
KAI3436406.1         -            247 2599at3041           -            951   8.6e-08   30.5   0.2   1   1   5.8e-07   3.3e-05   21.9   0.2   572   710    66   181    64   217 0.66 -
KAI3430385.1         -            918 2599at3041           -            951   1.2e-07   30.0   7.7   1   2    0.0026      0.15    9.8   0.0   453   495   591   631   558   636 0.72 -
KAI3430385.1         -            918 2599at3041           -            951   1.2e-07   30.0   7.7   2   2   3.6e-06    0.0002   19.3   0.8   579   621   727   771   720   832 0.74 -
KAI3433311.1         -            580 2599at3041           -            951   1.2e-07   30.0   4.7   1   2   3.9e-06   0.00022   19.2   0.8   574   612   334   372   295   379 0.88 -
KAI3433311.1         -            580 2599at3041           -            951   1.2e-07   30.0   4.7   2   2   0.00052     0.029   12.2   0.2   657   697   384   424   376   437 0.91 -
KAI3432698.1         -           1103 2599at3041           -            951   1.6e-07   29.6  19.8   1   2   4.3e-07   2.5e-05   22.3   0.0   580   613   859   892   853   901 0.86 -
KAI3432698.1         -           1103 2599at3041           -            951   1.6e-07   29.6  19.8   2   2   0.00024     0.013   13.3   0.2   652   711   896   956   891   963 0.85 -
KAI3430778.1         -            941 2599at3041           -            951   1.7e-07   29.5   2.4   1   2   0.00019     0.011   13.6   0.3   577   613   806   842   795   851 0.91 -
KAI3430778.1         -            941 2599at3041           -            951   1.7e-07   29.5   2.4   2   2   7.6e-05    0.0043   14.9   0.1   658   697   854   893   849   897 0.91 -
KAI3433344.1         -            331 2599at3041           -            951   1.9e-07   29.4   1.9   1   2   2.4e-06   0.00014   19.9   0.1   541   612   120   196   119   207 0.69 -
KAI3433344.1         -            331 2599at3041           -            951   1.9e-07   29.4   1.9   2   2    0.0052      0.29    8.9   0.2   659   700   210   252   204   257 0.85 -
KAI3436090.1         -           1266 2599at3041           -            951     3e-07   28.7  13.7   1   3       1.8     1e+02    0.4   0.0   447   497   820   868   793   878 0.83 -
KAI3436090.1         -           1266 2599at3041           -            951     3e-07   28.7  13.7   2   3   3.3e-07   1.9e-05   22.7   0.0   579   612   962   997   959  1007 0.93 -
KAI3436090.1         -           1266 2599at3041           -            951     3e-07   28.7  13.7   3   3    0.0011     0.062   11.1   3.2   661   699  1012  1050   997  1059 0.89 -
KAI3430383.1         -            608 2599at3041           -            951   3.5e-07   28.4   0.1   1   1   2.5e-08   1.4e-06   26.4   0.0   574   609   276   312   269   326 0.89 -
KAI3424978.1         -            757 2599at3041           -            951   3.8e-07   28.3   0.2   1   2   0.00033     0.019   12.8   0.2   572   597   181   207   174   209 0.80 -
KAI3424978.1         -            757 2599at3041           -            951   3.8e-07   28.3   0.2   2   2   4.8e-07   2.7e-05   22.2   0.0   661   694   429   462   403   470 0.92 -
KAI3428747.1         -           1203 2599at3041           -            951   5.4e-07   27.8   0.1   1   2   9.4e-09   5.4e-07   27.8   0.1   560   616   138   197   119   203 0.85 -
KAI3428747.1         -           1203 2599at3041           -            951   5.4e-07   27.8   0.1   2   2       1.1        64    1.1   3.6   656   767   202   309   195   469 0.60 -
KAI3428748.1         -           1204 2599at3041           -            951   5.4e-07   27.8   0.1   1   2   9.5e-09   5.4e-07   27.8   0.1   560   616   138   197   119   203 0.85 -
KAI3428748.1         -           1204 2599at3041           -            951   5.4e-07   27.8   0.1   2   2       1.3        73    0.9   3.8   656   767   202   309   195   469 0.60 -
KAI3428563.1         -           1430 2599at3041           -            951   6.5e-07   27.6   1.3   1   1   1.1e-08   6.5e-07   27.6   1.3   577   670  1242  1308  1238  1353 0.66 -
KAI3432675.1         -            969 2599at3041           -            951   6.6e-07   27.5   0.8   1   3     0.042       2.4    5.9   0.0   443   484   648   689   619   694 0.71 -
KAI3432675.1         -            969 2599at3041           -            951   6.6e-07   27.5   0.8   2   3   7.6e-05    0.0043   14.9   0.0   585   613   810   838   795   850 0.87 -
KAI3432675.1         -            969 2599at3041           -            951   6.6e-07   27.5   0.8   3   3      0.24        13    3.4   0.2   661   694   852   885   842   891 0.89 -
KAI3432676.1         -            954 2599at3041           -            951   7.4e-07   27.4   0.8   1   3     0.041       2.3    5.9   0.0   443   484   633   674   604   679 0.71 -
KAI3432676.1         -            954 2599at3041           -            951   7.4e-07   27.4   0.8   2   3   7.7e-05    0.0044   14.9   0.0   585   613   795   823   780   833 0.87 -
KAI3432676.1         -            954 2599at3041           -            951   7.4e-07   27.4   0.8   3   3      0.23        13    3.4   0.2   661   694   837   870   827   876 0.89 -
KAI3433302.1         -            735 2599at3041           -            951   8.6e-07   27.2   0.0   1   1   2.2e-08   1.2e-06   26.6   0.0   573   690   533   640   491   653 0.68 -
KAI3431344.1         -           1434 2599at3041           -            951   9.4e-07   27.0   0.0   1   1   1.7e-08   9.4e-07   27.0   0.0   585   625  1236  1283  1229  1325 0.65 -
KAI3432880.1         -            811 2599at3041           -            951   1.1e-06   26.9   2.4   1   3    0.0032      0.18    9.6   0.1   444   497   454   504   379   510 0.62 -
KAI3432880.1         -            811 2599at3041           -            951   1.1e-06   26.9   2.4   2   3   0.00058     0.033   12.0   0.0   571   615   621   671   618   678 0.79 -
KAI3432880.1         -            811 2599at3041           -            951   1.1e-06   26.9   2.4   3   3      0.16         9    3.9   0.1   655   710   676   731   670   743 0.82 -
KAI3432881.1         -            816 2599at3041           -            951   1.1e-06   26.8   2.4   1   3    0.0032      0.18    9.5   0.1   444   497   459   509   384   515 0.62 -
KAI3432881.1         -            816 2599at3041           -            951   1.1e-06   26.8   2.4   2   3   0.00059     0.033   12.0   0.0   571   615   626   676   623   683 0.79 -
KAI3432881.1         -            816 2599at3041           -            951   1.1e-06   26.8   2.4   3   3      0.16       9.1    3.9   0.1   655   710   681   736   675   748 0.82 -
KAI3434599.1         -           1431 2599at3041           -            951   1.5e-06   26.3  13.2   1   2      0.18        10    3.7   0.0   422   486   225   293   166   302 0.64 -
KAI3434599.1         -           1431 2599at3041           -            951   1.5e-06   26.3  13.2   2   2   8.7e-07     5e-05   21.3   0.6   572   672  1218  1291  1215  1373 0.63 -
KAI3432748.1         -            740 2599at3041           -            951     2e-06   26.0   0.0   1   1   1.4e-07   7.9e-06   24.0   0.0   572   742   566   721   563   723 0.85 -
KAI3431592.1         -           1004 2599at3041           -            951   3.9e-06   25.0   0.2   1   3       6.8   3.8e+02   -1.5   2.7   299   394   327   419   278   510 0.52 -
KAI3431592.1         -           1004 2599at3041           -            951   3.9e-06   25.0   0.2   2   3   6.9e-08   3.9e-06   25.0   0.2   570   620   679   735   639   763 0.77 -
KAI3431592.1         -           1004 2599at3041           -            951   3.9e-06   25.0   0.2   3   3       2.4   1.4e+02    0.0   0.0   657   690   739   772   732   775 0.91 -
KAI3432672.1         -           1164 2599at3041           -            951   4.6e-06   24.8   0.6   1   2   9.8e-05    0.0056   14.5   0.0   585   615   233   265   175   274 0.88 -
KAI3432672.1         -           1164 2599at3041           -            951   4.6e-06   24.8   0.6   2   2   9.5e-06   0.00054   17.9   0.1   664   699   277   312   275   326 0.90 -
KAI3426335.1         -            906 2599at3041           -            951   4.9e-06   24.7   0.2   1   2   0.00034      0.02   12.7   0.2   572   610   632   676   628   681 0.78 -
KAI3426335.1         -            906 2599at3041           -            951   4.9e-06   24.7   0.2   2   2    0.0021      0.12   10.2   0.0   651   742   683   774   668   776 0.82 -
KAI3431777.1         -            757 2599at3041           -            951   5.6e-06   24.5   0.0   1   3      0.67        38    1.9   0.0   435   481   416   460   372   475 0.70 -
KAI3431777.1         -            757 2599at3041           -            951   5.6e-06   24.5   0.0   2   3   7.3e-05    0.0041   15.0   0.0   572   599   587   614   584   648 0.76 -
KAI3431777.1         -            757 2599at3041           -            951   5.6e-06   24.5   0.0   3   3       0.2        11    3.6   0.0   680   742   671   735   663   737 0.84 -
KAI3432747.1         -            877 2599at3041           -            951   1.4e-05   23.2   0.7   1   2   0.00075     0.042   11.6   0.3   571   612   698   745   695   755 0.80 -
KAI3432747.1         -            877 2599at3041           -            951   1.4e-05   23.2   0.7   2   2    0.0039      0.22    9.3   0.0   658   742   757   841   748   844 0.93 -
KAI3432306.1         -            339 2599at3041           -            951   1.5e-05   23.1   0.0   1   1   4.9e-07   2.8e-05   22.2   0.0   577   611   116   153   108   241 0.82 -
KAI3437672.1         -           1036 2599at3041           -            951   2.4e-05   22.4   0.1   1   2     0.013      0.75    7.5   0.1   539   611   863   936   861   945 0.77 -
KAI3437672.1         -           1036 2599at3041           -            951   2.4e-05   22.4   0.1   2   2   0.00029     0.017   13.0   0.0   659   695   947   984   938   986 0.92 -
KAI3436668.1         -            602 2599at3041           -            951   4.4e-05   21.5   0.1   1   1   1.2e-06   6.6e-05   20.9   0.1   575   612   453   490   448   521 0.91 -
KAI3434780.1         -            811 2599at3041           -            951   9.1e-05   20.5   0.4   1   1   7.3e-05    0.0041   15.0   0.4   655   738   661   744   606   749 0.77 -
KAI3429301.1         -           1725 2599at3041           -            951   9.1e-05   20.5  14.7   1   2    0.0043      0.24    9.1   3.4   643   694   778   829   723   830 0.69 -
KAI3429301.1         -           1725 2599at3041           -            951   9.1e-05   20.5  14.7   2   2    0.0045      0.25    9.1   3.5   643   694  1618  1669  1563  1670 0.71 -
KAI3430739.1         -           1066 2599at3041           -            951   9.7e-05   20.4  11.0   1   2   0.00029     0.017   13.0   0.1   547   599   850   906   841   908 0.85 -
KAI3430739.1         -           1066 2599at3041           -            951   9.7e-05   20.4  11.0   2   2   0.00014    0.0078   14.1   0.5   658   694   959   995   937   996 0.92 -
KAI3431776.1         -            545 2599at3041           -            951   0.00011   20.2   0.0   1   3       7.3   4.1e+02   -1.6   0.0   439   481   190   235   160   248 0.62 -
KAI3431776.1         -            545 2599at3041           -            951   0.00011   20.2   0.0   2   3   0.00011    0.0064   14.3   0.0   571   599   367   395   353   425 0.77 -
KAI3431776.1         -            545 2599at3041           -            951   0.00011   20.2   0.0   3   3      0.44        25    2.5   0.0   680   742   452   516   446   518 0.91 -
KAI3431775.1         -            544 2599at3041           -            951   0.00011   20.2   0.0   1   3       7.3   4.1e+02   -1.6   0.0   439   481   189   234   159   247 0.62 -
KAI3431775.1         -            544 2599at3041           -            951   0.00011   20.2   0.0   2   3   0.00011    0.0064   14.3   0.0   571   599   366   394   352   424 0.77 -
KAI3431775.1         -            544 2599at3041           -            951   0.00011   20.2   0.0   3   3      0.44        25    2.5   0.0   680   742   451   515   445   517 0.91 -
KAI3433358.1         -            358 2599at3041           -            951   0.00011   20.2   0.0   1   2    0.0016     0.089   10.6   0.0   576   599   182   207   178   210 0.84 -
KAI3433358.1         -            358 2599at3041           -            951   0.00011   20.2   0.0   2   2     0.012      0.67    7.7   0.0   651   691   221   261   206   264 0.80 -
KAI3429894.1         -            924 2599at3041           -            951   0.00016   19.6   0.1   1   2   2.9e-06   0.00016   19.6   0.1   472   613   623   764   582   777 0.78 -
KAI3429894.1         -            924 2599at3041           -            951   0.00016   19.6   0.1   2   2    0.0016     0.092   10.5   0.1   664   697   779   812   770   814 0.91 -
KAI3427363.1         -           1327 2599at3041           -            951   0.00026   19.0   0.0   1   1   4.6e-06   0.00026   19.0   0.0   576   618  1172  1215  1162  1263 0.78 -
KAI3428793.1         -            606 2599at3041           -            951   0.00033   18.6   0.1   1   2       5.6   3.2e+02   -1.2   0.0   470   488    43    61    16    65 0.84 -
KAI3428793.1         -            606 2599at3041           -            951   0.00033   18.6   0.1   2   2   1.9e-05    0.0011   16.9   0.0   572   601   151   180   139   227 0.87 -
KAI3429892.1         -           1056 2599at3041           -            951   0.00041   18.3   0.1   1   2   7.2e-06   0.00041   18.3   0.1   539   612   735   808   669   818 0.78 -
KAI3429892.1         -           1056 2599at3041           -            951   0.00041   18.3   0.1   2   2    0.0021      0.12   10.1   0.4   658   697   818   857   810   861 0.91 -
KAI3429645.1         -            817 2599at3041           -            951   0.00041   18.3   0.0   1   2       9.1   5.2e+02   -1.9   0.0   467   496    19    48    17    52 0.91 -
KAI3429645.1         -            817 2599at3041           -            951   0.00041   18.3   0.0   2   2   7.3e-06   0.00041   18.3   0.0   576   595   131   150   126   210 0.83 -
KAI3426926.1         -            973 2599at3041           -            951    0.0023   15.8   0.0   1   2   4.1e-05    0.0023   15.8   0.0   573   610   206   248   198   266 0.75 -
KAI3426926.1         -            973 2599at3041           -            951    0.0023   15.8   0.0   2   2    0.0012     0.068   10.9   0.1   661   691   266   296   251   311 0.89 -
KAI3436643.1         -           1517 2599at3041           -            951    0.0066   14.3   0.0   1   1   0.00022     0.012   13.4   0.0   568   620   142   203   137   240 0.73 -
KAI3432592.1         -           1169 2599at3041           -            951    0.0078   14.1   1.6   1   1   0.00017    0.0099   13.7   0.0   650   695   726   775   680   781 0.67 -
KAI3432278.1         -            541 2599at3041           -            951     0.026   12.3   0.5   1   1    0.0013     0.074   10.8   0.5   575   595   314   334   197   338 0.89 -
KAI3432258.1         -           1309 2599at3041           -            951     0.049   11.4   0.1   1   2   0.00086     0.049   11.4   0.1   574   610   775   811   771   820 0.92 -
KAI3432258.1         -           1309 2599at3041           -            951     0.049   11.4   0.1   2   2      0.82        47    1.6   0.1   660   693   825   858   819   863 0.93 -
KAI3436197.1         -            684 2599at3041           -            951     0.085   10.6   4.7   1   3       2.9   1.6e+02   -0.2   0.0   466   497   102   133    81   140 0.93 -
KAI3436197.1         -            684 2599at3041           -            951     0.085   10.6   4.7   2   3    0.0096      0.55    8.0   0.0   585   609   227   254   212   255 0.80 -
KAI3436197.1         -            684 2599at3041           -            951     0.085   10.6   4.7   3   3      0.46        26    2.4   0.0   646   698   258   309   255   350 0.82 -
KAI3423962.1         -            930 2599at3041           -            951       0.1   10.4   0.0   1   1     0.003      0.17    9.6   0.0   566   597   785   816   752   831 0.83 -
KAI3438322.1         -           1570 2599at3041           -            951      0.27    9.0   0.0   1   1    0.0047      0.27    9.0   0.0   573   599   130   156   123   165 0.86 -
KAI3436228.1         -           2672 2599at3041           -            951      0.29    8.8   0.0   1   3       4.3   2.4e+02   -0.8   0.0   121   236  1253  1366  1241  1395 0.71 -
KAI3436228.1         -           2672 2599at3041           -            951      0.29    8.8   0.0   2   3      0.24        14    3.3   0.0   581   597  2026  2042  2012  2044 0.80 -
KAI3436228.1         -           2672 2599at3041           -            951      0.29    8.8   0.0   3   3    0.0052      0.29    8.8   0.0   674   694  2121  2141  2083  2146 0.89 -
KAI3431261.1         -           1286 2599at3041           -            951      0.42    8.3  14.4   1   1    0.0024      0.14   10.0   4.4   579   620  1029  1070   886  1127 0.74 -
KAI3437810.1         -            722 2599at3041           -            951         3    5.5   6.5   1   1     0.084       4.8    4.8   6.5   788   910   201   320   196   355 0.76 -
KAI3431264.1         -           1690 2599at3041           -            951       5.2    4.7   6.9   1   2       8.8     5e+02   -1.8   1.3   294   359   460   535   403   616 0.50 -
KAI3431264.1         -           1690 2599at3041           -            951       5.2    4.7   6.9   2   2    0.0082      0.47    8.2   0.2   569   597  1494  1522  1487  1525 0.80 -
#
# Program:         hmmsearch
# Version:         3.1b2 (February 2015)
# Pipeline mode:   SEARCH
# Query file:      /Users/catrionaharrison/Documents/Bioinformatics/rp2/Data/genomes/busco/busco_downloads/lineages/chlorophyta_odb10/hmms/2599at3041.hmm
# Target file:     /Users/catrionaharrison/Documents/Bioinformatics/rp2/Data/genomes/busco/data/chlorella_vulgaris.prot.fasta
# Option settings: hmmsearch --domtblout /Users/catrionaharrison/Documents/Bioinformatics/rp2/Data/genomes/busco/Busco_vulgaris/run_chlorophyta_odb10/hmmer_output/initial_run_results/2599at3041.out --cpu 1 /Users/catrionaharrison/Documents/Bioinformatics/rp2/Data/genomes/busco/busco_downloads/lineages/chlorophyta_odb10/hmms/2599at3041.hmm /Users/catrionaharrison/Documents/Bioinformatics/rp2/Data/genomes/busco/data/chlorella_vulgaris.prot.fasta 
# Current dir:     /Users/catrionaharrison/Documents/Bioinformatics/rp2/Data/genomes/busco
# Date:            Fri Jul 22 15:34:06 2022
# [ok]
