#                                                                            --- full sequence --- -------------- this domain -------------   hmm coord   ali coord   env coord
# target name        accession   tlen query name           accession   qlen   E-value  score  bias   #  of  c-Evalue  i-Evalue  score  bias  from    to  from    to  from    to  acc description of target
#------------------- ---------- ----- -------------------- ---------- ----- --------- ------ ----- --- --- --------- --------- ------ ----- ----- ----- ----- ----- ----- ----- ---- ---------------------
KAI3431282.1         -            312 2851at3041           -            257    3e-153  508.0   4.1   1   1  3.5e-155  4.3e-152  504.2   4.1     1   257    23   311    23   311 0.93 -
KAI3433342.1         -            371 2851at3041           -            257   3.1e-37  127.8   0.1   1   1   6.8e-40   8.5e-37  126.4   0.1    10   208    60   258    54   289 0.77 -
KAI3435549.1         -            557 2851at3041           -            257   5.3e-09   35.3   0.1   1   1     9e-12   1.1e-08   34.2   0.1    25   152   396   516   373   524 0.76 -
KAI3435805.1         -            338 2851at3041           -            257   3.1e-05   22.9   0.0   1   1   4.2e-08   5.2e-05   22.2   0.0     8    98    16   110     9   137 0.77 -
KAI3438334.1         -            345 2851at3041           -            257   8.9e-05   21.4   0.0   1   1   1.2e-07   0.00015   20.7   0.0    10   142    23   161    14   167 0.82 -
KAI3424819.1         -            333 2851at3041           -            257   0.00017   20.5   0.0   1   1   2.2e-07   0.00028   19.8   0.0    28   127    41   134    12   141 0.80 -
KAI3438618.1         -            784 2851at3041           -            257   0.00037   19.4   0.0   1   1   4.6e-07   0.00058   18.8   0.0    11   120   492   601   486   614 0.73 -
KAI3434478.1         -            655 2851at3041           -            257     0.002   17.0   0.0   1   1   2.5e-06    0.0031   16.4   0.0    11   111   332   432   328   557 0.76 -
KAI3428754.1         -            285 2851at3041           -            257    0.0089   14.9   0.0   1   1   1.1e-05     0.014   14.2   0.0    32    93    39    98    32   106 0.89 -
#
# Program:         hmmsearch
# Version:         3.1b2 (February 2015)
# Pipeline mode:   SEARCH
# Query file:      /Users/catrionaharrison/Documents/Bioinformatics/rp2/Data/genomes/busco/busco_downloads/lineages/chlorophyta_odb10/hmms/2851at3041.hmm
# Target file:     /Users/catrionaharrison/Documents/Bioinformatics/rp2/Data/genomes/busco/data/chlorella_vulgaris.prot.fasta
# Option settings: hmmsearch --domtblout /Users/catrionaharrison/Documents/Bioinformatics/rp2/Data/genomes/busco/Busco_vulgaris/run_chlorophyta_odb10/hmmer_output/initial_run_results/2851at3041.out --cpu 1 /Users/catrionaharrison/Documents/Bioinformatics/rp2/Data/genomes/busco/busco_downloads/lineages/chlorophyta_odb10/hmms/2851at3041.hmm /Users/catrionaharrison/Documents/Bioinformatics/rp2/Data/genomes/busco/data/chlorella_vulgaris.prot.fasta 
# Current dir:     /Users/catrionaharrison/Documents/Bioinformatics/rp2/Data/genomes/busco
# Date:            Fri Jul 22 15:35:04 2022
# [ok]
