#                                                                            --- full sequence --- -------------- this domain -------------   hmm coord   ali coord   env coord
# target name        accession   tlen query name           accession   qlen   E-value  score  bias   #  of  c-Evalue  i-Evalue  score  bias  from    to  from    to  from    to  acc description of target
#------------------- ---------- ----- -------------------- ---------- ----- --------- ------ ----- --- --- --------- --------- ------ ----- ----- ----- ----- ----- ----- ----- ---- ---------------------
KAI3436231.1         -            378 2876at3041           -            335     2e-91  305.7   0.0   1   1   3.2e-94   7.2e-91  303.9   0.0     2   334     6   376     5   377 0.81 -
KAI3437694.1         -            275 2876at3041           -            335     3e-89  298.5   0.0   1   2   3.2e-36   7.2e-33  113.2   0.0   134   237    12   149     2   157 0.81 -
KAI3437694.1         -            275 2876at3041           -            335     3e-89  298.5   0.0   2   2   2.8e-57   6.4e-54  182.4   0.0   237   335   176   274   171   274 0.99 -
KAI3437692.1         -            199 2876at3041           -            335   3.7e-43  147.0   0.4   1   1   6.1e-45   1.4e-41  141.9   0.4     1   137     9   167     9   174 0.85 -
KAI3428020.1         -            411 2876at3041           -            335   1.6e-29  102.2   0.0   1   1   3.6e-32   8.1e-29   99.9   0.0    55   334    90   409    18   410 0.75 -
KAI3426082.1         -            412 2876at3041           -            335   2.7e-20   71.9   0.0   1   2   2.4e-07   0.00054   18.3   0.0     5   168     4   194     2   246 0.68 -
KAI3426082.1         -            412 2876at3041           -            335   2.7e-20   71.9   0.0   2   2   3.2e-17   7.2e-14   50.8   0.0   210   332   277   408   259   411 0.85 -
#
# Program:         hmmsearch
# Version:         3.1b2 (February 2015)
# Pipeline mode:   SEARCH
# Query file:      /Users/catrionaharrison/Documents/Bioinformatics/rp2/Data/genomes/busco/busco_downloads/lineages/chlorophyta_odb10/hmms/2876at3041.hmm
# Target file:     /Users/catrionaharrison/Documents/Bioinformatics/rp2/Data/genomes/busco/data/chlorella_vulgaris.prot.fasta
# Option settings: hmmsearch --domtblout /Users/catrionaharrison/Documents/Bioinformatics/rp2/Data/genomes/busco/Busco_vulgaris/run_chlorophyta_odb10/hmmer_output/initial_run_results/2876at3041.out --cpu 1 /Users/catrionaharrison/Documents/Bioinformatics/rp2/Data/genomes/busco/busco_downloads/lineages/chlorophyta_odb10/hmms/2876at3041.hmm /Users/catrionaharrison/Documents/Bioinformatics/rp2/Data/genomes/busco/data/chlorella_vulgaris.prot.fasta 
# Current dir:     /Users/catrionaharrison/Documents/Bioinformatics/rp2/Data/genomes/busco
# Date:            Fri Jul 22 15:35:14 2022
# [ok]
