#                                                                            --- full sequence --- -------------- this domain -------------   hmm coord   ali coord   env coord
# target name        accession   tlen query name           accession   qlen   E-value  score  bias   #  of  c-Evalue  i-Evalue  score  bias  from    to  from    to  from    to  acc description of target
#------------------- ---------- ----- -------------------- ---------- ----- --------- ------ ----- --- --- --------- --------- ------ ----- ----- ----- ----- ----- ----- ----- ---- ---------------------
KAI3436466.1         -            811 2936at3041           -            238     2e-97  324.6   7.8   1   1   1.1e-98   1.4e-95  318.5   7.8     1   238   381   686   381   686 0.85 -
KAI3426290.1         -            806 2936at3041           -            238   4.8e-13   48.4   1.8   1   2      0.15   1.9e+02    0.6   0.0    15    39    40    64    37    76 0.84 -
KAI3426290.1         -            806 2936at3041           -            238   4.8e-13   48.4   1.8   2   2   8.3e-15     1e-11   44.0   1.9    97   221   173   329   148   342 0.64 -
KAI3436139.1         -            189 2936at3041           -            238   3.2e-05   22.7   0.0   1   1   3.4e-08   4.2e-05   22.4   0.0    96   171    50   127    18   132 0.75 -
KAI3425225.1         -            177 2936at3041           -            238   0.00016   20.5   0.0   1   2     0.036        45    2.6   0.0   103   122    80    99    52   106 0.81 -
KAI3425225.1         -            177 2936at3041           -            238   0.00016   20.5   0.0   2   2   3.4e-06    0.0043   15.8   0.0   125   171   121   167   114   170 0.92 -
KAI3425226.1         -            125 2936at3041           -            238     0.014   14.1   0.0   1   2      0.69   8.5e+02   -1.6   0.0    93   120    10    39     3    46 0.68 -
KAI3425226.1         -            125 2936at3041           -            238     0.014   14.1   0.0   2   2   2.7e-05     0.033   12.9   0.0   132   173    70   111    51   117 0.87 -
KAI3431648.1         -            159 2936at3041           -            238     0.016   13.9   0.0   1   1    0.0001      0.13   11.0   0.0   128   176    50    99     5   102 0.83 -
KAI3433465.1         -            340 2936at3041           -            238     0.035   12.8   1.4   1   1   5.5e-05     0.068   11.9   1.4   172   233    99   165    89   169 0.84 -
KAI3424062.1         -            214 2936at3041           -            238      0.04   12.6   0.0   1   1   4.5e-05     0.056   12.1   0.0   128   171   160   203   126   207 0.88 -
KAI3428514.1         -            241 2936at3041           -            238     0.075   11.7   0.0   1   2         1   1.3e+03   -2.2   0.0    99   115    87   103    67   113 0.72 -
KAI3428514.1         -            241 2936at3041           -            238     0.075   11.7   0.0   2   2   0.00017      0.21   10.2   0.0   125   177   143   196   135   198 0.89 -
#
# Program:         hmmsearch
# Version:         3.1b2 (February 2015)
# Pipeline mode:   SEARCH
# Query file:      /Users/catrionaharrison/Documents/Bioinformatics/rp2/Data/genomes/busco/busco_downloads/lineages/chlorophyta_odb10/hmms/2936at3041.hmm
# Target file:     /Users/catrionaharrison/Documents/Bioinformatics/rp2/Data/genomes/busco/data/chlorella_vulgaris.prot.fasta
# Option settings: hmmsearch --domtblout /Users/catrionaharrison/Documents/Bioinformatics/rp2/Data/genomes/busco/Busco_vulgaris/run_chlorophyta_odb10/hmmer_output/initial_run_results/2936at3041.out --cpu 1 /Users/catrionaharrison/Documents/Bioinformatics/rp2/Data/genomes/busco/busco_downloads/lineages/chlorophyta_odb10/hmms/2936at3041.hmm /Users/catrionaharrison/Documents/Bioinformatics/rp2/Data/genomes/busco/data/chlorella_vulgaris.prot.fasta 
# Current dir:     /Users/catrionaharrison/Documents/Bioinformatics/rp2/Data/genomes/busco
# Date:            Fri Jul 22 15:35:47 2022
# [ok]
