#                                                                            --- full sequence --- -------------- this domain -------------   hmm coord   ali coord   env coord
# target name        accession   tlen query name           accession   qlen   E-value  score  bias   #  of  c-Evalue  i-Evalue  score  bias  from    to  from    to  from    to  acc description of target
#------------------- ---------- ----- -------------------- ---------- ----- --------- ------ ----- --- --- --------- --------- ------ ----- ----- ----- ----- ----- ----- ----- ---- ---------------------
KAI3434506.1         -            317 2945at3041           -            246  2.7e-117  389.7   3.3   1   1  1.2e-119  4.3e-117  389.1   3.3     1   245    31   315    31   316 0.89 -
KAI3429755.1         -            296 2945at3041           -            246   3.3e-32  111.1   5.3   1   2   6.5e-05     0.024   13.3   0.1   162   205    15    59    13    62 0.87 -
KAI3429755.1         -            296 2945at3041           -            246   3.3e-32  111.1   5.3   2   2   6.5e-31   2.3e-28   98.5   2.1    41   239    64   291    58   295 0.81 -
KAI3428177.1         -            299 2945at3041           -            246   4.6e-28   97.5   0.9   1   1   4.6e-29   1.6e-26   92.4   0.9     8   233    12   284     6   294 0.75 -
KAI3433585.1         -            314 2945at3041           -            246   1.2e-22   79.7   3.6   1   1   5.7e-24     2e-21   75.7   3.6     5   239    23   303    15   309 0.73 -
KAI3436269.1         -            295 2945at3041           -            246   1.7e-16   59.7   4.7   1   1   2.3e-18   8.2e-16   57.4   4.7     2   223    16   274    15   279 0.71 -
KAI3429702.1         -            317 2945at3041           -            246   1.3e-14   53.5   6.2   1   4   4.9e-08   1.8e-05   23.5   0.1   165   208    28    71    20    83 0.90 -
KAI3429702.1         -            317 2945at3041           -            246   1.3e-14   53.5   6.2   2   4       0.5   1.8e+02    0.6   0.1    42    60    74    92    72   105 0.80 -
KAI3429702.1         -            317 2945at3041           -            246   1.3e-14   53.5   6.2   3   4   3.2e-07   0.00012   20.9   0.3   163   242   125   214    95   217 0.82 -
KAI3429702.1         -            317 2945at3041           -            246   1.3e-14   53.5   6.2   4   4    0.0053       1.9    7.1   0.1   162   238   230   311   221   315 0.64 -
KAI3425920.1         -            295 2945at3041           -            246   3.5e-14   52.0   6.5   1   2     7e-11   2.5e-08   32.9   4.5     4   162    24   197    22   201 0.76 -
KAI3425920.1         -            295 2945at3041           -            246   3.5e-14   52.0   6.5   2   2   1.6e-06   0.00058   18.6   0.0     5    65   210   278   207   292 0.77 -
KAI3429284.1         -            746 2945at3041           -            246     4e-14   51.8   1.9   1   1   3.6e-16   1.3e-13   50.2   1.9     5   217    25   278    21   291 0.69 -
KAI3431257.1         -            396 2945at3041           -            246   2.4e-13   49.3   0.5   1   3   1.4e-06   0.00051   18.8   0.1    73   190     6   140     1   147 0.70 -
KAI3431257.1         -            396 2945at3041           -            246   2.4e-13   49.3   0.5   2   3       5.7     2e+03   -2.9   0.0   124   136   210   222   205   230 0.55 -
KAI3431257.1         -            396 2945at3041           -            246   2.4e-13   49.3   0.5   3   3   6.2e-09   2.2e-06   26.5   0.0   156   238   283   372   263   378 0.79 -
KAI3435630.1         -            244 2945at3041           -            246   3.6e-13   48.7   6.8   1   3   6.4e-11   2.3e-08   33.0   2.6     7   108    20   134    16   141 0.79 -
KAI3435630.1         -            244 2945at3041           -            246   3.6e-13   48.7   6.8   2   3   0.00013     0.048   12.3   0.1    41    81   154   195   136   206 0.78 -
KAI3435630.1         -            244 2945at3041           -            246   3.6e-13   48.7   6.8   3   3      0.05        18    3.8   0.0     5    34   206   235   202   240 0.86 -
KAI3438467.1         -            381 2945at3041           -            246   1.3e-12   46.9   3.2   1   2    0.0078       2.8    6.5   0.0     2    65   108   177   107   198 0.72 -
KAI3438467.1         -            381 2945at3041           -            246   1.3e-12   46.9   3.2   2   2   9.4e-13   3.4e-10   39.0   2.4     5   137   208   353   205   378 0.71 -
KAI3437742.1         -            363 2945at3041           -            246   1.4e-11   43.5   0.2   1   3   0.00049      0.18   10.4   0.1    75   116    11    52     3    63 0.62 -
KAI3437742.1         -            363 2945at3041           -            246   1.4e-11   43.5   0.2   2   3     0.012       4.5    5.8   0.0   162   190   159   187    99   206 0.73 -
KAI3437742.1         -            363 2945at3041           -            246   1.4e-11   43.5   0.2   3   3   6.4e-08   2.3e-05   23.1   0.0   125   239   242   358   220   361 0.75 -
KAI3437912.1         -            330 2945at3041           -            246   1.6e-11   43.3   0.4   1   2   2.5e-09   8.9e-07   27.8   0.1    83   240    49   224    38   231 0.72 -
KAI3437912.1         -            330 2945at3041           -            246   1.6e-11   43.3   0.4   2   2   0.00017     0.063   11.9   0.0   163   239   243   317   228   324 0.75 -
KAI3423946.1         -            324 2945at3041           -            246   1.7e-11   43.2   1.9   1   2   6.5e-09   2.3e-06   26.4   0.6     5   137    14   165    10   177 0.59 -
KAI3423946.1         -            324 2945at3041           -            246   1.7e-11   43.2   1.9   2   2   3.7e-05     0.013   14.1   0.0     2    58   228   295   227   317 0.73 -
KAI3429728.1         -            355 2945at3041           -            246   2.1e-11   42.9   6.2   1   2   1.5e-09   5.4e-07   28.5   1.9    79   238    26   210    13   213 0.75 -
KAI3429728.1         -            355 2945at3041           -            246   2.1e-11   42.9   6.2   2   2   3.6e-05     0.013   14.1   0.2    62   142   217   308   199   322 0.71 -
KAI3427269.1         -            364 2945at3041           -            246   1.7e-10   39.9   0.3   1   2   1.3e-08   4.7e-06   25.4   0.1    76   238    24   200     7   204 0.70 -
KAI3427269.1         -            364 2945at3041           -            246   1.7e-10   39.9   0.3   2   2    0.0003      0.11   11.1   0.0    82   136   275   333   260   351 0.70 -
KAI3437851.1         -            337 2945at3041           -            246   3.5e-10   38.9   7.2   1   3     7e-09   2.5e-06   26.3   2.1    78   239    19   199     9   206 0.72 -
KAI3437851.1         -            337 2945at3041           -            246   3.5e-10   38.9   7.2   2   3   0.00015     0.053   12.1   0.2     4    57   213   266   210   279 0.83 -
KAI3437851.1         -            337 2945at3041           -            246   3.5e-10   38.9   7.2   3   3      0.93   3.3e+02   -0.3   0.0   124   147   268   291   257   298 0.80 -
KAI3434995.1         -            346 2945at3041           -            246   4.7e-10   38.5   0.0   1   2    0.0001     0.036   12.7   0.0   154   239   135   223    24   232 0.63 -
KAI3434995.1         -            346 2945at3041           -            246   4.7e-10   38.5   0.0   2   2   8.3e-07    0.0003   19.5   0.0   161   239   242   334   233   339 0.81 -
KAI3431493.1         -            371 2945at3041           -            246   5.5e-10   38.3   0.0   1   3     0.019         7    5.2   0.0   163   239    77   163    62   166 0.69 -
KAI3431493.1         -            371 2945at3041           -            246   5.5e-10   38.3   0.0   2   3   0.00032      0.12   11.0   0.0   165   218   185   243   179   250 0.76 -
KAI3431493.1         -            371 2945at3041           -            246   5.5e-10   38.3   0.0   3   3   2.4e-06   0.00088   18.0   0.0   171   239   288   358   252   362 0.80 -
KAI3435642.1         -            273 2945at3041           -            246   1.8e-09   36.6   4.8   1   2   2.1e-05    0.0077   14.9   1.0     8   117    13   128     8   137 0.71 -
KAI3435642.1         -            273 2945at3041           -            246   1.8e-09   36.6   4.8   2   2   6.9e-08   2.5e-05   23.1   0.2    45   137   134   241   127   259 0.73 -
KAI3430631.1         -            380 2945at3041           -            246   1.4e-08   33.7   1.7   1   2   9.5e-06    0.0034   16.0   1.2     6   139    97   238    91   252 0.72 -
KAI3430631.1         -            380 2945at3041           -            246   1.4e-08   33.7   1.7   2   2   2.7e-05    0.0098   14.5   0.0   167   208   282   322   270   354 0.79 -
KAI3427078.1         -           1038 2945at3041           -            246   1.8e-07   30.1   4.6   1   2    0.0013      0.48    9.0   0.0   164   199    19    55    10    63 0.63 -
KAI3427078.1         -           1038 2945at3041           -            246   1.8e-07   30.1   4.6   2   2   1.2e-05    0.0042   15.7   2.5    37   241   119   359   111   363 0.64 -
KAI3435629.1         -            103 2945at3041           -            246   2.4e-07   29.6   2.3   1   2   0.00015     0.053   12.1   0.1    65   107     2    44     1    52 0.89 -
KAI3435629.1         -            103 2945at3041           -            246   2.4e-07   29.6   2.3   2   2     6e-08   2.2e-05   23.3   0.4     7    62    20    81    16    94 0.81 -
KAI3437788.1         -            346 2945at3041           -            246   3.1e-07   29.3   3.7   1   1   1.9e-07   6.9e-05   21.6   3.2     5   232    40   292    36   300 0.74 -
KAI3427077.1         -            981 2945at3041           -            246   4.7e-07   28.7   7.5   1   1     2e-07   7.3e-05   21.5   7.6     6   241    19   302    15   306 0.64 -
KAI3430268.1         -            366 2945at3041           -            246   4.8e-06   25.4   1.6   1   3   0.00051      0.18   10.4   0.3    83   191    69   192    63   197 0.69 -
KAI3430268.1         -            366 2945at3041           -            246   4.8e-06   25.4   1.6   2   3   7.4e-05     0.027   13.1   0.3    12   113   171   297   163   300 0.63 -
KAI3430268.1         -            366 2945at3041           -            246   4.8e-06   25.4   1.6   3   3     0.013       4.6    5.8   0.0   164   191   266   293   247   343 0.67 -
KAI3436196.1         -            351 2945at3041           -            246   9.1e-06   24.5   8.0   1   5     0.013       4.6    5.8   0.0   123   154    61    93    53   107 0.76 -
KAI3436196.1         -            351 2945at3041           -            246   9.1e-06   24.5   8.0   2   5     0.076        27    3.3   0.2     3    31   118   146   116   164 0.85 -
KAI3436196.1         -            351 2945at3041           -            246   9.1e-06   24.5   8.0   3   5     0.024       8.5    4.9   0.1   114   141   168   199   155   208 0.70 -
KAI3436196.1         -            351 2945at3041           -            246   9.1e-06   24.5   8.0   4   5    0.0034       1.2    7.7   0.1     6    37   244   275   239   289 0.68 -
KAI3436196.1         -            351 2945at3041           -            246   9.1e-06   24.5   8.0   5   5     0.074        27    3.3   0.0   114   145   291   324   276   342 0.71 -
KAI3436445.1         -            493 2945at3041           -            246   1.7e-05   23.6   5.0   1   3    0.0092       3.3    6.3   0.1     2    57   163   227   104   245 0.67 -
KAI3436445.1         -            493 2945at3041           -            246   1.7e-05   23.6   5.0   2   3    0.0029       1.1    7.9   0.4     5    56   275   334   270   345 0.70 -
KAI3436445.1         -            493 2945at3041           -            246   1.7e-05   23.6   5.0   3   3    0.0011      0.39    9.3   0.0   175   229   381   440   366   454 0.72 -
KAI3437665.1         -            853 2945at3041           -            246   5.3e-05   22.0   0.4   1   1     3e-06    0.0011   17.7   0.4    31   191   590   779   583   842 0.66 -
KAI3431848.1         -            377 2945at3041           -            246   0.00043   19.0   8.6   1   3   0.00016     0.057   12.0   1.2    82   190    14   134     9   166 0.56 -
KAI3431848.1         -            377 2945at3041           -            246   0.00043   19.0   8.6   2   3    0.0044       1.6    7.3   0.0   166   190   232   256   227   264 0.87 -
KAI3431848.1         -            377 2945at3041           -            246   0.00043   19.0   8.6   3   3         3   1.1e+03   -2.0   0.5    98    99   293   294   263   331 0.50 -
KAI3429353.1         -            467 2945at3041           -            246    0.0064   15.2   3.9   1   1    0.0005      0.18   10.4   3.9    73   238   267   448   179   455 0.74 -
#
# Program:         hmmsearch
# Version:         3.1b2 (February 2015)
# Pipeline mode:   SEARCH
# Query file:      /Users/catrionaharrison/Documents/Bioinformatics/rp2/Data/genomes/busco/busco_downloads/lineages/chlorophyta_odb10/hmms/2945at3041.hmm
# Target file:     /Users/catrionaharrison/Documents/Bioinformatics/rp2/Data/genomes/busco/data/chlorella_vulgaris.prot.fasta
# Option settings: hmmsearch --domtblout /Users/catrionaharrison/Documents/Bioinformatics/rp2/Data/genomes/busco/Busco_vulgaris/run_chlorophyta_odb10/hmmer_output/initial_run_results/2945at3041.out --cpu 1 /Users/catrionaharrison/Documents/Bioinformatics/rp2/Data/genomes/busco/busco_downloads/lineages/chlorophyta_odb10/hmms/2945at3041.hmm /Users/catrionaharrison/Documents/Bioinformatics/rp2/Data/genomes/busco/data/chlorella_vulgaris.prot.fasta 
# Current dir:     /Users/catrionaharrison/Documents/Bioinformatics/rp2/Data/genomes/busco
# Date:            Fri Jul 22 15:36:06 2022
# [ok]
