#                                                                            --- full sequence --- -------------- this domain -------------   hmm coord   ali coord   env coord
# target name        accession   tlen query name           accession   qlen   E-value  score  bias   #  of  c-Evalue  i-Evalue  score  bias  from    to  from    to  from    to  acc description of target
#------------------- ---------- ----- -------------------- ---------- ----- --------- ------ ----- --- --- --------- --------- ------ ----- ----- ----- ----- ----- ----- ----- ---- ---------------------
KAI3432643.1         -           1022 2959at3041           -            583  1.9e-207  689.5  33.6   1   3   1.1e-64     1e-62  211.6   0.3     9   195    49   279    41   284 0.85 -
KAI3432643.1         -           1022 2959at3041           -            583  1.9e-207  689.5  33.6   2   3  1.4e-123  1.2e-121  406.2  21.2   195   508   332   709   325   712 0.84 -
KAI3432643.1         -           1022 2959at3041           -            583  1.9e-207  689.5  33.6   3   3   6.8e-20     6e-18   63.8   0.3   508   568   734   798   716   805 0.88 -
KAI3425286.1         -           1331 2959at3041           -            583   2.7e-75  253.2  44.1   1   7   1.2e-07   1.1e-05   23.3   0.1    44    86   523   565   511   568 0.91 -
KAI3425286.1         -           1331 2959at3041           -            583   2.7e-75  253.2  44.1   2   7     6e-07   5.3e-05   21.0   0.0    46    86   567   607   564   610 0.94 -
KAI3425286.1         -           1331 2959at3041           -            583   2.7e-75  253.2  44.1   3   7   2.2e-22     2e-20   72.0   3.9   306   438   609   748   606   749 0.92 -
KAI3425286.1         -           1331 2959at3041           -            583   2.7e-75  253.2  44.1   4   7   1.2e-23   1.1e-21   76.1   5.8   306   459   738   895   736   898 0.92 -
KAI3425286.1         -           1331 2959at3041           -            583   2.7e-75  253.2  44.1   5   7   6.1e-06   0.00053   17.7   0.2    37    85   892   944   891   974 0.81 -
KAI3425286.1         -           1331 2959at3041           -            583   2.7e-75  253.2  44.1   6   7     2e-16   1.7e-14   52.3   4.6   344   462   998  1119   985  1122 0.79 -
KAI3425286.1         -           1331 2959at3041           -            583   2.7e-75  253.2  44.1   7   7   3.2e-07   2.9e-05   21.9   1.1    20    88  1089  1166  1084  1175 0.73 -
KAI3435932.1         -            981 2959at3041           -            583   5.8e-70  235.5  16.0   1   4       4.2   3.7e+02   -1.6   0.0    49    87    17    54     8    66 0.76 -
KAI3435932.1         -            981 2959at3041           -            583   5.8e-70  235.5  16.0   2   4   8.3e-31   7.3e-29   99.8   4.7   312   469    68   231    60   262 0.85 -
KAI3435932.1         -            981 2959at3041           -            583   5.8e-70  235.5  16.0   3   4   1.3e-14   1.2e-12   46.3   1.1   342   465   446   568   438   580 0.83 -
KAI3435932.1         -            981 2959at3041           -            583   5.8e-70  235.5  16.0   4   4   3.6e-29   3.2e-27   94.4   0.0   311   477   588   757   577   780 0.87 -
KAI3430319.1         -            445 2959at3041           -            583   2.3e-54  184.0  26.5   1   2   3.3e-23   2.9e-21   74.7   0.6   344   462   134   248   125   250 0.91 -
KAI3430319.1         -            445 2959at3041           -            583   2.3e-54  184.0  26.5   2   2   1.9e-37   1.7e-35  121.7  19.4   213   417   230   444   228   444 0.67 -
KAI3428827.1         -            524 2959at3041           -            583   4.9e-50  169.7   7.9   1   3     1e-13   8.9e-12   43.4   0.5   296   390   208   314   198   316 0.82 -
KAI3428827.1         -            524 2959at3041           -            583   4.9e-50  169.7   7.9   2   3   6.1e-24   5.3e-22   77.1   1.5   319   425   282   391   276   393 0.91 -
KAI3428827.1         -            524 2959at3041           -            583   4.9e-50  169.7   7.9   3   3   5.7e-21     5e-19   67.3   0.0   342   459   391   512   389   522 0.88 -
KAI3437671.1         -            320 2959at3041           -            583   2.3e-47  160.9  14.7   1   4   0.00013     0.012   13.3   0.0   122   156    13    49     6    56 0.83 -
KAI3437671.1         -            320 2959at3041           -            583   2.3e-47  160.9  14.7   2   4     1e-09   9.2e-08   30.1   0.1    43    88    58   103    52   105 0.94 -
KAI3437671.1         -            320 2959at3041           -            583   2.3e-47  160.9  14.7   3   4   1.7e-26   1.5e-24   85.6   2.3   307   459   104   263    99   272 0.88 -
KAI3437671.1         -            320 2959at3041           -            583   2.3e-47  160.9  14.7   4   4     1e-18   8.8e-17   59.9   0.6   268   419   145   315   142   318 0.77 -
KAI3438328.1         -            353 2959at3041           -            583   6.4e-43  146.2   0.3   1   2   5.2e-21   4.6e-19   67.4   0.0   341   437    51   149    29   156 0.88 -
KAI3438328.1         -            353 2959at3041           -            583   6.4e-43  146.2   0.3   2   2   7.7e-24   6.8e-22   76.8   0.0   284   457   158   347   155   351 0.84 -
KAI3428691.1         -            807 2959at3041           -            583   4.8e-42  143.3  19.5   1   2   4.7e-22   4.1e-20   70.9   2.0   299   458     3   172     1   173 0.80 -
KAI3428691.1         -            807 2959at3041           -            583   4.8e-42  143.3  19.5   2   2   7.2e-27   6.3e-25   86.8   9.8   250   435   121   309   119   336 0.73 -
KAI3426198.1         -            469 2959at3041           -            583   5.4e-42  143.2  23.3   1   2     6e-23   5.2e-21   73.9   8.7   304   460   125   292   120   302 0.88 -
KAI3426198.1         -            469 2959at3041           -            583   5.4e-42  143.2  23.3   2   2   8.4e-26   7.4e-24   83.3   6.7   321   459   274   421   272   433 0.90 -
KAI3425901.1         -            682 2959at3041           -            583   3.4e-41  140.5  17.0   1   3       5.5   4.9e+02   -2.0   1.0   425   501   218   287   188   298 0.59 -
KAI3425901.1         -            682 2959at3041           -            583   3.4e-41  140.5  17.0   2   3     1e-13   9.2e-12   43.4   0.0   311   394   351   444   345   453 0.83 -
KAI3425901.1         -            682 2959at3041           -            583   3.4e-41  140.5  17.0   3   3   4.3e-32   3.8e-30  104.1   6.5   325   490   457   627   446   633 0.88 -
KAI3428369.1         -            409 2959at3041           -            583   4.9e-40  136.7  17.7   1   4   4.3e-17   3.8e-15   54.5   0.9   345   436    61   160    55   165 0.84 -
KAI3428369.1         -            409 2959at3041           -            583   4.9e-40  136.7  17.7   2   4   1.2e-12   1.1e-10   39.8   2.9   357   431   164   241   159   244 0.92 -
KAI3428369.1         -            409 2959at3041           -            583   4.9e-40  136.7  17.7   3   4   9.8e-07   8.6e-05   20.3   0.2   123   210   244   342   242   346 0.68 -
KAI3428369.1         -            409 2959at3041           -            583   4.9e-40  136.7  17.7   4   4     1e-09   9.1e-08   30.2   0.1   101   153   349   405   329   408 0.80 -
KAI3424206.1         -            314 2959at3041           -            583   5.4e-39  133.3   8.1   1   3   1.9e-05    0.0017   16.0   0.0   363   419     6    62     2    68 0.55 -
KAI3424206.1         -            314 2959at3041           -            583   5.4e-39  133.3   8.1   2   3   5.6e-17   4.9e-15   54.1   0.2    45   161    72   198    68   205 0.88 -
KAI3424206.1         -            314 2959at3041           -            583   5.4e-39  133.3   8.1   3   3   3.6e-20   3.2e-18   64.7   2.8   306   397   206   301   200   306 0.90 -
KAI3434463.1         -            501 2959at3041           -            583   5.7e-38  129.9  11.7   1   3   2.2e-18   1.9e-16   58.8   0.8   336   453   175   296   173   297 0.91 -
KAI3434463.1         -            501 2959at3041           -            583   5.7e-38  129.9  11.7   2   3   7.9e-23   6.9e-21   73.5   4.0   272   428   272   437   271   442 0.90 -
KAI3434463.1         -            501 2959at3041           -            583   5.7e-38  129.9  11.7   3   3   0.00075     0.066   10.8   0.0    52    80   451   479   444   488 0.77 -
KAI3433964.1         -           1285 2959at3041           -            583   1.1e-36  125.6   0.9   1   3   1.3e-06   0.00011   19.9   0.0   382   458    39   116    35   116 0.92 -
KAI3433964.1         -           1285 2959at3041           -            583   1.1e-36  125.6   0.9   2   3   1.2e-18     1e-16   59.7   0.1   284   378   102   202    90   209 0.51 -
KAI3433964.1         -           1285 2959at3041           -            583   1.1e-36  125.6   0.9   3   3   2.1e-16   1.8e-14   52.3   0.1   343   458   242   360   237   371 0.77 -
KAI3433638.1         -            375 2959at3041           -            583     2e-36  124.8  25.2   1   4   8.6e-10   7.6e-08   30.4   0.2   339   380     4    45     1    52 0.93 -
KAI3433638.1         -            375 2959at3041           -            583     2e-36  124.8  25.2   2   4   3.3e-05    0.0029   15.3   0.2    48    82    60    94    48    96 0.82 -
KAI3433638.1         -            375 2959at3041           -            583     2e-36  124.8  25.2   3   4   6.1e-25   5.3e-23   80.4  10.4   297   463    95   280    94   293 0.80 -
KAI3433638.1         -            375 2959at3041           -            583     2e-36  124.8  25.2   4   4    0.0042      0.37    8.3   0.2   308   338   337   368   313   373 0.64 -
KAI3425793.1         -           1034 2959at3041           -            583   2.3e-34  118.0   0.1   1   2   2.2e-05     0.002   15.8   0.0   351   439    17   106    12   110 0.87 -
KAI3425793.1         -           1034 2959at3041           -            583   2.3e-34  118.0   0.1   2   2   7.1e-30   6.3e-28   96.7   0.1   285   452   113   291   110   306 0.86 -
KAI3428241.1         -            392 2959at3041           -            583   6.2e-34  116.5  12.4   1   4   2.4e-06   0.00022   19.0   0.1    49    88    67   106    53   107 0.77 -
KAI3428241.1         -            392 2959at3041           -            583   6.2e-34  116.5  12.4   2   4   6.3e-24   5.5e-22   77.1   1.8   343   466   104   232   101   244 0.88 -
KAI3428241.1         -            392 2959at3041           -            583   6.2e-34  116.5  12.4   3   4   8.9e-10   7.8e-08   30.4   0.0   347   464   192   322   190   334 0.82 -
KAI3428241.1         -            392 2959at3041           -            583   6.2e-34  116.5  12.4   4   4   3.9e-05    0.0034   15.1   0.7   355   420   293   375   291   386 0.74 -
KAI3425252.1         -            531 2959at3041           -            583   1.3e-32  112.2  11.7   1   2   9.1e-12     8e-10   36.9   1.8   347   468    12   141     2   149 0.80 -
KAI3425252.1         -            531 2959at3041           -            583   1.3e-32  112.2  11.7   2   2   6.4e-25   5.7e-23   80.4   4.1   287   454   120   303   117   308 0.84 -
KAI3436421.1         -            628 2959at3041           -            583   7.9e-32  109.6  15.1   1   2   1.2e-30   1.1e-28   99.2   9.1   251   466   118   347   116   352 0.86 -
KAI3436421.1         -            628 2959at3041           -            583   7.9e-32  109.6  15.1   2   2   0.00035     0.031   11.9   0.2   347   376   353   382   344   388 0.82 -
KAI3429735.1         -           1297 2959at3041           -            583   1.2e-31  109.0   3.0   1   3   2.8e-07   2.5e-05   22.1   0.0   382   422    29    66    21    71 0.80 -
KAI3429735.1         -           1297 2959at3041           -            583   1.2e-31  109.0   3.0   2   3   1.2e-16   1.1e-14   53.1   0.3   307   424    73   195    68   202 0.85 -
KAI3429735.1         -           1297 2959at3041           -            583   1.2e-31  109.0   3.0   3   3   9.8e-12   8.6e-10   36.8   0.7   315   456   167   312   162   316 0.83 -
KAI3424821.1         -            585 2959at3041           -            583   3.7e-31  107.4  17.9   1   3       7.7   6.8e+02   -2.4   2.3   458   502   206   247   163   260 0.59 -
KAI3424821.1         -            585 2959at3041           -            583   3.7e-31  107.4  17.9   2   3   1.8e-30   1.6e-28   98.7   6.4   300   476   269   450   257   451 0.91 -
KAI3424821.1         -            585 2959at3041           -            583   3.7e-31  107.4  17.9   3   3   1.7e-07   1.5e-05   22.9   3.6   309   422   447   574   443   578 0.79 -
KAI3438773.1         -           1013 2959at3041           -            583   6.1e-31  106.7   6.2   1   5      0.63        56    1.1   0.0   312   376    53   118    46   124 0.44 -
KAI3438773.1         -           1013 2959at3041           -            583   6.1e-31  106.7   6.2   2   5      0.02       1.7    6.1   0.0   331   400   112   194    95   233 0.61 -
KAI3438773.1         -           1013 2959at3041           -            583   6.1e-31  106.7   6.2   3   5   1.9e-16   1.7e-14   52.4   0.5   295   418   367   495   341   507 0.77 -
KAI3438773.1         -           1013 2959at3041           -            583   6.1e-31  106.7   6.2   4   5   3.7e-13   3.3e-11   41.5   0.3   315   423   515   628   510   652 0.84 -
KAI3438773.1         -           1013 2959at3041           -            583   6.1e-31  106.7   6.2   5   5     0.086       7.5    4.0   0.0   125   161   658   694   643   712 0.77 -
KAI3424688.1         -            564 2959at3041           -            583   9.1e-31  106.1  10.5   1   2   3.1e-20   2.7e-18   64.9   0.2   343   430   269   359   262   363 0.91 -
KAI3424688.1         -            564 2959at3041           -            583   9.1e-31  106.1  10.5   2   2   1.2e-13   1.1e-11   43.1   5.2   284   458   374   562   372   563 0.67 -
KAI3435657.1         -            513 2959at3041           -            583   9.4e-30  102.8   7.4   1   3   1.7e-12   1.5e-10   39.4   0.1   347   431   211   304   189   306 0.81 -
KAI3435657.1         -            513 2959at3041           -            583   9.4e-30  102.8   7.4   2   3   7.4e-23   6.5e-21   73.6   3.2   307   425   260   383   254   394 0.88 -
KAI3435657.1         -            513 2959at3041           -            583   9.4e-30  102.8   7.4   3   3     0.043       3.8    5.0   0.0   369   459   417   511   398   512 0.69 -
KAI3433314.1         -            588 2959at3041           -            583   5.1e-29  100.3  13.1   1   3   1.4e-10   1.3e-08   33.0   0.3   361   420   187   247   156   257 0.70 -
KAI3433314.1         -            588 2959at3041           -            583   5.1e-29  100.3  13.1   2   3   2.8e-15   2.5e-13   48.5   0.5   314   386   279   357   267   401 0.86 -
KAI3433314.1         -            588 2959at3041           -            583   5.1e-29  100.3  13.1   3   3   1.7e-08   1.5e-06   26.2   1.2   282   419   439   581   418   585 0.85 -
KAI3429865.1         -            317 2959at3041           -            583   1.7e-27   95.3   7.5   1   2   6.3e-14   5.5e-12   44.1   0.5   352   459    61   176    58   176 0.80 -
KAI3429865.1         -            317 2959at3041           -            583   1.7e-27   95.3   7.5   2   2   5.6e-19     5e-17   60.7   4.1   284   419   161   309   158   315 0.81 -
KAI3430499.1         -            510 2959at3041           -            583   2.6e-27   94.7  10.3   1   3   5.8e-09   5.1e-07   27.7   2.4   371   460   222   311   211   317 0.81 -
KAI3430499.1         -            510 2959at3041           -            583   2.6e-27   94.7  10.3   2   3   1.6e-14   1.4e-12   46.0   0.4   341   462   318   445   313   447 0.77 -
KAI3430499.1         -            510 2959at3041           -            583   2.6e-27   94.7  10.3   3   3     6e-09   5.3e-07   27.6   0.0   327   378   431   485   413   487 0.82 -
KAI3431770.1         -            462 2959at3041           -            583   1.5e-26   92.2  29.2   1   2   1.7e-16   1.5e-14   52.5   7.5   360   483   127   262   123   276 0.70 -
KAI3431770.1         -            462 2959at3041           -            583   1.5e-26   92.2  29.2   2   2   6.3e-07   5.5e-05   21.0   1.5    27    89   272   333   269   351 0.83 -
KAI3424349.1         -            501 2959at3041           -            583   1.5e-26   92.2  11.4   1   3   4.4e-20   3.8e-18   64.4   5.3   322   467   226   380   213   382 0.85 -
KAI3424349.1         -            501 2959at3041           -            583   1.5e-26   92.2  11.4   2   3   8.4e-10   7.4e-08   30.4   0.1   359   455   354   453   351   464 0.75 -
KAI3424349.1         -            501 2959at3041           -            583   1.5e-26   92.2  11.4   3   3   2.8e-05    0.0025   15.5   0.0    46   147   382   494   377   500 0.37 -
KAI3426446.1         -            327 2959at3041           -            583   1.8e-26   91.9   2.4   1   3   2.9e-14   2.5e-12   45.2   0.1   344   429     5    91     3   119 0.56 -
KAI3426446.1         -            327 2959at3041           -            583   1.8e-26   91.9   2.4   2   3   5.4e-11   4.8e-09   34.4   0.6   272   372   147   253   138   262 0.84 -
KAI3426446.1         -            327 2959at3041           -            583   1.8e-26   91.9   2.4   3   3    0.0012       0.1   10.2   0.0   120   378   281   314   272   322 0.54 -
KAI3432393.1         -            837 2959at3041           -            583     1e-25   89.5  18.8   1   3   3.3e-14   2.9e-12   45.0   3.4   347   468    23   148    20   167 0.74 -
KAI3432393.1         -            837 2959at3041           -            583     1e-25   89.5  18.8   2   3   4.6e-15     4e-13   47.8   6.1   311   467   166   325   156   334 0.82 -
KAI3432393.1         -            837 2959at3041           -            583     1e-25   89.5  18.8   3   3      0.33        29    2.1   0.0    53    91   401   439   396   466 0.70 -
KAI3434481.1         -            500 2959at3041           -            583   2.5e-23   81.5   5.3   1   2   9.4e-16   8.3e-14   50.1   2.2   353   458    82   190    40   190 0.89 -
KAI3434481.1         -            500 2959at3041           -            583   2.5e-23   81.5   5.3   2   2   6.7e-13   5.9e-11   40.7   0.4   323   459   176   318   170   324 0.80 -
KAI3433729.1         -            675 2959at3041           -            583   4.1e-23   80.8   2.2   1   5   2.7e-06   0.00024   18.9   0.0   341   379   277   315   250   347 0.81 -
KAI3433729.1         -            675 2959at3041           -            583   4.1e-23   80.8   2.2   2   5   6.1e-11   5.4e-09   34.2   0.2   340   414   406   480   403   517 0.79 -
KAI3433729.1         -            675 2959at3041           -            583   4.1e-23   80.8   2.2   3   5       1.4   1.2e+02    0.0   0.0    51    81   496   526   487   531 0.84 -
KAI3433729.1         -            675 2959at3041           -            583   4.1e-23   80.8   2.2   4   5       2.3     2e+02   -0.7   0.0    12    35   530   553   519   564 0.76 -
KAI3433729.1         -            675 2959at3041           -            583   4.1e-23   80.8   2.2   5   5   1.4e-07   1.3e-05   23.1   0.0   315   380   595   664   564   667 0.78 -
KAI3424363.1         -            795 2959at3041           -            583   4.2e-23   80.8   3.5   1   4     7e-06   0.00061   17.5   0.1   347   380   381   414   369   419 0.75 -
KAI3424363.1         -            795 2959at3041           -            583   4.2e-23   80.8   3.5   2   4   3.8e-15   3.3e-13   48.1   0.8   310   467   435   595   423   606 0.63 -
KAI3424363.1         -            795 2959at3041           -            583   4.2e-23   80.8   3.5   3   4   0.00033     0.029   12.0   0.0   350   422   610   684   603   687 0.67 -
KAI3424363.1         -            795 2959at3041           -            583   4.2e-23   80.8   3.5   4   4       4.4   3.9e+02   -1.6   0.0   429   460   755   787   746   790 0.72 -
KAI3433400.1         -           1101 2959at3041           -            583   5.1e-23   80.5   1.9   1   4     0.013       1.1    6.7   0.1   388   425    91   126    85   164 0.60 -
KAI3433400.1         -           1101 2959at3041           -            583   5.1e-23   80.5   1.9   2   4     0.071       6.3    4.3   0.0   406   492   152   238   146   244 0.64 -
KAI3433400.1         -           1101 2959at3041           -            583   5.1e-23   80.5   1.9   3   4   3.7e-06   0.00032   18.4   0.0   326   433   261   377   255   388 0.81 -
KAI3433400.1         -           1101 2959at3041           -            583   5.1e-23   80.5   1.9   4   4   4.4e-15   3.9e-13   47.9   0.0    46   175   517   655   511   682 0.83 -
KAI3430661.1         -            450 2959at3041           -            583   1.4e-22   79.0   2.4   1   3   2.6e-13   2.3e-11   42.1   0.1   348   419    64   137    47   141 0.88 -
KAI3430661.1         -            450 2959at3041           -            583   1.4e-22   79.0   2.4   2   3    0.0037      0.32    8.5   0.1    71   119   179   234   165   285 0.51 -
KAI3430661.1         -            450 2959at3041           -            583   1.4e-22   79.0   2.4   3   3   8.1e-09   7.1e-07   27.2   0.1    38   116   274   359   251   365 0.76 -
KAI3426239.1         -           2078 2959at3041           -            583     2e-22   78.5   7.3   1   4   7.8e-17   6.8e-15   53.7   0.3   270   378   171   294   169   299 0.86 -
KAI3426239.1         -           2078 2959at3041           -            583     2e-22   78.5   7.3   2   4      0.35        31    2.0   0.1   392   423   438   469   434   491 0.77 -
KAI3426239.1         -           2078 2959at3041           -            583     2e-22   78.5   7.3   3   4   4.3e-05    0.0038   14.9   0.0   342   377   606   641   596   644 0.86 -
KAI3426239.1         -           2078 2959at3041           -            583     2e-22   78.5   7.3   4   4    0.0087      0.77    7.3   0.0   316   387   686   762   681   767 0.53 -
KAI3437620.1         -            510 2959at3041           -            583   2.9e-22   78.0   9.4   1   3   0.00053     0.047   11.3   0.0   345   373   152   180   145   199 0.68 -
KAI3437620.1         -            510 2959at3041           -            583   2.9e-22   78.0   9.4   2   3   6.6e-19   5.8e-17   60.5   1.8   317   462   230   377   228   412 0.51 -
KAI3437620.1         -            510 2959at3041           -            583   2.9e-22   78.0   9.4   3   3     0.016       1.4    6.4   0.4   401   420   419   439   404   453 0.53 -
KAI3434650.1         -            330 2959at3041           -            583   6.8e-22   76.8   6.6   1   2   1.1e-08     1e-06   26.7   0.6   387   465    14    96     7   103 0.83 -
KAI3434650.1         -            330 2959at3041           -            583   6.8e-22   76.8   6.6   2   2   1.6e-18   1.4e-16   59.2   3.5   251   474    78   316    78   325 0.83 -
KAI3428243.1         -            868 2959at3041           -            583   9.7e-22   76.3   6.7   1   3   7.7e-12   6.8e-10   37.2   0.4   348   422   106   182    98   187 0.90 -
KAI3428243.1         -            868 2959at3041           -            583   9.7e-22   76.3   6.7   2   3    0.0092      0.81    7.2   0.0   392   422   223   254   213   263 0.74 -
KAI3428243.1         -            868 2959at3041           -            583   9.7e-22   76.3   6.7   3   3   1.3e-10   1.2e-08   33.1   0.4   316   380   335   405   328   408 0.87 -
KAI3436005.1         -            305 2959at3041           -            583   1.4e-21   75.8   0.4   1   2   2.3e-10     2e-08   32.3   0.6   344   460    12   134     7   143 0.84 -
KAI3436005.1         -            305 2959at3041           -            583   1.4e-21   75.8   0.4   2   2   1.1e-13   9.5e-12   43.3   0.0   288   431   122   271   117   290 0.80 -
KAI3438030.1         -            415 2959at3041           -            583   1.9e-21   75.3   1.9   1   2   1.9e-21   1.7e-19   68.9   0.4   250   379   196   351   175   353 0.78 -
KAI3438030.1         -            415 2959at3041           -            583   1.9e-21   75.3   1.9   2   2     0.028       2.4    5.6   0.0   346   379   374   408   366   411 0.75 -
KAI3437959.1         -           1442 2959at3041           -            583   3.8e-21   74.3   6.5   1   3   9.9e-08   8.7e-06   23.6   0.1   386   458   455   523   453   565 0.78 -
KAI3437959.1         -           1442 2959at3041           -            583   3.8e-21   74.3   6.5   2   3   3.3e-13   2.9e-11   41.7   0.6   303   396   641   734   610   738 0.82 -
KAI3437959.1         -           1442 2959at3041           -            583   3.8e-21   74.3   6.5   3   3    0.0008      0.07   10.7   0.0   365   420   801   859   792   868 0.44 -
KAI3430400.1         -            456 2959at3041           -            583   6.1e-21   73.6  12.1   1   3   2.7e-07   2.3e-05   22.2   1.0   371   460   162   251   152   260 0.81 -
KAI3430400.1         -            456 2959at3041           -            583   6.1e-21   73.6  12.1   2   3   8.3e-13   7.3e-11   40.4   1.9   343   461   260   384   250   391 0.82 -
KAI3430400.1         -            456 2959at3041           -            583   6.1e-21   73.6  12.1   3   3   3.2e-07   2.8e-05   21.9   0.5   291   378   331   425   329   430 0.42 -
KAI3433542.1         -            923 2959at3041           -            583   1.9e-20   72.0  21.6   1   6       4.1   3.6e+02   -1.5   0.0   229   248    44    63    27    72 0.70 -
KAI3433542.1         -            923 2959at3041           -            583   1.9e-20   72.0  21.6   2   6     7e-06   0.00061   17.5   0.9   350   426    75   161    67   178 0.63 -
KAI3433542.1         -            923 2959at3041           -            583   1.9e-20   72.0  21.6   3   6   4.1e-05    0.0036   15.0   0.1   312   380   197   277   180   281 0.72 -
KAI3433542.1         -            923 2959at3041           -            583   1.9e-20   72.0  21.6   4   6     0.014       1.2    6.6   0.1    45    76   452   483   446   493 0.91 -
KAI3433542.1         -            923 2959at3041           -            583   1.9e-20   72.0  21.6   5   6   2.6e-07   2.2e-05   22.3   0.0   308   376   656   732   648   740 0.61 -
KAI3433542.1         -            923 2959at3041           -            583   1.9e-20   72.0  21.6   6   6   2.2e-06   0.00019   19.2   0.3   345   378   763   796   758   800 0.93 -
KAI3435911.1         -            465 2959at3041           -            583     4e-20   71.0   2.9   1   2      0.84        74    0.7   0.1   309   341   167   200   157   223 0.56 -
KAI3435911.1         -            465 2959at3041           -            583     4e-20   71.0   2.9   2   2   9.3e-22   8.1e-20   69.9   0.7   345   473   273   410   243   420 0.86 -
KAI3438903.1         -            484 2959at3041           -            583   9.7e-20   69.7  18.2   1   3      0.12        11    3.5   0.2   126   464    45    77    31   114 0.53 -
KAI3438903.1         -            484 2959at3041           -            583   9.7e-20   69.7  18.2   2   3   1.6e-16   1.4e-14   52.6   5.4   272   390   138   270   128   286 0.80 -
KAI3438903.1         -            484 2959at3041           -            583   9.7e-20   69.7  18.2   3   3   7.2e-07   6.3e-05   20.8   1.1   306   421   339   462   333   474 0.78 -
KAI3429432.1         -            458 2959at3041           -            583   1.5e-19   69.0  11.3   1   3     3e-12   2.6e-10   38.5   4.6   316   469    18   178     8   189 0.77 -
KAI3429432.1         -            458 2959at3041           -            583   1.5e-19   69.0  11.3   2   3   3.5e-07   3.1e-05   21.8   0.1   363   457   154   251   150   258 0.87 -
KAI3429432.1         -            458 2959at3041           -            583   1.5e-19   69.0  11.3   3   3   1.9e-05    0.0016   16.1   0.0   310   342   268   300   262   302 0.72 -
KAI3428756.1         -            490 2959at3041           -            583   1.8e-19   68.8   4.3   1   2     1e-19     9e-18   63.2   2.6    45   229   165   374   159   403 0.78 -
KAI3428756.1         -            490 2959at3041           -            583   1.8e-19   68.8   4.3   2   2     0.047       4.1    4.9   0.0   141   192   424   478   412   481 0.60 -
KAI3435855.1         -           1749 2959at3041           -            583   2.8e-19   68.2  17.0   1   7   5.8e-08   5.1e-06   24.4   0.7   345   454   317   388   294   408 0.59 -
KAI3435855.1         -           1749 2959at3041           -            583   2.8e-19   68.2  17.0   2   7     9e-12   7.9e-10   37.0   2.6   271   378   535   651   516   652 0.52 -
KAI3435855.1         -           1749 2959at3041           -            583   2.8e-19   68.2  17.0   3   7   2.4e-11   2.1e-09   35.6   0.7    35   155   607   737   602   764 0.77 -
KAI3435855.1         -           1749 2959at3041           -            583   2.8e-19   68.2  17.0   4   7       4.5   3.9e+02   -1.7   0.0    40    76   859   895   833   919 0.69 -
KAI3435855.1         -           1749 2959at3041           -            583   2.8e-19   68.2  17.0   5   7      0.71        63    1.0   0.3    44    71  1153  1180  1115  1203 0.75 -
KAI3435855.1         -           1749 2959at3041           -            583   2.8e-19   68.2  17.0   6   7       5.6   4.9e+02   -2.0   0.1    39    81  1362  1400  1329  1402 0.76 -
KAI3435855.1         -           1749 2959at3041           -            583   2.8e-19   68.2  17.0   7   7       1.4   1.2e+02   -0.0   0.1   312   370  1676  1738  1660  1748 0.49 -
KAI3438112.1         -            960 2959at3041           -            583   3.2e-19   68.0  10.9   1   4   1.6e-06   0.00014   19.7   0.5   388   459    10    92     6    95 0.67 -
KAI3438112.1         -            960 2959at3041           -            583   3.2e-19   68.0  10.9   2   4   5.7e-15     5e-13   47.5   4.2   303   431    57   205    56   232 0.82 -
KAI3438112.1         -            960 2959at3041           -            583   3.2e-19   68.0  10.9   3   4   1.9e-05    0.0017   16.1   0.7    44   107   158   224   155   267 0.73 -
KAI3438112.1         -            960 2959at3041           -            583   3.2e-19   68.0  10.9   4   4      0.02       1.7    6.1   0.0   287   374   295   347   285   369 0.52 -
KAI3430413.1         -            734 2959at3041           -            583   4.3e-19   67.5   7.5   1   2     3e-13   2.6e-11   41.8   3.2   285   428    83   222    72   228 0.82 -
KAI3430413.1         -            734 2959at3041           -            583   4.3e-19   67.5   7.5   2   2   6.9e-08     6e-06   24.1   0.1   308   367   228   293   222   297 0.72 -
KAI3438219.1         -            525 2959at3041           -            583     6e-19   67.1   0.7   1   3         6   5.3e+02   -2.1   0.0   121   144    22    45    15    67 0.77 -
KAI3438219.1         -            525 2959at3041           -            583     6e-19   67.1   0.7   2   3       3.3   2.9e+02   -1.2   0.0    67   263   285   299   265   305 0.52 -
KAI3438219.1         -            525 2959at3041           -            583     6e-19   67.1   0.7   3   3   6.8e-21     6e-19   67.1   0.7   343   451   330   443   323   452 0.91 -
KAI3436773.1         -            408 2959at3041           -            583   6.8e-19   66.9   0.5   1   3   9.5e-10   8.3e-08   30.3   0.3   354   429    37   112    32   155 0.90 -
KAI3436773.1         -            408 2959at3041           -            583   6.8e-19   66.9   0.5   2   3     0.009      0.79    7.2   0.0   104   155   185   240   180   247 0.86 -
KAI3436773.1         -            408 2959at3041           -            583   6.8e-19   66.9   0.5   3   3   2.5e-08   2.2e-06   25.6   0.0   343   423   251   335   248   382 0.83 -
KAI3438768.1         -            792 2959at3041           -            583   1.6e-18   65.7   0.1   1   3   1.4e-07   1.3e-05   23.1   0.0    45    89   433   477   428   521 0.85 -
KAI3438768.1         -            792 2959at3041           -            583   1.6e-18   65.7   0.1   2   3     3e-07   2.6e-05   22.0   0.0    49   155   576   694   569   701 0.81 -
KAI3438768.1         -            792 2959at3041           -            583   1.6e-18   65.7   0.1   3   3   9.4e-06   0.00083   17.1   0.0   307   375   703   787   693   790 0.82 -
KAI3426353.1         -            449 2959at3041           -            583   4.7e-18   64.1   4.2   1   3   1.5e-10   1.3e-08   33.0   0.0   343   421    10    93     5    99 0.86 -
KAI3426353.1         -            449 2959at3041           -            583   4.7e-18   64.1   4.2   2   3       8.5   7.5e+02   -2.6   0.3   448   543   160   187   137   210 0.60 -
KAI3426353.1         -            449 2959at3041           -            583   4.7e-18   64.1   4.2   3   3   2.8e-10   2.4e-08   32.1   0.1   306   377   368   442   319   446 0.80 -
KAI3436816.1         -            784 2959at3041           -            583   1.1e-17   62.9   2.7   1   3       3.6   3.2e+02   -1.3   0.0   124   158   467   501   463   525 0.71 -
KAI3436816.1         -            784 2959at3041           -            583   1.1e-17   62.9   2.7   2   3    0.0083      0.73    7.4   0.1   404   439   533   568   512   573 0.85 -
KAI3436816.1         -            784 2959at3041           -            583   1.1e-17   62.9   2.7   3   3   7.2e-17   6.3e-15   53.8   0.3   283   409   574   710   570   728 0.82 -
KAI3429783.1         -            477 2959at3041           -            583   2.1e-17   62.0   7.4   1   2   1.5e-12   1.3e-10   39.5   1.1   305   427    40   171    34   190 0.80 -
KAI3429783.1         -            477 2959at3041           -            583   2.1e-17   62.0   7.4   2   2   2.7e-08   2.4e-06   25.5   0.6   249   308   231   302   212   364 0.75 -
KAI3435675.1         -            742 2959at3041           -            583   3.8e-17   61.1   0.3   1   3   4.8e-09   4.2e-07   27.9   0.3   344   422    35   117     8   157 0.80 -
KAI3435675.1         -            742 2959at3041           -            583   3.8e-17   61.1   0.3   2   3      0.41        36    1.8   0.0    99   154   146   211   143   219 0.64 -
KAI3435675.1         -            742 2959at3041           -            583   3.8e-17   61.1   0.3   3   3   8.8e-09   7.7e-07   27.1   0.0   382   492   554   669   549   685 0.84 -
KAI3436681.1         -            404 2959at3041           -            583   2.2e-16   58.6   0.0   1   2   1.1e-12   9.6e-11   40.0   0.0    50   191    25   181    13   188 0.77 -
KAI3436681.1         -            404 2959at3041           -            583   2.2e-16   58.6   0.0   2   2   1.5e-05    0.0013   16.5   0.0   397   458   253   313   236   333 0.51 -
KAI3431281.1         -           1337 2959at3041           -            583   2.4e-15   55.2  30.3   1   7    0.0014      0.12    9.9   0.0   160   229   133   208   105   214 0.78 -
KAI3431281.1         -           1337 2959at3041           -            583   2.4e-15   55.2  30.3   2   7   5.8e-12   5.1e-10   37.6   1.2   270   387   283   411   278   414 0.78 -
KAI3431281.1         -           1337 2959at3041           -            583   2.4e-15   55.2  30.3   3   7   0.00048     0.042   11.4   3.0    96   214   467   582   424   593 0.51 -
KAI3431281.1         -           1337 2959at3041           -            583   2.4e-15   55.2  30.3   4   7   0.00056      0.05   11.2   0.4   381   426   798   844   775   849 0.82 -
KAI3431281.1         -           1337 2959at3041           -            583   2.4e-15   55.2  30.3   5   7    0.0011       0.1   10.2   0.7   384   426   803   844   798   941 0.84 -
KAI3431281.1         -           1337 2959at3041           -            583   2.4e-15   55.2  30.3   6   7       2.3     2e+02   -0.7   0.5   124   157   942   975   910  1014 0.65 -
KAI3431281.1         -           1337 2959at3041           -            583   2.4e-15   55.2  30.3   7   7       4.2   3.7e+02   -1.6   0.1   432   460  1021  1049  1000  1053 0.57 -
KAI3436358.1         -            640 2959at3041           -            583     7e-15   53.6   0.4   1   3       1.5   1.3e+02   -0.1   0.1   337   419   270   346   241   355 0.61 -
KAI3436358.1         -            640 2959at3041           -            583     7e-15   53.6   0.4   2   3   2.1e-13   1.8e-11   42.4   0.0   285   379   354   463   346   469 0.82 -
KAI3436358.1         -            640 2959at3041           -            583     7e-15   53.6   0.4   3   3    0.0083      0.73    7.4   0.0   399   476   526   605   502   619 0.66 -
KAI3438279.1         -            578 2959at3041           -            583     1e-14   53.1   5.6   1   3   5.9e-09   5.2e-07   27.7   1.5   308   408   234   342   232   360 0.79 -
KAI3438279.1         -            578 2959at3041           -            583     1e-14   53.1   5.6   2   3      0.14        12    3.3   0.0   101   339   380   434   364   443 0.44 -
KAI3438279.1         -            578 2959at3041           -            583     1e-14   53.1   5.6   3   3   4.8e-06   0.00042   18.0   0.2   281   340   506   569   498   573 0.84 -
KAI3431418.1         -            819 2959at3041           -            583     1e-14   53.1   8.2   1   3   3.1e-08   2.7e-06   25.3   0.5   351   457    36   150    33   162 0.82 -
KAI3431418.1         -            819 2959at3041           -            583     1e-14   53.1   8.2   2   3     8e-10   7.1e-08   30.5   0.8   353   460   183   300   178   330 0.80 -
KAI3431418.1         -            819 2959at3041           -            583     1e-14   53.1   8.2   3   3       4.5     4e+02   -1.7   0.0    53    89   504   538   495   552 0.64 -
KAI3434892.1         -            786 2959at3041           -            583   2.9e-14   51.6  22.0   1   5      0.67        59    1.1   0.1    64    92     7    35     2    46 0.74 -
KAI3434892.1         -            786 2959at3041           -            583   2.9e-14   51.6  22.0   2   5   1.3e-08   1.1e-06   26.5   2.5   376   463    65   151    52   164 0.83 -
KAI3434892.1         -            786 2959at3041           -            583   2.9e-14   51.6  22.0   3   5     0.013       1.1    6.7   0.1   309   340   176   209   167   233 0.64 -
KAI3434892.1         -            786 2959at3041           -            583   2.9e-14   51.6  22.0   4   5   4.4e-08   3.9e-06   24.8   0.0   116   160   283   327   269   344 0.87 -
KAI3434892.1         -            786 2959at3041           -            583   2.9e-14   51.6  22.0   5   5      0.43        38    1.7   2.8   438   508   414   483   400   538 0.76 -
KAI3438455.1         -            984 2959at3041           -            583   5.8e-14   50.6   6.0   1   2   6.2e-08   5.4e-06   24.3   0.4   402   463   727   790   666   801 0.71 -
KAI3438455.1         -            984 2959at3041           -            583   5.8e-14   50.6   6.0   2   2   3.9e-12   3.4e-10   38.2   0.8   293   423   737   875   729   889 0.66 -
KAI3427937.1         -            858 2959at3041           -            583   1.4e-13   49.3   7.8   1   2   8.9e-10   7.8e-08   30.4   0.8   388   457   609   681   606   702 0.69 -
KAI3427937.1         -            858 2959at3041           -            583   1.4e-13   49.3   7.8   2   2   4.3e-07   3.7e-05   21.5   0.5   344   438   739   839   733   856 0.71 -
KAI3430565.1         -            449 2959at3041           -            583   1.5e-13   49.3   3.4   1   4   0.00013     0.011   13.3   0.3    11    83    19    94     9   102 0.81 -
KAI3430565.1         -            449 2959at3041           -            583   1.5e-13   49.3   3.4   2   4   6.7e-06   0.00059   17.6   0.2   386   423   107   144   100   184 0.59 -
KAI3430565.1         -            449 2959at3041           -            583   1.5e-13   49.3   3.4   3   4    0.0014      0.12   10.0   0.0    56   127   247   327   240   342 0.85 -
KAI3430565.1         -            449 2959at3041           -            583   1.5e-13   49.3   3.4   4   4     0.076       6.7    4.2   0.0   404   451   350   400   344   424 0.75 -
KAI3431507.1         -            985 2959at3041           -            583   1.6e-13   49.2   0.5   1   4   1.3e-07   1.2e-05   23.2   0.0   303   380    47   131    43   136 0.85 -
KAI3431507.1         -            985 2959at3041           -            583   1.6e-13   49.2   0.5   2   4       6.9   6.1e+02   -2.3   0.0    48   153   175   207   165   216 0.52 -
KAI3431507.1         -            985 2959at3041           -            583   1.6e-13   49.2   0.5   3   4      0.11       9.5    3.7   0.0   212   241   245   274   237   284 0.88 -
KAI3431507.1         -            985 2959at3041           -            583   1.6e-13   49.2   0.5   4   4   6.8e-06   0.00059   17.6   0.0   396   459   832   897   825   912 0.89 -
KAI3433339.1         -            333 2959at3041           -            583   2.5e-13   48.5   0.0   1   2     2e-10   1.8e-08   32.5   0.0    53   156    15   125    10   169 0.84 -
KAI3433339.1         -            333 2959at3041           -            583   2.5e-13   48.5   0.0   2   2   9.9e-05    0.0087   13.7   0.0   351   408   238   296   231   300 0.88 -
KAI3438192.1         -           1349 2959at3041           -            583   3.7e-13   48.0   5.1   1   3   8.4e-09   7.4e-07   27.1   0.7   341   418     6    90     1    95 0.81 -
KAI3438192.1         -           1349 2959at3041           -            583   3.7e-13   48.0   5.1   2   3   5.2e-06   0.00046   17.9   0.1    15    78   126   201   113   205 0.68 -
KAI3438192.1         -           1349 2959at3041           -            583   3.7e-13   48.0   5.1   3   3      0.27        24    2.3   0.0    16    39   406   429   392   441 0.76 -
KAI3438022.1         -            339 2959at3041           -            583   1.2e-12   46.2   1.8   1   2   1.3e-06   0.00011   19.9   0.8   351   423    21    96    16   100 0.87 -
KAI3438022.1         -            339 2959at3041           -            583   1.2e-12   46.2   1.8   2   2     0.031       2.7    5.5   0.0   126   422   238   268   208   297 0.57 -
KAI3433721.1         -           1280 2959at3041           -            583   1.6e-12   45.8   2.9   1   2   3.4e-06    0.0003   18.5   0.0   345   380   950   985   940  1016 0.67 -
KAI3433721.1         -           1280 2959at3041           -            583   1.6e-12   45.8   2.9   2   2   1.7e-08   1.5e-06   26.1   0.9   343   459  1138  1273  1102  1277 0.76 -
KAI3431740.1         -            931 2959at3041           -            583   1.9e-12   45.6   0.4   1   3     3e-07   2.7e-05   22.0   0.0   313   424    67   180    55   233 0.72 -
KAI3431740.1         -            931 2959at3041           -            583   1.9e-12   45.6   0.4   2   3     6e-07   5.3e-05   21.0   0.1   383   459   231   308   191   322 0.54 -
KAI3431740.1         -            931 2959at3041           -            583   1.9e-12   45.6   0.4   3   3       5.5   4.9e+02   -2.0   0.0   162   218   509   566   496   571 0.67 -
KAI3425352.1         -           1360 2959at3041           -            583     2e-12   45.6   0.7   1   4   8.4e-11   7.4e-09   33.8   0.3   341   468    44   178    39   198 0.82 -
KAI3425352.1         -           1360 2959at3041           -            583     2e-12   45.6   0.7   2   4      0.31        27    2.2   0.0    97   154   176   235   173   242 0.86 -
KAI3425352.1         -           1360 2959at3041           -            583     2e-12   45.6   0.7   3   4       6.7   5.9e+02   -2.3   0.0   404   423  1217  1236  1208  1248 0.51 -
KAI3425352.1         -           1360 2959at3041           -            583     2e-12   45.6   0.7   4   4     0.036       3.2    5.3   0.1   176   420  1283  1299  1259  1330 0.48 -
KAI3438021.1         -            339 2959at3041           -            583   2.1e-12   45.5   1.9   1   2   1.3e-06   0.00011   19.9   0.8   351   423    21    96    16   100 0.87 -
KAI3438021.1         -            339 2959at3041           -            583   2.1e-12   45.5   1.9   2   2     0.049       4.3    4.8   0.0   126   158   238   270   211   292 0.57 -
KAI3432683.1         -            630 2959at3041           -            583     9e-12   43.4   2.8   1   3     0.022       1.9    6.0   0.0   309   339    64    94    54   100 0.65 -
KAI3432683.1         -            630 2959at3041           -            583     9e-12   43.4   2.8   2   3   1.5e-09   1.3e-07   29.7   0.1    44   157   103   233   100   241 0.80 -
KAI3432683.1         -            630 2959at3041           -            583     9e-12   43.4   2.8   3   3     0.025       2.2    5.8   0.1    50    84   255   289   239   300 0.62 -
KAI3425752.1         -           1226 2959at3041           -            583   1.2e-11   43.0  13.1   1   5      0.12        11    3.5   0.0   313   381    65   143    46   179 0.67 -
KAI3425752.1         -           1226 2959at3041           -            583   1.2e-11   43.0  13.1   2   5     3e-13   2.7e-11   41.8   0.2   309   459   398   550   390   554 0.87 -
KAI3425752.1         -           1226 2959at3041           -            583   1.2e-11   43.0  13.1   3   5      0.11        10    3.6   0.0   259   378   562   698   554   718 0.71 -
KAI3425752.1         -           1226 2959at3041           -            583   1.2e-11   43.0  13.1   4   5      0.15        13    3.2   0.7   357   549   633   832   628   865 0.63 -
KAI3425752.1         -           1226 2959at3041           -            583   1.2e-11   43.0  13.1   5   5       4.8   4.3e+02   -1.8   0.2   415   475   841   899   823   919 0.72 -
KAI3436729.1         -            479 2959at3041           -            583   1.5e-11   42.6   4.7   1   2   0.00093     0.082   10.5   0.0   343   381   157   196   114   210 0.78 -
KAI3436729.1         -            479 2959at3041           -            583   1.5e-11   42.6   4.7   2   2   3.9e-10   3.4e-08   31.6   2.0   283   380   241   350   217   353 0.76 -
KAI3434861.1         -           4105 2959at3041           -            583   2.4e-11   42.0   0.1   1   2   1.4e-06   0.00012   19.8   0.4   400   463  3846  3912  3832  3919 0.82 -
KAI3434861.1         -           4105 2959at3041           -            583   2.4e-11   42.0   0.1   2   2     2e-06   0.00018   19.3   0.0   305   459  3932  4090  3929  4103 0.84 -
KAI3431366.1         -            305 2959at3041           -            583   1.5e-10   39.3  10.9   1   2     1e-05   0.00088   17.0   0.1    48    86    14    52     7    54 0.93 -
KAI3431366.1         -            305 2959at3041           -            583   1.5e-10   39.3  10.9   2   2   6.7e-06   0.00059   17.6   2.5   362   465   182   298   169   303 0.77 -
KAI3434497.1         -            475 2959at3041           -            583   1.7e-10   39.1   0.7   1   2   1.4e-07   1.2e-05   23.2   0.3   344   420    74   157    68   165 0.46 -
KAI3434497.1         -            475 2959at3041           -            583   1.7e-10   39.1   0.7   2   2   8.7e-05    0.0077   13.9   0.0   389   423   198   232   180   262 0.82 -
KAI3425118.1         -            553 2959at3041           -            583   1.7e-10   39.1   0.4   1   2    0.0072      0.64    7.6   0.0   125   156   232   263   218   308 0.66 -
KAI3425118.1         -            553 2959at3041           -            583   1.7e-10   39.1   0.4   2   2     2e-09   1.8e-07   29.2   0.2   396   463   370   439   356   453 0.82 -
KAI3429553.1         -            531 2959at3041           -            583   2.3e-10   38.7   3.0   1   2       1.5   1.3e+02   -0.1   0.1   387   423   141   179   118   194 0.67 -
KAI3429553.1         -            531 2959at3041           -            583   2.3e-10   38.7   3.0   2   2   3.1e-12   2.7e-10   38.5   0.6   313   472   212   380   209   391 0.82 -
KAI3436617.1         -            442 2959at3041           -            583   3.4e-10   38.2   3.0   1   3   6.7e-06   0.00059   17.6   0.3   405   460   126   184    80   269 0.59 -
KAI3436617.1         -            442 2959at3041           -            583   3.4e-10   38.2   3.0   2   3       1.2   1.1e+02    0.2   0.0   441   471   362   392   340   395 0.82 -
KAI3436617.1         -            442 2959at3041           -            583   3.4e-10   38.2   3.0   3   3     1e-06     9e-05   20.3   0.1   383   426   391   434   362   440 0.73 -
KAI3427924.1         -            458 2959at3041           -            583   3.4e-10   38.2   4.7   1   2   5.2e-07   4.6e-05   21.2   0.0   364   463    52   154    38   162 0.81 -
KAI3427924.1         -            458 2959at3041           -            583   3.4e-10   38.2   4.7   2   2     0.004      0.35    8.4   0.2   430   478   363   413   353   425 0.71 -
KAI3429583.1         -            493 2959at3041           -            583   3.6e-10   38.1   0.0   1   4     0.026       2.3    5.7   0.0   354   378    38    62    19    73 0.79 -
KAI3429583.1         -            493 2959at3041           -            583   3.6e-10   38.1   0.0   2   4     0.054       4.8    4.7   0.0   133   186   145   198   141   201 0.83 -
KAI3429583.1         -            493 2959at3041           -            583   3.6e-10   38.1   0.0   3   4     0.018       1.6    6.2   0.0    20    82   247   309   233   316 0.74 -
KAI3429583.1         -            493 2959at3041           -            583   3.6e-10   38.1   0.0   4   4   2.3e-05     0.002   15.8   0.0   131   204   330   407   323   416 0.84 -
KAI3433327.1         -            434 2959at3041           -            583   4.7e-10   37.7   3.0   1   2   2.1e-11   1.8e-09   35.8   2.2   361   492   120   253   113   258 0.81 -
KAI3433327.1         -            434 2959at3041           -            583   4.7e-10   37.7   3.0   2   2       2.6   2.3e+02   -0.9   0.0   123   422   275   307   266   320 0.51 -
KAI3424072.1         -            412 2959at3041           -            583   6.2e-10   37.3   0.0   1   1   1.2e-11   1.1e-09   36.5   0.0   285   422   213   358   196   371 0.83 -
KAI3433388.1         -            401 2959at3041           -            583   6.7e-10   37.2   0.5   1   3   7.7e-12   6.7e-10   37.2   0.5   306   420   117   198    79   217 0.61 -
KAI3433388.1         -            401 2959at3041           -            583   6.7e-10   37.2   0.5   2   3       0.7        62    1.0   0.1   274   314   235   276   223   283 0.63 -
KAI3433388.1         -            401 2959at3041           -            583   6.7e-10   37.2   0.5   3   3       6.1   5.4e+02   -2.1   0.1    55    78   344   367   332   397 0.67 -
KAI3428404.1         -            365 2959at3041           -            583   6.8e-10   37.2   5.4   1   3     0.011      0.95    7.0   0.1   360   382    75    97    57   101 0.87 -
KAI3428404.1         -            365 2959at3041           -            583   6.8e-10   37.2   5.4   2   3   0.00026     0.023   12.3   0.3    47   119   161   238   152   246 0.72 -
KAI3428404.1         -            365 2959at3041           -            583   6.8e-10   37.2   5.4   3   3   2.9e-06   0.00026   18.8   0.1   269   356   247   343   240   364 0.66 -
KAI3436853.1         -            483 2959at3041           -            583   8.7e-10   36.8   5.7   1   2   1.3e-08   1.2e-06   26.5   3.7   323   480    77   244    68   273 0.79 -
KAI3436853.1         -            483 2959at3041           -            583   8.7e-10   36.8   5.7   2   2    0.0014      0.12    9.9   0.0    46    79   442   475   406   479 0.58 -
KAI3434695.1         -            822 2959at3041           -            583   1.2e-09   36.4   4.1   1   2       1.4   1.3e+02   -0.0   0.0    46    82   449   487   435   493 0.68 -
KAI3434695.1         -            822 2959at3041           -            583   1.2e-09   36.4   4.1   2   2   1.9e-11   1.6e-09   35.9   0.6   288   421   586   732   581   747 0.73 -
KAI3434696.1         -            823 2959at3041           -            583   1.2e-09   36.4   4.1   1   2       1.4   1.3e+02   -0.0   0.0    46    82   449   487   435   493 0.68 -
KAI3434696.1         -            823 2959at3041           -            583   1.2e-09   36.4   4.1   2   2   1.9e-11   1.7e-09   35.9   0.6   288   421   587   733   582   748 0.73 -
KAI3434748.1         -           1960 2959at3041           -            583   1.2e-09   36.4  19.1   1   5   6.7e-08   5.9e-06   24.2   0.1   317   379   128   191   123   202 0.80 -
KAI3434748.1         -           1960 2959at3041           -            583   1.2e-09   36.4  19.1   2   5   5.3e-06   0.00047   17.9   1.1    43   154   239   350   216   364 0.86 -
KAI3434748.1         -           1960 2959at3041           -            583   1.2e-09   36.4  19.1   3   5       1.9   1.7e+02   -0.4   0.1   125   181   833   889   824   895 0.76 -
KAI3434748.1         -           1960 2959at3041           -            583   1.2e-09   36.4  19.1   4   5     0.057       5.1    4.6   0.3   281   306  1336  1362  1314  1418 0.69 -
KAI3434748.1         -           1960 2959at3041           -            583   1.2e-09   36.4  19.1   5   5       4.3   3.8e+02   -1.6   0.1   262   301  1469  1509  1458  1511 0.75 -
KAI3433851.1         -            678 2959at3041           -            583     5e-09   34.3   3.3   1   2    0.0012       0.1   10.2   0.0   348   399   352   403   336   416 0.67 -
KAI3433851.1         -            678 2959at3041           -            583     5e-09   34.3   3.3   2   2   3.5e-07     3e-05   21.8   2.7   383   494   496   615   475   629 0.72 -
KAI3434974.1         -           1239 2959at3041           -            583   5.8e-09   34.1   0.3   1   1   1.8e-09   1.6e-07   29.4   0.3   270   428   159   344   156   384 0.73 -
KAI3429782.1         -            325 2959at3041           -            583   1.5e-08   32.7  12.6   1   2     0.094       8.2    3.9   0.1   444   475    73   104    65   112 0.68 -
KAI3429782.1         -            325 2959at3041           -            583   1.5e-08   32.7  12.6   2   2   8.3e-09   7.3e-07   27.2   9.7   305   466   105   281   102   310 0.74 -
KAI3432660.1         -            531 2959at3041           -            583   2.1e-08   32.3   1.5   1   2   0.00045      0.04   11.5   0.0   354   410    95   153    91   168 0.71 -
KAI3432660.1         -            531 2959at3041           -            583   2.1e-08   32.3   1.5   2   2   2.7e-06   0.00024   18.9   0.3   344   471   178   318   171   342 0.65 -
KAI3426911.1         -            863 2959at3041           -            583   2.2e-08   32.2   0.0   1   1   5.1e-10   4.5e-08   31.2   0.0   319   419    63   166    49   176 0.67 -
KAI3428582.1         -            617 2959at3041           -            583   6.5e-08   30.6   2.5   1   2      0.05       4.4    4.8   0.0   124   156   238   270   231   296 0.84 -
KAI3428582.1         -            617 2959at3041           -            583   6.5e-08   30.6   2.5   2   2     1e-07   9.1e-06   23.6   2.1   313   419   336   450   308   458 0.77 -
KAI3426204.1         -           1093 2959at3041           -            583     1e-07   30.0   0.1   1   2       2.2     2e+02   -0.7   0.1   408   462   724   780   717   791 0.72 -
KAI3426204.1         -           1093 2959at3041           -            583     1e-07   30.0   0.1   2   2   7.8e-09   6.8e-07   27.3   0.0   342   483   934  1084   909  1091 0.64 -
KAI3425781.1         -            350 2959at3041           -            583   1.2e-07   29.8   1.2   1   2   1.3e-07   1.1e-05   23.2   0.3    63   119   144   205   132   210 0.86 -
KAI3425781.1         -            350 2959at3041           -            583   1.2e-07   29.8   1.2   2   2     0.036       3.2    5.3   0.0   305   339   257   292   236   297 0.63 -
KAI3434872.1         -            925 2959at3041           -            583     1e-06   26.7   0.2   1   2   1.3e-06   0.00011   19.9   0.0   348   460    49   168    44   172 0.81 -
KAI3434872.1         -            925 2959at3041           -            583     1e-06   26.7   0.2   2   2     0.079         7    4.1   0.0   362   417   200   259   189   319 0.46 -
KAI3436091.1         -            676 2959at3041           -            583   1.1e-06   26.6   0.2   1   3   0.00022     0.019   12.6   0.4   337   431   158   255   153   276 0.81 -
KAI3436091.1         -            676 2959at3041           -            583   1.1e-06   26.6   0.2   2   3      0.42        37    1.7   0.0    61    80   328   347   308   357 0.65 -
KAI3436091.1         -            676 2959at3041           -            583   1.1e-06   26.6   0.2   3   3    0.0063      0.55    7.8   0.0   345   378   377   411   369   418 0.75 -
KAI3438322.1         -           1570 2959at3041           -            583   1.2e-06   26.4   5.3   1   4   1.8e-06   0.00016   19.5   0.1    46    97  1105  1156  1100  1168 0.85 -
KAI3438322.1         -           1570 2959at3041           -            583   1.2e-06   26.4   5.3   2   4       6.5   5.7e+02   -2.2   0.0   132   163  1219  1251  1215  1288 0.50 -
KAI3438322.1         -           1570 2959at3041           -            583   1.2e-06   26.4   5.3   3   4       5.6   4.9e+02   -2.0   0.0   102   122  1327  1347  1322  1350 0.84 -
KAI3438322.1         -           1570 2959at3041           -            583   1.2e-06   26.4   5.3   4   4      0.17        15    3.0   0.1    68    81  1429  1442  1382  1569 0.43 -
KAI3436806.1         -            536 2959at3041           -            583   1.2e-06   26.4   0.0   1   2     0.013       1.1    6.8   0.0   129   229   115   219   113   237 0.83 -
KAI3436806.1         -            536 2959at3041           -            583   1.2e-06   26.4   0.0   2   2   8.6e-06   0.00075   17.2   0.1    43    87   267   311   235   351 0.64 -
KAI3431601.1         -            622 2959at3041           -            583   1.4e-06   26.2  11.6   1   4   1.8e-07   1.6e-05   22.8   1.2   345   444   169   296   162   310 0.60 -
KAI3431601.1         -            622 2959at3041           -            583   1.4e-06   26.2  11.6   2   4   1.1e-05   0.00098   16.8   3.4    44   175   226   359   226   425 0.81 -
KAI3431601.1         -            622 2959at3041           -            583   1.4e-06   26.2  11.6   3   4       1.7   1.5e+02   -0.2   0.1    24    89   428   495   421   503 0.69 -
KAI3431601.1         -            622 2959at3041           -            583   1.4e-06   26.2  11.6   4   4       7.5   6.6e+02   -2.4   0.0   435   455   561   580   554   585 0.80 -
KAI3425918.1         -            471 2959at3041           -            583     2e-06   25.7  11.8   1   3    0.0023      0.21    9.2   6.3   342   483     4   156     1   178 0.72 -
KAI3425918.1         -            471 2959at3041           -            583     2e-06   25.7  11.8   2   3     0.082       7.2    4.1   0.0   121   155   186   221   168   237 0.70 -
KAI3425918.1         -            471 2959at3041           -            583     2e-06   25.7  11.8   3   3   8.7e-05    0.0077   13.9   0.1   388   430   336   380   332   420 0.82 -
KAI3423826.1         -           1736 2959at3041           -            583   6.8e-06   24.0   3.4   1   2       2.2   1.9e+02   -0.6   0.0   405   436  1354  1385  1352  1408 0.73 -
KAI3423826.1         -           1736 2959at3041           -            583   6.8e-06   24.0   3.4   2   2   3.1e-07   2.7e-05   22.0   0.3   301   380  1612  1702  1594  1704 0.80 -
KAI3427023.1         -            436 2959at3041           -            583   9.6e-06   23.5   3.1   1   3         4   3.5e+02   -1.5   0.3   416   463    38    86    33    91 0.77 -
KAI3427023.1         -            436 2959at3041           -            583   9.6e-06   23.5   3.1   2   3   3.9e-07   3.5e-05   21.6   0.5   313   378   114   182   111   187 0.84 -
KAI3427023.1         -            436 2959at3041           -            583   9.6e-06   23.5   3.1   3   3      0.89        78    0.7   0.0    53   197   211   286   201   348 0.55 -
KAI3432614.1         -            372 2959at3041           -            583   4.1e-05   21.4   0.0   1   1   6.7e-07   5.9e-05   20.9   0.0   295   380   153   246   138   254 0.86 -
KAI3430410.1         -           1622 2959at3041           -            583   4.9e-05   21.1   0.3   1   2   0.00066     0.058   11.0   0.1   356   428   125   200   112   206 0.45 -
KAI3430410.1         -           1622 2959at3041           -            583   4.9e-05   21.1   0.3   2   2    0.0058      0.51    7.9   0.0    24    74   277   327   263   335 0.67 -
KAI3427027.1         -            327 2959at3041           -            583   0.00022   19.0   0.5   1   3      0.33        29    2.1   0.0   151   228    54   139    47   145 0.62 -
KAI3427027.1         -            327 2959at3041           -            583   0.00022   19.0   0.5   2   3   1.5e-05    0.0013   16.4   0.5   324   426   125   232    81   237 0.84 -
KAI3427027.1         -            327 2959at3041           -            583   0.00022   19.0   0.5   3   3       5.8   5.1e+02   -2.0   0.0    20    36   287   303   272   317 0.75 -
KAI3432268.1         -           1214 2959at3041           -            583   0.00025   18.8  10.4   1   3       4.5     4e+02   -1.7   0.0   236   283   110   159   103   162 0.64 -
KAI3432268.1         -           1214 2959at3041           -            583   0.00025   18.8  10.4   2   3   0.00094     0.083   10.5   0.0   443   504   175   235   169   245 0.81 -
KAI3432268.1         -           1214 2959at3041           -            583   0.00025   18.8  10.4   3   3   7.9e-05     0.007   14.0   0.2   392   427   277   312   272   336 0.62 -
KAI3432224.1         -            555 2959at3041           -            583   0.00031   18.5   0.0   1   1   9.7e-06   0.00085   17.0   0.0   121   212   385   484   376   511 0.66 -
KAI3436212.1         -           1667 2959at3041           -            583   0.00031   18.5  12.4   1   3     0.093       8.2    3.9   0.0   347   377   110   143    98   150 0.64 -
KAI3436212.1         -           1667 2959at3041           -            583   0.00031   18.5  12.4   2   3   8.7e-06   0.00077   17.2   2.7   347   431   314   410   312   503 0.74 -
KAI3436212.1         -           1667 2959at3041           -            583   0.00031   18.5  12.4   3   3       2.7   2.3e+02   -0.9   0.1    55   110   621   676   608   688 0.77 -
KAI3431641.1         -            904 2959at3041           -            583   0.00035   18.3   0.4   1   3     4e-06   0.00035   18.3   0.4   101   164    39   109    22   134 0.56 -
KAI3431641.1         -            904 2959at3041           -            583   0.00035   18.3   0.4   2   3       4.7   4.1e+02   -1.7   0.1   356   420   355   426   347   435 0.54 -
KAI3431641.1         -            904 2959at3041           -            583   0.00035   18.3   0.4   3   3       7.1   6.3e+02   -2.3   1.6   474   550   693   768   678   800 0.76 -
KAI3426090.1         -            481 2959at3041           -            583   0.00058   17.6   3.9   1   2      0.05       4.4    4.8   0.1    99   154   105   166   100   213 0.69 -
KAI3426090.1         -            481 2959at3041           -            583   0.00058   17.6   3.9   2   2   0.00019     0.017   12.8   0.3   314   384   372   447   367   474 0.60 -
KAI3435730.1         -            548 2959at3041           -            583    0.0014   16.3  19.4   1   4   0.00052     0.046   11.3   1.7   389   459    42   122    34   128 0.54 -
KAI3435730.1         -            548 2959at3041           -            583    0.0014   16.3  19.4   2   4   0.00014     0.012   13.2   0.2    40    81   135   176   125   184 0.69 -
KAI3435730.1         -            548 2959at3041           -            583    0.0014   16.3  19.4   3   4       3.6   3.2e+02   -1.3   3.1   445   492   291   338   284   347 0.77 -
KAI3435730.1         -            548 2959at3041           -            583    0.0014   16.3  19.4   4   4       2.6   2.3e+02   -0.9   0.0   124   170   463   509   443   522 0.80 -
KAI3428624.1         -            548 2959at3041           -            583    0.0019   15.9   0.1   1   1   3.1e-05    0.0028   15.4   0.1    17   106    30   134    14   145 0.70 -
KAI3429426.1         -           1178 2959at3041           -            583    0.0028   15.3   0.2   1   1   9.5e-05    0.0084   13.8   0.1   360   421    50   111    43   121 0.88 -
KAI3432740.1         -            491 2959at3041           -            583    0.0054   14.4   1.0   1   2     0.012         1    6.9   0.4   400   459   173   236   153   240 0.76 -
KAI3432740.1         -            491 2959at3041           -            583    0.0054   14.4   1.0   2   2   6.2e-05    0.0054   14.4   1.0   337   379   241   284   238   363 0.85 -
KAI3436224.1         -            512 2959at3041           -            583    0.0069   14.0   0.1   1   4       8.2   7.2e+02   -2.5   0.0   440   460    45    65    34    72 0.64 -
KAI3436224.1         -            512 2959at3041           -            583    0.0069   14.0   0.1   2   4      0.53        47    1.4   0.0   329   341   136   148   125   158 0.58 -
KAI3436224.1         -            512 2959at3041           -            583    0.0069   14.0   0.1   3   4      0.02       1.8    6.1   0.0   120   157   220   256   211   309 0.58 -
KAI3436224.1         -            512 2959at3041           -            583    0.0069   14.0   0.1   4   4      0.47        41    1.6   0.0   128   379   337   362   330   382 0.55 -
KAI3438930.1         -            435 2959at3041           -            583     0.064   10.8   0.0   1   2      0.16        14    3.1   0.0    29    91   144   204   120   212 0.75 -
KAI3438930.1         -            435 2959at3041           -            583     0.064   10.8   0.0   2   2     0.029       2.6    5.6   0.0   119   162   306   349   239   370 0.67 -
KAI3433372.1         -            753 2959at3041           -            583     0.094   10.3  11.1   1   3      0.16        14    3.1   0.3    25    79   291   347   271   366 0.47 -
KAI3433372.1         -            753 2959at3041           -            583     0.094   10.3  11.1   2   3    0.0015      0.13    9.8   0.1   326   378   442   494   436   508 0.89 -
KAI3433372.1         -            753 2959at3041           -            583     0.094   10.3  11.1   3   3      0.41        36    1.7   1.7   434   489   650   705   620   741 0.72 -
KAI3428115.1         -            754 2959at3041           -            583      0.13    9.9   0.0   1   1    0.0029      0.25    8.9   0.0   311   429   178   310   150   318 0.74 -
#
# Program:         hmmsearch
# Version:         3.1b2 (February 2015)
# Pipeline mode:   SEARCH
# Query file:      /Users/catrionaharrison/Documents/Bioinformatics/rp2/Data/genomes/busco/busco_downloads/lineages/chlorophyta_odb10/hmms/2959at3041.hmm
# Target file:     /Users/catrionaharrison/Documents/Bioinformatics/rp2/Data/genomes/busco/data/chlorella_vulgaris.prot.fasta
# Option settings: hmmsearch --domtblout /Users/catrionaharrison/Documents/Bioinformatics/rp2/Data/genomes/busco/Busco_vulgaris/run_chlorophyta_odb10/hmmer_output/initial_run_results/2959at3041.out --cpu 1 /Users/catrionaharrison/Documents/Bioinformatics/rp2/Data/genomes/busco/busco_downloads/lineages/chlorophyta_odb10/hmms/2959at3041.hmm /Users/catrionaharrison/Documents/Bioinformatics/rp2/Data/genomes/busco/data/chlorella_vulgaris.prot.fasta 
# Current dir:     /Users/catrionaharrison/Documents/Bioinformatics/rp2/Data/genomes/busco
# Date:            Fri Jul 22 15:36:20 2022
# [ok]
