#                                                                            --- full sequence --- -------------- this domain -------------   hmm coord   ali coord   env coord
# target name        accession   tlen query name           accession   qlen   E-value  score  bias   #  of  c-Evalue  i-Evalue  score  bias  from    to  from    to  from    to  acc description of target
#------------------- ---------- ----- -------------------- ---------- ----- --------- ------ ----- --- --- --------- --------- ------ ----- ----- ----- ----- ----- ----- ----- ---- ---------------------
KAI3425160.1         -            590 3069at3041           -            378  3.5e-147  489.7  29.1   1   1  1.5e-149  4.5e-147  489.3  29.1     1   377   153   585   153   586 0.90 -
KAI3436549.1         -            456 3069at3041           -            378   1.8e-26   92.4  37.8   1   2   8.2e-19   2.4e-16   59.1  16.1    77   339    36   287    22   297 0.87 -
KAI3436549.1         -            456 3069at3041           -            378   1.8e-26   92.4  37.8   2   2   3.2e-15   9.3e-13   47.3  13.7    92   302   147   390   143   404 0.73 -
KAI3427130.1         -            528 3069at3041           -            378     6e-26   90.7   9.6   1   3   2.4e-08   7.2e-06   24.6   0.4    91   168   197   276   141   279 0.88 -
KAI3427130.1         -            528 3069at3041           -            378     6e-26   90.7   9.6   2   3   1.1e-11   3.2e-09   35.6   0.2    74   171   264   363   262   382 0.90 -
KAI3427130.1         -            528 3069at3041           -            378     6e-26   90.7   9.6   3   3   8.5e-14   2.5e-11   42.6   1.7    64   166   369   474   363   483 0.49 -
KAI3425853.1         -            580 3069at3041           -            378   3.4e-10   38.9  14.7   1   2   1.7e-08   5.1e-06   25.1   6.2    59   211   235   393   232   412 0.73 -
KAI3425853.1         -            580 3069at3041           -            378   3.4e-10   38.9  14.7   2   2   3.6e-06    0.0011   17.5   0.6    47   166   418   535   396   546 0.74 -
KAI3431271.1         -            603 3069at3041           -            378   3.2e-08   32.3   4.8   1   4     0.053        15    3.8   0.0   103   140   161   198   148   213 0.60 -
KAI3431271.1         -            603 3069at3041           -            378   3.2e-08   32.3   4.8   2   4    0.0039       1.2    7.5   0.0    51   105   366   422   359   429 0.76 -
KAI3431271.1         -            603 3069at3041           -            378   3.2e-08   32.3   4.8   3   4   0.00028     0.082   11.2   0.1    67   200   431   559   425   562 0.78 -
KAI3431271.1         -            603 3069at3041           -            378   3.2e-08   32.3   4.8   4   4    0.0051       1.5    7.1   0.0    64   105   520   560   498   582 0.83 -
KAI3424338.1         -            585 3069at3041           -            378   1.1e-06   27.3   5.6   1   4     0.034        10    4.4   0.1   279   325   213   256   196   263 0.74 -
KAI3424338.1         -            585 3069at3041           -            378   1.1e-06   27.3   5.6   2   4   0.00079      0.23    9.8   0.1    48   102   267   323   256   371 0.80 -
KAI3424338.1         -            585 3069at3041           -            378   1.1e-06   27.3   5.6   3   4   0.00011     0.033   12.5   0.1    48   102   407   463   385   474 0.81 -
KAI3424338.1         -            585 3069at3041           -            378   1.1e-06   27.3   5.6   4   4       1.2   3.4e+02   -0.7   0.0    69   103   499   532   490   554 0.77 -
KAI3434399.1         -            504 3069at3041           -            378     5e-06   25.1   4.5   1   2   1.8e-05    0.0053   15.2   0.2   169   318   105   246    99   250 0.81 -
KAI3434399.1         -            504 3069at3041           -            378     5e-06   25.1   4.5   2   2   0.00055      0.16   10.3   0.7    69   202   287   417   261   459 0.74 -
KAI3434392.1         -            521 3069at3041           -            378   6.8e-06   24.7   0.8   1   2   0.00013     0.038   12.4   0.2   181   321   180   313   151   317 0.78 -
KAI3434392.1         -            521 3069at3041           -            378   6.8e-06   24.7   0.8   2   2   0.00055      0.16   10.3   0.0    67   199   350   478   321   492 0.80 -
KAI3424292.1         -            484 3069at3041           -            378   8.2e-06   24.4   0.4   1   3     0.016       4.8    5.4   0.0   109   204   136   238    99   259 0.67 -
KAI3424292.1         -            484 3069at3041           -            378   8.2e-06   24.4   0.4   2   3   0.00055      0.16   10.3   0.2    48   109   268   331   259   341 0.81 -
KAI3424292.1         -            484 3069at3041           -            378   8.2e-06   24.4   0.4   3   3     0.029       8.6    4.6   0.0    49   103   363   420   352   429 0.81 -
KAI3424317.1         -            703 3069at3041           -            378   1.8e-05   23.3   1.5   1   2   2.5e-07   7.2e-05   21.3   0.1    77   145   116   189   106   200 0.67 -
KAI3424317.1         -            703 3069at3041           -            378   1.8e-05   23.3   1.5   2   2      0.64   1.9e+02    0.2   0.1   130   162   227   259   208   282 0.82 -
KAI3431385.1         -            528 3069at3041           -            378   3.7e-05   22.3   4.4   1   2   0.00021     0.062   11.6   0.9    51   199   241   387   231   400 0.59 -
KAI3431385.1         -            528 3069at3041           -            378   3.7e-05   22.3   4.4   2   2   0.00037      0.11   10.9   0.1    48   103   425   482   410   494 0.87 -
KAI3434429.1         -            372 3069at3041           -            378   3.7e-05   22.3   1.8   1   1   4.5e-07   0.00013   20.4   1.1   178   332    68   210    21   229 0.81 Chlorella vulgaris isolate 211/11P Super-Scaffold_3, whole genome shotgun sequence.
KAI3434405.1         -            532 3069at3041           -            378   7.2e-05   21.3   5.9   1   3       1.3   3.8e+02   -0.8   0.0   110   158   216   262   199   279 0.65 -
KAI3434405.1         -            532 3069at3041           -            378   7.2e-05   21.3   5.9   2   3     0.028       8.1    4.7   0.3   273   319   282   327   224   331 0.74 -
KAI3434405.1         -            532 3069at3041           -            378   7.2e-05   21.3   5.9   3   3   4.1e-06    0.0012   17.3   0.3    49   202   345   494   334   519 0.77 -
KAI3434407.1         -            525 3069at3041           -            378    0.0001   20.8   5.2   1   3   9.3e-05     0.027   12.8   0.6   161   319   215   365   162   372 0.68 -
KAI3434407.1         -            525 3069at3041           -            378    0.0001   20.8   5.2   2   3     0.017       4.9    5.4   0.2   159   200   397   440   305   449 0.54 -
KAI3434407.1         -            525 3069at3041           -            378    0.0001   20.8   5.2   3   3    0.0073       2.1    6.6   0.2    48   103   429   486   410   508 0.76 -
KAI3424384.1         -            559 3069at3041           -            378    0.0001   20.8  11.2   1   2   1.2e-06   0.00036   19.0   6.1    67   320   196   437   173   454 0.78 -
KAI3424384.1         -            559 3069at3041           -            378    0.0001   20.8  11.2   2   2      0.32        95    1.2   0.2   260   297   476   507   454   529 0.79 -
KAI3434712.1         -            467 3069at3041           -            378   0.00011   20.6   0.7   1   2   0.00012     0.036   12.4   0.1    66   209   151   295   133   337 0.68 -
KAI3434712.1         -            467 3069at3041           -            378   0.00011   20.6   0.7   2   2    0.0085       2.5    6.4   0.1    49   102   369   422   344   433 0.75 -
KAI3434379.1         -            484 3069at3041           -            378   0.00013   20.4   2.2   1   2      0.25        74    1.5   0.0   155   209   121   177   118   182 0.80 -
KAI3434379.1         -            484 3069at3041           -            378   0.00013   20.4   2.2   2   2   1.7e-06   0.00049   18.6   1.7    69   272   161   362   136   387 0.77 -
KAI3424408.1         -            532 3069at3041           -            378   0.00018   20.0   4.3   1   4    0.0021      0.62    8.4   0.0    71   162    73   162    61   168 0.87 -
KAI3424408.1         -            532 3069at3041           -            378   0.00018   20.0   4.3   2   4      0.02       5.8    5.2   0.1   141   196   190   248   182   267 0.59 -
KAI3424408.1         -            532 3069at3041           -            378   0.00018   20.0   4.3   3   4       0.1        31    2.8   0.3    51   180   291   418   274   444 0.57 -
KAI3424408.1         -            532 3069at3041           -            378   0.00018   20.0   4.3   4   4      0.34        99    1.1   0.0    48   102   429   485   402   495 0.55 -
KAI3435743.1         -            665 3069at3041           -            378   0.00019   19.9   1.1   1   2     0.026       7.7    4.8   0.1    35   134   266   365   235   368 0.69 -
KAI3435743.1         -            665 3069at3041           -            378   0.00019   19.9   1.1   2   2   3.6e-06    0.0011   17.5   0.3    33   159   332   463   318   467 0.78 -
KAI3431295.1         -            525 3069at3041           -            378   0.00022   19.7   2.7   1   3   3.5e-06     0.001   17.5   0.5    85   320   184   410   130   415 0.87 -
KAI3431295.1         -            525 3069at3041           -            378   0.00022   19.7   2.7   2   3      0.52   1.5e+02    0.5   0.1    66   102   447   482   413   492 0.68 -
KAI3431295.1         -            525 3069at3041           -            378   0.00022   19.7   2.7   3   3       0.3        87    1.3   0.0    65   100   469   504   449   519 0.69 -
KAI3432792.1         -            434 3069at3041           -            378   0.00034   19.1   0.7   1   1   1.9e-06   0.00056   18.4   0.7    63   279   163   387   144   401 0.81 -
KAI3424374.1         -            559 3069at3041           -            378    0.0004   18.9  10.0   1   2   1.7e-05    0.0051   15.2   8.0    82   320   210   437   173   464 0.79 -
KAI3424374.1         -            559 3069at3041           -            378    0.0004   18.9  10.0   2   2      0.81   2.4e+02   -0.1   0.1    85   130   467   507   441   515 0.49 -
KAI3425704.1         -            396 3069at3041           -            378    0.0011   17.4  13.3   1   3    0.0041       1.2    7.4   3.2    46   197     5   163     1   164 0.54 Chlorella vulgaris isolate 211/11P Super-Scaffold_13, whole genome shotgun sequence.
KAI3425704.1         -            396 3069at3041           -            378    0.0011   17.4  13.3   2   3   5.4e-05     0.016   13.6   7.3    31   246    88   304    79   306 0.71 Chlorella vulgaris isolate 211/11P Super-Scaffold_13, whole genome shotgun sequence.
KAI3425704.1         -            396 3069at3041           -            378    0.0011   17.4  13.3   3   3      0.19        55    1.9   0.0    67   103   316   351   309   368 0.75 Chlorella vulgaris isolate 211/11P Super-Scaffold_13, whole genome shotgun sequence.
KAI3438177.1         -            310 3069at3041           -            378    0.0022   16.4   0.3   1   1   1.2e-05    0.0034   15.8   0.3    58   160    33   128    10   149 0.65 -
KAI3434389.1         -            500 3069at3041           -            378    0.0031   16.0   0.3   1   1     3e-05    0.0088   14.4   0.3    27   103   235   316   215   380 0.73 -
KAI3426026.1         -            541 3069at3041           -            378    0.0031   15.9   6.4   1   2     0.033       9.8    4.4   0.4    64   130   279   339   258   349 0.69 -
KAI3426026.1         -            541 3069at3041           -            378    0.0031   15.9   6.4   2   2   9.6e-05     0.028   12.8   1.2    66   205   349   485   329   490 0.76 -
KAI3429543.1         -            628 3069at3041           -            378    0.0034   15.8   8.3   1   2      0.17        49    2.1   0.0   259   317   172   226   144   230 0.77 -
KAI3429543.1         -            628 3069at3041           -            378    0.0034   15.8   8.3   2   2   8.7e-05     0.026   12.9   5.3    80   202   362   495   325   588 0.74 -
KAI3424354.1         -            618 3069at3041           -            378     0.011   14.2   6.8   1   3    0.0003     0.087   11.2   2.7    47   320   189   449   180   465 0.76 -
KAI3424354.1         -            618 3069at3041           -            378     0.011   14.2   6.8   2   3     0.047        14    3.9   3.0   278   322   408   451   383   541 0.72 -
KAI3424354.1         -            618 3069at3041           -            378     0.011   14.2   6.8   3   3      0.72   2.1e+02    0.0   0.2   113   130   502   519   455   585 0.55 -
KAI3434382.1         -            342 3069at3041           -            378     0.014   13.8   0.2   1   1   8.4e-05     0.025   13.0   0.2    91   200   193   300   185   319 0.77 -
KAI3432785.1         -            513 3069at3041           -            378     0.015   13.6   0.9   1   2    0.0004      0.12   10.7   0.2   208   320   209   315   175   322 0.71 -
KAI3432785.1         -            513 3069at3041           -            378     0.015   13.6   0.9   2   2   0.00018     0.052   11.9   0.7   110   231   228   352   216   384 0.67 -
KAI3428771.1         -            272 3069at3041           -            378     0.026   12.9   0.2   1   2      0.01         3    6.1   0.0   165   221    49   106    31   116 0.69 -
KAI3428771.1         -            272 3069at3041           -            378     0.026   12.9   0.2   2   2    0.0017      0.49    8.7   0.3    35   183    79   226    70   237 0.49 -
KAI3436266.1         -            454 3069at3041           -            378     0.029   12.7   0.2   1   1   0.00022     0.065   11.6   0.2    49   158    68   176    64   183 0.83 -
KAI3431582.1         -            399 3069at3041           -            378     0.042   12.2   0.1   1   1   0.00056      0.17   10.2   0.1    70   157   160   243   133   301 0.55 -
KAI3434412.1         -            218 3069at3041           -            378     0.046   12.1   0.1   1   2     0.022       6.6    5.0   0.0   122   196    18    94     3   101 0.63 Chlorella vulgaris isolate 211/11P Super-Scaffold_3, whole genome shotgun sequence.
KAI3434412.1         -            218 3069at3041           -            378     0.046   12.1   0.1   2   2      0.02       5.9    5.1   0.0    71   105   113   146   104   160 0.79 Chlorella vulgaris isolate 211/11P Super-Scaffold_3, whole genome shotgun sequence.
KAI3434410.1         -            234 3069at3041           -            378     0.048   12.0   1.4   1   2      0.12        36    2.5   0.1   282   300    29    47    22    66 0.66 Chlorella vulgaris isolate 211/11P Super-Scaffold_3, whole genome shotgun sequence.
KAI3434410.1         -            234 3069at3041           -            378     0.048   12.0   1.4   2   2     0.002       0.6    8.4   0.1    49   105    82   140    70   165 0.83 Chlorella vulgaris isolate 211/11P Super-Scaffold_3, whole genome shotgun sequence.
KAI3426060.1         -            758 3069at3041           -            378      0.06   11.7   9.2   1   4       9.3   2.7e+03   -3.6   0.1   288   320   106   138   101   139 0.74 -
KAI3426060.1         -            758 3069at3041           -            378      0.06   11.7   9.2   2   4    0.0029      0.84    7.9   0.6   216   297   167   248   152   256 0.87 -
KAI3426060.1         -            758 3069at3041           -            378      0.06   11.7   9.2   3   4     0.013       3.8    5.8   0.1   286   321   296   331   280   362 0.77 -
KAI3426060.1         -            758 3069at3041           -            378      0.06   11.7   9.2   4   4      0.25        74    1.5   0.1    67   154   529   614   497   625 0.77 -
KAI3429644.1         -            624 3069at3041           -            378     0.075   11.4   6.5   1   3     0.024       7.1    4.9   0.2   258   315   307   358    79   366 0.73 -
KAI3429644.1         -            624 3069at3041           -            378     0.075   11.4   6.5   2   3     0.045        13    4.0   0.2    48   103   385   441   362   455 0.69 -
KAI3429644.1         -            624 3069at3041           -            378     0.075   11.4   6.5   3   3      0.11        32    2.7   0.1   122   179   502   559   452   588 0.45 -
KAI3430362.1         -            557 3069at3041           -            378      0.38    9.0   8.2   1   3       0.5   1.5e+02    0.5   0.1    53   156    57   108    20   233 0.64 -
KAI3430362.1         -            557 3069at3041           -            378      0.38    9.0   8.2   2   3    0.0012      0.36    9.1   0.5   273   321   252   298   199   301 0.83 -
KAI3430362.1         -            557 3069at3041           -            378      0.38    9.0   8.2   3   3      0.14        42    2.3   0.5    60   210   312   474   310   522 0.57 -
#
# Program:         hmmsearch
# Version:         3.1b2 (February 2015)
# Pipeline mode:   SEARCH
# Query file:      /Users/catrionaharrison/Documents/Bioinformatics/rp2/Data/genomes/busco/busco_downloads/lineages/chlorophyta_odb10/hmms/3069at3041.hmm
# Target file:     /Users/catrionaharrison/Documents/Bioinformatics/rp2/Data/genomes/busco/data/chlorella_vulgaris.prot.fasta
# Option settings: hmmsearch --domtblout /Users/catrionaharrison/Documents/Bioinformatics/rp2/Data/genomes/busco/Busco_vulgaris/run_chlorophyta_odb10/hmmer_output/initial_run_results/3069at3041.out --cpu 1 /Users/catrionaharrison/Documents/Bioinformatics/rp2/Data/genomes/busco/busco_downloads/lineages/chlorophyta_odb10/hmms/3069at3041.hmm /Users/catrionaharrison/Documents/Bioinformatics/rp2/Data/genomes/busco/data/chlorella_vulgaris.prot.fasta 
# Current dir:     /Users/catrionaharrison/Documents/Bioinformatics/rp2/Data/genomes/busco
# Date:            Fri Jul 22 15:37:01 2022
# [ok]
