#                                                                            --- full sequence --- -------------- this domain -------------   hmm coord   ali coord   env coord
# target name        accession   tlen query name           accession   qlen   E-value  score  bias   #  of  c-Evalue  i-Evalue  score  bias  from    to  from    to  from    to  acc description of target
#------------------- ---------- ----- -------------------- ---------- ----- --------- ------ ----- --- --- --------- --------- ------ ----- ----- ----- ----- ----- ----- ----- ---- ---------------------
KAI3424057.1         -            719 3106at3041           -            251  5.3e-124  411.7   0.1   1   2  2.2e-120  1.2e-118  394.1   0.1     1   225   369   607   369   614 0.96 -
KAI3424057.1         -            719 3106at3041           -            251  5.3e-124  411.7   0.1   2   2   7.9e-05    0.0043   15.6   0.0   225   251   638   667   627   667 0.88 -
KAI3424742.1         -            427 3106at3041           -            251     1e-88  296.1   0.0   1   2   2.4e-86   1.3e-84  282.6   0.0     4   228    61   298    59   316 0.91 -
KAI3424742.1         -            427 3106at3041           -            251     1e-88  296.1   0.0   2   2   0.00066     0.036   12.6   0.0   219   251   309   345   300   345 0.86 -
KAI3434482.1         -            313 3106at3041           -            251   1.4e-74  249.8   0.2   1   1   3.4e-75   1.8e-73  246.1   0.2     6   225    25   257    21   306 0.91 -
KAI3432591.1         -            317 3106at3041           -            251   1.1e-66  223.9   0.1   1   1   9.3e-67   5.1e-65  218.4   0.1     5   250     2   292     1   293 0.79 -
KAI3425085.1         -            599 3106at3041           -            251   4.4e-61  205.6   0.0   1   2   2.3e-15   1.2e-13   50.1   0.0     1    62    43   105    43   112 0.93 -
KAI3425085.1         -            599 3106at3041           -            251   4.4e-61  205.6   0.0   2   2   7.8e-47   4.3e-45  153.2   0.0    64   225   125   313   119   327 0.84 -
KAI3436758.1         -            425 3106at3041           -            251   8.5e-61  204.6   0.0   1   2   4.9e-61   2.7e-59  199.7   0.0     5   223     2   231     1   241 0.91 -
KAI3436758.1         -            425 3106at3041           -            251   8.5e-61  204.6   0.0   2   2      0.51        28    3.1   0.0   225   251   256   285   237   285 0.79 -
KAI3437619.1         -            459 3106at3041           -            251   1.9e-60  203.5   0.0   1   1   7.3e-61     4e-59  199.1   0.0    13   230   115   345   107   389 0.88 -
KAI3426365.1         -            363 3106at3041           -            251   3.3e-56  189.6   0.0   1   1   2.2e-57   1.2e-55  187.7   0.0     6   217    31   256    27   315 0.91 -
KAI3424753.1         -            408 3106at3041           -            251   4.1e-54  182.7   0.1   1   2   2.7e-54   1.5e-52  177.6   0.0     7   220    62   303    59   310 0.84 -
KAI3424753.1         -            408 3106at3041           -            251   4.1e-54  182.7   0.1   2   2      0.56        31    3.0   0.0   217   251   336   373   329   373 0.86 -
KAI3430832.1         -            593 3106at3041           -            251   1.3e-48  164.7   0.0   1   1   7.1e-50   3.9e-48  163.1   0.0     6   217    47   277    43   291 0.84 -
KAI3436338.1         -            376 3106at3041           -            251   7.2e-48  162.3   0.0   1   2   1.2e-48   6.4e-47  159.1   0.0     6   216    33   260    29   270 0.88 -
KAI3436338.1         -            376 3106at3041           -            251   7.2e-48  162.3   0.0   2   2       2.4   1.3e+02    0.9   0.0   227   251   293   320   281   320 0.81 -
KAI3435667.1         -            396 3106at3041           -            251   2.4e-47  160.6   0.6   1   2   1.2e-47   6.7e-46  155.8   0.1     4   216    10   239     7   253 0.87 -
KAI3435667.1         -            396 3106at3041           -            251   2.4e-47  160.6   0.6   2   2      0.35        19    3.6   0.0   223   251   267   299   239   299 0.80 -
KAI3432767.1         -            943 3106at3041           -            251   2.1e-45  154.2   0.0   1   2   3.3e-33   1.8e-31  108.5   0.0     5   150     2   156     1   161 0.84 -
KAI3432767.1         -            943 3106at3041           -            251   2.1e-45  154.2   0.0   2   2   2.4e-13   1.3e-11   43.5   0.0   155   225   185   263   180   285 0.81 -
KAI3423421.1         -            426 3106at3041           -            251   2.2e-39  134.5   0.3   1   1   8.9e-41   4.9e-39  133.3   0.3    10   217    95   315    86   372 0.84 -
KAI3424149.1         -            215 3106at3041           -            251   8.2e-39  132.6   0.0   1   1   1.9e-40   1.1e-38  132.2   0.0     6   194     3   203     1   212 0.83 -
KAI3435733.1         -            353 3106at3041           -            251     4e-37  127.1   0.0   1   2   1.6e-23   8.7e-22   76.8   0.0     5   150    10   159     7   170 0.87 -
KAI3435733.1         -            353 3106at3041           -            251     4e-37  127.1   0.0   2   2   9.7e-15   5.3e-13   48.0   0.0   160   223   203   273   194   282 0.88 -
KAI3432453.1         -           1434 3106at3041           -            251   4.1e-30  104.1   0.0   1   1   1.2e-31   6.7e-30  103.4   0.0     6   192     9   200     5   222 0.85 -
KAI3424455.1         -            370 3106at3041           -            251   1.9e-29  101.9   0.1   1   1   6.7e-31   3.7e-29  101.0   0.1    12   249    41   303    30   305 0.73 -
KAI3429516.1         -            826 3106at3041           -            251   1.1e-28   99.5   0.0   1   1   2.7e-30   1.5e-28   99.0   0.0     4   193     8   205     5   263 0.82 -
KAI3424158.1         -            791 3106at3041           -            251     5e-28   97.3   0.0   1   1   1.3e-29   7.3e-28   96.7   0.0     7   251   451   713   446   713 0.84 -
KAI3432753.1         -           1510 3106at3041           -            251   5.1e-28   97.2   0.0   1   1   1.6e-29   8.8e-28   96.5   0.0     8   194    40   240    34   269 0.80 -
KAI3432636.1         -            397 3106at3041           -            251   7.9e-28   96.6   0.1   1   2     5e-29   2.8e-27   94.8   0.1     4   214    98   315    96   334 0.87 -
KAI3432636.1         -            397 3106at3041           -            251   7.9e-28   96.6   0.1   2   2       7.3     4e+02   -0.7   0.0   221   251   350   383   326   383 0.73 -
KAI3430323.1         -            847 3106at3041           -            251   4.3e-27   94.2   0.2   1   3   2.2e-17   1.2e-15   56.7   0.1    12   149    57   215    49   224 0.79 -
KAI3430323.1         -            847 3106at3041           -            251   4.3e-27   94.2   0.2   2   3   1.1e-09   5.9e-08   31.5   0.0   155   193   284   325   275   350 0.90 -
KAI3430323.1         -            847 3106at3041           -            251   4.3e-27   94.2   0.2   3   3       2.4   1.3e+02    0.9   0.0   222   251   411   444   404   444 0.81 -
KAI3425001.1         -            561 3106at3041           -            251   1.9e-26   92.1   0.0   1   1   5.2e-28   2.9e-26   91.5   0.0     6   208   210   424   207   430 0.83 -
KAI3426094.1         -            659 3106at3041           -            251   2.6e-26   91.6   0.0   1   1   7.1e-28   3.9e-26   91.1   0.0     6   211    29   240    26   266 0.83 -
KAI3424231.1         -            409 3106at3041           -            251   4.1e-26   91.0   0.0   1   1   7.3e-27     4e-25   87.8   0.0     6   251    38   315    34   315 0.82 -
KAI3436682.1         -            761 3106at3041           -            251   1.4e-25   89.2   0.0   1   1   4.1e-27   2.2e-25   88.6   0.0    11   214    24   237    15   266 0.78 -
KAI3424454.1         -            396 3106at3041           -            251   3.1e-25   88.1   0.1   1   1   1.7e-26   9.1e-25   86.6   0.1    51   251    87   312    54   312 0.83 -
KAI3426244.1         -            685 3106at3041           -            251   1.7e-24   85.7   0.1   1   1   5.1e-26   2.8e-24   85.0   0.1    13   193    43   230    34   253 0.80 -
KAI3427965.1         -            399 3106at3041           -            251   2.2e-24   85.3   0.0   1   1   5.4e-26     3e-24   84.9   0.0    14   192   140   323   130   354 0.83 -
KAI3438061.1         -           1467 3106at3041           -            251     7e-24   83.7   0.1   1   2   1.2e-19   6.8e-18   64.1   0.1     3   147   773   922   771   926 0.85 -
KAI3438061.1         -           1467 3106at3041           -            251     7e-24   83.7   0.1   2   2   2.2e-05    0.0012   17.4   0.0   150   243  1003  1098   997  1105 0.78 -
KAI3433369.1         -            335 3106at3041           -            251   4.6e-23   81.0   0.0   1   1   1.1e-24   6.2e-23   80.6   0.0     6   250     7   261     4   262 0.79 -
KAI3435506.1         -            352 3106at3041           -            251   7.4e-23   80.3   0.0   1   1   1.9e-24     1e-22   79.8   0.0     6   248    12   271     9   274 0.79 -
KAI3438890.1         -            349 3106at3041           -            251   1.3e-22   79.5   0.0   1   1   3.1e-24   1.7e-22   79.2   0.0     6   251    12   275     9   275 0.81 -
KAI3424094.1         -            357 3106at3041           -            251   1.3e-22   79.5   0.0   1   1   9.2e-24   5.1e-22   77.6   0.0    19   251    36   298    19   298 0.73 -
KAI3437973.1         -            920 3106at3041           -            251   1.7e-22   79.1   0.2   1   2     1e-23   5.6e-22   77.4   0.0    28   226   618   831   590   852 0.73 -
KAI3437973.1         -            920 3106at3041           -            251   1.7e-22   79.1   0.2   2   2       9.7   5.4e+02   -1.1   0.0   231   251   889   909   875   909 0.72 -
KAI3424220.1         -           1128 3106at3041           -            251   1.8e-22   79.0   0.0   1   1   5.2e-24   2.9e-22   78.4   0.0     9   191   129   327   125   350 0.79 -
KAI3427061.1         -            691 3106at3041           -            251   6.3e-22   77.3   0.0   1   1   1.7e-23   9.6e-22   76.7   0.0     7   196    31   235    27   290 0.82 -
KAI3430720.1         -            704 3106at3041           -            251   1.4e-21   76.2   0.0   1   1   3.5e-23   1.9e-21   75.7   0.0     5   192    33   234    30   296 0.84 -
KAI3432672.1         -           1164 3106at3041           -            251   2.5e-21   75.3   0.0   1   1   8.5e-23   4.7e-21   74.4   0.0    13   212   113   329   105   357 0.73 -
KAI3432381.1         -            895 3106at3041           -            251   4.3e-21   74.6   0.0   1   1   1.2e-22   6.7e-21   73.9   0.0     7   251    78   333    72   333 0.80 -
KAI3432380.1         -            901 3106at3041           -            251   4.3e-21   74.5   0.0   1   1   1.2e-22   6.8e-21   73.9   0.0     7   251    78   333    72   333 0.80 -
KAI3436560.1         -            500 3106at3041           -            251     1e-20   73.3   0.5   1   1   3.7e-20     2e-18   65.8   0.1     7   211   168   404   165   411 0.68 -
KAI3425213.1         -            480 3106at3041           -            251   1.8e-20   72.5   0.0   1   1   5.7e-22   3.1e-20   71.7   0.0    14   249    27   273    18   275 0.72 -
KAI3426501.1         -           1315 3106at3041           -            251   2.1e-20   72.3   0.0   1   1   5.9e-22   3.3e-20   71.7   0.0    53   251   232   440   222   440 0.79 -
KAI3435734.1         -            481 3106at3041           -            251   2.2e-20   72.2   0.1   1   2   1.6e-17   8.9e-16   57.1   0.0     4   148    78   227    75   238 0.84 -
KAI3435734.1         -            481 3106at3041           -            251   2.2e-20   72.2   0.1   2   2   0.00047     0.026   13.0   0.0   160   238   278   359   264   369 0.70 -
KAI3435739.1         -           1590 3106at3041           -            251   2.2e-20   72.2   0.0   1   3   1.1e-06   6.3e-05   21.6   0.0     6    69   471   534   466   544 0.91 -
KAI3435739.1         -           1590 3106at3041           -            251   2.2e-20   72.2   0.0   2   3   7.8e-13   4.3e-11   41.8   0.0    79   148   783   856   778   862 0.85 -
KAI3435739.1         -           1590 3106at3041           -            251   2.2e-20   72.2   0.0   3   3      0.15       8.4    4.8   0.0   154   195   896   940   891   954 0.82 -
KAI3436536.1         -           1466 3106at3041           -            251   5.5e-20   70.9   0.1   1   3       1.1        59    2.0   0.0    13    71   414   469   407   478 0.77 -
KAI3436536.1         -           1466 3106at3041           -            251   5.5e-20   70.9   0.1   2   3   6.6e-10   3.6e-08   32.2   0.0   106   193   581   677   573   708 0.79 -
KAI3436536.1         -           1466 3106at3041           -            251   5.5e-20   70.9   0.1   3   3   7.6e-10   4.2e-08   32.0   0.0   106   193  1320  1416  1312  1440 0.79 -
KAI3435933.1         -            357 3106at3041           -            251   1.1e-19   70.0   0.0   1   1   2.5e-21   1.4e-19   69.6   0.0     5   238    14   258    11   274 0.71 -
KAI3424232.1         -            378 3106at3041           -            251   1.1e-19   69.9   0.0   1   1     3e-21   1.7e-19   69.3   0.0     7   251    34   305    28   305 0.77 -
KAI3436823.1         -            355 3106at3041           -            251   1.1e-19   69.9   0.0   1   1   2.9e-21   1.6e-19   69.4   0.0    37   195    72   236    61   259 0.81 -
KAI3428164.1         -           1127 3106at3041           -            251   1.3e-19   69.7   0.0   1   1   3.4e-21   1.9e-19   69.2   0.0    52   238   144   332    84   348 0.71 -
KAI3427399.1         -            823 3106at3041           -            251     2e-19   69.1   0.0   1   2     7e-10   3.9e-08   32.1   0.0   115   193     3    85     1   124 0.88 -
KAI3427399.1         -            823 3106at3041           -            251     2e-19   69.1   0.0   2   2   1.1e-10   6.3e-09   34.7   0.0   111   193   711   797   693   805 0.90 -
KAI3428796.1         -            594 3106at3041           -            251   2.1e-19   69.0   0.1   1   1   5.9e-21   3.3e-19   68.4   0.1    11   193   300   485   295   505 0.82 -
KAI3430849.1         -            744 3106at3041           -            251     3e-19   68.5   0.0   1   1   1.4e-20   7.9e-19   67.1   0.0    11   192   447   652   439   704 0.73 -
KAI3438615.1         -            708 3106at3041           -            251     5e-19   67.8   0.0   1   1   1.3e-20   7.2e-19   67.3   0.0     6   251   374   634   371   634 0.74 -
KAI3428723.1         -            613 3106at3041           -            251   8.5e-19   67.0   0.0   1   1   2.6e-20   1.4e-18   66.3   0.0    14   250   286   541   278   542 0.75 -
KAI3438488.1         -            661 3106at3041           -            251   9.6e-19   66.8   0.0   1   2   1.6e-19   8.8e-18   63.7   0.0    11   172    68   233    60   242 0.83 -
KAI3438488.1         -            661 3106at3041           -            251   9.6e-19   66.8   0.0   2   2       2.8   1.5e+02    0.7   0.0   174   194   255   275   247   294 0.80 -
KAI3423913.1         -           1182 3106at3041           -            251   1.9e-18   65.9   0.0   1   1   4.9e-20   2.7e-18   65.4   0.0    15   251   635   877   631   877 0.77 -
KAI3438381.1         -            523 3106at3041           -            251   3.1e-18   65.2   0.0   1   1     1e-19   5.7e-18   64.3   0.0    15   251    61   308    49   308 0.75 -
KAI3431754.1         -           1112 3106at3041           -            251   4.3e-18   64.7   0.0   1   1   1.5e-19   8.2e-18   63.8   0.0    10   192   856  1051   850  1057 0.85 -
KAI3424873.1         -           1375 3106at3041           -            251   5.8e-18   64.3   0.0   1   2     2e-05    0.0011   17.5   0.0     6    98   863   955   859   972 0.88 -
KAI3424873.1         -           1375 3106at3041           -            251   5.8e-18   64.3   0.0   2   2   1.1e-13     6e-12   44.6   0.0   106   249   984  1140   974  1142 0.74 -
KAI3431452.1         -            585 3106at3041           -            251   6.3e-18   64.2   0.0   1   1     2e-18   1.1e-16   60.1   0.0     6   171    13   186     9   231 0.73 -
KAI3438098.1         -            440 3106at3041           -            251   1.2e-17   63.3   0.0   1   1   8.4e-19   4.6e-17   61.3   0.0    13   193   156   348   151   359 0.76 -
KAI3432208.1         -           1280 3106at3041           -            251   1.3e-17   63.2   0.4   1   2   1.4e-18   7.5e-17   60.7   0.1    23   193   988  1171   970  1196 0.70 -
KAI3432208.1         -           1280 3106at3041           -            251   1.3e-17   63.2   0.4   2   2         6   3.3e+02   -0.4   0.0   225   251  1241  1271  1233  1271 0.67 -
KAI3431793.1         -            937 3106at3041           -            251   3.3e-17   61.8   0.0   1   1   9.2e-19   5.1e-17   61.2   0.0     5   238   592   835   589   850 0.74 -
KAI3426414.1         -            334 3106at3041           -            251   5.3e-17   61.1   0.0   1   1   1.5e-18     8e-17   60.6   0.0     6   192    19   221    15   231 0.78 -
KAI3430680.1         -            627 3106at3041           -            251   6.9e-17   60.8   0.0   1   1     3e-18   1.7e-16   59.5   0.0    43   194   352   509   313   551 0.77 -
KAI3426152.1         -            807 3106at3041           -            251   9.6e-17   60.3   0.0   1   1   1.6e-17   8.6e-16   57.2   0.0     7   147    27   177    23   311 0.87 -
KAI3437931.1         -           1225 3106at3041           -            251   9.7e-17   60.3   0.0   1   1   1.2e-17   6.4e-16   57.6   0.0    12   193    54   255    44   272 0.79 -
KAI3434633.1         -            429 3106at3041           -            251     1e-16   60.2   0.0   1   1   4.3e-18   2.3e-16   59.0   0.0     8   195    42   251    39   317 0.72 -
KAI3433566.1         -            804 3106at3041           -            251   1.2e-16   60.0   0.0   1   1     3e-18   1.7e-16   59.5   0.0    15   251   175   424   161   424 0.71 -
KAI3433311.1         -            580 3106at3041           -            251   1.7e-16   59.4   0.0   1   1   6.3e-18   3.5e-16   58.5   0.0    15   191   225   418   221   423 0.77 -
KAI3429786.1         -            346 3106at3041           -            251     2e-16   59.3   0.0   1   1   5.3e-18   2.9e-16   58.7   0.0     6   173    20   190    17   231 0.82 -
KAI3424807.1         -            421 3106at3041           -            251   4.7e-16   58.1   0.0   1   2   2.7e-14   1.5e-12   46.6   0.0     3   151    16   169    14   175 0.83 -
KAI3424807.1         -            421 3106at3041           -            251   4.7e-16   58.1   0.0   2   2    0.0061      0.34    9.4   0.0   158   193   266   303   258   355 0.83 -
KAI3430434.1         -           1619 3106at3041           -            251   6.9e-16   57.5   0.0   1   1   2.1e-17   1.1e-15   56.8   0.0    12   193  1354  1543  1350  1568 0.80 -
KAI3438617.1         -            372 3106at3041           -            251   8.6e-16   57.2   0.0   1   1   2.1e-17   1.1e-15   56.8   0.0     6   191    19   213    16   272 0.82 -
KAI3438616.1         -            390 3106at3041           -            251   1.1e-15   56.8   0.0   1   1   2.8e-17   1.6e-15   56.3   0.0     6   239    33   281    30   295 0.78 -
KAI3437840.1         -            525 3106at3041           -            251   3.2e-15   55.3   0.0   1   1   1.1e-16     6e-15   54.4   0.0    13   190    82   266    72   288 0.81 -
KAI3432247.1         -            668 3106at3041           -            251   4.1e-15   55.0   0.0   1   1   1.2e-16   6.7e-15   54.3   0.0     7   193    91   295    86   304 0.83 -
KAI3438948.1         -            958 3106at3041           -            251   5.3e-15   54.6   0.0   1   1   1.6e-16   8.8e-15   53.9   0.0     4   194   687   891   685   898 0.76 -
KAI3430778.1         -            941 3106at3041           -            251   6.9e-15   54.2   0.0   1   1   2.3e-16   1.3e-14   53.3   0.0    15   191   700   887   694   891 0.73 -
KAI3432641.1         -            720 3106at3041           -            251     8e-15   54.0   0.0   1   2       3.1   1.7e+02    0.5   0.0    16   101   385   468   378   477 0.65 -
KAI3432641.1         -            720 3106at3041           -            251     8e-15   54.0   0.0   2   2   1.2e-15   6.9e-14   50.9   0.0   108   193   505   592   489   616 0.89 -
KAI3437798.1         -           1078 3106at3041           -            251     1e-14   53.6   0.0   1   1   3.3e-16   1.8e-14   52.9   0.0    15   191   628   810   623   815 0.82 -
KAI3429881.1         -           1210 3106at3041           -            251   1.1e-14   53.5   0.0   1   1     4e-16   2.2e-14   52.6   0.0     9   192   887  1080   882  1087 0.82 -
KAI3432746.1         -           1044 3106at3041           -            251   1.7e-14   53.0   0.0   1   1   6.2e-16   3.4e-14   51.9   0.0    14   192   768   957   765   961 0.81 -
KAI3423877.1         -           1313 3106at3041           -            251   2.1e-14   52.7   0.1   1   1   6.7e-16   3.7e-14   51.8   0.1    13   191  1040  1229  1036  1232 0.81 -
KAI3432695.1         -           1355 3106at3041           -            251   3.1e-14   52.1   0.0   1   1     1e-15   5.7e-14   51.2   0.0    11   193   993  1189   984  1208 0.70 -
KAI3430797.1         -           1165 3106at3041           -            251   3.2e-14   52.0   0.0   1   1   8.7e-16   4.8e-14   51.5   0.0    43   192   861  1021   827  1048 0.77 -
KAI3431761.1         -            401 3106at3041           -            251   3.3e-14   52.0   0.0   1   1   1.4e-15   7.8e-14   50.8   0.0     7   188    14   219    11   281 0.73 -
KAI3432712.1         -           1038 3106at3041           -            251   4.4e-14   51.6   0.0   1   1   1.4e-15   7.7e-14   50.8   0.0    11   194   767   964   758   992 0.76 -
KAI3428563.1         -           1430 3106at3041           -            251   4.5e-14   51.5   0.0   1   1   1.5e-15     8e-14   50.7   0.0    50   193  1172  1340  1144  1362 0.77 -
KAI3430353.1         -           1103 3106at3041           -            251   4.7e-14   51.5   0.0   1   1   1.4e-15   7.8e-14   50.8   0.0    12   192   730   918   728   924 0.80 -
KAI3428747.1         -           1203 3106at3041           -            251   5.4e-14   51.3   0.0   1   1   1.6e-15   8.6e-14   50.6   0.0    14   194    43   239    32   264 0.74 -
KAI3428748.1         -           1204 3106at3041           -            251   5.4e-14   51.3   0.0   1   1   1.6e-15   8.6e-14   50.6   0.0    14   194    43   239    32   264 0.74 -
KAI3432704.1         -            771 3106at3041           -            251   6.3e-14   51.1   0.0   1   1     2e-15   1.1e-13   50.3   0.0    12   194   501   697   491   724 0.74 -
KAI3432708.1         -            771 3106at3041           -            251   6.3e-14   51.1   0.0   1   1     2e-15   1.1e-13   50.3   0.0    12   194   501   697   491   724 0.74 -
KAI3431698.1         -            627 3106at3041           -            251   6.9e-14   51.0   0.0   1   2    0.0015     0.081   11.4   0.0    14    72   273   331   265   359 0.89 -
KAI3431698.1         -            627 3106at3041           -            251   6.9e-14   51.0   0.0   2   2     2e-11   1.1e-09   37.2   0.0   102   192   453   554   414   593 0.73 -
KAI3429892.1         -           1056 3106at3041           -            251   7.3e-14   50.9   0.0   1   1     2e-15   1.1e-13   50.3   0.0    15   191   671   851   668   856 0.80 -
KAI3427363.1         -           1327 3106at3041           -            251     1e-13   50.4   0.0   1   1   3.1e-15   1.7e-13   49.7   0.0    10   195  1066  1256  1060  1263 0.77 -
KAI3436372.1         -           1420 3106at3041           -            251   1.2e-13   50.2   0.0   1   1   3.4e-15   1.9e-13   49.5   0.0    10   191     7   198     1   218 0.80 -
KAI3425767.1         -            739 3106at3041           -            251   1.2e-13   50.1   0.0   1   1   3.4e-15   1.9e-13   49.5   0.0     6   193    23   230    20   295 0.80 -
KAI3429522.1         -            544 3106at3041           -            251   1.3e-13   50.1   0.2   1   1   1.3e-14   7.2e-13   47.6   0.2     6   187    38   224    35   269 0.77 -
KAI3429401.1         -            754 3106at3041           -            251   1.3e-13   50.1   0.0   1   1   6.5e-14   3.6e-12   45.3   0.0   103   201   206   320    97   331 0.77 -
KAI3429894.1         -            924 3106at3041           -            251   1.4e-13   50.0   0.0   1   1   3.8e-15   2.1e-13   49.4   0.0    16   191   626   806   622   814 0.75 -
KAI3429523.1         -            558 3106at3041           -            251   1.4e-13   50.0   0.2   1   1   1.4e-14   7.6e-13   47.5   0.2     6   187    38   224    35   269 0.77 -
KAI3424978.1         -            757 3106at3041           -            251   1.5e-13   49.9   0.1   1   2   1.1e-06   6.2e-05   21.6   0.0     6   135    67   209    64   228 0.73 -
KAI3424978.1         -            757 3106at3041           -            251   1.5e-13   49.9   0.1   2   2   6.2e-08   3.4e-06   25.7   0.0   138   193   407   461   395   482 0.87 -
KAI3432698.1         -           1103 3106at3041           -            251   1.6e-13   49.7   0.0   1   1   5.8e-15   3.2e-13   48.8   0.0    11   194   741   938   732   965 0.72 -
KAI3432711.1         -            951 3106at3041           -            251   2.2e-13   49.3   0.0   1   1   6.6e-15   3.6e-13   48.6   0.0    12   194   590   786   580   813 0.73 -
KAI3437728.1         -            613 3106at3041           -            251   3.7e-13   48.5   0.0   1   1   1.2e-14   6.6e-13   47.7   0.0     6   193   119   318   116   334 0.79 -
KAI3431697.1         -            648 3106at3041           -            251   3.8e-13   48.5   0.0   1   2   7.7e-06   0.00042   18.9   0.0    15    71   272   328   264   338 0.91 -
KAI3431697.1         -            648 3106at3041           -            251   3.8e-13   48.5   0.0   2   2     2e-08   1.1e-06   27.4   0.0   104   189   482   578   467   585 0.77 -
KAI3432743.1         -            742 3106at3041           -            251   6.9e-13   47.7   0.0   1   1   3.3e-14   1.8e-12   46.3   0.0    10   193   387   585   384   590 0.76 -
KAI3433344.1         -            331 3106at3041           -            251     7e-13   47.6   0.0   1   2     0.051       2.8    6.4   0.0    46    75    16    45     8    50 0.85 -
KAI3433344.1         -            331 3106at3041           -            251     7e-13   47.6   0.0   2   2   4.8e-12   2.7e-10   39.2   0.0   105   200   150   252   139   273 0.76 -
KAI3425130.1         -           1101 3106at3041           -            251   7.5e-13   47.5   0.1   1   1   2.6e-14   1.4e-12   46.6   0.1    15   191   625   808   620   813 0.75 -
KAI3432258.1         -           1309 3106at3041           -            251   8.9e-13   47.3   0.0   1   1   2.4e-14   1.3e-12   46.8   0.0    10   192   675   857   668   867 0.81 -
KAI3425723.1         -           1046 3106at3041           -            251   1.6e-12   46.5   0.0   1   1     7e-14   3.9e-12   45.2   0.0    13   194   748   953   738   962 0.68 -
KAI3428335.1         -            698 3106at3041           -            251   1.9e-12   46.2   0.3   1   2   1.7e-05   0.00096   17.7   0.2     9   135   319   458   313   463 0.73 -
KAI3428335.1         -            698 3106at3041           -            251   1.9e-12   46.2   0.3   2   2   7.3e-08     4e-06   25.5   0.0   140   193   491   543   485   577 0.77 -
KAI3432701.1         -            637 3106at3041           -            251   2.3e-12   46.0   0.0   1   1   7.4e-14   4.1e-12   45.1   0.0    12   194   276   472   266   499 0.72 -
KAI3438102.1         -           1459 3106at3041           -            251   2.6e-12   45.8   0.0   1   1   1.8e-13     1e-11   43.9   0.0    12   193  1026  1235  1020  1242 0.64 -
KAI3428157.1         -            777 3106at3041           -            251   3.4e-12   45.4   0.0   1   1   1.4e-13   7.8e-12   44.2   0.0     9   193   415   614   413   618 0.76 -
KAI3426926.1         -            973 3106at3041           -            251   4.1e-12   45.1   0.0   1   1   1.4e-13   7.8e-12   44.2   0.0    99   206   196   315   191   326 0.76 -
KAI3428099.1         -            805 3106at3041           -            251   4.2e-12   45.1   0.0   1   1     6e-13   3.3e-11   42.2   0.0    13   210   469   678   460   689 0.71 -
KAI3425720.1         -            878 3106at3041           -            251   6.6e-12   44.4   0.0   1   1     3e-13   1.6e-11   43.2   0.0    12   194   589   795   580   798 0.63 -
KAI3425719.1         -           1009 3106at3041           -            251     8e-12   44.2   0.1   1   1   3.6e-13     2e-11   42.9   0.1    53   193   766   918   706   924 0.65 -
KAI3436197.1         -            684 3106at3041           -            251   1.6e-11   43.2   0.0   1   1     5e-13   2.8e-11   42.4   0.0     6   192   101   303    99   316 0.80 -
KAI3426335.1         -            906 3106at3041           -            251   2.1e-11   42.8   0.0   1   1   7.7e-13   4.2e-11   41.8   0.0    60   191   564   723   551   729 0.67 -
KAI3434951.1         -           1035 3106at3041           -            251   2.1e-11   42.8   0.0   1   1   6.5e-13   3.5e-11   42.1   0.0    47   187   230   385   172   432 0.77 -
KAI3424784.1         -           2126 3106at3041           -            251   3.1e-11   42.3   0.0   1   1   1.4e-12   7.5e-11   41.0   0.0    53   206   846  1015   822  1030 0.71 -
KAI3424785.1         -           2122 3106at3041           -            251   3.1e-11   42.3   0.0   1   1   1.2e-12   6.8e-11   41.1   0.0    53   206   842  1011   786  1027 0.74 -
KAI3424250.1         -           1098 3106at3041           -            251   3.9e-11   41.9   0.0   1   1   1.1e-12   6.2e-11   41.3   0.0    50   193    81   234    27   300 0.72 -
KAI3430255.1         -            711 3106at3041           -            251     4e-11   41.9   0.0   1   1   1.1e-12   6.2e-11   41.3   0.0    56   194   471   623   417   658 0.71 -
KAI3423962.1         -            930 3106at3041           -            251   4.6e-11   41.7   0.0   1   1   1.3e-12   7.4e-11   41.0   0.0    10   193   689   876   683   882 0.79 -
KAI3433944.1         -            933 3106at3041           -            251   5.8e-11   41.4   0.0   1   1   2.6e-12   1.4e-10   40.1   0.0    10   193   688   876   684   883 0.79 -
KAI3426096.1         -            850 3106at3041           -            251   7.2e-11   41.1   0.0   1   1   2.1e-12   1.1e-10   40.4   0.0    13   189    36   237    27   261 0.73 -
KAI3434780.1         -            811 3106at3041           -            251   7.7e-11   41.0   0.0   1   1   5.2e-12   2.9e-10   39.1   0.0    14   192   493   698   486   704 0.68 -
KAI3436090.1         -           1266 3106at3041           -            251   7.7e-11   41.0   0.0   1   1   2.7e-12   1.5e-10   40.0   0.0   104   194   951  1045   838  1076 0.73 -
KAI3428490.1         -           1048 3106at3041           -            251     8e-11   40.9   0.0   1   1   3.2e-12   1.8e-10   39.8   0.0    13   193   656   855   647   869 0.66 -
KAI3434599.1         -           1431 3106at3041           -            251   1.1e-10   40.5   0.0   1   2   0.00045     0.025   13.1   0.0     5    71   271   335   268   345 0.83 -
KAI3434599.1         -           1431 3106at3041           -            251   1.1e-10   40.5   0.0   2   2   9.6e-08   5.3e-06   25.1   0.0   107   192  1217  1311  1163  1320 0.79 -
KAI3431763.1         -            122 3106at3041           -            251   1.3e-10   40.2   0.0   1   1   2.5e-12   1.4e-10   40.1   0.0    98   159    15    74     4   103 0.81 -
KAI3433343.1         -            450 3106at3041           -            251   2.5e-10   39.3   0.0   1   1   1.7e-11   9.2e-10   37.4   0.0    11   192    51   236    43   247 0.74 -
KAI3435572.1         -            861 3106at3041           -            251   3.1e-10   39.0   0.0   1   1   9.3e-12   5.1e-10   38.3   0.0    16   194   568   750   554   768 0.80 -
KAI3427397.1         -            794 3106at3041           -            251   3.5e-10   38.8   0.0   1   1   1.9e-11     1e-09   37.3   0.0    98   193   612   711   551   721 0.74 -
KAI3434966.1         -            568 3106at3041           -            251   3.8e-10   38.7   0.0   1   1   1.1e-11   5.9e-10   38.1   0.0    10   193    94   289    85   359 0.69 -
KAI3434591.1         -            912 3106at3041           -            251   3.9e-10   38.7   0.0   1   1   1.2e-11   6.8e-10   37.9   0.0   102   192   602   694   534   702 0.72 -
KAI3430683.1         -            755 3106at3041           -            251   4.8e-10   38.4   0.0   1   1   1.6e-11   8.5e-10   37.5   0.0     2   193    94   284    93   309 0.78 -
KAI3428377.1         -            940 3106at3041           -            251     5e-10   38.3   0.0   1   1   1.5e-11     8e-10   37.6   0.0    20   190    99   279    90   299 0.76 -
KAI3434469.1         -           1247 3106at3041           -            251   5.4e-10   38.2   0.0   1   1   2.2e-11   1.2e-09   37.1   0.0    46   158   651   775   638   820 0.68 -
KAI3432306.1         -            339 3106at3041           -            251   7.1e-10   37.8   0.0   1   1   1.6e-11     9e-10   37.5   0.0    82   156    79   162     6   224 0.76 -
KAI3430307.1         -            405 3106at3041           -            251   7.3e-10   37.8   0.0   1   1   1.8e-11   9.8e-10   37.3   0.0     6   190    58   252    55   314 0.76 -
KAI3436537.1         -            541 3106at3041           -            251   9.2e-10   37.4   0.0   1   2       2.8   1.5e+02    0.7   0.0    15    69   205   256   199   267 0.74 -
KAI3436537.1         -            541 3106at3041           -            251   9.2e-10   37.4   0.0   2   2   1.8e-10   9.7e-09   34.1   0.0   106   193   370   466   361   492 0.79 -
KAI3427321.1         -            509 3106at3041           -            251   2.3e-09   36.1   0.0   1   1   8.5e-11   4.7e-09   35.1   0.0    98   154   306   362   296   383 0.86 -
KAI3432713.1         -            286 3106at3041           -            251   2.4e-09   36.0   0.0   1   1   6.3e-11   3.5e-09   35.5   0.0    92   174   133   216    37   235 0.73 -
KAI3427342.1         -           1250 3106at3041           -            251   2.6e-09   36.0   0.0   1   1     2e-10   1.1e-08   33.9   0.0    12   194   959  1164   950  1170 0.62 -
KAI3432354.1         -            504 3106at3041           -            251   2.9e-09   35.8   0.0   1   1   1.3e-10     7e-09   34.5   0.0     7   192   200   412   196   425 0.68 -
KAI3434745.1         -            589 3106at3041           -            251   2.9e-09   35.8   0.0   1   1   1.5e-10   8.1e-09   34.3   0.0     5   191    14   222    10   243 0.76 -
KAI3425961.1         -           1580 3106at3041           -            251   2.9e-09   35.8   0.0   1   1   1.6e-10   9.1e-09   34.2   0.0    11   193  1196  1403  1189  1435 0.66 -
KAI3432748.1         -            740 3106at3041           -            251   4.1e-09   35.3   0.0   1   1   4.3e-09   2.4e-07   29.5   0.0    15   192   457   671   453   685 0.74 -
KAI3436594.1         -            642 3106at3041           -            251   1.6e-08   33.4   0.0   1   1   5.9e-10   3.2e-08   32.4   0.0    53   224   410   594   360   602 0.70 -
KAI3430739.1         -           1066 3106at3041           -            251   1.8e-08   33.2   0.1   1   3   0.00055      0.03   12.8   0.0    12    69   792   848   788   852 0.91 -
KAI3430739.1         -           1066 3106at3041           -            251   1.8e-08   33.2   0.1   2   3     0.038       2.1    6.8   0.0   107   136   876   907   866   911 0.81 -
KAI3430739.1         -           1066 3106at3041           -            251   1.8e-08   33.2   0.1   3   3     0.005      0.27    9.7   0.0   120   193   920   994   917  1013 0.82 -
KAI3432880.1         -            811 3106at3041           -            251   1.9e-08   33.1   0.0   1   2      0.12       6.6    5.2   0.0    13    69   481   538   476   547 0.78 -
KAI3432880.1         -            811 3106at3041           -            251   1.9e-08   33.1   0.0   2   2   6.4e-08   3.5e-06   25.7   0.0   107   192   621   713   610   770 0.79 -
KAI3432881.1         -            816 3106at3041           -            251   1.9e-08   33.1   0.0   1   2      0.12       6.6    5.1   0.0    13    69   486   543   481   552 0.78 -
KAI3432881.1         -            816 3106at3041           -            251   1.9e-08   33.1   0.0   2   2   6.5e-08   3.6e-06   25.7   0.0   107   192   626   718   615   775 0.79 -
KAI3439126.1         -            816 3106at3041           -            251   2.3e-08   32.8   0.0   1   1   8.3e-10   4.6e-08   31.9   0.0    33   191   112   287    98   293 0.71 -
KAI3432762.1         -            778 3106at3041           -            251   2.4e-08   32.8   0.0   1   1   1.3e-09   6.9e-08   31.3   0.0    96   193   585   688   469   704 0.65 -
KAI3430497.1         -            815 3106at3041           -            251   2.6e-08   32.7   0.0   1   2   4.4e-07   2.4e-05   23.0   0.0    33   152   403   529   373   537 0.63 -
KAI3430497.1         -            815 3106at3041           -            251   2.6e-08   32.7   0.0   2   2     0.024       1.3    7.4   0.0   159   193   620   656   612   679 0.79 -
KAI3432561.1         -            711 3106at3041           -            251   7.6e-08   31.2   0.0   1   1     3e-09   1.7e-07   30.0   0.0    54   193   480   632   429   664 0.65 -
KAI3431261.1         -           1286 3106at3041           -            251   7.8e-08   31.1   0.0   1   1   3.2e-09   1.8e-07   30.0   0.0     9   194   908  1115   901  1141 0.67 -
KAI3434802.1         -            731 3106at3041           -            251   1.2e-07   30.5   0.0   1   2   0.00026     0.014   13.9   0.0    13   136   145   277   134   288 0.73 -
KAI3434802.1         -            731 3106at3041           -            251   1.2e-07   30.5   0.0   2   2   0.00017    0.0095   14.5   0.0   139   251   304   423   298   423 0.80 -
KAI3434801.1         -            733 3106at3041           -            251   1.2e-07   30.5   0.0   1   2   0.00026     0.014   13.9   0.0    13   136   145   277   134   288 0.73 -
KAI3434801.1         -            733 3106at3041           -            251   1.2e-07   30.5   0.0   2   2   0.00017    0.0095   14.5   0.0   139   251   304   423   298   423 0.80 -
KAI3436086.1         -            598 3106at3041           -            251   1.6e-07   30.0   0.0   1   1   7.4e-09   4.1e-07   28.8   0.0    54   193   367   519   316   549 0.65 -
KAI3430385.1         -            918 3106at3041           -            251   1.7e-07   30.0   0.0   1   1   9.9e-09   5.4e-07   28.4   0.0    13   193   610   811   600   815 0.67 -
KAI3432676.1         -            954 3106at3041           -            251   3.5e-07   29.0   0.0   1   1   1.4e-08   7.5e-07   27.9   0.0   102   193   772   869   713   873 0.75 -
KAI3432675.1         -            969 3106at3041           -            251   3.6e-07   28.9   0.0   1   1   1.4e-08   7.9e-07   27.8   0.0   102   193   787   884   730   888 0.76 -
KAI3436645.1         -            471 3106at3041           -            251   4.2e-07   28.7   0.3   1   3      0.68        38    2.7   0.0    30    68   110   149    94   157 0.75 -
KAI3436645.1         -            471 3106at3041           -            251   4.2e-07   28.7   0.3   2   3   1.1e-06   5.9e-05   21.7   0.0    97   149   204   262   191   280 0.78 -
KAI3436645.1         -            471 3106at3041           -            251   4.2e-07   28.7   0.3   3   3       4.2   2.3e+02    0.1   0.0   199   239   267   309   262   320 0.75 -
KAI3437672.1         -           1036 3106at3041           -            251   5.1e-07   28.5   0.0   1   1   1.6e-08   8.7e-07   27.7   0.0    54   194   838   983   796   994 0.74 -
KAI3431592.1         -           1004 3106at3041           -            251   5.5e-07   28.3   0.0   1   1   1.7e-08   9.3e-07   27.6   0.0   108   190   681   772   672   779 0.77 -
KAI3438918.1         -            815 3106at3041           -            251   6.5e-07   28.1   0.0   1   1   1.9e-08     1e-06   27.4   0.0    56   193   548   714   526   736 0.72 -
KAI3432747.1         -            877 3106at3041           -            251     2e-06   26.5   0.0   1   1   6.2e-08   3.4e-06   25.7   0.0   111   193   702   792   693   830 0.79 -
KAI3433302.1         -            735 3106at3041           -            251   2.5e-06   26.2   0.0   1   3       7.5   4.1e+02   -0.7   0.0   105   126   177   198   170   215 0.78 -
KAI3433302.1         -            735 3106at3041           -            251   2.5e-06   26.2   0.0   2   3       5.6   3.1e+02   -0.3   0.0    52    68   432   448   404   453 0.89 -
KAI3433302.1         -            735 3106at3041           -            251   2.5e-06   26.2   0.0   3   3   2.2e-06   0.00012   20.6   0.0   106   149   530   579   517   598 0.75 -
KAI3432278.1         -            541 3106at3041           -            251   2.7e-06   26.1   0.0   1   1   7.4e-08   4.1e-06   25.5   0.0     5   135   199   338   195   346 0.79 -
KAI3437833.1         -           1337 3106at3041           -            251   1.9e-05   23.3   0.0   1   1   6.3e-07   3.5e-05   22.4   0.0   109   193  1159  1250  1088  1253 0.82 -
KAI3437832.1         -           1359 3106at3041           -            251     2e-05   23.2   0.0   1   1   6.5e-07   3.6e-05   22.4   0.0   109   193  1181  1272  1110  1275 0.82 -
KAI3431777.1         -            757 3106at3041           -            251   2.2e-05   23.1   0.0   1   2       5.7   3.1e+02   -0.3   0.0    15    71   453   508   449   515 0.72 -
KAI3431777.1         -            757 3106at3041           -            251   2.2e-05   23.1   0.0   2   2   2.6e-06   0.00014   20.4   0.0    99   192   578   683   567   699 0.77 -
KAI3431775.1         -            544 3106at3041           -            251   3.2e-05   22.6   0.0   1   1   1.2e-06   6.4e-05   21.6   0.0   102   192   361   463   354   478 0.78 -
KAI3431776.1         -            545 3106at3041           -            251   3.2e-05   22.6   0.0   1   1   1.2e-06   6.4e-05   21.6   0.0   102   192   362   464   355   479 0.78 -
KAI3431344.1         -           1434 3106at3041           -            251     5e-05   21.9   0.0   1   1   1.6e-06   8.8e-05   21.1   0.0    62   150  1167  1265  1150  1298 0.67 -
KAI3424246.1         -            935 3106at3041           -            251   8.8e-05   21.1   0.0   1   1     4e-06   0.00022   19.8   0.0    94   193   191   309   185   316 0.72 -
KAI3436406.1         -            247 3106at3041           -            251   0.00017   20.2   0.0   1   1   4.5e-06   0.00025   19.6   0.0   111   192    69   163    55   176 0.76 -
KAI3430383.1         -            608 3106at3041           -            251   0.00022   19.8   0.1   1   2       5.2   2.9e+02   -0.2   0.0     7    32   148   173   144   186 0.80 -
KAI3430383.1         -            608 3106at3041           -            251   0.00022   19.8   0.1   2   2   4.9e-05    0.0027   16.3   0.0   102   149   268   316   262   331 0.84 -
KAI3429645.1         -            817 3106at3041           -            251   0.00031   19.3   0.0   1   1     9e-06    0.0005   18.7   0.0     7   152    18   178    14   185 0.66 -
KAI3424290.1         -           1202 3106at3041           -            251   0.00032   19.3   0.0   1   2      0.02       1.1    7.7   0.0    15    78   718   784   711   788 0.81 -
KAI3424290.1         -           1202 3106at3041           -            251   0.00032   19.3   0.0   2   2    0.0075      0.41    9.1   0.0   110   147   951   991   919  1018 0.80 -
KAI3432592.1         -           1169 3106at3041           -            251   0.00033   19.2   0.0   1   1   1.1e-05    0.0006   18.4   0.0    96   192   666   772   655   777 0.77 -
KAI3433572.1         -           1013 3106at3041           -            251   0.00044   18.8   0.0   1   1   1.4e-05   0.00075   18.1   0.0   102   148   168   215   157   241 0.83 -
KAI3438592.1         -            236 3106at3041           -            251    0.0005   18.6   0.0   1   1   1.2e-05   0.00068   18.2   0.0    90   149   106   170    75   184 0.76 -
KAI3436668.1         -            602 3106at3041           -            251   0.00053   18.6   0.0   1   1   5.1e-05    0.0028   16.2   0.0    12   151   347   493   338   505 0.64 -
KAI3428793.1         -            606 3106at3041           -            251   0.00093   17.8   0.0   1   1     5e-05    0.0028   16.2   0.0    33   152    70   200    39   210 0.66 -
KAI3433358.1         -            358 3106at3041           -            251    0.0015   17.0   0.0   1   1   6.1e-05    0.0034   15.9   0.0    95   190   165   260   155   270 0.73 -
KAI3437640.1         -            444 3106at3041           -            251     0.005   15.4   0.1   1   2       0.4        22    3.4   0.0   100   135   197   234   189   240 0.79 -
KAI3437640.1         -            444 3106at3041           -            251     0.005   15.4   0.1   2   2     0.011      0.62    8.5   0.0   157   188   329   365   303   373 0.77 -
KAI3436643.1         -           1517 3106at3041           -            251    0.0051   15.3   0.0   1   1   0.00017    0.0094   14.5   0.0    77   155   113   202   102   210 0.78 -
KAI3438322.1         -           1570 3106at3041           -            251    0.0066   15.0   0.0   1   2     0.011       0.6    8.6   0.0    61   137    79   158    65   169 0.75 -
KAI3438322.1         -           1570 3106at3041           -            251    0.0066   15.0   0.0   2   2      0.27        15    4.0   0.0   177   192   220   235   217   244 0.86 -
KAI3429301.1         -           1725 3106at3041           -            251    0.0068   14.9   0.0   1   2     0.089       4.9    5.6   0.0   108   134   727   753   722   761 0.86 -
KAI3429301.1         -           1725 3106at3041           -            251    0.0068   14.9   0.0   2   2      0.08       4.4    5.7   0.0   108   134  1567  1593  1562  1602 0.86 -
KAI3438614.1         -           1604 3106at3041           -            251     0.007   14.9   0.0   1   2   0.00073      0.04   12.4   0.0   160   195     1    38     1    92 0.74 -
KAI3438614.1         -           1604 3106at3041           -            251     0.007   14.9   0.0   2   2       5.5     3e+02   -0.3   0.0   171   197  1220  1246  1215  1252 0.84 -
KAI3432607.1         -            793 3106at3041           -            251     0.018   13.6   0.0   1   1   0.00059     0.033   12.7   0.0    58   193    70   226    57   246 0.67 -
KAI3431264.1         -           1690 3106at3041           -            251      0.11   11.0   0.0   1   1    0.0036       0.2   10.1   0.0   105   134  1494  1523  1484  1531 0.89 -
#
# Program:         hmmsearch
# Version:         3.1b2 (February 2015)
# Pipeline mode:   SEARCH
# Query file:      /Users/catrionaharrison/Documents/Bioinformatics/rp2/Data/genomes/busco/busco_downloads/lineages/chlorophyta_odb10/hmms/3106at3041.hmm
# Target file:     /Users/catrionaharrison/Documents/Bioinformatics/rp2/Data/genomes/busco/data/chlorella_vulgaris.prot.fasta
# Option settings: hmmsearch --domtblout /Users/catrionaharrison/Documents/Bioinformatics/rp2/Data/genomes/busco/Busco_vulgaris/run_chlorophyta_odb10/hmmer_output/initial_run_results/3106at3041.out --cpu 1 /Users/catrionaharrison/Documents/Bioinformatics/rp2/Data/genomes/busco/busco_downloads/lineages/chlorophyta_odb10/hmms/3106at3041.hmm /Users/catrionaharrison/Documents/Bioinformatics/rp2/Data/genomes/busco/data/chlorella_vulgaris.prot.fasta 
# Current dir:     /Users/catrionaharrison/Documents/Bioinformatics/rp2/Data/genomes/busco
# Date:            Fri Jul 22 15:32:36 2022
# [ok]
