#                                                                            --- full sequence --- -------------- this domain -------------   hmm coord   ali coord   env coord
# target name        accession   tlen query name           accession   qlen   E-value  score  bias   #  of  c-Evalue  i-Evalue  score  bias  from    to  from    to  from    to  acc description of target
#------------------- ---------- ----- -------------------- ---------- ----- --------- ------ ----- --- --- --------- --------- ------ ----- ----- ----- ----- ----- ----- ----- ---- ---------------------
KAI3424897.1         -            346 3587at3041           -            224   2.2e-93  311.3   6.4   1   2   1.2e-93     6e-91  303.3   2.6     5   217    78   320    75   324 0.91 -
KAI3424897.1         -            346 3587at3041           -            224   2.2e-93  311.3   6.4   2   2    0.0027       1.3    7.9   0.1   198   224   318   344   315   344 0.91 -
KAI3435692.1         -            310 3587at3041           -            224   6.7e-25   87.3   3.1   1   2   4.8e-07   0.00023   20.1   0.1     2    28    12    38    11    61 0.84 -
KAI3435692.1         -            310 3587at3041           -            224   6.7e-25   87.3   3.1   2   2     9e-21   4.4e-18   65.0   1.3    26   223    67   286    44   287 0.72 -
KAI3426413.1         -            337 3587at3041           -            224   1.4e-23   83.0   1.9   1   1   1.1e-24   5.1e-22   77.9   1.9     7   189    96   271    89   313 0.71 -
KAI3432677.1         -            407 3587at3041           -            224   5.8e-23   81.0   0.0   1   2    0.0036       1.8    7.4   0.0     6    27    50    71    46    84 0.85 -
KAI3432677.1         -            407 3587at3041           -            224   5.8e-23   81.0   0.0   2   2   1.2e-22   5.7e-20   71.2   0.0    59   185   178   300   142   305 0.89 -
KAI3434571.1         -            437 3587at3041           -            224   3.6e-18   65.3   0.5   1   2   3.4e-05     0.016   14.1   0.0     5    36    52    86    49   107 0.74 -
KAI3434571.1         -            437 3587at3041           -            224   3.6e-18   65.3   0.5   2   2     9e-16   4.4e-13   48.7   0.1    57   185   256   376   251   404 0.90 -
KAI3439126.1         -            816 3587at3041           -            224   6.1e-18   64.6   2.9   1   2    0.0013      0.61    9.0   0.0     3    28   509   534   507   542 0.87 -
KAI3439126.1         -            816 3587at3041           -            224   6.1e-18   64.6   2.9   2   2   1.1e-17   5.2e-15   55.0   1.0    72   221   623   767   608   770 0.81 -
KAI3430896.1         -            767 3587at3041           -            224     5e-17   61.6   7.9   1   2   0.00023      0.11   11.4   0.4     6    68   265   325   260   332 0.82 -
KAI3430896.1         -            767 3587at3041           -            224     5e-17   61.6   7.9   2   2   1.5e-16   7.2e-14   51.2   2.0    59   223   441   608   413   609 0.84 -
KAI3439041.1         -            738 3587at3041           -            224   2.9e-14   52.5   2.8   1   2       1.6   7.6e+02   -1.2   0.1   172   199   328   355   323   366 0.77 -
KAI3439041.1         -            738 3587at3041           -            224   2.9e-14   52.5   2.8   2   2   3.1e-15   1.5e-12   46.9   0.3     6   185   452   651   447   658 0.69 -
KAI3434509.1         -            430 3587at3041           -            224   8.2e-14   51.1   0.7   1   2   6.9e-05     0.034   13.1   0.0     5    28    52    75    49   137 0.84 -
KAI3434509.1         -            430 3587at3041           -            224   8.2e-14   51.1   0.7   2   2   7.8e-12   3.8e-09   35.8   0.3    60   185   268   385   238   398 0.84 -
KAI3439072.1         -            380 3587at3041           -            224   2.8e-11   42.8   4.2   1   1   7.4e-13   3.6e-10   39.1   4.2     7   185   127   319   123   376 0.67 -
KAI3431339.1         -            425 3587at3041           -            224     1e-10   40.9   7.5   1   3   4.2e-05      0.02   13.8   0.3     6    34    95   125    88   144 0.72 -
KAI3431339.1         -            425 3587at3041           -            224     1e-10   40.9   7.5   2   3   2.2e-05     0.011   14.7   0.7    26    93   153   211   130   241 0.74 -
KAI3431339.1         -            425 3587at3041           -            224     1e-10   40.9   7.5   3   3   2.2e-05     0.011   14.7   0.1    90   219   284   409   279   414 0.60 -
KAI3431854.1         -            588 3587at3041           -            224   2.4e-10   39.7   0.5   1   2      0.18        85    1.9   0.0     6    31   312   339   308   390 0.82 -
KAI3431854.1         -            588 3587at3041           -            224   2.4e-10   39.7   0.5   2   2     4e-11   1.9e-08   33.5   0.3    53   185   397   534   360   584 0.71 -
KAI3437721.1         -            915 3587at3041           -            224   4.1e-10   39.0   0.0   1   1   1.4e-12   6.6e-10   38.3   0.0     3   185   178   382   176   394 0.75 -
KAI3427043.1         -            767 3587at3041           -            224   6.6e-09   35.0   0.0   1   2      0.11        54    2.6   0.0     7    27    81   101    76   107 0.84 -
KAI3427043.1         -            767 3587at3041           -            224   6.6e-09   35.0   0.0   2   2     9e-10   4.4e-07   29.1   0.0    57   141   148   245   134   252 0.78 -
KAI3438057.1         -            379 3587at3041           -            224   2.6e-08   33.1   0.1   1   2   1.1e-07   5.1e-05   22.3   0.0     3   110    71   194    69   209 0.68 -
KAI3438057.1         -            379 3587at3041           -            224   2.6e-08   33.1   0.1   2   2    0.0016      0.78    8.6   0.0   153   185   247   284   240   332 0.83 -
KAI3438649.1         -            506 3587at3041           -            224   1.2e-06   27.6   1.9   1   3   5.3e-08   2.6e-05   23.3   0.1     4   113    53   172    51   190 0.75 -
KAI3438649.1         -            506 3587at3041           -            224   1.2e-06   27.6   1.9   2   3      0.15        72    2.2   0.0   173   222   234   291   225   293 0.67 -
KAI3438649.1         -            506 3587at3041           -            224   1.2e-06   27.6   1.9   3   3       1.3   6.5e+02   -0.9   0.0    39    69   470   502   467   505 0.65 -
KAI3433319.1         -            537 3587at3041           -            224   2.2e-06   26.7   0.1   1   2      0.51   2.5e+02    0.4   0.0     6    21   222   239   218   262 0.73 -
KAI3433319.1         -            537 3587at3041           -            224   2.2e-06   26.7   0.1   2   2   4.4e-08   2.1e-05   23.5   0.0    60   143   304   400   281   404 0.80 -
KAI3427209.1         -            622 3587at3041           -            224   1.2e-05   24.4   0.6   1   3     0.019         9    5.1   0.0     5    28   246   271   242   288 0.79 -
KAI3427209.1         -            622 3587at3041           -            224   1.2e-05   24.4   0.6   2   3   7.7e-06    0.0037   16.2   0.0    53   113   340   404   315   451 0.78 -
KAI3427209.1         -            622 3587at3041           -            224   1.2e-05   24.4   0.6   3   3       9.3   4.5e+03   -3.7   0.1    55    83   587   616   566   617 0.76 -
KAI3431346.1         -            443 3587at3041           -            224   1.3e-05   24.2   0.1   1   1   9.6e-08   4.7e-05   22.4   0.1     8   113    97   210    91   284 0.64 -
KAI3430416.1         -           1475 3587at3041           -            224   2.1e-05   23.5   0.1   1   2    0.0013      0.65    8.9   0.0     6    38   432   463   427   504 0.74 -
KAI3430416.1         -           1475 3587at3041           -            224   2.1e-05   23.5   0.1   2   2   0.00014      0.07   12.0   0.1    59   142   517   605   514   680 0.83 -
KAI3425919.1         -           1171 3587at3041           -            224   2.9e-05   23.1   0.4   1   1   1.2e-07   5.6e-05   22.2   0.4     5   185   913  1096   909  1145 0.69 -
KAI3438264.1         -            789 3587at3041           -            224   0.00097   18.1   0.0   1   2      0.26   1.3e+02    1.4   0.0     7    35    73   102    69   108 0.79 -
KAI3438264.1         -            789 3587at3041           -            224   0.00097   18.1   0.0   2   2   3.6e-05     0.017   14.0   0.0    56   109   142   198   129   243 0.84 -
KAI3424709.1         -            588 3587at3041           -            224     0.015   14.2   6.6   1   3    0.0003      0.15   11.0   0.9     5    86   225   323   221   330 0.60 -
KAI3424709.1         -            588 3587at3041           -            224     0.015   14.2   6.6   2   3     0.053        26    3.6   0.2    64   160   373   467   341   479 0.53 -
KAI3424709.1         -            588 3587at3041           -            224     0.015   14.2   6.6   3   3         3   1.5e+03   -2.1   0.0   176   185   525   534   522   583 0.55 -
#
# Program:         hmmsearch
# Version:         3.1b2 (February 2015)
# Pipeline mode:   SEARCH
# Query file:      /Users/catrionaharrison/Documents/Bioinformatics/rp2/Data/genomes/busco/busco_downloads/lineages/chlorophyta_odb10/hmms/3587at3041.hmm
# Target file:     /Users/catrionaharrison/Documents/Bioinformatics/rp2/Data/genomes/busco/data/chlorella_vulgaris.prot.fasta
# Option settings: hmmsearch --domtblout /Users/catrionaharrison/Documents/Bioinformatics/rp2/Data/genomes/busco/Busco_vulgaris/run_chlorophyta_odb10/hmmer_output/initial_run_results/3587at3041.out --cpu 1 /Users/catrionaharrison/Documents/Bioinformatics/rp2/Data/genomes/busco/busco_downloads/lineages/chlorophyta_odb10/hmms/3587at3041.hmm /Users/catrionaharrison/Documents/Bioinformatics/rp2/Data/genomes/busco/data/chlorella_vulgaris.prot.fasta 
# Current dir:     /Users/catrionaharrison/Documents/Bioinformatics/rp2/Data/genomes/busco
# Date:            Fri Jul 22 15:35:08 2022
# [ok]
