#                                                                            --- full sequence --- -------------- this domain -------------   hmm coord   ali coord   env coord
# target name        accession   tlen query name           accession   qlen   E-value  score  bias   #  of  c-Evalue  i-Evalue  score  bias  from    to  from    to  from    to  acc description of target
#------------------- ---------- ----- -------------------- ---------- ----- --------- ------ ----- --- --- --------- --------- ------ ----- ----- ----- ----- ----- ----- ----- ---- ---------------------
KAI3430489.1         -            486 3692at3041           -            248   3.7e-94  313.7  22.3   1   1   3.4e-95   3.5e-92  307.3  22.3     2   246   108   413   107   428 0.81 -
KAI3426187.1         -           1155 3692at3041           -            248   3.8e-50  169.6   0.4   1   1   3.3e-52   3.4e-49  166.4   0.4     4   201   150   394   147   401 0.74 -
KAI3433776.1         -            518 3692at3041           -            248   7.4e-47  158.8   0.3   1   1   1.8e-49   1.8e-46  157.5   0.3     8   214   163   406   155   425 0.77 -
KAI3433775.1         -            547 3692at3041           -            248   8.2e-47  158.6   0.3   1   1     2e-49     2e-46  157.3   0.3     8   214   163   406   155   425 0.77 -
KAI3426057.1         -            514 3692at3041           -            248   8.1e-17   60.4   2.6   1   2      0.17   1.7e+02    0.4   0.0     6    32    42    68    37    77 0.80 -
KAI3426057.1         -            514 3692at3041           -            248   8.1e-17   60.4   2.6   2   2   9.2e-18   9.4e-15   53.6   2.5    99   201   228   345   223   359 0.78 -
KAI3427040.1         -           1918 3692at3041           -            248   9.4e-08   30.7   0.0   1   1   1.8e-10   1.8e-07   29.7   0.0   102   203   251   359   242   384 0.81 -
KAI3438998.1         -            477 3692at3041           -            248   6.1e-07   28.0   0.3   1   4      0.12   1.2e+02    0.9   0.0     6    39    31    67    27    88 0.74 -
KAI3438998.1         -            477 3692at3041           -            248   6.1e-07   28.0   0.3   2   4       1.8   1.8e+03   -3.0   0.0   226   239    93   106    82   113 0.60 -
KAI3438998.1         -            477 3692at3041           -            248   6.1e-07   28.0   0.3   3   4    0.0002       0.2   10.0   0.0   103   148   249   293   242   298 0.84 -
KAI3438998.1         -            477 3692at3041           -            248   6.1e-07   28.0   0.3   4   4   2.8e-05     0.029   12.7   0.0   164   205   390   433   380   445 0.79 -
KAI3424756.1         -            612 3692at3041           -            248   8.6e-05   21.0   0.0   1   2      0.77   7.8e+02   -1.8   0.0    10    41   330   362   324   368 0.78 -
KAI3424756.1         -            612 3692at3041           -            248   8.6e-05   21.0   0.0   2   2     1e-06     0.001   17.5   0.1   105   191   506   606   500   610 0.71 -
KAI3433610.1         -            480 3692at3041           -            248   0.00053   18.4   0.1   1   1   5.6e-06    0.0057   15.0   0.1   111   190   171   267   162   274 0.64 -
KAI3427056.1         -            493 3692at3041           -            248   0.00087   17.7   0.0   1   2   0.00018      0.18   10.1   0.0   107   144   143   179   134   202 0.77 -
KAI3427056.1         -            493 3692at3041           -            248   0.00087   17.7   0.0   2   2    0.0058       5.9    5.1   0.0   167   184   329   346   322   356 0.85 -
KAI3427328.1         -            558 3692at3041           -            248       3.3    6.0   6.4   1   1    0.0068       6.9    4.9   6.4   220   247    29    56     3    57 0.79 -
#
# Program:         hmmsearch
# Version:         3.1b2 (February 2015)
# Pipeline mode:   SEARCH
# Query file:      /Users/catrionaharrison/Documents/Bioinformatics/rp2/Data/genomes/busco/busco_downloads/lineages/chlorophyta_odb10/hmms/3692at3041.hmm
# Target file:     /Users/catrionaharrison/Documents/Bioinformatics/rp2/Data/genomes/busco/data/chlorella_vulgaris.prot.fasta
# Option settings: hmmsearch --domtblout /Users/catrionaharrison/Documents/Bioinformatics/rp2/Data/genomes/busco/Busco_vulgaris/run_chlorophyta_odb10/hmmer_output/initial_run_results/3692at3041.out --cpu 1 /Users/catrionaharrison/Documents/Bioinformatics/rp2/Data/genomes/busco/busco_downloads/lineages/chlorophyta_odb10/hmms/3692at3041.hmm /Users/catrionaharrison/Documents/Bioinformatics/rp2/Data/genomes/busco/data/chlorella_vulgaris.prot.fasta 
# Current dir:     /Users/catrionaharrison/Documents/Bioinformatics/rp2/Data/genomes/busco
# Date:            Fri Jul 22 15:35:42 2022
# [ok]
