#                                                                            --- full sequence --- -------------- this domain -------------   hmm coord   ali coord   env coord
# target name        accession   tlen query name           accession   qlen   E-value  score  bias   #  of  c-Evalue  i-Evalue  score  bias  from    to  from    to  from    to  acc description of target
#------------------- ---------- ----- -------------------- ---------- ----- --------- ------ ----- --- --- --------- --------- ------ ----- ----- ----- ----- ----- ----- ----- ---- ---------------------
KAI3425821.1         -            654 3954at3041           -            373  1.4e-155  517.2  17.5   1   5   1.3e-29   2.9e-27   94.9   0.1     6    82    22   108    16   117 0.85 -
KAI3425821.1         -            654 3954at3041           -            373  1.4e-155  517.2  17.5   2   5     2e-32   4.5e-30  104.2   0.5    69   153   116   210   108   213 0.89 -
KAI3425821.1         -            654 3954at3041           -            373  1.4e-155  517.2  17.5   3   5   8.8e-37     2e-34  118.5   0.4   158   235   255   333   249   337 0.95 -
KAI3425821.1         -            654 3954at3041           -            373  1.4e-155  517.2  17.5   4   5     1e-27   2.3e-25   88.7   0.1   233   293   363   424   361   448 0.88 -
KAI3425821.1         -            654 3954at3041           -            373  1.4e-155  517.2  17.5   5   5   2.6e-37   5.8e-35  120.3   0.2   287   373   473   564   469   564 0.92 -
KAI3428318.1         -            467 3954at3041           -            373     8e-50  169.2   1.9   1   2   9.4e-16   2.1e-13   49.3   0.0     7    72    40   109    37   121 0.86 -
KAI3428318.1         -            467 3954at3041           -            373     8e-50  169.2   1.9   2   2   7.7e-37   1.7e-34  118.7   0.7    54   297   119   374   108   407 0.82 -
KAI3424955.1         -            904 3954at3041           -            373   6.8e-49  166.1   6.3   1   2   3.5e-16   7.7e-14   50.7   0.2     7    72   292   364   288   376 0.85 -
KAI3424955.1         -            904 3954at3041           -            373   6.8e-49  166.1   6.3   2   2   1.4e-35   3.2e-33  114.5   2.6    61   288   379   625   360   696 0.79 -
KAI3424954.1         -            903 3954at3041           -            373   6.8e-49  166.1   6.3   1   2   3.5e-16   7.7e-14   50.7   0.2     7    72   292   364   288   376 0.85 -
KAI3424954.1         -            903 3954at3041           -            373   6.8e-49  166.1   6.3   2   2   1.4e-35   3.2e-33  114.5   2.6    61   288   379   625   360   696 0.79 -
KAI3430868.1         -            812 3954at3041           -            373   2.7e-46  157.5   0.4   1   2   8.9e-16     2e-13   49.4   0.0    10    72   173   242   165   248 0.86 -
KAI3430868.1         -            812 3954at3041           -            373   2.7e-46  157.5   0.4   2   2   3.3e-32   7.4e-30  103.5   0.1    74   298   267   508   260   548 0.82 -
KAI3428167.1         -            559 3954at3041           -            373   2.5e-45  154.3   0.0   1   2   1.9e-13   4.2e-11   41.7   0.0     7    70   150   222   143   235 0.78 -
KAI3428167.1         -            559 3954at3041           -            373   2.5e-45  154.3   0.0   2   2   4.2e-34   9.5e-32  109.7   0.0    74   295   251   488   244   496 0.83 -
KAI3436614.1         -            489 3954at3041           -            373   9.1e-45  152.5   3.0   1   2   1.7e-16   3.7e-14   51.8   0.0     7    71    78   146    73   154 0.87 -
KAI3436614.1         -            489 3954at3041           -            373   9.1e-45  152.5   3.0   2   2   5.9e-31   1.3e-28   99.3   1.1    49   317   152   440   145   456 0.75 -
KAI3438640.1         -            409 3954at3041           -            373     1e-43  149.1   3.6   1   2   2.4e-19   5.4e-17   61.1   0.1     7    83    56   139    50   150 0.86 -
KAI3438640.1         -            409 3954at3041           -            373     1e-43  149.1   3.6   2   2   1.1e-27   2.5e-25   88.6   0.9    73   288   151   379   141   391 0.83 -
KAI3424136.1         -            610 3954at3041           -            373   1.4e-43  148.6   0.7   1   2   1.5e-14   3.3e-12   45.4   0.1     6    81   212   297   207   302 0.80 -
KAI3424136.1         -            610 3954at3041           -            373   1.4e-43  148.6   0.7   2   2   7.1e-31   1.6e-28   99.1   0.0    72   287   314   547   304   563 0.80 -
KAI3433563.1         -           1195 3954at3041           -            373     4e-43  147.1   0.4   1   2   1.1e-12   2.4e-10   39.2   0.1     7    74   379   455   372   484 0.79 -
KAI3433563.1         -           1195 3954at3041           -            373     4e-43  147.1   0.4   2   2   6.6e-33   1.5e-30  105.8   0.0    76   295   493   719   467   734 0.82 -
KAI3431332.1         -            670 3954at3041           -            373   5.9e-43  146.6   0.0   1   2   2.1e-13   4.8e-11   41.6   0.0     5    68   198   274   194   290 0.81 -
KAI3431332.1         -            670 3954at3041           -            373   5.9e-43  146.6   0.0   2   2   7.2e-32   1.6e-29  102.3   0.0    71   293   302   542   280   552 0.79 -
KAI3436811.1         -            656 3954at3041           -            373   1.5e-41  141.9   2.9   1   2     3e-11   6.7e-09   34.5   0.0     6    70   227   302   221   312 0.75 -
KAI3436811.1         -            656 3954at3041           -            373   1.5e-41  141.9   2.9   2   2   2.5e-33   5.6e-31  107.1   0.1    66   287   331   565   316   583 0.82 -
KAI3428168.1         -            601 3954at3041           -            373   3.3e-41  140.8   0.0   1   3   2.1e-13   4.7e-11   41.6   0.0     7    70   150   222   143   235 0.78 -
KAI3428168.1         -            601 3954at3041           -            373   3.3e-41  140.8   0.0   2   3   2.9e-16   6.4e-14   51.0   0.0    74   243   251   441   244   447 0.79 -
KAI3428168.1         -            601 3954at3041           -            373   3.3e-41  140.8   0.0   3   3   5.1e-14   1.1e-11   43.6   0.0   246   295   480   530   478   538 0.88 -
KAI3429374.1         -            404 3954at3041           -            373   2.5e-40  137.9   3.5   1   2   6.8e-12   1.5e-09   36.6   0.7     7    78    52   126    49   146 0.80 -
KAI3429374.1         -            404 3954at3041           -            373   2.5e-40  137.9   3.5   2   2   1.1e-31   2.5e-29  101.7   0.1    74   293   148   382   135   395 0.80 -
KAI3430456.1         -            901 3954at3041           -            373   6.1e-39  133.4   0.3   1   2   3.8e-15   8.5e-13   47.3   0.0     5    69    86   158    82   165 0.85 -
KAI3430456.1         -            901 3954at3041           -            373   6.1e-39  133.4   0.3   2   2   6.1e-26   1.4e-23   82.8   0.1    65   332   178   470   174   486 0.73 -
KAI3424054.1         -            437 3954at3041           -            373   4.1e-37  127.3   0.6   1   2   9.3e-12   2.1e-09   36.2   0.0     7    68    67   132    63   144 0.88 -
KAI3424054.1         -            437 3954at3041           -            373   4.1e-37  127.3   0.6   2   2   6.2e-28   1.4e-25   89.4   0.2    70   288   163   405   152   419 0.79 -
KAI3424785.1         -           2122 3954at3041           -            373   4.5e-37  127.2   0.4   1   2   5.9e-11   1.3e-08   33.5   0.1     7    85  1770  1851  1766  1864 0.81 -
KAI3424785.1         -           2122 3954at3041           -            373   4.5e-37  127.2   0.4   2   2     1e-28   2.3e-26   92.0   0.0    71   289  1863  2099  1853  2118 0.80 -
KAI3424784.1         -           2126 3954at3041           -            373   4.6e-37  127.2   0.4   1   2   5.9e-11   1.3e-08   33.5   0.1     7    85  1774  1855  1770  1868 0.81 -
KAI3424784.1         -           2126 3954at3041           -            373   4.6e-37  127.2   0.4   2   2     1e-28   2.3e-26   92.0   0.0    71   289  1867  2103  1857  2122 0.80 -
KAI3438725.1         -            628 3954at3041           -            373     5e-37  127.0   3.1   1   2   4.1e-10   9.2e-08   30.7   0.1     7    50   171   214   165   218 0.92 -
KAI3438725.1         -            628 3954at3041           -            373     5e-37  127.0   3.1   2   2   1.8e-29   4.1e-27   94.4   0.8    76   288   305   533   252   544 0.79 -
KAI3429738.1         -            888 3954at3041           -            373   7.4e-37  126.5   1.0   1   2   8.9e-13     2e-10   39.5   0.0     6    70   487   565   482   579 0.79 -
KAI3429738.1         -            888 3954at3041           -            373   7.4e-37  126.5   1.0   2   2   1.5e-25   3.3e-23   81.6   0.4    63   297   586   849   565   856 0.76 -
KAI3438420.1         -            686 3954at3041           -            373   1.4e-36  125.6   0.1   1   2   1.3e-12   2.9e-10   39.0   0.0    11    69   109   182   104   195 0.80 -
KAI3438420.1         -            686 3954at3041           -            373   1.4e-36  125.6   0.1   2   2   2.5e-25   5.5e-23   80.8   0.0    71   287   209   445   200   457 0.73 -
KAI3434557.1         -            583 3954at3041           -            373   1.6e-36  125.4   0.2   1   3   1.8e-13     4e-11   41.8   0.1     6    67    24    94    19   103 0.81 -
KAI3434557.1         -            583 3954at3041           -            373   1.6e-36  125.4   0.2   2   3   4.8e-15   1.1e-12   47.0   0.0    42   153    98   214    95   221 0.86 -
KAI3434557.1         -            583 3954at3041           -            373   1.6e-36  125.4   0.2   3   3   6.4e-11   1.4e-08   33.4   0.0   242   297   337   393   238   403 0.88 -
KAI3438600.1         -            560 3954at3041           -            373   1.8e-36  125.2   0.6   1   2   2.7e-14     6e-12   44.5   0.0     8    69    96   165    90   191 0.80 -
KAI3438600.1         -            560 3954at3041           -            373   1.8e-36  125.2   0.6   2   2   5.1e-24   1.1e-21   76.5   0.1    74   305   195   445   182   511 0.73 -
KAI3431711.1         -           1011 3954at3041           -            373     2e-36  125.1   1.0   1   2   3.8e-16   8.5e-14   50.6   0.1     7    70    72   141    65   147 0.82 -
KAI3431711.1         -           1011 3954at3041           -            373     2e-36  125.1   1.0   2   2   6.1e-23   1.4e-20   73.0   0.1    48   290   147   403   139   410 0.82 -
KAI3438950.1         -            632 3954at3041           -            373   1.5e-35  122.2   0.1   1   3   3.6e-16   8.1e-14   50.7   0.0     9    69    87   155    82   169 0.87 -
KAI3438950.1         -            632 3954at3041           -            373   1.5e-35  122.2   0.1   2   3   2.2e-11   4.9e-09   34.9   0.0    75   147   186   266   173   280 0.81 -
KAI3438950.1         -            632 3954at3041           -            373   1.5e-35  122.2   0.1   3   3   9.4e-11   2.1e-08   32.9   0.0   242   295   375   429   314   438 0.82 -
KAI3429249.1         -           1083 3954at3041           -            373   1.7e-34  118.7   0.3   1   3   3.9e-17   8.7e-15   53.9   0.1     7    68   504   575   498   585 0.83 -
KAI3429249.1         -           1083 3954at3041           -            373   1.7e-34  118.7   0.3   2   3     1e-07   2.3e-05   22.9   0.0    74   152   607   701   597   713 0.73 -
KAI3429249.1         -           1083 3954at3041           -            373   1.7e-34  118.7   0.3   3   3   2.3e-12   5.2e-10   38.1   0.0   205   297   836   922   826   930 0.77 -
KAI3438571.1         -            786 3954at3041           -            373   1.3e-32  112.5   0.6   1   2   8.9e-13     2e-10   39.5   0.0    10    68   169   238   162   248 0.82 -
KAI3438571.1         -            786 3954at3041           -            373   1.3e-32  112.5   0.6   2   2   2.1e-20   4.6e-18   64.6   0.5    70   288   265   518   251   531 0.73 -
KAI3427012.1         -            617 3954at3041           -            373   2.8e-32  111.4   2.7   1   3   2.7e-13     6e-11   41.2   0.4     6    85    91   164    87   179 0.87 -
KAI3427012.1         -            617 3954at3041           -            373   2.8e-32  111.4   2.7   2   3   4.8e-07   0.00011   20.7   0.0    68   141   199   282   193   291 0.80 -
KAI3427012.1         -            617 3954at3041           -            373   2.8e-32  111.4   2.7   3   3   3.4e-15   7.6e-13   47.5   0.1   171   297   423   544   401   577 0.87 -
KAI3431312.1         -            580 3954at3041           -            373   6.3e-31  107.0   0.4   1   3     1e-11   2.3e-09   36.0   0.1     6    69    60   138    55   150 0.76 -
KAI3431312.1         -            580 3954at3041           -            373   6.3e-31  107.0   0.4   2   3   5.7e-10   1.3e-07   30.3   0.0    74   140   168   243   160   271 0.83 -
KAI3431312.1         -            580 3954at3041           -            373   6.3e-31  107.0   0.4   3   3   6.7e-12   1.5e-09   36.6   0.0   176   297   295   418   276   436 0.82 -
KAI3429552.1         -            768 3954at3041           -            373   3.6e-29  101.2   0.3   1   4   3.2e-11   7.1e-09   34.4   0.0     7    48    24    65    18    71 0.92 -
KAI3429552.1         -            768 3954at3041           -            373   3.6e-29  101.2   0.3   2   4     0.006       1.3    7.2   0.1    48    74   295   321   280   344 0.82 -
KAI3429552.1         -            768 3954at3041           -            373   3.6e-29  101.2   0.3   3   4   2.2e-06   0.00048   18.5   0.0    72   153   347   442   327   457 0.80 -
KAI3429552.1         -            768 3954at3041           -            373   3.6e-29  101.2   0.3   4   4   1.1e-11   2.5e-09   35.9   0.0   201   286   558   637   515   650 0.89 -
KAI3436237.1         -            956 3954at3041           -            373   4.3e-29  100.9   1.6   1   3   5.8e-11   1.3e-08   33.6   0.3     7    70   212   293   208   305 0.76 -
KAI3436237.1         -            956 3954at3041           -            373   4.3e-29  100.9   1.6   2   3   0.00091       0.2    9.9   0.0    70   121   318   378   299   397 0.80 -
KAI3436237.1         -            956 3954at3041           -            373   4.3e-29  100.9   1.6   3   3   7.9e-17   1.8e-14   52.9   0.1   177   297   556   671   544   675 0.92 -
KAI3430318.1         -            595 3954at3041           -            373   5.3e-29  100.6   0.9   1   3   3.4e-10   7.6e-08   31.0   0.1    15    73   119   182   109   194 0.80 -
KAI3430318.1         -            595 3954at3041           -            373   5.3e-29  100.6   0.9   2   3    0.0014      0.32    9.2   0.0    67   124   202   266   184   269 0.80 -
KAI3430318.1         -            595 3954at3041           -            373   5.3e-29  100.6   0.9   3   3   4.8e-18   1.1e-15   56.9   0.1   164   299   359   492   297   500 0.72 -
KAI3436127.1         -           1124 3954at3041           -            373   2.4e-28   98.5   3.9   1   3   6.5e-12   1.5e-09   36.7   0.3     6    72    36   106    32   112 0.89 -
KAI3436127.1         -           1124 3954at3041           -            373   2.4e-28   98.5   3.9   2   3   8.8e-07    0.0002   19.8   0.1    74   143   136   212   125   222 0.81 -
KAI3436127.1         -           1124 3954at3041           -            373   2.4e-28   98.5   3.9   3   3   2.4e-13   5.3e-11   41.4   0.0   242   292   352   404   341   412 0.87 -
KAI3439125.1         -            528 3954at3041           -            373   1.9e-27   95.5   2.0   1   1   5.5e-27   1.2e-24   86.3   2.0     6   287   144   487   139   497 0.73 -
KAI3438923.1         -            605 3954at3041           -            373   9.3e-23   80.1   0.2   1   1   3.2e-24   7.2e-22   77.2   0.2   108   297     2   202     1   209 0.83 -
KAI3430622.1         -            558 3954at3041           -            373   1.7e-22   79.2   0.4   1   4   5.1e-13   1.1e-10   40.3   0.0     7    48    18    59    12    71 0.91 -
KAI3430622.1         -            558 3954at3041           -            373   1.7e-22   79.2   0.4   2   4      0.37        83    1.3   0.0    51    70    96   115    93   126 0.84 -
KAI3430622.1         -            558 3954at3041           -            373   1.7e-22   79.2   0.4   3   4    0.0012      0.28    9.4   0.0    95   122   179   206   142   218 0.85 -
KAI3430622.1         -            558 3954at3041           -            373   1.7e-22   79.2   0.4   4   4   1.2e-07   2.6e-05   22.7   0.0   242   287   441   487   420   498 0.92 -
KAI3429427.1         -            602 3954at3041           -            373   6.2e-20   70.8   0.1   1   3   4.1e-13   9.3e-11   40.6   0.0     8    77   130   210   125   217 0.82 -
KAI3429427.1         -            602 3954at3041           -            373   6.2e-20   70.8   0.1   2   3       1.3   2.8e+02   -0.5   0.0    74   103   252   290   234   312 0.61 -
KAI3429427.1         -            602 3954at3041           -            373   6.2e-20   70.8   0.1   3   3   1.3e-08     3e-06   25.8   0.0   242   296   502   559   498   565 0.86 -
KAI3435624.1         -            534 3954at3041           -            373   2.8e-16   58.8   4.7   1   3   1.2e-09   2.6e-07   29.2   0.3     7    69   109   187   105   215 0.75 -
KAI3435624.1         -            534 3954at3041           -            373   2.8e-16   58.8   4.7   2   3   5.5e-05     0.012   13.9   0.0    73   137   217   289   205   295 0.82 -
KAI3435624.1         -            534 3954at3041           -            373   2.8e-16   58.8   4.7   3   3   1.7e-05    0.0037   15.6   0.1   242   287   433   480   430   497 0.79 -
KAI3438924.1         -            438 3954at3041           -            373   1.7e-14   52.9   0.4   1   2   1.6e-16   3.6e-14   51.8   0.1     7    71   302   375   295   386 0.83 -
KAI3438924.1         -            438 3954at3041           -            373   1.7e-14   52.9   0.4   2   2       7.2   1.6e+03   -3.0   0.0    72    91   401   420   393   425 0.81 -
KAI3435708.1         -            828 3954at3041           -            373   1.5e-10   39.9   0.1   1   3   0.00013     0.029   12.7   0.0    12    78    41   106    36   116 0.76 -
KAI3435708.1         -            828 3954at3041           -            373   1.5e-10   39.9   0.1   2   3       8.3   1.8e+03   -3.2   0.0    92   139   156   207   142   221 0.63 -
KAI3435708.1         -            828 3954at3041           -            373   1.5e-10   39.9   0.1   3   3     4e-08   8.9e-06   24.2   0.0   190   291   303   398   290   416 0.85 -
KAI3425882.1         -            815 3954at3041           -            373   5.3e-08   31.5   0.1   1   3     1e-05    0.0023   16.3   0.1    10    73   281   343   275   366 0.78 -
KAI3425882.1         -            815 3954at3041           -            373   5.3e-08   31.5   0.1   2   3      0.53   1.2e+02    0.8   0.0    90   148   400   463   377   479 0.74 -
KAI3425882.1         -            815 3954at3041           -            373   5.3e-08   31.5   0.1   3   3   0.00064      0.14   10.4   0.0   212   293   549   624   523   648 0.77 -
KAI3423436.1         -            976 3954at3041           -            373   6.3e-08   31.3   0.2   1   2     8e-06    0.0018   16.6   0.0    11    73    40   101    35   132 0.84 -
KAI3423436.1         -            976 3954at3041           -            373   6.3e-08   31.3   0.2   2   2   0.00016     0.036   12.4   0.0   200   300   280   374   276   392 0.81 -
KAI3427393.1         -            720 3954at3041           -            373   3.1e-07   29.0   0.0   1   2   0.00067      0.15   10.3   0.0    10    67    41    96    33   109 0.81 -
KAI3427393.1         -            720 3954at3041           -            373   3.1e-07   29.0   0.0   2   2   9.9e-06    0.0022   16.3   0.0   199   297   293   385   287   394 0.82 -
KAI3428841.1         -           1114 3954at3041           -            373   5.4e-07   28.2   1.8   1   2     0.015       3.4    5.9   0.1    12    77   357   420   351   437 0.81 -
KAI3428841.1         -           1114 3954at3041           -            373   5.4e-07   28.2   1.8   2   2   3.5e-07   7.9e-05   21.1   0.0   183   298   583   692   570   698 0.84 -
KAI3429435.1         -           1924 3954at3041           -            373   1.1e-05   23.9   0.1   1   1     1e-07   2.3e-05   22.8   0.1    12    67   876   934   870   944 0.86 -
KAI3431513.1         -            896 3954at3041           -            373   1.9e-05   23.1   0.1   1   2   3.6e-05    0.0079   14.5   0.0    11    48    96   133    92   177 0.82 -
KAI3431513.1         -            896 3954at3041           -            373   1.9e-05   23.1   0.1   2   2     0.013         3    6.0   0.0   194   275   337   412   321   419 0.87 -
KAI3432245.1         -           1431 3954at3041           -            373   4.2e-05   22.0   0.1   1   2   0.00038     0.085   11.1   0.0    10    66   459   514   453   531 0.78 -
KAI3432245.1         -           1431 3954at3041           -            373   4.2e-05   22.0   0.1   2   2    0.0027       0.6    8.3   0.0   240   291   759   809   726   821 0.81 -
KAI3428051.1         -           1242 3954at3041           -            373   6.9e-05   21.3   0.0   1   2   2.5e-06   0.00055   18.3   0.0     9    67   174   233   167   245 0.84 -
KAI3428051.1         -           1242 3954at3041           -            373   6.9e-05   21.3   0.0   2   2      0.78   1.7e+02    0.2   0.0    91   134   286   329   260   338 0.84 -
KAI3431342.1         -           1338 3954at3041           -            373     0.034   12.4   0.2   1   2   0.00067      0.15   10.3   0.1    12    68   781   840   774   848 0.78 -
KAI3431342.1         -           1338 3954at3041           -            373     0.034   12.4   0.2   2   2       2.9   6.5e+02   -1.7   0.0    76   131   876   937   865   945 0.62 -
KAI3423807.1         -           1981 3954at3041           -            373      0.12   10.6   0.1   1   2         2   4.4e+02   -1.1   0.0    34    82   718   766   697   774 0.85 -
KAI3423807.1         -           1981 3954at3041           -            373      0.12   10.6   0.1   2   2    0.0025      0.56    8.4   0.0     5    74   932  1006   929  1036 0.81 -
#
# Program:         hmmsearch
# Version:         3.1b2 (February 2015)
# Pipeline mode:   SEARCH
# Query file:      /Users/catrionaharrison/Documents/Bioinformatics/rp2/Data/genomes/busco/busco_downloads/lineages/chlorophyta_odb10/hmms/3954at3041.hmm
# Target file:     /Users/catrionaharrison/Documents/Bioinformatics/rp2/Data/genomes/busco/data/chlorella_vulgaris.prot.fasta
# Option settings: hmmsearch --domtblout /Users/catrionaharrison/Documents/Bioinformatics/rp2/Data/genomes/busco/Busco_vulgaris/run_chlorophyta_odb10/hmmer_output/initial_run_results/3954at3041.out --cpu 1 /Users/catrionaharrison/Documents/Bioinformatics/rp2/Data/genomes/busco/busco_downloads/lineages/chlorophyta_odb10/hmms/3954at3041.hmm /Users/catrionaharrison/Documents/Bioinformatics/rp2/Data/genomes/busco/data/chlorella_vulgaris.prot.fasta 
# Current dir:     /Users/catrionaharrison/Documents/Bioinformatics/rp2/Data/genomes/busco
# Date:            Fri Jul 22 15:33:53 2022
# [ok]
