#                                                                            --- full sequence --- -------------- this domain -------------   hmm coord   ali coord   env coord
# target name        accession   tlen query name           accession   qlen   E-value  score  bias   #  of  c-Evalue  i-Evalue  score  bias  from    to  from    to  from    to  acc description of target
#------------------- ---------- ----- -------------------- ---------- ----- --------- ------ ----- --- --- --------- --------- ------ ----- ----- ----- ----- ----- ----- ----- ---- ---------------------
KAI3431557.1         -            241 4299at3041           -            206  3.1e-112  372.4   0.1   1   1  3.9e-115  4.3e-112  371.9   0.1     1   199     1   221     1   224 0.95 -
KAI3425062.1         -            257 4299at3041           -            206   2.1e-46  157.4   0.0   1   1   2.5e-49   2.8e-46  157.0   0.0     7   188     4   206     1   220 0.86 -
KAI3438232.1         -            247 4299at3041           -            206   1.4e-39  135.2   0.2   1   1   1.5e-42   1.7e-39  134.8   0.2     7   200     3   210     1   213 0.91 -
KAI3426505.1         -            236 4299at3041           -            206   6.4e-39  133.0   0.0   1   1   7.1e-42   7.9e-39  132.7   0.0     5   199     3   213     1   216 0.90 -
KAI3423917.1         -            286 4299at3041           -            206   1.2e-34  119.1   0.0   1   1   1.3e-37   1.5e-34  118.7   0.0     5   199     3   214     1   218 0.87 -
KAI3434548.1         -            247 4299at3041           -            206   7.1e-32  110.0   0.1   1   1     8e-35     9e-32  109.6   0.1     6   196     6   216     1   222 0.86 -
KAI3438888.1         -            249 4299at3041           -            206   1.2e-29  102.7   0.0   1   1   1.4e-32   1.6e-29  102.3   0.0     6   188     6   204     1   214 0.87 -
KAI3436461.1         -            274 4299at3041           -            206   1.8e-10   40.1   0.0   1   1   2.1e-13   2.4e-10   39.7   0.0    33   179    56   215    44   238 0.78 -
KAI3423909.1         -            745 4299at3041           -            206   6.4e-07   28.5   0.0   1   1   1.1e-09   1.2e-06   27.6   0.0    34   186   536   700   530   709 0.81 -
KAI3434835.1         -            272 4299at3041           -            206   1.1e-06   27.6   0.1   1   1   1.8e-09     2e-06   26.8   0.1    32   199    33   213    30   216 0.71 -
#
# Program:         hmmsearch
# Version:         3.1b2 (February 2015)
# Pipeline mode:   SEARCH
# Query file:      /Users/catrionaharrison/Documents/Bioinformatics/rp2/Data/genomes/busco/busco_downloads/lineages/chlorophyta_odb10/hmms/4299at3041.hmm
# Target file:     /Users/catrionaharrison/Documents/Bioinformatics/rp2/Data/genomes/busco/data/chlorella_vulgaris.prot.fasta
# Option settings: hmmsearch --domtblout /Users/catrionaharrison/Documents/Bioinformatics/rp2/Data/genomes/busco/Busco_vulgaris/run_chlorophyta_odb10/hmmer_output/initial_run_results/4299at3041.out --cpu 1 /Users/catrionaharrison/Documents/Bioinformatics/rp2/Data/genomes/busco/busco_downloads/lineages/chlorophyta_odb10/hmms/4299at3041.hmm /Users/catrionaharrison/Documents/Bioinformatics/rp2/Data/genomes/busco/data/chlorella_vulgaris.prot.fasta 
# Current dir:     /Users/catrionaharrison/Documents/Bioinformatics/rp2/Data/genomes/busco
# Date:            Fri Jul 22 15:35:49 2022
# [ok]
