#                                                                            --- full sequence --- -------------- this domain -------------   hmm coord   ali coord   env coord
# target name        accession   tlen query name           accession   qlen   E-value  score  bias   #  of  c-Evalue  i-Evalue  score  bias  from    to  from    to  from    to  acc description of target
#------------------- ---------- ----- -------------------- ---------- ----- --------- ------ ----- --- --- --------- --------- ------ ----- ----- ----- ----- ----- ----- ----- ---- ---------------------
KAI3432759.1         -           1108 440at3041            -            903         0 1206.8  33.0   1   1         0         0 1198.2  33.0     1   902    14  1106    14  1107 0.87 -
KAI3424477.1         -            909 440at3041            -            903   2.8e-09   35.0   7.2   1   4     0.017        62    0.7   0.0    59   136    84   163    60   170 0.72 -
KAI3424477.1         -            909 440at3041            -            903   2.8e-09   35.0   7.2   2   4    0.0012       4.6    4.5   0.3   146   232   236   323   199   342 0.71 -
KAI3424477.1         -            909 440at3041            -            903   2.8e-09   35.0   7.2   3   4   1.6e-11   5.9e-08   30.6   0.9   301   449   391   564   369   631 0.75 -
KAI3424477.1         -            909 440at3041            -            903   2.8e-09   35.0   7.2   4   4      0.16   6.1e+02   -2.6   0.0   793   842   754   802   742   807 0.82 -
KAI3434674.1         -           1073 440at3041            -            903   3.8e-06   24.6   2.7   1   3   1.9e-07    0.0007   17.1   0.1    62   136    81   157    26   164 0.84 -
KAI3434674.1         -           1073 440at3041            -            903   3.8e-06   24.6   2.7   2   3    0.0038        14    2.8   0.0   436   481   439   485   433   490 0.90 -
KAI3434674.1         -           1073 440at3041            -            903   3.8e-06   24.6   2.7   3   3    0.0056        21    2.3   0.2   141   202   523   584   508   612 0.79 -
#
# Program:         hmmsearch
# Version:         3.1b2 (February 2015)
# Pipeline mode:   SEARCH
# Query file:      /Users/catrionaharrison/Documents/Bioinformatics/rp2/Data/genomes/busco/busco_downloads/lineages/chlorophyta_odb10/hmms/440at3041.hmm
# Target file:     /Users/catrionaharrison/Documents/Bioinformatics/rp2/Data/genomes/busco/data/chlorella_vulgaris.prot.fasta
# Option settings: hmmsearch --domtblout /Users/catrionaharrison/Documents/Bioinformatics/rp2/Data/genomes/busco/Busco_vulgaris/run_chlorophyta_odb10/hmmer_output/initial_run_results/440at3041.out --cpu 1 /Users/catrionaharrison/Documents/Bioinformatics/rp2/Data/genomes/busco/busco_downloads/lineages/chlorophyta_odb10/hmms/440at3041.hmm /Users/catrionaharrison/Documents/Bioinformatics/rp2/Data/genomes/busco/data/chlorella_vulgaris.prot.fasta 
# Current dir:     /Users/catrionaharrison/Documents/Bioinformatics/rp2/Data/genomes/busco
# Date:            Fri Jul 22 15:36:49 2022
# [ok]
