#                                                                            --- full sequence --- -------------- this domain -------------   hmm coord   ali coord   env coord
# target name        accession   tlen query name           accession   qlen   E-value  score  bias   #  of  c-Evalue  i-Evalue  score  bias  from    to  from    to  from    to  acc description of target
#------------------- ---------- ----- -------------------- ---------- ----- --------- ------ ----- --- --- --------- --------- ------ ----- ----- ----- ----- ----- ----- ----- ---- ---------------------
KAI3434446.1         -            470 4604at3041           -            334   3.8e-94  315.0  35.6   1   2   7.9e-25   2.9e-21   75.4  11.9     1   132    15   146    15   169 0.71 -
KAI3434446.1         -            470 4604at3041           -            334   3.8e-94  315.0  35.6   2   2   1.2e-74   4.4e-71  239.2  22.9    41   331   134   466   115   468 0.82 -
KAI3432694.1         -           1339 4604at3041           -            334   5.8e-09   35.0  78.8   1  10    0.0021       7.9    4.9   5.0   191   319    50   188    39   198 0.73 -
KAI3432694.1         -           1339 4604at3041           -            334   5.8e-09   35.0  78.8   2  10    0.0011       4.2    5.8   1.4   197   329   224   368   214   372 0.71 -
KAI3432694.1         -           1339 4604at3041           -            334   5.8e-09   35.0  78.8   3  10   3.9e-06     0.015   13.9   3.0   253   329   375   452   367   455 0.87 -
KAI3432694.1         -           1339 4604at3041           -            334   5.8e-09   35.0  78.8   4  10    0.0018       6.7    5.2   0.7   268   330   517   583   503   586 0.78 -
KAI3432694.1         -           1339 4604at3041           -            334   5.8e-09   35.0  78.8   5  10     0.023        86    1.5   2.5   274   331   654   712   635   715 0.76 -
KAI3432694.1         -           1339 4604at3041           -            334   5.8e-09   35.0  78.8   6  10     0.015        57    2.1   0.2   261   309   723   775   712   779 0.74 -
KAI3432694.1         -           1339 4604at3041           -            334   5.8e-09   35.0  78.8   7  10   1.4e-09   5.3e-06   25.2   5.8   222   332   764   883   740   884 0.81 -
KAI3432694.1         -           1339 4604at3041           -            334   5.8e-09   35.0  78.8   8  10   0.00041       1.5    7.3   4.1   236   330   987  1086   978  1092 0.80 -
KAI3432694.1         -           1339 4604at3041           -            334   5.8e-09   35.0  78.8   9  10      0.02        74    1.8   0.4   273   326  1112  1166  1090  1172 0.79 -
KAI3432694.1         -           1339 4604at3041           -            334   5.8e-09   35.0  78.8  10  10   0.00035       1.3    7.5   0.1   254   329  1176  1253  1166  1256 0.82 -
KAI3437969.1         -            692 4604at3041           -            334   2.5e-08   32.9   0.9   1   2   1.8e-11   6.6e-08   31.5   0.0   162   327   135   315   126   321 0.83 -
KAI3437969.1         -            692 4604at3041           -            334   2.5e-08   32.9   0.9   2   2      0.18   6.6e+02   -1.4   0.1   195   256   340   401   327   470 0.61 -
#
# Program:         hmmsearch
# Version:         3.1b2 (February 2015)
# Pipeline mode:   SEARCH
# Query file:      /Users/catrionaharrison/Documents/Bioinformatics/rp2/Data/genomes/busco/busco_downloads/lineages/chlorophyta_odb10/hmms/4604at3041.hmm
# Target file:     /Users/catrionaharrison/Documents/Bioinformatics/rp2/Data/genomes/busco/data/chlorella_vulgaris.prot.fasta
# Option settings: hmmsearch --domtblout /Users/catrionaharrison/Documents/Bioinformatics/rp2/Data/genomes/busco/Busco_vulgaris/run_chlorophyta_odb10/hmmer_output/initial_run_results/4604at3041.out --cpu 1 /Users/catrionaharrison/Documents/Bioinformatics/rp2/Data/genomes/busco/busco_downloads/lineages/chlorophyta_odb10/hmms/4604at3041.hmm /Users/catrionaharrison/Documents/Bioinformatics/rp2/Data/genomes/busco/data/chlorella_vulgaris.prot.fasta 
# Current dir:     /Users/catrionaharrison/Documents/Bioinformatics/rp2/Data/genomes/busco
# Date:            Fri Jul 22 15:37:38 2022
# [ok]
