#                                                                            --- full sequence --- -------------- this domain -------------   hmm coord   ali coord   env coord
# target name        accession   tlen query name           accession   qlen   E-value  score  bias   #  of  c-Evalue  i-Evalue  score  bias  from    to  from    to  from    to  acc description of target
#------------------- ---------- ----- -------------------- ---------- ----- --------- ------ ----- --- --- --------- --------- ------ ----- ----- ----- ----- ----- ----- ----- ---- ---------------------
KAI3436793.1         -            964 4624at3041           -            517  1.3e-177  590.8  37.4   1   3  1.2e-166  9.3e-164  545.1  29.3     2   454    14   535    13   544 0.87 -
KAI3436793.1         -            964 4624at3041           -            517  1.3e-177  590.8  37.4   2   3   1.4e-05      0.01   13.8   0.7   428   459   540   570   534   573 0.80 -
KAI3436793.1         -            964 4624at3041           -            517  1.3e-177  590.8  37.4   3   3   9.5e-12   7.1e-09   34.1   0.0   479   517   777   815   693   815 0.81 -
KAI3438894.1         -            729 4624at3041           -            517   1.2e-18   66.4  55.3   1   6   3.1e-05     0.023   12.6   7.2   215   282    87   159    19   164 0.79 -
KAI3438894.1         -            729 4624at3041           -            517   1.2e-18   66.4  55.3   2   6   3.4e-05     0.025   12.5   0.4   212   262   118   167   114   182 0.85 -
KAI3438894.1         -            729 4624at3041           -            517   1.2e-18   66.4  55.3   3   6     1e-08   7.4e-06   24.1   1.5   215   273   188   243   184   249 0.82 -
KAI3438894.1         -            729 4624at3041           -            517   1.2e-18   66.4  55.3   4   6   2.7e-08     2e-05   22.7  11.4   110   265   240   396   237   410 0.79 -
KAI3438894.1         -            729 4624at3041           -            517   1.2e-18   66.4  55.3   5   6   2.2e-05     0.017   13.1   0.1   216   256   453   493   448   504 0.90 -
KAI3438894.1         -            729 4624at3041           -            517   1.2e-18   66.4  55.3   6   6   6.5e-05     0.049   11.5   0.5   191   260   500   566   495   572 0.88 -
KAI3438255.1         -           1192 4624at3041           -            517   1.7e-07   29.5  20.0   1   7    0.0018       1.4    6.8   0.1   213   254   298   338   281   347 0.82 -
KAI3438255.1         -           1192 4624at3041           -            517   1.7e-07   29.5  20.0   2   7    0.0013         1    7.2   0.0    95   138   374   419   360   456 0.79 -
KAI3438255.1         -           1192 4624at3041           -            517   1.7e-07   29.5  20.0   3   7      0.81     6e+02   -2.0   0.0   108   148   538   577   521   580 0.76 -
KAI3438255.1         -           1192 4624at3041           -            517   1.7e-07   29.5  20.0   4   7   2.5e-07   0.00018   19.5   0.2   129   262   676   814   671   831 0.79 -
KAI3438255.1         -           1192 4624at3041           -            517   1.7e-07   29.5  20.0   5   7     0.074        55    1.5   0.2   387   437   853   902   828   915 0.57 -
KAI3438255.1         -           1192 4624at3041           -            517   1.7e-07   29.5  20.0   6   7      0.11        83    0.9   0.4   198   250   861   911   848   938 0.69 -
KAI3438255.1         -           1192 4624at3041           -            517   1.7e-07   29.5  20.0   7   7     0.013       9.5    4.0   1.0   194   257   929   997   917  1012 0.75 -
KAI3432336.1         -            633 4624at3041           -            517     3e-07   28.7   1.0   1   4     0.008         6    4.7   0.0   478   511   171   205   162   211 0.91 -
KAI3432336.1         -            633 4624at3041           -            517     3e-07   28.7   1.0   2   4      0.72   5.4e+02   -1.8   0.0   449   481   211   247   206   250 0.77 -
KAI3432336.1         -            633 4624at3041           -            517     3e-07   28.7   1.0   3   4   2.1e-05     0.015   13.2   0.0   478   516   261   300   256   301 0.94 -
KAI3432336.1         -            633 4624at3041           -            517     3e-07   28.7   1.0   4   4    0.0018       1.3    6.8   0.0   477   515   362   401   309   403 0.84 -
KAI3433472.1         -            200 4624at3041           -            517   3.6e-05   21.9   0.1   1   2      0.21   1.5e+02   -0.0   0.0   489   516     8    35     4    37 0.90 -
KAI3433472.1         -            200 4624at3041           -            517   3.6e-05   21.9   0.1   2   2   3.5e-07   0.00026   19.0   0.0   479   516   159   196   151   197 0.93 -
KAI3436621.1         -            369 4624at3041           -            517    0.0011   16.9  11.3   1   2    0.0041       3.1    5.6   1.5   409   457    37    85    29   109 0.80 -
KAI3436621.1         -            369 4624at3041           -            517    0.0011   16.9  11.3   2   2    0.0017       1.3    6.9   0.8    97   254   121   301   114   306 0.56 -
KAI3431467.1         -            284 4624at3041           -            517    0.0013   16.8   0.5   1   2     0.027        20    2.9   0.0   479   505    35    62    27    75 0.81 -
KAI3431467.1         -            284 4624at3041           -            517    0.0013   16.8   0.5   2   2   3.4e-05     0.025   12.5   0.2   441   512    77   161    65   165 0.77 -
KAI3425033.1         -            293 4624at3041           -            517    0.0014   16.6   0.1   1   2   6.3e-06    0.0047   14.9   0.1   477   513   134   170   127   173 0.88 -
KAI3425033.1         -            293 4624at3041           -            517    0.0014   16.6   0.1   2   2      0.59   4.4e+02   -1.5   0.0   479   516   250   288   248   289 0.88 -
KAI3435919.1         -            428 4624at3041           -            517    0.0015   16.6   0.0   1   2    0.0017       1.3    6.8   0.0   481   516   228   263   160   264 0.85 -
KAI3435919.1         -            428 4624at3041           -            517    0.0015   16.6   0.0   2   2    0.0019       1.4    6.7   0.0   480   517   325   362   278   362 0.88 -
KAI3437709.1         -            228 4624at3041           -            517    0.0019   16.2   0.4   1   2         2   1.5e+03   -3.2   0.3   187   187    43    43    19    67 0.43 -
KAI3437709.1         -            228 4624at3041           -            517    0.0019   16.2   0.4   2   2     4e-06     0.003   15.5   0.0   478   512   121   155   110   160 0.88 -
KAI3432566.1         -            424 4624at3041           -            517    0.0047   14.9   0.1   1   2   6.3e-06    0.0047   14.9   0.1   481   514   239   272   236   275 0.91 -
KAI3432566.1         -            424 4624at3041           -            517    0.0047   14.9   0.1   2   2    0.0031       2.3    6.0   0.0   479   515   326   362   321   364 0.93 -
KAI3434887.1         -            195 4624at3041           -            517     0.011   13.7   0.0   1   1   1.9e-05     0.014   13.3   0.0   478   517   153   193   146   193 0.94 -
KAI3436113.1         -            228 4624at3041           -            517      0.02   12.8   0.0   1   2     0.001      0.76    7.6   0.0   478   513    49    85    34    89 0.86 -
KAI3436113.1         -            228 4624at3041           -            517      0.02   12.8   0.0   2   2     0.026        20    2.9   0.0   479   512   188   222   186   226 0.91 -
KAI3436168.1         -            641 4624at3041           -            517     0.022   12.7   0.0   1   1   5.7e-05     0.043   11.7   0.0   480   514   372   406   352   409 0.89 -
KAI3436460.1         -            194 4624at3041           -            517     0.046   11.6   0.1   1   1   7.1e-05     0.053   11.4   0.1   242   293   119   172    65   180 0.76 -
#
# Program:         hmmsearch
# Version:         3.1b2 (February 2015)
# Pipeline mode:   SEARCH
# Query file:      /Users/catrionaharrison/Documents/Bioinformatics/rp2/Data/genomes/busco/busco_downloads/lineages/chlorophyta_odb10/hmms/4624at3041.hmm
# Target file:     /Users/catrionaharrison/Documents/Bioinformatics/rp2/Data/genomes/busco/data/chlorella_vulgaris.prot.fasta
# Option settings: hmmsearch --domtblout /Users/catrionaharrison/Documents/Bioinformatics/rp2/Data/genomes/busco/Busco_vulgaris/run_chlorophyta_odb10/hmmer_output/initial_run_results/4624at3041.out --cpu 1 /Users/catrionaharrison/Documents/Bioinformatics/rp2/Data/genomes/busco/busco_downloads/lineages/chlorophyta_odb10/hmms/4624at3041.hmm /Users/catrionaharrison/Documents/Bioinformatics/rp2/Data/genomes/busco/data/chlorella_vulgaris.prot.fasta 
# Current dir:     /Users/catrionaharrison/Documents/Bioinformatics/rp2/Data/genomes/busco
# Date:            Fri Jul 22 15:37:02 2022
# [ok]
