#                                                                            --- full sequence --- -------------- this domain -------------   hmm coord   ali coord   env coord
# target name        accession   tlen query name           accession   qlen   E-value  score  bias   #  of  c-Evalue  i-Evalue  score  bias  from    to  from    to  from    to  acc description of target
#------------------- ---------- ----- -------------------- ---------- ----- --------- ------ ----- --- --- --------- --------- ------ ----- ----- ----- ----- ----- ----- ----- ---- ---------------------
KAI3428624.1         -            548 4933at3041           -            347  3.3e-114  380.8  11.4   1   3  1.2e-115  3.3e-112  374.2   0.2    13   308    67   438    56   453 0.85 -
KAI3428624.1         -            548 4933at3041           -            347  3.3e-114  380.8  11.4   2   3   9.2e-05      0.26    9.6   0.2   300   337   459   507   448   515 0.77 -
KAI3428624.1         -            548 4933at3041           -            347  3.3e-114  380.8  11.4   3   3      0.45   1.3e+03   -2.6   1.5   332   347   525   540   520   540 0.88 -
KAI3431450.1         -            724 4933at3041           -            347   2.7e-11   42.4   0.1   1   3      0.28   7.7e+02   -1.9   0.0   110   138   210   236   207   262 0.77 -
KAI3431450.1         -            724 4933at3041           -            347   2.7e-11   42.4   0.1   2   3      0.85   2.4e+03   -3.5   0.0    13    36   255   278   244   282 0.81 -
KAI3431450.1         -            724 4933at3041           -            347   2.7e-11   42.4   0.1   3   3   8.7e-14   2.4e-10   39.2   0.0    88   292   382   625   360   645 0.69 -
KAI3434497.1         -            475 4933at3041           -            347     0.067   11.5   0.1   1   2   0.00012      0.33    9.2   0.0   171   201    27    55    19    67 0.79 -
KAI3434497.1         -            475 4933at3041           -            347     0.067   11.5   0.1   2   2      0.13   3.5e+02   -0.8   0.0   213   257   297   342   280   351 0.71 -
KAI3433455.1         -            158 4933at3041           -            347     0.071   11.4   0.0   1   1   2.9e-05      0.08   11.2   0.0    81   164     9    92     3   121 0.83 -
#
# Program:         hmmsearch
# Version:         3.1b2 (February 2015)
# Pipeline mode:   SEARCH
# Query file:      /Users/catrionaharrison/Documents/Bioinformatics/rp2/Data/genomes/busco/busco_downloads/lineages/chlorophyta_odb10/hmms/4933at3041.hmm
# Target file:     /Users/catrionaharrison/Documents/Bioinformatics/rp2/Data/genomes/busco/data/chlorella_vulgaris.prot.fasta
# Option settings: hmmsearch --domtblout /Users/catrionaharrison/Documents/Bioinformatics/rp2/Data/genomes/busco/Busco_vulgaris/run_chlorophyta_odb10/hmmer_output/initial_run_results/4933at3041.out --cpu 1 /Users/catrionaharrison/Documents/Bioinformatics/rp2/Data/genomes/busco/busco_downloads/lineages/chlorophyta_odb10/hmms/4933at3041.hmm /Users/catrionaharrison/Documents/Bioinformatics/rp2/Data/genomes/busco/data/chlorella_vulgaris.prot.fasta 
# Current dir:     /Users/catrionaharrison/Documents/Bioinformatics/rp2/Data/genomes/busco
# Date:            Fri Jul 22 15:38:07 2022
# [ok]
