#                                                                            --- full sequence --- -------------- this domain -------------   hmm coord   ali coord   env coord
# target name        accession   tlen query name           accession   qlen   E-value  score  bias   #  of  c-Evalue  i-Evalue  score  bias  from    to  from    to  from    to  acc description of target
#------------------- ---------- ----- -------------------- ---------- ----- --------- ------ ----- --- --- --------- --------- ------ ----- ----- ----- ----- ----- ----- ----- ---- ---------------------
KAI3431418.1         -            819 5064at3041           -            555  3.8e-158  526.6  14.7   1   3  1.5e-128  3.1e-126  421.3   7.0     2   403    22   534    21   546 0.80 -
KAI3431418.1         -            819 5064at3041           -            555  3.8e-158  526.6  14.7   2   3   1.6e-15   3.2e-13   48.2   0.2   406   506   612   742   602   746 0.74 -
KAI3431418.1         -            819 5064at3041           -            555  3.8e-158  526.6  14.7   3   3   3.7e-18   7.3e-16   57.0   0.0   503   555   766   818   763   818 0.96 -
KAI3435932.1         -            981 5064at3041           -            555   1.1e-27   96.0  14.4   1   3   1.4e-11   2.7e-09   35.3   1.9   117   274    63   221    19   225 0.87 -
KAI3435932.1         -            981 5064at3041           -            555   1.1e-27   96.0  14.4   2   3   1.5e-13   3.1e-11   41.7   1.6    82   230   455   614   432   615 0.80 -
KAI3435932.1         -            981 5064at3041           -            555   1.1e-27   96.0  14.4   3   3   1.8e-10   3.5e-08   31.6   0.1   112   270   580   737   571   744 0.90 -
KAI3428369.1         -            409 5064at3041           -            555   8.6e-19   66.6   9.0   1   2   3.5e-09   6.9e-07   27.3   4.2    79   225    64   220    56   268 0.74 -
KAI3428369.1         -            409 5064at3041           -            555   8.6e-19   66.6   9.0   2   2   8.6e-13   1.7e-10   39.2   0.1   136   233   307   406   290   407 0.88 -
KAI3438773.1         -           1013 5064at3041           -            555   2.3e-17   61.9  13.0   1   6      0.14        28    2.2   0.0   405   426    91   112    49   194 0.65 -
KAI3438773.1         -           1013 5064at3041           -            555   2.3e-17   61.9  13.0   2   6       7.9   1.6e+03   -3.6   0.0   381   419   207   245   195   246 0.84 -
KAI3438773.1         -           1013 5064at3041           -            555   2.3e-17   61.9  13.0   3   6   0.00011     0.021   12.5   2.1   110   224   330   445   292   447 0.79 -
KAI3438773.1         -           1013 5064at3041           -            555   2.3e-17   61.9  13.0   4   6   4.7e-07   9.5e-05   20.3   2.1   128   235   390   499   387   504 0.91 -
KAI3438773.1         -           1013 5064at3041           -            555   2.3e-17   61.9  13.0   5   6   1.4e-11   2.8e-09   35.2   0.1   122   229   512   621   500   628 0.87 -
KAI3438773.1         -           1013 5064at3041           -            555   2.3e-17   61.9  13.0   6   6      0.17        33    2.0   0.0   117   160   653   697   634   703 0.77 -
KAI3434463.1         -            501 5064at3041           -            555   1.1e-16   59.7   7.5   1   2   2.4e-05    0.0048   14.7   0.1   121   213   191   284   178   286 0.87 -
KAI3434463.1         -            501 5064at3041           -            555   1.1e-16   59.7   7.5   2   2   3.4e-16   6.8e-14   50.5   3.6   123   240   277   394   261   436 0.83 -
KAI3432643.1         -           1022 5064at3041           -            555   1.1e-16   59.6  19.1   1   4     0.048       9.5    3.8   0.0   130   207    27   104    21   113 0.78 -
KAI3432643.1         -           1022 5064at3041           -            555   1.1e-16   59.6  19.1   2   4   7.9e-08   1.6e-05   22.9   0.9    91   198   112   221   106   226 0.82 -
KAI3432643.1         -           1022 5064at3041           -            555   1.1e-16   59.6  19.1   3   4   0.00014     0.029   12.1   3.7   131   269   369   512   356   524 0.78 -
KAI3432643.1         -           1022 5064at3041           -            555   1.1e-16   59.6  19.1   4   4   1.3e-09   2.6e-07   28.7   0.6   123   231   543   653   525   663 0.78 -
KAI3438328.1         -            353 5064at3041           -            555   1.4e-16   59.3   0.1   1   2   4.9e-16   9.7e-14   50.0   0.0   115   273    97   255    55   269 0.82 -
KAI3438328.1         -            353 5064at3041           -            555   1.4e-16   59.3   0.1   2   2     0.012       2.4    5.7   0.0   119   153   277   311   263   345 0.83 -
KAI3436421.1         -            628 5064at3041           -            555   1.2e-15   56.2  11.3   1   2   1.3e-12   2.6e-10   38.6   1.0   121   268   103   249    94   250 0.85 -
KAI3436421.1         -            628 5064at3041           -            555   1.2e-15   56.2  11.3   2   2   5.1e-09     1e-06   26.8   7.4    99   267   205   376   204   380 0.85 -
KAI3425286.1         -           1331 5064at3041           -            555   1.9e-15   55.6  35.0   1   6   1.3e-06   0.00026   18.8   1.1   129   226   538   636   524   653 0.90 -
KAI3425286.1         -           1331 5064at3041           -            555   1.9e-15   55.6  35.0   2   6   1.2e-08   2.3e-06   25.6   5.9    83   216   616   755   608   758 0.84 -
KAI3425286.1         -           1331 5064at3041           -            555   1.9e-15   55.6  35.0   3   6   1.9e-07   3.7e-05   21.6   2.9   121   268   743   889   742   913 0.91 -
KAI3425286.1         -           1331 5064at3041           -            555   1.9e-15   55.6  35.0   4   6      0.62   1.2e+02    0.1   0.0   376   407   915   946   888   989 0.69 -
KAI3425286.1         -           1331 5064at3041           -            555   1.9e-15   55.6  35.0   5   6   0.00036     0.073   10.8   5.8    73   231   993  1156   964  1164 0.80 -
KAI3425286.1         -           1331 5064at3041           -            555   1.9e-15   55.6  35.0   6   6      0.25        49    1.4   0.0   126   175  1174  1224  1167  1233 0.84 -
KAI3426198.1         -            469 5064at3041           -            555   5.8e-15   54.0  13.6   1   2   1.9e-08   3.7e-06   24.9   5.1    39   189   120   291   112   313 0.77 -
KAI3426198.1         -            469 5064at3041           -            555   5.8e-15   54.0  13.6   2   2   6.5e-10   1.3e-07   29.7   1.3   126   217   312   407   295   419 0.85 -
KAI3425252.1         -            531 5064at3041           -            555   1.6e-14   52.6   9.2   1   3    0.0049      0.98    7.0   1.2   160   232    12    87     6    97 0.80 -
KAI3425252.1         -            531 5064at3041           -            555   1.6e-14   52.6   9.2   2   3      0.18        37    1.8   0.0   367   410    98   141    91   149 0.84 -
KAI3425252.1         -            531 5064at3041           -            555   1.6e-14   52.6   9.2   3   3   3.3e-14   6.5e-12   43.9   1.7   122   271   156   305   104   311 0.81 -
KAI3429783.1         -            477 5064at3041           -            555     6e-14   50.6   3.4   1   2   2.3e-08   4.5e-06   24.6   0.4   113   234    36   165    29   175 0.82 -
KAI3429783.1         -            477 5064at3041           -            555     6e-14   50.6   3.4   2   2   7.6e-09   1.5e-06   26.2   0.2   120   190   218   294   185   299 0.78 -
KAI3437671.1         -            320 5064at3041           -            555   7.2e-13   47.1   0.8   1   4      0.68   1.4e+02   -0.1   0.0   308   329    40    58    19    80 0.60 -
KAI3437671.1         -            320 5064at3041           -            555   7.2e-13   47.1   0.8   2   4   3.4e-09   6.8e-07   27.4   0.1   168   269    71   176    58   184 0.85 -
KAI3437671.1         -            320 5064at3041           -            555   7.2e-13   47.1   0.8   3   4    0.0012      0.24    9.0   0.0   112   191   187   265   177   274 0.84 -
KAI3437671.1         -            320 5064at3041           -            555   7.2e-13   47.1   0.8   4   4    0.0065       1.3    6.6   0.0   123   149   289   315   278   318 0.80 -
KAI3425901.1         -            682 5064at3041           -            555   4.1e-12   44.6   6.3   1   3       2.3   4.6e+02   -1.8   0.0   408   469   121   182   108   201 0.74 -
KAI3425901.1         -            682 5064at3041           -            555   4.1e-12   44.6   6.3   2   3    0.0016      0.33    8.6   0.1   125   214   355   451   345   471 0.74 -
KAI3425901.1         -            682 5064at3041           -            555   4.1e-12   44.6   6.3   3   3   2.5e-12     5e-10   37.7   1.3   121   230   485   596   443   601 0.84 -
KAI3435657.1         -            513 5064at3041           -            555   6.9e-12   43.8   3.5   1   3    0.0035      0.71    7.5   0.0   307   357   181   232   166   239 0.77 -
KAI3435657.1         -            513 5064at3041           -            555   6.9e-12   43.8   3.5   2   3   1.6e-10   3.3e-08   31.7   1.6   116   231   259   376   251   388 0.91 -
KAI3435657.1         -            513 5064at3041           -            555   6.9e-12   43.8   3.5   3   3      0.19        39    1.7   0.0    59   145   419   508   409   511 0.74 -
KAI3428241.1         -            392 5064at3041           -            555   1.8e-11   42.5   3.3   1   4   5.4e-13   1.1e-10   39.9   0.7   175   274    82   180    68   208 0.86 -
KAI3428241.1         -            392 5064at3041           -            555   1.8e-11   42.5   3.3   2   4      0.39        77    0.8   0.0   366   404   236   274   204   295 0.57 -
KAI3428241.1         -            392 5064at3041           -            555   1.8e-11   42.5   3.3   3   4      0.18        36    1.9   0.0   255   317   249   321   239   334 0.61 -
KAI3428241.1         -            392 5064at3041           -            555   1.8e-11   42.5   3.3   4   4      0.85   1.7e+02   -0.4   0.1    25    50   302   327   281   374 0.75 -
KAI3429735.1         -           1297 5064at3041           -            555   1.8e-11   42.4   1.7   1   2   1.7e-07   3.4e-05   21.8   0.0   154   310    26   182    22   182 0.80 -
KAI3429735.1         -           1297 5064at3041           -            555   1.8e-11   42.4   1.7   2   2   4.1e-07   8.2e-05   20.5   1.3    80   227   162   311   149   317 0.81 -
KAI3429432.1         -            458 5064at3041           -            555   3.9e-11   41.4   7.0   1   3   5.1e-10     1e-07   30.1   2.1   116   217    52   154    22   169 0.85 -
KAI3429432.1         -            458 5064at3041           -            555   3.9e-11   41.4   7.0   2   3   0.00022     0.043   11.5   0.2   119   186   182   250   159   296 0.86 -
KAI3429432.1         -            458 5064at3041           -            555   3.9e-11   41.4   7.0   3   3      0.53     1e+02    0.3   0.0   374   402   272   300   264   305 0.82 -
KAI3424206.1         -            314 5064at3041           -            555   5.8e-11   40.8   5.7   1   3   2.8e-05    0.0056   14.4   0.0   133   229     5   103     2   108 0.89 -
KAI3424206.1         -            314 5064at3041           -            555   5.8e-11   40.8   5.7   2   3   5.3e-05     0.011   13.5   0.3   121   198   119   198    96   205 0.75 -
KAI3424206.1         -            314 5064at3041           -            555   5.8e-11   40.8   5.7   3   3   1.8e-05    0.0037   15.0   0.6   116   204   206   295   199   306 0.86 -
KAI3430319.1         -            445 5064at3041           -            555   1.2e-10   39.7  14.0   1   2   9.9e-11     2e-08   32.4   3.1    79   269   138   320   133   321 0.85 -
KAI3430319.1         -            445 5064at3041           -            555   1.2e-10   39.7  14.0   2   2   2.3e-05    0.0045   14.7   7.1   115   267   291   438   288   443 0.79 -
KAI3428827.1         -            524 5064at3041           -            555   1.4e-10   39.6   4.8   1   3    0.0061       1.2    6.7   0.1   124   173   226   275   192   281 0.84 -
KAI3428827.1         -            524 5064at3041           -            555   1.4e-10   39.6   4.8   2   3   3.3e-08   6.6e-06   24.1   1.7    87   215   280   410   277   411 0.87 -
KAI3428827.1         -            524 5064at3041           -            555   1.4e-10   39.6   4.8   3   3   4.6e-05    0.0091   13.7   0.0   123   231   401   512   399   517 0.90 -
KAI3430499.1         -            510 5064at3041           -            555   3.9e-10   38.0   2.4   1   2   1.7e-07   3.3e-05   21.8   0.7    81   214   244   379   230   388 0.50 -
KAI3430499.1         -            510 5064at3041           -            555   3.9e-10   38.0   2.4   2   2   5.7e-07   0.00011   20.0   0.2   120   225   368   478   361   486 0.75 -
KAI3430400.1         -            456 5064at3041           -            555     5e-10   37.7   4.2   1   3    0.0083       1.7    6.3   0.2   120   165   183   228   150   272 0.65 -
KAI3430400.1         -            456 5064at3041           -            555     5e-10   37.7   4.2   2   3     4e-07   8.1e-05   20.5   0.2   121   198   267   348   255   354 0.78 -
KAI3430400.1         -            456 5064at3041           -            555     5e-10   37.7   4.2   3   3   0.00039     0.078   10.7   0.0   181   230   374   423   360   427 0.86 -
KAI3434481.1         -            500 5064at3041           -            555   1.6e-09   36.0  10.5   1   3   4.2e-08   8.4e-06   23.7   1.6   137   250    53   168    33   176 0.84 -
KAI3434481.1         -            500 5064at3041           -            555   1.6e-09   36.0  10.5   2   3    0.0071       1.4    6.5   0.8   176   227   135   187   123   194 0.88 -
KAI3434481.1         -            500 5064at3041           -            555   1.6e-09   36.0  10.5   3   3   8.5e-06    0.0017   16.1   2.6   131   275   174   319   167   353 0.76 -
KAI3431740.1         -            931 5064at3041           -            555   3.7e-09   34.8   0.4   1   2   7.5e-10   1.5e-07   29.5   0.1   116   279    97   272     8   278 0.69 -
KAI3431740.1         -            931 5064at3041           -            555   3.7e-09   34.8   0.4   2   2     0.053        10    3.6   0.0   120   151   280   311   268   344 0.79 -
KAI3432393.1         -            837 5064at3041           -            555   4.9e-09   34.4  13.2   1   4   0.00099       0.2    9.3   0.3   123   224    28   132    18   147 0.79 -
KAI3432393.1         -            837 5064at3041           -            555   4.9e-09   34.4  13.2   2   4   5.1e-10     1e-07   30.1   2.1   121   225   166   270   151   278 0.90 -
KAI3432393.1         -            837 5064at3041           -            555   4.9e-09   34.4  13.2   3   4      0.19        39    1.7   0.1   113   151   282   320   268   331 0.63 -
KAI3432393.1         -            837 5064at3041           -            555   4.9e-09   34.4  13.2   4   4       6.4   1.3e+03   -3.3   0.0   168   192   404   429   399   436 0.60 -
KAI3438021.1         -            339 5064at3041           -            555   3.1e-08   31.8   0.5   1   2   4.2e-06   0.00084   17.2   0.5   177   291    35   148    20   185 0.67 -
KAI3438021.1         -            339 5064at3041           -            555   3.1e-08   31.8   0.5   2   2   0.00016     0.032   11.9   0.0   118   203   187   278   175   301 0.66 -
KAI3438022.1         -            339 5064at3041           -            555   5.5e-08   30.9   0.7   1   2   5.6e-06    0.0011   16.7   0.6   177   290    35   147    19   171 0.66 -
KAI3438022.1         -            339 5064at3041           -            555   5.5e-08   30.9   0.7   2   2   0.00028     0.056   11.1   0.0   119   215   188   290   179   302 0.62 -
KAI3434892.1         -            786 5064at3041           -            555   6.6e-08   30.7   7.9   1   4     0.016       3.2    5.3   0.0   175   201     7    33     2    37 0.88 -
KAI3434892.1         -            786 5064at3041           -            555   6.6e-08   30.7   7.9   2   4   6.1e-07   0.00012   19.9   0.7   139   229    55   145    45   150 0.85 -
KAI3434892.1         -            786 5064at3041           -            555   6.6e-08   30.7   7.9   3   4      0.76   1.5e+02   -0.2   0.1   367   402   220   256   177   279 0.68 -
KAI3434892.1         -            786 5064at3041           -            555   6.6e-08   30.7   7.9   4   4    0.0076       1.5    6.4   0.0   243   295   290   339   281   351 0.80 -
KAI3433339.1         -            333 5064at3041           -            555   8.6e-08   30.3   0.4   1   2    0.0013      0.27    8.9   0.0    95   193    28   125    22   133 0.74 -
KAI3433339.1         -            333 5064at3041           -            555   8.6e-08   30.3   0.4   2   2     2e-06    0.0004   18.2   0.0   102   214   186   289   171   298 0.76 -
KAI3425118.1         -            553 5064at3041           -            555   1.2e-07   29.8   0.4   1   3     0.042       8.3    4.0   0.0   113   150   224   261   215   292 0.84 -
KAI3425118.1         -            553 5064at3041           -            555   1.2e-07   29.8   0.4   2   3   3.8e-07   7.6e-05   20.6   0.0   115   189   359   435   315   442 0.80 -
KAI3425118.1         -            553 5064at3041           -            555   1.2e-07   29.8   0.4   3   3      0.21        41    1.7   0.0   265   304   479   518   468   542 0.89 -
KAI3434650.1         -            330 5064at3041           -            555   1.3e-07   29.8   3.9   1   2     6e-06    0.0012   16.6   0.5   170   368    28   228    17   242 0.82 -
KAI3434650.1         -            330 5064at3041           -            555   1.3e-07   29.8   3.9   2   2   3.2e-06   0.00064   17.5   0.3    81   197   191   309   156   326 0.71 -
KAI3424349.1         -            501 5064at3041           -            555   1.4e-07   29.6   5.7   1   2     0.011       2.3    5.8   0.3   120   189   213   284   200   288 0.61 -
KAI3424349.1         -            501 5064at3041           -            555   1.4e-07   29.6   5.7   2   2   9.7e-09   1.9e-06   25.9   1.3   107   216   287   399   282   453 0.88 -
KAI3428691.1         -            807 5064at3041           -            555     4e-07   28.1  11.9   1   3     0.028       5.5    4.5   0.0   165   215    17    70    13    72 0.82 -
KAI3428691.1         -            807 5064at3041           -            555     4e-07   28.1  11.9   2   3   1.8e-07   3.5e-05   21.7   3.0   131   267    76   205    71   213 0.79 -
KAI3428691.1         -            807 5064at3041           -            555     4e-07   28.1  11.9   3   3    0.0086       1.7    6.2   0.9   136   221   200   282   194   294 0.70 -
KAI3429865.1         -            317 5064at3041           -            555   4.8e-07   27.9   0.9   1   2   1.3e-08   2.7e-06   25.4   0.3   108   275    47   220    36   228 0.75 -
KAI3429865.1         -            317 5064at3041           -            555   4.8e-07   27.9   0.9   2   2     0.062        12    3.4   0.1   122   190   192   264   176   280 0.71 -
KAI3428243.1         -            868 5064at3041           -            555   5.2e-07   27.7   6.5   1   4   1.5e-07   3.1e-05   21.9   0.8   117   223    63   169    51   181 0.81 -
KAI3428243.1         -            868 5064at3041           -            555   5.2e-07   27.7   6.5   2   4      0.48        95    0.5   0.0   172   191   233   252   214   300 0.76 -
KAI3428243.1         -            868 5064at3041           -            555   5.2e-07   27.7   6.5   3   4     0.047       9.4    3.8   0.0   124   150   333   359   324   365 0.87 -
KAI3428243.1         -            868 5064at3041           -            555   5.2e-07   27.7   6.5   4   4      0.35        70    0.9   0.1   119   151   372   405   364   411 0.84 -
KAI3426446.1         -            327 5064at3041           -            555   1.5e-06   26.2   1.4   1   3    0.0027      0.54    7.9   0.1   126   200    16    91     5    96 0.89 -
KAI3426446.1         -            327 5064at3041           -            555   1.5e-06   26.2   1.4   2   3     4e-05     0.008   13.9   0.1   173   273   158   257   133   264 0.84 -
KAI3426446.1         -            327 5064at3041           -            555   1.5e-06   26.2   1.4   3   3      0.17        33    2.0   0.0   165   188   288   312   270   323 0.65 -
KAI3438219.1         -            525 5064at3041           -            555   1.6e-06   26.1   5.4   1   3      0.85   1.7e+02   -0.4   0.0   401   452    20    70     7   111 0.61 -
KAI3438219.1         -            525 5064at3041           -            555   1.6e-06   26.1   5.4   2   3   3.9e-08   7.8e-06   23.8   0.7   164   265   338   442   327   446 0.71 -
KAI3438219.1         -            525 5064at3041           -            555   1.6e-06   26.1   5.4   3   3       0.1        20    2.7   0.0   113   157   472   516   460   522 0.83 -
KAI3429553.1         -            531 5064at3041           -            555   4.6e-06   24.6   2.0   1   1     5e-08     1e-05   23.5   2.0    65   148   194   279   143   290 0.75 -
KAI3437620.1         -            510 5064at3041           -            555   5.5e-06   24.4   1.9   1   2   2.8e-08   5.5e-06   24.4   1.9    51   279   161   379   155   391 0.78 -
KAI3437620.1         -            510 5064at3041           -            555   5.5e-06   24.4   1.9   2   2       4.4   8.7e+02   -2.7   0.2    60    85   423   448   412   454 0.63 -
KAI3436005.1         -            305 5064at3041           -            555   4.2e-05   21.5   0.5   1   2   1.1e-06   0.00021   19.1   0.2   118   279    15   181     5   185 0.82 -
KAI3436005.1         -            305 5064at3041           -            555   4.2e-05   21.5   0.5   2   2      0.27        53    1.3   0.0   111   151   179   219   173   271 0.84 -
KAI3438030.1         -            415 5064at3041           -            555   5.8e-05   21.0   0.1   1   2      0.52     1e+02    0.3   0.0   256   275   191   210   186   222 0.81 -
KAI3438030.1         -            415 5064at3041           -            555   5.8e-05   21.0   0.1   2   2     2e-06   0.00039   18.2   0.1   126   230   236   348   215   353 0.72 -
KAI3436773.1         -            408 5064at3041           -            555   6.2e-05   20.9   2.5   1   2    0.0001      0.02   12.6   0.2   124   199    36   111    25   120 0.92 -
KAI3436773.1         -            408 5064at3041           -            555   6.2e-05   20.9   2.5   2   2    0.0085       1.7    6.2   0.0   120   230   209   329   168   333 0.64 -
KAI3430661.1         -            450 5064at3041           -            555   0.00018   19.4   0.2   1   3   0.00014     0.029   12.1   0.0   176   230    81   135    63   141 0.56 -
KAI3430661.1         -            450 5064at3041           -            555   0.00018   19.4   0.2   2   3      0.51     1e+02    0.4   0.0   137   198   175   238   158   252 0.75 -
KAI3430661.1         -            450 5064at3041           -            555   0.00018   19.4   0.2   3   3      0.12        24    2.4   0.0   119   231   241   357   236   361 0.68 -
KAI3433638.1         -            375 5064at3041           -            555   0.00018   19.4  13.0   1   4    0.0013      0.25    9.0   0.7    68   149     2    91     1    99 0.78 -
KAI3433638.1         -            375 5064at3041           -            555   0.00018   19.4  13.0   2   4   0.00015     0.029   12.1   0.2   120   188   106   178    96   180 0.73 -
KAI3433638.1         -            375 5064at3041           -            555   0.00018   19.4  13.0   3   4      0.18        37    1.8   0.3   125   155   156   186   150   228 0.59 -
KAI3433638.1         -            375 5064at3041           -            555   0.00018   19.4  13.0   4   4      0.05        10    3.7   1.0    82   174   201   304   188   369 0.64 -
KAI3425793.1         -           1034 5064at3041           -            555    0.0002   19.2   0.2   1   3   9.6e-05     0.019   12.7   0.1   110   267     5   164     2   172 0.83 -
KAI3425793.1         -           1034 5064at3041           -            555    0.0002   19.2   0.2   2   3    0.0014      0.28    8.8   0.1   133   268    70   209    67   217 0.86 -
KAI3425793.1         -           1034 5064at3041           -            555    0.0002   19.2   0.2   3   3     0.069        14    3.2   0.0   137   192   204   260   182   299 0.67 -
KAI3424688.1         -            564 5064at3041           -            555   0.00076   17.3   4.2   1   3     0.035         7    4.2   0.0   243   281   274   311   268   316 0.68 -
KAI3424688.1         -            564 5064at3041           -            555   0.00076   17.3   4.2   2   3   7.5e-05     0.015   13.0   0.3   109   275   305   475   291   484 0.78 -
KAI3424688.1         -            564 5064at3041           -            555   0.00076   17.3   4.2   3   3      0.15        31    2.1   0.3    98   147   509   562   487   563 0.44 -
KAI3435675.1         -            742 5064at3041           -            555   0.00082   17.2   1.4   1   3   2.1e-05    0.0041   14.9   0.1   162   218    40   101    32   162 0.75 -
KAI3435675.1         -            742 5064at3041           -            555   0.00082   17.2   1.4   2   3       2.3   4.6e+02   -1.8   0.0   362   406   124   169   108   180 0.75 -
KAI3435675.1         -            742 5064at3041           -            555   0.00082   17.2   1.4   3   3       1.3   2.6e+02   -1.0   0.1   132   188   577   635   569   644 0.76 -
KAI3433964.1         -           1285 5064at3041           -            555   0.00084   17.1   5.9   1   4   0.00018     0.035   11.8   0.0   178   227    64   113    37   123 0.75 -
KAI3433964.1         -           1285 5064at3041           -            555   0.00084   17.1   5.9   2   4      0.11        21    2.6   0.2   128   189   139   201   112   209 0.65 -
KAI3433964.1         -           1285 5064at3041           -            555   0.00084   17.1   5.9   3   4     0.082        16    3.0   0.0   129   231   257   361   236   370 0.63 -
KAI3433964.1         -           1285 5064at3041           -            555   0.00084   17.1   5.9   4   4       3.2   6.4e+02   -2.3   0.1   363   429   489   557   459   570 0.68 -
KAI3434497.1         -            475 5064at3041           -            555    0.0011   16.7   0.3   1   3   0.00016     0.031   12.0   0.1   111   191    67   157    61   165 0.73 -
KAI3434497.1         -            475 5064at3041           -            555    0.0011   16.7   0.3   2   3      0.21        42    1.6   0.0   366   405   195   234   177   247 0.75 -
KAI3434497.1         -            475 5064at3041           -            555    0.0011   16.7   0.3   3   3       3.4   6.7e+02   -2.3   0.0   118   139   289   310   280   321 0.78 -
KAI3433729.1         -            675 5064at3041           -            555    0.0013   16.5   0.2   1   4       1.6   3.1e+02   -1.2   0.0   374   406   289   321   268   330 0.69 -
KAI3433729.1         -            675 5064at3041           -            555    0.0013   16.5   0.2   2   4     0.007       1.4    6.5   0.0   123   226   418   479   402   484 0.53 -
KAI3433729.1         -            675 5064at3041           -            555    0.0013   16.5   0.2   3   4    0.0095       1.9    6.1   0.0   334   436   452   528   428   564 0.48 -
KAI3433729.1         -            675 5064at3041           -            555    0.0013   16.5   0.2   4   4     0.024       4.8    4.8   0.0   120   151   632   664   600   669 0.74 -
KAI3436681.1         -            404 5064at3041           -            555    0.0013   16.5   0.0   1   3   3.6e-05    0.0072   14.1   0.0   108   230    13   139     6   144 0.86 -
KAI3436681.1         -            404 5064at3041           -            555    0.0013   16.5   0.0   2   3       4.6   9.3e+02   -2.8   0.0    22    41   162   181   156   186 0.76 -
KAI3436681.1         -            404 5064at3041           -            555    0.0013   16.5   0.0   3   3       1.6   3.1e+02   -1.2   0.0   165   193   249   278   201   304 0.56 -
KAI3436806.1         -            536 5064at3041           -            555    0.0022   15.7   0.1   1   2         3     6e+02   -2.2   0.0   128   164   118   154   114   187 0.75 -
KAI3436806.1         -            536 5064at3041           -            555    0.0022   15.7   0.1   2   2   2.6e-05    0.0053   14.5   0.0   174   231   245   302   179   318 0.81 -
KAI3424072.1         -            412 5064at3041           -            555    0.0022   15.7   0.0   1   2      0.59   1.2e+02    0.2   0.0   478   531   179   233   171   250 0.79 -
KAI3424072.1         -            412 5064at3041           -            555    0.0022   15.7   0.0   2   2   8.4e-05     0.017   12.9   0.0   116   190   276   355   241   361 0.79 -
KAI3438930.1         -            435 5064at3041           -            555    0.0092   13.7   0.9   1   2       0.1        21    2.6   0.2    26   152    66   195    61   202 0.59 -
KAI3438930.1         -            435 5064at3041           -            555    0.0092   13.7   0.9   2   2    0.0012      0.24    9.1   0.0    91   177   238   326   234   344 0.81 -
KAI3436358.1         -            640 5064at3041           -            555     0.013   13.2   0.2   1   2    0.0015      0.29    8.8   0.1   124   191   344   414   280   468 0.80 -
KAI3436358.1         -            640 5064at3041           -            555     0.013   13.2   0.2   2   2      0.19        37    1.8   0.0   133   189   531   589   513   595 0.82 -
#
# Program:         hmmsearch
# Version:         3.1b2 (February 2015)
# Pipeline mode:   SEARCH
# Query file:      /Users/catrionaharrison/Documents/Bioinformatics/rp2/Data/genomes/busco/busco_downloads/lineages/chlorophyta_odb10/hmms/5064at3041.hmm
# Target file:     /Users/catrionaharrison/Documents/Bioinformatics/rp2/Data/genomes/busco/data/chlorella_vulgaris.prot.fasta
# Option settings: hmmsearch --domtblout /Users/catrionaharrison/Documents/Bioinformatics/rp2/Data/genomes/busco/Busco_vulgaris/run_chlorophyta_odb10/hmmer_output/initial_run_results/5064at3041.out --cpu 1 /Users/catrionaharrison/Documents/Bioinformatics/rp2/Data/genomes/busco/busco_downloads/lineages/chlorophyta_odb10/hmms/5064at3041.hmm /Users/catrionaharrison/Documents/Bioinformatics/rp2/Data/genomes/busco/data/chlorella_vulgaris.prot.fasta 
# Current dir:     /Users/catrionaharrison/Documents/Bioinformatics/rp2/Data/genomes/busco
# Date:            Fri Jul 22 15:38:50 2022
# [ok]
