#                                                                            --- full sequence --- -------------- this domain -------------   hmm coord   ali coord   env coord
# target name        accession   tlen query name           accession   qlen   E-value  score  bias   #  of  c-Evalue  i-Evalue  score  bias  from    to  from    to  from    to  acc description of target
#------------------- ---------- ----- -------------------- ---------- ----- --------- ------ ----- --- --- --------- --------- ------ ----- ----- ----- ----- ----- ----- ----- ---- ---------------------
KAI3432644.1         -            363 5364at3041           -            170   8.3e-71  236.8   8.5   1   2   1.9e-05    0.0027   17.1   0.1    13    39    58    84    33    96 0.83 -
KAI3432644.1         -            363 5364at3041           -            170   8.3e-71  236.8   8.5   2   2   1.4e-70     2e-68  229.1   4.7    37   170   108   245    93   245 0.89 -
KAI3432336.1         -            633 5364at3041           -            170   1.8e-42  144.6   1.8   1   4   6.8e-09   9.6e-07   28.3   0.0    78   139    43   105    32   109 0.92 -
KAI3432336.1         -            633 5364at3041           -            170   1.8e-42  144.6   1.8   2   4   9.2e-13   1.3e-10   40.9   0.0    68   149   124   205   116   217 0.92 -
KAI3432336.1         -            633 5364at3041           -            170   1.8e-42  144.6   1.8   3   4     4e-10   5.6e-08   32.3   0.0    75   149   221   295   209   304 0.92 -
KAI3432336.1         -            633 5364at3041           -            170   1.8e-42  144.6   1.8   4   4   2.3e-12   3.3e-10   39.6   0.3    52   157   304   405   296   414 0.79 -
KAI3433828.1         -           1087 5364at3041           -            170     1e-32  112.9  18.6   1   5   2.8e-06   0.00039   19.8   0.0    78   134    30    86     7   101 0.83 -
KAI3433828.1         -           1087 5364at3041           -            170     1e-32  112.9  18.6   2   5   5.2e-13   7.4e-11   41.7   0.0    78   143   470   536   414   542 0.78 -
KAI3433828.1         -           1087 5364at3041           -            170     1e-32  112.9  18.6   3   5      0.77   1.1e+02    2.1   0.0    79   139   677   732   642   737 0.80 -
KAI3433828.1         -           1087 5364at3041           -            170     1e-32  112.9  18.6   4   5   1.5e-06   0.00022   20.6   0.0    65   149   823   918   777   926 0.78 -
KAI3433828.1         -           1087 5364at3041           -            170     1e-32  112.9  18.6   5   5   2.9e-11     4e-09   36.0   0.0    79   149   958  1028   951  1036 0.95 -
KAI3438130.1         -           1058 5364at3041           -            170   2.5e-28   98.6   5.8   1   4   6.7e-09   9.5e-07   28.3   0.3    73   155     5    87     2   108 0.89 -
KAI3438130.1         -           1058 5364at3041           -            170   2.5e-28   98.6   5.8   2   4   1.6e-10   2.2e-08   33.6   0.0    79   151   273   345   259   352 0.95 -
KAI3438130.1         -           1058 5364at3041           -            170   2.5e-28   98.6   5.8   3   4   7.8e-11   1.1e-08   34.6   0.3    46   149   502   607   469   613 0.80 -
KAI3438130.1         -           1058 5364at3041           -            170   2.5e-28   98.6   5.8   4   4       9.2   1.3e+03   -1.4   0.0   113   133   741   761   723   780 0.76 -
KAI3436183.1         -            359 5364at3041           -            170   2.5e-22   79.0   0.0   1   3   1.9e-06   0.00027   20.3   0.1    77   151    28   104     6   109 0.89 -
KAI3436183.1         -            359 5364at3041           -            170   2.5e-22   79.0   0.0   2   3   3.9e-10   5.5e-08   32.4   0.0    79   153   168   242   166   258 0.91 -
KAI3436183.1         -            359 5364at3041           -            170   2.5e-22   79.0   0.0   3   3   3.9e-07   5.5e-05   22.6   0.0    75   149   278   352   274   356 0.93 -
KAI3436074.1         -            407 5364at3041           -            170   6.8e-22   77.6   0.0   1   2   2.6e-12   3.7e-10   39.4   0.0    75   146    14    89     7    98 0.85 -
KAI3436074.1         -            407 5364at3041           -            170   6.8e-22   77.6   0.0   2   2   3.8e-11   5.4e-09   35.6   0.0    78   149   101   173    92   177 0.90 -
KAI3436646.1         -            757 5364at3041           -            170   2.8e-21   75.6   0.1   1   3   1.2e-10   1.6e-08   34.1   0.0    79   146   136   207   129   220 0.85 -
KAI3436646.1         -            757 5364at3041           -            170   2.8e-21   75.6   0.1   2   3     7e-05    0.0099   15.3   0.0    77   127   220   271   209   292 0.88 -
KAI3436646.1         -            757 5364at3041           -            170   2.8e-21   75.6   0.1   3   3   3.6e-07   5.2e-05   22.7   0.0    79   135   622   680   617   703 0.82 -
KAI3434500.1         -            587 5364at3041           -            170   2.9e-21   75.6   0.0   1   2   1.4e-09   1.9e-07   30.6   0.0    78   150   356   429   348   444 0.92 -
KAI3434500.1         -            587 5364at3041           -            170   2.9e-21   75.6   0.0   2   2   4.2e-13   5.9e-11   42.0   0.0    74   148   452   528   439   548 0.82 -
KAI3427171.1         -            646 5364at3041           -            170   9.8e-21   73.8   0.0   1   3   1.1e-05    0.0016   17.8   0.0    71   133   200   263   195   270 0.89 -
KAI3427171.1         -            646 5364at3041           -            170   9.8e-21   73.8   0.0   2   3   5.2e-10   7.3e-08   32.0   0.0    59   148   277   367   268   381 0.91 -
KAI3427171.1         -            646 5364at3041           -            170   9.8e-21   73.8   0.0   3   3   2.9e-06   0.00041   19.8   0.0    66   146   380   458   371   467 0.83 -
KAI3434529.1         -            456 5364at3041           -            170   1.5e-20   73.3   0.0   1   3   1.8e-05    0.0026   17.1   0.0    78   137    15    75     7    86 0.82 -
KAI3434529.1         -            456 5364at3041           -            170   1.5e-20   73.3   0.0   2   3   9.6e-11   1.4e-08   34.3   0.0    74   152   104   184    97   195 0.88 -
KAI3434529.1         -            456 5364at3041           -            170   1.5e-20   73.3   0.0   3   3   7.5e-06    0.0011   18.4   0.0    72   124   205   253   182   278 0.72 -
KAI3428198.1         -            562 5364at3041           -            170   1.5e-19   70.0   1.6   1   3   1.5e-11   2.1e-09   37.0   0.2    76   160   152   236   100   244 0.84 -
KAI3428198.1         -            562 5364at3041           -            170   1.5e-19   70.0   1.6   2   3   1.6e-06   0.00022   20.6   0.0    79   146   297   364   279   371 0.88 -
KAI3428198.1         -            562 5364at3041           -            170   1.5e-19   70.0   1.6   3   3     0.011       1.6    8.1   0.0    94   151   496   549   486   553 0.87 -
KAI3436113.1         -            228 5364at3041           -            170   1.2e-18   67.1   0.1   1   2   1.5e-10   2.1e-08   33.7   0.1    79   158    13    93     9    99 0.92 -
KAI3436113.1         -            228 5364at3041           -            170   1.2e-18   67.1   0.1   2   2   7.9e-10   1.1e-07   31.3   0.0    79   149   151   221   138   225 0.93 -
KAI3427976.1         -            520 5364at3041           -            170   2.8e-18   65.9   0.1   1   1   5.2e-20   7.3e-18   64.5   0.1    69   154    27   113    14   121 0.94 -
KAI3436696.1         -            472 5364at3041           -            170   1.3e-17   63.7   7.7   1   2     1e-10   1.4e-08   34.3   0.1    79   148     8    81     5    87 0.84 -
KAI3436696.1         -            472 5364at3041           -            170   1.3e-17   63.7   7.7   2   2   6.8e-11   9.6e-09   34.8   0.5    66   150    91   176    60   193 0.75 -
KAI3435861.1         -            526 5364at3041           -            170     2e-16   59.9   0.0   1   3   7.1e-08     1e-05   25.0   0.0    79   139    25    85    14    92 0.93 -
KAI3435861.1         -            526 5364at3041           -            170     2e-16   59.9   0.0   2   3   0.00026     0.037   13.4   0.0    78   135   121   177   115   185 0.87 -
KAI3435861.1         -            526 5364at3041           -            170     2e-16   59.9   0.0   3   3   1.4e-05     0.002   17.5   0.0    78   148   444   514   435   522 0.88 -
KAI3431467.1         -            284 5364at3041           -            170   3.9e-15   55.6   5.8   1   2   3.8e-08   5.3e-06   25.9   2.1    79   152     5    71     3    83 0.83 -
KAI3431467.1         -            284 5364at3041           -            170   3.9e-15   55.6   5.8   2   2   8.2e-10   1.2e-07   31.3   0.5    59   150    76   161    63   167 0.84 -
KAI3438887.1         -            509 5364at3041           -            170   1.4e-13   50.6   4.3   1   2   9.4e-13   1.3e-10   40.9   3.3    29   146   200   317   184   341 0.73 -
KAI3438887.1         -            509 5364at3041           -            170   1.4e-13   50.6   4.3   2   2   2.4e-05    0.0034   16.8   0.0    87   151   356   420   322   430 0.77 -
KAI3435585.1         -            453 5364at3041           -            170   2.2e-13   49.9   0.0   1   1   2.4e-15   3.4e-13   49.3   0.0    73   146     8    82     3    93 0.88 -
KAI3435854.1         -            874 5364at3041           -            170   5.4e-13   48.6   1.5   1   2   2.8e-06   0.00039   19.8   0.0    79   137   208   270   202   286 0.80 -
KAI3435854.1         -            874 5364at3041           -            170   5.4e-13   48.6   1.5   2   2   1.7e-07   2.3e-05   23.8   0.0    77   140   310   376   291   386 0.89 -
KAI3432364.1         -            404 5364at3041           -            170   7.1e-13   48.3   0.0   1   1   7.6e-15   1.1e-12   47.7   0.0    37   162   203   324   183   332 0.71 -
KAI3434887.1         -            195 5364at3041           -            170   3.7e-12   45.9   0.4   1   2       8.7   1.2e+03   -1.3   0.9    44    74    30    60    16    71 0.54 -
KAI3434887.1         -            195 5364at3041           -            170   3.7e-12   45.9   0.4   2   2   2.7e-14   3.7e-12   45.9   0.4    78   153   115   191    54   194 0.85 -
KAI3430496.1         -            474 5364at3041           -            170     5e-12   45.5   0.0   1   3   5.4e-07   7.7e-05   22.1   0.0    75   133    18    79     2    90 0.81 -
KAI3430496.1         -            474 5364at3041           -            170     5e-12   45.5   0.0   2   3       0.1        15    4.9   0.0    78   128   106   161    91   190 0.71 -
KAI3430496.1         -            474 5364at3041           -            170     5e-12   45.5   0.0   3   3   9.2e-05     0.013   14.9   0.0    77   133   217   274   212   296 0.82 -
KAI3433472.1         -            200 5364at3041           -            170   7.7e-12   44.9   0.1   1   2       6.1   8.6e+02   -0.8   0.2    50    63    45    58    17   101 0.61 -
KAI3433472.1         -            200 5364at3041           -            170   7.7e-12   44.9   0.1   2   2   1.5e-13   2.1e-11   43.4   0.0    69   149   112   191    66   197 0.79 -
KAI3432566.1         -            424 5364at3041           -            170   8.4e-12   44.8   3.7   1   2    0.0028       0.4   10.0   0.0    76   108   173   205   107   212 0.71 -
KAI3432566.1         -            424 5364at3041           -            170   8.4e-12   44.8   3.7   2   2   1.7e-10   2.4e-08   33.5   0.0    69   137   279   347   245   378 0.88 -
KAI3427113.1         -            967 5364at3041           -            170   8.6e-12   44.7   0.0   1   3       5.9   8.4e+02   -0.8   0.0   112   147    43    78     7    92 0.82 -
KAI3427113.1         -            967 5364at3041           -            170   8.6e-12   44.7   0.0   2   3     5e-07   7.1e-05   22.2   0.0    72   136   206   271   183   283 0.85 -
KAI3427113.1         -            967 5364at3041           -            170   8.6e-12   44.7   0.0   3   3   1.6e-05    0.0022   17.4   0.0    62   147   435   520   422   540 0.89 -
KAI3437982.1         -            288 5364at3041           -            170   1.2e-11   44.2   4.1   1   2      0.63        90    2.4   0.9    17    69    27    80    18    89 0.76 -
KAI3437982.1         -            288 5364at3041           -            170   1.2e-11   44.2   4.1   2   2   4.1e-13   5.8e-11   42.1   0.0    79   139   206   267   202   279 0.94 -
KAI3430894.1         -            454 5364at3041           -            170   3.2e-11   42.9   0.0   1   3   2.3e-06   0.00033   20.1   0.0    78   147    52   122    44   133 0.90 -
KAI3430894.1         -            454 5364at3041           -            170   3.2e-11   42.9   0.0   2   3       6.1   8.7e+02   -0.8   0.0    78   108   147   177   142   188 0.72 -
KAI3430894.1         -            454 5364at3041           -            170   3.2e-11   42.9   0.0   3   3   5.1e-06   0.00072   19.0   0.0    95   158   312   376   293   385 0.86 -
KAI3425033.1         -            293 5364at3041           -            170   3.3e-11   42.9   0.1   1   3      0.23        32    3.8   0.0    50    98    54    97    19   101 0.68 -
KAI3425033.1         -            293 5364at3041           -            170   3.3e-11   42.9   0.1   2   3     0.014       1.9    7.8   0.1   112   142   132   161   128   169 0.79 -
KAI3425033.1         -            293 5364at3041           -            170   3.3e-11   42.9   0.1   3   3   1.2e-08   1.8e-06   27.5   0.0    76   124   209   258   202   273 0.91 -
KAI3436184.1         -            417 5364at3041           -            170   3.5e-11   42.8   0.0   1   2   2.6e-12   3.7e-10   39.4   0.0    78   154   120   198    82   209 0.91 -
KAI3436184.1         -            417 5364at3041           -            170   3.5e-11   42.8   0.0   2   2       1.7   2.4e+02    1.0   0.0   108   149   286   327   263   347 0.82 -
KAI3433493.1         -            229 5364at3041           -            170   3.7e-11   42.7   0.0   1   2   2.6e-06   0.00037   19.9   0.0    75   145    17    89     5   103 0.77 -
KAI3433493.1         -            229 5364at3041           -            170   3.7e-11   42.7   0.0   2   2   1.1e-06   0.00016   21.1   0.0    33   146   108   218    90   225 0.67 -
KAI3438238.1         -            476 5364at3041           -            170   4.5e-11   42.4   1.8   1   3       6.5   9.2e+02   -0.9   2.1    34    68    42    76    29    80 0.71 -
KAI3438238.1         -            476 5364at3041           -            170   4.5e-11   42.4   1.8   2   3   1.7e-10   2.5e-08   33.5   0.0    72   149   271   349   261   373 0.87 -
KAI3438238.1         -            476 5364at3041           -            170   4.5e-11   42.4   1.8   3   3     0.093        13    5.1   0.0    92   147   399   459   374   466 0.88 -
KAI3426247.1         -            342 5364at3041           -            170   7.6e-11   41.7   0.0   1   1   8.2e-13   1.2e-10   41.1   0.0    67   149    28   112    12   125 0.84 -
KAI3426246.1         -            346 5364at3041           -            170   7.8e-11   41.6   0.0   1   1   8.3e-13   1.2e-10   41.0   0.0    67   149    28   112    12   125 0.84 -
KAI3423865.1         -            289 5364at3041           -            170   1.7e-10   40.5   1.6   1   1   2.1e-12   2.9e-10   39.7   1.6    72   149    21    99     3   123 0.85 -
KAI3436545.1         -            435 5364at3041           -            170   3.7e-10   39.4   0.0   1   2   3.5e-05    0.0049   16.2   0.0    77   149    28   101    21   113 0.88 -
KAI3436545.1         -            435 5364at3041           -            170   3.7e-10   39.4   0.0   2   2     1e-06   0.00015   21.2   0.0    78   145   116   185   102   190 0.90 -
KAI3438245.1         -            971 5364at3041           -            170     6e-10   38.8   0.0   1   1   4.2e-12     6e-10   38.8   0.0    48   145   187   289   167   300 0.79 -
KAI3429318.1         -           1599 5364at3041           -            170   8.2e-10   38.3   0.0   1   3    0.0016      0.22   10.9   0.0    68   142   783   852   772   864 0.85 -
KAI3429318.1         -           1599 5364at3041           -            170   8.2e-10   38.3   0.0   2   3   0.00037     0.052   12.9   0.0    73   139   901   966   891   970 0.87 -
KAI3429318.1         -           1599 5364at3041           -            170   8.2e-10   38.3   0.0   3   3    0.0029      0.41   10.0   0.0    64   142   995  1068   976  1071 0.88 -
KAI3430816.1         -            171 5364at3041           -            170   8.4e-10   38.3   0.0   1   1   1.3e-11   1.8e-09   37.2   0.0    73   149    13    90     8   101 0.91 -
KAI3435888.1         -            312 5364at3041           -            170   9.9e-10   38.0   0.0   1   1   1.1e-11   1.5e-09   37.4   0.0    77   149    50   123    27   146 0.85 -
KAI3437709.1         -            228 5364at3041           -            170   1.1e-09   37.9   0.1   1   1   1.1e-11   1.5e-09   37.4   0.1    34   133    43   139    19   161 0.71 -
KAI3425035.1         -            197 5364at3041           -            170   3.5e-09   36.3   1.0   1   2   6.6e-11   9.3e-09   34.9   0.0    66   144    24   104     2   118 0.82 -
KAI3425035.1         -            197 5364at3041           -            170   3.5e-09   36.3   1.0   2   2       3.8   5.4e+02   -0.2   0.3    30    55   143   168   122   177 0.56 -
KAI3435803.1         -            218 5364at3041           -            170   7.6e-09   35.2   0.1   1   1   7.5e-11   1.1e-08   34.7   0.1    77   154    35   113    18   126 0.94 -
KAI3434830.1         -            398 5364at3041           -            170   9.7e-09   34.8   0.1   1   2   6.9e-11   9.7e-09   34.8   0.1    79   150    38   110    23   125 0.90 -
KAI3434830.1         -            398 5364at3041           -            170   9.7e-09   34.8   0.1   2   2         2   2.9e+02    0.7   8.6    29    59   249   279   238   294 0.52 -
KAI3433564.1         -            472 5364at3041           -            170   1.2e-08   34.5   0.0   1   2    0.0014       0.2   11.0   0.0    93   150    29    93    14   116 0.79 -
KAI3433564.1         -            472 5364at3041           -            170   1.2e-08   34.5   0.0   2   2   1.1e-06   0.00016   21.1   0.0    91   151   303   364   288   378 0.83 -
KAI3430285.1         -            283 5364at3041           -            170   1.3e-08   34.4   0.0   1   1   1.8e-10   2.5e-08   33.5   0.0    72   139    82   150    49   155 0.85 -
KAI3435919.1         -            428 5364at3041           -            170   1.9e-08   33.9   0.0   1   2   0.00017     0.024   14.0   0.0    74   135   185   245   141   250 0.83 -
KAI3435919.1         -            428 5364at3041           -            170   1.9e-08   33.9   0.0   2   2   1.2e-05    0.0017   17.8   0.0    77   136   285   344   276   348 0.91 -
KAI3437764.1         -            297 5364at3041           -            170   6.7e-08   32.1   0.0   1   1   1.2e-09   1.7e-07   30.8   0.0    79   153   220   294   216   295 0.96 -
KAI3424256.1         -            140 5364at3041           -            170   8.9e-08   31.7   0.0   1   1   6.9e-10   9.7e-08   31.5   0.0    79   145    54   121    12   127 0.91 -
KAI3430288.1         -            249 5364at3041           -            170   1.3e-07   31.1   0.0   1   1   1.3e-09   1.8e-07   30.7   0.0    78   155    34   112    21   119 0.91 -
KAI3436326.1         -            379 5364at3041           -            170   2.4e-07   30.2   0.1   1   1     3e-09   4.2e-07   29.5   0.1    79   149   251   322   230   343 0.88 -
KAI3430726.1         -            222 5364at3041           -            170   2.9e-07   30.0   0.0   1   2   2.9e-05    0.0041   16.5   0.0    74   139     4    71     1    86 0.83 -
KAI3430726.1         -            222 5364at3041           -            170   2.9e-07   30.0   0.0   2   2   0.00089      0.13   11.7   0.0    72   142   143   209    99   215 0.82 -
KAI3437976.1         -            653 5364at3041           -            170   3.1e-07   29.9   0.0   1   4      0.89   1.3e+02    1.9   0.0    78   116    46    84    37    99 0.88 -
KAI3437976.1         -            653 5364at3041           -            170   3.1e-07   29.9   0.0   2   4   1.1e-05    0.0016   17.8   0.0    54   123   221   289   197   309 0.78 -
KAI3437976.1         -            653 5364at3041           -            170   3.1e-07   29.9   0.0   3   4       6.9   9.7e+02   -1.0   0.8    31    61   321   350   303   363 0.56 -
KAI3437976.1         -            653 5364at3041           -            170   3.1e-07   29.9   0.0   4   4      0.17        24    4.3   0.0    72   133   390   449   381   460 0.81 -
KAI3429867.1         -            127 5364at3041           -            170   4.3e-07   29.5   0.2   1   1     6e-09   8.5e-07   28.5   0.1    77   149    16    86     5    98 0.90 -
KAI3427383.1         -           1216 5364at3041           -            170   8.1e-07   28.5   0.0   1   1   1.1e-08   1.5e-06   27.7   0.0    76   135  1131  1191  1117  1202 0.87 -
KAI3427384.1         -           1217 5364at3041           -            170   8.1e-07   28.5   0.0   1   1   1.1e-08   1.5e-06   27.7   0.0    76   135  1132  1192  1118  1203 0.87 -
KAI3426906.1         -            283 5364at3041           -            170     1e-06   28.2   0.0   1   1   1.3e-08   1.8e-06   27.4   0.0    77   149   139   211    88   233 0.86 -
KAI3425911.1         -            425 5364at3041           -            170   4.5e-06   26.1   0.0   1   2    0.0024      0.34   10.2   0.0    40   110   207   277   192   290 0.85 -
KAI3425911.1         -            425 5364at3041           -            170   4.5e-06   26.1   0.0   2   2   0.00021      0.03   13.7   0.0    58   140   323   404   315   416 0.89 -
KAI3436793.1         -            964 5364at3041           -            170   5.9e-06   25.7   0.1   1   1   1.3e-07   1.9e-05   24.1   0.0    32   149   690   809   673   822 0.77 -
KAI3426334.1         -            577 5364at3041           -            170   2.1e-05   24.0   0.5   1   2   2.1e-06    0.0003   20.2   0.0    75   168    79   169    71   171 0.88 -
KAI3426334.1         -            577 5364at3041           -            170   2.1e-05   24.0   0.5   2   2       1.7   2.4e+02    1.0   0.8    21    50   312   341   302   355 0.68 -
KAI3432216.1         -            397 5364at3041           -            170   4.8e-05   22.8   0.4   1   2   1.6e-05    0.0022   17.4   0.1    84   154    61   129    58   132 0.89 -
KAI3432216.1         -            397 5364at3041           -            170   4.8e-05   22.8   0.4   2   2      0.33        47    3.3   0.0   121   141   203   223   178   230 0.87 -
KAI3432291.1         -            814 5364at3041           -            170   4.9e-05   22.7   0.0   1   3     0.095        13    5.1   0.0    89   135    22    63     4    97 0.73 -
KAI3432291.1         -            814 5364at3041           -            170   4.9e-05   22.7   0.0   2   3    0.0072         1    8.7   0.0    87   133   370   417   354   426 0.82 -
KAI3432291.1         -            814 5364at3041           -            170   4.9e-05   22.7   0.0   3   3     0.098        14    5.0   0.0    17   113   672   768   657   778 0.60 -
KAI3439034.1         -            219 5364at3041           -            170   6.1e-05   22.4   0.0   1   1   5.6e-07   7.9e-05   22.1   0.0    79   140     5    62     3   102 0.87 -
KAI3438565.1         -            538 5364at3041           -            170   7.5e-05   22.1   0.0   1   1   9.3e-07   0.00013   21.4   0.0    79   136    52   110    49   142 0.87 -
KAI3433825.1         -            731 5364at3041           -            170   0.00015   21.2   0.0   1   1   1.1e-06   0.00015   21.2   0.0    77   137    29    89     6   109 0.80 -
KAI3436312.1         -            702 5364at3041           -            170   0.00016   21.1   0.0   1   1   1.8e-06   0.00026   20.4   0.0    38   135   435   530   418   557 0.69 -
KAI3436102.1         -            110 5364at3041           -            170     0.001   18.5   0.0   1   1   8.4e-06    0.0012   18.2   0.0    78   150     8    75     3    90 0.85 -
KAI3439037.1         -            609 5364at3041           -            170    0.0019   17.6   0.0   1   2    0.0016      0.22   10.9   0.0    64   126    53   111    50   127 0.84 -
KAI3439037.1         -            609 5364at3041           -            170    0.0019   17.6   0.0   2   2      0.19        28    4.0   0.0    82   124   300   339   292   355 0.84 -
KAI3436168.1         -            641 5364at3041           -            170    0.0021   17.4   0.0   1   1   2.9e-05     0.004   16.5   0.0    70   151   325   405   278   418 0.80 -
KAI3433541.1         -            349 5364at3041           -            170    0.0033   16.8   0.0   1   2       0.2        28    4.0   0.0    67   121    37    90    31   105 0.75 -
KAI3433541.1         -            349 5364at3041           -            170    0.0033   16.8   0.0   2   2    0.0021      0.29   10.5   0.0    65   124   193   248   181   263 0.83 -
KAI3435656.1         -            229 5364at3041           -            170    0.0042   16.5   0.0   1   1     3e-05    0.0042   16.5   0.0    82   141    10    65     5    84 0.84 -
KAI3427394.1         -            484 5364at3041           -            170    0.0084   15.5   0.0   1   3       6.6   9.3e+02   -0.9   0.7    47    64   136   153    87   172 0.54 -
KAI3427394.1         -            484 5364at3041           -            170    0.0084   15.5   0.0   2   3       5.6   7.9e+02   -0.7   0.3    10    64   179   233   176   247 0.79 -
KAI3427394.1         -            484 5364at3041           -            170    0.0084   15.5   0.0   3   3     6e-05    0.0084   15.5   0.0    61   142   373   456   364   461 0.85 -
KAI3435787.1         -            192 5364at3041           -            170    0.0088   15.4   0.0   1   1   0.00011     0.015   14.6   0.0    98   151    32    86     4    97 0.77 -
KAI3431450.1         -            724 5364at3041           -            170     0.012   14.9   0.2   1   1    0.0003     0.043   13.2   0.1   110   142   107   139    75   145 0.76 -
KAI3425047.1         -            404 5364at3041           -            170     0.014   14.7   0.2   1   1   0.00029     0.041   13.2   0.1    77   130   113   167    55   175 0.81 -
KAI3433525.1         -           1097 5364at3041           -            170     0.021   14.2   0.0   1   1   0.00026     0.037   13.4   0.0    76   137   939   995   918  1007 0.82 -
KAI3432299.1         -            883 5364at3041           -            170     0.033   13.5   2.2   1   3    0.0024      0.34   10.3   0.0    77   120   209   248   202   261 0.81 -
KAI3432299.1         -            883 5364at3041           -            170     0.033   13.5   2.2   2   3       2.6   3.7e+02    0.4   0.0    77   117   291   329   271   364 0.74 -
KAI3432299.1         -            883 5364at3041           -            170     0.033   13.5   2.2   3   3       5.9   8.4e+02   -0.8   0.0    69   124   696   754   668   759 0.59 -
KAI3437796.1         -            375 5364at3041           -            170     0.071   12.5   0.2   1   1     0.001      0.14   11.5   0.2    96   150    89   143    78   156 0.93 -
KAI3430899.1         -            365 5364at3041           -            170     0.094   12.1   0.0   1   1     0.001      0.14   11.5   0.0    79   135    40    97    32   117 0.91 -
KAI3435510.1         -            486 5364at3041           -            170      0.11   11.9   0.0   1   3       1.1   1.5e+02    1.6   0.0   109   137   149   177   102   194 0.78 -
KAI3435510.1         -            486 5364at3041           -            170      0.11   11.9   0.0   2   3      0.82   1.2e+02    2.0   0.0    91   146   249   307   237   325 0.82 -
KAI3435510.1         -            486 5364at3041           -            170      0.11   11.9   0.0   3   3      0.25        36    3.7   0.0   105   125   420   440   417   455 0.88 -
#
# Program:         hmmsearch
# Version:         3.1b2 (February 2015)
# Pipeline mode:   SEARCH
# Query file:      /Users/catrionaharrison/Documents/Bioinformatics/rp2/Data/genomes/busco/busco_downloads/lineages/chlorophyta_odb10/hmms/5364at3041.hmm
# Target file:     /Users/catrionaharrison/Documents/Bioinformatics/rp2/Data/genomes/busco/data/chlorella_vulgaris.prot.fasta
# Option settings: hmmsearch --domtblout /Users/catrionaharrison/Documents/Bioinformatics/rp2/Data/genomes/busco/Busco_vulgaris/run_chlorophyta_odb10/hmmer_output/initial_run_results/5364at3041.out --cpu 1 /Users/catrionaharrison/Documents/Bioinformatics/rp2/Data/genomes/busco/busco_downloads/lineages/chlorophyta_odb10/hmms/5364at3041.hmm /Users/catrionaharrison/Documents/Bioinformatics/rp2/Data/genomes/busco/data/chlorella_vulgaris.prot.fasta 
# Current dir:     /Users/catrionaharrison/Documents/Bioinformatics/rp2/Data/genomes/busco
# Date:            Fri Jul 22 15:40:05 2022
# [ok]
