#                                                                            --- full sequence --- -------------- this domain -------------   hmm coord   ali coord   env coord
# target name        accession   tlen query name           accession   qlen   E-value  score  bias   #  of  c-Evalue  i-Evalue  score  bias  from    to  from    to  from    to  acc description of target
#------------------- ---------- ----- -------------------- ---------- ----- --------- ------ ----- --- --- --------- --------- ------ ----- ----- ----- ----- ----- ----- ----- ---- ---------------------
KAI3426082.1         -            412 5420at3041           -            299  1.8e-109  364.8   0.0   1   2   1.1e-79   2.4e-76  256.0   0.0     1   208     4   247     4   258 0.84 -
KAI3426082.1         -            412 5420at3041           -            299  1.8e-109  364.8   0.0   2   2   1.2e-33   2.8e-30  104.8   0.0   212   286   280   361   271   368 0.90 -
KAI3436231.1         -            378 5420at3041           -            299   5.5e-45  153.1   0.0   1   1   3.4e-48   7.7e-45  152.6   0.0     2   285    10   326     9   332 0.80 -
KAI3437694.1         -            275 5420at3041           -            299   6.3e-07   28.1   0.0   1   2   8.8e-08    0.0002   19.9   0.0   162   233    83   146    67   155 0.90 -
KAI3437694.1         -            275 5420at3041           -            299   6.3e-07   28.1   0.0   2   2    0.0015       3.3    6.1   0.0   255   285   189   220   176   235 0.81 -
KAI3428020.1         -            411 5420at3041           -            299   1.2e-06   27.2   0.0   1   2   9.8e-06     0.022   13.2   0.0    51   159    87   210    56   224 0.76 -
KAI3428020.1         -            411 5420at3041           -            299   1.2e-06   27.2   0.0   2   2   2.6e-05     0.059   11.8   0.0   202   284   267   351   239   355 0.76 -
KAI3437692.1         -            199 5420at3041           -            299   1.7e-05   23.4   0.0   1   1   1.8e-08     4e-05   22.2   0.0     2   128    14   167    13   175 0.64 -
#
# Program:         hmmsearch
# Version:         3.1b2 (February 2015)
# Pipeline mode:   SEARCH
# Query file:      /Users/catrionaharrison/Documents/Bioinformatics/rp2/Data/genomes/busco/busco_downloads/lineages/chlorophyta_odb10/hmms/5420at3041.hmm
# Target file:     /Users/catrionaharrison/Documents/Bioinformatics/rp2/Data/genomes/busco/data/chlorella_vulgaris.prot.fasta
# Option settings: hmmsearch --domtblout /Users/catrionaharrison/Documents/Bioinformatics/rp2/Data/genomes/busco/Busco_vulgaris/run_chlorophyta_odb10/hmmer_output/initial_run_results/5420at3041.out --cpu 1 /Users/catrionaharrison/Documents/Bioinformatics/rp2/Data/genomes/busco/busco_downloads/lineages/chlorophyta_odb10/hmms/5420at3041.hmm /Users/catrionaharrison/Documents/Bioinformatics/rp2/Data/genomes/busco/data/chlorella_vulgaris.prot.fasta 
# Current dir:     /Users/catrionaharrison/Documents/Bioinformatics/rp2/Data/genomes/busco
# Date:            Fri Jul 22 15:37:13 2022
# [ok]
