#                                                                            --- full sequence --- -------------- this domain -------------   hmm coord   ali coord   env coord
# target name        accession   tlen query name           accession   qlen   E-value  score  bias   #  of  c-Evalue  i-Evalue  score  bias  from    to  from    to  from    to  acc description of target
#------------------- ---------- ----- -------------------- ---------- ----- --------- ------ ----- --- --- --------- --------- ------ ----- ----- ----- ----- ----- ----- ----- ---- ---------------------
KAI3436196.1         -            351 5528at3041           -            240   2.6e-88  294.6  23.2   1   3   6.1e-46   1.8e-43  147.8   4.7     1   120     8   150     8   161 0.87 -
KAI3436196.1         -            351 5528at3041           -            240   2.6e-88  294.6  23.2   2   3   4.3e-35   1.3e-32  112.3   7.8    96   199   153   270   148   287 0.84 -
KAI3436196.1         -            351 5528at3041           -            240   2.6e-88  294.6  23.2   3   3     9e-12   2.6e-09   35.9   0.1   197   240   295   340   275   340 0.87 -
KAI3427269.1         -            364 5528at3041           -            240     4e-34  117.2   7.6   1   3   4.9e-24   1.4e-21   76.1   0.7    21   168    40   207    28   226 0.79 -
KAI3427269.1         -            364 5528at3041           -            240     4e-34  117.2   7.6   2   3   2.8e-06   0.00082   17.9   0.1   169   203   271   305   269   314 0.87 -
KAI3427269.1         -            364 5528at3041           -            240     4e-34  117.2   7.6   3   3   1.7e-08   4.9e-06   25.2   0.1   123   167   317   361   306   363 0.89 -
KAI3429728.1         -            355 5528at3041           -            240   8.6e-30  103.0   0.7   1   4   6.3e-05     0.019   13.5   0.0   170   199    26    55    20    58 0.92 -
KAI3429728.1         -            355 5528at3041           -            240   8.6e-30  103.0   0.7   2   4   2.1e-08   6.2e-06   24.9   0.0   122   198    73   159    67   164 0.85 -
KAI3429728.1         -            355 5528at3041           -            240   8.6e-30  103.0   0.7   3   4   3.8e-14   1.1e-11   43.7   0.1    91   205   134   269   133   276 0.75 -
KAI3429728.1         -            355 5528at3041           -            240   8.6e-30  103.0   0.7   4   4   1.8e-06   0.00052   18.6   0.0   122   183   285   346   269   354 0.77 -
KAI3431848.1         -            377 5528at3041           -            240   1.1e-29  102.7  12.5   1   4     0.011       3.2    6.2   0.1    91   120    14    43     9    53 0.56 -
KAI3431848.1         -            377 5528at3041           -            240   1.1e-29  102.7  12.5   2   4   1.6e-19   4.6e-17   61.3   1.4    45   168    57   195    44   214 0.76 -
KAI3431848.1         -            377 5528at3041           -            240   1.1e-29  102.7  12.5   3   4   2.1e-05    0.0061   15.1   0.1   157   200   215   257   207   276 0.80 -
KAI3431848.1         -            377 5528at3041           -            240   1.1e-29  102.7  12.5   4   4     1e-08   2.9e-06   25.9   0.4   119   183   298   362   293   369 0.89 -
KAI3427077.1         -            981 5528at3041           -            240   7.5e-27   93.4   7.8   1   3   1.8e-20   5.2e-18   64.4   2.4    87   214    15   159     7   166 0.81 -
KAI3427077.1         -            981 5528at3041           -            240   7.5e-27   93.4   7.8   2   3    0.0031       0.9    8.0   0.0   119   145   161   187   152   210 0.77 -
KAI3427077.1         -            981 5528at3041           -            240   7.5e-27   93.4   7.8   3   3   9.5e-08   2.8e-05   22.7   0.0    20    82   233   300   221   307 0.69 -
KAI3427078.1         -           1038 5528at3041           -            240   3.2e-26   91.3   7.4   1   4   1.8e-05    0.0052   15.3   0.0   172   203    18    49    14    67 0.79 -
KAI3427078.1         -           1038 5528at3041           -            240   3.2e-26   91.3   7.4   2   4   4.9e-15   1.4e-12   46.6   0.9   124   206   117   208    79   220 0.83 -
KAI3427078.1         -           1038 5528at3041           -            240   3.2e-26   91.3   7.4   3   4    0.0034      0.98    7.8   0.0   119   144   218   243   209   266 0.77 -
KAI3427078.1         -           1038 5528at3041           -            240   3.2e-26   91.3   7.4   4   4     1e-07     3e-05   22.6   0.0    20    82   290   357   278   364 0.69 -
KAI3437912.1         -            330 5528at3041           -            240   2.4e-25   88.4   0.1   1   2   6.8e-12     2e-09   36.3   0.0    90   197    47   172    37   184 0.74 -
KAI3437912.1         -            330 5528at3041           -            240   2.4e-25   88.4   0.1   2   2   4.1e-14   1.2e-11   43.6   0.2    46   165   187   320   177   327 0.83 -
KAI3430631.1         -            380 5528at3041           -            240   1.3e-24   86.0   5.5   1   1   6.6e-25     2e-22   78.9   4.0    20   239   106   357   105   358 0.79 -
KAI3437665.1         -            853 5528at3041           -            240   5.6e-24   83.9   4.9   1   3   7.9e-09   2.3e-06   26.3   0.9   122   200   592   683   545   689 0.77 -
KAI3437665.1         -            853 5528at3041           -            240   5.6e-24   83.9   4.9   2   3   1.7e-16     5e-14   51.4   0.1    89   199   654   778   651   783 0.82 -
KAI3437665.1         -            853 5528at3041           -            240   5.6e-24   83.9   4.9   3   3   3.4e-06     0.001   17.6   0.1   122   171   800   846   792   851 0.81 -
KAI3437742.1         -            363 5528at3041           -            240   6.7e-24   83.7  10.1   1   4   1.1e-05    0.0032   16.0   0.1   171   202    16    47    10    61 0.82 -
KAI3437742.1         -            363 5528at3041           -            240   6.7e-24   83.7  10.1   2   4   5.4e-08   1.6e-05   23.5   0.0   119   203   102   191    93   204 0.78 -
KAI3437742.1         -            363 5528at3041           -            240   6.7e-24   83.7  10.1   3   4     3e-08   8.8e-06   24.4   1.4   135   199   232   309   226   314 0.75 -
KAI3437742.1         -            363 5528at3041           -            240   6.7e-24   83.7  10.1   4   4     4e-12   1.2e-09   37.1   0.3    85   164   277   360   257   361 0.86 -
KAI3437788.1         -            346 5528at3041           -            240   6.4e-23   80.5   0.1   1   3     0.047        14    4.1   0.0   169   199    37    67    32    73 0.86 -
KAI3437788.1         -            346 5528at3041           -            240   6.4e-23   80.5   0.1   2   3   2.4e-12     7e-10   37.8   0.0   118   199    82   169    74   177 0.86 -
KAI3437788.1         -            346 5528at3041           -            240   6.4e-23   80.5   0.1   3   3     2e-11     6e-09   34.7   0.0    47   166   181   303   171   318 0.81 -
KAI3436445.1         -            493 5528at3041           -            240   6.3e-21   74.0   3.5   1   3   2.3e-09   6.9e-07   28.0   0.2    87   162   163   243   151   249 0.81 -
KAI3436445.1         -            493 5528at3041           -            240   6.3e-21   74.0   3.5   2   3   9.2e-13   2.7e-10   39.1   0.2    87   202   276   399   266   404 0.81 -
KAI3436445.1         -            493 5528at3041           -            240   6.3e-21   74.0   3.5   3   3    0.0084       2.5    6.5   0.0   114   151   402   439   398   450 0.79 -
KAI3437851.1         -            337 5528at3041           -            240   1.8e-20   72.5   9.0   1   3     3e-06   0.00089   17.8   2.3    81   196    13   144     7   145 0.70 -
KAI3437851.1         -            337 5528at3041           -            240   1.8e-20   72.5   9.0   2   3     9e-15   2.7e-12   45.7   1.0    87   198   117   240   108   246 0.83 -
KAI3437851.1         -            337 5528at3041           -            240   1.8e-20   72.5   9.0   3   3   0.00011     0.031   12.8   0.0   118   168   259   309   251   329 0.80 -
KAI3436269.1         -            295 5528at3041           -            240   3.7e-20   71.5   5.8   1   2   3.4e-13     1e-10   40.6   1.1    87   201    16   140     9   145 0.81 -
KAI3436269.1         -            295 5528at3041           -            240   3.7e-20   71.5   5.8   2   2   1.6e-10   4.6e-08   31.9   0.3   123   207   153   246   144   292 0.56 -
KAI3438467.1         -            381 5528at3041           -            240   5.1e-20   71.0   9.3   1   2   1.7e-06   0.00049   18.6   0.1    90   165   111   188   100   196 0.67 -
KAI3438467.1         -            381 5528at3041           -            240   5.1e-20   71.0   9.3   2   2   3.4e-17   9.9e-15   53.7   4.9    15   163   214   376   203   379 0.77 -
KAI3435630.1         -            244 5528at3041           -            240   6.1e-20   70.7   4.1   1   2   3.9e-12   1.2e-09   37.1   0.4    90   200    18   135    16   141 0.82 -
KAI3435630.1         -            244 5528at3041           -            240   6.1e-20   70.7   4.1   2   2   1.8e-10   5.3e-08   31.7   0.2   120   198   143   232   134   238 0.72 -
KAI3431257.1         -            396 5528at3041           -            240   7.5e-20   70.4   7.9   1   4   1.3e-05    0.0037   15.8   0.0   172   201    14    43    10    53 0.89 -
KAI3431257.1         -            396 5528at3041           -            240   7.5e-20   70.4   7.9   2   4   4.6e-09   1.3e-06   27.0   1.4   119   200    52   141    47   158 0.75 -
KAI3431257.1         -            396 5528at3041           -            240   7.5e-20   70.4   7.9   3   4   0.00058      0.17   10.3   0.0   121   160   204   242   197   267 0.86 -
KAI3431257.1         -            396 5528at3041           -            240   7.5e-20   70.4   7.9   4   4   2.9e-06   0.00085   17.9   0.1    85   163   295   374   284   394 0.66 -
KAI3434995.1         -            346 5528at3041           -            240   9.1e-20   70.2   4.3   1   3     6e-08   1.8e-05   23.4   0.1    89   203    43   175    33   180 0.75 -
KAI3434995.1         -            346 5528at3041           -            240   9.1e-20   70.2   4.3   2   3   3.7e-13   1.1e-10   40.5   1.9    90   210   144   284   138   294 0.81 -
KAI3434995.1         -            346 5528at3041           -            240   9.1e-20   70.2   4.3   3   3   0.00055      0.16   10.4   0.0   123   164   295   336   285   340 0.83 -
KAI3423946.1         -            324 5528at3041           -            240   1.3e-19   69.7   3.4   1   3     3e-10   8.8e-08   30.9   0.1    88   201    12   136     3   142 0.76 -
KAI3423946.1         -            324 5528at3041           -            240   1.3e-19   69.7   3.4   2   3   5.7e-08   1.7e-05   23.4   0.0    91   161   108   186    85   191 0.73 -
KAI3423946.1         -            324 5528at3041           -            240   1.3e-19   69.7   3.4   3   3   2.8e-06   0.00081   17.9   0.6    87   158   228   306   220   317 0.79 -
KAI3429353.1         -            467 5528at3041           -            240   3.2e-19   68.4   2.3   1   2   1.5e-13   4.3e-11   41.8   0.1    84   200   174   303   160   307 0.84 -
KAI3429353.1         -            467 5528at3041           -            240   3.2e-19   68.4   2.3   2   2   3.6e-11   1.1e-08   33.9   1.0    17   153   282   440   267   451 0.73 -
KAI3429702.1         -            317 5528at3041           -            240   1.7e-18   66.0   0.2   1   3   6.4e-08   1.9e-05   23.3   0.4    91   201    27   154    25   163 0.76 -
KAI3429702.1         -            317 5528at3041           -            240   1.7e-18   66.0   0.2   2   3   3.7e-05     0.011   14.2   0.0    43    87   172   216   160   259 0.56 -
KAI3429702.1         -            317 5528at3041           -            240   1.7e-18   66.0   0.2   3   3   4.6e-07   0.00014   20.5   0.0    16    80   237   310   229   316 0.77 -
KAI3432262.1         -            471 5528at3041           -            240   6.9e-18   64.0   7.1   1   2     0.015       4.5    5.7   0.1    90   201   109   138   105   168 0.60 -
KAI3432262.1         -            471 5528at3041           -            240   6.9e-18   64.0   7.1   2   2   1.1e-18   3.4e-16   58.5   2.6    53   236   183   394   171   398 0.71 -
KAI3437729.1         -           1045 5528at3041           -            240   2.1e-17   62.4   4.1   1   4   7.7e-12   2.3e-09   36.1   0.1    88   199   617   744   609   770 0.80 -
KAI3437729.1         -           1045 5528at3041           -            240   2.1e-17   62.4   4.1   2   4   0.00019     0.055   11.9   0.0    43   158   871   906   845   922 0.66 -
KAI3437729.1         -           1045 5528at3041           -            240   2.1e-17   62.4   4.1   3   4    0.0057       1.7    7.1   0.0    93   122   941   970   937   979 0.78 -
KAI3437729.1         -           1045 5528at3041           -            240   2.1e-17   62.4   4.1   4   4     0.023       6.9    5.1   0.0   119   159   992  1032   981  1040 0.82 -
KAI3425920.1         -            295 5528at3041           -            240   4.1e-17   61.5   7.8   1   2     4e-08   1.2e-05   24.0   2.9    21   152    36   183    25   202 0.59 -
KAI3425920.1         -            295 5528at3041           -            240   4.1e-17   61.5   7.8   2   2   1.5e-11   4.3e-09   35.2   0.2    90   153   210   277   204   285 0.86 -
KAI3429284.1         -            746 5528at3041           -            240   6.3e-16   57.6   0.5   1   3   3.8e-10   1.1e-07   30.6   0.0    89   201    24   148    18   159 0.81 -
KAI3429284.1         -            746 5528at3041           -            240   6.3e-16   57.6   0.5   2   3   7.5e-07   0.00022   19.8   0.1   119   201   158   250   149   259 0.79 -
KAI3429284.1         -            746 5528at3041           -            240   6.3e-16   57.6   0.5   3   3      0.22        64    1.9   0.0   121   147   259   285   254   289 0.85 -
KAI3431493.1         -            371 5528at3041           -            240   5.4e-15   54.5   1.5   1   3      0.32        94    1.4   0.0   170   205    75   110    23   119 0.76 -
KAI3431493.1         -            371 5528at3041           -            240   5.4e-15   54.5   1.5   2   3   1.1e-07   3.4e-05   22.5   0.0   121   198   122   209    76   218 0.83 -
KAI3431493.1         -            371 5528at3041           -            240   5.4e-15   54.5   1.5   3   3   1.9e-09   5.7e-07   28.3   0.2    47   143   229   340   221   345 0.76 -
KAI3428177.1         -            299 5528at3041           -            240   2.7e-14   52.2  10.6   1   2   8.3e-14   2.4e-11   42.6   5.1     9   200     8   239     5   254 0.69 -
KAI3428177.1         -            299 5528at3041           -            240   2.7e-14   52.2  10.6   2   2    0.0028      0.83    8.1   0.2   121   158   249   286   241   295 0.84 -
KAI3430268.1         -            366 5528at3041           -            240   4.4e-14   51.5   1.0   1   2   8.3e-09   2.4e-06   26.2   0.0    87   175    64   156    56   189 0.78 -
KAI3430268.1         -            366 5528at3041           -            240   4.4e-14   51.5   1.0   2   2   1.7e-06   0.00051   18.6   1.5    18   163   172   337   159   346 0.71 -
KAI3434506.1         -            317 5528at3041           -            240   1.3e-13   50.1   3.9   1   3   1.1e-09   3.1e-07   29.1   0.2    86   221    31   176    22   177 0.79 -
KAI3434506.1         -            317 5528at3041           -            240   1.3e-13   50.1   3.9   2   3   9.1e-05     0.027   13.0   0.1   120   198   168   251   159   255 0.57 -
KAI3434506.1         -            317 5528at3041           -            240   1.3e-13   50.1   3.9   3   3    0.0004      0.12   10.9   0.0    44    86   270   315   258   316 0.74 -
KAI3433585.1         -            314 5528at3041           -            240   1.9e-13   49.5   6.1   1   2   8.8e-09   2.6e-06   26.1   0.7    89   199    22   152    19   159 0.78 -
KAI3433585.1         -            314 5528at3041           -            240   1.9e-13   49.5   6.1   2   2   4.4e-11   1.3e-08   33.6   0.5    42   239    65   304    61   305 0.75 -
KAI3429755.1         -            296 5528at3041           -            240   1.5e-10   40.0   3.6   1   3   4.5e-06    0.0013   17.3   0.4    89   199    15   141    13   144 0.81 -
KAI3429755.1         -            296 5528at3041           -            240   1.5e-10   40.0   3.6   2   3   1.8e-05    0.0052   15.3   0.1   119   196   154   238   150   238 0.81 -
KAI3429755.1         -            296 5528at3041           -            240   1.5e-10   40.0   3.6   3   3   0.00032     0.095   11.2   0.0    13    81   218   290   207   295 0.67 -
KAI3436859.1         -            393 5528at3041           -            240   1.1e-07   30.6  16.3   1   6     0.091        27    3.1   0.1   172   207    10    44     6    57 0.53 -
KAI3436859.1         -            393 5528at3041           -            240   1.1e-07   30.6  16.3   2   6     0.029       8.4    4.8   0.4   116   165    56   105    51   135 0.77 -
KAI3436859.1         -            393 5528at3041           -            240   1.1e-07   30.6  16.3   3   6    0.0056       1.6    7.1   0.1   169   200   136   167   131   179 0.84 -
KAI3436859.1         -            393 5528at3041           -            240   1.1e-07   30.6  16.3   4   6    0.0064       1.9    6.9   0.4   120   149   190   219   170   230 0.85 -
KAI3436859.1         -            393 5528at3041           -            240   1.1e-07   30.6  16.3   5   6     0.087        25    3.2   0.0    19    38   266   285   252   291 0.78 -
KAI3436859.1         -            393 5528at3041           -            240   1.1e-07   30.6  16.3   6   6   0.00014      0.04   12.4   0.0   120   158   315   353   310   388 0.73 -
KAI3435629.1         -            103 5528at3041           -            240   1.7e-07   30.0   0.2   1   1   2.3e-08   6.7e-06   24.8   0.2    89   165    17    95    16    99 0.81 -
KAI3434970.1         -            369 5528at3041           -            240   2.1e-06   26.4   2.8   1   2     5e-07   0.00015   20.4   1.5    40   199   139   312   109   314 0.73 -
KAI3434970.1         -            369 5528at3041           -            240   2.1e-06   26.4   2.8   2   2    0.0033      0.96    7.9   0.1    96   143   291   342   273   356 0.53 -
KAI3431773.1         -            479 5528at3041           -            240   4.4e-06   25.3   7.6   1   5     0.023       6.9    5.1   0.0   165   202    48    85    43    92 0.86 -
KAI3431773.1         -            479 5528at3041           -            240   4.4e-06   25.3   7.6   2   5     0.021       6.2    5.2   0.1    16    90    61   139    57   143 0.72 -
KAI3431773.1         -            479 5528at3041           -            240   4.4e-06   25.3   7.6   3   5      0.39   1.1e+02    1.1   0.0   170   201   179   210   177   224 0.84 -
KAI3431773.1         -            479 5528at3041           -            240   4.4e-06   25.3   7.6   4   5     0.029       8.6    4.8   0.0    48    96   222   271   196   279 0.72 -
KAI3431773.1         -            479 5528at3041           -            240   4.4e-06   25.3   7.6   5   5   0.00033     0.096   11.2   0.3    86   163   296   388   288   412 0.67 -
KAI3435642.1         -            273 5528at3041           -            240   5.2e-06   25.1   4.6   1   3    0.0012      0.34    9.4   0.4   132   191    43   110    23   114 0.73 -
KAI3435642.1         -            273 5528at3041           -            240   5.2e-06   25.1   4.6   2   3   2.5e-06   0.00074   18.1   4.2    53   198    44   208    42   245 0.74 -
KAI3435642.1         -            273 5528at3041           -            240   5.2e-06   25.1   4.6   3   3       0.5   1.5e+02    0.7   0.0   121   142   222   243   211   258 0.62 -
KAI3426263.1         -            329 5528at3041           -            240     0.087   11.3   2.0   1   1   0.00049      0.14   10.6   2.0    82   150   202   271   193   311 0.82 -
KAI3426266.1         -            360 5528at3041           -            240     0.097   11.1   1.8   1   1   0.00056      0.16   10.4   1.8    82   150   233   302   224   337 0.83 Chlorella vulgaris isolate 211/11P Super-Scaffold_13, whole genome shotgun sequence.
#
# Program:         hmmsearch
# Version:         3.1b2 (February 2015)
# Pipeline mode:   SEARCH
# Query file:      /Users/catrionaharrison/Documents/Bioinformatics/rp2/Data/genomes/busco/busco_downloads/lineages/chlorophyta_odb10/hmms/5528at3041.hmm
# Target file:     /Users/catrionaharrison/Documents/Bioinformatics/rp2/Data/genomes/busco/data/chlorella_vulgaris.prot.fasta
# Option settings: hmmsearch --domtblout /Users/catrionaharrison/Documents/Bioinformatics/rp2/Data/genomes/busco/Busco_vulgaris/run_chlorophyta_odb10/hmmer_output/initial_run_results/5528at3041.out --cpu 1 /Users/catrionaharrison/Documents/Bioinformatics/rp2/Data/genomes/busco/busco_downloads/lineages/chlorophyta_odb10/hmms/5528at3041.hmm /Users/catrionaharrison/Documents/Bioinformatics/rp2/Data/genomes/busco/data/chlorella_vulgaris.prot.fasta 
# Current dir:     /Users/catrionaharrison/Documents/Bioinformatics/rp2/Data/genomes/busco
# Date:            Fri Jul 22 15:37:42 2022
# [ok]
