#                                                                            --- full sequence --- -------------- this domain -------------   hmm coord   ali coord   env coord
# target name        accession   tlen query name           accession   qlen   E-value  score  bias   #  of  c-Evalue  i-Evalue  score  bias  from    to  from    to  from    to  acc description of target
#------------------- ---------- ----- -------------------- ---------- ----- --------- ------ ----- --- --- --------- --------- ------ ----- ----- ----- ----- ----- ----- ----- ---- ---------------------
KAI3429432.1         -            458 5563at3041           -            204   9.7e-72  240.2   5.1   1   2   1.8e-73   3.8e-71  238.3   3.2    11   203    57   286    50   287 0.87 -
KAI3429432.1         -            458 5563at3041           -            204   9.7e-72  240.2   5.1   2   2       2.2   4.7e+02   -0.4   0.0    52    67   282   297   280   300 0.88 -
KAI3428369.1         -            409 5563at3041           -            204   2.8e-12   46.0   5.4   1   5      0.57   1.2e+02    1.5   0.1   133   167    52    88    38    96 0.73 -
KAI3428369.1         -            409 5563at3041           -            204   2.8e-12   46.0   5.4   2   5     0.093        20    4.1   0.1    39    68   112   144    90   152 0.61 -
KAI3428369.1         -            409 5563at3041           -            204   2.8e-12   46.0   5.4   3   5   4.8e-07    0.0001   21.4   0.1   114   200   209   302   200   306 0.82 -
KAI3428369.1         -            409 5563at3041           -            204   2.8e-12   46.0   5.4   4   5   0.00042     0.088   11.8   0.0    28    71   318   367   304   370 0.72 -
KAI3428369.1         -            409 5563at3041           -            204   2.8e-12   46.0   5.4   5   5      0.02       4.3    6.2   0.0   138   175   368   406   365   408 0.86 -
KAI3425286.1         -           1331 5563at3041           -            204   8.3e-10   38.0  13.2   1   7   0.00031     0.066   12.2   0.0   109   196   535   621   525   627 0.85 -
KAI3425286.1         -           1331 5563at3041           -            204   8.3e-10   38.0  13.2   2   7       1.4   2.9e+02    0.3   0.1   161   178   629   646   627   708 0.51 -
KAI3425286.1         -           1331 5563at3041           -            204   8.3e-10   38.0  13.2   3   7   8.8e-06    0.0018   17.2   0.3   106   177   703   774   669   794 0.80 -
KAI3425286.1         -           1331 5563at3041           -            204   8.3e-10   38.0  13.2   4   7    0.0056       1.2    8.1   0.0    76   197   798   918   782   924 0.76 -
KAI3425286.1         -           1331 5563at3041           -            204   8.3e-10   38.0  13.2   5   7       0.6   1.3e+02    1.4   0.1   118   186   977  1044   953  1049 0.64 -
KAI3425286.1         -           1331 5563at3041           -            204   8.3e-10   38.0  13.2   6   7       1.8   3.7e+02   -0.1   0.1    38    77  1125  1167  1101  1174 0.62 -
KAI3425286.1         -           1331 5563at3041           -            204   8.3e-10   38.0  13.2   7   7       1.6   3.3e+02    0.1   0.1    26    66  1153  1197  1143  1201 0.62 -
KAI3430413.1         -            734 5563at3041           -            204     6e-09   35.2   1.6   1   3       3.2   6.7e+02   -0.9   0.0   108   131    26    50    24    63 0.78 -
KAI3430413.1         -            734 5563at3041           -            204     6e-09   35.2   1.6   2   3     0.017       3.7    6.5   0.1    46    70    77   101    53   108 0.87 -
KAI3430413.1         -            734 5563at3041           -            204     6e-09   35.2   1.6   3   3   9.2e-10   1.9e-07   30.2   1.1    16   173    81   258    77   282 0.76 -
KAI3429783.1         -            477 5563at3041           -            204   1.8e-08   33.6   4.4   1   4    0.0011      0.22   10.5   0.1    35    88    39    91    26   101 0.84 -
KAI3429783.1         -            477 5563at3041           -            204   1.8e-08   33.6   4.4   2   4     0.033       6.9    5.6   0.1   117   155   105   143   100   168 0.75 -
KAI3429783.1         -            477 5563at3041           -            204   1.8e-08   33.6   4.4   3   4   0.00029      0.06   12.3   0.1   112   170   226   290   213   291 0.79 -
KAI3429783.1         -            477 5563at3041           -            204   1.8e-08   33.6   4.4   4   4    0.0018      0.38    9.7   0.1    51    71   278   298   253   323 0.70 -
KAI3438328.1         -            353 5563at3041           -            204     2e-08   33.4   0.3   1   4     0.095        20    4.1   0.0   104   170    60   127    56   131 0.72 -
KAI3438328.1         -            353 5563at3041           -            204     2e-08   33.4   0.3   2   4    0.0014       0.3   10.0   0.0    26    70   127   177   116   184 0.77 -
KAI3438328.1         -            353 5563at3041           -            204     2e-08   33.4   0.3   3   4     8e-05     0.017   14.1   0.1    78   176   160   259   159   263 0.82 -
KAI3438328.1         -            353 5563at3041           -            204     2e-08   33.4   0.3   4   4    0.0089       1.9    7.4   0.0    92   155   267   329   260   347 0.77 -
KAI3426198.1         -            469 5563at3041           -            204   5.9e-08   31.9   8.1   1   5     0.078        16    4.4   0.0    46    69   139   162   121   176 0.80 -
KAI3426198.1         -            469 5563at3041           -            204   5.9e-08   31.9   8.1   2   5     0.012       2.5    7.0   0.4    93   171   172   248   145   253 0.70 -
KAI3426198.1         -            469 5563at3041           -            204   5.9e-08   31.9   8.1   3   5     0.013       2.7    6.9   0.3    48   170   232   288   193   296 0.56 -
KAI3426198.1         -            469 5563at3041           -            204   5.9e-08   31.9   8.1   4   5    0.0092       1.9    7.4   0.0    34    68   299   336   288   340 0.77 -
KAI3426198.1         -            469 5563at3041           -            204   5.9e-08   31.9   8.1   5   5   0.00021     0.043   12.8   0.2    24    72   374   427   365   447 0.81 -
KAI3434463.1         -            501 5563at3041           -            204   1.1e-07   31.0   1.7   1   4       0.2        43    3.0   0.0    51    69   203   221   192   232 0.86 -
KAI3434463.1         -            501 5563at3041           -            204   1.1e-07   31.0   1.7   2   4     0.015       3.1    6.7   0.0    27    70   258   306   233   312 0.63 -
KAI3434463.1         -            501 5563at3041           -            204   1.1e-07   31.0   1.7   3   4   4.6e-05    0.0096   14.9   0.0   143   188   313   359   308   375 0.84 -
KAI3434463.1         -            501 5563at3041           -            204   1.1e-07   31.0   1.7   4   4      0.33        70    2.3   0.0    47    68   408   429   393   450 0.77 -
KAI3431281.1         -           1337 5563at3041           -            204   1.4e-07   30.7   8.4   1   6       3.6   7.7e+02   -1.1   0.0   144   173   133   163   123   174 0.72 -
KAI3431281.1         -           1337 5563at3041           -            204   1.4e-07   30.7   8.4   2   6   0.00053      0.11   11.4   0.2   122   186   348   413   285   417 0.74 -
KAI3431281.1         -           1337 5563at3041           -            204   1.4e-07   30.7   8.4   3   6   0.00049       0.1   11.5   0.1    48   132   467   555   433   567 0.75 -
KAI3431281.1         -           1337 5563at3041           -            204   1.4e-07   30.7   8.4   4   6     0.026       5.4    5.9   0.0   129   172   790   835   774   849 0.67 -
KAI3431281.1         -           1337 5563at3041           -            204   1.4e-07   30.7   8.4   5   6         2   4.3e+02   -0.3   0.3    48    68   952   972   914  1035 0.67 -
KAI3431281.1         -           1337 5563at3041           -            204   1.4e-07   30.7   8.4   6   6       6.8   1.4e+03   -2.0   0.0   151   186  1025  1060   978  1063 0.74 -
KAI3428756.1         -            490 5563at3041           -            204   1.8e-07   30.3   1.0   1   4    0.0015      0.32    9.9   0.0   141   175   165   200   160   220 0.81 -
KAI3428756.1         -            490 5563at3041           -            204   1.8e-07   30.3   1.0   2   4     0.081        17    4.3   0.0   123   173   231   280   214   285 0.85 -
KAI3428756.1         -            490 5563at3041           -            204   1.8e-07   30.3   1.0   3   4     0.035       7.3    5.5   0.0    34    75   295   337   283   357 0.80 -
KAI3428756.1         -            490 5563at3041           -            204   1.8e-07   30.3   1.0   4   4     0.031       6.5    5.7   0.0    44    68   454   478   442   483 0.79 -
KAI3436421.1         -            628 5563at3041           -            204     2e-07   30.2   1.1   1   4    0.0015      0.33    9.9   0.0    92   170    91   169    85   173 0.83 -
KAI3436421.1         -            628 5563at3041           -            204     2e-07   30.2   1.1   2   4     0.027       5.7    5.8   0.0    38    72   141   178   135   183 0.72 -
KAI3436421.1         -            628 5563at3041           -            204     2e-07   30.2   1.1   3   4   0.00014     0.029   13.3   0.4    37   120   181   264   173   338 0.85 -
KAI3436421.1         -            628 5563at3041           -            204     2e-07   30.2   1.1   4   4         7   1.5e+03   -2.0   0.0    49    65   366   382   344   385 0.62 -
KAI3435911.1         -            465 5563at3041           -            204   2.8e-07   29.7   2.1   1   3   0.00027     0.057   12.4   0.1    34   171   161   304   140   308 0.74 -
KAI3435911.1         -            465 5563at3041           -            204   2.8e-07   29.7   2.1   2   3     0.052        11    4.9   0.1    51    83   291   323   272   328 0.81 -
KAI3435911.1         -            465 5563at3041           -            204   2.8e-07   29.7   2.1   3   3   3.5e-05    0.0073   15.3   0.2    35    69   315   353   305   364 0.80 -
KAI3425793.1         -           1034 5563at3041           -            204   8.5e-07   28.1   0.6   1   5      0.01       2.2    7.2   0.0   101   170    55   124    34   127 0.79 -
KAI3425793.1         -           1034 5563at3041           -            204   8.5e-07   28.1   0.6   2   5     0.053        11    4.9   0.0   118   174   114   172   112   192 0.80 -
KAI3425793.1         -           1034 5563at3041           -            204   8.5e-07   28.1   0.6   3   5      0.24        50    2.8   0.0    35    70   179   219   172   225 0.73 -
KAI3425793.1         -           1034 5563at3041           -            204   8.5e-07   28.1   0.6   4   5    0.0015      0.32    9.9   0.0    18    67   201   258   197   266 0.71 -
KAI3425793.1         -           1034 5563at3041           -            204   8.5e-07   28.1   0.6   5   5      0.14        29    3.5   0.1    47   111   280   346   270   354 0.77 -
KAI3437671.1         -            320 5563at3041           -            204   8.9e-07   28.1   1.0   1   6    0.0016      0.33    9.9   0.0   129   174    43    94    29    99 0.72 -
KAI3437671.1         -            320 5563at3041           -            204   8.9e-07   28.1   1.0   2   6   0.00034     0.071   12.1   0.1   110   172    72   134    71   145 0.84 -
KAI3437671.1         -            320 5563at3041           -            204   8.9e-07   28.1   1.0   3   6     0.023       4.8    6.1   0.0   102   147   106   152    93   206 0.55 -
KAI3437671.1         -            320 5563at3041           -            204   8.9e-07   28.1   1.0   4   6     0.098        21    4.0   0.1    40    68   194   225   168   233 0.75 -
KAI3437671.1         -            320 5563at3041           -            204   8.9e-07   28.1   1.0   5   6       1.5   3.2e+02    0.1   0.0    57    71   254   268   244   274 0.80 -
KAI3437671.1         -            320 5563at3041           -            204   8.9e-07   28.1   1.0   6   6      0.37        77    2.2   0.0   151   174   292   315   278   317 0.77 -
KAI3437620.1         -            510 5563at3041           -            204   1.4e-06   27.5   2.5   1   3     0.031       6.5    5.7   0.2    83   169   207   289   139   296 0.60 -
KAI3437620.1         -            510 5563at3041           -            204   1.4e-06   27.5   2.5   2   3   9.7e-05      0.02   13.8   0.0   102   187   306   389   296   394 0.85 -
KAI3437620.1         -            510 5563at3041           -            204   1.4e-06   27.5   2.5   3   3     0.075        16    4.4   0.2    49    66   420   437   403   446 0.84 -
KAI3429735.1         -           1297 5563at3041           -            204   1.6e-06   27.2   3.2   1   4   2.2e-05    0.0047   15.9   0.0    18    75    91   155    79   159 0.77 -
KAI3429735.1         -           1297 5563at3041           -            204   1.6e-06   27.2   3.2   2   4     0.046       9.7    5.1   0.2   146   180   162   196   153   216 0.81 -
KAI3429735.1         -           1297 5563at3041           -            204   1.6e-06   27.2   3.2   3   4       1.8   3.9e+02   -0.1   0.0   153   176   209   232   200   253 0.76 -
KAI3429735.1         -           1297 5563at3041           -            204   1.6e-06   27.2   3.2   4   4      0.12        26    3.7   0.1   137   170   278   312   215   321 0.74 -
KAI3424206.1         -            314 5563at3041           -            204   2.7e-06   26.5   2.2   1   4    0.0013      0.26   10.2   0.0    51    69    90   108    58   113 0.79 -
KAI3424206.1         -            314 5563at3041           -            204   2.7e-06   26.5   2.2   2   4    0.0079       1.7    7.6   0.0    51    73   131   153   110   166 0.78 -
KAI3424206.1         -            314 5563at3041           -            204   2.7e-06   26.5   2.2   3   4      0.45        94    1.9   0.0   107   171   165   236   153   244 0.59 -
KAI3424206.1         -            314 5563at3041           -            204   2.7e-06   26.5   2.2   4   4       0.2        42    3.0   0.0    17    50   265   303   255   313 0.54 -
KAI3435657.1         -            513 5563at3041           -            204   3.1e-06   26.3   1.2   1   3     0.041       8.6    5.3   0.0   141   172   209   240   191   248 0.73 -
KAI3435657.1         -            513 5563at3041           -            204   3.1e-06   26.3   1.2   2   3   1.5e-05    0.0032   16.5   0.1   102   181   262   342   254   351 0.84 -
KAI3435657.1         -            513 5563at3041           -            204   3.1e-06   26.3   1.2   3   3       1.2   2.5e+02    0.5   0.1   143   171   345   374   342   380 0.66 -
KAI3428691.1         -            807 5563at3041           -            204   6.5e-06   25.3   3.0   1   5     0.051        11    4.9   0.0   142   171    10    39     4    42 0.90 -
KAI3428691.1         -            807 5563at3041           -            204   6.5e-06   25.3   3.0   2   5    0.0054       1.1    8.1   0.2   112   171    74   132    69   134 0.89 -
KAI3428691.1         -            807 5563at3041           -            204   6.5e-06   25.3   3.0   3   5     0.038         8    5.4   0.0   137   172   137   172   133   177 0.91 -
KAI3428691.1         -            807 5563at3041           -            204   6.5e-06   25.3   3.0   4   5       2.4   5.2e+02   -0.5   0.0   138   174   177   213   174   221 0.85 -
KAI3428691.1         -            807 5563at3041           -            204   6.5e-06   25.3   3.0   5   5      0.88   1.8e+02    0.9   0.1    40    66   224   252   199   261 0.61 -
KAI3431770.1         -            462 5563at3041           -            204   9.9e-06   24.7   5.6   1   5   0.00024      0.05   12.6   0.0   119   171   132   186   125   193 0.79 -
KAI3431770.1         -            462 5563at3041           -            204   9.9e-06   24.7   5.6   2   5       4.5   9.5e+02   -1.4   0.0   140   166   204   231   195   240 0.72 -
KAI3431770.1         -            462 5563at3041           -            204   9.9e-06   24.7   5.6   3   5       3.9   8.1e+02   -1.2   0.1    64   160   290   309   224   319 0.55 -
KAI3431770.1         -            462 5563at3041           -            204   9.9e-06   24.7   5.6   4   5      0.12        25    3.8   0.1    26    83   319   384   308   394 0.77 -
KAI3431770.1         -            462 5563at3041           -            204   9.9e-06   24.7   5.6   5   5      0.01       2.2    7.2   0.1    51    70   399   418   382   432 0.88 -
KAI3428827.1         -            524 5563at3041           -            204   7.1e-05   21.9   0.8   1   3      0.15        31    3.4   0.0    81   134   201   253   198   274 0.77 -
KAI3428827.1         -            524 5563at3041           -            204   7.1e-05   21.9   0.8   2   3    0.0045      0.96    8.4   0.2    26    70   339   388   318   394 0.79 -
KAI3428827.1         -            524 5563at3041           -            204   7.1e-05   21.9   0.8   3   3     0.017       3.5    6.5   0.0    52    72   412   432   392   441 0.84 -
KAI3434892.1         -            786 5563at3041           -            204   8.7e-05   21.6   0.5   1   2     0.002      0.43    9.5   0.0   102   171    76   145    64   151 0.76 -
KAI3434892.1         -            786 5563at3041           -            204   8.7e-05   21.6   0.5   2   2    0.0029      0.61    9.0   0.0    29    69   279   322   267   331 0.76 -
KAI3432393.1         -            837 5563at3041           -            204    0.0001   21.4   2.8   1   5       1.2   2.5e+02    0.5   0.0   144   170    23    50    20    66 0.84 -
KAI3432393.1         -            837 5563at3041           -            204    0.0001   21.4   2.8   2   5      0.35        74    2.2   0.0   142   189    66   113    58   122 0.79 -
KAI3432393.1         -            837 5563at3041           -            204    0.0001   21.4   2.8   3   5    0.0045      0.95    8.4   0.9    52   187   125   248   106   250 0.62 -
KAI3432393.1         -            837 5563at3041           -            204    0.0001   21.4   2.8   4   5   0.00043     0.091   11.7   0.1    85   169   189   272   174   287 0.84 -
KAI3432393.1         -            837 5563at3041           -            204    0.0001   21.4   2.8   5   5       1.8   3.9e+02   -0.1   0.0    53    73   413   433   397   434 0.80 -
KAI3436729.1         -            479 5563at3041           -            204   0.00018   20.6   1.6   1   3     0.005       1.1    8.2   0.1    45    93   171   219   147   237 0.77 -
KAI3436729.1         -            479 5563at3041           -            204   0.00018   20.6   1.6   2   3       1.7   3.6e+02   -0.0   0.0    52    79   243   270   223   277 0.72 -
KAI3436729.1         -            479 5563at3041           -            204   0.00018   20.6   1.6   3   3    0.0018      0.38    9.7   0.1    49    72   286   309   265   345 0.72 -
KAI3433851.1         -            678 5563at3041           -            204   0.00019   20.5   1.0   1   2   0.00047       0.1   11.6   0.1    47    69   513   535   466   543 0.62 -
KAI3433851.1         -            678 5563at3041           -            204   0.00019   20.5   1.0   2   2      0.01       2.2    7.2   0.1    36    69   550   584   537   595 0.84 -
KAI3428243.1         -            868 5563at3041           -            204   0.00022   20.3   2.8   1   3   0.00042     0.088   11.8   0.1    17    69   120   181    93   186 0.73 -
KAI3428243.1         -            868 5563at3041           -            204   0.00022   20.3   2.8   2   3     0.024       5.1    6.0   0.1    53    69   237   253   232   257 0.91 -
KAI3428243.1         -            868 5563at3041           -            204   0.00022   20.3   2.8   3   3       1.7   3.6e+02   -0.0   0.0   142   172   369   401   333   407 0.46 -
KAI3431418.1         -            819 5563at3041           -            204   0.00029   19.8   1.1   1   4    0.0075       1.6    7.7   0.0   104   158    35    88    25    99 0.82 -
KAI3431418.1         -            819 5563at3041           -            204   0.00029   19.8   1.1   2   4      0.65   1.4e+02    1.3   0.1    51    85   192   223   182   234 0.70 -
KAI3431418.1         -            819 5563at3041           -            204   0.00029   19.8   1.1   3   4     0.015       3.2    6.7   0.1    41    70   230   261   211   274 0.68 -
KAI3431418.1         -            819 5563at3041           -            204   0.00029   19.8   1.1   4   4       4.7   9.8e+02   -1.5   0.0   159   184   515   540   510   548 0.72 -
KAI3436617.1         -            442 5563at3041           -            204   0.00043   19.3   0.1   1   3   0.00024      0.05   12.6   0.0   138   192   102   159    85   172 0.84 -
KAI3436617.1         -            442 5563at3041           -            204   0.00043   19.3   0.1   2   3       7.5   1.6e+03   -2.1   0.0     1    13   270   282   229   290 0.69 -
KAI3436617.1         -            442 5563at3041           -            204   0.00043   19.3   0.1   3   3      0.18        37    3.2   0.0    52    70   412   430   383   436 0.82 -
KAI3434497.1         -            475 5563at3041           -            204   0.00044   19.3   0.2   1   3      0.57   1.2e+02    1.5   0.0   156   174    91   109    76   117 0.77 -
KAI3434497.1         -            475 5563at3041           -            204   0.00044   19.3   0.2   2   3     0.015       3.2    6.6   0.1    51    71   140   160   130   169 0.87 -
KAI3434497.1         -            475 5563at3041           -            204   0.00044   19.3   0.2   3   3     0.013       2.8    6.9   0.0    28    69   184   230   174   235 0.72 -
KAI3435675.1         -            742 5563at3041           -            204    0.0013   17.7   0.1   1   3   0.00076      0.16   10.9   0.0   106   174    43   114    25   118 0.82 -
KAI3435675.1         -            742 5563at3041           -            204    0.0013   17.7   0.1   2   3      0.24        51    2.7   0.0    38    83   134   178   119   194 0.77 -
KAI3435675.1         -            742 5563at3041           -            204    0.0013   17.7   0.1   3   3       2.9   6.2e+02   -0.8   0.0   153   183   573   603   551   614 0.62 -
KAI3424363.1         -            795 5563at3041           -            204    0.0025   16.8   0.6   1   3     0.018       3.8    6.4   0.0   141   179   511   550   376   553 0.85 -
KAI3424363.1         -            795 5563at3041           -            204    0.0025   16.8   0.6   2   3      0.77   1.6e+02    1.1   0.0   101   130   555   584   551   589 0.82 -
KAI3424363.1         -            795 5563at3041           -            204    0.0025   16.8   0.6   3   3      0.23        48    2.8   0.0    51    70   665   684   632   687 0.84 -
KAI3430499.1         -            510 5563at3041           -            204    0.0026   16.8   0.3   1   3     0.005       1.1    8.2   0.1   106   169   246   307   222   317 0.83 -
KAI3430499.1         -            510 5563at3041           -            204    0.0026   16.8   0.3   2   3       6.7   1.4e+03   -2.0   0.0   140   156   362   378   342   409 0.61 -
KAI3430499.1         -            510 5563at3041           -            204    0.0026   16.8   0.3   3   3     0.037       7.9    5.4   0.0   127   176   438   487   407   493 0.76 -
KAI3435730.1         -            548 5563at3041           -            204    0.0026   16.7   5.3   1   5     0.047       9.8    5.1   0.0    29    72    31    81     8    88 0.76 -
KAI3435730.1         -            548 5563at3041           -            204    0.0026   16.7   5.3   2   5      0.19        40    3.1   0.1    44    67    97   123    88   127 0.77 -
KAI3435730.1         -            548 5563at3041           -            204    0.0026   16.7   5.3   3   5      0.15        32    3.4   0.2     1    67   108   174   108   191 0.80 -
KAI3435730.1         -            548 5563at3041           -            204    0.0026   16.7   5.3   4   5     0.061        13    4.7   0.0   111   134   471   494   443   502 0.79 -
KAI3435730.1         -            548 5563at3041           -            204    0.0026   16.7   5.3   5   5         1   2.1e+02    0.7   0.0   102   128   517   543   504   546 0.83 -
KAI3433400.1         -           1101 5563at3041           -            204    0.0027   16.7   1.8   1   4     0.053        11    4.9   0.0   116   134   149   167   146   185 0.87 -
KAI3433400.1         -           1101 5563at3041           -            204    0.0027   16.7   1.8   2   4       1.8   3.8e+02   -0.1   0.0    50    68   257   275   229   285 0.83 -
KAI3433400.1         -           1101 5563at3041           -            204    0.0027   16.7   1.8   3   4       1.7   3.7e+02   -0.1   0.0    39    69   519   552   515   561 0.72 -
KAI3433400.1         -           1101 5563at3041           -            204    0.0027   16.7   1.8   4   4     0.049        10    5.0   0.0   140   183   598   642   568   662 0.76 -
KAI3425252.1         -            531 5563at3041           -            204    0.0027   16.7   0.1   1   3      0.28        60    2.5   0.0   144   171    12    40     6    46 0.79 -
KAI3425252.1         -            531 5563at3041           -            204    0.0027   16.7   0.1   2   3     0.075        16    4.4   0.0   102   166   153   217   123   230 0.74 -
KAI3425252.1         -            531 5563at3041           -            204    0.0027   16.7   0.1   3   3     0.029       6.1    5.8   0.0    49    72   249   272   219   281 0.68 -
KAI3436681.1         -            404 5563at3041           -            204    0.0039   16.2   0.0   1   4         5   1.1e+03   -1.6   0.0   157   173    37    53    25    62 0.68 -
KAI3436681.1         -            404 5563at3041           -            204    0.0039   16.2   0.0   2   4      0.28        58    2.5   0.0    40    70   111   144    81   154 0.75 -
KAI3436681.1         -            404 5563at3041           -            204    0.0039   16.2   0.0   3   4    0.0068       1.4    7.8   0.0    52    71   166   185   155   198 0.86 -
KAI3436681.1         -            404 5563at3041           -            204    0.0039   16.2   0.0   4   4       1.1   2.3e+02    0.6   0.0   147   185   248   286   243   297 0.78 -
KAI3436358.1         -            640 5563at3041           -            204    0.0045   16.0   0.8   1   3    0.0098       2.1    7.3   0.0   156   188   351   383   343   394 0.87 -
KAI3436358.1         -            640 5563at3041           -            204    0.0045   16.0   0.8   2   3     0.049        10    5.0   0.0    51    69   397   415   387   421 0.88 -
KAI3436358.1         -            640 5563at3041           -            204    0.0045   16.0   0.8   3   3       3.3   6.9e+02   -0.9   0.0    53    69   448   464   428   468 0.74 -
KAI3429782.1         -            325 5563at3041           -            204    0.0053   15.7   9.0   1   5     0.042       8.9    5.2   0.1    49    74    71    96    22   106 0.80 -
KAI3429782.1         -            325 5563at3041           -            204    0.0053   15.7   9.0   2   5     0.029       6.1    5.7   0.5     3    69    76   141    75   161 0.64 -
KAI3429782.1         -            325 5563at3041           -            204    0.0053   15.7   9.0   3   5      0.57   1.2e+02    1.5   0.1    51    70   170   189   158   210 0.80 -
KAI3429782.1         -            325 5563at3041           -            204    0.0053   15.7   9.0   4   5      0.47        99    1.8   0.0    50    69   213   232   204   235 0.87 -
KAI3429782.1         -            325 5563at3041           -            204    0.0053   15.7   9.0   5   5     0.052        11    4.9   0.1    39    68   247   276   234   294 0.76 -
KAI3428409.1         -            405 5563at3041           -            204    0.0056   15.7   1.1   1   4       2.8   5.9e+02   -0.7   0.0    75    91   100   116    56   121 0.74 -
KAI3428409.1         -            405 5563at3041           -            204    0.0056   15.7   1.1   2   4       1.3   2.7e+02    0.4   0.0   144   169   148   174   145   179 0.81 -
KAI3428409.1         -            405 5563at3041           -            204    0.0056   15.7   1.1   3   4      0.16        33    3.3   0.0    54    71   211   228   204   255 0.72 -
KAI3428409.1         -            405 5563at3041           -            204    0.0056   15.7   1.1   4   4     0.018       3.8    6.4   0.1    53    70   267   284   252   298 0.84 -
KAI3425901.1         -            682 5563at3041           -            204    0.0056   15.7   1.9   1   4       1.7   3.6e+02   -0.0   0.0   141   172   393   425   353   435 0.63 -
KAI3425901.1         -            682 5563at3041           -            204    0.0056   15.7   1.9   2   4     0.011       2.3    7.1   0.0    49    73   495   519   462   525 0.78 -
KAI3425901.1         -            682 5563at3041           -            204    0.0056   15.7   1.9   3   4    0.0029      0.61    9.0   0.1    17    67   497   555   493   565 0.71 -
KAI3425901.1         -            682 5563at3041           -            204    0.0056   15.7   1.9   4   4      0.23        49    2.8   0.1    23    68   548   599   540   605 0.65 -
KAI3430661.1         -            450 5563at3041           -            204    0.0058   15.6   0.1   1   4     0.012       2.6    7.0   0.0    36    67    60    95    41   101 0.80 -
KAI3430661.1         -            450 5563at3041           -            204    0.0058   15.6   0.1   2   4         3   6.3e+02   -0.8   0.0   138   171   100   134    97   138 0.78 -
KAI3430661.1         -            450 5563at3041           -            204    0.0058   15.6   0.1   3   4       1.1   2.4e+02    0.5   0.0    49    70   212   233   172   244 0.66 -
KAI3430661.1         -            450 5563at3041           -            204    0.0058   15.6   0.1   4   4      0.29        61    2.5   0.0   114   176   297   360   256   373 0.71 -
KAI3424821.1         -            585 5563at3041           -            204    0.0077   15.2   2.7   1   4      0.96     2e+02    0.8   0.0    49    74   290   315   249   345 0.66 -
KAI3424821.1         -            585 5563at3041           -            204    0.0077   15.2   2.7   2   4      0.99   2.1e+02    0.7   0.1    24    70   344   396   323   416 0.57 -
KAI3424821.1         -            585 5563at3041           -            204    0.0077   15.2   2.7   3   4     0.013       2.8    6.9   0.1    51    71   418   438   408   481 0.65 -
KAI3424821.1         -            585 5563at3041           -            204    0.0077   15.2   2.7   4   4       0.5     1e+02    1.7   0.0    53    73   509   529   500   571 0.85 -
KAI3429865.1         -            317 5563at3041           -            204    0.0088   15.0   2.6   1   4      0.32        68    2.3   0.0    51    67    72    88    60    94 0.77 -
KAI3429865.1         -            317 5563at3041           -            204    0.0088   15.0   2.6   2   4      0.25        52    2.7   0.0    51    69   161   179   152   189 0.82 -
KAI3429865.1         -            317 5563at3041           -            204    0.0088   15.0   2.6   3   4     0.043         9    5.2   0.1    52    69   205   222   182   231 0.83 -
KAI3429865.1         -            317 5563at3041           -            204    0.0088   15.0   2.6   4   4       1.4     3e+02    0.2   0.0    58    74   268   284   231   293 0.76 -
KAI3433339.1         -            333 5563at3041           -            204     0.012   14.6   0.0   1   3      0.92   1.9e+02    0.8   0.0   156   181    23    48     9    54 0.78 -
KAI3433339.1         -            333 5563at3041           -            204     0.012   14.6   0.0   2   3     0.061        13    4.7   0.0    34    69    86   124    66   169 0.82 -
KAI3433339.1         -            333 5563at3041           -            204     0.012   14.6   0.0   3   3     0.047       9.8    5.1   0.0    49    68   247   266   237   313 0.79 -
KAI3438022.1         -            339 5563at3041           -            204     0.014   14.4   0.1   1   2    0.0021      0.44    9.5   0.0    26    69    88   135    74   140 0.75 -
KAI3438022.1         -            339 5563at3041           -            204     0.014   14.4   0.1   2   2      0.98   2.1e+02    0.8   0.0   146   174   145   172   138   176 0.81 -
KAI3438021.1         -            339 5563at3041           -            204     0.016   14.2   0.1   1   2    0.0021      0.44    9.5   0.0    26    69    88   135    74   140 0.75 -
KAI3438021.1         -            339 5563at3041           -            204     0.016   14.2   0.1   2   2      0.98   2.1e+02    0.8   0.0   146   174   145   172   138   176 0.81 -
KAI3426239.1         -           2078 5563at3041           -            204     0.017   14.1   1.9   1   3    0.0013      0.27   10.2   0.1   113   174   185   246   174   251 0.58 -
KAI3426239.1         -           2078 5563at3041           -            204     0.017   14.1   1.9   2   3       2.6   5.4e+02   -0.6   0.1   105   132   438   465   431   471 0.88 -
KAI3426239.1         -           2078 5563at3041           -            204     0.017   14.1   1.9   3   3       1.1   2.3e+02    0.6   0.0    52    65   627   640   609   644 0.70 -
KAI3430565.1         -            449 5563at3041           -            204     0.035   13.1   0.1   1   2    0.0025      0.53    9.2   0.1   140   170   105   136    91   140 0.84 -
KAI3430565.1         -            449 5563at3041           -            204     0.035   13.1   0.1   2   2       2.6   5.4e+02   -0.6   0.0    79   114   303   338   295   344 0.65 -
KAI3424318.1         -            624 5563at3041           -            204     0.041   12.8   0.2   1   3       7.8   1.6e+03   -2.2   0.0    35    65   113   148   108   151 0.67 -
KAI3424318.1         -            624 5563at3041           -            204     0.041   12.8   0.2   2   3    0.0069       1.5    7.8   0.1    51    79   291   319   280   354 0.83 -
KAI3424318.1         -            624 5563at3041           -            204     0.041   12.8   0.2   3   3      0.65   1.4e+02    1.3   0.0   109   132   556   579   552   583 0.88 -
KAI3438030.1         -            415 5563at3041           -            204     0.048   12.6   0.6   1   2       2.9   6.2e+02   -0.8   0.0    53    68   196   211   190   223 0.77 -
KAI3438030.1         -            415 5563at3041           -            204     0.048   12.6   0.6   2   2    0.0016      0.33    9.9   0.0    36    69   271   308   264   321 0.77 -
KAI3432224.1         -            555 5563at3041           -            204     0.054   12.5   0.1   1   2     0.017       3.5    6.5   0.0    33    69   380   419   364   422 0.83 -
KAI3432224.1         -            555 5563at3041           -            204     0.054   12.5   0.1   2   2      0.15        32    3.4   0.0    39    72   429   464   422   475 0.71 -
KAI3425781.1         -            350 5563at3041           -            204       0.1   11.6   0.0   1   1   0.00082      0.17   10.8   0.0    26    74   156   208   144   228 0.79 -
KAI3432740.1         -            491 5563at3041           -            204       1.5    7.8   7.1   1   4       8.9   1.9e+03   -2.4   0.0   115   133   175   193   172   195 0.89 -
KAI3432740.1         -            491 5563at3041           -            204       1.5    7.8   7.1   2   4     0.028       5.9    5.8   0.2    52    71   222   241   200   246 0.81 -
KAI3432740.1         -            491 5563at3041           -            204       1.5    7.8   7.1   3   4     0.063        13    4.6   0.1    38    70   250   286   243   292 0.76 -
KAI3432740.1         -            491 5563at3041           -            204       1.5    7.8   7.1   4   4       6.6   1.4e+03   -2.0   0.4    22    54   322   354   314   360 0.75 -
#
# Program:         hmmsearch
# Version:         3.1b2 (February 2015)
# Pipeline mode:   SEARCH
# Query file:      /Users/catrionaharrison/Documents/Bioinformatics/rp2/Data/genomes/busco/busco_downloads/lineages/chlorophyta_odb10/hmms/5563at3041.hmm
# Target file:     /Users/catrionaharrison/Documents/Bioinformatics/rp2/Data/genomes/busco/data/chlorella_vulgaris.prot.fasta
# Option settings: hmmsearch --domtblout /Users/catrionaharrison/Documents/Bioinformatics/rp2/Data/genomes/busco/Busco_vulgaris/run_chlorophyta_odb10/hmmer_output/initial_run_results/5563at3041.out --cpu 1 /Users/catrionaharrison/Documents/Bioinformatics/rp2/Data/genomes/busco/busco_downloads/lineages/chlorophyta_odb10/hmms/5563at3041.hmm /Users/catrionaharrison/Documents/Bioinformatics/rp2/Data/genomes/busco/data/chlorella_vulgaris.prot.fasta 
# Current dir:     /Users/catrionaharrison/Documents/Bioinformatics/rp2/Data/genomes/busco
# Date:            Fri Jul 22 15:37:56 2022
# [ok]
