#                                                                            --- full sequence --- -------------- this domain -------------   hmm coord   ali coord   env coord
# target name        accession   tlen query name           accession   qlen   E-value  score  bias   #  of  c-Evalue  i-Evalue  score  bias  from    to  from    to  from    to  acc description of target
#------------------- ---------- ----- -------------------- ---------- ----- --------- ------ ----- --- --- --------- --------- ------ ----- ----- ----- ----- ----- ----- ----- ---- ---------------------
KAI3429835.1         -            614 561at3041            -            523         0 1014.7   7.5   1   2  9.4e-101   1.7e-98  329.6   0.6     1   172    14   194    14   211 0.95 -
KAI3429835.1         -            614 561at3041            -            523         0 1014.7   7.5   2   2  9.8e-209  1.8e-206  685.9   1.3   166   523   212   613   199   613 0.94 -
KAI3431868.1         -            688 561at3041            -            523     2e-16   58.8   0.0   1   3     6e-05     0.011   13.5   0.0    93   124   114   145   100   188 0.86 -
KAI3431868.1         -            688 561at3041            -            523     2e-16   58.8   0.0   2   3    0.0016      0.29    8.8   0.0   179   243   253   318   235   332 0.72 -
KAI3431868.1         -            688 561at3041            -            523     2e-16   58.8   0.0   3   3   9.5e-11   1.7e-08   32.7   0.0    75   239   425   599   411   616 0.75 -
KAI3438154.1         -            980 561at3041            -            523   1.4e-14   52.8   0.0   1   3   7.1e-09   1.3e-06   26.5   0.0    91   242   396   557   374   564 0.71 -
KAI3438154.1         -            980 561at3041            -            523   1.4e-14   52.8   0.0   2   3    0.0004     0.072   10.8   0.0   293   336   625   670   610   684 0.76 -
KAI3438154.1         -            980 561at3041            -            523   1.4e-14   52.8   0.0   3   3   0.00023     0.042   11.6   0.0   386   433   828   875   810   894 0.84 -
KAI3428141.1         -            801 561at3041            -            523   2.5e-13   48.6   0.0   1   3    0.0028      0.51    8.0   0.0    91   121   225   255   205   285 0.81 -
KAI3428141.1         -            801 561at3041            -            523   2.5e-13   48.6   0.0   2   3   6.5e-05     0.012   13.4   0.0   374   453   362   438   356   462 0.73 -
KAI3428141.1         -            801 561at3041            -            523   2.5e-13   48.6   0.0   3   3   1.1e-07   1.9e-05   22.6   0.0    93   239   579   736   557   742 0.68 -
KAI3438784.1         -           1159 561at3041            -            523   1.6e-12   45.9   0.0   1   4      0.52        94    0.5   0.0    94   115   281   302   261   313 0.72 -
KAI3438784.1         -           1159 561at3041            -            523   1.6e-12   45.9   0.0   2   4   4.4e-06    0.0008   17.2   0.0   170   213   409   452   385   493 0.74 -
KAI3438784.1         -           1159 561at3041            -            523   1.6e-12   45.9   0.0   3   4      0.81   1.5e+02   -0.1   0.0    85   118   938   970   922   981 0.73 -
KAI3438784.1         -           1159 561at3041            -            523   1.6e-12   45.9   0.0   4   4   1.9e-07   3.4e-05   21.8   0.0   391   451  1055  1113  1033  1137 0.63 -
KAI3423558.1         -            175 561at3041            -            523   3.2e-12   44.9   0.2   1   2   9.1e-05     0.016   12.9   0.0    86   124    18    57     4    83 0.79 Chlorella vulgaris isolate 211/11P chloroplast, complete sequence, whole genome shotgun sequence.
KAI3423558.1         -            175 561at3041            -            523   3.2e-12   44.9   0.2   2   2   4.6e-10   8.4e-08   30.4   0.0   363   428   103   168    87   172 0.90 Chlorella vulgaris isolate 211/11P chloroplast, complete sequence, whole genome shotgun sequence.
KAI3429636.1         -            692 561at3041            -            523     5e-12   44.3   0.0   1   3     0.012       2.1    5.9   0.0    94   115    49    70    41   111 0.80 -
KAI3429636.1         -            692 561at3041            -            523     5e-12   44.3   0.0   2   3   3.8e-05    0.0068   14.2   0.0   390   469   241   317   213   324 0.88 -
KAI3429636.1         -            692 561at3041            -            523     5e-12   44.3   0.0   3   3   1.3e-06   0.00023   19.0   0.0   311   467   468   633   460   660 0.57 -
KAI3424351.1         -           1128 561at3041            -            523   6.3e-12   44.0   0.0   1   3   3.5e-08   6.4e-06   24.2   0.0    93   242   526   686   508   697 0.73 -
KAI3424351.1         -           1128 561at3041            -            523   6.3e-12   44.0   0.0   2   3    0.0088       1.6    6.4   0.0   313   335   775   797   742   810 0.74 -
KAI3424351.1         -           1128 561at3041            -            523   6.3e-12   44.0   0.0   3   3    0.0011      0.19    9.4   0.0   387   427   957   997   947  1021 0.86 -
KAI3424218.1         -            759 561at3041            -            523   7.8e-12   43.7   0.0   1   3     0.012       2.2    5.9   0.0    95   119   212   236   203   265 0.76 -
KAI3424218.1         -            759 561at3041            -            523   7.8e-12   43.7   0.0   2   3   0.00019     0.035   11.8   0.0   372   451   359   435   343   452 0.76 -
KAI3424218.1         -            759 561at3041            -            523   7.8e-12   43.7   0.0   3   3     3e-07   5.4e-05   21.1   0.0    99   213   575   697   570   728 0.55 -
KAI3436555.1         -           1390 561at3041            -            523   1.4e-11   42.8   1.5   1   4      0.37        67    1.0   0.0    84   115   428   458   414   472 0.72 -
KAI3436555.1         -           1390 561at3041            -            523   1.4e-11   42.8   1.5   2   4   2.6e-06   0.00047   18.0   0.1   161   237   531   609   514   622 0.75 -
KAI3436555.1         -           1390 561at3041            -            523   1.4e-11   42.8   1.5   3   4      0.31        56    1.3   0.0    91   115  1153  1177  1123  1187 0.66 -
KAI3436555.1         -           1390 561at3041            -            523   1.4e-11   42.8   1.5   4   4   3.4e-06   0.00061   17.6   0.0   391   452  1266  1325  1246  1347 0.72 -
KAI3425008.1         -           2042 561at3041            -            523   9.1e-11   40.2   0.0   1   3    0.0037      0.67    7.6   0.0   310   336   687   713   657   721 0.69 -
KAI3425008.1         -           2042 561at3041            -            523   9.1e-11   40.2   0.0   2   3    0.0015      0.27    8.9   0.0   391   466   813   888   799   907 0.75 -
KAI3425008.1         -           2042 561at3041            -            523   9.1e-11   40.2   0.0   3   3   1.5e-05    0.0028   15.5   0.0   309   453  1706  1873  1696  1902 0.72 -
KAI3432307.1         -            628 561at3041            -            523   4.5e-10   37.9   0.0   1   3     0.091        16    3.0   0.0    95   118   118   141   103   160 0.86 -
KAI3432307.1         -            628 561at3041            -            523   4.5e-10   37.9   0.0   2   3   0.00012     0.021   12.6   0.0   375   438   219   283   201   304 0.82 -
KAI3432307.1         -            628 561at3041            -            523   4.5e-10   37.9   0.0   3   3   5.9e-06    0.0011   16.8   0.0   309   468   430   597   405   622 0.56 -
KAI3438825.1         -            453 561at3041            -            523     1e-09   36.7   0.0   1   2    0.0016      0.29    8.8   0.0   301   333   122   154    95   173 0.78 -
KAI3438825.1         -            453 561at3041            -            523     1e-09   36.7   0.0   2   2   1.1e-08   1.9e-06   25.9   0.0   382   467   225   310   193   323 0.87 -
KAI3430754.1         -           1521 561at3041            -            523   5.5e-08   31.0   0.1   1   3     0.005       0.9    7.2   0.1    80   122   528   571   518   589 0.86 -
KAI3430754.1         -           1521 561at3041            -            523   5.5e-08   31.0   0.1   2   3   0.00022      0.04   11.6   0.0   175   213   645   683   626   694 0.91 -
KAI3430754.1         -           1521 561at3041            -            523   5.5e-08   31.0   0.1   3   3    0.0027      0.48    8.1   0.0   381   469  1394  1483  1373  1513 0.76 -
KAI3430799.1         -            871 561at3041            -            523   6.2e-08   30.8   0.0   1   1   1.4e-08   2.5e-06   25.5   0.0    75   238   588   782   573   795 0.70 -
KAI3435788.1         -            913 561at3041            -            523   2.8e-07   28.6   0.1   1   2    0.0041      0.74    7.5   0.0    76   119   595   641   581   662 0.79 -
KAI3435788.1         -            913 561at3041            -            523   2.8e-07   28.6   0.1   2   2   1.3e-06   0.00024   19.0   0.0   172   248   721   801   696   810 0.79 -
KAI3436892.1         -           1538 561at3041            -            523   3.6e-07   28.3   0.3   1   3     1e-07   1.8e-05   22.7   0.1   377   465   658   744   565   758 0.52 -
KAI3436892.1         -           1538 561at3041            -            523   3.6e-07   28.3   0.3   2   3       3.7   6.7e+02   -2.3   0.0    92   112  1291  1311  1279  1320 0.86 -
KAI3436892.1         -           1538 561at3041            -            523   3.6e-07   28.3   0.3   3   3      0.21        38    1.8   0.0   383   443  1394  1454  1354  1487 0.83 -
KAI3438523.1         -           1004 561at3041            -            523   2.2e-06   25.7   0.0   1   2     0.001      0.18    9.5   0.0    93   124   712   743   686   754 0.87 -
KAI3438523.1         -           1004 561at3041            -            523   2.2e-06   25.7   0.0   2   2   4.5e-05    0.0082   13.9   0.0   385   465   814   892   784   915 0.78 -
KAI3435659.1         -            603 561at3041            -            523   2.9e-06   25.3   0.4   1   2     0.072        13    3.4   0.0    80   117   368   404   361   415 0.78 -
KAI3435659.1         -            603 561at3041            -            523   2.9e-06   25.3   0.4   2   2   6.6e-07   0.00012   20.0   0.1   391   466   492   564   461   580 0.58 -
KAI3424112.1         -            954 561at3041            -            523   3.8e-06   24.9   0.0   1   1   2.2e-07     4e-05   21.5   0.0   315   429   100   227    92   245 0.62 -
KAI3430820.1         -            805 561at3041            -            523   6.2e-06   24.2   0.0   1   2      0.17        30    2.1   0.0    94   115   546   567   524   577 0.85 -
KAI3430820.1         -            805 561at3041            -            523   6.2e-06   24.2   0.0   2   2   7.7e-07   0.00014   19.7   0.0   366   468   634   731   613   750 0.74 -
KAI3430340.1         -           1080 561at3041            -            523   1.8e-05   22.7   0.4   1   2      0.41        73    0.9   0.0    92   116   483   506   469   516 0.79 -
KAI3430340.1         -           1080 561at3041            -            523   1.8e-05   22.7   0.4   2   2     9e-07   0.00016   19.5   0.1   158   238   577   659   563   677 0.71 -
KAI3434886.1         -           1519 561at3041            -            523   3.4e-05   21.8   0.1   1   2     1e-06   0.00019   19.3   0.0    88   225   500   649   489   674 0.63 -
KAI3434886.1         -           1519 561at3041            -            523   3.4e-05   21.8   0.1   2   2       1.3   2.3e+02   -0.8   0.0   392   426  1382  1416  1368  1460 0.69 -
KAI3428465.1         -           1187 561at3041            -            523   3.5e-05   21.7   0.0   1   2    0.0047      0.85    7.3   0.0   311   335   894   918   888   923 0.86 -
KAI3428465.1         -           1187 561at3041            -            523   3.5e-05   21.7   0.0   2   2   0.00015     0.028   12.2   0.0   374   468   981  1073   960  1095 0.80 -
KAI3436587.1         -            260 561at3041            -            523     4e-05   21.5   0.0   1   1   1.1e-06   0.00021   19.2   0.0   170   222   135   187    32   200 0.53 -
KAI3436221.1         -           1317 561at3041            -            523   5.3e-05   21.1   0.3   1   2     0.043       7.7    4.1   0.0   309   337   674   702   665   708 0.75 -
KAI3436221.1         -           1317 561at3041            -            523   5.3e-05   21.1   0.3   2   2   3.1e-05    0.0056   14.5   0.0   390   437   790   837   787   850 0.88 -
KAI3435878.1         -            823 561at3041            -            523   6.6e-05   20.8   0.1   1   2       0.4        72    0.9   0.0    92   116   577   601   553   610 0.76 -
KAI3435878.1         -            823 561at3041            -            523   6.6e-05   20.8   0.1   2   2   4.1e-06   0.00073   17.4   0.0   176   246   696   769   681   786 0.56 -
KAI3435797.1         -            759 561at3041            -            523   6.9e-05   20.8   2.1   1   2      0.19        34    2.0   0.1    93   122   508   537   491   542 0.85 -
KAI3435797.1         -            759 561at3041            -            523   6.9e-05   20.8   2.1   2   2   2.4e-06   0.00044   18.1   0.3   159   238   604   683   590   698 0.82 -
KAI3432606.1         -           2082 561at3041            -            523   0.00017   19.5   0.2   1   2      0.06        11    3.6   0.1    91   118  1856  1883  1832  1892 0.78 -
KAI3432606.1         -           2082 561at3041            -            523   0.00017   19.5   0.2   2   2   5.6e-05      0.01   13.6   0.0   173   241  1970  2046  1953  2054 0.78 -
KAI3424313.1         -            608 561at3041            -            523   0.00048   18.0   0.0   1   1   4.4e-05    0.0079   14.0   0.0   312   437    49   206    21   219 0.59 -
KAI3431258.1         -            835 561at3041            -            523   0.00056   17.7   0.1   1   2      0.66   1.2e+02    0.2   0.0    93   116   535   558   523   567 0.75 -
KAI3431258.1         -            835 561at3041            -            523   0.00056   17.7   0.1   2   2   2.2e-05    0.0039   15.0   0.0   171   222   639   690   625   718 0.78 -
KAI3437666.1         -            425 561at3041            -            523   0.00065   17.5   0.0   1   2      0.47        85    0.7   0.0    96   124   221   250   200   256 0.68 -
KAI3437666.1         -            425 561at3041            -            523   0.00065   17.5   0.0   2   2   3.2e-05    0.0058   14.4   0.0   178   243   333   401   319   408 0.82 -
KAI3433641.1         -           1263 561at3041            -            523   0.00076   17.3   0.0   1   2     0.078        14    3.2   0.0    80   150    10    83     5    90 0.79 -
KAI3433641.1         -           1263 561at3041            -            523   0.00076   17.3   0.0   2   2   0.00022      0.04   11.6   0.0   390   450  1106  1171  1102  1201 0.78 -
KAI3423870.1         -            727 561at3041            -            523   0.00076   17.3   0.1   1   2       0.8   1.4e+02   -0.1   0.0    94   123   449   478   431   484 0.82 -
KAI3423870.1         -            727 561at3041            -            523   0.00076   17.3   0.1   2   2   2.7e-05    0.0049   14.6   0.0   391   466   557   631   541   645 0.81 -
KAI3431691.1         -            409 561at3041            -            523   0.00096   17.0   0.1   1   2     9e-05     0.016   12.9   0.0    82   124   112   154   101   158 0.80 -
KAI3431691.1         -            409 561at3041            -            523   0.00096   17.0   0.1   2   2      0.21        38    1.8   0.0   179   212   235   274   212   290 0.65 -
KAI3436016.1         -            620 561at3041            -            523     0.001   16.9   0.0   1   1   0.00028      0.05   11.3   0.0   312   436    67   223    29   229 0.56 -
KAI3436145.1         -            619 561at3041            -            523     0.001   16.9   0.1   1   2      0.11        19    2.8   0.1   307   335    42    70    21    77 0.78 -
KAI3436145.1         -            619 561at3041            -            523     0.001   16.9   0.1   2   2   0.00021     0.037   11.7   0.0   389   430   159   200   143   234 0.88 -
KAI3428353.1         -           1487 561at3041            -            523     0.002   15.9   2.8   1   3       1.7   3.1e+02   -1.2   0.0    92   120   157   185   108   193 0.64 -
KAI3428353.1         -           1487 561at3041            -            523     0.002   15.9   2.8   2   3    0.0019      0.34    8.6   0.0   349   439   289   373   281   411 0.77 -
KAI3428353.1         -           1487 561at3041            -            523     0.002   15.9   2.8   3   3     0.011       1.9    6.1   0.0   392   451  1030  1088   952  1107 0.63 -
KAI3429571.1         -           1513 561at3041            -            523    0.0027   15.5   0.1   1   4       1.4   2.5e+02   -0.9   0.0   314   337   178   201   159   205 0.75 -
KAI3429571.1         -           1513 561at3041            -            523    0.0027   15.5   0.1   2   4      0.07        13    3.4   0.0   389   441   318   369   300   381 0.82 -
KAI3429571.1         -           1513 561at3041            -            523    0.0027   15.5   0.1   3   4     0.054       9.8    3.8   0.0    81   118   934   973   896   983 0.71 -
KAI3429571.1         -           1513 561at3041            -            523    0.0027   15.5   0.1   4   4       0.1        18    2.9   0.0   180   215  1064  1099   986  1148 0.67 -
KAI3435544.1         -            663 561at3041            -            523    0.0033   15.2   0.0   1   2       1.8   3.3e+02   -1.3   0.0    95   335    91   115    74   122 0.65 -
KAI3435544.1         -            663 561at3041            -            523    0.0033   15.2   0.0   2   2   6.6e-05     0.012   13.4   0.0   387   438   200   251   179   298 0.64 -
KAI3436589.1         -           1366 561at3041            -            523    0.0038   15.0   0.2   1   1   0.00073      0.13    9.9   0.2   375   426   801   858   696   873 0.77 -
KAI3424925.1         -            733 561at3041            -            523    0.0048   14.7   0.0   1   2     0.054       9.7    3.8   0.0    93   336    96   123    75   164 0.64 -
KAI3424925.1         -            733 561at3041            -            523    0.0048   14.7   0.0   2   2    0.0016      0.28    8.8   0.0   376   427   190   246   169   285 0.74 -
KAI3436788.1         -            744 561at3041            -            523    0.0054   14.5   0.0   1   2      0.33        59    1.2   0.0    92   121   104   133    84   165 0.72 -
KAI3436788.1         -            744 561at3041            -            523    0.0054   14.5   0.0   2   2   0.00045     0.081   10.6   0.0   180   225   221   266   217   270 0.80 -
KAI3439044.1         -            297 561at3041            -            523    0.0058   14.4   0.1   1   2     0.011         2    6.0   0.0    89   120    43    73    30    99 0.73 -
KAI3439044.1         -            297 561at3041            -            523    0.0058   14.4   0.1   2   2    0.0081       1.5    6.5   0.0   381   427   147   191   134   197 0.81 -
KAI3438522.1         -           1056 561at3041            -            523    0.0066   14.2   0.0   1   2     0.012       2.1    5.9   0.0   310   336   668   694   652   720 0.80 -
KAI3438522.1         -           1056 561at3041            -            523    0.0066   14.2   0.0   2   2     0.012       2.2    5.9   0.0   175   246   772   846   734   862 0.67 -
KAI3426140.1         -           1574 561at3041            -            523    0.0073   14.1   0.0   1   1   6.2e-05     0.011   13.5   0.0   387   471  1469  1562  1456  1570 0.79 -
KAI3438899.1         -            906 561at3041            -            523    0.0081   13.9   0.1   1   2      0.33        60    1.2   0.0    93   116   686   709   676   717 0.86 -
KAI3438899.1         -            906 561at3041            -            523    0.0081   13.9   0.1   2   2   0.00055     0.099   10.3   0.0   175   210   814   849   798   862 0.84 -
KAI3429335.1         -           1441 561at3041            -            523    0.0089   13.8   3.6   1   4       1.2   2.2e+02   -0.7   0.1    93   121   157   185   151   201 0.74 -
KAI3429335.1         -           1441 561at3041            -            523    0.0089   13.8   3.6   2   4     0.017       3.1    5.4   0.0   384   449   295   361   279   410 0.79 -
KAI3429335.1         -           1441 561at3041            -            523    0.0089   13.8   3.6   3   4      0.18        33    2.0   0.3   306   334   873   901   861   912 0.66 -
KAI3429335.1         -           1441 561at3041            -            523    0.0089   13.8   3.6   4   4     0.057        10    3.7   0.0   168   214   979  1025   956  1040 0.84 -
KAI3435721.1         -           1335 561at3041            -            523      0.01   13.6   0.2   1   2     0.013       2.3    5.9   0.0   303   334   360   391   352   396 0.90 -
KAI3435721.1         -           1335 561at3041            -            523      0.01   13.6   0.2   2   2     0.016       2.9    5.5   0.0   178   213   481   516   428   556 0.70 -
KAI3435940.1         -            745 561at3041            -            523     0.017   12.8   0.1   1   1   0.00019     0.034   11.9   0.0   160   221   588   649   577   685 0.77 -
KAI3430388.1         -            365 561at3041            -            523      0.02   12.6   0.1   1   2     0.012       2.1    6.0   0.0    93   118    99   123    87   136 0.73 -
KAI3430388.1         -            365 561at3041            -            523      0.02   12.6   0.1   2   2     0.034       6.2    4.4   0.0   391   425   207   241   188   250 0.86 -
KAI3423566.1         -             82 561at3041            -            523     0.048   11.4   3.9   1   2    0.0011       0.2    9.3   0.7    45    65     9    29     3    38 0.87 Chlorella vulgaris isolate 211/11P chloroplast, complete sequence, whole genome shotgun sequence.
KAI3423566.1         -             82 561at3041            -            523     0.048   11.4   3.9   2   2     0.054       9.8    3.8   0.1    44    64    45    65    31    80 0.74 Chlorella vulgaris isolate 211/11P chloroplast, complete sequence, whole genome shotgun sequence.
KAI3432584.1         -           1199 561at3041            -            523     0.066   10.9   0.0   1   1   0.00062      0.11   10.2   0.0   386   462  1073  1159  1030  1174 0.72 -
KAI3437978.1         -            715 561at3041            -            523     0.068   10.9   0.0   1   1    0.0079       1.4    6.5   0.0   390   427   244   281   118   290 0.72 -
KAI3431377.1         -            798 561at3041            -            523     0.075   10.7   0.0   1   2      0.95   1.7e+02   -0.3   0.0   311   333   506   528   500   532 0.85 -
KAI3431377.1         -            798 561at3041            -            523     0.075   10.7   0.0   2   2    0.0023      0.41    8.3   0.0   172   254   681   763   657   767 0.72 -
KAI3436857.1         -            628 561at3041            -            523      0.09   10.5   4.2   1   3      0.23        41    1.7   0.0    94   119    75   100    64   111 0.71 -
KAI3436857.1         -            628 561at3041            -            523      0.09   10.5   4.2   2   3     0.001      0.19    9.4   0.0   391   426   190   225   151   237 0.79 -
KAI3436857.1         -            628 561at3041            -            523      0.09   10.5   4.2   3   3       5.1   9.2e+02   -2.7   1.1   223   282   417   482   414   489 0.74 -
KAI3426477.1         -           1223 561at3041            -            523       0.1   10.3   0.0   1   2      0.12        22    2.6   0.0    94   120   574   600   544   636 0.73 -
KAI3426477.1         -           1223 561at3041            -            523       0.1   10.3   0.0   2   2     0.016       2.9    5.5   0.0   386   427   683   724   657   791 0.63 -
KAI3431566.1         -           1343 561at3041            -            523      0.11   10.1   0.5   1   2    0.0071       1.3    6.7   0.1    92   212   436   568   412   605 0.68 -
KAI3431566.1         -           1343 561at3041            -            523      0.11   10.1   0.5   2   2       1.2   2.2e+02   -0.7   0.1    93   115  1085  1107  1076  1119 0.85 -
KAI3431567.1         -           1343 561at3041            -            523      0.11   10.1   0.5   1   2    0.0071       1.3    6.7   0.1    92   212   436   568   412   605 0.68 -
KAI3431567.1         -           1343 561at3041            -            523      0.11   10.1   0.5   2   2       1.2   2.2e+02   -0.7   0.1    93   115  1085  1107  1076  1119 0.85 -
KAI3428245.1         -            245 561at3041            -            523      0.11   10.1   5.3   1   2    0.0023      0.41    8.3   0.3    43    80   141   178   135   183 0.85 -
KAI3428245.1         -            245 561at3041            -            523      0.11   10.1   5.3   2   2     0.022         4    5.0   0.7    42    63   179   200   176   212 0.88 -
KAI3433548.1         -           1077 561at3041            -            523      0.13   10.0   0.5   1   3    0.0075       1.4    6.6   0.0   314   345   198   228   187   242 0.79 -
KAI3433548.1         -           1077 561at3041            -            523      0.13   10.0   0.5   2   3      0.74   1.3e+02    0.0   0.0   390   438   324   372   305   382 0.83 -
KAI3433548.1         -           1077 561at3041            -            523      0.13   10.0   0.5   3   3       3.1   5.6e+02   -2.0   0.1    99   333   984  1002   969  1012 0.60 -
KAI3423876.1         -           1235 561at3041            -            523      0.17    9.6   0.0   1   2     0.061        11    3.6   0.0   302   335   772   805   766   809 0.75 -
KAI3423876.1         -           1235 561at3041            -            523      0.17    9.6   0.0   2   2     0.062        11    3.6   0.0   179   213   888   922   875   961 0.69 -
#
# Program:         hmmsearch
# Version:         3.1b2 (February 2015)
# Pipeline mode:   SEARCH
# Query file:      /Users/catrionaharrison/Documents/Bioinformatics/rp2/Data/genomes/busco/busco_downloads/lineages/chlorophyta_odb10/hmms/561at3041.hmm
# Target file:     /Users/catrionaharrison/Documents/Bioinformatics/rp2/Data/genomes/busco/data/chlorella_vulgaris.prot.fasta
# Option settings: hmmsearch --domtblout /Users/catrionaharrison/Documents/Bioinformatics/rp2/Data/genomes/busco/Busco_vulgaris/run_chlorophyta_odb10/hmmer_output/initial_run_results/561at3041.out --cpu 1 /Users/catrionaharrison/Documents/Bioinformatics/rp2/Data/genomes/busco/busco_downloads/lineages/chlorophyta_odb10/hmms/561at3041.hmm /Users/catrionaharrison/Documents/Bioinformatics/rp2/Data/genomes/busco/data/chlorella_vulgaris.prot.fasta 
# Current dir:     /Users/catrionaharrison/Documents/Bioinformatics/rp2/Data/genomes/busco
# Date:            Fri Jul 22 15:38:12 2022
# [ok]
