#                                                                            --- full sequence --- -------------- this domain -------------   hmm coord   ali coord   env coord
# target name        accession   tlen query name           accession   qlen   E-value  score  bias   #  of  c-Evalue  i-Evalue  score  bias  from    to  from    to  from    to  acc description of target
#------------------- ---------- ----- -------------------- ---------- ----- --------- ------ ----- --- --- --------- --------- ------ ----- ----- ----- ----- ----- ----- ----- ---- ---------------------
KAI3434567.1         -            219 5701at3041           -            188   3.9e-77  257.2   0.0   1   1   2.3e-80     5e-77  256.9   0.0    16   183     8   199     1   204 0.87 -
KAI3432730.1         -            430 5701at3041           -            188   7.8e-07   28.0   0.0   1   2   7.1e-09   1.6e-05   23.7   0.0    27   156   187   318   176   325 0.76 -
KAI3432730.1         -            430 5701at3041           -            188   7.8e-07   28.0   0.0   2   2     0.045     1e+02    1.6   0.0     4    46   345   387   342   396 0.86 -
KAI3437953.1         -            328 5701at3041           -            188   0.00094   17.9   0.0   1   1   3.4e-06    0.0075   15.0   0.0    51   142   122   227   110   242 0.76 -
KAI3425094.1         -            975 5701at3041           -            188    0.0018   17.0   0.0   1   2   3.1e-06    0.0069   15.1   0.0    47   135   245   345   233   360 0.87 -
KAI3425094.1         -            975 5701at3041           -            188    0.0018   17.0   0.0   2   2      0.62   1.4e+03   -2.2   0.0   107   131   532   556   529   559 0.85 -
KAI3431255.1         -            666 5701at3041           -            188     0.012   14.4   0.0   1   1   9.5e-06     0.021   13.5   0.0   104   134   297   328   281   347 0.80 -
#
# Program:         hmmsearch
# Version:         3.1b2 (February 2015)
# Pipeline mode:   SEARCH
# Query file:      /Users/catrionaharrison/Documents/Bioinformatics/rp2/Data/genomes/busco/busco_downloads/lineages/chlorophyta_odb10/hmms/5701at3041.hmm
# Target file:     /Users/catrionaharrison/Documents/Bioinformatics/rp2/Data/genomes/busco/data/chlorella_vulgaris.prot.fasta
# Option settings: hmmsearch --domtblout /Users/catrionaharrison/Documents/Bioinformatics/rp2/Data/genomes/busco/Busco_vulgaris/run_chlorophyta_odb10/hmmer_output/initial_run_results/5701at3041.out --cpu 1 /Users/catrionaharrison/Documents/Bioinformatics/rp2/Data/genomes/busco/busco_downloads/lineages/chlorophyta_odb10/hmms/5701at3041.hmm /Users/catrionaharrison/Documents/Bioinformatics/rp2/Data/genomes/busco/data/chlorella_vulgaris.prot.fasta 
# Current dir:     /Users/catrionaharrison/Documents/Bioinformatics/rp2/Data/genomes/busco
# Date:            Fri Jul 22 15:38:22 2022
# [ok]
