#                                                                                    --- full sequence --- -------------- this domain -------------   hmm coord   ali coord   env coord
# target name                accession   tlen query name           accession   qlen   E-value  score  bias   #  of  c-Evalue  i-Evalue  score  bias  from    to  from    to  from    to  acc description of target
#        ------------------- ---------- ----- -------------------- ---------- ----- --------- ------ ----- --- --- --------- --------- ------ ----- ----- ----- ----- ----- ----- ----- ---- ---------------------
KAI3424957.1                 -            256 6146at3041           -            201   1.3e-67  226.3   0.0   1   1   1.1e-69   3.1e-67  225.1   0.0     5   200    20   250    15   251 0.79 -
KAI3432597.1                 -            182 6146at3041           -            201   2.3e-17   62.3   0.0   1   1   9.4e-20   2.7e-17   62.1   0.0    25   149    23   145    11   171 0.84 -
KAI3424065.1                 -            182 6146at3041           -            201   3.4e-15   55.2   0.0   1   1   1.5e-17   4.3e-15   54.9   0.0    19   139    14   133     3   145 0.84 -
KAI3436656.1                 -            194 6146at3041           -            201   1.3e-14   53.3   0.0   1   1   6.1e-17   1.7e-14   52.9   0.0    20   142    18   139     4   147 0.86 -
KAI3438324.1                 -            190 6146at3041           -            201   3.1e-14   52.1   0.0   1   1   1.4e-16     4e-14   51.7   0.0    21   137    20   135     8   151 0.88 -
KAI3427949.1                 -            182 6146at3041           -            201   6.4e-13   47.8   0.0   1   1   2.9e-15   8.3e-13   47.4   0.0    19   136    13   129     2   138 0.79 -
KAI3428664.1                 -            193 6146at3041           -            201   1.8e-12   46.3   0.0   1   1   8.9e-15   2.5e-12   45.8   0.0    20   144    15   138     9   142 0.83 -
KAI3425012.1                 -            725 6146at3041           -            201   6.9e-12   44.4   0.0   1   2       6.7   1.9e+03   -2.7   0.0    34    75   134   179   132   180 0.61 -
KAI3425012.1                 -            725 6146at3041           -            201   6.9e-12   44.4   0.0   2   2   6.9e-14     2e-11   42.9   0.0    12   146   546   678   540   688 0.84 -
KAI3433347.1                 -            202 6146at3041           -            201   5.3e-09   35.0   0.0   1   2   0.00044      0.13   10.9   0.0    19    44    14    39     7    49 0.89 -
KAI3433347.1                 -            202 6146at3041           -            201   5.3e-09   35.0   0.0   2   2   1.5e-07   4.3e-05   22.2   0.0    70   145    74   146    63   180 0.87 -
KAI3432869.1                 -            683 6146at3041           -            201   5.6e-08   31.7   0.0   1   1     7e-10     2e-07   29.8   0.0    46    99   130   183    73   226 0.93 -
KAI3429564.1                 -            206 6146at3041           -            201   2.9e-05   22.8   0.0   1   1   1.8e-07     5e-05   22.0   0.0    21    97    15    97     8   142 0.75 -
KAI3429758.1                 -            991 6146at3041           -            201   0.00012   20.7   0.0   1   1   1.1e-06   0.00032   19.4   0.0    60    99   211   250   196   266 0.86 -
SIDB01000009.2322981.2330027 -           1207 6146at3041           -            201   0.00014   20.6   0.1   1   1     1e-06    0.0003   19.5   0.1    21   115   349   444   344   484 0.73 -
KAI3435810.1                 -            205 6146at3041           -            201   0.00023   19.9   0.0   1   1   1.1e-06   0.00032   19.4   0.0    25   145    13   135     9   177 0.75 -
KAI3433359.1                 -            213 6146at3041           -            201   0.00085   18.0   0.1   1   2     2e-05    0.0058   15.3   0.0    25    99    14    95     6   104 0.76 -
KAI3433359.1                 -            213 6146at3041           -            201   0.00085   18.0   0.1   2   2      0.83   2.4e+02    0.2   0.1   141   196   112   166   104   171 0.53 -
KAI3431454.1                 -            199 6146at3041           -            201   0.00095   17.8   0.0   1   1   4.8e-06    0.0014   17.3   0.0    23    98     8    88     3   128 0.77 -
KAI3428840.1                 -           1385 6146at3041           -            201    0.0018   17.0   0.3   1   2     0.024       6.9    5.2   0.1    20    42   455   477   437   479 0.83 -
KAI3428840.1                 -           1385 6146at3041           -            201    0.0018   17.0   0.3   2   2    0.0015      0.42    9.2   0.0     9    43  1140  1174  1132  1177 0.82 -
KAI3436414.1                 -            353 6146at3041           -            201    0.0022   16.7   0.0   1   2    0.0023      0.66    8.6   0.0    20    44    24    48    18    53 0.86 -
KAI3436414.1                 -            353 6146at3041           -            201    0.0022   16.7   0.0   2   2     0.019       5.4    5.6   0.0   120   144   185   209   173   261 0.83 -
KAI3429314.1                 -            769 6146at3041           -            201    0.0023   16.6   0.0   1   1   1.5e-05    0.0044   15.7   0.0    36    99   119   180   108   192 0.73 -
KAI3436354.1                 -            218 6146at3041           -            201    0.0049   15.5   0.0   1   1   2.7e-05    0.0078   14.9   0.0    24   137    14   130    10   151 0.77 -
KAI3433726.1                 -            470 6146at3041           -            201    0.0062   15.2   0.4   1   2    0.0013      0.37    9.4   0.0    22    45   171   194   166   212 0.90 -
KAI3433726.1                 -            470 6146at3041           -            201    0.0062   15.2   0.4   2   2     0.072        21    3.7   0.1    76   108   231   264   226   267 0.82 -
KAI3431512.1                 -            690 6146at3041           -            201    0.0065   15.1   0.1   1   2     0.029       8.4    5.0   0.0    22    39   277   294   270   308 0.84 -
KAI3431512.1                 -            690 6146at3041           -            201    0.0065   15.1   0.1   2   2    0.0046       1.3    7.6   0.0    77   121   359   403   357   436 0.85 -
KAI3437877.1                 -            225 6146at3041           -            201     0.011   14.4   0.0   1   1   6.8e-05     0.019   13.6   0.0    24   137    16   132    10   141 0.72 -
KAI3432686.1                 -            687 6146at3041           -            201     0.013   14.1   2.9   1   3      0.65   1.9e+02    0.6   0.0    24    49   219   244   215   248 0.84 -
KAI3432686.1                 -            687 6146at3041           -            201     0.013   14.1   2.9   2   3      0.13        37    2.9   0.2    70   141   298   361   270   373 0.62 -
KAI3432686.1                 -            687 6146at3041           -            201     0.013   14.1   2.9   3   3    0.0087       2.5    6.7   0.4    24    56   416   448   408   519 0.78 -
KAI3430444.1                 -            645 6146at3041           -            201     0.025   13.2   0.0   1   1   0.00019     0.054   12.1   0.0    64    99   112   147    98   192 0.86 -
KAI3431850.1                 -            632 6146at3041           -            201     0.031   12.9   0.0   1   1   0.00024      0.07   11.8   0.0    59    98    73   112    19   124 0.85 -
KAI3434558.1                 -            535 6146at3041           -            201     0.032   12.8   0.4   1   3     0.026       7.3    5.1   0.0    23    43    36    56    28    71 0.85 -
KAI3434558.1                 -            535 6146at3041           -            201     0.032   12.8   0.4   2   3      0.39   1.1e+02    1.3   0.0    76   109    82   118    77   122 0.70 -
KAI3434558.1                 -            535 6146at3041           -            201     0.032   12.8   0.4   3   3      0.19        55    2.3   0.0    24    49   309   334   303   343 0.82 -
KAI3436570.1                 -            628 6146at3041           -            201     0.034   12.8   0.3   1   2   0.00095      0.27    9.8   0.3    22   113   323   429   307   434 0.72 -
KAI3436570.1                 -            628 6146at3041           -            201     0.034   12.8   0.3   2   2       2.8     8e+02   -1.5   0.0   122   141   471   490   470   494 0.83 -
KAI3438222.1                 -           1018 6146at3041           -            201     0.035   12.7   0.1   1   2      0.02       5.7    5.5   0.0    24   108   337   413   331   419 0.61 -
KAI3438222.1                 -           1018 6146at3041           -            201     0.035   12.7   0.1   2   2      0.15        42    2.7   0.0    23    43   713   733   703   760 0.79 -
KAI3431868.1                 -            688 6146at3041           -            201      0.04   12.5   3.7   1   3     0.031       8.9    4.9   0.0    18    41   112   135   101   157 0.84 -
KAI3431868.1                 -            688 6146at3041           -            201      0.04   12.5   3.7   2   3    0.0072       2.1    7.0   0.0    20    46   443   469   438   479 0.81 -
KAI3431868.1                 -            688 6146at3041           -            201      0.04   12.5   3.7   3   3       3.3   9.3e+02   -1.7   0.7    47    80   649   682   627   686 0.51 -
KAI3430388.1                 -            365 6146at3041           -            201     0.042   12.5   0.1   1   1   0.00023     0.067   11.8   0.1    19    43    97   121    86   126 0.82 -
KAI3429567.1                 -            703 6146at3041           -            201     0.045   12.4   0.8   1   2      0.17        48    2.5   0.2   146   172   228   254   215   264 0.74 -
KAI3429567.1                 -            703 6146at3041           -            201     0.045   12.4   0.8   2   2    0.0046       1.3    7.6   0.0    21    43   348   370   344   387 0.87 -
KAI3439044.1                 -            297 6146at3041           -            201     0.049   12.3   0.0   1   1   0.00027     0.077   11.6   0.0    16    44    42    70    29    75 0.82 -
KAI3431603.1                 -           6436 6146at3041           -            201     0.062   11.9   7.0   1   6         3   8.6e+02   -1.6   0.0    22    42   340   360   330   373 0.82 -
KAI3431603.1                 -           6436 6146at3041           -            201     0.062   11.9   7.0   2   6    0.0022      0.64    8.6   0.1    14    44   715   745   709   758 0.86 -
KAI3431603.1                 -           6436 6146at3041           -            201     0.062   11.9   7.0   3   6       3.8   1.1e+03   -1.9   0.0    29    58  1278  1307  1276  1314 0.83 -
KAI3431603.1                 -           6436 6146at3041           -            201     0.062   11.9   7.0   4   6       2.4     7e+02   -1.3   0.0    25    40  1630  1645  1618  1653 0.86 -
KAI3431603.1                 -           6436 6146at3041           -            201     0.062   11.9   7.0   5   6      0.31        89    1.6   0.0    12    43  2068  2099  2064  2113 0.89 -
KAI3431603.1                 -           6436 6146at3041           -            201     0.062   11.9   7.0   6   6       1.4   4.1e+02   -0.5   0.0    17    42  2419  2444  2410  2447 0.81 -
KAI3426962.1                 -            782 6146at3041           -            201     0.063   11.9   0.0   1   2      0.82   2.4e+02    0.2   0.1   168   199   286   317   276   319 0.82 -
KAI3426962.1                 -            782 6146at3041           -            201     0.063   11.9   0.0   2   2    0.0024      0.67    8.5   0.0    23   100   332   401   325   409 0.82 -
KAI3436710.1                 -            615 6146at3041           -            201     0.069   11.8   0.2   1   2       0.3        87    1.6   0.0    24    45     9    30     2    45 0.76 -
KAI3436710.1                 -            615 6146at3041           -            201     0.069   11.8   0.2   2   2    0.0044       1.3    7.6   0.0    65    99    73   107    54   134 0.85 -
KAI3436543.1                 -            445 6146at3041           -            201     0.075   11.6   0.2   1   1   0.00083      0.24   10.0   0.2    46    99   104   157    50   167 0.84 -
KAI3429283.1                 -            763 6146at3041           -            201     0.078   11.6   0.0   1   1   0.00053      0.15   10.6   0.0    39    99   116   174    85   220 0.76 -
KAI3431377.1                 -            798 6146at3041           -            201      0.11   11.2   0.1   1   1   0.00069       0.2   10.3   0.1    15    41   499   525   490   535 0.82 -
#
# Program:         hmmsearch
# Version:         3.1b2 (February 2015)
# Pipeline mode:   SEARCH
# Query file:      /Users/catrionaharrison/Documents/Bioinformatics/rp2/Data/genomes/busco/busco_downloads/lineages/chlorophyta_odb10/hmms/6146at3041.hmm
# Target file:     /Users/catrionaharrison/Documents/Bioinformatics/rp2/Data/genomes/busco/data/chlorella_vulgaris.prot.fasta
# Option settings: hmmsearch --domtblout /Users/catrionaharrison/Documents/Bioinformatics/rp2/Data/genomes/busco/Busco_vulgaris/run_chlorophyta_odb10/hmmer_output/initial_run_results/6146at3041.out --cpu 1 /Users/catrionaharrison/Documents/Bioinformatics/rp2/Data/genomes/busco/busco_downloads/lineages/chlorophyta_odb10/hmms/6146at3041.hmm /Users/catrionaharrison/Documents/Bioinformatics/rp2/Data/genomes/busco/data/chlorella_vulgaris.prot.fasta 
# Current dir:     /Users/catrionaharrison/Documents/Bioinformatics/rp2/Data/genomes/busco
# Date:            Fri Jul 22 15:39:48 2022
# [ok]
