#                                                                            --- full sequence --- -------------- this domain -------------   hmm coord   ali coord   env coord
# target name        accession   tlen query name           accession   qlen   E-value  score  bias   #  of  c-Evalue  i-Evalue  score  bias  from    to  from    to  from    to  acc description of target
#------------------- ---------- ----- -------------------- ---------- ----- --------- ------ ----- --- --- --------- --------- ------ ----- ----- ----- ----- ----- ----- ----- ---- ---------------------
KAI3438190.1         -            242 6799at3041           -            116   1.1e-48  163.3   3.1   1   1   1.4e-50   7.6e-48  160.6   3.1     7   116    94   218    84   218 0.91 -
KAI3436474.1         -            173 6799at3041           -            116   3.7e-40  135.8   2.1   1   1   2.5e-42   1.4e-39  133.9   2.1     1   116    19   149    19   149 0.91 -
KAI3438732.1         -            232 6799at3041           -            116   1.5e-37  127.4   0.3   1   1   4.3e-40   2.4e-37  126.7   0.2     7   116    94   208    85   208 0.92 -
KAI3438240.1         -            248 6799at3041           -            116   4.6e-37  125.8   0.1   1   1   1.2e-39   6.9e-37  125.3   0.1     7   115   110   222    92   223 0.91 -
KAI3431301.1         -            159 6799at3041           -            116   5.3e-37  125.6   0.0   1   1   1.2e-39   6.6e-37  125.3   0.0     7   115    23   133    16   134 0.91 -
KAI3433293.1         -            275 6799at3041           -            116   6.9e-37  125.3   0.3   1   1   1.7e-39   9.6e-37  124.8   0.3     1   115    52   174    52   175 0.91 -
KAI3424803.1         -            207 6799at3041           -            116     1e-36  124.7   1.6   1   1   6.7e-39   3.8e-36  122.9   1.6     7   115    52   172    43   173 0.90 -
KAI3435791.1         -            535 6799at3041           -            116   1.5e-35  120.9   0.1   1   1   1.5e-37   8.2e-35  118.6   0.1     7   115    34   154    25   155 0.86 -
KAI3426401.1         -            182 6799at3041           -            116   2.5e-34  117.0   0.4   1   1   7.7e-37   4.3e-34  116.3   0.4     7   113    39   155    30   158 0.84 -
KAI3432683.1         -            630 6799at3041           -            116   2.4e-33  113.9   0.0   1   1     1e-35   5.8e-33  112.6   0.0     7   115   489   599   484   600 0.91 -
KAI3426947.1         -            164 6799at3041           -            116   3.2e-33  113.4   0.1   1   1   7.4e-36   4.1e-33  113.1   0.1     7   115    20   133    12   134 0.88 -
KAI3424379.1         -            630 6799at3041           -            116   1.4e-32  111.4   0.2   1   1   5.6e-35   3.2e-32  110.2   0.2     8   114   393   501   384   503 0.93 -
KAI3433422.1         -            572 6799at3041           -            116   1.6e-25   88.7   0.2   1   1   6.8e-28   3.8e-25   87.4   0.2     7   107    32   135    24   141 0.91 -
KAI3424746.1         -            430 6799at3041           -            116     4e-24   84.1   0.3   1   2   0.00061      0.34   10.2   0.0     8    26   266   284   259   287 0.84 -
KAI3424746.1         -            430 6799at3041           -            116     4e-24   84.1   0.3   2   2   6.3e-23   3.5e-20   71.4   0.2    25   116   302   389   295   389 0.89 -
KAI3432364.1         -            404 6799at3041           -            116   1.6e-22   79.0   0.0   1   1   5.9e-25   3.3e-22   77.9   0.0     7   116    20   139    12   139 0.84 -
KAI3431272.1         -            233 6799at3041           -            116   6.4e-16   57.7   0.0   1   1     2e-18   1.1e-15   56.9   0.0     5   115    45   163    42   164 0.85 -
KAI3429274.1         -            310 6799at3041           -            116   1.6e-05   24.2   0.0   1   1   6.4e-08   3.6e-05   23.0   0.0    78   116   223   261   176   261 0.88 -
KAI3425174.1         -            310 6799at3041           -            116   0.00066   18.9   0.0   1   1   5.1e-06    0.0028   16.9   0.0     1   113    76   183    76   186 0.77 -
KAI3429391.1         -            415 6799at3041           -            116     0.022   14.0   0.0   1   2       1.2   6.6e+02   -0.4   0.0     8    47   251   290   244   293 0.74 -
KAI3429391.1         -            415 6799at3041           -            116     0.022   14.0   0.0   2   2   0.00029      0.16   11.2   0.0    68   115   335   391   327   392 0.70 -
KAI3436227.1         -            322 6799at3041           -            116     0.024   13.9   0.0   1   1     9e-05      0.05   12.9   0.0    91   115   244   268   201   269 0.86 -
#
# Program:         hmmsearch
# Version:         3.1b2 (February 2015)
# Pipeline mode:   SEARCH
# Query file:      /Users/catrionaharrison/Documents/Bioinformatics/rp2/Data/genomes/busco/busco_downloads/lineages/chlorophyta_odb10/hmms/6799at3041.hmm
# Target file:     /Users/catrionaharrison/Documents/Bioinformatics/rp2/Data/genomes/busco/data/chlorella_vulgaris.prot.fasta
# Option settings: hmmsearch --domtblout /Users/catrionaharrison/Documents/Bioinformatics/rp2/Data/genomes/busco/Busco_vulgaris/run_chlorophyta_odb10/hmmer_output/initial_run_results/6799at3041.out --cpu 1 /Users/catrionaharrison/Documents/Bioinformatics/rp2/Data/genomes/busco/busco_downloads/lineages/chlorophyta_odb10/hmms/6799at3041.hmm /Users/catrionaharrison/Documents/Bioinformatics/rp2/Data/genomes/busco/data/chlorella_vulgaris.prot.fasta 
# Current dir:     /Users/catrionaharrison/Documents/Bioinformatics/rp2/Data/genomes/busco
# Date:            Fri Jul 22 15:39:53 2022
# [ok]
