#                                                                            --- full sequence --- -------------- this domain -------------   hmm coord   ali coord   env coord
# target name        accession   tlen query name           accession   qlen   E-value  score  bias   #  of  c-Evalue  i-Evalue  score  bias  from    to  from    to  from    to  acc description of target
#------------------- ---------- ----- -------------------- ---------- ----- --------- ------ ----- --- --- --------- --------- ------ ----- ----- ----- ----- ----- ----- ----- ---- ---------------------
KAI3425958.1         -            405 7498at3041           -            225   1.4e-90  302.1  13.3   1   2   6.3e-82   1.8e-78  262.5  10.8     1   189   121   340   121   354 0.88 -
KAI3425958.1         -            405 7498at3041           -            225   1.4e-90  302.1  13.3   2   2   1.5e-13   4.2e-10   38.8   0.0   185   225   363   403   342   403 0.87 -
KAI3437802.1         -            386 7498at3041           -            225   9.1e-41  139.1  13.3   1   2   6.6e-39   1.8e-35  121.8   6.3    22   193   132   321   100   330 0.78 -
KAI3437802.1         -            386 7498at3041           -            225   9.1e-41  139.1  13.3   2   2   6.1e-08   0.00017   20.5   0.9   186   225   341   382   315   382 0.73 -
KAI3434883.1         -            404 7498at3041           -            225   8.7e-11   41.1   0.3   1   1   9.5e-14   2.7e-10   39.5   0.3    34   183   138   304   115   314 0.59 -
KAI3436550.1         -            381 7498at3041           -            225   2.4e-09   36.3   5.7   1   2   1.3e-12   3.7e-09   35.7   4.0    13   191   114   304   109   310 0.70 -
KAI3436550.1         -            381 7498at3041           -            225   2.4e-09   36.3   5.7   2   2      0.53   1.5e+03   -2.2   0.0    81   108   325   351   308   354 0.68 -
#
# Program:         hmmsearch
# Version:         3.1b2 (February 2015)
# Pipeline mode:   SEARCH
# Query file:      /Users/catrionaharrison/Documents/Bioinformatics/rp2/Data/genomes/busco/busco_downloads/lineages/chlorophyta_odb10/hmms/7498at3041.hmm
# Target file:     /Users/catrionaharrison/Documents/Bioinformatics/rp2/Data/genomes/busco/data/chlorella_vulgaris.prot.fasta
# Option settings: hmmsearch --domtblout /Users/catrionaharrison/Documents/Bioinformatics/rp2/Data/genomes/busco/Busco_vulgaris/run_chlorophyta_odb10/hmmer_output/initial_run_results/7498at3041.out --cpu 1 /Users/catrionaharrison/Documents/Bioinformatics/rp2/Data/genomes/busco/busco_downloads/lineages/chlorophyta_odb10/hmms/7498at3041.hmm /Users/catrionaharrison/Documents/Bioinformatics/rp2/Data/genomes/busco/data/chlorella_vulgaris.prot.fasta 
# Current dir:     /Users/catrionaharrison/Documents/Bioinformatics/rp2/Data/genomes/busco
# Date:            Fri Jul 22 15:41:25 2022
# [ok]
