#                                                                            --- full sequence --- -------------- this domain -------------   hmm coord   ali coord   env coord
# target name        accession   tlen query name           accession   qlen   E-value  score  bias   #  of  c-Evalue  i-Evalue  score  bias  from    to  from    to  from    to  acc description of target
#------------------- ---------- ----- -------------------- ---------- ----- --------- ------ ----- --- --- --------- --------- ------ ----- ----- ----- ----- ----- ----- ----- ---- ---------------------
KAI3428741.1         -            370 7963at3041           -            187   4.7e-71  237.6  28.9   1   1     4e-72   9.4e-70  233.3  28.9     1   183   108   321   108   325 0.83 -
KAI3435840.1         -            717 7963at3041           -            187   6.4e-15   54.6   0.4   1   2       6.4   1.5e+03   -2.1   1.8   148   167     8    27     2    73 0.67 -
KAI3435840.1         -            717 7963at3041           -            187   6.4e-15   54.6   0.4   2   2   2.8e-17   6.4e-15   54.6   0.4    30   111   400   486   361   505 0.82 -
KAI3429878.1         -            234 7963at3041           -            187   1.1e-13   50.5   0.0   1   1   6.5e-16   1.5e-13   50.1   0.0    17    87    31   100    28   129 0.92 -
KAI3431489.1         -            302 7963at3041           -            187   3.6e-11   42.3   0.9   1   1     2e-13   4.6e-11   42.0   0.1    16    83   233   298   227   301 0.92 -
KAI3432830.1         -            724 7963at3041           -            187   2.7e-10   39.5   0.1   1   1   2.5e-12   5.7e-10   38.4   0.1    29    92    99   163    95   178 0.91 -
KAI3425811.1         -            405 7963at3041           -            187   6.9e-09   34.9   0.1   1   1     6e-11   1.4e-08   33.9   0.1    31    88   127   184   110   195 0.87 -
KAI3428764.1         -            375 7963at3041           -            187     2e-08   33.4   1.0   1   2   1.4e-10   3.2e-08   32.7   0.0    40    82   144   186   133   192 0.90 -
KAI3428764.1         -            375 7963at3041           -            187     2e-08   33.4   1.0   2   2       7.3   1.7e+03   -2.2   0.4   148   164   285   300   266   321 0.50 -
KAI3432600.1         -            311 7963at3041           -            187   2.8e-08   32.9   0.0   1   1   2.1e-10   4.9e-08   32.1   0.0    30    86    54   110    43   119 0.93 -
KAI3435746.1         -           1575 7963at3041           -            187   3.7e-08   32.5   0.0   1   1   2.7e-10   6.3e-08   31.8   0.0    15    85     6    74     3    89 0.89 -
KAI3437903.1         -            270 7963at3041           -            187   6.9e-08   31.6  25.4   1   1   3.7e-10   8.7e-08   31.3  22.0    41   163    87   222    46   259 0.67 -
KAI3424788.1         -            185 7963at3041           -            187   2.1e-07   30.1   0.1   1   2   2.1e-07   4.9e-05   22.3   0.0    30    85     9    64     7    75 0.91 -
KAI3424788.1         -            185 7963at3041           -            187   2.1e-07   30.1   0.1   2   2     0.027       6.2    5.7   0.1   132   164   136   169   132   178 0.74 -
KAI3438127.1         -            283 7963at3041           -            187   2.2e-07   30.0   0.4   1   2   2.7e-09   6.2e-07   28.5   0.1    32    89    10    68     7    81 0.89 -
KAI3438127.1         -            283 7963at3041           -            187   2.2e-07   30.0   0.4   2   2       4.1   9.4e+02   -1.4   0.1    64    92   183   212   166   228 0.65 -
KAI3431408.1         -            724 7963at3041           -            187   2.8e-07   29.7   0.2   1   1   2.3e-09   5.3e-07   28.7   0.2    28    94   585   654   562   661 0.84 -
KAI3436229.1         -            435 7963at3041           -            187   2.9e-07   29.6   0.0   1   1   2.1e-09   4.8e-07   28.9   0.0    32    92    85   145    78   151 0.93 -
KAI3437681.1         -            631 7963at3041           -            187     3e-07   29.6   0.0   1   2   1.3e-09     3e-07   29.6   0.0    32    89   167   225   164   230 0.93 -
KAI3437681.1         -            631 7963at3041           -            187     3e-07   29.6   0.0   2   2       3.3   7.8e+02   -1.1   0.1   139   167   490   518   430   532 0.69 -
KAI3425018.1         -            466 7963at3041           -            187   3.7e-07   29.3   7.0   1   1   3.1e-09   7.2e-07   28.3   7.0    30   158     5   132     3   151 0.70 -
KAI3429642.1         -           1893 7963at3041           -            187   5.7e-07   28.6   1.1   1   1   3.2e-09   7.5e-07   28.2   0.0    45    82  1316  1353  1284  1361 0.84 -
KAI3429239.1         -            405 7963at3041           -            187     7e-07   28.3   0.2   1   1     5e-09   1.2e-06   27.6   0.2    32    88     6    65     3    73 0.87 -
KAI3429578.1         -            781 7963at3041           -            187   9.9e-07   27.9   0.1   1   1   7.8e-09   1.8e-06   27.0   0.1    30    88   121   185   100   197 0.81 -
KAI3438651.1         -            982 7963at3041           -            187     1e-06   27.8   0.0   1   1   8.5e-09     2e-06   26.9   0.0    19    99   745   822   742   855 0.81 -
KAI3433861.1         -            434 7963at3041           -            187   1.5e-06   27.3   1.0   1   2   1.1e-08   2.5e-06   26.6   0.2    32    92    31    95    26    98 0.79 -
KAI3433861.1         -            434 7963at3041           -            187   1.5e-06   27.3   1.0   2   2       6.5   1.5e+03   -2.1   0.0    59   115   353   411   337   427 0.53 -
KAI3430333.1         -            362 7963at3041           -            187   2.3e-06   26.7   0.1   1   1   1.6e-08   3.7e-06   26.0   0.1    31    88    25    87    15    98 0.82 -
KAI3434453.1         -            461 7963at3041           -            187   6.2e-06   25.2   0.0   1   1   4.4e-08     1e-05   24.6   0.0    31    87    77   133    60   140 0.92 -
KAI3436158.1         -            707 7963at3041           -            187   7.5e-06   25.0   0.0   1   1   7.1e-08   1.7e-05   23.9   0.0    18    83   342   407   328   439 0.82 -
KAI3432534.1         -            248 7963at3041           -            187   1.2e-05   24.3   0.0   1   1   2.3e-07   5.4e-05   22.2   0.0    29    63    14    48    10   120 0.72 Chlorella vulgaris isolate 211/11P Super-Scaffold_5, whole genome shotgun sequence.
KAI3430617.1         -            770 7963at3041           -            187   1.5e-05   24.0   0.9   1   1   6.3e-08   1.5e-05   24.0   0.9    20    91   690   764   668   767 0.78 -
KAI3429290.1         -            458 7963at3041           -            187   2.2e-05   23.5   0.1   1   1   1.7e-07     4e-05   22.6   0.1    31    90    27    86    19    97 0.86 -
KAI3425247.1         -            288 7963at3041           -            187   2.4e-05   23.4   0.0   1   1   1.7e-07   3.8e-05   22.7   0.0    32    90    49   111    46   114 0.83 -
KAI3438697.1         -            403 7963at3041           -            187   5.3e-05   22.2   0.8   1   2       9.2   2.1e+03   -2.6   0.2   114   167    47   100    20   105 0.55 -
KAI3438697.1         -            403 7963at3041           -            187   5.3e-05   22.2   0.8   2   2   3.7e-07   8.6e-05   21.5   0.0    32    88   140   196   136   210 0.91 -
KAI3429582.1         -            162 7963at3041           -            187   6.6e-05   21.9   0.0   1   1   5.4e-07   0.00013   21.0   0.0    30    84     7    61     4    75 0.90 -
KAI3429276.1         -            164 7963at3041           -            187   0.00012   21.1   0.0   1   1     6e-07   0.00014   20.8   0.0    32    65    11    45     6    96 0.86 -
KAI3437902.1         -            469 7963at3041           -            187   0.00029   19.8   0.0   1   2   9.1e-06    0.0021   17.0   0.0    23    84     9    72     4    94 0.77 -
KAI3437902.1         -            469 7963at3041           -            187   0.00029   19.8   0.0   2   2       1.7   3.9e+02   -0.2   0.0    79   110   410   441   403   450 0.80 -
KAI3424153.1         -            181 7963at3041           -            187   0.00032   19.7   0.0   1   1   1.9e-06   0.00043   19.2   0.0    41   105    21    88    14   104 0.71 Chlorella vulgaris isolate 211/11P Super-Scaffold_18, whole genome shotgun sequence.
KAI3424846.1         -           1287 7963at3041           -            187    0.0004   19.4   0.1   1   1   3.5e-06   0.00082   18.4   0.1    31    88   746   804   735   810 0.90 -
KAI3424847.1         -           1318 7963at3041           -            187   0.00041   19.3   0.1   1   1   3.6e-06   0.00084   18.3   0.1    31    88   746   804   735   810 0.90 -
KAI3424219.1         -           1630 7963at3041           -            187   0.00052   19.0   0.0   1   1   4.1e-06   0.00096   18.1   0.0    32    96    12    79    10   123 0.70 -
KAI3426067.1         -            500 7963at3041           -            187   0.00087   18.3   0.0   1   1   6.9e-06    0.0016   17.4   0.0    32    92     8    65     4   125 0.84 -
KAI3431431.1         -           1256 7963at3041           -            187    0.0018   17.2   0.2   1   3       3.9   9.1e+02   -1.4   0.1    59   114  1034  1089  1019  1093 0.70 -
KAI3431431.1         -           1256 7963at3041           -            187    0.0018   17.2   0.2   2   3     4e-05    0.0094   14.9   0.0    30    64  1090  1124  1085  1148 0.88 -
KAI3431431.1         -           1256 7963at3041           -            187    0.0018   17.2   0.2   3   3         7   1.6e+03   -2.2   0.0    66    89  1152  1175  1145  1178 0.86 -
KAI3432814.1         -            387 7963at3041           -            187    0.0022   17.0   0.1   1   1   1.5e-05    0.0036   16.3   0.1    30    89    55   115    51   128 0.88 -
KAI3428730.1         -            366 7963at3041           -            187    0.0026   16.7   0.3   1   2   3.2e-05    0.0074   15.2   0.0    32    87    87   142    82   147 0.77 -
KAI3428730.1         -            366 7963at3041           -            187    0.0026   16.7   0.3   2   2       9.3   2.2e+03   -2.6   0.1   172   183   332   343   323   353 0.60 -
KAI3429339.1         -            828 7963at3041           -            187    0.0027   16.7   0.0   1   1     2e-05    0.0046   15.9   0.0    30    90    25    85    17   121 0.84 -
KAI3436650.1         -            539 7963at3041           -            187    0.0028   16.6   2.7   1   2   2.3e-05    0.0053   15.7   0.0    32    98    22    84    19   101 0.76 -
KAI3436650.1         -            539 7963at3041           -            187    0.0028   16.6   2.7   2   2       2.9   6.7e+02   -0.9   0.9   133   161   165   193   153   221 0.67 -
KAI3436363.1         -           1159 7963at3041           -            187     0.011   14.6   0.0   1   2       2.2     5e+02   -0.5   2.3   138   168   878   908   835   924 0.78 -
KAI3436363.1         -           1159 7963at3041           -            187     0.011   14.6   0.0   2   2   4.9e-05     0.011   14.6   0.0    31    70  1087  1126  1081  1142 0.88 -
KAI3433679.1         -           1337 7963at3041           -            187     0.016   14.2   0.3   1   2   6.7e-05     0.016   14.2   0.3    32    90     9    70     2    81 0.78 -
KAI3433679.1         -           1337 7963at3041           -            187     0.016   14.2   0.3   2   2       1.4   3.3e+02    0.1   2.5   137   175   220   260   200   297 0.81 -
KAI3432590.1         -           1000 7963at3041           -            187     0.049   12.5   2.1   1   2       2.6   6.1e+02   -0.8   0.6   107   173   848   915   842   922 0.75 -
KAI3432590.1         -           1000 7963at3041           -            187     0.049   12.5   2.1   2   2   0.00033     0.077   11.9   0.0    43    65   951   973   945   993 0.85 -
KAI3432466.1         -            576 7963at3041           -            187     0.065   12.2   0.1   1   1   0.00028     0.065   12.2   0.1    42    88   513   565   510   571 0.78 -
KAI3423895.1         -            210 7963at3041           -            187     0.078   11.9   0.0   1   1   0.00055      0.13   11.2   0.0    31    82     4    58     2    65 0.83 -
KAI3438667.1         -            240 7963at3041           -            187      0.17   10.8   8.9   1   1    0.0029      0.66    8.9   8.9    32   167     7   146     3   170 0.68 -
#
# Program:         hmmsearch
# Version:         3.1b2 (February 2015)
# Pipeline mode:   SEARCH
# Query file:      /Users/catrionaharrison/Documents/Bioinformatics/rp2/Data/genomes/busco/busco_downloads/lineages/chlorophyta_odb10/hmms/7963at3041.hmm
# Target file:     /Users/catrionaharrison/Documents/Bioinformatics/rp2/Data/genomes/busco/data/chlorella_vulgaris.prot.fasta
# Option settings: hmmsearch --domtblout /Users/catrionaharrison/Documents/Bioinformatics/rp2/Data/genomes/busco/Busco_vulgaris/run_chlorophyta_odb10/hmmer_output/initial_run_results/7963at3041.out --cpu 1 /Users/catrionaharrison/Documents/Bioinformatics/rp2/Data/genomes/busco/busco_downloads/lineages/chlorophyta_odb10/hmms/7963at3041.hmm /Users/catrionaharrison/Documents/Bioinformatics/rp2/Data/genomes/busco/data/chlorella_vulgaris.prot.fasta 
# Current dir:     /Users/catrionaharrison/Documents/Bioinformatics/rp2/Data/genomes/busco
# Date:            Fri Jul 22 15:40:13 2022
# [ok]
