#                                                                            --- full sequence --- -------------- this domain -------------   hmm coord   ali coord   env coord
# target name        accession   tlen query name           accession   qlen   E-value  score  bias   #  of  c-Evalue  i-Evalue  score  bias  from    to  from    to  from    to  acc description of target
#------------------- ---------- ----- -------------------- ---------- ----- --------- ------ ----- --- --- --------- --------- ------ ----- ----- ----- ----- ----- ----- ----- ---- ---------------------
KAI3427269.1         -            364 7965at3041           -            213   1.2e-92  308.6  18.3   1   2   9.6e-62     3e-59  199.5   8.6     1   142    29   203    29   226 0.81 -
KAI3427269.1         -            364 7965at3041           -            213   1.2e-92  308.6  18.3   2   2   1.7e-31   5.3e-29  100.7   2.1   137   213   262   354   255   354 0.87 -
KAI3430631.1         -            380 7965at3041           -            213   7.5e-34  116.5   5.3   1   1   4.8e-35   1.5e-32  112.3   5.3     2   209    97   350    96   354 0.78 -
KAI3437912.1         -            330 7965at3041           -            213   2.4e-32  111.6   3.6   1   4   4.2e-05     0.013   14.4   0.3   148   175    46    73    38    84 0.87 -
KAI3437912.1         -            330 7965at3041           -            213   2.4e-32  111.6   3.6   2   4   4.3e-08   1.3e-05   24.2   0.0    94   174    84   172    76   175 0.84 -
KAI3437912.1         -            330 7965at3041           -            213   2.4e-32  111.6   3.6   3   4   4.7e-18   1.4e-15   56.8   0.0    68   175   148   267   144   275 0.83 -
KAI3437912.1         -            330 7965at3041           -            213   2.4e-32  111.6   3.6   4   4   1.1e-11   3.4e-09   35.9   0.0     2    71   242   322   241   327 0.82 -
KAI3437742.1         -            363 7965at3041           -            213   1.8e-29  102.2   6.0   1   3   0.00013     0.039   12.9   0.1   137   175     5    43     1    60 0.81 -
KAI3437742.1         -            363 7965at3041           -            213   1.8e-29  102.2   6.0   2   3     5e-11   1.6e-08   33.8   0.0    96   205   100   220    88   226 0.77 -
KAI3437742.1         -            363 7965at3041           -            213   1.8e-29  102.2   6.0   3   3   3.6e-17   1.1e-14   53.8   0.8   113   212   232   355   222   356 0.76 -
KAI3436269.1         -            295 7965at3041           -            213     3e-27   94.9   6.5   1   5   4.2e-06    0.0013   17.7   0.5   148   211    18    90     9    92 0.78 -
KAI3436269.1         -            295 7965at3041           -            213     3e-27   94.9   6.5   2   5   8.2e-05     0.025   13.5   0.1     3    28   113   138    98   143 0.62 -
KAI3436269.1         -            295 7965at3041           -            213     3e-27   94.9   6.5   3   5   7.2e-12   2.2e-09   36.5   0.2     2    66   112   192   111   201 0.79 -
KAI3436269.1         -            295 7965at3041           -            213     3e-27   94.9   6.5   4   5   3.2e-06   0.00099   18.1   0.0   150   176   212   238   199   242 0.72 -
KAI3436269.1         -            295 7965at3041           -            213     3e-27   94.9   6.5   5   5   8.5e-06    0.0026   16.7   0.0    94   140   243   290   240   292 0.89 -
KAI3434995.1         -            346 7965at3041           -            213   5.1e-27   94.2   0.0   1   3   5.9e-09   1.8e-06   27.0   0.0    68   173    45   168    36   169 0.78 -
KAI3434995.1         -            346 7965at3041           -            213   5.1e-27   94.2   0.0   2   3   2.2e-14   6.9e-12   44.7   0.0    67   175   144   270   138   286 0.84 -
KAI3434995.1         -            346 7965at3041           -            213   5.1e-27   94.2   0.0   3   3   1.5e-07   4.5e-05   22.5   0.0    95   141   288   335   285   344 0.89 -
KAI3438467.1         -            381 7965at3041           -            213   9.6e-27   93.3   6.6   1   2   4.7e-12   1.5e-09   37.1   0.1    67   174   111   233   106   235 0.78 -
KAI3438467.1         -            381 7965at3041           -            213   9.6e-27   93.3   6.6   2   2   6.6e-21   2.1e-18   66.1   2.3    65   213   206   373   199   373 0.82 -
KAI3431257.1         -            396 7965at3041           -            213   4.2e-26   91.2  11.6   1   4   1.4e-10   4.4e-08   32.3   0.4     2    67    15    96    14   103 0.86 -
KAI3431257.1         -            396 7965at3041           -            213   4.2e-26   91.2  11.6   2   4   4.6e-05     0.014   14.3   1.8   147   188   111   152    96   174 0.80 -
KAI3431257.1         -            396 7965at3041           -            213   4.2e-26   91.2  11.6   3   4   0.00059      0.18   10.7   0.0    96   141   200   245   188   257 0.71 -
KAI3431257.1         -            396 7965at3041           -            213   4.2e-26   91.2  11.6   4   4   1.2e-10   3.9e-08   32.5   0.1    59   141   289   374   265   394 0.74 -
KAI3431848.1         -            377 7965at3041           -            213   6.7e-26   90.5   9.9   1   4   3.6e-16   1.1e-13   50.6   0.2    68   176    14   134     9   139 0.87 -
KAI3431848.1         -            377 7965at3041           -            213   6.7e-26   90.5   9.9   2   4    0.0002     0.061   12.2   0.0   101   142   147   189   137   223 0.76 -
KAI3431848.1         -            377 7965at3041           -            213   6.7e-26   90.5   9.9   3   4     8e-05     0.025   13.5   0.0   153   179   233   259   224   270 0.82 -
KAI3431848.1         -            377 7965at3041           -            213   6.7e-26   90.5   9.9   4   4   2.1e-05    0.0065   15.4   3.0   153   213   280   339   264   339 0.75 -
KAI3432262.1         -            471 7965at3041           -            213   3.1e-25   88.4  15.5   1   4       2.5   7.8e+02   -1.2   0.4    38    61    27    50    24    73 0.78 -
KAI3432262.1         -            471 7965at3041           -            213   3.1e-25   88.4  15.5   2   4   0.00013     0.042   12.8   0.1     2    29   110   137   109   152 0.92 -
KAI3432262.1         -            471 7965at3041           -            213   3.1e-25   88.4  15.5   3   4     4e-22   1.2e-19   70.0   4.8    36   174   182   344   171   350 0.81 -
KAI3432262.1         -            471 7965at3041           -            213   3.1e-25   88.4  15.5   4   4    0.0014      0.45    9.4   0.0    23    66   352   396   342   425 0.86 -
KAI3423946.1         -            324 7965at3041           -            213   1.3e-24   86.4   2.2   1   2   3.6e-17   1.1e-14   53.8   0.0     2   137    15   184    14   190 0.76 -
KAI3423946.1         -            324 7965at3041           -            213   1.3e-24   86.4   2.2   2   2   1.1e-08   3.5e-06   26.1   0.8   148   212   230   307   224   308 0.83 -
KAI3429728.1         -            355 7965at3041           -            213   2.3e-24   85.5  11.6   1   5   2.4e-05    0.0075   15.2   0.1   143   178    22    57    12    61 0.78 -
KAI3429728.1         -            355 7965at3041           -            213   2.3e-24   85.5  11.6   2   5   1.6e-05    0.0051   15.8   0.0   171   208    69   106    64   111 0.89 -
KAI3429728.1         -            355 7965at3041           -            213   2.3e-24   85.5  11.6   3   5   2.9e-08   9.1e-06   24.7   0.3     2    67   134   213   133   229 0.77 -
KAI3429728.1         -            355 7965at3041           -            213   2.3e-24   85.5  11.6   4   5     2e-08   6.1e-06   25.3   0.4    96   176   166   263   166   274 0.71 -
KAI3429728.1         -            355 7965at3041           -            213   2.3e-24   85.5  11.6   5   5   2.6e-06   0.00081   18.4   0.0    20    63   279   322   274   326 0.72 -
KAI3427078.1         -           1038 7965at3041           -            213   3.2e-24   85.0   5.8   1   3   8.1e-07   0.00025   20.0   0.1   149   176    18    45     6    69 0.87 -
KAI3427078.1         -           1038 7965at3041           -            213   3.2e-24   85.0   5.8   2   3   3.2e-12     1e-09   37.7   0.4   104   194   119   220   116   225 0.77 -
KAI3427078.1         -           1038 7965at3041           -            213   3.2e-24   85.0   5.8   3   3   1.3e-07     4e-05   22.6   0.1   104   212   225   354   218   364 0.68 -
KAI3427077.1         -            981 7965at3041           -            213   4.7e-24   84.5   6.6   1   2   1.4e-17   4.4e-15   55.2   3.6    63   194    14   163    13   168 0.79 -
KAI3427077.1         -            981 7965at3041           -            213   4.7e-24   84.5   6.6   2   2   6.5e-09     2e-06   26.9   0.1    96   212   159   297   149   298 0.78 -
KAI3437788.1         -            346 7965at3041           -            213   1.6e-23   82.7   2.6   1   4   0.00064       0.2   10.5   0.1   147   175    38    66    34    83 0.87 -
KAI3437788.1         -            346 7965at3041           -            213   1.6e-23   82.7   2.6   2   4   0.00053      0.16   10.8   0.0   170   212    81   123    64   124 0.83 -
KAI3437788.1         -            346 7965at3041           -            213   1.6e-23   82.7   2.6   3   4   5.7e-08   1.8e-05   23.8   0.0   106   174    92   167    80   173 0.85 -
KAI3437788.1         -            346 7965at3041           -            213   1.6e-23   82.7   2.6   4   4   4.9e-18   1.5e-15   56.7   0.0     2   145   143   304   142   320 0.79 -
KAI3429702.1         -            317 7965at3041           -            213   4.6e-23   81.2   0.4   1   3   1.4e-13   4.4e-11   42.1   0.0    66   177    25   153     8   164 0.79 -
KAI3429702.1         -            317 7965at3041           -            213   4.6e-23   81.2   0.4   2   3   1.1e-06   0.00033   19.6   0.0    94   143   164   214   160   222 0.87 -
KAI3429702.1         -            317 7965at3041           -            213   4.6e-23   81.2   0.4   3   3   0.00026     0.081   11.8   0.1     1    59   231   305   231   312 0.68 -
KAI3437851.1         -            337 7965at3041           -            213   6.6e-23   80.7  14.0   1   5   3.3e-07    0.0001   21.3   0.2   140   198    13    83     4    85 0.76 -
KAI3437851.1         -            337 7965at3041           -            213   6.6e-23   80.7  14.0   2   5    0.0016      0.51    9.2   0.0    21    66    55   100    49   106 0.75 -
KAI3437851.1         -            337 7965at3041           -            213   6.6e-23   80.7  14.0   3   5    0.0014      0.42    9.5   0.1   148   174   119   145   101   148 0.90 -
KAI3437851.1         -            337 7965at3041           -            213   6.6e-23   80.7  14.0   4   5     7e-11   2.2e-08   33.3   2.3    95   179   153   244   152   258 0.81 -
KAI3437851.1         -            337 7965at3041           -            213   6.6e-23   80.7  14.0   5   5   2.6e-05    0.0079   15.1   0.1   175   212   263   300   242   301 0.81 -
KAI3437665.1         -            853 7965at3041           -            213   2.9e-22   78.6  11.5   1   5      0.84   2.6e+02    0.4   0.1   149   170   531   552   526   578 0.76 -
KAI3437665.1         -            853 7965at3041           -            213   2.9e-22   78.6  11.5   2   5   2.4e-05    0.0075   15.2   0.2   164   212   581   629   556   630 0.72 -
KAI3437665.1         -            853 7965at3041           -            213   2.9e-22   78.6  11.5   3   5   1.8e-16   5.7e-14   51.5   1.2   105   213   597   731   586   731 0.76 -
KAI3437665.1         -            853 7965at3041           -            213   2.9e-22   78.6  11.5   4   5   2.1e-08   6.4e-06   25.2   0.1    26    96   693   780   689   783 0.70 -
KAI3437665.1         -            853 7965at3041           -            213   2.9e-22   78.6  11.5   5   5     6e-06    0.0019   17.2   0.0    28    72   802   846   794   851 0.89 -
KAI3436196.1         -            351 7965at3041           -            213   1.9e-21   76.0  17.6   1   5   1.9e-07   5.9e-05   22.1   0.2    25    71    56   102    18   114 0.80 -
KAI3436196.1         -            351 7965at3041           -            213   1.9e-21   76.0  17.6   2   5      0.13        40    3.0   0.0    68    92   121   145   109   148 0.64 -
KAI3436196.1         -            351 7965at3041           -            213   1.9e-21   76.0  17.6   3   5   2.5e-07   7.8e-05   21.7   0.3   163   211   165   213   145   215 0.75 -
KAI3436196.1         -            351 7965at3041           -            213   1.9e-21   76.0  17.6   4   5   1.2e-09   3.6e-07   29.3   1.2   144   192   238   285   230   293 0.80 -
KAI3436196.1         -            351 7965at3041           -            213   1.9e-21   76.0  17.6   5   5    0.0046       1.4    7.7   0.7   153   197   274   320   270   336 0.78 -
KAI3435630.1         -            244 7965at3041           -            213   1.9e-21   76.0   2.1   1   2   1.8e-18   5.7e-16   58.1   0.5    68   212    19   183    10   184 0.81 -
KAI3435630.1         -            244 7965at3041           -            213   1.9e-21   76.0   2.1   2   2   3.4e-08     1e-05   24.5   0.0   107   174   153   231   140   235 0.78 -
KAI3429284.1         -            746 7965at3041           -            213   3.9e-20   71.7   0.2   1   2   1.7e-13   5.3e-11   41.8   0.1    64   194    22   180    10   197 0.65 -
KAI3429284.1         -            746 7965at3041           -            213   3.9e-20   71.7   0.2   2   2     7e-08   2.2e-05   23.5   0.0   147   197   219   282   199   289 0.56 -
KAI3428177.1         -            299 7965at3041           -            213   7.8e-20   70.7   4.7   1   3   7.7e-11   2.4e-08   33.2   0.0   143   212     3    82     1    83 0.83 -
KAI3428177.1         -            299 7965at3041           -            213   7.8e-20   70.7   4.7   2   3    0.0001     0.032   13.1   0.7   147   182   105   140   101   154 0.81 -
KAI3428177.1         -            299 7965at3041           -            213   7.8e-20   70.7   4.7   3   3   4.7e-07   0.00015   20.8   0.1    64   145   208   295   149   297 0.84 -
KAI3437729.1         -           1045 7965at3041           -            213   3.8e-19   68.5  13.8   1   5   2.3e-07     7e-05   21.8   0.4   148   212   618   692   605   693 0.87 -
KAI3437729.1         -           1045 7965at3041           -            213   3.8e-19   68.5  13.8   2   5   7.1e-08   2.2e-05   23.5   1.1   108   176   663   744   662   776 0.80 -
KAI3437729.1         -           1045 7965at3041           -            213   3.8e-19   68.5  13.8   3   5   9.7e-06     0.003   16.5   0.2    26    66   870   910   853   920 0.87 -
KAI3437729.1         -           1045 7965at3041           -            213   3.8e-19   68.5  13.8   4   5    0.0004      0.12   11.2   0.1   149   176   938   965   929   986 0.78 -
KAI3437729.1         -           1045 7965at3041           -            213   3.8e-19   68.5  13.8   5   5    0.0025      0.79    8.6   0.0    26    68   995  1037   988  1042 0.88 -
KAI3425920.1         -            295 7965at3041           -            213     5e-19   68.1   8.7   1   4   0.00065       0.2   10.5   0.2   145   198    21    84    15    99 0.78 -
KAI3425920.1         -            295 7965at3041           -            213     5e-19   68.1   8.7   2   4   2.5e-09   7.8e-07   28.2   0.5   135   211   103   189    97   192 0.80 -
KAI3425920.1         -            295 7965at3041           -            213     5e-19   68.1   8.7   3   4   2.9e-05    0.0091   14.9   0.1   141   175   202   236   182   244 0.83 -
KAI3425920.1         -            295 7965at3041           -            213     5e-19   68.1   8.7   4   4   5.4e-06    0.0017   17.3   0.0    23    70   243   290   239   293 0.92 -
KAI3429755.1         -            296 7965at3041           -            213   6.4e-19   67.7   0.1   1   3   7.6e-12   2.4e-09   36.4   0.0    68   176    17   141    10   145 0.83 -
KAI3429755.1         -            296 7965at3041           -            213   6.4e-19   67.7   0.1   2   3    0.0022      0.68    8.8   0.0   175   201   157   183   151   197 0.78 -
KAI3429755.1         -            296 7965at3041           -            213   6.4e-19   67.7   0.1   3   3   1.8e-06   0.00057   18.9   0.0    65   141   212   292   202   295 0.84 -
KAI3434506.1         -            317 7965at3041           -            213   8.4e-18   64.1   0.7   1   3   9.3e-10   2.9e-07   29.6   0.0    70   175    38   153     8   158 0.79 -
KAI3434506.1         -            317 7965at3041           -            213   8.4e-18   64.1   0.7   2   3   8.6e-08   2.7e-05   23.2   0.1    92   176   161   252   154   257 0.81 -
KAI3434506.1         -            317 7965at3041           -            213   8.4e-18   64.1   0.7   3   3    0.0035       1.1    8.1   0.0    94   133   261   301   257   307 0.87 -
KAI3430268.1         -            366 7965at3041           -            213   1.2e-17   63.6   0.3   1   2     6e-09   1.9e-06   27.0   0.1    55   142    55   145    41   150 0.86 -
KAI3430268.1         -            366 7965at3041           -            213   1.2e-17   63.6   0.3   2   2   5.3e-12   1.7e-09   37.0   0.1    26   212   103   333    99   334 0.76 -
KAI3431493.1         -            371 7965at3041           -            213   1.4e-16   60.0   1.8   1   3   0.00013     0.042   12.8   0.1   106   176    34   104    24   115 0.85 -
KAI3431493.1         -            371 7965at3041           -            213   1.4e-16   60.0   1.8   2   3   1.2e-06   0.00037   19.5   0.0    93   174   115   208   109   213 0.80 -
KAI3431493.1         -            371 7965at3041           -            213   1.4e-16   60.0   1.8   3   3   2.2e-07   6.8e-05   21.9   0.2    27   118   225   337   219   359 0.69 -
KAI3429353.1         -            467 7965at3041           -            213   4.7e-16   58.4   3.7   1   3   3.1e-07   9.5e-05   21.4   0.1     2    67   181   256   180   272 0.65 -
KAI3429353.1         -            467 7965at3041           -            213   4.7e-16   58.4   3.7   2   3    0.0031      0.96    8.3   0.1   146   175   272   301   256   305 0.75 -
KAI3429353.1         -            467 7965at3041           -            213   4.7e-16   58.4   3.7   3   3   1.5e-10   4.6e-08   32.2   0.6     2   139   276   448   275   455 0.75 -
KAI3436445.1         -            493 7965at3041           -            213     7e-15   54.5  14.9   1   4    0.0048       1.5    7.7   0.8   145   175   162   192    73   201 0.86 -
KAI3436445.1         -            493 7965at3041           -            213     7e-15   54.5  14.9   2   4   1.9e-06   0.00059   18.8   0.7     3    66   168   243   167   249 0.71 -
KAI3436445.1         -            493 7965at3041           -            213     7e-15   54.5  14.9   3   4    0.0047       1.5    7.7   0.2   148   174   274   300   265   307 0.74 -
KAI3436445.1         -            493 7965at3041           -            213     7e-15   54.5  14.9   4   4   2.2e-10   6.8e-08   31.7   4.6     1   117   275   427   275   449 0.75 -
KAI3433585.1         -            314 7965at3041           -            213   2.4e-14   52.7   2.7   1   2   2.4e-10   7.5e-08   31.5   3.6    68   206    24   199    17   206 0.71 -
KAI3433585.1         -            314 7965at3041           -            213   2.4e-14   52.7   2.7   2   2   0.00018     0.055   12.4   0.0    67   123   225   286   212   305 0.77 -
KAI3431773.1         -            479 7965at3041           -            213   4.1e-12   45.5  13.2   1   4    0.0044       1.4    7.8   0.8     2    69    56   135    55   143 0.69 -
KAI3431773.1         -            479 7965at3041           -            213   4.1e-12   45.5  13.2   2   4   4.4e-07   0.00014   20.9   1.5    30   139   141   255   133   282 0.79 -
KAI3431773.1         -            479 7965at3041           -            213   4.1e-12   45.5  13.2   3   4    0.0014      0.45    9.4   0.1     1    28   300   327   300   339 0.82 -
KAI3431773.1         -            479 7965at3041           -            213   4.1e-12   45.5  13.2   4   4    0.0001     0.032   13.2   0.0   177   212   349   384   337   385 0.90 -
KAI3435642.1         -            273 7965at3041           -            213   4.1e-10   38.9   4.9   1   3     2e-05    0.0061   15.5   0.0     4    60    13    67    11    81 0.86 -
KAI3435642.1         -            273 7965at3041           -            213   4.1e-10   38.9   4.9   2   3       2.8   8.8e+02   -1.4   0.0    60    80   131   151   118   154 0.72 -
KAI3435642.1         -            273 7965at3041           -            213   4.1e-10   38.9   4.9   3   3   2.2e-06   0.00069   18.6   0.4   150   199   183   247   181   260 0.62 -
KAI3436859.1         -            393 7965at3041           -            213   6.5e-08   31.8  13.3   1   5    0.0023      0.73    8.7   0.1     2    38    11    48    10    62 0.78 -
KAI3436859.1         -            393 7965at3041           -            213   6.5e-08   31.8  13.3   2   5      0.02       6.2    5.7   0.0    28    69    64   105    54   118 0.85 -
KAI3436859.1         -            393 7965at3041           -            213   6.5e-08   31.8  13.3   3   5     0.065        20    4.0   0.1     4    28   142   166   139   179 0.67 -
KAI3436859.1         -            393 7965at3041           -            213   6.5e-08   31.8  13.3   4   5     0.011       3.5    6.5   0.7    98   178   189   286   171   296 0.53 -
KAI3436859.1         -            393 7965at3041           -            213   6.5e-08   31.8  13.3   5   5    0.0017      0.52    9.2   0.1    99   153   315   372   310   391 0.60 -
KAI3435629.1         -            103 7965at3041           -            213   1.4e-07   30.6   0.1   1   1   6.3e-10     2e-07   30.2   0.1    68   138    19    90     9    97 0.86 -
KAI3434970.1         -            369 7965at3041           -            213    0.0002   20.3   2.8   1   2       1.2   3.7e+02   -0.1   0.0    23    45   138   160    81   165 0.74 -
KAI3434970.1         -            369 7965at3041           -            213    0.0002   20.3   2.8   2   2   2.1e-06   0.00066   18.6   1.8    65   195   193   341   135   347 0.66 -
#
# Program:         hmmsearch
# Version:         3.1b2 (February 2015)
# Pipeline mode:   SEARCH
# Query file:      /Users/catrionaharrison/Documents/Bioinformatics/rp2/Data/genomes/busco/busco_downloads/lineages/chlorophyta_odb10/hmms/7965at3041.hmm
# Target file:     /Users/catrionaharrison/Documents/Bioinformatics/rp2/Data/genomes/busco/data/chlorella_vulgaris.prot.fasta
# Option settings: hmmsearch --domtblout /Users/catrionaharrison/Documents/Bioinformatics/rp2/Data/genomes/busco/Busco_vulgaris/run_chlorophyta_odb10/hmmer_output/initial_run_results/7965at3041.out --cpu 1 /Users/catrionaharrison/Documents/Bioinformatics/rp2/Data/genomes/busco/busco_downloads/lineages/chlorophyta_odb10/hmms/7965at3041.hmm /Users/catrionaharrison/Documents/Bioinformatics/rp2/Data/genomes/busco/data/chlorella_vulgaris.prot.fasta 
# Current dir:     /Users/catrionaharrison/Documents/Bioinformatics/rp2/Data/genomes/busco
# Date:            Fri Jul 22 15:40:15 2022
# [ok]
