#                                                                            --- full sequence --- -------------- this domain -------------   hmm coord   ali coord   env coord
# target name        accession   tlen query name           accession   qlen   E-value  score  bias   #  of  c-Evalue  i-Evalue  score  bias  from    to  from    to  from    to  acc description of target
#------------------- ---------- ----- -------------------- ---------- ----- --------- ------ ----- --- --- --------- --------- ------ ----- ----- ----- ----- ----- ----- ----- ---- ---------------------
KAI3436824.1         -            179 8248at3041           -            146   4.7e-58  194.4   0.0   1   1   1.2e-60   6.8e-58  193.9   0.0     2   144     6   169     5   172 0.90 -
KAI3428655.1         -            169 8248at3041           -            146   1.4e-13   50.1   4.5   1   2   1.8e-13   1.1e-10   40.8   3.0    17   112    13   118     2   136 0.82 -
KAI3428655.1         -            169 8248at3041           -            146   1.4e-13   50.1   4.5   2   2     0.079        47    3.1   0.0    89   108   136   155   128   162 0.82 -
KAI3424476.1         -            170 8248at3041           -            146   2.5e-09   36.4   4.6   1   3   0.00016     0.097   11.8   0.1    80   111     9    40     2    58 0.89 -
KAI3424476.1         -            170 8248at3041           -            146   2.5e-09   36.4   4.6   2   3   1.5e-07     9e-05   21.6   0.2    62   120    64   124    60   132 0.79 -
KAI3424476.1         -            170 8248at3041           -            146   2.5e-09   36.4   4.6   3   3     0.021        12    5.0   0.1    85   107   126   148   121   160 0.79 -
KAI3436724.1         -            233 8248at3041           -            146   1.5e-07   30.6   0.0   1   2   2.7e-09   1.6e-06   27.3   0.1    59   114    98   153    33   179 0.87 -
KAI3436724.1         -            233 8248at3041           -            146   1.5e-07   30.6   0.0   2   2      0.32   1.9e+02    1.1   0.0    82   108   166   192   158   195 0.73 -
KAI3438381.1         -            523 8248at3041           -            146   4.1e-07   29.2   0.8   1   2   5.9e-08   3.5e-05   22.9   0.5    17   121   350   466   334   494 0.72 -
KAI3438381.1         -            523 8248at3041           -            146   4.1e-07   29.2   0.8   2   2      0.53   3.1e+02    0.4   0.0    22    60   465   504   454   508 0.62 -
KAI3424297.1         -            179 8248at3041           -            146   4.3e-07   29.1   6.1   1   3   0.00047      0.28   10.3   0.1    82   112    36    66    27    84 0.80 -
KAI3424297.1         -            179 8248at3041           -            146   4.3e-07   29.1   6.1   2   3   9.4e-07   0.00055   19.0   0.8    62   123    89   149    84   154 0.82 -
KAI3424297.1         -            179 8248at3041           -            146   4.3e-07   29.1   6.1   3   3     0.015       8.6    5.4   0.2    78   109   141   172   139   176 0.84 -
KAI3430506.1         -            114 8248at3041           -            146   4.5e-07   29.1   3.1   1   3       0.3   1.7e+02    1.2   0.0    81   103    10    32     7    41 0.68 -
KAI3430506.1         -            114 8248at3041           -            146   4.5e-07   29.1   3.1   2   3   1.1e-09   6.4e-07   28.6   0.5    62   122    28    87    16    93 0.91 -
KAI3430506.1         -            114 8248at3041           -            146   4.5e-07   29.1   3.1   3   3     0.087        51    2.9   0.2    81   107    83   109    79   113 0.78 -
KAI3431308.1         -            422 8248at3041           -            146   2.7e-06   26.6   3.0   1   4    0.0046       2.7    7.1   0.1    86   111    89   114    77   121 0.81 -
KAI3431308.1         -            422 8248at3041           -            146   2.7e-06   26.6   3.0   2   4     0.062        36    3.4   0.1    82   104   129   151   120   159 0.83 -
KAI3431308.1         -            422 8248at3041           -            146   2.7e-06   26.6   3.0   3   4    0.0015      0.86    8.7   0.0    61   121   145   204   142   206 0.87 -
KAI3431308.1         -            422 8248at3041           -            146   2.7e-06   26.6   3.0   4   4   0.00098      0.58    9.2   0.0    82   110   202   230   197   237 0.85 -
KAI3432381.1         -            895 8248at3041           -            146   2.6e-05   23.4   0.9   1   2   0.00015     0.091   11.9   0.1    59   120   350   410   336   424 0.73 -
KAI3432381.1         -            895 8248at3041           -            146   2.6e-05   23.4   0.9   2   2   0.00085       0.5    9.5   0.1    78   122   440   481   425   506 0.71 -
KAI3429353.1         -            467 8248at3041           -            146   2.9e-05   23.2   0.5   1   3   0.00027      0.16   11.0   0.0    80   112     8    40     1    70 0.82 -
KAI3429353.1         -            467 8248at3041           -            146   2.9e-05   23.2   0.5   2   3       0.1        60    2.7   0.0    78   106    71    99    61   113 0.80 -
KAI3429353.1         -            467 8248at3041           -            146   2.9e-05   23.2   0.5   3   3    0.0088       5.2    6.2   0.0    86   124   115   153   109   166 0.88 -
KAI3432380.1         -            901 8248at3041           -            146   4.3e-05   22.6   1.1   1   2   0.00024      0.14   11.2   0.1    75   120   370   416   347   430 0.76 -
KAI3432380.1         -            901 8248at3041           -            146   4.3e-05   22.6   1.1   2   2   0.00085       0.5    9.5   0.2    78   122   446   487   429   512 0.71 -
KAI3425213.1         -            480 8248at3041           -            146     7e-05   22.0   2.3   1   4   0.00057      0.33   10.0   0.0    57   105   293   347   286   355 0.66 -
KAI3425213.1         -            480 8248at3041           -            146     7e-05   22.0   2.3   2   4     0.013       7.9    5.6   0.1    78   131   355   406   349   415 0.80 -
KAI3425213.1         -            480 8248at3041           -            146     7e-05   22.0   2.3   3   4     0.086        51    2.9   0.0    26    47   397   418   383   424 0.80 -
KAI3425213.1         -            480 8248at3041           -            146     7e-05   22.0   2.3   4   4     0.098        58    2.8   0.1    83   108   431   456   417   460 0.78 -
KAI3424423.1         -            524 8248at3041           -            146     0.002   17.2   1.1   1   2     0.088        52    2.9   0.1     9    48   279   319   271   333 0.78 -
KAI3424423.1         -            524 8248at3041           -            146     0.002   17.2   1.1   2   2    0.0001      0.06   12.4   0.1    63   106   363   405   360   435 0.81 -
KAI3435986.1         -            422 8248at3041           -            146    0.0084   15.2   0.2   1   2   0.00013     0.079   12.1   0.0    63   120    31    90    20    94 0.77 -
KAI3435986.1         -            422 8248at3041           -            146    0.0084   15.2   0.2   2   2      0.27   1.6e+02    1.3   0.1    84   116    91   124    85   141 0.72 -
KAI3425838.1         -            170 8248at3041           -            146     0.017   14.2   0.0   1   2    0.0092       5.4    6.1   0.0    79   106     3    30     1    36 0.85 -
KAI3425838.1         -            170 8248at3041           -            146     0.017   14.2   0.0   2   2     0.015       9.1    5.4   0.0    86   111    46    71    42    75 0.87 -
KAI3431716.1         -            448 8248at3041           -            146     0.037   13.1   0.0   1   2     0.011       6.2    5.9   0.0    83   106   240   263   224   282 0.78 -
KAI3431716.1         -            448 8248at3041           -            146     0.037   13.1   0.0   2   2     0.023        14    4.8   0.0    63   112   321   369   314   392 0.82 -
KAI3437728.1         -            613 8248at3041           -            146      0.04   13.0   2.1   1   3    0.0002      0.12   11.5   0.2    61   140   426   508   420   514 0.77 -
KAI3437728.1         -            613 8248at3041           -            146      0.04   13.0   2.1   2   3      0.44   2.6e+02    0.6   0.1    62   109   497   547   488   574 0.73 -
KAI3437728.1         -            613 8248at3041           -            146      0.04   13.0   2.1   3   3      0.94   5.5e+02   -0.4   0.1    91   109   565   583   528   592 0.80 -
KAI3435914.1         -            367 8248at3041           -            146     0.043   12.9   0.1   1   3    0.0028       1.6    7.8   0.0    81   107    91   117    81   133 0.85 -
KAI3435914.1         -            367 8248at3041           -            146     0.043   12.9   0.1   2   3       3.7   2.2e+03   -2.4   0.0    30    47   191   208   182   214 0.79 -
KAI3435914.1         -            367 8248at3041           -            146     0.043   12.9   0.1   3   3      0.21   1.2e+02    1.7   0.0    21    96   283   359   267   364 0.72 -
KAI3432247.1         -            668 8248at3041           -            146     0.064   12.3   0.0   1   1   0.00029      0.17   11.0   0.0    86   110   517   541   503   556 0.86 -
#
# Program:         hmmsearch
# Version:         3.1b2 (February 2015)
# Pipeline mode:   SEARCH
# Query file:      /Users/catrionaharrison/Documents/Bioinformatics/rp2/Data/genomes/busco/busco_downloads/lineages/chlorophyta_odb10/hmms/8248at3041.hmm
# Target file:     /Users/catrionaharrison/Documents/Bioinformatics/rp2/Data/genomes/busco/data/chlorella_vulgaris.prot.fasta
# Option settings: hmmsearch --domtblout /Users/catrionaharrison/Documents/Bioinformatics/rp2/Data/genomes/busco/Busco_vulgaris/run_chlorophyta_odb10/hmmer_output/initial_run_results/8248at3041.out --cpu 1 /Users/catrionaharrison/Documents/Bioinformatics/rp2/Data/genomes/busco/busco_downloads/lineages/chlorophyta_odb10/hmms/8248at3041.hmm /Users/catrionaharrison/Documents/Bioinformatics/rp2/Data/genomes/busco/data/chlorella_vulgaris.prot.fasta 
# Current dir:     /Users/catrionaharrison/Documents/Bioinformatics/rp2/Data/genomes/busco
# Date:            Fri Jul 22 15:41:20 2022
# [ok]
