#                                                                            --- full sequence --- -------------- this domain -------------   hmm coord   ali coord   env coord
# target name        accession   tlen query name           accession   qlen   E-value  score  bias   #  of  c-Evalue  i-Evalue  score  bias  from    to  from    to  from    to  acc description of target
#------------------- ---------- ----- -------------------- ---------- ----- --------- ------ ----- --- --- --------- --------- ------ ----- ----- ----- ----- ----- ----- ----- ---- ---------------------
KAI3438030.1         -            415 830at3041            -            350    2e-197  654.8   8.5   1   1  2.2e-197  2.4e-195  647.9   8.5     1   350    11   411    11   411 0.93 -
KAI3436729.1         -            479 830at3041            -            350   2.3e-52  177.7   0.8   1   2   3.5e-20   3.8e-18   65.1   0.1    14   186     9   197     2   205 0.76 -
KAI3436729.1         -            479 830at3041            -            350   2.3e-52  177.7   0.8   2   2   5.8e-34   6.4e-32  110.5   0.1   183   347   227   415   222   418 0.82 -
KAI3438032.1         -            134 830at3041            -            350   1.8e-48  164.9   0.1   1   1     2e-50   2.2e-48  164.6   0.1     1   101    11   124    11   131 0.87 -
KAI3435911.1         -            465 830at3041            -            350   4.6e-34  117.5   4.1   1   2   8.2e-05    0.0089   14.6   0.0    21    91    49   132    45   138 0.71 -
KAI3435911.1         -            465 830at3041            -            350   4.6e-34  117.5   4.1   2   2   5.7e-31   6.3e-29  100.6   2.9    74   338   143   454   135   460 0.75 -
KAI3426198.1         -            469 830at3041            -            350   1.1e-26   93.2   1.6   1   5   9.7e-05     0.011   14.3   0.0   214   259   129   174   122   177 0.87 -
KAI3426198.1         -            469 830at3041            -            350   1.1e-26   93.2   1.6   2   5   9.2e-06     0.001   17.7   0.0   214   290   179   252   175   259 0.87 -
KAI3426198.1         -            469 830at3041            -            350   1.1e-26   93.2   1.6   3   5   6.1e-06   0.00067   18.3   0.0   211   290   217   293   211   296 0.89 -
KAI3426198.1         -            469 830at3041            -            350   1.1e-26   93.2   1.6   4   5   3.3e-12   3.6e-10   38.9   0.1   180   289   260   380   253   383 0.81 -
KAI3426198.1         -            469 830at3041            -            350   1.1e-26   93.2   1.6   5   5   1.1e-05    0.0012   17.5   0.0   252   292   386   425   381   439 0.89 -
KAI3429865.1         -            317 830at3041            -            350   1.4e-26   92.9   8.2   1   4   0.00028     0.031   12.8   0.0   254   290    54    89    47    96 0.85 -
KAI3429865.1         -            317 830at3041            -            350   1.4e-26   92.9   8.2   2   4   3.7e-09   4.1e-07   28.9   0.3   213   290   101   178    97   181 0.91 -
KAI3429865.1         -            317 830at3041            -            350   1.4e-26   92.9   8.2   3   4   6.6e-14   7.3e-12   44.5   0.0   214   290   188   265   185   271 0.93 -
KAI3429865.1         -            317 830at3041            -            350   1.4e-26   92.9   8.2   4   4   2.2e-05    0.0024   16.5   0.3   235   289   254   309   254   312 0.90 -
KAI3432643.1         -           1022 830at3041            -            350   1.6e-24   86.1   6.9   1   5   7.4e-08   8.1e-06   24.6   0.2   214   290    98   172    91   215 0.90 -
KAI3432643.1         -           1022 830at3041            -            350   1.6e-24   86.1   6.9   2   5     0.024       2.6    6.5   0.0   231   347   373   476   328   479 0.66 -
KAI3432643.1         -           1022 830at3041            -            350   1.6e-24   86.1   6.9   3   5   1.1e-10   1.2e-08   33.9   0.2   208   290   490   570   482   572 0.90 -
KAI3432643.1         -           1022 830at3041            -            350   1.6e-24   86.1   6.9   4   5   4.5e-08   4.9e-06   25.3   0.0   207   289   531   611   529   613 0.87 -
KAI3432643.1         -           1022 830at3041            -            350   1.6e-24   86.1   6.9   5   5    0.0003     0.033   12.7   0.0   214   294   580   659   575   672 0.79 -
KAI3425901.1         -            682 830at3041            -            350   1.3e-23   83.1   0.2   1   4    0.0022      0.24    9.9   0.0   216   247   351   381   340   387 0.87 -
KAI3425901.1         -            682 830at3041            -            350   1.3e-23   83.1   0.2   2   4   1.6e-07   1.7e-05   23.5   0.0   214   291   396   473   389   476 0.90 -
KAI3425901.1         -            682 830at3041            -            350   1.3e-23   83.1   0.2   3   4   1.7e-10   1.8e-08   33.3   0.0   214   290   482   556   477   560 0.91 -
KAI3425901.1         -            682 830at3041            -            350   1.3e-23   83.1   0.2   4   4   1.4e-08   1.5e-06   27.0   0.0   214   289   524   598   519   618 0.90 -
KAI3433638.1         -            375 830at3041            -            350   1.3e-20   73.2   9.7   1   5   2.8e-07   3.1e-05   22.7   0.1   251   288     6    42     3    51 0.88 -
KAI3433638.1         -            375 830at3041            -            350   1.3e-20   73.2   9.7   2   5   8.9e-09   9.7e-07   27.6   0.1   212   289    58   135    47   141 0.89 -
KAI3433638.1         -            375 830at3041            -            350   1.3e-20   73.2   9.7   3   5   0.00027     0.029   12.9   0.2   208   292   143   231   137   238 0.78 -
KAI3433638.1         -            375 830at3041            -            350   1.3e-20   73.2   9.7   4   5     0.019       2.1    6.8   0.1   215   304   198   292   196   307 0.69 -
KAI3433638.1         -            375 830at3041            -            350   1.3e-20   73.2   9.7   5   5    0.0048      0.53    8.8   0.0   233   288   318   368   308   372 0.73 -
KAI3434463.1         -            501 830at3041            -            350   5.1e-20   71.3   1.0   1   4   4.7e-11   5.1e-09   35.1   0.0   212   291   186   263   180   269 0.89 -
KAI3434463.1         -            501 830at3041            -            350   5.1e-20   71.3   1.0   2   4   0.00055      0.06   11.9   0.0   214   265   272   322   264   329 0.86 -
KAI3434463.1         -            501 830at3041            -            350   5.1e-20   71.3   1.0   3   4   4.1e-07   4.5e-05   22.1   0.1   215   281   315   379   313   387 0.88 -
KAI3434463.1         -            501 830at3041            -            350   5.1e-20   71.3   1.0   4   4       1.6   1.8e+02    0.5   0.0   216   244   449   477   412   488 0.84 -
KAI3435932.1         -            981 830at3041            -            350   9.6e-20   70.4   3.4   1   9       6.5   7.1e+02   -1.5   0.0   167   188    32    52    25    56 0.74 -
KAI3435932.1         -            981 830at3041            -            350   9.6e-20   70.4   3.4   2   9   5.7e-08   6.2e-06   25.0   0.1   217   289    67   137    60   143 0.92 -
KAI3435932.1         -            981 830at3041            -            350   9.6e-20   70.4   3.4   3   9    0.0083       0.9    8.0   0.0   150   184   145   182   139   189 0.84 -
KAI3435932.1         -            981 830at3041            -            350   9.6e-20   70.4   3.4   4   9     0.086       9.5    4.6   0.0   214   245   191   222   184   232 0.85 -
KAI3435932.1         -            981 830at3041            -            350   9.6e-20   70.4   3.4   5   9         4   4.3e+02   -0.8   0.0   284   346   417   481   406   484 0.60 -
KAI3435932.1         -            981 830at3041            -            350   9.6e-20   70.4   3.4   6   9      0.92     1e+02    1.3   0.0   226   289   502   563   488   571 0.62 -
KAI3435932.1         -            981 830at3041            -            350   9.6e-20   70.4   3.4   7   9    0.0038      0.42    9.1   0.0   204   290   574   659   569   664 0.87 -
KAI3435932.1         -            981 830at3041            -            350   9.6e-20   70.4   3.4   8   9    0.0001     0.011   14.3   0.0   218   291   631   702   625   706 0.81 -
KAI3435932.1         -            981 830at3041            -            350   9.6e-20   70.4   3.4   9   9     0.055       6.1    5.3   0.0   211   244   708   741   702   757 0.84 -
KAI3438328.1         -            353 830at3041            -            350   5.9e-18   64.5   0.1   1   4   7.3e-11   7.9e-09   34.5   0.0   214   296    57   138    52   146 0.90 -
KAI3438328.1         -            353 830at3041            -            350   5.9e-18   64.5   0.1   2   4    0.0016      0.18   10.3   0.0   230   291   159   217   139   229 0.75 -
KAI3438328.1         -            353 830at3041            -            350   5.9e-18   64.5   0.1   3   4     8e-05    0.0088   14.6   0.0   213   290   225   308   222   311 0.80 -
KAI3438328.1         -            353 830at3041            -            350   5.9e-18   64.5   0.1   4   4       3.3   3.6e+02   -0.6   0.0   215   242   319   347   310   352 0.68 -
KAI3427937.1         -            858 830at3041            -            350   8.1e-18   64.1   0.1   1   2   4.3e-12   4.7e-10   38.5   0.1   214   297   609   691   606   703 0.91 -
KAI3427937.1         -            858 830at3041            -            350   8.1e-18   64.1   0.1   2   2   3.2e-07   3.5e-05   22.5   0.0   213   292   741   822   694   841 0.87 -
KAI3428369.1         -            409 830at3041            -            350   2.4e-17   62.5   0.3   1   4   1.3e-09   1.5e-07   30.3   0.1   249   348    55   145    48   148 0.82 -
KAI3428369.1         -            409 830at3041            -            350   2.4e-17   62.5   0.3   2   4    0.0023      0.26    9.8   0.0   218   288   158   228   148   234 0.88 -
KAI3428369.1         -            409 830at3041            -            350   2.4e-17   62.5   0.3   3   4   0.00031     0.034   12.7   0.0   214   293   243   324   235   342 0.81 -
KAI3428369.1         -            409 830at3041            -            350   2.4e-17   62.5   0.3   4   4   2.9e-05    0.0032   16.1   0.0   187   283   293   399   289   407 0.76 -
KAI3436421.1         -            628 830at3041            -            350   3.2e-17   62.1   2.0   1   3   5.9e-08   6.4e-06   24.9   0.0   206   287   175   254   142   259 0.87 -
KAI3436421.1         -            628 830at3041            -            350   3.2e-17   62.1   2.0   2   3   2.5e-08   2.7e-06   26.2   0.3   183   291   226   343   226   349 0.81 -
KAI3436421.1         -            628 830at3041            -            350   3.2e-17   62.1   2.0   3   3   0.00069     0.075   11.5   0.0   210   243   349   382   344   398 0.91 -
KAI3430499.1         -            510 830at3041            -            350   1.2e-16   60.2   1.4   1   3     1e-12   1.1e-10   40.6   0.1   184   288   243   354   216   359 0.82 -
KAI3430499.1         -            510 830at3041            -            350   1.2e-16   60.2   1.4   2   3   0.00076     0.083   11.4   0.0   250   289   359   400   354   413 0.86 -
KAI3430499.1         -            510 830at3041            -            350   1.2e-16   60.2   1.4   3   3     0.034       3.7    6.0   0.0   227   288   424   484   410   495 0.75 -
KAI3430400.1         -            456 830at3041            -            350   1.6e-16   59.8   1.7   1   2   2.2e-11   2.4e-09   36.2   0.2   213   290   222   296   164   299 0.88 -
KAI3430400.1         -            456 830at3041            -            350   1.6e-16   59.8   1.7   2   2   2.4e-06   0.00027   19.6   0.1   213   293   305   387   301   428 0.70 -
KAI3428827.1         -            524 830at3041            -            350     1e-15   57.2   0.0   1   5    0.0055      0.61    8.6   0.0   220   271   226   276   216   280 0.90 -
KAI3428827.1         -            524 830at3041            -            350     1e-15   57.2   0.0   2   5    0.0056      0.61    8.6   0.0   225   288   282   342   277   343 0.81 -
KAI3428827.1         -            524 830at3041            -            350     1e-15   57.2   0.0   3   5   6.4e-05     0.007   14.9   0.1   214   289   312   385   305   395 0.86 -
KAI3428827.1         -            524 830at3041            -            350     1e-15   57.2   0.0   4   5   2.2e-08   2.4e-06   26.3   0.0   213   288   395   469   389   475 0.92 -
KAI3428827.1         -            524 830at3041            -            350     1e-15   57.2   0.0   5   5       2.8     3e+02   -0.3   0.0   250   287   474   511   462   522 0.81 -
KAI3424821.1         -            585 830at3041            -            350   3.6e-15   55.3   0.6   1   4   0.00038     0.042   12.4   0.0   206   246   269   309   251   323 0.78 -
KAI3424821.1         -            585 830at3041            -            350   3.6e-15   55.3   0.6   2   4     4e-07   4.4e-05   22.2   0.1   218   291   323   395   313   397 0.91 -
KAI3424821.1         -            585 830at3041            -            350   3.6e-15   55.3   0.6   3   4   0.00048     0.053   12.0   0.0   217   291   406   479   399   488 0.89 -
KAI3424821.1         -            585 830at3041            -            350   3.6e-15   55.3   0.6   4   4      0.13        14    4.1   0.0   224   256   502   536   492   572 0.64 -
KAI3433964.1         -           1285 830at3041            -            350   8.8e-15   54.1   3.6   1   2   2.9e-08   3.2e-06   25.9   0.4   180   293    85   206    79   221 0.83 -
KAI3433964.1         -           1285 830at3041            -            350   8.8e-15   54.1   3.6   2   2   9.4e-09     1e-06   27.5   0.1   207   298   239   330   227   366 0.78 -
KAI3424349.1         -            501 830at3041            -            350   6.9e-14   51.1   0.0   1   3      0.41        45    2.4   0.0   252   289   208   243   165   250 0.78 -
KAI3424349.1         -            501 830at3041            -            350   6.9e-14   51.1   0.0   2   3   1.7e-06   0.00019   20.1   0.0   214   280   254   321   245   343 0.86 -
KAI3424349.1         -            501 830at3041            -            350   6.9e-14   51.1   0.0   3   3   4.5e-08   4.9e-06   25.3   0.0   216   315   344   442   325   468 0.78 -
KAI3425286.1         -           1331 830at3041            -            350   1.1e-13   50.4   9.1   1   5   0.00016     0.017   13.7   0.0   213   273   610   672   604   691 0.77 -
KAI3425286.1         -           1331 830at3041            -            350   1.1e-13   50.4   9.1   2   5    0.0015      0.16   10.4   0.1   214   281   740   806   718   818 0.86 -
KAI3425286.1         -           1331 830at3041            -            350   1.1e-13   50.4   9.1   3   5     0.013       1.4    7.3   0.3   183   247   866   940   822   985 0.57 -
KAI3425286.1         -           1331 830at3041            -            350   1.1e-13   50.4   9.1   4   5   0.00072     0.078   11.5   0.1   209   290   996  1075   947  1082 0.80 -
KAI3425286.1         -           1331 830at3041            -            350   1.1e-13   50.4   9.1   5   5     0.012       1.3    7.5   0.1   153   189  1126  1164  1107  1186 0.78 -
KAI3431366.1         -            305 830at3041            -            350   1.2e-13   50.4   4.0   1   3   3.2e-11   3.5e-09   35.7   0.0   214   288    14    90     6    99 0.88 -
KAI3431366.1         -            305 830at3041            -            350   1.2e-13   50.4   4.0   2   3     0.001      0.11   11.0   0.2   215   345   106   248    91   252 0.56 -
KAI3431366.1         -            305 830at3041            -            350   1.2e-13   50.4   4.0   3   3      0.05       5.5    5.4   0.2   226   294   231   298   227   303 0.85 -
KAI3434974.1         -           1239 830at3041            -            350   1.5e-13   50.0   0.0   1   2   5.2e-07   5.7e-05   21.8   0.0   173   291   123   245   109   255 0.71 -
KAI3434974.1         -           1239 830at3041            -            350   1.5e-13   50.0   0.0   2   2     3e-08   3.2e-06   25.9   0.0   238   290   284   336   255   343 0.79 -
KAI3425793.1         -           1034 830at3041            -            350   2.7e-13   49.2   0.5   1   4     0.096        10    4.5   0.0   213   270    54   110    49   116 0.85 -
KAI3425793.1         -           1034 830at3041            -            350   2.7e-13   49.2   0.5   2   4     9e-11   9.8e-09   34.2   0.2   212   313    95   196    76   200 0.89 -
KAI3425793.1         -           1034 830at3041            -            350   2.7e-13   49.2   0.5   3   4     0.073         8    4.9   0.0   146   184   176   218   173   225 0.76 -
KAI3425793.1         -           1034 830at3041            -            350   2.7e-13   49.2   0.5   4   4    0.0014      0.15   10.5   0.0   202   274   207   286   202   303 0.72 -
KAI3428243.1         -            868 830at3041            -            350   9.1e-13   47.5   0.2   1   3   2.2e-07   2.4e-05   23.1   0.1   214   290   105   180    86   199 0.90 -
KAI3428243.1         -            868 830at3041            -            350   9.1e-13   47.5   0.2   2   3       7.5   8.3e+02   -1.7   0.0   229   247   235   253   221   259 0.73 -
KAI3428243.1         -            868 830at3041            -            350   9.1e-13   47.5   0.2   3   3   9.2e-07    0.0001   21.0   0.1   223   305   336   419   326   423 0.87 -
KAI3425252.1         -            531 830at3041            -            350   1.1e-12   47.2   0.4   1   3   0.00068     0.074   11.6   0.1   210   289     8    87     2   105 0.70 -
KAI3425252.1         -            531 830at3041            -            350   1.1e-12   47.2   0.4   2   3   1.6e-05    0.0018   16.9   0.0   216   280   154   217   135   225 0.85 -
KAI3425252.1         -            531 830at3041            -            350   1.1e-12   47.2   0.4   3   3   5.3e-05    0.0058   15.2   0.1   213   283   235   303   226   308 0.84 -
KAI3437671.1         -            320 830at3041            -            350   1.5e-12   46.7   4.1   1   5      0.29        32    2.9   0.0   268   292    26    49    13    55 0.76 -
KAI3437671.1         -            320 830at3041            -            350   1.5e-12   46.7   4.1   2   5      0.34        38    2.7   0.1   146   185    56    97    48   100 0.67 -
KAI3437671.1         -            320 830at3041            -            350   1.5e-12   46.7   4.1   3   5   8.4e-09   9.2e-07   27.7   0.6   187   291    68   184    63   190 0.76 -
KAI3437671.1         -            320 830at3041            -            350   1.5e-12   46.7   4.1   4   5   0.00051     0.056   12.0   0.0   214   291   193   266   184   282 0.80 -
KAI3437671.1         -            320 830at3041            -            350   1.5e-12   46.7   4.1   5   5       1.3   1.5e+02    0.7   0.1   159   183   290   316   273   319 0.77 -
KAI3431770.1         -            462 830at3041            -            350   2.6e-12   46.0   2.5   1   2     0.056       6.2    5.3   0.0   228   348   128   241   111   243 0.77 -
KAI3431770.1         -            462 830at3041            -            350   2.6e-12   46.0   2.5   2   2   3.3e-10   3.6e-08   32.3   3.2   144   284   284   451   274   460 0.75 -
KAI3429735.1         -           1297 830at3041            -            350   4.1e-12   45.3   0.1   1   3   9.7e-06    0.0011   17.6   0.0   214   290    32   106    28   110 0.89 -
KAI3429735.1         -           1297 830at3041            -            350   4.1e-12   45.3   0.1   2   3   4.5e-06   0.00049   18.7   0.0   214   284   116   188   109   200 0.86 -
KAI3429735.1         -           1297 830at3041            -            350   4.1e-12   45.3   0.1   3   3     0.084       9.2    4.7   0.0   222   278   251   306   224   311 0.85 -
KAI3425781.1         -            350 830at3041            -            350   5.1e-12   45.0   0.2   1   2   9.6e-05      0.01   14.4   0.1   230   290   145   202   128   209 0.82 -
KAI3425781.1         -            350 830at3041            -            350   5.1e-12   45.0   0.2   2   2   6.8e-09   7.5e-07   28.0   0.0   231   331   236   336   223   349 0.71 -
KAI3434812.1         -            820 830at3041            -            350   1.3e-11   43.6   0.0   1   3     5e-09   5.5e-07   28.4   0.0   216   291   443   526   437   536 0.80 -
KAI3434812.1         -            820 830at3041            -            350   1.3e-11   43.6   0.0   2   3     0.016       1.8    7.0   0.0   220   288   598   668   591   674 0.82 -
KAI3434812.1         -            820 830at3041            -            350   1.3e-11   43.6   0.0   3   3      0.15        16    3.9   0.0   187   291   684   713   675   770 0.63 -
KAI3433729.1         -            675 830at3041            -            350     2e-11   43.0   0.4   1   3   0.00019     0.021   13.4   0.0   253   293   279   318   240   338 0.81 -
KAI3433729.1         -            675 830at3041            -            350     2e-11   43.0   0.4   2   3    0.0023      0.25    9.8   0.0   175   291   406   526   401   537 0.66 -
KAI3433729.1         -            675 830at3041            -            350     2e-11   43.0   0.4   3   3   7.7e-05    0.0084   14.7   0.0   250   346   623   662   601   669 0.51 -
KAI3428241.1         -            392 830at3041            -            350   3.2e-11   42.4   0.0   1   3     2e-05    0.0022   16.6   0.0   218   290    70   140    60   143 0.85 -
KAI3428241.1         -            392 830at3041            -            350   3.2e-11   42.4   0.0   2   3   3.9e-05    0.0043   15.6   0.0   212   288   148   225   143   241 0.87 -
KAI3428241.1         -            392 830at3041            -            350   3.2e-11   42.4   0.0   3   3     0.036         4    5.9   0.0   219   290   243   319   233   339 0.78 -
KAI3430661.1         -            450 830at3041            -            350   1.6e-10   40.1   0.1   1   4   0.00012     0.013   14.0   0.0   214   325    63   171    58   186 0.76 -
KAI3430661.1         -            450 830at3041            -            350   1.6e-10   40.1   0.1   2   4   9.4e-05      0.01   14.4   0.1   218   293   202   276   161   284 0.74 -
KAI3430661.1         -            450 830at3041            -            350   1.6e-10   40.1   0.1   3   4   1.9e-05    0.0021   16.7   0.0   194   285   213   311   200   320 0.71 -
KAI3430661.1         -            450 830at3041            -            350   1.6e-10   40.1   0.1   4   4     0.013       1.4    7.4   0.0   219   289   289   358   281   365 0.83 -
KAI3438112.1         -            960 830at3041            -            350   3.3e-10   39.0   0.2   1   4     0.066       7.2    5.0   0.0   279   340    31    87     8    91 0.48 -
KAI3438112.1         -            960 830at3041            -            350   3.3e-10   39.0   0.2   2   4   2.4e-06   0.00026   19.6   0.2   211   289    59   151    39   157 0.71 -
KAI3438112.1         -            960 830at3041            -            350   3.3e-10   39.0   0.2   3   4     0.018         2    6.9   0.0   213   247   161   195   155   236 0.71 -
KAI3438112.1         -            960 830at3041            -            350   3.3e-10   39.0   0.2   4   4     0.054       5.9    5.3   0.0   227   297   290   361   258   373 0.81 -
KAI3433314.1         -            588 830at3041            -            350   5.1e-10   38.4   0.1   1   3   0.00046     0.051   12.1   0.0   229   289   188   246   170   255 0.85 -
KAI3433314.1         -            588 830at3041            -            350   5.1e-10   38.4   0.1   2   3   6.9e-07   7.5e-05   21.4   0.0   218   295   277   353   266   380 0.84 -
KAI3433314.1         -            588 830at3041            -            350   5.1e-10   38.4   0.1   3   3       1.7   1.9e+02    0.4   0.0   273   297   520   544   504   583 0.73 -
KAI3438773.1         -           1013 830at3041            -            350   7.8e-10   37.8   0.2   1   4     0.077       8.4    4.8   0.1   213   267   422   475   375   504 0.58 -
KAI3438773.1         -           1013 830at3041            -            350   7.8e-10   37.8   0.2   2   4      0.27        30    3.0   0.0   213   290   464   541   455   545 0.85 -
KAI3438773.1         -           1013 830at3041            -            350   7.8e-10   37.8   0.2   3   4   6.9e-08   7.5e-06   24.7   0.0   209   288   546   623   541   630 0.91 -
KAI3438773.1         -           1013 830at3041            -            350   7.8e-10   37.8   0.2   4   4       2.4   2.6e+02   -0.1   0.0   162   187   664   691   636   706 0.72 -
KAI3430319.1         -            445 830at3041            -            350     1e-09   37.4   7.7   1   4   3.9e-05    0.0043   15.6   0.0   228   299   149   216   126   225 0.85 -
KAI3430319.1         -            445 830at3041            -            350     1e-09   37.4   7.7   2   4     0.011       1.2    7.5   0.0   150   182   294   326   289   332 0.90 -
KAI3430319.1         -            445 830at3041            -            350     1e-09   37.4   7.7   3   4     0.021       2.2    6.7   0.2   150   183   334   367   328   380 0.87 -
KAI3430319.1         -            445 830at3041            -            350     1e-09   37.4   7.7   4   4      0.13        14    4.1   0.1   150   183   374   407   365   422 0.78 -
KAI3432740.1         -            491 830at3041            -            350   1.1e-09   37.3   0.3   1   1   1.5e-10   1.6e-08   33.5   0.2   190   278   216   318   198   344 0.80 -
KAI3429432.1         -            458 830at3041            -            350   1.4e-09   37.0   0.8   1   3     0.061       6.7    5.1   0.0   224   303    20    99    15   100 0.78 -
KAI3429432.1         -            458 830at3041            -            350   1.4e-09   37.0   0.8   2   3   7.2e-05    0.0079   14.8   0.0   212   315    95   196    92   203 0.82 -
KAI3429432.1         -            458 830at3041            -            350   1.4e-09   37.0   0.8   3   3   4.1e-05    0.0045   15.6   0.0   231   306   240   314   224   320 0.79 -
KAI3436816.1         -            784 830at3041            -            350   2.8e-09   36.0   0.1   1   1   4.6e-10     5e-08   31.9   0.1   117   290   481   676   478   691 0.72 -
KAI3438903.1         -            484 830at3041            -            350   3.3e-09   35.7   3.5   1   4      0.25        28    3.1   0.0   211   246    38    74    16    88 0.82 -
KAI3438903.1         -            484 830at3041            -            350   3.3e-09   35.7   3.5   2   4   1.1e-08   1.2e-06   27.4   0.3   183   294   139   262   136   274 0.78 -
KAI3438903.1         -            484 830at3041            -            350   3.3e-09   35.7   3.5   3   4       4.9   5.3e+02   -1.1   0.0   198   212   359   373   333   399 0.63 -
KAI3438903.1         -            484 830at3041            -            350   3.3e-09   35.7   3.5   4   4      0.31        34    2.8   0.0   157   181   433   459   410   477 0.63 -
KAI3429783.1         -            477 830at3041            -            350   3.5e-09   35.7   0.2   1   4      0.03       3.3    6.2   0.0   212   249    41    76    30    86 0.85 -
KAI3429783.1         -            477 830at3041            -            350   3.5e-09   35.7   0.2   2   4   0.00036      0.04   12.5   0.0   183   291    44   165    44   171 0.72 -
KAI3429783.1         -            477 830at3041            -            350   3.5e-09   35.7   0.2   3   4     0.012       1.3    7.5   0.0   154   186   217   250   209   253 0.84 -
KAI3429783.1         -            477 830at3041            -            350   3.5e-09   35.7   0.2   4   4     0.033       3.6    6.0   0.0   212   247   256   296   250   300 0.79 -
KAI3436005.1         -            305 830at3041            -            350   6.5e-09   34.8   0.5   1   3   4.4e-07   4.8e-05   22.0   0.2   213   290    14    94     3   104 0.82 -
KAI3436005.1         -            305 830at3041            -            350   6.5e-09   34.8   0.5   2   3   8.5e-05    0.0093   14.5   0.1   183   250    61   139    61   156 0.74 -
KAI3436005.1         -            305 830at3041            -            350   6.5e-09   34.8   0.5   3   3     0.025       2.7    6.4   0.0   213   247   185   219   159   228 0.76 -
KAI3432393.1         -            837 830at3041            -            350   1.4e-08   33.7   0.5   1   4    0.0016      0.18   10.3   0.1   215   288    24    96    14    98 0.80 -
KAI3432393.1         -            837 830at3041            -            350   1.4e-08   33.7   0.5   2   4    0.0017      0.19   10.3   0.0   219   292    73   143    61   157 0.85 -
KAI3432393.1         -            837 830at3041            -            350   1.4e-08   33.7   0.5   3   4    0.0003     0.033   12.7   0.0   213   290   162   236   147   238 0.84 -
KAI3432393.1         -            837 830at3041            -            350   1.4e-08   33.7   0.5   4   4   8.4e-05    0.0092   14.5   0.0   214   276   204   265   199   283 0.86 -
KAI3429782.1         -            325 830at3041            -            350   3.7e-08   32.3   0.0   1   2     0.011       1.2    7.6   0.0   200   248    94   142    71   150 0.79 -
KAI3429782.1         -            325 830at3041            -            350   3.7e-08   32.3   0.0   2   2   3.4e-07   3.8e-05   22.4   0.0   186   295   160   281   154   294 0.77 -
KAI3438022.1         -            339 830at3041            -            350   4.3e-08   32.1   0.1   1   3    0.0078      0.85    8.1   0.0   219   300    22   103    16   107 0.84 -
KAI3438022.1         -            339 830at3041            -            350   4.3e-08   32.1   0.1   2   3   1.9e-05    0.0021   16.6   0.0   214   290   102   173    98   180 0.84 -
KAI3438022.1         -            339 830at3041            -            350   4.3e-08   32.1   0.1   3   3     0.072       7.8    4.9   0.0   220   289   191   265   180   279 0.73 -
KAI3438021.1         -            339 830at3041            -            350   5.4e-08   31.8   0.1   1   3    0.0082       0.9    8.0   0.0   219   300    22   103    16   106 0.84 -
KAI3438021.1         -            339 830at3041            -            350   5.4e-08   31.8   0.1   2   3   2.1e-05    0.0023   16.6   0.0   215   290   103   173    99   181 0.84 -
KAI3438021.1         -            339 830at3041            -            350   5.4e-08   31.8   0.1   3   3     0.098        11    4.5   0.0   220   289   191   265   181   276 0.74 -
KAI3435675.1         -            742 830at3041            -            350   9.7e-08   30.9   0.0   1   3   3.2e-08   3.5e-06   25.8   0.0   208   286    32   111    23   119 0.86 -
KAI3435675.1         -            742 830at3041            -            350   9.7e-08   30.9   0.0   2   3       9.6   1.1e+03   -2.1   0.0   197   223   148   174   137   214 0.56 -
KAI3435675.1         -            742 830at3041            -            350   9.7e-08   30.9   0.0   3   3       1.3   1.4e+02    0.8   0.0   216   244   607   636   588   644 0.84 -
KAI3433388.1         -            401 830at3041            -            350   1.1e-07   30.7   0.3   1   2   2.5e-08   2.7e-06   26.2   0.0   213   293   118   201   111   216 0.83 -
KAI3433388.1         -            401 830at3041            -            350   1.1e-07   30.7   0.3   2   2      0.76        83    1.5   0.0    90   181   270   367   261   372 0.63 -
KAI3424688.1         -            564 830at3041            -            350   1.2e-07   30.6  10.5   1   3   2.5e-05    0.0027   16.3   0.0   213   289   272   348   265   356 0.87 -
KAI3424688.1         -            564 830at3041            -            350   1.2e-07   30.6  10.5   2   3    0.0017      0.18   10.3   0.4   196   271   375   458   366   485 0.70 -
KAI3424688.1         -            564 830at3041            -            350   1.2e-07   30.6  10.5   3   3     0.016       1.7    7.1   0.4   222   288   498   563   491   563 0.87 -
KAI3434650.1         -            330 830at3041            -            350   1.4e-07   30.4   0.6   1   3    0.0002     0.022   13.3   0.1   213   291    59   136    54   138 0.85 -
KAI3434650.1         -            330 830at3041            -            350   1.4e-07   30.4   0.6   2   3    0.0041      0.45    9.0   0.1   215   293   102   182    96   191 0.81 -
KAI3434650.1         -            330 830at3041            -            350   1.4e-07   30.4   0.6   3   3   0.00039     0.043   12.4   0.0   212   289   227   302   207   319 0.85 -
KAI3433542.1         -            923 830at3041            -            350   1.5e-07   30.3   0.8   1   4       1.8     2e+02    0.3   0.0   215   289    73   154    38   175 0.64 -
KAI3433542.1         -            923 830at3041            -            350   1.5e-07   30.3   0.8   2   4     0.033       3.6    6.0   0.0   214   299   196   285   138   295 0.72 -
KAI3433542.1         -            923 830at3041            -            350   1.5e-07   30.3   0.8   3   4   0.00079     0.087   11.3   0.0   200   244   681   733   672   738 0.81 -
KAI3433542.1         -            923 830at3041            -            350   1.5e-07   30.3   0.8   4   4      0.02       2.2    6.7   0.0   255   290   763   797   742   814 0.62 -
KAI3425752.1         -           1226 830at3041            -            350   2.3e-07   29.7   0.1   1   3     0.025       2.8    6.4   0.0   217   289    63   140    52   158 0.80 -
KAI3425752.1         -           1226 830at3041            -            350   2.3e-07   29.7   0.1   2   3   6.2e-05    0.0068   15.0   0.0   215   286   398   467   376   480 0.86 -
KAI3425752.1         -           1226 830at3041            -            350   2.3e-07   29.7   0.1   3   3      0.12        13    4.2   0.0   249   288   512   550   481   562 0.71 -
KAI3438455.1         -            984 830at3041            -            350   2.8e-07   29.4   1.3   1   4       2.8     3e+02   -0.3   0.0   224   289   672   744   657   759 0.45 -
KAI3438455.1         -            984 830at3041            -            350   2.8e-07   29.4   1.3   2   4     0.042       4.6    5.7   0.1   164   185   769   790   755   798 0.83 -
KAI3438455.1         -            984 830at3041            -            350   2.8e-07   29.4   1.3   3   4   0.00052     0.057   11.9   0.0   212   292   795   874   792   882 0.87 -
KAI3438455.1         -            984 830at3041            -            350   2.8e-07   29.4   1.3   4   4     0.016       1.8    7.0   0.1   136   177   883   927   877   932 0.83 -
KAI3427924.1         -            458 830at3041            -            350   3.4e-07   29.1   0.1   1   3      0.11        12    4.3   0.0   255   293    77   115    41   122 0.74 -
KAI3427924.1         -            458 830at3041            -            350   3.4e-07   29.1   0.1   2   3   1.9e-07   2.1e-05   23.2   0.0   194   295    95   201    80   207 0.82 -
KAI3427924.1         -            458 830at3041            -            350   3.4e-07   29.1   0.1   3   3      0.29        32    2.9   0.0   167   184   380   397   345   448 0.68 -
KAI3436358.1         -            640 830at3041            -            350   3.9e-07   28.9   0.3   1   3      0.04       4.4    5.7   0.1   261   337   284   361   243   374 0.66 -
KAI3436358.1         -            640 830at3041            -            350   3.9e-07   28.9   0.3   2   3   8.1e-06   0.00089   17.9   0.0   210   306   376   479   365   483 0.80 -
KAI3436358.1         -            640 830at3041            -            350   3.9e-07   28.9   0.3   3   3      0.66        72    1.7   0.0   183   211   560   590   536   607 0.75 -
KAI3434872.1         -            925 830at3041            -            350     7e-07   28.1   0.0   1   3     0.036         4    5.9   0.1   212   244    46    78    33   160 0.80 -
KAI3434872.1         -            925 830at3041            -            350     7e-07   28.1   0.0   2   3   0.00025     0.028   13.0   0.0   221   288   192   260   186   270 0.91 -
KAI3434872.1         -            925 830at3041            -            350     7e-07   28.1   0.0   3   3      0.14        15    4.0   0.0   227   259   285   317   271   341 0.77 -
KAI3436773.1         -            408 830at3041            -            350   7.9e-07   27.9   0.0   1   3     0.017       1.9    7.0   0.0   216   292    33   105    23   119 0.82 -
KAI3436773.1         -            408 830at3041            -            350   7.9e-07   27.9   0.0   2   3       1.6   1.8e+02    0.5   0.0   209   247   194   240   188   252 0.71 -
KAI3436773.1         -            408 830at3041            -            350   7.9e-07   27.9   0.0   3   3   2.5e-05    0.0027   16.3   0.0   215   290   256   332   250   340 0.81 -
KAI3424206.1         -            314 830at3041            -            350   1.4e-06   27.1   0.3   1   2       1.4   1.5e+02    0.7   0.0   164   185   129   150   111   157 0.83 -
KAI3424206.1         -            314 830at3041            -            350   1.4e-06   27.1   0.3   2   2   0.00022     0.024   13.2   0.1   213   291   207   283   201   289 0.84 -
KAI3434481.1         -            500 830at3041            -            350   1.5e-06   27.0   0.9   1   1   6.6e-08   7.3e-06   24.7   0.8   152   265   117   252   105   280 0.70 -
KAI3435657.1         -            513 830at3041            -            350   3.9e-06   25.6   0.1   1   3    0.0011      0.12   10.9   0.0   217   288   214   291   205   297 0.74 -
KAI3435657.1         -            513 830at3041            -            350   3.9e-06   25.6   0.1   2   3    0.0019      0.21   10.1   0.0   212   289   302   377   295   382 0.89 -
KAI3435657.1         -            513 830at3041            -            350   3.9e-06   25.6   0.1   3   3       1.7   1.9e+02    0.4   0.0   221   243   488   510   477   511 0.84 -
KAI3428582.1         -            617 830at3041            -            350   5.7e-06   25.1   0.1   1   2       1.2   1.3e+02    0.8   0.0   272   334   250   307   234   318 0.72 -
KAI3428582.1         -            617 830at3041            -            350   5.7e-06   25.1   0.1   2   2   6.8e-07   7.4e-05   21.4   0.1   166   290   322   451   314   458 0.74 -
KAI3431740.1         -            931 830at3041            -            350   5.9e-06   25.1   0.0   1   4      0.19        21    3.5   0.0   217   247   106   136    96   147 0.83 -
KAI3431740.1         -            931 830at3041            -            350   5.9e-06   25.1   0.0   2   4    0.0037       0.4    9.2   0.0   216   288   146   224   140   228 0.82 -
KAI3431740.1         -            931 830at3041            -            350   5.9e-06   25.1   0.0   3   4     0.019       2.1    6.8   0.0   175   244   230   308   225   311 0.70 -
KAI3431740.1         -            931 830at3041            -            350   5.9e-06   25.1   0.0   4   4       4.5     5e+02   -1.0   0.1    58    84   801   827   774   834 0.81 -
KAI3431641.1         -            904 830at3041            -            350   6.4e-06   24.9   0.0   1   1   1.3e-07   1.4e-05   23.8   0.0   218   292    26   101    14   152 0.74 -
KAI3431507.1         -            985 830at3041            -            350   6.6e-06   24.9   0.0   1   2   1.5e-06   0.00017   20.3   0.0   213   289    51   129    41   134 0.83 -
KAI3431507.1         -            985 830at3041            -            350   6.6e-06   24.9   0.0   2   2       1.1   1.2e+02    1.0   0.0   179   238   172   231   161   266 0.51 -
KAI3426384.1         -            572 830at3041            -            350   6.8e-06   24.8   0.4   1   2       1.7   1.9e+02    0.4   0.0   273   296   291   314   265   350 0.78 -
KAI3426384.1         -            572 830at3041            -            350   6.8e-06   24.8   0.4   2   2   9.3e-07    0.0001   21.0   0.1   182   259   376   474   362   476 0.80 -
KAI3434696.1         -            823 830at3041            -            350   7.4e-06   24.7   0.1   1   1   2.1e-07   2.3e-05   23.1   0.0   214   290   653   732   637   737 0.90 -
KAI3434695.1         -            822 830at3041            -            350   7.4e-06   24.7   0.1   1   1   2.1e-07   2.3e-05   23.1   0.0   214   290   652   731   636   736 0.90 -
KAI3430413.1         -            734 830at3041            -            350   2.4e-05   23.0   0.0   1   3     0.014       1.6    7.2   0.0   212   246   107   141    72   175 0.83 -
KAI3430413.1         -            734 830at3041            -            350   2.4e-05   23.0   0.0   2   3       1.8     2e+02    0.3   0.0   232   287   157   211   141   216 0.58 -
KAI3430413.1         -            734 830at3041            -            350   2.4e-05   23.0   0.0   3   3    0.0008     0.087   11.3   0.0   208   246   222   260   210   270 0.90 -
KAI3433721.1         -           1280 830at3041            -            350   3.3e-05   22.6   0.2   1   3   4.2e-05    0.0046   15.6   0.0   212   253   951   991   937  1006 0.84 -
KAI3433721.1         -           1280 830at3041            -            350   3.3e-05   22.6   0.2   2   3      0.24        26    3.2   0.0   123   183  1114  1174  1101  1185 0.64 -
KAI3433721.1         -           1280 830at3041            -            350   3.3e-05   22.6   0.2   3   3       4.5   4.9e+02   -1.0   0.0   232   288  1210  1273  1200  1276 0.75 -
KAI3438219.1         -            525 830at3041            -            350   3.8e-05   22.4   0.0   1   1   8.5e-07   9.3e-05   21.1   0.0   171   288   289   406   279   421 0.81 -
KAI3434892.1         -            786 830at3041            -            350   3.9e-05   22.3   0.0   1   4       3.9   4.3e+02   -0.8   0.0   167   185     7    25     4    29 0.86 -
KAI3434892.1         -            786 830at3041            -            350   3.9e-05   22.3   0.0   2   4      0.02       2.2    6.7   0.0   213   247   116   150    91   156 0.88 -
KAI3434892.1         -            786 830at3041            -            350   3.9e-05   22.3   0.0   3   4       2.1   2.3e+02    0.1   0.0   214   244   175   207   167   213 0.78 -
KAI3434892.1         -            786 830at3041            -            350   3.9e-05   22.3   0.0   4   4    0.0055      0.61    8.6   0.0   211   248   286   323   277   334 0.85 -
KAI3426239.1         -           2078 830at3041            -            350   4.9e-05   22.0   5.9   1   2   0.00016     0.017   13.7   0.0   213   292   172   249   145   302 0.70 -
KAI3426239.1         -           2078 830at3041            -            350   4.9e-05   22.0   5.9   2   2      0.17        18    3.7   0.2   150   288   608   751   595   785 0.62 -
KAI3437620.1         -            510 830at3041            -            350   6.1e-05   21.7   0.1   1   2      0.15        17    3.8   0.0   151   247   152   254   145   264 0.70 -
KAI3437620.1         -            510 830at3041            -            350   6.1e-05   21.7   0.1   2   2   3.1e-06   0.00033   19.3   0.0   200   289   241   335   232   341 0.82 -
KAI3436617.1         -            442 830at3041            -            350   7.2e-05   21.5   0.0   1   2   0.00018      0.02   13.5   0.0   219   282   114   177    94   194 0.76 -
KAI3436617.1         -            442 830at3041            -            350   7.2e-05   21.5   0.0   2   2     0.042       4.6    5.7   0.0   229   288   365   426   344   438 0.68 -
KAI3438192.1         -           1349 830at3041            -            350   9.6e-05   21.1   0.1   1   4     0.076       8.3    4.8   0.0   252   295     7    48     3    54 0.77 -
KAI3438192.1         -           1349 830at3041            -            350   9.6e-05   21.1   0.1   2   4       2.5   2.8e+02   -0.2   0.0   213   235    59    82    53    97 0.76 -
KAI3438192.1         -           1349 830at3041            -            350   9.6e-05   21.1   0.1   3   4    0.0016      0.18   10.3   0.0   216   289   128   202   106   211 0.83 -
KAI3438192.1         -           1349 830at3041            -            350   9.6e-05   21.1   0.1   4   4       5.2   5.7e+02   -1.2   0.0   226   274   375   422   368   440 0.72 -
KAI3432224.1         -            555 830at3041            -            350    0.0001   21.0   0.0   1   1   1.4e-06   0.00015   20.4   0.0   212   293   384   463   377   481 0.84 -
KAI3426204.1         -           1093 830at3041            -            350   0.00011   20.8   0.0   1   3      0.49        54    2.2   0.0   261   306   750   794   696   846 0.73 -
KAI3426204.1         -           1093 830at3041            -            350   0.00011   20.8   0.0   2   3     5e-05    0.0055   15.3   0.0   214   291   939  1017   933  1024 0.84 -
KAI3426204.1         -           1093 830at3041            -            350   0.00011   20.8   0.0   3   3       8.5   9.4e+02   -1.9   0.0   220   246  1034  1060  1025  1073 0.84 -
KAI3433339.1         -            333 830at3041            -            350    0.0004   19.0   0.0   1   2    0.0093         1    7.8   0.0   214   246    91   123    85   175 0.88 -
KAI3433339.1         -            333 830at3041            -            350    0.0004   19.0   0.0   2   2    0.0044      0.49    8.9   0.0   219   268   239   287   229   302 0.82 -
KAI3424363.1         -            795 830at3041            -            350   0.00043   18.9   0.1   1   3       1.6   1.7e+02    0.5   0.0   213   247   380   414   366   422 0.65 -
KAI3424363.1         -            795 830at3041            -            350   0.00043   18.9   0.1   2   3   0.00084     0.092   11.3   0.1   147   199   467   520   458   533 0.83 -
KAI3424363.1         -            795 830at3041            -            350   0.00043   18.9   0.1   3   3         2   2.2e+02    0.2   0.0   219   288   612   680   590   689 0.52 -
KAI3437959.1         -           1442 830at3041            -            350   0.00044   18.9   0.3   1   2     0.015       1.6    7.2   0.0   146   184   450   488   431   499 0.83 -
KAI3437959.1         -           1442 830at3041            -            350   0.00044   18.9   0.3   2   2    0.0031      0.34    9.4   0.0   148   195   681   729   650   738 0.77 -
KAI3423826.1         -           1736 830at3041            -            350   0.00048   18.8   0.3   1   3       3.5   3.8e+02   -0.6   0.0   266   291  1467  1493  1463  1499 0.86 -
KAI3423826.1         -           1736 830at3041            -            350   0.00048   18.8   0.3   2   3      0.18        20    3.6   0.1   207   244  1612  1650  1606  1668 0.87 -
KAI3423826.1         -           1736 830at3041            -            350   0.00048   18.8   0.3   3   3     0.001      0.11   11.0   0.0   218   245  1673  1700  1664  1707 0.88 -
KAI3431281.1         -           1337 830at3041            -            350   0.00048   18.8   1.6   1   4       3.8   4.2e+02   -0.8   0.0   168   193   301   327   292   329 0.80 -
KAI3431281.1         -           1337 830at3041            -            350   0.00048   18.8   1.6   2   4    0.0011      0.12   10.8   0.0   213   291   325   403   314   421 0.87 -
KAI3431281.1         -           1337 830at3041            -            350   0.00048   18.8   1.6   3   4      0.43        47    2.4   0.0   167   247   471   557   462   588 0.71 -
KAI3431281.1         -           1337 830at3041            -            350   0.00048   18.8   1.6   4   4       1.1   1.2e+02    1.1   0.1   159   193  1026  1060  1005  1066 0.78 -
KAI3438279.1         -            578 830at3041            -            350   0.00054   18.6   0.3   1   4      0.55        61    2.0   0.1   146   183   227   266   215   273 0.63 -
KAI3438279.1         -            578 830at3041            -            350   0.00054   18.6   0.3   2   4    0.0075      0.82    8.1   0.0   221   277   286   342   279   358 0.83 -
KAI3438279.1         -            578 830at3041            -            350   0.00054   18.6   0.3   3   4       1.1   1.2e+02    1.0   0.0   196   245   379   434   362   436 0.75 -
KAI3438279.1         -            578 830at3041            -            350   0.00054   18.6   0.3   4   4      0.78        86    1.5   0.0   256   287   535   566   504   575 0.53 -
KAI3433851.1         -            678 830at3041            -            350   0.00054   18.6   0.1   1   2       7.3     8e+02   -1.7   0.0   311   346   348   382   344   414 0.79 -
KAI3433851.1         -            678 830at3041            -            350   0.00054   18.6   0.1   2   2   3.3e-05    0.0036   15.9   0.1   187   284   509   622   485   630 0.69 -
KAI3435730.1         -            548 830at3041            -            350   0.00085   17.9   0.2   1   1   1.6e-05    0.0017   16.9   0.1   216   289    94   174    53   179 0.76 -
KAI3426353.1         -            449 830at3041            -            350    0.0017   16.9   0.0   1   2       1.3   1.4e+02    0.8   0.0   146   181     7    44     2    57 0.73 -
KAI3426353.1         -            449 830at3041            -            350    0.0017   16.9   0.0   2   2   0.00022     0.024   13.2   0.0   221   289   377   443   283   447 0.85 -
KAI3434497.1         -            475 830at3041            -            350    0.0026   16.4   0.0   1   3     0.028         3    6.3   0.0   116   184    40   111    31   121 0.66 -
KAI3434497.1         -            475 830at3041            -            350    0.0026   16.4   0.0   2   3      0.52        57    2.1   0.0   219   246   130   157   113   163 0.80 -
KAI3434497.1         -            475 830at3041            -            350    0.0026   16.4   0.0   3   3      0.14        15    3.9   0.0   211   253   192   236   190   271 0.74 -
KAI3436681.1         -            404 830at3041            -            350    0.0027   16.3   0.0   1   4       4.9   5.4e+02   -1.1   0.0   216   242    25    51    18    69 0.60 -
KAI3436681.1         -            404 830at3041            -            350    0.0027   16.3   0.0   2   4   0.00053     0.059   11.9   0.0   224   292    77   144    66   156 0.75 -
KAI3436681.1         -            404 830at3041            -            350    0.0027   16.3   0.0   3   4     0.027       2.9    6.3   0.0   196   248   126   184   125   192 0.77 -
KAI3436681.1         -            404 830at3041            -            350    0.0027   16.3   0.0   4   4       3.2   3.5e+02   -0.5   0.0   231   292   261   320   245   336 0.52 -
KAI3426446.1         -            327 830at3041            -            350    0.0091   14.6   0.5   1   3    0.0082       0.9    8.0   0.0   213   288     7    80     4    99 0.85 -
KAI3426446.1         -            327 830at3041            -            350    0.0091   14.6   0.5   2   3       0.5        54    2.1   0.0   151   185   142   178   119   199 0.73 -
KAI3426446.1         -            327 830at3041            -            350    0.0091   14.6   0.5   3   3       1.6   1.7e+02    0.5   0.0   214   245   283   314   276   318 0.87 -
KAI3424072.1         -            412 830at3041            -            350      0.01   14.4   0.0   1   1   0.00015     0.017   13.7   0.0   198   288   257   354   243   365 0.72 -
KAI3427383.1         -           1216 830at3041            -            350     0.016   13.7   0.0   1   1    0.0014      0.15   10.6   0.0   149   250   229   318   222   362 0.81 -
KAI3427384.1         -           1217 830at3041            -            350     0.016   13.7   0.0   1   1    0.0014      0.15   10.6   0.0   149   250   229   318   222   362 0.81 -
KAI3438768.1         -            792 830at3041            -            350     0.017   13.7   0.0   1   2    0.0057      0.63    8.5   0.0   214   296   436   515   428   525 0.71 -
KAI3438768.1         -            792 830at3041            -            350     0.017   13.7   0.0   2   2      0.52        57    2.1   0.0   221   285   668   731   655   785 0.69 -
KAI3430410.1         -           1622 830at3041            -            350      0.04   12.4   0.0   1   2    0.0064       0.7    8.4   0.0   221   297   123   198   112   217 0.84 -
KAI3430410.1         -           1622 830at3041            -            350      0.04   12.4   0.0   2   2      0.73        80    1.6   0.0   207   242   294   329   281   334 0.85 -
KAI3429426.1         -           1178 830at3041            -            350     0.094   11.2   0.0   1   1    0.0014      0.16   10.5   0.0   228   287    51   107    43   116 0.87 -
KAI3436853.1         -            483 830at3041            -            350       0.1   11.1   0.0   1   2      0.54        59    2.0   0.0   214   243   101   130    95   141 0.87 -
KAI3436853.1         -            483 830at3041            -            350       0.1   11.1   0.0   2   2      0.03       3.3    6.2   0.0   200   244   433   474   379   479 0.76 -
KAI3430565.1         -            449 830at3041            -            350      0.14   10.7   0.5   1   3      0.41        44    2.4   0.0   313   345    57    89    37    94 0.61 -
KAI3430565.1         -            449 830at3041            -            350      0.14   10.7   0.5   2   3     0.081       8.9    4.7   0.1   151   181   107   139    92   148 0.68 -
KAI3430565.1         -            449 830at3041            -            350      0.14   10.7   0.5   3   3       9.3     1e+03   -2.0   0.0   195   213   299   317   255   324 0.60 -
KAI3434861.1         -           4105 830at3041            -            350      0.17   10.4   0.1   1   2    0.0091         1    7.9   0.1   185   245  3851  3909  3824  3915 0.81 -
KAI3434861.1         -           4105 830at3041            -            350      0.17   10.4   0.1   2   2       4.1   4.5e+02   -0.9   0.0   214   246  3935  3967  3932  4022 0.85 -
KAI3438322.1         -           1570 830at3041            -            350      0.18   10.3   0.1   1   1    0.0053      0.58    8.6   0.0   214   253  1107  1146  1098  1193 0.75 -
#
# Program:         hmmsearch
# Version:         3.1b2 (February 2015)
# Pipeline mode:   SEARCH
# Query file:      /Users/catrionaharrison/Documents/Bioinformatics/rp2/Data/genomes/busco/busco_downloads/lineages/chlorophyta_odb10/hmms/830at3041.hmm
# Target file:     /Users/catrionaharrison/Documents/Bioinformatics/rp2/Data/genomes/busco/data/chlorella_vulgaris.prot.fasta
# Option settings: hmmsearch --domtblout /Users/catrionaharrison/Documents/Bioinformatics/rp2/Data/genomes/busco/Busco_vulgaris/run_chlorophyta_odb10/hmmer_output/initial_run_results/830at3041.out --cpu 1 /Users/catrionaharrison/Documents/Bioinformatics/rp2/Data/genomes/busco/busco_downloads/lineages/chlorophyta_odb10/hmms/830at3041.hmm /Users/catrionaharrison/Documents/Bioinformatics/rp2/Data/genomes/busco/data/chlorella_vulgaris.prot.fasta 
# Current dir:     /Users/catrionaharrison/Documents/Bioinformatics/rp2/Data/genomes/busco
# Date:            Fri Jul 22 15:41:33 2022
# [ok]
