#                                                                            --- full sequence --- -------------- this domain -------------   hmm coord   ali coord   env coord
# target name        accession   tlen query name           accession   qlen   E-value  score  bias   #  of  c-Evalue  i-Evalue  score  bias  from    to  from    to  from    to  acc description of target
#------------------- ---------- ----- -------------------- ---------- ----- --------- ------ ----- --- --- --------- --------- ------ ----- ----- ----- ----- ----- ----- ----- ---- ---------------------
KAI3428835.1         -            238 8331at3041           -            173     7e-51  171.8  15.8   1   2   3.4e-16   4.8e-13   48.6   5.0     3    72     9   100     7   108 0.85 -
KAI3428835.1         -            238 8331at3041           -            173     7e-51  171.8  15.8   2   2     2e-40   2.8e-37  127.5   3.0    76   170   124   226   120   229 0.86 -
KAI3429409.1         -           2003 8331at3041           -            173   1.8e-13   50.0   1.6   1   3   1.3e-16   1.8e-13   50.0   1.6    92   172   140   224   120   228 0.86 -
KAI3429409.1         -           2003 8331at3041           -            173   1.8e-13   50.0   1.6   2   3       1.2   1.7e+03   -2.0   0.5    63    92  1039  1067  1007  1070 0.61 -
KAI3429409.1         -           2003 8331at3041           -            173   1.8e-13   50.0   1.6   3   3         8   1.1e+04   -8.0   8.1    70   102  1583  1615  1557  1627 0.68 -
KAI3432658.1         -            247 8331at3041           -            173   2.1e-09   36.7   6.0   1   2      0.26   3.6e+02    0.2   0.0   128   153    42    67    37    89 0.72 -
KAI3432658.1         -            247 8331at3041           -            173   2.1e-09   36.7   6.0   2   2   1.5e-12   2.1e-09   36.7   6.0    75   172   113   211   102   216 0.85 -
KAI3438211.1         -            269 8331at3041           -            173   3.6e-08   32.7   0.8   1   2      0.83   1.2e+03   -1.5   0.9    56    56    71    71    36   120 0.57 -
KAI3438211.1         -            269 8331at3041           -            173   3.6e-08   32.7   0.8   2   2   2.6e-11   3.6e-08   32.7   0.8    95   172   176   257   159   258 0.84 -
KAI3429452.1         -            139 8331at3041           -            173   4.7e-06   25.8   0.1   1   1   3.9e-09   5.5e-06   25.6   0.1    98   168    44   114    14   119 0.83 -
KAI3423820.1         -            342 8331at3041           -            173   0.00025   20.2   3.2   1   2     0.014        20    4.3   0.9    47   116    41   111    11   146 0.73 -
KAI3423820.1         -            342 8331at3041           -            173   0.00025   20.2   3.2   2   2   3.7e-06    0.0052   15.9   0.0    92   156   237   301   223   305 0.83 -
KAI3434444.1         -            117 8331at3041           -            173    0.0011   18.1   0.0   1   1   8.2e-07    0.0011   18.1   0.0    97   158    29    90     3   110 0.89 -
KAI3435672.1         -            483 8331at3041           -            173       0.3   10.2   8.1   1   2   0.00018      0.25   10.5   5.2    13    70    69   127    58   143 0.78 -
KAI3435672.1         -            483 8331at3041           -            173       0.3   10.2   8.1   2   2      0.42   5.9e+02   -0.5   0.0   111   123   415   427   405   430 0.83 -
#
# Program:         hmmsearch
# Version:         3.1b2 (February 2015)
# Pipeline mode:   SEARCH
# Query file:      /Users/catrionaharrison/Documents/Bioinformatics/rp2/Data/genomes/busco/busco_downloads/lineages/chlorophyta_odb10/hmms/8331at3041.hmm
# Target file:     /Users/catrionaharrison/Documents/Bioinformatics/rp2/Data/genomes/busco/data/chlorella_vulgaris.prot.fasta
# Option settings: hmmsearch --domtblout /Users/catrionaharrison/Documents/Bioinformatics/rp2/Data/genomes/busco/Busco_vulgaris/run_chlorophyta_odb10/hmmer_output/initial_run_results/8331at3041.out --cpu 1 /Users/catrionaharrison/Documents/Bioinformatics/rp2/Data/genomes/busco/busco_downloads/lineages/chlorophyta_odb10/hmms/8331at3041.hmm /Users/catrionaharrison/Documents/Bioinformatics/rp2/Data/genomes/busco/data/chlorella_vulgaris.prot.fasta 
# Current dir:     /Users/catrionaharrison/Documents/Bioinformatics/rp2/Data/genomes/busco
# Date:            Fri Jul 22 15:41:37 2022
# [ok]
