#                                                                            --- full sequence --- -------------- this domain -------------   hmm coord   ali coord   env coord
# target name        accession   tlen query name           accession   qlen   E-value  score  bias   #  of  c-Evalue  i-Evalue  score  bias  from    to  from    to  from    to  acc description of target
#------------------- ---------- ----- -------------------- ---------- ----- --------- ------ ----- --- --- --------- --------- ------ ----- ----- ----- ----- ----- ----- ----- ---- ---------------------
KAI3437851.1         -            337 8455at3041           -            232   1.1e-92  309.2  13.3   1   3   1.4e-34   4.3e-32  110.9   0.5     2    83    19   102    18   107 0.96 -
KAI3437851.1         -            337 8455at3041           -            232   1.1e-92  309.2  13.3   2   3   5.7e-50   1.8e-47  161.3   3.1    83   205   121   254   112   264 0.85 -
KAI3437851.1         -            337 8455at3041           -            232   1.1e-92  309.2  13.3   3   3   6.2e-14   1.9e-11   43.4   0.1   194   232   264   302   259   302 0.94 -
KAI3429728.1         -            355 8455at3041           -            232   1.2e-35  122.6   7.4   1   4   8.3e-05     0.026   13.5   0.1   163   192    26    55    16    60 0.62 -
KAI3429728.1         -            355 8455at3041           -            232   1.2e-35  122.6   7.4   2   4   1.4e-15   4.3e-13   48.8   0.3   111   189    69   157    64   166 0.84 -
KAI3429728.1         -            355 8455at3041           -            232   1.2e-35  122.6   7.4   3   4   2.9e-13   9.1e-11   41.2   0.1   111   198   167   269   162   286 0.74 -
KAI3429728.1         -            355 8455at3041           -            232   1.2e-35  122.6   7.4   4   4   1.5e-06   0.00047   19.2   0.0   111   160   281   330   274   347 0.80 -
KAI3427269.1         -            364 8455at3041           -            232   4.3e-35  120.8   7.6   1   2   3.5e-23   1.1e-20   73.6   4.1     5   173    29   219    26   224 0.79 -
KAI3427269.1         -            364 8455at3041           -            232   4.3e-35  120.8   7.6   2   2   1.7e-13   5.4e-11   41.9   0.1    80   159   272   360   268   363 0.54 -
KAI3430631.1         -            380 8455at3041           -            232   8.5e-35  119.8   4.6   1   2   5.4e-22   1.7e-19   69.7   1.6     6   161    97   264    92   267 0.79 -
KAI3430631.1         -            380 8455at3041           -            232   8.5e-35  119.8   4.6   2   2   6.6e-13     2e-10   40.0   0.1     6    83   279   358   274   362 0.90 -
KAI3429284.1         -            746 8455at3041           -            232   1.5e-34  119.0   1.8   1   3   4.8e-16   1.5e-13   50.3   0.0     4    89    24   114    21   118 0.84 -
KAI3429284.1         -            746 8455at3041           -            232   1.5e-34  119.0   1.8   2   3   2.7e-11   8.3e-09   34.7   0.6    17    67   131   187   115   193 0.77 -
KAI3429284.1         -            746 8455at3041           -            232   1.5e-34  119.0   1.8   3   3   3.6e-10   1.1e-07   31.0   0.0     4    66   220   285   217   287 0.78 -
KAI3431257.1         -            396 8455at3041           -            232   2.3e-33  115.1  11.8   1   4   3.1e-15   9.7e-13   47.6   0.1     5    84    14    98    10   107 0.88 -
KAI3431257.1         -            396 8455at3041           -            232   2.3e-33  115.1  11.8   2   4   1.1e-13   3.5e-11   42.5   0.7   111   198    51   147    49   162 0.81 -
KAI3431257.1         -            396 8455at3041           -            232   2.3e-33  115.1  11.8   3   4   9.6e-06     0.003   16.6   0.0   107   156   199   245   196   257 0.85 -
KAI3431257.1         -            396 8455at3041           -            232   2.3e-33  115.1  11.8   4   4   9.1e-12   2.8e-09   36.3   0.4    83   175   294   393   286   394 0.72 -
KAI3437912.1         -            330 8455at3041           -            232   4.8e-33  114.0   5.3   1   4   2.1e-08   6.7e-06   25.2   0.1     5    66    47   116    43   117 0.80 -
KAI3437912.1         -            330 8455at3041           -            232   4.8e-33  114.0   5.3   2   4   1.3e-11   3.9e-09   35.8   0.0   112   191    88   173    85   178 0.85 -
KAI3437912.1         -            330 8455at3041           -            232   4.8e-33  114.0   5.3   3   4     2e-09   6.2e-07   28.6   0.1   111   160   179   228   175   233 0.90 -
KAI3437912.1         -            330 8455at3041           -            232   4.8e-33  114.0   5.3   4   4   3.5e-13   1.1e-10   40.9   0.0     3    86   239   322   237   327 0.90 -
KAI3427077.1         -            981 8455at3041           -            232     1e-31  109.7   8.4   1   3   8.7e-22   2.7e-19   69.1   2.2    82   210    18   161    14   164 0.74 -
KAI3427077.1         -            981 8455at3041           -            232     1e-31  109.7   8.4   2   3   6.2e-05     0.019   13.9   0.0   111   138   160   187   149   209 0.85 -
KAI3427077.1         -            981 8455at3041           -            232     1e-31  109.7   8.4   3   3   1.3e-09     4e-07   29.2   0.1    85   156   226   301   219   311 0.65 -
KAI3437665.1         -            853 8455at3041           -            232   1.4e-31  109.2   7.0   1   4       3.8   1.2e+03   -1.7   0.1     5    35   531   561   527   571 0.80 -
KAI3437665.1         -            853 8455at3041           -            232   1.4e-31  109.2   7.0   2   4   3.8e-12   1.2e-09   37.5   0.0   112   189   589   679   585   679 0.82 -
KAI3437665.1         -            853 8455at3041           -            232   1.4e-31  109.2   7.0   3   4   9.1e-21   2.8e-18   65.7   0.7    83   192   656   778   650   789 0.85 -
KAI3437665.1         -            853 8455at3041           -            232   1.4e-31  109.2   7.0   4   4   4.5e-06    0.0014   17.6   0.1   113   158   798   843   791   850 0.78 -
KAI3427078.1         -           1038 8455at3041           -            232   3.3e-31  108.1   8.1   1   4   2.3e-07   7.2e-05   21.8   0.1     4    41    17    54    14    59 0.89 -
KAI3427078.1         -           1038 8455at3041           -            232   3.3e-31  108.1   8.1   2   4     1e-14   3.2e-12   45.9   0.4   115   210   115   218   105   221 0.72 -
KAI3427078.1         -           1038 8455at3041           -            232   3.3e-31  108.1   8.1   3   4   6.4e-05      0.02   13.9   0.0   111   138   217   244   205   266 0.85 -
KAI3427078.1         -           1038 8455at3041           -            232   3.3e-31  108.1   8.1   4   4   1.4e-09   4.3e-07   29.1   0.1    85   156   283   358   276   368 0.65 -
KAI3437742.1         -            363 8455at3041           -            232   1.4e-30  105.9   6.8   1   4   4.8e-05     0.015   14.3   0.1     6    39    18    51    14    74 0.76 -
KAI3437742.1         -            363 8455at3041           -            232   1.4e-30  105.9   6.8   2   4   9.6e-13     3e-10   39.5   0.3   111   195   101   190    94   209 0.84 -
KAI3437742.1         -            363 8455at3041           -            232   1.4e-30  105.9   6.8   3   4   1.5e-11   4.6e-09   35.6   0.1   128   193   232   310   225   316 0.76 -
KAI3437742.1         -            363 8455at3041           -            232   1.4e-30  105.9   6.8   4   4     1e-05    0.0032   16.5   0.0   113   157   316   360   311   362 0.90 -
KAI3434995.1         -            346 8455at3041           -            232   2.2e-30  105.3   3.8   1   4   1.5e-10   4.7e-08   32.3   0.1     4    82    43   123    40   128 0.90 -
KAI3434995.1         -            346 8455at3041           -            232   2.2e-30  105.3   3.8   2   4   1.4e-11   4.2e-09   35.7   0.2     7    83   146   225   141   229 0.90 -
KAI3434995.1         -            346 8455at3041           -            232   2.2e-30  105.3   3.8   3   4   8.5e-06    0.0026   16.7   0.0   161   203   240   283   232   292 0.75 -
KAI3434995.1         -            346 8455at3041           -            232   2.2e-30  105.3   3.8   4   4   1.3e-06   0.00041   19.4   0.0   111   158   290   337   286   343 0.87 -
KAI3437788.1         -            346 8455at3041           -            232   9.7e-30  103.2   1.7   1   4   0.00082      0.26   10.2   0.0   158   197    33    72    27    81 0.76 -
KAI3437788.1         -            346 8455at3041           -            232   9.7e-30  103.2   1.7   2   4   2.2e-14   6.9e-12   44.8   0.0   112   193    83   170    74   178 0.81 -
KAI3437788.1         -            346 8455at3041           -            232   9.7e-30  103.2   1.7   3   4   1.3e-08   4.2e-06   25.9   0.1   119   193   180   251   171   259 0.80 -
KAI3437788.1         -            346 8455at3041           -            232   9.7e-30  103.2   1.7   4   4   1.2e-06   0.00037   19.5   0.0   115   165   259   309   252   319 0.84 -
KAI3437729.1         -           1045 8455at3041           -            232   2.6e-29  101.8   5.7   1   4   1.4e-15   4.4e-13   48.7   0.2    83   191   620   743   616   770 0.78 -
KAI3437729.1         -           1045 8455at3041           -            232   2.6e-29  101.8   5.7   2   4   4.7e-08   1.5e-05   24.1   0.0   112   161   867   916   851   924 0.90 -
KAI3437729.1         -           1045 8455at3041           -            232   2.6e-29  101.8   5.7   3   4   1.7e-05    0.0053   15.7   0.1     8    43   941   976   936   988 0.87 -
KAI3437729.1         -           1045 8455at3041           -            232   2.6e-29  101.8   5.7   4   4   0.00073      0.23   10.4   0.0   110   158   990  1038   986  1043 0.90 -
KAI3423946.1         -            324 8455at3041           -            232   5.4e-28   97.5   3.3   1   4   2.9e-10     9e-08   31.4   0.1     5   100    14   109    11   110 0.95 -
KAI3423946.1         -            324 8455at3041           -            232   5.4e-28   97.5   3.3   2   4   4.2e-10   1.3e-07   30.8   0.1     5    83   107   189   103   198 0.73 -
KAI3423946.1         -            324 8455at3041           -            232   5.4e-28   97.5   3.3   3   4   1.6e-06   0.00048   19.2   0.0   113   162   145   194   136   221 0.77 -
KAI3423946.1         -            324 8455at3041           -            232   5.4e-28   97.5   3.3   4   4     6e-11   1.9e-08   33.6   0.1     3    66   229   295   227   318 0.86 -
KAI3433585.1         -            314 8455at3041           -            232     3e-27   95.1   6.5   1   4   4.2e-05     0.013   14.5   0.3   162   197    20    55    14    62 0.86 -
KAI3433585.1         -            314 8455at3041           -            232     3e-27   95.1   6.5   2   4   5.1e-11   1.6e-08   33.8   0.2   111   198    61   158    56   169 0.76 -
KAI3433585.1         -            314 8455at3041           -            232     3e-27   95.1   6.5   3   4   3.4e-10   1.1e-07   31.1   0.1     9    83   129   210   122   214 0.79 -
KAI3433585.1         -            314 8455at3041           -            232     3e-27   95.1   6.5   4   4   7.5e-10   2.3e-07   30.0   0.0    10    89   230   311   220   313 0.88 -
KAI3428177.1         -            299 8455at3041           -            232   1.8e-26   92.5   6.3   1   3     3e-16   9.2e-14   51.0   0.9    81   198     8   140     5   149 0.79 -
KAI3428177.1         -            299 8455at3041           -            232   1.8e-26   92.5   6.3   2   3   1.9e-10   5.9e-08   32.0   0.1   111   189   149   235   147   244 0.81 -
KAI3428177.1         -            299 8455at3041           -            232   1.8e-26   92.5   6.3   3   3     0.001      0.32    9.9   0.0   111   146   246   281   241   295 0.78 -
KAI3438467.1         -            381 8455at3041           -            232   2.3e-26   92.2  11.7   1   3   2.5e-07   7.9e-05   21.7   0.4     5    83   111   187   107   206 0.73 -
KAI3438467.1         -            381 8455at3041           -            232   2.3e-26   92.2  11.7   2   3   5.1e-13   1.6e-10   40.4   0.4    80   159   206   286   199   301 0.89 -
KAI3438467.1         -            381 8455at3041           -            232   2.3e-26   92.2  11.7   3   3   6.9e-12   2.1e-09   36.7   0.7    83   158   301   378   296   380 0.93 -
KAI3425920.1         -            295 8455at3041           -            232   1.9e-25   89.2  12.6   1   3     6e-08   1.9e-05   23.8   0.2    14    88    32   108    21   118 0.79 -
KAI3425920.1         -            295 8455at3041           -            232   1.9e-25   89.2  12.6   2   3     2e-13   6.2e-11   41.7   1.2     6    68   118   180   112   195 0.92 -
KAI3425920.1         -            295 8455at3041           -            232   1.9e-25   89.2  12.6   3   3   4.2e-10   1.3e-07   30.8   0.8     9    85   214   290   208   293 0.94 -
KAI3436445.1         -            493 8455at3041           -            232   5.6e-25   87.7   3.5   1   3   3.9e-09   1.2e-06   27.7   0.2     4    83   165   245   162   251 0.86 -
KAI3436445.1         -            493 8455at3041           -            232   5.6e-25   87.7   3.5   2   3   9.7e-10     3e-07   29.6   0.2     5    78   275   348   271   361 0.93 -
KAI3436445.1         -            493 8455at3041           -            232   5.6e-25   87.7   3.5   3   3   1.3e-09   4.2e-07   29.2   0.0    81   159   368   454   365   472 0.59 -
KAI3434506.1         -            317 8455at3041           -            232   1.7e-24   86.1   0.3   1   3   1.2e-13   3.9e-11   42.4   0.0    83   195    36   157    28   165 0.81 -
KAI3434506.1         -            317 8455at3041           -            232   1.7e-24   86.1   0.3   2   3     2e-06   0.00062   18.8   0.0   111   140   166   195   160   203 0.86 -
KAI3434506.1         -            317 8455at3041           -            232   1.7e-24   86.1   0.3   3   3   3.2e-07    0.0001   21.4   0.0     5    80   224   307   220   315 0.76 -
KAI3436269.1         -            295 8455at3041           -            232   2.2e-24   85.7   2.7   1   3   5.8e-06    0.0018   17.3   0.1   161   225    15    86     8    93 0.50 -
KAI3436269.1         -            295 8455at3041           -            232   2.2e-24   85.7   2.7   2   3   5.9e-13   1.8e-10   40.2   0.1     6    91   112   202   107   210 0.84 -
KAI3436269.1         -            295 8455at3041           -            232   2.2e-24   85.7   2.7   3   3   1.1e-08   3.6e-06   26.1   0.0     6    75   212   284   206   292 0.85 -
KAI3429755.1         -            296 8455at3041           -            232   1.2e-23   83.3   3.5   1   3   0.00025     0.079   11.9   0.2   162   194    13    45     9    55 0.88 -
KAI3429755.1         -            296 8455at3041           -            232   1.2e-23   83.3   3.5   2   3   8.9e-14   2.8e-11   42.8   0.3    37   177    52   222    48   224 0.76 -
KAI3429755.1         -            296 8455at3041           -            232   1.2e-23   83.3   3.5   3   3   4.3e-08   1.3e-05   24.3   0.0     5    83   214   293   210   295 0.91 -
KAI3430268.1         -            366 8455at3041           -            232   1.5e-23   83.0   0.0   1   1   5.2e-23   1.6e-20   73.1   0.0     3   231    65   334    63   335 0.76 -
KAI3432262.1         -            471 8455at3041           -            232   4.1e-20   71.7  15.1   1   5       8.6   2.7e+03   -2.9   0.2    63    77    33    47    29    86 0.63 -
KAI3432262.1         -            471 8455at3041           -            232   4.1e-20   71.7  15.1   2   5    0.0011      0.35    9.8   0.2     4    33   108   137   105   154 0.85 -
KAI3432262.1         -            471 8455at3041           -            232   4.1e-20   71.7  15.1   3   5    0.0015      0.46    9.4   0.4   126   190   183   253   177   259 0.79 -
KAI3432262.1         -            471 8455at3041           -            232   4.1e-20   71.7  15.1   4   5   3.1e-10   9.6e-08   31.3   0.3    84   157   230   304   227   310 0.89 -
KAI3432262.1         -            471 8455at3041           -            232   4.1e-20   71.7  15.1   5   5   1.4e-11   4.4e-09   35.6   0.1     6    83   320   398   316   404 0.76 -
KAI3429702.1         -            317 8455at3041           -            232   7.4e-20   70.9   0.8   1   4   0.00015     0.046   12.7   0.0   159   194    20    55    16    62 0.84 -
KAI3429702.1         -            317 8455at3041           -            232   7.4e-20   70.9   0.8   2   4   0.00012     0.036   13.0   0.1   114   193    64   153    59   163 0.76 -
KAI3429702.1         -            317 8455at3041           -            232   7.4e-20   70.9   0.8   3   4   1.3e-06   0.00041   19.4   0.0   111   158   167   214   161   221 0.89 -
KAI3429702.1         -            317 8455at3041           -            232   7.4e-20   70.9   0.8   4   4   3.4e-07   0.00011   21.3   0.0     6    85   232   316   226   316 0.85 -
KAI3431848.1         -            377 8455at3041           -            232     3e-19   68.9   9.2   1   5   0.00063       0.2   10.6   0.1   162   193    10    41     6    49 0.87 -
KAI3431848.1         -            377 8455at3041           -            232     3e-19   68.9   9.2   2   5   3.9e-09   1.2e-06   27.7   0.2   108   196    49   138    44   143 0.86 -
KAI3431848.1         -            377 8455at3041           -            232     3e-19   68.9   9.2   3   5     1e-05    0.0031   16.5   0.2    87   159   112   191   107   208 0.80 -
KAI3431848.1         -            377 8455at3041           -            232     3e-19   68.9   9.2   4   5     7e-06    0.0022   17.0   0.0   166   192   230   256   210   279 0.79 -
KAI3431848.1         -            377 8455at3041           -            232     3e-19   68.9   9.2   5   5   0.00016     0.048   12.6   0.1    39   156   299   342   292   350 0.52 -
KAI3436196.1         -            351 8455at3041           -            232   2.5e-18   65.9  13.9   1   5   2.5e-07   7.8e-05   21.7   1.3    94   174    30   116    19   147 0.65 -
KAI3436196.1         -            351 8455at3041           -            232   2.5e-18   65.9  13.9   2   5     0.022       6.8    5.6   0.2     2    46   117   162   116   171 0.69 -
KAI3436196.1         -            351 8455at3041           -            232   2.5e-18   65.9  13.9   3   5   2.4e-06   0.00073   18.6   0.0   114   158   176   220   165   230 0.84 -
KAI3436196.1         -            351 8455at3041           -            232   2.5e-18   65.9  13.9   4   5   2.8e-06   0.00086   18.3   0.4   163   197   241   275   235   294 0.71 -
KAI3436196.1         -            351 8455at3041           -            232   2.5e-18   65.9  13.9   5   5    0.0047       1.5    7.8   0.2    41    64   298   321   286   338 0.71 -
KAI3431493.1         -            371 8455at3041           -            232   6.7e-18   64.5   0.4   1   4     1e-06   0.00032   19.7   0.0     7    82    79   164    73   174 0.79 -
KAI3431493.1         -            371 8455at3041           -            232   6.7e-18   64.5   0.4   2   4    0.0013      0.39    9.6   0.0   161   190   179   208   167   218 0.82 -
KAI3431493.1         -            371 8455at3041           -            232   6.7e-18   64.5   0.4   3   4   2.8e-06   0.00087   18.3   0.1   112   192   221   307   215   312 0.80 -
KAI3431493.1         -            371 8455at3041           -            232   6.7e-18   64.5   0.4   4   4   0.00034       0.1   11.5   0.0   111   158   315   361   310   366 0.71 -
KAI3429353.1         -            467 8455at3041           -            232   1.2e-17   63.6   5.2   1   3     5e-09   1.6e-06   27.3   0.1     5    87   180   261   177   267 0.83 -
KAI3429353.1         -            467 8455at3041           -            232   1.2e-17   63.6   5.2   2   3     1e-08   3.1e-06   26.3   0.1     6    79   276   349   271   357 0.92 -
KAI3429353.1         -            467 8455at3041           -            232   1.2e-17   63.6   5.2   3   3   0.00066       0.2   10.6   0.2     8    82   371   450   365   462 0.74 -
KAI3435642.1         -            273 8455at3041           -            232   1.4e-15   56.9   7.8   1   2   2.4e-11   7.5e-09   34.9   2.1    88   190    97   207     8   215 0.86 -
KAI3435642.1         -            273 8455at3041           -            232   1.4e-15   56.9   7.8   2   2   1.2e-10   3.6e-08   32.7   0.3     5    68   182   250   180   267 0.88 -
KAI3435630.1         -            244 8455at3041           -            232   2.9e-14   52.6   2.8   1   3   1.9e-06    0.0006   18.8   1.0   160   214    13    73     8    86 0.57 -
KAI3435630.1         -            244 8455at3041           -            232   2.9e-14   52.6   2.8   2   3   0.00048      0.15   11.0   0.5   121   192    58   134    48   141 0.79 -
KAI3435630.1         -            244 8455at3041           -            232   2.9e-14   52.6   2.8   3   3   4.9e-10   1.5e-07   30.6   0.0    82   192   107   233   105   240 0.76 -
KAI3436859.1         -            393 8455at3041           -            232   1.1e-13   50.7  20.2   1   5   2.1e-05    0.0066   15.4   2.1     6    84    11   105     5   119 0.62 -
KAI3436859.1         -            393 8455at3041           -            232   1.1e-13   50.7  20.2   2   5   0.00026      0.08   11.9   0.2   154   194   128   168   117   186 0.83 -
KAI3436859.1         -            393 8455at3041           -            232   1.1e-13   50.7  20.2   3   5     0.002      0.63    9.0   0.1    37    66   188   217   171   247 0.80 -
KAI3436859.1         -            393 8455at3041           -            232   1.1e-13   50.7  20.2   4   5    0.0028      0.86    8.5   0.3   159   190   251   282   242   286 0.82 -
KAI3436859.1         -            393 8455at3041           -            232   1.1e-13   50.7  20.2   5   5   3.4e-05      0.01   14.8   0.1   111   166   313   368   309   384 0.71 -
KAI3431773.1         -            479 8455at3041           -            232   4.1e-11   42.3   7.1   1   4   7.8e-05     0.024   13.6   0.1    80   157    53   134    48   142 0.85 -
KAI3431773.1         -            479 8455at3041           -            232   4.1e-11   42.3   7.1   2   4      0.01       3.2    6.6   0.2    83   160   182   261   163   275 0.72 -
KAI3431773.1         -            479 8455at3041           -            232   4.1e-11   42.3   7.1   3   4   5.2e-05     0.016   14.2   0.0   163   191   298   326   289   338 0.85 -
KAI3431773.1         -            479 8455at3041           -            232   4.1e-11   42.3   7.1   4   4     0.002      0.62    9.0   0.0   118   162   350   394   337   413 0.79 -
KAI3434970.1         -            369 8455at3041           -            232   1.3e-09   37.3   4.5   1   2   2.9e-08   8.9e-06   24.8   1.0     5   152   104   270   101   279 0.69 -
KAI3434970.1         -            369 8455at3041           -            232   1.3e-09   37.3   4.5   2   2   8.8e-05     0.027   13.4   0.1    83   142   286   348   280   366 0.65 -
KAI3435629.1         -            103 8455at3041           -            232   1.5e-05   24.1   0.9   1   1   2.5e-07   7.6e-05   21.8   1.0   160   216    13    75     8    86 0.57 -
#
# Program:         hmmsearch
# Version:         3.1b2 (February 2015)
# Pipeline mode:   SEARCH
# Query file:      /Users/catrionaharrison/Documents/Bioinformatics/rp2/Data/genomes/busco/busco_downloads/lineages/chlorophyta_odb10/hmms/8455at3041.hmm
# Target file:     /Users/catrionaharrison/Documents/Bioinformatics/rp2/Data/genomes/busco/data/chlorella_vulgaris.prot.fasta
# Option settings: hmmsearch --domtblout /Users/catrionaharrison/Documents/Bioinformatics/rp2/Data/genomes/busco/Busco_vulgaris/run_chlorophyta_odb10/hmmer_output/initial_run_results/8455at3041.out --cpu 1 /Users/catrionaharrison/Documents/Bioinformatics/rp2/Data/genomes/busco/busco_downloads/lineages/chlorophyta_odb10/hmms/8455at3041.hmm /Users/catrionaharrison/Documents/Bioinformatics/rp2/Data/genomes/busco/data/chlorella_vulgaris.prot.fasta 
# Current dir:     /Users/catrionaharrison/Documents/Bioinformatics/rp2/Data/genomes/busco
# Date:            Fri Jul 22 15:41:55 2022
# [ok]
