#                                                                            --- full sequence --- -------------- this domain -------------   hmm coord   ali coord   env coord
# target name        accession   tlen query name           accession   qlen   E-value  score  bias   #  of  c-Evalue  i-Evalue  score  bias  from    to  from    to  from    to  acc description of target
#------------------- ---------- ----- -------------------- ---------- ----- --------- ------ ----- --- --- --------- --------- ------ ----- ----- ----- ----- ----- ----- ----- ---- ---------------------
KAI3433427.1         -            226 8645at3041           -             85   8.9e-30  102.0   5.3   1   2   1.4e-18   1.3e-15   56.6   0.1     3    41    53    91    50    95 0.90 -
KAI3433427.1         -            226 8645at3041           -             85   8.9e-30  102.0   5.3   2   2   1.9e-15   1.7e-12   46.6   1.9    38    85   116   171   102   171 0.78 -
KAI3428013.1         -            365 8645at3041           -             85   5.8e-05   22.5   0.5   1   2   1.6e-07   0.00015   21.1   0.1     9    44   187   222   180   230 0.83 -
KAI3428013.1         -            365 8645at3041           -             85   5.8e-05   22.5   0.5   2   2       5.2   4.9e+03   -2.9   0.0    57    68   332   343   326   348 0.75 -
KAI3425090.1         -            355 8645at3041           -             85   0.00019   20.8   0.0   1   1   5.8e-07   0.00054   19.4   0.0     5    36   120   151   118   163 0.87 -
KAI3429349.1         -            208 8645at3041           -             85    0.0005   19.5   0.0   1   1   9.5e-07   0.00088   18.7   0.0     9    37    80   108    74   114 0.89 -
KAI3430532.1         -            141 8645at3041           -             85   0.00062   19.2   0.0   1   1     1e-06   0.00093   18.6   0.0     8    46    36    74    30    84 0.85 -
KAI3437744.1         -            235 8645at3041           -             85    0.0017   17.7   0.0   1   1     4e-06    0.0037   16.7   0.0     8    37    97   126    92   139 0.84 -
KAI3433560.1         -            275 8645at3041           -             85    0.0028   17.1   0.1   1   1   5.4e-06     0.005   16.3   0.1    10    40   129   159   122   166 0.88 -
KAI3435700.1         -            780 8645at3041           -             85     0.012   15.1   0.0   1   1   2.8e-05     0.026   14.0   0.0    13    64   148   197   139   207 0.83 -
KAI3430426.1         -            180 8645at3041           -             85     0.019   14.4   0.1   1   1   4.1e-05     0.038   13.4   0.1    10    37    46    73    40    80 0.87 -
KAI3430429.1         -            198 8645at3041           -             85     0.022   14.2   0.1   1   1   4.6e-05     0.043   13.3   0.1    10    37    46    73    40    81 0.87 -
KAI3433956.1         -            291 8645at3041           -             85      0.03   13.8   0.0   1   1   8.2e-05     0.076   12.5   0.0    11    41    84   114    78   123 0.87 -
KAI3430555.1         -            723 8645at3041           -             85     0.054   13.0   0.2   1   1   0.00017      0.15   11.5   0.2    17    42   365   390   357   396 0.87 -
#
# Program:         hmmsearch
# Version:         3.1b2 (February 2015)
# Pipeline mode:   SEARCH
# Query file:      /Users/catrionaharrison/Documents/Bioinformatics/rp2/Data/genomes/busco/busco_downloads/lineages/chlorophyta_odb10/hmms/8645at3041.hmm
# Target file:     /Users/catrionaharrison/Documents/Bioinformatics/rp2/Data/genomes/busco/data/chlorella_vulgaris.prot.fasta
# Option settings: hmmsearch --domtblout /Users/catrionaharrison/Documents/Bioinformatics/rp2/Data/genomes/busco/Busco_vulgaris/run_chlorophyta_odb10/hmmer_output/initial_run_results/8645at3041.out --cpu 1 /Users/catrionaharrison/Documents/Bioinformatics/rp2/Data/genomes/busco/busco_downloads/lineages/chlorophyta_odb10/hmms/8645at3041.hmm /Users/catrionaharrison/Documents/Bioinformatics/rp2/Data/genomes/busco/data/chlorella_vulgaris.prot.fasta 
# Current dir:     /Users/catrionaharrison/Documents/Bioinformatics/rp2/Data/genomes/busco
# Date:            Fri Jul 22 15:42:12 2022
# [ok]
