#                                                                            --- full sequence --- -------------- this domain -------------   hmm coord   ali coord   env coord
# target name        accession   tlen query name           accession   qlen   E-value  score  bias   #  of  c-Evalue  i-Evalue  score  bias  from    to  from    to  from    to  acc description of target
#------------------- ---------- ----- -------------------- ---------- ----- --------- ------ ----- --- --- --------- --------- ------ ----- ----- ----- ----- ----- ----- ----- ---- ---------------------
KAI3427971.1         -            422 992at3041            -            367  4.5e-231  765.5   2.9   1   1    3e-233    7e-231  764.9   2.9    13   367    48   414    18   414 0.97 -
KAI3436727.1         -            827 992at3041            -            367  2.2e-121  404.6   0.1   1   2   6.2e-62   1.4e-59  201.2   0.3   115   353   210   451   199   465 0.92 -
KAI3436727.1         -            827 992at3041            -            367  2.2e-121  404.6   0.1   2   2   2.4e-62   5.6e-60  202.5   0.0    70   341   443   714   440   723 0.89 -
KAI3425044.1         -            402 992at3041            -            367  1.2e-112  375.9   0.5   1   1    6e-115  1.4e-112  375.6   0.5    57   362    79   390    45   395 0.95 -
KAI3438647.1         -            396 992at3041            -            367   7.6e-99  330.4   0.5   1   1  4.4e-101     1e-98  330.0   0.5    65   357    80   377    62   385 0.96 -
KAI3428736.1         -            429 992at3041            -            367   6.7e-98  327.3   0.5   1   1    4e-100   9.3e-98  326.9   0.5    73   357   127   416   104   423 0.95 -
KAI3425881.1         -            442 992at3041            -            367   7.8e-98  327.1   0.4   1   1  4.4e-100     1e-97  326.7   0.4    75   358   140   428   124   434 0.93 -
KAI3438222.1         -           1018 992at3041            -            367   3.7e-97  324.9   0.1   1   3   5.2e-32   1.2e-29  102.7   0.0   117   241   297   421   288   436 0.87 -
KAI3438222.1         -           1018 992at3041            -            367   3.7e-97  324.9   0.1   2   3   2.6e-14   6.1e-12   44.5   0.1   257   340   484   568   479   582 0.91 -
KAI3438222.1         -           1018 992at3041            -            367   3.7e-97  324.9   0.1   3   3   1.4e-53   3.2e-51  173.7   0.0   100   340   657   901   652   907 0.93 -
KAI3430970.1         -           1454 992at3041            -            367   1.6e-96  322.8   0.1   1   2   4.3e-46   9.9e-44  149.1   0.0   117   340   457   686   452   695 0.86 -
KAI3430970.1         -           1454 992at3041            -            367   1.6e-96  322.8   0.1   2   2   6.7e-53   1.6e-50  171.5   0.0   113   284   722   897   709   908 0.94 -
KAI3430971.1         -           1454 992at3041            -            367   1.6e-96  322.8   0.1   1   2   4.3e-46   9.9e-44  149.1   0.0   117   340   457   686   452   695 0.86 -
KAI3430971.1         -           1454 992at3041            -            367   1.6e-96  322.8   0.1   2   2   6.7e-53   1.6e-50  171.5   0.0   113   284   722   897   709   908 0.94 -
KAI3427210.1         -            413 992at3041            -            367   1.8e-92  309.5   0.4   1   1     1e-94   2.4e-92  309.0   0.4    88   360   126   403   116   408 0.93 -
KAI3435528.1         -            846 992at3041            -            367   5.9e-89  297.9   0.1   1   2   2.4e-33   5.6e-31  107.1   0.1   116   345   199   429   181   441 0.85 -
KAI3435528.1         -            846 992at3041            -            367   5.9e-89  297.9   0.1   2   2   4.5e-58     1e-55  188.5   0.0   105   340   462   704   455   711 0.89 -
KAI3434558.1         -            535 992at3041            -            367   4.8e-76  255.4   0.0   1   2   7.6e-31   1.8e-28   98.9   0.0   128   357     9   255     2   265 0.85 -
KAI3434558.1         -            535 992at3041            -            367   4.8e-76  255.4   0.0   2   2   8.9e-48   2.1e-45  154.6   0.0   117   355   269   514   257   520 0.92 -
KAI3431771.1         -            709 992at3041            -            367   4.6e-61  206.1   0.3   1   1   2.8e-63   6.6e-61  205.6   0.3   117   363   236   486   225   490 0.95 -
KAI3436769.1         -            920 992at3041            -            367   6.7e-59  199.0   0.4   1   1     5e-61   1.2e-58  198.2   0.4   105   363   358   623   354   627 0.93 -
KAI3426962.1         -            782 992at3041            -            367   2.5e-56  190.5   0.4   1   1   1.5e-58   3.5e-56  190.0   0.4   113   363   290   549   282   553 0.90 -
KAI3423427.1         -            623 992at3041            -            367   8.9e-56  188.7   0.0   1   1   5.5e-58   1.3e-55  188.2   0.0   114   357   331   579   321   585 0.93 -
KAI3431546.1         -            685 992at3041            -            367   1.9e-55  187.7   0.2   1   1   1.3e-57     3e-55  187.0   0.2   110   362   206   462   195   467 0.93 -
KAI3438821.1         -            989 992at3041            -            367     2e-55  187.6   0.0   1   1   1.3e-57   2.9e-55  187.0   0.0   114   360   472   720   466   726 0.93 -
KAI3430488.1         -            832 992at3041            -            367   9.7e-54  182.0   0.3   1   1   5.8e-56   1.3e-53  181.5   0.3   113   363   329   583   297   586 0.93 -
KAI3435943.1         -           1422 992at3041            -            367   2.1e-53  180.9   0.0   1   1     2e-55   4.7e-53  179.8   0.0   112   341   386   623   372   637 0.90 -
KAI3432765.1         -            953 992at3041            -            367   1.2e-52  178.5   0.1   1   1   7.7e-55   1.8e-52  177.8   0.1   114   359   382   630   373   634 0.93 -
KAI3430977.1         -           1119 992at3041            -            367   6.5e-52  176.0   0.1   1   2      0.17        40    2.3   0.0   140   208   492   556   479   587 0.67 -
KAI3430977.1         -           1119 992at3041            -            367   6.5e-52  176.0   0.1   2   2   6.9e-53   1.6e-50  171.4   0.0   112   342   805  1043   794  1055 0.88 -
KAI3429278.1         -            802 992at3041            -            367   1.3e-51  175.0   0.3   1   1   9.5e-54   2.2e-51  174.3   0.3   106   353   322   571   309   577 0.93 -
KAI3428267.1         -            692 992at3041            -            367     3e-51  173.8   0.1   1   1   1.9e-53   4.4e-51  173.3   0.1   119   366   246   494   238   495 0.94 -
KAI3437708.1         -           1615 992at3041            -            367   6.4e-44  149.7   0.0   1   1   4.7e-46   1.1e-43  149.0   0.0   106   344   293   543   278   560 0.85 -
KAI3429806.1         -           1025 992at3041            -            367   9.4e-44  149.2   0.1   1   1   6.5e-46   1.5e-43  148.5   0.1   116   348   339   579   332   598 0.90 -
KAI3436611.1         -            725 992at3041            -            367   6.8e-42  143.0   0.1   1   2   5.4e-40   1.3e-37  129.0   0.1   137   341   223   443   200   461 0.81 -
KAI3436611.1         -            725 992at3041            -            367   6.8e-42  143.0   0.1   2   2   0.00021     0.049   11.9   0.0   155   223   521   590   510   614 0.83 -
KAI3437569.1         -            591 992at3041            -            367   1.8e-40  138.4   0.1   1   1   1.1e-42   2.6e-40  137.8   0.1   112   343   285   526   272   539 0.87 -
KAI3428690.1         -            461 992at3041            -            367     2e-39  134.9   0.0   1   1   1.2e-41   2.9e-39  134.4   0.0   102   341   132   374   129   383 0.87 -
KAI3438093.1         -           1136 992at3041            -            367   5.6e-37  126.9   0.2   1   3    0.0094       2.2    6.5   0.0   148   176   459   487   438   544 0.84 -
KAI3438093.1         -           1136 992at3041            -            367   5.6e-37  126.9   0.2   2   3      0.11        25    3.0   0.0   262   299   636   674   632   701 0.86 -
KAI3438093.1         -           1136 992at3041            -            367   5.6e-37  126.9   0.2   3   3   2.6e-35   6.1e-33  113.6   0.0   120   302   825  1008   818  1048 0.86 -
KAI3438669.1         -           1126 992at3041            -            367   1.7e-35  122.0   0.0   1   1   1.1e-37   2.5e-35  121.4   0.0   120   340   693   916   681   930 0.89 -
KAI3430352.1         -           1592 992at3041            -            367   2.6e-35  121.4   0.0   1   1   1.8e-37   4.2e-35  120.7   0.0   115   340  1244  1474  1236  1492 0.89 -
KAI3438833.1         -            723 992at3041            -            367   7.7e-35  119.8   0.0   1   1   4.7e-37   1.1e-34  119.3   0.0   111   296   418   605   399   646 0.89 -
KAI3433373.1         -            426 992at3041            -            367   1.4e-34  119.0   0.0   1   1   8.5e-37     2e-34  118.5   0.0   116   322    81   288    57   300 0.86 -
KAI3425290.1         -            485 992at3041            -            367   8.7e-34  116.4   0.0   1   1   5.4e-36   1.3e-33  115.8   0.0   104   343   196   436   190   453 0.84 -
KAI3427001.1         -            409 992at3041            -            367   3.2e-31  107.9   0.0   1   1   1.9e-33   4.4e-31  107.5   0.0   122   337   149   367   141   377 0.87 -
KAI3424892.1         -            461 992at3041            -            367   3.3e-28   98.0   0.4   1   1   2.2e-30   5.1e-28   97.4   0.0   150   334   235   417   226   437 0.92 -
KAI3436143.1         -            654 992at3041            -            367   3.5e-28   97.9   0.0   1   1   2.2e-30   5.1e-28   97.4   0.0   118   334   388   611   359   623 0.84 -
KAI3430225.1         -            600 992at3041            -            367     1e-14   53.6   0.0   1   1   6.9e-17   1.6e-14   53.0   0.0   153   300   339   482   326   490 0.85 -
KAI3433726.1         -            470 992at3041            -            367   3.6e-11   41.9   0.0   1   1   2.5e-13   5.8e-11   41.3   0.0   151   299   168   333   146   350 0.78 -
KAI3430699.1         -            977 992at3041            -            367   1.7e-07   29.8   0.0   1   1   1.2e-09   2.7e-07   29.2   0.0   153   225   724   797   710   804 0.91 -
KAI3429567.1         -            703 992at3041            -            367   3.3e-05   22.3   0.0   1   1   2.2e-07   5.1e-05   21.7   0.0   156   226   351   427   342   453 0.83 -
KAI3438396.1         -            514 992at3041            -            367   8.1e-05   21.0   0.1   1   3   2.3e-05    0.0055   15.0   0.0   154   191   121   158   117   187 0.81 -
KAI3438396.1         -            514 992at3041            -            367   8.1e-05   21.0   0.1   2   3       7.8   1.8e+03   -3.1   0.0   271   291   220   241   207   265 0.77 -
KAI3438396.1         -            514 992at3041            -            367   8.1e-05   21.0   0.1   3   3     0.088        21    3.3   0.0   213   258   313   363   291   400 0.77 -
KAI3426503.1         -            330 992at3041            -            367    0.0084   14.4   0.0   1   1   5.7e-05     0.013   13.7   0.0   157   226    44   118    33   129 0.80 -
KAI3431841.1         -           1119 992at3041            -            367     0.012   13.9   0.0   1   1   8.3e-05     0.019   13.2   0.0   151   281   825   972   810   997 0.73 -
KAI3431377.1         -            798 992at3041            -            367     0.069   11.4   0.0   1   1   0.00048      0.11   10.7   0.0   148   176   500   528   465   541 0.90 -
KAI3431603.1         -           6436 992at3041            -            367      0.12   10.6   0.1   1   4       2.1   4.8e+02   -1.3   0.0   152   179   338   365   330   374 0.79 -
KAI3431603.1         -           6436 992at3041            -            367      0.12   10.6   0.1   2   4       1.8   4.2e+02   -1.1   0.0   156   182   725   751   714   758 0.85 -
KAI3431603.1         -           6436 992at3041            -            367      0.12   10.6   0.1   3   4      0.62   1.4e+02    0.5   0.0   155   189  1272  1306  1268  1318 0.89 -
KAI3431603.1         -           6436 992at3041            -            367      0.12   10.6   0.1   4   4     0.041       9.5    4.4   0.0   154   190  2078  2114  2070  2124 0.88 -
KAI3436093.1         -           1295 992at3041            -            367      0.14   10.4   0.0   1   1     0.001      0.23    9.6   0.0   150   186   456   493   438   555 0.69 -
#
# Program:         hmmsearch
# Version:         3.1b2 (February 2015)
# Pipeline mode:   SEARCH
# Query file:      /Users/catrionaharrison/Documents/Bioinformatics/rp2/Data/genomes/busco/busco_downloads/lineages/chlorophyta_odb10/hmms/992at3041.hmm
# Target file:     /Users/catrionaharrison/Documents/Bioinformatics/rp2/Data/genomes/busco/data/chlorella_vulgaris.prot.fasta
# Option settings: hmmsearch --domtblout /Users/catrionaharrison/Documents/Bioinformatics/rp2/Data/genomes/busco/Busco_vulgaris/run_chlorophyta_odb10/hmmer_output/initial_run_results/992at3041.out --cpu 1 /Users/catrionaharrison/Documents/Bioinformatics/rp2/Data/genomes/busco/busco_downloads/lineages/chlorophyta_odb10/hmms/992at3041.hmm /Users/catrionaharrison/Documents/Bioinformatics/rp2/Data/genomes/busco/data/chlorella_vulgaris.prot.fasta 
# Current dir:     /Users/catrionaharrison/Documents/Bioinformatics/rp2/Data/genomes/busco
# Date:            Fri Jul 22 15:42:52 2022
# [ok]
