#                                                                            --- full sequence --- -------------- this domain -------------   hmm coord   ali coord   env coord
# target name        accession   tlen query name           accession   qlen   E-value  score  bias   #  of  c-Evalue  i-Evalue  score  bias  from    to  from    to  from    to  acc description of target
#------------------- ---------- ----- -------------------- ---------- ----- --------- ------ ----- --- --- --------- --------- ------ ----- ----- ----- ----- ----- ----- ----- ---- ---------------------
scaffold7.g3404.t1   -            100 10118at3041          -             87   2.8e-38  128.8   0.8   1   1     2e-41   3.2e-38  128.6   0.8     1    87     5    98     5    98 0.93 -
scaffold2.g6865.t1   -            240 10118at3041          -             87   3.2e-26   90.2   3.0   1   2   1.3e-15   2.1e-12   45.9   0.2     1    86    37   119    37   120 0.84 -
scaffold2.g6865.t1   -            240 10118at3041          -             87   3.2e-26   90.2   3.0   2   2   2.6e-15   4.4e-12   44.9   0.3     8    85   152   237   146   239 0.83 -
scaffold53.g4527.t1  -             95 10118at3041          -             87   1.5e-19   68.8   0.5   1   1   9.8e-23   1.6e-19   68.7   0.5     3    87     3    94     1    94 0.89 -
scaffold40.g5154.t1  -            235 10118at3041          -             87   4.9e-18   63.9   2.4   1   2     7e-11   1.2e-07   30.7   0.4     2    87    37   130    36   130 0.80 -
scaffold40.g5154.t1  -            235 10118at3041          -             87   4.9e-18   63.9   2.4   2   2     1e-11   1.7e-08   33.4   0.1     3    84   143   232   141   235 0.84 -
scaffold6.g2701.t1   -           1101 10118at3041          -             87   0.00011   21.1   0.0   1   1   1.4e-07   0.00024   20.1   0.0     2    71  1013  1082  1012  1093 0.80 -
#
# Program:         hmmsearch
# Version:         3.1b2 (February 2015)
# Pipeline mode:   SEARCH
# Query file:      /Users/catrionaharrison/Documents/Bioinformatics/rp2/Data/genomes/busco/busco_downloads/lineages/chlorophyta_odb10/hmms/10118at3041.hmm
# Target file:     /Users/catrionaharrison/Documents/Bioinformatics/rp2/Data/genomes/busco/data/a99.prot.fasta
# Option settings: hmmsearch --domtblout /Users/catrionaharrison/Documents/Bioinformatics/rp2/Data/genomes/busco/Busco_a99/run_chlorophyta_odb10/hmmer_output/initial_run_results/10118at3041.out --cpu 1 /Users/catrionaharrison/Documents/Bioinformatics/rp2/Data/genomes/busco/busco_downloads/lineages/chlorophyta_odb10/hmms/10118at3041.hmm /Users/catrionaharrison/Documents/Bioinformatics/rp2/Data/genomes/busco/data/a99.prot.fasta 
# Current dir:     /Users/catrionaharrison/Documents/Bioinformatics/rp2/Data/genomes/busco
# Date:            Fri Jul 22 14:43:24 2022
# [ok]
