#                                                                            --- full sequence --- -------------- this domain -------------   hmm coord   ali coord   env coord
# target name        accession   tlen query name           accession   qlen   E-value  score  bias   #  of  c-Evalue  i-Evalue  score  bias  from    to  from    to  from    to  acc description of target
#------------------- ---------- ----- -------------------- ---------- ----- --------- ------ ----- --- --- --------- --------- ------ ----- ----- ----- ----- ----- ----- ----- ---- ---------------------
scaffold9.g3009.t1   -            716 11669at3041          -             84   1.6e-32  110.4   0.9   1   2   2.5e-18   2.6e-15   55.3   0.0     6    52   580   626   577   630 0.89 -
scaffold9.g3009.t1   -            716 11669at3041          -             84   1.6e-32  110.4   0.9   2   2   1.1e-17   1.2e-14   53.2   0.1    45    84   675   714   668   714 0.92 -
scaffold5.g1008.t1   -            132 11669at3041          -             84   1.2e-12   46.8   0.0   1   1   1.5e-15   1.6e-12   46.4   0.0     4    68    26    93    23   107 0.91 -
scaffold8.g1627.t1   -             74 11669at3041          -             84   1.5e-07   30.4   0.4   1   1   2.1e-10   2.2e-07   29.9   0.4     2    61    12    68    11    73 0.84 -
scaffold2.g7399.t1   -             98 11669at3041          -             84   1.9e-06   26.9   0.1   1   2     1e-08   1.1e-05   24.5   0.1     2    38    13    49    12    90 0.80 -
scaffold2.g7399.t1   -             98 11669at3041          -             84   1.9e-06   26.9   0.1   2   2      0.33   3.5e+02    0.4   0.0    16    37    77    98    68    98 0.75 -
scaffold3.g6427.t1   -            978 11669at3041          -             84    0.0025   16.9   0.2   1   1   2.9e-05      0.03   13.4   0.1     4    37   552   585   549   620 0.80 -
scaffold10.g2264.t1  -             86 11669at3041          -             84     0.016   14.3   0.0   1   1     2e-05     0.021   13.9   0.0     7    60    28    82    24    86 0.73 -
scaffold14.g1197.t1  -            108 11669at3041          -             84     0.044   12.9   0.0   1   2   8.9e-05     0.093   11.9   0.0     5    37    34    66    30    70 0.87 -
scaffold14.g1197.t1  -            108 11669at3041          -             84     0.044   12.9   0.0   2   2       5.7   5.9e+03   -3.5   0.0    52    60    95   103    92   104 0.73 -
scaffold6.g2899.t1   -             88 11669at3041          -             84     0.051   12.7   0.1   1   1   6.3e-05     0.066   12.3   0.1     9    61    32    84    25    87 0.90 -
#
# Program:         hmmsearch
# Version:         3.1b2 (February 2015)
# Pipeline mode:   SEARCH
# Query file:      /Users/catrionaharrison/Documents/Bioinformatics/rp2/Data/genomes/busco/busco_downloads/lineages/chlorophyta_odb10/hmms/11669at3041.hmm
# Target file:     /Users/catrionaharrison/Documents/Bioinformatics/rp2/Data/genomes/busco/data/a99.prot.fasta
# Option settings: hmmsearch --domtblout /Users/catrionaharrison/Documents/Bioinformatics/rp2/Data/genomes/busco/Busco_a99/run_chlorophyta_odb10/hmmer_output/initial_run_results/11669at3041.out --cpu 1 /Users/catrionaharrison/Documents/Bioinformatics/rp2/Data/genomes/busco/busco_downloads/lineages/chlorophyta_odb10/hmms/11669at3041.hmm /Users/catrionaharrison/Documents/Bioinformatics/rp2/Data/genomes/busco/data/a99.prot.fasta 
# Current dir:     /Users/catrionaharrison/Documents/Bioinformatics/rp2/Data/genomes/busco
# Date:            Fri Jul 22 14:43:24 2022
# [ok]
