#                                                                            --- full sequence --- -------------- this domain -------------   hmm coord   ali coord   env coord
# target name        accession   tlen query name           accession   qlen   E-value  score  bias   #  of  c-Evalue  i-Evalue  score  bias  from    to  from    to  from    to  acc description of target
#------------------- ---------- ----- -------------------- ---------- ----- --------- ------ ----- --- --- --------- --------- ------ ----- ----- ----- ----- ----- ----- ----- ---- ---------------------
scaffold5.g957.t1    -            293 1211at3041           -            356    2e-155  516.1   5.9   1   2   9.7e-67   2.2e-64  216.7   0.2    34   150     1   128     1   132 0.95 -
scaffold5.g957.t1    -            293 1211at3041           -            356    2e-155  516.1   5.9   2   2   8.1e-93   1.8e-90  302.4   1.2   211   356   133   284   128   284 0.97 -
scaffold9.g3123.t1   -            395 1211at3041           -            356   3.5e-75  252.1   0.2   1   1   1.9e-77   4.3e-75  251.9   0.2    21   356    27   394    10   394 0.86 -
scaffold6.g2507.t1   -            410 1211at3041           -            356   3.9e-75  252.0   0.1   1   1   2.1e-77   4.8e-75  251.7   0.1    21   355    37   403    17   404 0.87 -
scaffold2.g6983.t1   -            522 1211at3041           -            356   5.2e-55  185.8   0.3   1   2   1.1e-20   2.5e-18   65.2   0.0    19   103    42   130    23   155 0.85 -
scaffold2.g6983.t1   -            522 1211at3041           -            356   5.2e-55  185.8   0.3   2   2   1.1e-35   2.4e-33  114.6   0.2   122   355   222   510   219   511 0.76 -
scaffold6.g2616.t1   -           1351 1211at3041           -            356   8.1e-44  149.0   0.3   1   2   2.4e-25   5.3e-23   80.5   0.2    36   173    30   186     3   191 0.78 -
scaffold6.g2616.t1   -           1351 1211at3041           -            356   8.1e-44  149.0   0.3   2   2   4.6e-21     1e-18   66.4   0.0   171   352   218   413   217   417 0.87 -
scaffold18.g1964.t1  -            572 1211at3041           -            356   5.5e-43  146.3   0.0   1   1   3.2e-45   7.3e-43  145.9   0.0    22   355   133   504   115   505 0.78 -
scaffold1.g5469.t1   -           1409 1211at3041           -            356   8.5e-43  145.6   0.0   1   1   5.8e-45   1.3e-42  145.0   0.0    28   335   499   846   479   865 0.82 -
scaffold3.g6512.t1   -           1253 1211at3041           -            356   1.4e-39  135.0   0.0   1   2   4.6e-27     1e-24   86.1   0.0    19   217    13   241     3   244 0.77 -
scaffold3.g6512.t1   -           1253 1211at3041           -            356   1.4e-39  135.0   0.0   2   2   4.8e-15   1.1e-12   46.6   0.0   223   333   277   393   272   407 0.86 -
scaffold2.g7182.t1   -           1158 1211at3041           -            356   4.5e-38  130.1   0.0   1   1   4.7e-40   1.1e-37  128.9   0.0    39   347    86   435    80   445 0.79 -
scaffold37.g4387.t1  -            390 1211at3041           -            356   1.7e-35  121.7   0.0   1   1   4.3e-35   9.7e-33  112.5   0.0    52   345     1   302     1   310 0.81 -
scaffold11.g3990.t1  -            891 1211at3041           -            356   5.5e-35  119.9   0.0   1   3   1.7e-20   3.7e-18   64.6   0.0    23   152   414   564   400   601 0.79 -
scaffold11.g3990.t1  -            891 1211at3041           -            356   5.5e-35  119.9   0.0   2   3     0.018       4.1    5.2   0.0   133   194   604   670   597   674 0.63 -
scaffold11.g3990.t1  -            891 1211at3041           -            356   5.5e-35  119.9   0.0   3   3   7.6e-15   1.7e-12   46.0   0.0   209   348   710   856   702   864 0.84 -
scaffold6.g2763.t1   -           1319 1211at3041           -            356   2.7e-34  117.7   0.0   1   2   1.7e-26   3.9e-24   84.3   0.0    23   232    57   297    46   303 0.76 -
scaffold6.g2763.t1   -           1319 1211at3041           -            356   2.7e-34  117.7   0.0   2   2   1.2e-10   2.7e-08   32.2   0.0   259   352   302   398   269   402 0.84 -
scaffold8.g1367.t1   -            680 1211at3041           -            356   3.1e-34  117.5   0.1   1   2   8.2e-25   1.8e-22   78.7   0.0    37   200   144   345   129   352 0.79 -
scaffold8.g1367.t1   -            680 1211at3041           -            356   3.1e-34  117.5   0.1   2   2   5.2e-12   1.2e-09   36.6   0.0   259   336   516   596   503   617 0.84 -
scaffold4.g4705.t1   -            945 1211at3041           -            356   1.6e-31  108.6   0.0   1   2   1.8e-20   4.1e-18   64.5   0.0    37   173   223   387   217   392 0.74 -
scaffold4.g4705.t1   -            945 1211at3041           -            356   1.6e-31  108.6   0.0   2   2   1.5e-13   3.4e-11   41.7   0.0   172   318   436   598   432   613 0.81 -
scaffold21.g2207.t1  -            946 1211at3041           -            356   3.2e-31  107.5   0.0   1   2         2   4.4e+02   -1.4   0.0    20    49   251   280   245   282 0.89 -
scaffold21.g2207.t1  -            946 1211at3041           -            356   3.2e-31  107.5   0.0   2   2   6.1e-32   1.4e-29  102.2   0.3    46   337   327   671   321   682 0.73 -
scaffold10.g2312.t1  -            576 1211at3041           -            356   3.2e-30  104.3   0.0   1   2   2.9e-24   6.6e-22   76.9   0.0    22   194   151   358   140   366 0.77 -
scaffold10.g2312.t1  -            576 1211at3041           -            356   3.2e-30  104.3   0.0   2   2   2.9e-08   6.5e-06   24.3   0.0   297   337   414   454   410   472 0.81 -
scaffold3.g6649.t1   -           1031 1211at3041           -            356   5.4e-29  100.2   0.0   1   3   3.4e-08   7.6e-06   24.1   0.0    22    81   172   232   153   237 0.84 -
scaffold3.g6649.t1   -           1031 1211at3041           -            356   5.4e-29  100.2   0.0   2   3   1.9e-08   4.3e-06   24.9   0.0    86   152   286   359   283   384 0.74 -
scaffold3.g6649.t1   -           1031 1211at3041           -            356   5.4e-29  100.2   0.0   3   3   3.2e-15   7.2e-13   47.2   0.0   212   350   617   760   606   764 0.84 -
scaffold14.g1159.t1  -            562 1211at3041           -            356   5.8e-29  100.1   0.1   1   2   2.1e-14   4.7e-12   44.5   0.0    18   169    65   251    54   266 0.78 -
scaffold14.g1159.t1  -            562 1211at3041           -            356   5.8e-29  100.1   0.1   2   2   6.9e-16   1.6e-13   49.4   0.0   213   354   378   525   373   527 0.86 -
scaffold14.g1294.t1  -            647 1211at3041           -            356   5.2e-27   93.7   0.0   1   3   1.6e-09   3.6e-07   28.4   0.0    42    82    99   139    95   146 0.91 -
scaffold14.g1294.t1  -            647 1211at3041           -            356   5.2e-27   93.7   0.0   2   3      0.58   1.3e+02    0.3   0.0   128   144   165   181   157   189 0.84 -
scaffold14.g1294.t1  -            647 1211at3041           -            356   5.2e-27   93.7   0.0   3   3   2.3e-19   5.1e-17   60.8   0.0   150   337   216   423   195   430 0.79 -
scaffold5.g722.t1    -           1192 1211at3041           -            356   5.4e-26   90.4   0.5   1   3   2.8e-06   0.00063   17.8   0.0    30    72   156   198   150   201 0.91 -
scaffold5.g722.t1    -           1192 1211at3041           -            356   5.4e-26   90.4   0.5   2   3      0.12        26    2.6   0.1    57    88   204   235   202   251 0.89 -
scaffold5.g722.t1    -           1192 1211at3041           -            356   5.4e-26   90.4   0.5   3   3   1.1e-19   2.5e-17   61.8   0.0    88   337   270   572   267   582 0.77 -
scaffold5.g706.t1    -           1063 1211at3041           -            356   2.1e-25   88.4   0.6   1   2   8.4e-17   1.9e-14   52.4   0.0    32   178   268   432   262   445 0.72 -
scaffold5.g706.t1    -           1063 1211at3041           -            356   2.1e-25   88.4   0.6   2   2   3.9e-11   8.8e-09   33.7   0.1   259   324   531   599   525   610 0.91 -
scaffold12.g8058.t1  -            689 1211at3041           -            356   6.6e-23   80.2   0.0   1   3   1.3e-15   2.9e-13   48.5   0.0    23   103     3    88     1   108 0.83 -
scaffold12.g8058.t1  -            689 1211at3041           -            356   6.6e-23   80.2   0.0   2   3     0.014       3.1    5.6   0.0   147   201   169   229   133   233 0.71 -
scaffold12.g8058.t1  -            689 1211at3041           -            356   6.6e-23   80.2   0.0   3   3   1.4e-07   3.2e-05   22.0   0.0   295   336   414   455   400   467 0.88 -
scaffold17.g577.t1   -           1059 1211at3041           -            356   1.3e-22   79.3   0.0   1   2   2.4e-13   5.3e-11   41.0   0.0    25   103   107   201   101   205 0.77 -
scaffold17.g577.t1   -           1059 1211at3041           -            356   1.3e-22   79.3   0.0   2   2   1.2e-11   2.6e-09   35.5   0.0   171   335   347   509   339   520 0.80 -
scaffold9.g3037.t1   -           1077 1211at3041           -            356   1.3e-20   72.6   0.0   1   3   5.6e-10   1.2e-07   30.0   0.0    23   101   421   509   410   515 0.80 -
scaffold9.g3037.t1   -           1077 1211at3041           -            356   1.3e-20   72.6   0.0   2   3    0.0058       1.3    6.9   0.0   130   170   576   624   561   633 0.80 -
scaffold9.g3037.t1   -           1077 1211at3041           -            356   1.3e-20   72.6   0.0   3   3   1.5e-10   3.5e-08   31.8   0.0   260   340   829   912   822   918 0.90 -
scaffold9.g3148.t1   -           2152 1211at3041           -            356   4.6e-18   64.3   0.1   1   3   2.9e-13   6.5e-11   40.8   0.0     8    85  1455  1533  1448  1547 0.89 -
scaffold9.g3148.t1   -           2152 1211at3041           -            356   4.6e-18   64.3   0.1   2   3       1.6   3.5e+02   -1.1   0.1   225   258  1864  1897  1851  1957 0.55 -
scaffold9.g3148.t1   -           2152 1211at3041           -            356   4.6e-18   64.3   0.1   3   3   8.7e-07   0.00019   19.5   0.0   299   334  1987  2022  1980  2034 0.89 -
scaffold10.g2296.t1  -            874 1211at3041           -            356   1.3e-15   56.3   0.0   1   2   5.3e-09   1.2e-06   26.7   0.0    18   147    75   234    67   262 0.66 -
scaffold10.g2296.t1  -            874 1211at3041           -            356   1.3e-15   56.3   0.0   2   2   4.4e-09   9.9e-07   27.0   0.0   286   347   350   415   344   420 0.85 -
scaffold30.g4464.t1  -            317 1211at3041           -            356   1.9e-15   55.7   0.1   1   2   0.00055      0.12   10.2   0.0    17    49   109   142    95   171 0.85 -
scaffold30.g4464.t1  -            317 1211at3041           -            356   1.9e-15   55.7   0.1   2   2   3.8e-14   8.5e-12   43.7   0.0   261   334   193   275   173   297 0.76 -
scaffold9.g3266.t1   -            821 1211at3041           -            356   4.7e-12   44.5   0.0   1   2   3.1e-07     7e-05   20.9   0.0    42   101    57   127    44   133 0.83 -
scaffold9.g3266.t1   -            821 1211at3041           -            356   4.7e-12   44.5   0.0   2   2   2.7e-07   6.1e-05   21.1   0.0   272   353   454   540   414   543 0.89 -
scaffold3.g6189.t1   -            529 1211at3041           -            356   7.2e-11   40.6   0.2   1   2   1.1e-08   2.4e-06   25.7   0.2    40   159   114   267    89   279 0.70 -
scaffold3.g6189.t1   -            529 1211at3041           -            356   7.2e-11   40.6   0.2   2   2   0.00015     0.034   12.1   0.0   297   329   457   489   437   517 0.79 -
scaffold13.g347.t1   -            507 1211at3041           -            356   9.2e-11   40.3   0.1   1   2   0.00017     0.039   11.9   0.0    84   162    56   150    49   161 0.63 -
scaffold13.g347.t1   -            507 1211at3041           -            356   9.2e-11   40.3   0.1   2   2   9.2e-09   2.1e-06   25.9   0.0   284   336   358   413   350   423 0.85 -
scaffold2.g6918.t1   -            396 1211at3041           -            356   1.4e-09   36.4   0.1   1   1   9.8e-12   2.2e-09   35.7   0.1    39   107   280   369   275   393 0.74 -
scaffold4.g4684.t1   -            369 1211at3041           -            356   4.5e-08   31.4   0.0   1   1   5.3e-10   1.2e-07   30.0   0.0    38   144   106   220    84   245 0.76 -
scaffold13.g230.t1   -            587 1211at3041           -            356   1.4e-05   23.2   0.2   1   2    0.0027      0.61    8.0   0.0    21    81    20    81     9    96 0.80 -
scaffold13.g230.t1   -            587 1211at3041           -            356   1.4e-05   23.2   0.2   2   2   9.4e-05     0.021   12.8   0.0   287   331   454   501   429   516 0.80 -
scaffold8.g1671.t1   -            556 1211at3041           -            356   0.00011   20.3   0.0   1   2    0.0077       1.7    6.5   0.0   130   167    22    67     5    88 0.78 -
scaffold8.g1671.t1   -            556 1211at3041           -            356   0.00011   20.3   0.0   2   2   0.00023     0.052   11.5   0.0   261   332   161   224   149   240 0.81 -
scaffold12.g7924.t1  -            840 1211at3041           -            356     0.027   12.4   0.0   1   1   0.00019     0.043   11.7   0.0   262   321   565   627   556   635 0.88 -
scaffold11.g3881.t1  -           1697 1211at3041           -            356     0.045   11.7   0.0   1   1   0.00038     0.084   10.8   0.0   237   324   464   554   457   593 0.87 -
scaffold9.g3267.t1   -            798 1211at3041           -            356     0.081   10.8   0.0   1   2    0.0019      0.44    8.4   0.0    40   104    13    75     9   122 0.65 -
scaffold9.g3267.t1   -            798 1211at3041           -            356     0.081   10.8   0.0   2   2         1   2.3e+02   -0.5   0.0   239   311   281   359   278   371 0.72 -
#
# Program:         hmmsearch
# Version:         3.1b2 (February 2015)
# Pipeline mode:   SEARCH
# Query file:      /Users/catrionaharrison/Documents/Bioinformatics/rp2/Data/genomes/busco/busco_downloads/lineages/chlorophyta_odb10/hmms/1211at3041.hmm
# Target file:     /Users/catrionaharrison/Documents/Bioinformatics/rp2/Data/genomes/busco/data/a99.prot.fasta
# Option settings: hmmsearch --domtblout /Users/catrionaharrison/Documents/Bioinformatics/rp2/Data/genomes/busco/Busco_a99/run_chlorophyta_odb10/hmmer_output/initial_run_results/1211at3041.out --cpu 1 /Users/catrionaharrison/Documents/Bioinformatics/rp2/Data/genomes/busco/busco_downloads/lineages/chlorophyta_odb10/hmms/1211at3041.hmm /Users/catrionaharrison/Documents/Bioinformatics/rp2/Data/genomes/busco/data/a99.prot.fasta 
# Current dir:     /Users/catrionaharrison/Documents/Bioinformatics/rp2/Data/genomes/busco
# Date:            Fri Jul 22 14:44:23 2022
# [ok]
