#                                                                            --- full sequence --- -------------- this domain -------------   hmm coord   ali coord   env coord
# target name        accession   tlen query name           accession   qlen   E-value  score  bias   #  of  c-Evalue  i-Evalue  score  bias  from    to  from    to  from    to  acc description of target
#------------------- ---------- ----- -------------------- ---------- ----- --------- ------ ----- --- --- --------- --------- ------ ----- ----- ----- ----- ----- ----- ----- ---- ---------------------
scaffold2.g7169.t1   -            524 1282at3041           -            312  1.4e-147  489.5   7.7   1   2   3.9e-67   2.3e-65  219.4   0.5     1   114    12   126    12   127 0.98 -
scaffold2.g7169.t1   -            524 1282at3041           -            312  1.4e-147  489.5   7.7   2   2   1.1e-83   6.3e-82  273.8   1.7   157   312   125   304   125   304 0.89 -
scaffold3.g6757.t1   -            792 1282at3041           -            312   3.8e-73  245.0   0.0   1   1   2.3e-72   1.4e-70  236.6   0.0     3   275   496   770   494   783 0.88 -
scaffold15.g4261.t1  -            599 1282at3041           -            312   6.3e-73  244.3   1.8   1   3   2.2e-36   1.3e-34  118.4   0.1     3    99    31   128    29   132 0.95 -
scaffold15.g4261.t1  -            599 1282at3041           -            312   6.3e-73  244.3   1.8   2   3   3.3e-30   1.9e-28   98.2   0.0   102   188   152   243   147   257 0.84 -
scaffold15.g4261.t1  -            599 1282at3041           -            312   6.3e-73  244.3   1.8   3   3   3.9e-08   2.3e-06   25.6   0.1   243   302   290   353   269   359 0.84 -
scaffold3.g6223.t1   -            438 1282at3041           -            312   2.5e-71  239.1   0.1   1   1   1.4e-72   8.4e-71  237.3   0.1     3   309    11   353    10   356 0.82 -
scaffold2.g6950.t1   -            631 1282at3041           -            312   1.5e-52  177.3   0.0   1   1   1.6e-53   9.3e-52  174.7   0.0     3   277     2   294     1   314 0.83 -
scaffold6.g2538.t1   -            979 1282at3041           -            312   4.9e-47  159.2   0.0   1   1   4.5e-48   2.7e-46  156.8   0.0     4   279   665   964   662   971 0.79 -
scaffold8.g1603.t1   -            301 1282at3041           -            312   2.3e-45  153.8   0.1   1   1   8.4e-46   4.9e-44  149.4   0.1     3   276     2   299     1   301 0.78 -
scaffold2.g7025.t1   -            471 1282at3041           -            312   5.5e-44  149.2   0.4   1   2   3.6e-10   2.1e-08   32.3   0.0     3    77   105   174   103   177 0.87 -
scaffold2.g7025.t1   -            471 1282at3041           -            312   5.5e-44  149.2   0.4   2   2   7.6e-35   4.5e-33  113.4   0.1   107   283   231   426   203   456 0.77 -
scaffold19.g1865.t1  -           1105 1282at3041           -            312   3.2e-42  143.4   0.0   1   1     2e-43   1.2e-41  141.5   0.0    12   280   702   993   698  1001 0.83 -
scaffold26.g3349.t1  -            698 1282at3041           -            312   7.6e-42  142.2   0.1   1   2   2.6e-10   1.6e-08   32.8   0.1    11    89    10    89     3    92 0.80 -
scaffold26.g3349.t1  -            698 1282at3041           -            312   7.6e-42  142.2   0.1   2   2   1.1e-32   6.7e-31  106.2   0.0   108   276    81   268    73   300 0.75 -
scaffold21.g2228.t1  -            545 1282at3041           -            312   1.5e-38  131.4   0.0   1   1   2.5e-39   1.5e-37  128.1   0.0     8   279    36   316    30   323 0.82 -
scaffold8.g1381.t1   -            435 1282at3041           -            312   1.1e-37  128.5   2.1   1   3   2.9e-07   1.7e-05   22.8   0.1     5    94     5    95     1    97 0.79 -
scaffold8.g1381.t1   -            435 1282at3041           -            312   1.1e-37  128.5   2.1   2   3   4.5e-28   2.6e-26   91.1   0.0   114   226    97   209    95   213 0.94 -
scaffold8.g1381.t1   -            435 1282at3041           -            312   1.1e-37  128.5   2.1   3   3   0.00021     0.012   13.4   0.2   243   279   245   281   241   292 0.86 -
scaffold13.g345.t1   -            801 1282at3041           -            312   2.8e-36  123.9   0.1   1   3   1.5e-23   8.8e-22   76.3   0.0     3   157    37   213    35   229 0.78 -
scaffold13.g345.t1   -            801 1282at3041           -            312   2.8e-36  123.9   0.1   2   3   7.8e-06   0.00046   18.1   0.0   170   201   304   334   288   348 0.87 -
scaffold13.g345.t1   -            801 1282at3041           -            312   2.8e-36  123.9   0.1   3   3   5.1e-08     3e-06   25.3   0.1   231   284   422   476   377   481 0.89 -
scaffold3.g6259.t1   -            373 1282at3041           -            312   9.8e-36  122.1   0.1   1   3   6.5e-13   3.8e-11   41.3   0.0     3   153    11   159     9   163 0.90 -
scaffold3.g6259.t1   -            373 1282at3041           -            312   9.8e-36  122.1   0.1   2   3   3.2e-17   1.9e-15   55.5   0.0   162   224   220   281   216   286 0.89 -
scaffold3.g6259.t1   -            373 1282at3041           -            312   9.8e-36  122.1   0.1   3   3   7.8e-07   4.6e-05   21.4   0.3   245   282   320   355   315   366 0.86 -
scaffold16.g9.t1     -            611 1282at3041           -            312   1.9e-33  114.6   0.0   1   2   8.1e-32   4.8e-30  103.4   0.0     5   204    65   289    62   304 0.79 -
scaffold16.g9.t1     -            611 1282at3041           -            312   1.9e-33  114.6   0.0   2   2    0.0051       0.3    8.8   0.1   245   277   365   397   349   425 0.79 -
scaffold11.g4031.t1  -            676 1282at3041           -            312   4.2e-32  110.2   1.4   1   2     0.001     0.059   11.1   0.1    48    93   423   465   363   468 0.77 -
scaffold11.g4031.t1  -            676 1282at3041           -            312   4.2e-32  110.2   1.4   2   2   1.4e-29   8.2e-28   96.1   0.1   113   276   466   643   461   652 0.78 -
scaffold21.g2119.t1  -            813 1282at3041           -            312   2.8e-26   91.0   0.1   1   2     3e-25   1.7e-23   81.9   0.0    30   233   518   719   481   756 0.80 -
scaffold21.g2119.t1  -            813 1282at3041           -            312   2.8e-26   91.0   0.1   2   2     0.018         1    7.0   0.2   248   274   780   806   769   811 0.88 -
scaffold6.g2547.t1   -            927 1282at3041           -            312   4.1e-26   90.5   1.5   1   2   1.5e-21     9e-20   69.7   0.4     3   224   613   847   611   853 0.81 -
scaffold6.g2547.t1   -            927 1282at3041           -            312   4.1e-26   90.5   1.5   2   2   2.3e-05    0.0013   16.6   0.0   247   279   894   926   883   927 0.90 -
scaffold27.g6028.t1  -           1485 1282at3041           -            312   8.8e-25   86.1   0.0   1   1   2.9e-26   1.7e-24   85.2   0.0    50   212    55   211    25   265 0.89 -
scaffold27.g5970.t1  -           2013 1282at3041           -            312   1.5e-23   82.1   0.1   1   2   6.8e-22     4e-20   70.8   0.0     2   207   931  1139   930  1156 0.85 -
scaffold27.g5970.t1  -           2013 1282at3041           -            312   1.5e-23   82.1   0.1   2   2    0.0052      0.31    8.8   0.0   247   275  1210  1238  1195  1252 0.86 -
scaffold2.g6947.t1   -            400 1282at3041           -            312   1.1e-22   79.3   0.0   1   2   1.2e-22   6.8e-21   73.4   0.0     4   202    88   293    86   298 0.83 -
scaffold2.g6947.t1   -            400 1282at3041           -            312   1.1e-22   79.3   0.0   2   2      0.16       9.6    3.9   0.0   243   275   299   331   294   346 0.86 -
scaffold20.g7783.t1  -            388 1282at3041           -            312   1.9e-21   75.2   0.0   1   1   4.2e-23   2.5e-21   74.8   0.0    26   275     4   248     1   264 0.82 -
scaffold2.g6949.t1   -            163 1282at3041           -            312   3.6e-21   74.2   0.0   1   1   7.2e-22   4.3e-20   70.7   0.0   130   266     1   157     1   160 0.75 -
scaffold2.g7252.t1   -            392 1282at3041           -            312   6.1e-19   66.9   0.0   1   1   1.3e-19   7.5e-18   63.4   0.0    32   274    60   300    38   314 0.78 -
scaffold5.g965.t1    -            985 1282at3041           -            312   8.4e-19   66.5   0.2   1   3   8.2e-09   4.9e-07   27.8   0.0    11   176   271   427   262   548 0.78 -
scaffold5.g965.t1    -            985 1282at3041           -            312   8.4e-19   66.5   0.2   2   3   8.3e-06   0.00049   18.0   0.0    25   125   633   727   615   731 0.85 -
scaffold5.g965.t1    -            985 1282at3041           -            312   8.4e-19   66.5   0.2   3   3   8.2e-05    0.0048   14.7   0.0   125   281   749   906   743   926 0.74 -
scaffold11.g3891.t1  -            981 1282at3041           -            312   3.5e-18   64.5   0.2   1   3   1.6e-06   9.3e-05   20.3   0.1     2   137   664   788   663   799 0.71 -
scaffold11.g3891.t1  -            981 1282at3041           -            312   3.5e-18   64.5   0.2   2   3   1.6e-12   9.4e-11   40.0   0.0   183   225   804   846   800   860 0.93 -
scaffold11.g3891.t1  -            981 1282at3041           -            312   3.5e-18   64.5   0.2   3   3       5.5   3.3e+02   -1.2   0.0   248   275   900   927   882   932 0.86 -
scaffold2.g7213.t1   -           1327 1282at3041           -            312   4.4e-18   64.1   0.0   1   2   6.6e-19   3.9e-17   61.0   0.0    10   203   391   574   388   586 0.88 -
scaffold2.g7213.t1   -           1327 1282at3041           -            312   4.4e-18   64.1   0.0   2   2       1.8   1.1e+02    0.4   0.0   247   268   595   616   577   621 0.86 -
scaffold8.g1373.t1   -            371 1282at3041           -            312   1.9e-17   62.1   0.0   1   1   5.8e-19   3.4e-17   61.2   0.0     4   206    49   257    46   299 0.81 -
scaffold6.g2505.t1   -            928 1282at3041           -            312   2.9e-17   61.4   0.1   1   2     0.012      0.73    7.6   0.0     3    46    86   130    85   146 0.77 -
scaffold6.g2505.t1   -            928 1282at3041           -            312   2.9e-17   61.4   0.1   2   2   3.5e-16   2.1e-14   52.1   0.0    97   210   140   244   129   269 0.78 -
scaffold2.g7253.t1   -            933 1282at3041           -            312   4.4e-17   60.8   0.0   1   2   5.9e-15   3.5e-13   48.0   0.0     4   206    38   240    36   245 0.78 -
scaffold2.g7253.t1   -            933 1282at3041           -            312   4.4e-17   60.8   0.0   2   2    0.0025      0.15    9.8   0.0   243   274   268   299   262   304 0.91 -
scaffold6.g2566.t1   -           1105 1282at3041           -            312   7.6e-17   60.1   0.0   1   1   2.1e-17   1.2e-15   56.1   0.0     8   282    34   303    29   310 0.75 -
scaffold3.g6333.t1   -            691 1282at3041           -            312   8.8e-17   59.8   0.0   1   1   9.5e-18   5.6e-16   57.2   0.0     4   275   101   379    99   391 0.77 -
scaffold10.g2384.t1  -            921 1282at3041           -            312     1e-16   59.6   0.0   1   3   1.5e-15   8.7e-14   50.0   0.0     3   144     5   150     3   165 0.81 -
scaffold10.g2384.t1  -            921 1282at3041           -            312     1e-16   59.6   0.0   2   3      0.82        48    1.6   0.0   183   204   226   247   219   262 0.87 -
scaffold10.g2384.t1  -            921 1282at3041           -            312     1e-16   59.6   0.0   3   3      0.16       9.3    3.9   0.0   249   279   280   310   273   326 0.84 -
scaffold2.g7528.t1   -           1446 1282at3041           -            312   1.3e-16   59.3   0.0   1   1   4.5e-18   2.6e-16   58.3   0.0    12   282   509   762   503   782 0.80 -
scaffold5.g790.t1    -            345 1282at3041           -            312   3.2e-16   58.0   0.2   1   3   7.3e-07   4.3e-05   21.4   0.0     4    73    11    80     8    88 0.85 -
scaffold5.g790.t1    -            345 1282at3041           -            312   3.2e-16   58.0   0.2   2   3     1e-09   5.9e-08   30.9   0.0   102   203   140   245   122   253 0.85 -
scaffold5.g790.t1    -            345 1282at3041           -            312   3.2e-16   58.0   0.2   3   3      0.51        30    2.3   0.0   247   275   267   295   258   312 0.86 -
scaffold1.g5617.t1   -           1394 1282at3041           -            312   3.3e-16   58.0   0.0   1   1   1.6e-17   9.2e-16   56.5   0.0    10   205  1063  1254  1057  1324 0.75 -
scaffold22.g6134.t1  -            386 1282at3041           -            312   8.5e-16   56.6   0.0   1   2   1.9e-16   1.1e-14   53.0   0.0     5   208   121   319   117   340 0.83 -
scaffold22.g6134.t1  -            386 1282at3041           -            312   8.5e-16   56.6   0.0   2   2         1        60    1.3   0.0   246   281   346   381   342   384 0.89 -
scaffold3.g6273.t1   -           1552 1282at3041           -            312   1.3e-15   56.0   0.2   1   4   1.5e-07   8.8e-06   23.7   0.0     9    65   509   566   501   574 0.83 -
scaffold3.g6273.t1   -           1552 1282at3041           -            312   1.3e-15   56.0   0.2   2   4   6.9e-08   4.1e-06   24.8   0.0    81   153   773   845   762   849 0.74 -
scaffold3.g6273.t1   -           1552 1282at3041           -            312   1.3e-15   56.0   0.2   3   4       9.8   5.8e+02   -2.0   0.0   166   199   884   916   881   921 0.84 -
scaffold3.g6273.t1   -           1552 1282at3041           -            312   1.3e-15   56.0   0.2   4   4      0.46        27    2.4   0.1   244   269   947   973   931   979 0.82 -
scaffold1.g5827.t1   -           1138 1282at3041           -            312   1.8e-15   55.5   0.1   1   1   3.5e-16   2.1e-14   52.1   0.1     5   272   608   860   606   866 0.80 -
scaffold1.g5873.t1   -            433 1282at3041           -            312   5.9e-15   53.8   0.0   1   1   2.1e-16   1.2e-14   52.8   0.0     4   277     4   277     2   288 0.76 -
scaffold18.g1970.t1  -           1775 1282at3041           -            312   8.4e-15   53.3   0.2   1   2     1e-12   6.1e-11   40.7   0.1     5   153  1071  1218  1068  1224 0.83 -
scaffold18.g1970.t1  -           1775 1282at3041           -            312   8.4e-15   53.3   0.2   2   2    0.0017       0.1   10.4   0.0   165   207  1322  1362  1318  1372 0.87 -
scaffold5.g814.t1    -            906 1282at3041           -            312   1.1e-14   53.0   0.1   1   2     8e-11   4.7e-09   34.5   0.0     5   138   358   493   355   497 0.76 -
scaffold5.g814.t1    -            906 1282at3041           -            312   1.1e-14   53.0   0.1   2   2   0.00019     0.011   13.5   0.2   170   273   605   697   597   706 0.73 -
scaffold18.g1941.t1  -            965 1282at3041           -            312   1.9e-14   52.2   0.0   1   1   3.6e-15   2.1e-13   48.7   0.0     3   280    42   311    40   343 0.73 -
scaffold9.g3171.t1   -           1862 1282at3041           -            312   2.6e-14   51.7   0.0   1   1   7.4e-16   4.4e-14   51.0   0.0    50   201   974  1130   965  1135 0.80 -
scaffold15.g4269.t1  -            816 1282at3041           -            312     3e-14   51.5   0.0   1   1   7.2e-16   4.2e-14   51.0   0.0     6   217   430   645   426   652 0.79 -
scaffold25.g5106.t1  -            471 1282at3041           -            312   3.8e-14   51.2   0.0   1   1   8.6e-16   5.1e-14   50.8   0.0    59   279    82   315    23   323 0.78 -
scaffold2.g7155.t1   -           1993 1282at3041           -            312     5e-14   50.8   0.0   1   2   1.7e-12     1e-10   39.9   0.0    29   174   521   675   505   680 0.74 -
scaffold2.g7155.t1   -           1993 1282at3041           -            312     5e-14   50.8   0.0   2   2    0.0076      0.45    8.2   0.0   178   214   707   743   696   809 0.75 -
scaffold4.g4640.t1   -            736 1282at3041           -            312   7.7e-14   50.2   0.0   1   2   5.4e-14   3.2e-12   44.9   0.0     5   155    68   218    65   241 0.85 -
scaffold4.g4640.t1   -            736 1282at3041           -            312   7.7e-14   50.2   0.0   2   2       0.3        17    3.0   0.0   182   208   277   303   271   334 0.87 -
scaffold2.g6974.t1   -           1099 1282at3041           -            312     1e-13   49.8   0.0   1   1   8.4e-15     5e-13   47.5   0.0     7   206   108   309   103   329 0.75 -
scaffold19.g1753.t1  -            743 1282at3041           -            312     1e-13   49.8   0.0   1   2   1.7e-14     1e-12   46.5   0.0    11   202   370   559   361   574 0.83 -
scaffold19.g1753.t1  -            743 1282at3041           -            312     1e-13   49.8   0.0   2   2       1.5        90    0.7   0.0   247   280   640   673   632   700 0.77 -
scaffold19.g1826.t1  -            558 1282at3041           -            312   1.6e-13   49.2   0.1   1   2   6.8e-08     4e-06   24.8   0.0     3   136    67   202    66   215 0.77 -
scaffold19.g1826.t1  -            558 1282at3041           -            312   1.6e-13   49.2   0.1   2   2   6.8e-07     4e-05   21.5   0.0   147   275   243   373   239   389 0.73 -
scaffold30.g4439.t1  -            633 1282at3041           -            312   3.8e-13   47.9   0.0   1   2   3.7e-14   2.2e-12   45.4   0.0     3   155    33   184    31   214 0.76 -
scaffold30.g4439.t1  -            633 1282at3041           -            312   3.8e-13   47.9   0.0   2   2       2.9   1.7e+02   -0.2   0.0   249   273   290   314   284   324 0.85 -
scaffold2.g7220.t1   -            825 1282at3041           -            312   1.2e-12   46.3   0.0   1   1   3.8e-14   2.2e-12   45.4   0.0    27   210   307   486   290   495 0.82 -
scaffold13.g196.t1   -           1341 1282at3041           -            312   1.3e-12   46.1   0.0   1   1   3.2e-14   1.9e-12   45.6   0.0    11   177  1068  1234  1059  1250 0.75 -
scaffold34.g4500.t1  -            942 1282at3041           -            312   2.4e-12   45.3   0.0   1   1   6.5e-14   3.8e-12   44.6   0.0    11   203   697   889   694   918 0.84 -
scaffold13.g268.t1   -            890 1282at3041           -            312   2.8e-12   45.0   0.0   1   1   7.9e-14   4.6e-12   44.3   0.0    72   213   698   839   625   851 0.82 -
scaffold5.g963.t1    -            781 1282at3041           -            312     9e-12   43.4   0.0   1   1   1.1e-12   6.7e-11   40.5   0.0     3   213   175   408   174   490 0.69 -
scaffold4.g4988.t1   -            747 1282at3041           -            312   9.5e-12   43.3   0.0   1   3     0.026       1.5    6.5   0.0    11    77   377   441   373   459 0.76 -
scaffold4.g4988.t1   -            747 1282at3041           -            312   9.5e-12   43.3   0.0   2   3   2.8e-08   1.7e-06   26.1   0.0   112   203   516   608   509   615 0.85 -
scaffold4.g4988.t1   -            747 1282at3041           -            312   9.5e-12   43.3   0.0   3   3      0.02       1.2    6.9   0.0   245   270   627   652   620   676 0.81 -
scaffold10.g2275.t1  -           1341 1282at3041           -            312   1.4e-11   42.8   0.0   1   1   4.1e-13   2.4e-11   42.0   0.0     5   205   835  1055   832  1065 0.76 -
scaffold34.g4496.t1  -            979 1282at3041           -            312   3.9e-11   41.3   0.0   1   1   1.1e-12   6.3e-11   40.6   0.0    27   205   734   924   721   930 0.80 -
scaffold1.g5806.t1   -           1689 1282at3041           -            312   4.1e-11   41.2   0.0   1   1   1.6e-12   9.4e-11   40.0   0.0    43   175   647   781   595   831 0.74 -
scaffold7.g3629.t1   -            646 1282at3041           -            312   5.1e-11   40.9   0.0   1   2   1.6e-06   9.7e-05   20.3   0.0     5   144   181   319   178   329 0.78 -
scaffold7.g3629.t1   -            646 1282at3041           -            312   5.1e-11   40.9   0.0   2   2   6.3e-06   0.00037   18.4   0.0   143   217   365   439   363   446 0.79 -
scaffold7.g3726.t1   -            414 1282at3041           -            312   5.4e-11   40.8   0.0   1   1   4.2e-12   2.5e-10   38.7   0.0   114   274   169   337   163   367 0.70 -
scaffold7.g3610.t1   -           1371 1282at3041           -            312   5.7e-11   40.8   0.0   1   2     0.002      0.12   10.2   0.0     4    66    24    87    22    94 0.86 -
scaffold7.g3610.t1   -           1371 1282at3041           -            312   5.7e-11   40.8   0.0   2   2   1.1e-08   6.5e-07   27.4   0.0   114   216   103   193    89   248 0.67 -
scaffold20.g7737.t1  -            905 1282at3041           -            312     9e-11   40.1   0.0   1   2   2.5e-09   1.5e-07   29.6   0.0    51   151    96   195    66   217 0.72 -
scaffold20.g7737.t1  -            905 1282at3041           -            312     9e-11   40.1   0.0   2   2     0.012       0.7    7.6   0.0   182   207   256   281   245   294 0.88 -
scaffold15.g4370.t1  -           1266 1282at3041           -            312   9.8e-11   40.0   0.0   1   1   5.1e-12     3e-10   38.4   0.0   114   217  1064  1162  1057  1206 0.76 -
scaffold25.g5109.t1  -            492 1282at3041           -            312   9.8e-11   40.0   0.0   1   2   1.2e-10   7.2e-09   33.9   0.0     5   206   180   409   177   421 0.69 -
scaffold25.g5109.t1  -            492 1282at3041           -            312   9.8e-11   40.0   0.0   2   2      0.41        24    2.6   0.0   246   273   440   467   430   485 0.91 -
scaffold7.g3741.t1   -           1288 1282at3041           -            312   1.3e-10   39.6   0.0   1   2    0.0012     0.069   10.9   0.0     6    66   271   330   267   341 0.87 -
scaffold7.g3741.t1   -           1288 1282at3041           -            312   1.3e-10   39.6   0.0   2   2   2.4e-08   1.4e-06   26.3   0.0   113   203  1080  1177  1066  1187 0.81 -
scaffold20.g7617.t1  -           1415 1282at3041           -            312   1.6e-10   39.3   0.1   1   2   1.2e-09   6.9e-08   30.6   0.0     5   151   777   922   774   928 0.79 -
scaffold20.g7617.t1  -           1415 1282at3041           -            312   1.6e-10   39.3   0.1   2   2     0.037       2.2    6.0   0.0   166   210  1000  1042   995  1116 0.63 -
scaffold20.g7812.t1  -            547 1282at3041           -            312   2.1e-10   38.9   0.0   1   2     3e-11   1.8e-09   35.9   0.0     9   205    87   280    80   296 0.79 -
scaffold20.g7812.t1  -            547 1282at3041           -            312   2.1e-10   38.9   0.0   2   2       1.9   1.1e+02    0.4   0.0   253   274   319   340   311   346 0.85 -
scaffold13.g368.t1   -            444 1282at3041           -            312   3.3e-10   38.3   0.0   1   1   2.1e-11   1.2e-09   36.4   0.0    47   274    51   275    18   286 0.75 -
scaffold16.g93.t1    -            705 1282at3041           -            312   3.5e-10   38.2   1.7   1   4       4.1   2.4e+02   -0.7   0.0     3    55    65   115    63   120 0.72 -
scaffold16.g93.t1    -            705 1282at3041           -            312   3.5e-10   38.2   1.7   2   4     0.011      0.62    7.8   0.0    80   141   172   230   166   244 0.81 -
scaffold16.g93.t1    -            705 1282at3041           -            312   3.5e-10   38.2   1.7   3   4   1.1e-07   6.2e-06   24.2   0.1   143   208   368   428   363   436 0.86 -
scaffold16.g93.t1    -            705 1282at3041           -            312   3.5e-10   38.2   1.7   4   4      0.53        31    2.2   0.0   248   275   503   530   478   537 0.88 -
scaffold30.g4451.t1  -           1007 1282at3041           -            312   4.4e-10   37.8   0.0   1   1   2.5e-11   1.5e-09   36.1   0.0     2   201   734   939   733   946 0.77 -
scaffold2.g7201.t1   -            397 1282at3041           -            312   4.7e-10   37.7   0.0   1   2       6.6   3.9e+02   -1.4   0.0    48    65    44    61    41    69 0.84 -
scaffold2.g7201.t1   -            397 1282at3041           -            312   4.7e-10   37.7   0.0   2   2   2.6e-11   1.5e-09   36.0   0.0   113   277   107   269    98   280 0.84 -
scaffold2.g7218.t1   -            800 1282at3041           -            312   6.3e-10   37.3   0.0   1   1   1.8e-11     1e-09   36.6   0.0     6   210   423   641   420   652 0.76 -
scaffold1.g5616.t1   -            374 1282at3041           -            312   7.6e-10   37.1   0.0   1   1   7.8e-11   4.6e-09   34.5   0.0    23   204    50   219    44   320 0.73 -
scaffold5.g723.t1    -           1043 1282at3041           -            312   9.9e-10   36.7   0.0   1   1   2.6e-11   1.5e-09   36.1   0.0    50   214   665   829   644   838 0.81 -
scaffold8.g1505.t1   -            334 1282at3041           -            312     1e-09   36.6   0.0   1   2      0.46        27    2.4   0.0     4    35    22    54    20    56 0.81 -
scaffold8.g1505.t1   -            334 1282at3041           -            312     1e-09   36.6   0.0   2   2   4.7e-10   2.7e-08   31.9   0.0   123   275    77   218    70   228 0.83 -
scaffold4.g5023.t1   -           1259 1282at3041           -            312   1.1e-09   36.5   0.0   1   1   4.5e-11   2.7e-09   35.3   0.0    10   204   613   801   610   809 0.86 -
scaffold18.g2040.t1  -            663 1282at3041           -            312   2.5e-09   35.3   0.0   1   1   9.4e-11   5.5e-09   34.2   0.0     7   270   370   650   365   662 0.68 -
scaffold21.g2143.t1  -            813 1282at3041           -            312   6.5e-09   34.0   0.0   1   1   5.7e-10   3.4e-08   31.7   0.0    47   202   217   371   199   378 0.70 -
scaffold20.g7651.t1  -            311 1282at3041           -            312   8.5e-09   33.6   0.0   1   1   3.2e-10   1.9e-08   32.5   0.0   110   274   130   299    38   308 0.74 -
scaffold13.g352.t1   -            444 1282at3041           -            312   1.2e-08   33.2   0.0   1   2   4.2e-07   2.5e-05   22.2   0.0     7   154    67   212    61   220 0.76 -
scaffold13.g352.t1   -            444 1282at3041           -            312   1.2e-08   33.2   0.0   2   2    0.0077      0.46    8.2   0.0   170   279   250   372   245   402 0.66 -
scaffold8.g1549.t1   -            643 1282at3041           -            312   1.5e-08   32.8   0.0   1   1   3.8e-10   2.3e-08   32.2   0.0     9   203   350   542   343   554 0.79 -
scaffold2.g7439.t1   -           2556 1282at3041           -            312   1.9e-08   32.5   0.0   1   1   5.5e-10   3.2e-08   31.7   0.0    11   203  2203  2389  2198  2397 0.86 -
scaffold2.g7419.t1   -            411 1282at3041           -            312   3.1e-08   31.8   3.4   1   2   2.7e-06   0.00016   19.6   1.7    24    89    64   125    32   133 0.78 -
scaffold2.g7419.t1   -            411 1282at3041           -            312   3.1e-08   31.8   3.4   2   2   0.00061     0.036   11.9   0.0   144   211   134   199   127   212 0.80 -
scaffold14.g1291.t1  -            576 1282at3041           -            312   4.2e-08   31.3   0.0   1   2   2.5e-08   1.5e-06   26.3   0.0     5   153    31   171    27   191 0.80 -
scaffold14.g1291.t1  -            576 1282at3041           -            312   4.2e-08   31.3   0.0   2   2      0.37        22    2.7   0.0   248   274   221   247   212   258 0.84 -
scaffold2.g6917.t1   -            530 1282at3041           -            312     6e-08   30.8   0.0   1   1   1.8e-09   1.1e-07   30.0   0.0    81   210    10   148     5   191 0.72 -
scaffold4.g5002.t1   -            539 1282at3041           -            312   7.1e-08   30.6   0.0   1   2   1.1e-06   6.5e-05   20.9   0.0   112   202   316   399   305   406 0.76 -
scaffold4.g5002.t1   -            539 1282at3041           -            312   7.1e-08   30.6   0.0   2   2     0.014      0.85    7.3   0.0   245   270   419   444   412   467 0.82 -
scaffold14.g1028.t1  -           1685 1282at3041           -            312   8.2e-08   30.4   0.1   1   3       9.6   5.7e+02   -1.9   0.0    11    65  1387  1439  1385  1447 0.80 -
scaffold14.g1028.t1  -           1685 1282at3041           -            312   8.2e-08   30.4   0.1   2   3   8.2e-08   4.8e-06   24.6   0.0   112   199  1497  1583  1488  1587 0.88 -
scaffold14.g1028.t1  -           1685 1282at3041           -            312   8.2e-08   30.4   0.1   3   3      0.34        20    2.8   0.0   248   268  1587  1607  1583  1619 0.87 -
scaffold1.g5599.t1   -            954 1282at3041           -            312   1.7e-07   29.3   0.0   1   2      0.12       7.3    4.3   0.0     6    71   482   545   478   551 0.78 -
scaffold1.g5599.t1   -            954 1282at3041           -            312   1.7e-07   29.3   0.0   2   2   3.6e-07   2.1e-05   22.4   0.0   125   223   753   854   744   911 0.76 -
scaffold1.g5538.t1   -           1523 1282at3041           -            312   1.9e-07   29.2   0.0   1   2     0.011      0.62    7.8   0.0    47    76  1136  1165  1127  1169 0.87 -
scaffold1.g5538.t1   -           1523 1282at3041           -            312   1.9e-07   29.2   0.0   2   2   3.9e-06   0.00023   19.1   0.0   112   210  1227  1329  1196  1338 0.81 -
scaffold15.g4203.t1  -           1339 1282at3041           -            312   2.2e-07   29.0   0.0   1   1   7.9e-09   4.7e-07   27.9   0.0     7   208    26   227    23   249 0.78 -
scaffold20.g7840.t1  -            345 1282at3041           -            312   2.3e-07   28.9   0.2   1   2     0.037       2.2    6.0   0.0     5    68    40   110    38   121 0.75 -
scaffold20.g7840.t1  -            345 1282at3041           -            312   2.3e-07   28.9   0.2   2   2   1.9e-06   0.00011   20.1   0.1   167   278   132   241   119   252 0.75 -
scaffold2.g6786.t1   -            613 1282at3041           -            312   2.7e-07   28.7   0.0   1   2     2e-07   1.2e-05   23.3   0.0     8   152   192   344   183   355 0.83 -
scaffold2.g6786.t1   -            613 1282at3041           -            312   2.7e-07   28.7   0.0   2   2      0.27        16    3.2   0.0   243   269   418   444   406   474 0.86 -
scaffold9.g3134.t1   -            871 1282at3041           -            312   3.3e-07   28.4   0.0   1   2   2.8e-06   0.00016   19.5   0.0    11   175   603   783   598   787 0.70 -
scaffold9.g3134.t1   -            871 1282at3041           -            312   3.3e-07   28.4   0.0   2   2      0.19        11    3.6   0.0   247   270   792   815   786   830 0.86 -
scaffold23.g4147.t1  -            203 1282at3041           -            312   6.4e-07   27.5   0.0   1   2       0.1         6    4.5   0.1    45    65    38    58     5    68 0.65 -
scaffold23.g4147.t1  -            203 1282at3041           -            312   6.4e-07   27.5   0.0   2   2   8.8e-07   5.2e-05   21.2   0.0   117   197    80   164    58   183 0.73 -
scaffold34.g4499.t1  -           1021 1282at3041           -            312   6.5e-07   27.4   0.0   1   2   1.4e-07   8.2e-06   23.8   0.0    10   203   698   904   696   920 0.77 -
scaffold34.g4499.t1  -           1021 1282at3041           -            312   6.5e-07   27.4   0.0   2   2       1.4        83    0.8   0.0   247   269   925   947   920   953 0.87 -
scaffold6.g2763.t1   -           1319 1282at3041           -            312   7.4e-07   27.2   0.0   1   1   3.2e-08   1.9e-06   25.9   0.0   115   264  1123  1265  1110  1300 0.77 -
scaffold30.g4465.t1  -           1125 1282at3041           -            312   8.3e-07   27.1   0.0   1   1   2.2e-08   1.3e-06   26.5   0.0    43   154    90   200    69   263 0.68 -
scaffold2.g7529.t1   -            698 1282at3041           -            312   1.4e-06   26.3   0.0   1   1   4.3e-08   2.6e-06   25.5   0.0     8   209    37   259    31   286 0.74 -
scaffold7.g3545.t1   -           1150 1282at3041           -            312   1.7e-06   26.0   0.3   1   2       0.7        41    1.8   0.0    48    71   182   205   119   211 0.68 -
scaffold7.g3545.t1   -           1150 1282at3041           -            312   1.7e-06   26.0   0.3   2   2   6.5e-06   0.00038   18.3   0.0   100   153   312   366   293   506 0.65 -
scaffold14.g1084.t1  -            888 1282at3041           -            312     2e-06   25.8   0.0   1   1     6e-07   3.5e-05   21.7   0.0   113   223   158   259   150   263 0.68 -
scaffold13.g312.t1   -            492 1282at3041           -            312   2.7e-06   25.4   0.0   1   2   2.3e-05    0.0013   16.5   0.0   111   152   284   327   277   337 0.87 -
scaffold13.g312.t1   -            492 1282at3041           -            312   2.7e-06   25.4   0.0   2   2     0.028       1.6    6.4   0.0   249   275   416   442   407   460 0.88 -
scaffold21.g2140.t1  -           1387 1282at3041           -            312   2.7e-06   25.4   0.1   1   1   1.2e-07   6.8e-06   24.1   0.0    50   201   994  1156   990  1165 0.75 -
scaffold22.g6047.t1  -            758 1282at3041           -            312   3.6e-06   25.0   0.0   1   1   1.5e-07   8.6e-06   23.7   0.0     6   203    88   284    84   292 0.72 -
scaffold3.g6614.t1   -           2105 1282at3041           -            312   4.1e-06   24.8   0.4   1   1   4.6e-07   2.7e-05   22.1   0.0     3   169  1576  1755  1575  1796 0.65 -
scaffold9.g3163.t1   -            647 1282at3041           -            312   5.2e-06   24.5   0.2   1   2      0.58        34    2.1   0.1    11    88    39   116    31   165 0.70 -
scaffold9.g3163.t1   -            647 1282at3041           -            312   5.2e-06   24.5   0.2   2   2     2e-05    0.0012   16.7   0.0   128   274   243   389   240   399 0.70 -
scaffold27.g6013.t1  -            503 1282at3041           -            312   6.5e-06   24.1   0.0   1   1   7.7e-07   4.5e-05   21.4   0.0     5   264   196   466   192   473 0.64 -
scaffold4.g4986.t1   -           1801 1282at3041           -            312   7.1e-06   24.0   0.0   1   1   2.5e-07   1.5e-05   23.0   0.0   114   211   887  1003   839  1068 0.73 -
scaffold1.g5539.t1   -            435 1282at3041           -            312   7.4e-06   24.0   0.0   1   2   3.6e-06   0.00021   19.2   0.0     7   151    59   203    52   250 0.82 -
scaffold1.g5539.t1   -            435 1282at3041           -            312   7.4e-06   24.0   0.0   2   2       1.3        75    0.9   0.1   246   274   274   301   262   323 0.80 -
scaffold2.g6899.t1   -           1764 1282at3041           -            312   8.8e-06   23.7   0.6   1   1   4.9e-07   2.9e-05   22.0   0.0   138   310   159   335   150   337 0.76 -
scaffold12.g8288.t1  -           1000 1282at3041           -            312   1.1e-05   23.4   0.0   1   1   2.8e-07   1.7e-05   22.8   0.0   115   197   562   647   545   660 0.79 -
scaffold11.g3887.t1  -            759 1282at3041           -            312   1.2e-05   23.2   0.0   1   1   3.3e-07     2e-05   22.6   0.0   113   202   667   753   656   757 0.86 -
scaffold4.g4771.t1   -            455 1282at3041           -            312   1.5e-05   22.9   0.1   1   2     0.036       2.1    6.0   0.0    81   137   284   343   278   352 0.81 -
scaffold4.g4771.t1   -            455 1282at3041           -            312   1.5e-05   22.9   0.1   2   2   0.00011    0.0062   14.4   0.0   182   208   386   412   375   419 0.90 -
scaffold20.g7826.t1  -            465 1282at3041           -            312   2.4e-05   22.3   0.0   1   2   0.00038     0.022   12.5   0.0    49   137   108   206    54   210 0.75 -
scaffold20.g7826.t1  -            465 1282at3041           -            312   2.4e-05   22.3   0.0   2   2     0.012      0.73    7.6   0.0   169   206   351   389   336   456 0.63 -
scaffold12.g8023.t1  -            376 1282at3041           -            312   2.4e-05   22.3   0.3   1   2     0.079       4.6    4.9   0.0     3    68    28    88    26    92 0.77 -
scaffold12.g8023.t1  -            376 1282at3041           -            312   2.4e-05   22.3   0.3   2   2   4.1e-05    0.0024   15.7   0.5   121   281    86   247    62   257 0.75 -
scaffold7.g3664.t1   -            723 1282at3041           -            312   2.5e-05   22.2   0.0   1   2   1.7e-06   9.8e-05   20.3   0.0   114   156   462   507   402   510 0.83 -
scaffold7.g3664.t1   -            723 1282at3041           -            312   2.5e-05   22.2   0.0   2   2       8.4   4.9e+02   -1.7   0.0   169   201   551   580   548   585 0.80 -
scaffold26.g3346.t1  -           1092 1282at3041           -            312   3.3e-05   21.8   0.1   1   2     0.059       3.5    5.3   0.0    25    65   132   172   123   182 0.84 -
scaffold26.g3346.t1  -           1092 1282at3041           -            312   3.3e-05   21.8   0.1   2   2   0.00016    0.0096   13.7   0.0   168   206   182   218   177   235 0.80 -
scaffold7.g3708.t1   -            986 1282at3041           -            312   4.7e-05   21.3   0.0   1   2      0.44        26    2.5   0.0     6    38   497   528   493   539 0.79 -
scaffold7.g3708.t1   -            986 1282at3041           -            312   4.7e-05   21.3   0.0   2   2   2.4e-05    0.0014   16.4   0.0   113   154   644   687   579   718 0.82 -
scaffold2.g7082.t1   -            358 1282at3041           -            312   4.9e-05   21.3   0.0   1   1   1.4e-06   8.2e-05   20.5   0.0   111   159   251   300   239   309 0.83 -
scaffold6.g2633.t1   -           1301 1282at3041           -            312   4.9e-05   21.3   0.0   1   2      0.19        11    3.7   0.0     9   104   933  1024   925  1044 0.83 -
scaffold6.g2633.t1   -           1301 1282at3041           -            312   4.9e-05   21.3   0.0   2   2   4.9e-05    0.0029   15.5   0.0    98   154  1042  1099  1032  1101 0.85 -
scaffold3.g6661.t1   -            648 1282at3041           -            312   6.8e-05   20.8   0.0   1   1   1.7e-06    0.0001   20.2   0.0     4   204    73   280    70   289 0.78 -
scaffold8.g1449.t1   -           1077 1282at3041           -            312   7.7e-05   20.6   0.0   1   2       5.6   3.3e+02   -1.2   0.0    51    74   825   848   822   854 0.86 -
scaffold8.g1449.t1   -           1077 1282at3041           -            312   7.7e-05   20.6   0.0   2   2     6e-06   0.00035   18.5   0.0   114   196   903   987   882   998 0.74 -
scaffold1.g5533.t1   -           1599 1282at3041           -            312   0.00013   19.9   0.0   1   2     0.016      0.93    7.2   0.0   107   149   132   175    94   185 0.81 -
scaffold1.g5533.t1   -           1599 1282at3041           -            312   0.00013   19.9   0.0   2   2    0.0022      0.13   10.0   0.0   184   207   269   293   267   301 0.87 -
scaffold13.g271.t1   -            894 1282at3041           -            312   0.00014   19.8   0.1   1   3       1.4        84    0.8   0.0    24    61   169   206   150   214 0.70 -
scaffold13.g271.t1   -            894 1282at3041           -            312   0.00014   19.8   0.1   2   3     0.003      0.18    9.6   0.0   113   152   277   325   253   338 0.75 -
scaffold13.g271.t1   -            894 1282at3041           -            312   0.00014   19.8   0.1   3   3      0.14       8.5    4.1   0.0   179   274   386   470   378   484 0.66 -
scaffold6.g2831.t1   -            372 1282at3041           -            312   0.00014   19.8   0.0   1   1   3.3e-06   0.00019   19.3   0.0     2   139   221   355   220   360 0.85 -
scaffold2.g7301.t1   -            609 1282at3041           -            312   0.00022   19.1   0.1   1   2         8   4.7e+02   -1.7   0.0     2    35    30    64    29    68 0.82 -
scaffold2.g7301.t1   -            609 1282at3041           -            312   0.00022   19.1   0.1   2   2    0.0021      0.12   10.1   0.1   134   275    89   221    86   232 0.57 -
scaffold14.g1247.t1  -            888 1282at3041           -            312   0.00024   19.0   0.0   1   1   6.5e-06   0.00038   18.3   0.0   110   154   472   517   435   537 0.86 -
scaffold4.g4796.t1   -            461 1282at3041           -            312   0.00031   18.6   0.2   1   3       7.1   4.2e+02   -1.5   0.0     4    36    49    83    47    89 0.73 -
scaffold4.g4796.t1   -            461 1282at3041           -            312   0.00031   18.6   0.2   2   3     0.044       2.6    5.7   0.0     3    59    88   147    86   152 0.84 -
scaffold4.g4796.t1   -            461 1282at3041           -            312   0.00031   18.6   0.2   3   3     0.014      0.81    7.4   0.1   181   210   220   249   168   296 0.64 -
scaffold18.g1926.t1  -            577 1282at3041           -            312   0.00067   17.5   0.0   1   1     3e-05    0.0018   16.2   0.0     7    67   323   382   317   407 0.81 -
scaffold2.g6860.t1   -            544 1282at3041           -            312    0.0012   16.7   0.1   1   3      0.45        26    2.4   0.0    11    66   219   273   217   280 0.84 -
scaffold2.g6860.t1   -            544 1282at3041           -            312    0.0012   16.7   0.1   2   3    0.0028      0.16    9.7   0.0   113   155   355   398   348   437 0.91 -
scaffold2.g6860.t1   -            544 1282at3041           -            312    0.0012   16.7   0.1   3   3       1.8   1.1e+02    0.5   0.1   243   269   448   474   402   503 0.78 -
scaffold10.g2361.t1  -           1816 1282at3041           -            312    0.0016   16.3   0.0   1   2     0.013      0.74    7.5   0.0    11    66  1043  1098  1039  1110 0.87 -
scaffold10.g2361.t1  -           1816 1282at3041           -            312    0.0016   16.3   0.0   2   2     0.028       1.6    6.4   0.0   133   201  1169  1235  1158  1293 0.91 -
scaffold4.g4733.t1   -           1136 1282at3041           -            312    0.0034   15.2   0.0   1   1   0.00014    0.0084   13.9   0.0   184   263  1041  1115  1021  1127 0.86 -
scaffold6.g2837.t1   -            584 1282at3041           -            312    0.0066   14.3   0.0   1   2    0.0076      0.45    8.3   0.0   169   204   230   267   218   274 0.85 -
scaffold6.g2837.t1   -            584 1282at3041           -            312    0.0066   14.3   0.0   2   2       0.2        12    3.6   0.0   247   276   342   371   334   378 0.89 -
scaffold3.g6213.t1   -            771 1282at3041           -            312    0.0068   14.2   0.0   1   2    0.0021      0.12   10.1   0.0   112   154   579   627   468   640 0.70 -
scaffold3.g6213.t1   -            771 1282at3041           -            312    0.0068   14.2   0.0   2   2       1.9   1.1e+02    0.4   0.0   183   209   681   707   669   717 0.86 -
scaffold24.g2964.t1  -            455 1282at3041           -            312     0.007   14.2   0.2   1   2   0.00058     0.034   11.9   0.1   145   200   142   193   110   200 0.85 -
scaffold24.g2964.t1  -            455 1282at3041           -            312     0.007   14.2   0.2   2   2         4   2.3e+02   -0.7   0.0   244   269   209   234   198   237 0.85 -
scaffold7.g3705.t1   -           1401 1282at3041           -            312     0.011   13.5   0.2   1   1   0.00063     0.037   11.8   0.0   121   202   866   952   859   964 0.79 -
scaffold10.g2246.t1  -           1063 1282at3041           -            312     0.059   11.1   0.2   1   1    0.0029      0.17    9.6   0.0   115   153   880   921   864   925 0.85 -
scaffold2.g7480.t1   -           1468 1282at3041           -            312     0.077   10.8   0.0   1   1    0.0022      0.13   10.0   0.0    49   136   568   658   561   678 0.81 -
scaffold3.g6671.t1   -           2532 1282at3041           -            312     0.099   10.4   0.0   1   1     0.003      0.18    9.6   0.0   184   211  2022  2049  2018  2111 0.71 -
#
# Program:         hmmsearch
# Version:         3.1b2 (February 2015)
# Pipeline mode:   SEARCH
# Query file:      /Users/catrionaharrison/Documents/Bioinformatics/rp2/Data/genomes/busco/busco_downloads/lineages/chlorophyta_odb10/hmms/1282at3041.hmm
# Target file:     /Users/catrionaharrison/Documents/Bioinformatics/rp2/Data/genomes/busco/data/a99.prot.fasta
# Option settings: hmmsearch --domtblout /Users/catrionaharrison/Documents/Bioinformatics/rp2/Data/genomes/busco/Busco_a99/run_chlorophyta_odb10/hmmer_output/initial_run_results/1282at3041.out --cpu 1 /Users/catrionaharrison/Documents/Bioinformatics/rp2/Data/genomes/busco/busco_downloads/lineages/chlorophyta_odb10/hmms/1282at3041.hmm /Users/catrionaharrison/Documents/Bioinformatics/rp2/Data/genomes/busco/data/a99.prot.fasta 
# Current dir:     /Users/catrionaharrison/Documents/Bioinformatics/rp2/Data/genomes/busco
# Date:            Fri Jul 22 14:45:20 2022
# [ok]
