#                                                                            --- full sequence --- -------------- this domain -------------   hmm coord   ali coord   env coord
# target name        accession   tlen query name           accession   qlen   E-value  score  bias   #  of  c-Evalue  i-Evalue  score  bias  from    to  from    to  from    to  acc description of target
#------------------- ---------- ----- -------------------- ---------- ----- --------- ------ ----- --- --- --------- --------- ------ ----- ----- ----- ----- ----- ----- ----- ---- ---------------------
scaffold9.g3123.t1   -            395 1477at3041           -            321   2.2e-58  196.7   1.1   1   1   1.8e-60   3.9e-58  195.9   1.1     9   320    28   371    22   372 0.80 -
scaffold6.g2507.t1   -            410 1477at3041           -            321   1.4e-57  194.1   0.1   1   1   8.9e-60     2e-57  193.6   0.1     6   320    35   381    30   382 0.81 -
scaffold30.g4464.t1  -            317 1477at3041           -            321   2.9e-55  186.5   4.9   1   3   7.1e-14   1.6e-11   42.8   0.0     2    36   107   142   106   145 0.92 -
scaffold30.g4464.t1  -            317 1477at3041           -            321   2.9e-55  186.5   4.9   2   3   2.8e-13   6.2e-11   40.8   0.3    89   131   154   207   152   209 0.85 -
scaffold30.g4464.t1  -            317 1477at3041           -            321   2.9e-55  186.5   4.9   3   3   1.8e-32   3.9e-30  103.9   0.1   260   321   209   275   205   275 0.92 -
scaffold5.g957.t1    -            293 1477at3041           -            321   6.1e-41  139.4   1.0   1   2   3.5e-20   7.6e-18   63.5   0.0    22   127     3   123     1   129 0.77 -
scaffold5.g957.t1    -            293 1477at3041           -            321   6.1e-41  139.4   1.0   2   2   1.5e-23   3.2e-21   74.6   0.2   216   320   155   261   137   262 0.86 -
scaffold1.g5469.t1   -           1409 1477at3041           -            321     1e-40  138.7   0.0   1   1   7.9e-43   1.7e-40  137.9   0.0     9   318   493   842   488   844 0.77 -
scaffold2.g6983.t1   -            522 1477at3041           -            321     4e-39  133.5   3.8   1   2   1.9e-13   4.1e-11   41.4   0.0    18   101    55   140    41   147 0.82 -
scaffold2.g6983.t1   -            522 1477at3041           -            321     4e-39  133.5   3.8   2   2   5.7e-28   1.3e-25   89.1   2.2   112   319   230   484   224   486 0.72 -
scaffold18.g1964.t1  -            572 1477at3041           -            321   1.6e-37  128.2   0.0   1   1   1.6e-39   3.6e-37  127.0   0.0     8   319   132   481   127   483 0.77 -
scaffold6.g2616.t1   -           1351 1477at3041           -            321   9.2e-37  125.7   0.1   1   2     1e-18   2.2e-16   58.7   0.0     6   158    13   185     8   189 0.76 -
scaffold6.g2616.t1   -           1351 1477at3041           -            321   9.2e-37  125.7   0.1   2   2   1.5e-20   3.3e-18   64.7   0.1   163   320   221   394   217   395 0.79 -
scaffold2.g7182.t1   -           1158 1477at3041           -            321   2.4e-31  107.9   0.0   1   1   2.1e-33   4.6e-31  107.0   0.0    47   318   106   419    94   422 0.75 -
scaffold8.g1367.t1   -            680 1477at3041           -            321   5.7e-31  106.7   4.9   1   2   1.4e-17   3.1e-15   55.0   1.7    28   188   148   345   141   360 0.67 -
scaffold8.g1367.t1   -            680 1477at3041           -            321   5.7e-31  106.7   4.9   2   2     1e-15   2.2e-13   48.9   0.1   239   319   511   592   498   594 0.82 -
scaffold21.g2207.t1  -            946 1477at3041           -            321   4.5e-29  100.4   0.0   1   2       2.3     5e+02   -1.6   0.0     6    37   250   281   246   282 0.92 -
scaffold21.g2207.t1  -            946 1477at3041           -            321   4.5e-29  100.4   0.0   2   2     5e-30   1.1e-27   95.9   0.0    31   319   325   666   322   668 0.71 -
scaffold3.g6512.t1   -           1253 1477at3041           -            321   2.1e-28   98.2   0.0   1   2   1.5e-17   3.3e-15   54.9   0.0    29   202    36   237    10   242 0.74 -
scaffold3.g6512.t1   -           1253 1477at3041           -            321   2.1e-28   98.2   0.0   2   2   1.5e-12   3.2e-10   38.5   0.0   218   320   289   393   284   394 0.86 -
scaffold37.g4387.t1  -            390 1477at3041           -            321   2.3e-28   98.1   0.0   1   1     7e-30   1.5e-27   95.4   0.0    44   318     5   288     1   291 0.79 -
scaffold6.g2763.t1   -           1319 1477at3041           -            321   3.3e-28   97.6   0.0   1   2     1e-18   2.3e-16   58.7   0.0     7   174    54   246    49   255 0.74 -
scaffold6.g2763.t1   -           1319 1477at3041           -            321   3.3e-28   97.6   0.0   2   2   6.5e-12   1.4e-09   36.4   0.0   238   319   296   378   268   380 0.72 -
scaffold11.g3990.t1  -            891 1477at3041           -            321   3.4e-27   94.2   3.0   1   4   6.5e-10   1.4e-07   29.8   0.0    25   105   429   522   412   562 0.78 -
scaffold11.g3990.t1  -            891 1477at3041           -            321   3.4e-27   94.2   3.0   2   4       8.4   1.8e+03   -3.4   0.0   132   144   600   612   592   616 0.81 -
scaffold11.g3990.t1  -            891 1477at3041           -            321   3.4e-27   94.2   3.0   3   4       1.9   4.2e+02   -1.3   0.0   112   132   697   717   689   734 0.86 -
scaffold11.g3990.t1  -            891 1477at3041           -            321   3.4e-27   94.2   3.0   4   4   6.6e-20   1.4e-17   62.6   0.5   219   321   738   842   724   842 0.87 -
scaffold5.g706.t1    -           1063 1477at3041           -            321   1.5e-24   85.6   0.3   1   2   2.9e-12   6.2e-10   37.5   0.0    28   144   277   413   267   431 0.78 -
scaffold5.g706.t1    -           1063 1477at3041           -            321   1.5e-24   85.6   0.3   2   2   8.2e-15   1.8e-12   45.9   0.2   239   319   526   608   524   610 0.82 -
scaffold3.g6649.t1   -           1031 1477at3041           -            321   4.2e-23   80.8   0.0   1   3   1.7e-08   3.7e-06   25.1   0.0    10    68   173   231   167   238 0.91 -
scaffold3.g6649.t1   -           1031 1477at3041           -            321   4.2e-23   80.8   0.0   2   3   5.8e-06    0.0013   16.8   0.0    73   150   285   382   277   405 0.69 -
scaffold3.g6649.t1   -           1031 1477at3041           -            321   4.2e-23   80.8   0.0   3   3   1.9e-11   4.2e-09   34.8   0.0   218   320   639   743   629   744 0.84 -
scaffold10.g2312.t1  -            576 1477at3041           -            321   4.4e-20   70.9   0.0   1   2     1e-13   2.3e-11   42.3   0.0     9   189   151   363   145   383 0.76 -
scaffold10.g2312.t1  -            576 1477at3041           -            321   4.4e-20   70.9   0.0   2   2   1.3e-08   2.7e-06   25.6   0.1   265   316   397   446   386   450 0.77 -
scaffold14.g1294.t1  -            647 1477at3041           -            321   1.9e-19   68.8   0.0   1   1   5.5e-21   1.2e-18   66.2   0.0     4   319    73   418    70   420 0.74 -
scaffold17.g577.t1   -           1059 1477at3041           -            321   3.3e-18   64.7   0.1   1   3   9.6e-10   2.1e-07   29.2   0.0    12    90   107   200   101   204 0.75 -
scaffold17.g577.t1   -           1059 1477at3041           -            321   3.3e-18   64.7   0.1   2   3       1.6   3.6e+02   -1.1   0.0   131   145   281   295   271   302 0.79 -
scaffold17.g577.t1   -           1059 1477at3041           -            321   3.3e-18   64.7   0.1   3   3   1.6e-10   3.5e-08   31.8   0.0   219   320   415   507   336   508 0.61 -
scaffold5.g722.t1    -           1192 1477at3041           -            321   3.3e-18   64.7   0.1   1   4       2.2   4.7e+02   -1.5   0.0    24    58   163   196   156   199 0.85 -
scaffold5.g722.t1    -           1192 1477at3041           -            321   3.3e-18   64.7   0.1   2   4       3.5   7.6e+02   -2.2   0.0    55    75   214   234   206   236 0.79 -
scaffold5.g722.t1    -           1192 1477at3041           -            321   3.3e-18   64.7   0.1   3   4       1.6   3.6e+02   -1.1   0.0    73    93   267   287   263   291 0.83 -
scaffold5.g722.t1    -           1192 1477at3041           -            321   3.3e-18   64.7   0.1   4   4   3.2e-19   7.1e-17   60.4   0.0   130   317   345   565   337   569 0.76 -
scaffold4.g4705.t1   -            945 1477at3041           -            321   1.1e-17   63.0   0.0   1   2   4.9e-09   1.1e-06   26.9   0.0    18   144   217   373   207   387 0.70 -
scaffold4.g4705.t1   -            945 1477at3041           -            321   1.1e-17   63.0   0.0   2   2   6.3e-11   1.4e-08   33.1   0.0   220   318   511   611   489   614 0.87 -
scaffold12.g8058.t1  -            689 1477at3041           -            321   1.2e-14   53.0   0.0   1   4   3.2e-08     7e-06   24.2   0.0    25   110    18   107     2   119 0.78 -
scaffold12.g8058.t1  -            689 1477at3041           -            321   1.2e-14   53.0   0.0   2   4   0.00084      0.18    9.7   0.0   108   180   137   219   130   224 0.72 -
scaffold12.g8058.t1  -            689 1477at3041           -            321   1.2e-14   53.0   0.0   3   4      0.22        48    1.8   0.0   251   279   337   365   299   369 0.69 -
scaffold12.g8058.t1  -            689 1477at3041           -            321   1.2e-14   53.0   0.0   4   4    0.0002     0.044   11.8   0.0   283   319   420   451   400   453 0.70 -
scaffold9.g3266.t1   -            821 1477at3041           -            321   2.4e-14   52.0   0.0   1   2   2.3e-08     5e-06   24.7   0.0    29    89    57   127    41   139 0.81 -
scaffold9.g3266.t1   -            821 1477at3041           -            321   2.4e-14   52.0   0.0   2   2   1.9e-08   4.2e-06   24.9   0.0   219   319   414   519   388   521 0.76 -
scaffold9.g3037.t1   -           1077 1477at3041           -            321     1e-13   50.0   0.0   1   2   5.2e-09   1.1e-06   26.8   0.0     7    89   418   509   412   512 0.80 -
scaffold9.g3037.t1   -           1077 1477at3041           -            321     1e-13   50.0   0.0   2   2   4.6e-07    0.0001   20.4   0.0   249   316   836   901   826   906 0.82 -
scaffold14.g1159.t1  -            562 1477at3041           -            321   1.7e-13   49.2   0.1   1   2   8.7e-06    0.0019   16.2   0.0     9   174    69   277    60   295 0.63 -
scaffold14.g1159.t1  -            562 1477at3041           -            321   1.7e-13   49.2   0.1   2   2   1.6e-08   3.6e-06   25.2   0.0   219   321   401   505   377   505 0.72 -
scaffold9.g3148.t1   -           2152 1477at3041           -            321   1.1e-11   43.3   0.2   1   4     9e-07    0.0002   19.5   0.0     6    72  1467  1532  1463  1538 0.87 -
scaffold9.g3148.t1   -           2152 1477at3041           -            321   1.1e-11   43.3   0.2   2   4       1.4     3e+02   -0.9   0.0    38    55  1773  1790  1767  1793 0.87 -
scaffold9.g3148.t1   -           2152 1477at3041           -            321   1.1e-11   43.3   0.2   3   4   8.6e-05     0.019   13.0   0.0   238   280  1911  1956  1860  1958 0.83 -
scaffold9.g3148.t1   -           2152 1477at3041           -            321   1.1e-11   43.3   0.2   4   4     0.016       3.4    5.5   0.0   296   320  1997  2021  1985  2022 0.86 -
scaffold10.g2296.t1  -            874 1477at3041           -            321   1.2e-10   39.9   0.0   1   2   7.5e-08   1.6e-05   23.0   0.0     9   144    79   253    72   262 0.69 -
scaffold10.g2296.t1  -            874 1477at3041           -            321   1.2e-10   39.9   0.0   2   2   6.3e-05     0.014   13.4   0.0   266   318   348   399   341   402 0.80 -
scaffold13.g347.t1   -            507 1477at3041           -            321   2.3e-10   38.9   0.2   1   2    0.0075       1.6    6.6   0.0    74    99    58    83    49   153 0.68 -
scaffold13.g347.t1   -            507 1477at3041           -            321   2.3e-10   38.9   0.2   2   2   7.1e-10   1.6e-07   29.7   0.1   265   319   357   409   351   411 0.87 -
scaffold13.g230.t1   -            587 1477at3041           -            321   3.2e-09   35.2   0.2   1   3   1.6e-06   0.00034   18.7   0.1     2    69    14    81    13   167 0.88 -
scaffold13.g230.t1   -            587 1477at3041           -            321   3.2e-09   35.2   0.2   2   3       6.2   1.4e+03   -3.0   0.0   132   144   187   199   175   211 0.77 -
scaffold13.g230.t1   -            587 1477at3041           -            321   3.2e-09   35.2   0.2   3   3   8.8e-05     0.019   12.9   0.0   266   318   451   501   436   503 0.82 -
scaffold3.g6189.t1   -            529 1477at3041           -            321   6.3e-09   34.2   0.1   1   2   9.9e-08   2.2e-05   22.6   0.0     4   146    91   269    88   298 0.66 -
scaffold3.g6189.t1   -            529 1477at3041           -            321   6.3e-09   34.2   0.1   2   2    0.0024      0.51    8.2   0.0   266   318   441   491   435   494 0.77 -
scaffold4.g4684.t1   -            369 1477at3041           -            321   2.6e-07   28.9   0.2   1   3   3.9e-06   0.00086   17.4   0.0    11    72    92   152    86   156 0.86 -
scaffold4.g4684.t1   -            369 1477at3041           -            321   2.6e-07   28.9   0.2   2   3      0.14        30    2.5   0.0   112   130   206   224   202   228 0.89 -
scaffold4.g4684.t1   -            369 1477at3041           -            321   2.6e-07   28.9   0.2   3   3     0.016       3.5    5.5   0.1   261   281   231   251   225   262 0.82 -
scaffold21.g2087.t1  -           1824 1477at3041           -            321     6e-07   27.7   0.1   1   2   0.00028     0.061   11.3   0.0    45   101  1394  1451  1376  1460 0.84 -
scaffold21.g2087.t1  -           1824 1477at3041           -            321     6e-07   27.7   0.1   2   2   3.8e-05    0.0083   14.1   0.0   242   310  1641  1711  1624  1720 0.67 -
scaffold8.g1671.t1   -            556 1477at3041           -            321   1.7e-06   26.3   0.1   1   2    0.0019       0.4    8.6   0.0   110   149    20    63    11    75 0.74 -
scaffold8.g1671.t1   -            556 1477at3041           -            321   1.7e-06   26.3   0.1   2   2   2.7e-05    0.0059   14.6   0.0   250   319   168   224   159   226 0.85 -
scaffold2.g6918.t1   -            396 1477at3041           -            321   2.7e-05   22.3   0.0   1   1     2e-07   4.4e-05   21.6   0.0    36    98   300   372   265   381 0.72 -
scaffold11.g3881.t1  -           1697 1477at3041           -            321   0.00019   19.5   0.4   1   2       5.7   1.2e+03   -2.9   0.0    75    91   157   173   134   187 0.70 -
scaffold11.g3881.t1  -           1697 1477at3041           -            321   0.00019   19.5   0.4   2   2   2.2e-06   0.00048   18.2   0.0   218   310   462   553   447   563 0.82 -
scaffold21.g2196.t1  -           2127 1477at3041           -            321     0.042   11.8   0.0   1   1    0.0003     0.066   11.2   0.0   250   292   550   595   514   608 0.80 -
scaffold13.g213.t1   -           2350 1477at3041           -            321     0.049   11.6   0.3   1   3    0.0071       1.5    6.7   0.0    28    71   538   581   532   594 0.91 -
scaffold13.g213.t1   -           2350 1477at3041           -            321     0.049   11.6   0.3   2   3       4.8     1e+03   -2.6   0.0    48    86  1440  1481  1434  1485 0.68 -
scaffold13.g213.t1   -           2350 1477at3041           -            321     0.049   11.6   0.3   3   3      0.19        42    1.9   0.0   251   319  1723  1801  1705  1803 0.76 -
#
# Program:         hmmsearch
# Version:         3.1b2 (February 2015)
# Pipeline mode:   SEARCH
# Query file:      /Users/catrionaharrison/Documents/Bioinformatics/rp2/Data/genomes/busco/busco_downloads/lineages/chlorophyta_odb10/hmms/1477at3041.hmm
# Target file:     /Users/catrionaharrison/Documents/Bioinformatics/rp2/Data/genomes/busco/data/a99.prot.fasta
# Option settings: hmmsearch --domtblout /Users/catrionaharrison/Documents/Bioinformatics/rp2/Data/genomes/busco/Busco_a99/run_chlorophyta_odb10/hmmer_output/initial_run_results/1477at3041.out --cpu 1 /Users/catrionaharrison/Documents/Bioinformatics/rp2/Data/genomes/busco/busco_downloads/lineages/chlorophyta_odb10/hmms/1477at3041.hmm /Users/catrionaharrison/Documents/Bioinformatics/rp2/Data/genomes/busco/data/a99.prot.fasta 
# Current dir:     /Users/catrionaharrison/Documents/Bioinformatics/rp2/Data/genomes/busco
# Date:            Fri Jul 22 14:46:10 2022
# [ok]
