#                                                                            --- full sequence --- -------------- this domain -------------   hmm coord   ali coord   env coord
# target name        accession   tlen query name           accession   qlen   E-value  score  bias   #  of  c-Evalue  i-Evalue  score  bias  from    to  from    to  from    to  acc description of target
#------------------- ---------- ----- -------------------- ---------- ----- --------- ------ ----- --- --- --------- --------- ------ ----- ----- ----- ----- ----- ----- ----- ---- ---------------------
scaffold13.g275.t1   -           2075 1490at3041           -            406    5e-208  689.5   7.1   1   1  1.1e-207  8.9e-206  682.1   7.1     1   395     1   435     1   442 0.93 -
scaffold13.g346.t1   -            398 1490at3041           -            406     9e-29   99.2  12.6   1   7   1.7e-06   0.00014   19.5   0.0    78   130   104   158    92   158 0.89 -
scaffold13.g346.t1   -            398 1490at3041           -            406     9e-29   99.2  12.6   2   7   5.3e-05    0.0045   14.5   0.1    78   115   144   182   140   185 0.89 -
scaffold13.g346.t1   -            398 1490at3041           -            406     9e-29   99.2  12.6   3   7     9e-06   0.00076   17.1   0.0    64   113   173   220   172   226 0.79 -
scaffold13.g346.t1   -            398 1490at3041           -            406     9e-29   99.2  12.6   4   7   1.5e-10   1.3e-08   32.8   0.6    78   131   224   279   220   282 0.88 -
scaffold13.g346.t1   -            398 1490at3041           -            406     9e-29   99.2  12.6   5   7   3.5e-05    0.0029   15.1   0.0   308   344   263   299   260   303 0.87 -
scaffold13.g346.t1   -            398 1490at3041           -            406     9e-29   99.2  12.6   6   7     0.043       3.7    5.0   0.1   308   328   303   323   296   335 0.79 -
scaffold13.g346.t1   -            398 1490at3041           -            406     9e-29   99.2  12.6   7   7   3.9e-07   3.3e-05   21.6   0.1    63   130   332   398   324   398 0.84 -
scaffold24.g2946.t1  -           1328 1490at3041           -            406   6.1e-26   89.8  37.9   1  11    0.0042      0.35    8.3   0.1    67   118   546   597   534   600 0.77 -
scaffold24.g2946.t1  -           1328 1490at3041           -            406   6.1e-26   89.8  37.9   2  11     2e-08   1.7e-06   25.8   0.6    80   135   600   659   598   666 0.88 -
scaffold24.g2946.t1  -           1328 1490at3041           -            406   6.1e-26   89.8  37.9   3  11    0.0017      0.14    9.6   0.2    80   111   642   674   640   685 0.79 -
scaffold24.g2946.t1  -           1328 1490at3041           -            406   6.1e-26   89.8  37.9   4  11   3.4e-07   2.9e-05   21.8   1.4    64   146   673   759   667   765 0.81 -
scaffold24.g2946.t1  -           1328 1490at3041           -            406   6.1e-26   89.8  37.9   5  11   1.1e-06     9e-05   20.1   0.8    81   140   731   794   729   810 0.83 -
scaffold24.g2946.t1  -           1328 1490at3041           -            406   6.1e-26   89.8  37.9   6  11    0.0073      0.62    7.5   0.3    81   126   773   822   752   853 0.59 -
scaffold24.g2946.t1  -           1328 1490at3041           -            406   6.1e-26   89.8  37.9   7  11   3.2e-06   0.00027   18.5   0.3    81   140   858   919   847   931 0.85 -
scaffold24.g2946.t1  -           1328 1490at3041           -            406   6.1e-26   89.8  37.9   8  11     0.028       2.4    5.6   0.0   302   334   930   962   922   971 0.85 -
scaffold24.g2946.t1  -           1328 1490at3041           -            406   6.1e-26   89.8  37.9   9  11     0.017       1.5    6.3   0.2    80   152   939  1016   934  1027 0.73 -
scaffold24.g2946.t1  -           1328 1490at3041           -            406   6.1e-26   89.8  37.9  10  11    0.0036       0.3    8.5   0.3    80   136  1066  1126  1057  1133 0.78 -
scaffold24.g2946.t1  -           1328 1490at3041           -            406   6.1e-26   89.8  37.9  11  11   6.8e-05    0.0058   14.2   0.1    64   139  1134  1213  1125  1217 0.82 -
scaffold8.g1715.t1   -            522 1490at3041           -            406   7.5e-20   69.8   4.1   1   5   5.3e-07   4.5e-05   21.1   0.0   256   333   135   214   119   219 0.88 -
scaffold8.g1715.t1   -            522 1490at3041           -            406   7.5e-20   69.8   4.1   2   5   1.1e-06   9.5e-05   20.1   0.3    63   136   238   315   228   337 0.74 -
scaffold8.g1715.t1   -            522 1490at3041           -            406   7.5e-20   69.8   4.1   3   5      0.93        79    0.6   0.0   311   331   375   395   356   412 0.77 -
scaffold8.g1715.t1   -            522 1490at3041           -            406   7.5e-20   69.8   4.1   4   5   2.9e-07   2.4e-05   22.0   0.2   261   328   414   483   396   490 0.86 -
scaffold8.g1715.t1   -            522 1490at3041           -            406   7.5e-20   69.8   4.1   5   5   1.6e-05    0.0014   16.2   0.1   255   324   450   521   442   522 0.74 -
scaffold5.g976.t1    -            467 1490at3041           -            406   2.5e-19   68.1   4.9   1   3   1.2e-08     1e-06   26.5   0.2    63   133    18    90    11    98 0.76 -
scaffold5.g976.t1    -            467 1490at3041           -            406   2.5e-19   68.1   4.9   2   3   9.2e-12   7.8e-10   36.8   0.6   101   205    98   220    91   223 0.77 -
scaffold5.g976.t1    -            467 1490at3041           -            406   2.5e-19   68.1   4.9   3   3     0.028       2.4    5.6   0.0    91   136   223   272   220   291 0.81 -
scaffold16.g1.t1     -           1348 1490at3041           -            406   1.5e-17   62.2  17.3   1   5      0.12        10    3.5   0.0   299   329    61    91    58   100 0.87 -
scaffold16.g1.t1     -           1348 1490at3041           -            406   1.5e-17   62.2  17.3   2   5     0.002      0.17    9.3   0.1    78   116   113   152    98   156 0.81 -
scaffold16.g1.t1     -           1348 1490at3041           -            406   1.5e-17   62.2  17.3   3   5   1.7e-09   1.4e-07   29.4   0.3    63   132   141   213   136   222 0.80 -
scaffold16.g1.t1     -           1348 1490at3041           -            406   1.5e-17   62.2  17.3   4   5     0.045       3.8    4.9   1.2    78   135   454   520   446   539 0.79 -
scaffold16.g1.t1     -           1348 1490at3041           -            406   1.5e-17   62.2  17.3   5   5   6.3e-08   5.3e-06   24.2   2.0    72   201   544   696   533   703 0.70 -
scaffold21.g2086.t1  -            898 1490at3041           -            406     5e-17   60.5   0.1   1   5    0.0015      0.12    9.8   0.0   168   200   123   154   115   168 0.84 -
scaffold21.g2086.t1  -            898 1490at3041           -            406     5e-17   60.5   0.1   2   5   0.00018     0.015   12.8   0.0   250   327   164   244   156   254 0.64 -
scaffold21.g2086.t1  -            898 1490at3041           -            406     5e-17   60.5   0.1   3   5     0.017       1.5    6.3   0.0    63   112   211   260   205   267 0.69 -
scaffold21.g2086.t1  -            898 1490at3041           -            406     5e-17   60.5   0.1   4   5   8.7e-05    0.0074   13.8   0.0    79   135   268   330   265   344 0.74 -
scaffold21.g2086.t1  -            898 1490at3041           -            406     5e-17   60.5   0.1   5   5   6.5e-05    0.0055   14.3   0.0    79   130   361   416   337   424 0.82 -
scaffold18.g1909.t1  -            943 1490at3041           -            406   2.7e-16   58.1   1.2   1   5     0.023       1.9    5.9   0.1    78   117   229   269   181   279 0.83 -
scaffold18.g1909.t1  -            943 1490at3041           -            406   2.7e-16   58.1   1.2   2   5   2.1e-06   0.00018   19.2   0.1    79   150   279   354   271   359 0.82 -
scaffold18.g1909.t1  -            943 1490at3041           -            406   2.7e-16   58.1   1.2   3   5   0.00033     0.028   11.9   0.0   264   326   314   378   311   387 0.70 -
scaffold18.g1909.t1  -            943 1490at3041           -            406   2.7e-16   58.1   1.2   4   5   6.1e-07   5.1e-05   20.9   0.0   240   329   374   466   365   477 0.84 -
scaffold18.g1909.t1  -            943 1490at3041           -            406   2.7e-16   58.1   1.2   5   5      0.03       2.5    5.5   0.0   259   285   478   505   474   527 0.87 -
scaffold3.g6380.t1   -           2990 1490at3041           -            406     3e-16   57.9   6.6   1   5   7.9e-06   0.00067   17.3   0.3    67   133  2088  2157  2065  2164 0.81 -
scaffold3.g6380.t1   -           2990 1490at3041           -            406     3e-16   57.9   6.6   2   5   1.3e-06   0.00011   19.8   0.2    79   133  2141  2199  2136  2204 0.86 -
scaffold3.g6380.t1   -           2990 1490at3041           -            406     3e-16   57.9   6.6   3   5   9.2e-05    0.0078   13.8   0.1    75   137  2179  2245  2168  2275 0.81 -
scaffold3.g6380.t1   -           2990 1490at3041           -            406     3e-16   57.9   6.6   4   5   5.2e-05    0.0044   14.6   0.0   151   324  2484  2668  2482  2676 0.66 -
scaffold3.g6380.t1   -           2990 1490at3041           -            406     3e-16   57.9   6.6   5   5     0.015       1.3    6.5   0.0    63   131  2681  2752  2671  2763 0.70 -
scaffold11.g3979.t1  -            315 1490at3041           -            406   3.2e-16   57.8   3.4   1   3   0.00012      0.01   13.4   0.0   299   328    39    68    33    76 0.89 -
scaffold11.g3979.t1  -            315 1490at3041           -            406   3.2e-16   57.8   3.4   2   3   8.8e-11   7.4e-09   33.6   1.1   183   323    88   230    64   245 0.82 -
scaffold11.g3979.t1  -            315 1490at3041           -            406   3.2e-16   57.8   3.4   3   3    0.0068      0.58    7.6   0.1    82   131   264   315   250   315 0.81 -
scaffold12.g8015.t1  -            676 1490at3041           -            406   3.7e-16   57.6   6.5   1   3       1.6   1.3e+02   -0.2   0.0   297   328   344   375   321   388 0.69 -
scaffold12.g8015.t1  -            676 1490at3041           -            406   3.7e-16   57.6   6.5   2   3   1.1e-10   9.2e-09   33.3   0.2   102   213   403   532   399   544 0.75 -
scaffold12.g8015.t1  -            676 1490at3041           -            406   3.7e-16   57.6   6.5   3   3   2.2e-08   1.9e-06   25.7   0.7    63   136   533   610   528   614 0.85 -
scaffold22.g6071.t1  -            990 1490at3041           -            406   7.7e-16   56.6   0.1   1   2     2e-06   0.00017   19.2   0.1    61   113   323   376   316   377 0.88 -
scaffold22.g6071.t1  -            990 1490at3041           -            406   7.7e-16   56.6   0.1   2   2   4.4e-14   3.7e-12   44.5   0.0   149   369   343   566   333   578 0.80 -
scaffold11.g3868.t1  -            356 1490at3041           -            406   1.2e-15   55.9   0.4   1   2       5.4   4.6e+02   -2.0   0.0   173   202    16    45    11    52 0.61 -
scaffold11.g3868.t1  -            356 1490at3041           -            406   1.2e-15   55.9   0.4   2   2   2.1e-16   1.7e-14   52.1   0.1   173   348    79   261    74   263 0.87 -
scaffold1.g5598.t1   -           1135 1490at3041           -            406     8e-15   53.2   2.9   1   4   0.00093     0.078   10.5   0.0    68   116   171   220   154   249 0.83 -
scaffold1.g5598.t1   -           1135 1490at3041           -            406     8e-15   53.2   2.9   2   4     0.019       1.6    6.1   0.0    79   132   291   349   259   358 0.80 -
scaffold1.g5598.t1   -           1135 1490at3041           -            406     8e-15   53.2   2.9   3   4    0.0045      0.38    8.2   0.1    63   101   554   591   546   606 0.69 -
scaffold1.g5598.t1   -           1135 1490at3041           -            406     8e-15   53.2   2.9   4   4   1.4e-08   1.1e-06   26.4   0.1    65   137   597   672   591   680 0.86 -
scaffold3.g6317.t1   -            829 1490at3041           -            406   4.1e-14   50.9   9.1   1   4   1.8e-05    0.0015   16.1   0.4    63   138   275   353   252   387 0.74 -
scaffold3.g6317.t1   -            829 1490at3041           -            406   4.1e-14   50.9   9.1   2   4    0.0072      0.61    7.5   0.1   258   284   410   436   404   451 0.71 -
scaffold3.g6317.t1   -            829 1490at3041           -            406   4.1e-14   50.9   9.1   3   4   1.3e-05    0.0011   16.6   0.0    73   135   458   524   447   542 0.81 -
scaffold3.g6317.t1   -            829 1490at3041           -            406   4.1e-14   50.9   9.1   4   4   0.00014     0.012   13.1   0.3    66   132   582   653   558   697 0.77 -
scaffold18.g1893.t1  -            419 1490at3041           -            406   7.3e-14   50.1  11.6   1   5     0.029       2.5    5.5   0.1   158   196    67   105    61   116 0.87 -
scaffold18.g1893.t1  -            419 1490at3041           -            406   7.3e-14   50.1  11.6   2   5     0.041       3.5    5.0   0.0    63   113   129   179   121   186 0.65 -
scaffold18.g1893.t1  -            419 1490at3041           -            406   7.3e-14   50.1  11.6   3   5     0.015       1.3    6.5   0.2    70   131   178   244   171   257 0.74 -
scaffold18.g1893.t1  -            419 1490at3041           -            406   7.3e-14   50.1  11.6   4   5   0.00095     0.081   10.4   0.3    62   140   259   343   252   346 0.81 -
scaffold18.g1893.t1  -            419 1490at3041           -            406   7.3e-14   50.1  11.6   5   5   6.1e-10   5.2e-08   30.8   0.2    53   132   336   418   329   419 0.88 -
scaffold25.g5116.t1  -            550 1490at3041           -            406   1.1e-13   49.5   4.3   1   5      0.65        55    1.1   0.0    91   116   187   212   183   215 0.92 -
scaffold25.g5116.t1  -            550 1490at3041           -            406   1.1e-13   49.5   4.3   2   5   2.5e-06   0.00021   18.9   0.1    79   135   216   276   201   291 0.79 -
scaffold25.g5116.t1  -            550 1490at3041           -            406   1.1e-13   49.5   4.3   3   5   0.00093     0.079   10.4   0.1    63   108   285   329   276   340 0.86 -
scaffold25.g5116.t1  -            550 1490at3041           -            406   1.1e-13   49.5   4.3   4   5   1.5e-05    0.0013   16.4   0.0    63   137   365   441   356   459 0.78 -
scaffold25.g5116.t1  -            550 1490at3041           -            406   1.1e-13   49.5   4.3   5   5      0.52        44    1.4   0.0    68   133   454   529   441   536 0.56 -
scaffold1.g5332.t1   -            688 1490at3041           -            406   3.7e-13   47.7   3.0   1   3   0.00089     0.076   10.5   0.7    63   136   377   461   369   477 0.72 -
scaffold1.g5332.t1   -            688 1490at3041           -            406   3.7e-13   47.7   3.0   2   3     8e-08   6.7e-06   23.8   0.6   220   331   435   544   434   552 0.82 -
scaffold1.g5332.t1   -            688 1490at3041           -            406   3.7e-13   47.7   3.0   3   3   2.9e-05    0.0024   15.4   0.0   153   202   626   675   607   680 0.89 -
scaffold18.g1993.t1  -           1401 1490at3041           -            406   1.1e-12   46.2  20.6   1   6   1.5e-05    0.0013   16.3   1.4    78   143    55   125    36   140 0.78 -
scaffold18.g1993.t1  -           1401 1490at3041           -            406   1.1e-12   46.2  20.6   2   6   7.1e-05    0.0061   14.1   0.0    78   134   139   201   125   219 0.80 -
scaffold18.g1993.t1  -           1401 1490at3041           -            406   1.1e-12   46.2  20.6   3   6    0.0029      0.24    8.8   0.1    70   131   269   347   243   357 0.61 -
scaffold18.g1993.t1  -           1401 1490at3041           -            406   1.1e-12   46.2  20.6   4   6    0.0033      0.28    8.6   1.5    78   206   497   634   473   642 0.71 -
scaffold18.g1993.t1  -           1401 1490at3041           -            406   1.1e-12   46.2  20.6   5   6      0.12        10    3.5   0.0   302   328   720   746   708   757 0.85 -
scaffold18.g1993.t1  -           1401 1490at3041           -            406   1.1e-12   46.2  20.6   6   6      0.25        21    2.5   0.0    60    96   754   790   748   799 0.64 -
scaffold12.g8211.t1  -           1145 1490at3041           -            406   1.1e-12   46.2   0.3   1   4   0.00045     0.038   11.5   0.0   298   332   495   529   482   539 0.84 -
scaffold12.g8211.t1  -           1145 1490at3041           -            406   1.1e-12   46.2   0.3   2   4   0.00012     0.011   13.3   0.0    78   138   621   685   604   690 0.78 -
scaffold12.g8211.t1  -           1145 1490at3041           -            406   1.1e-12   46.2   0.3   3   4      0.17        14    3.0   0.0   253   284   740   771   736   781 0.86 -
scaffold12.g8211.t1  -           1145 1490at3041           -            406   1.1e-12   46.2   0.3   4   4   0.00019     0.016   12.7   0.0   273   329   813   871   801   913 0.81 -
scaffold8.g1368.t1   -           1245 1490at3041           -            406   2.8e-12   44.9   0.1   1   2       1.7   1.4e+02   -0.3   0.0   172   203   910   940   899   980 0.79 -
scaffold8.g1368.t1   -           1245 1490at3041           -            406   2.8e-12   44.9   0.1   2   2   2.1e-13   1.8e-11   42.2   0.1   152   283   983  1115   967  1119 0.93 -
scaffold3.g6176.t1   -            520 1490at3041           -            406   4.3e-12   44.3   3.4   1   3      0.24        21    2.5   0.0    79    94   235   250   222   264 0.66 -
scaffold3.g6176.t1   -            520 1490at3041           -            406   4.3e-12   44.3   3.4   2   3   8.7e-07   7.4e-05   20.4   0.0    62   119   269   327   260   330 0.87 -
scaffold3.g6176.t1   -            520 1490at3041           -            406   4.3e-12   44.3   3.4   3   3   6.4e-08   5.4e-06   24.2   0.8   259   328   317   388   315   401 0.83 -
scaffold5.g785.t1    -            496 1490at3041           -            406   5.2e-12   44.0   2.0   1   4      0.18        15    2.9   0.0    62    96    41    75     9    80 0.73 -
scaffold5.g785.t1    -            496 1490at3041           -            406   5.2e-12   44.0   2.0   2   4     0.032       2.7    5.4   0.0    64   116   124   176   116   184 0.77 -
scaffold5.g785.t1    -            496 1490at3041           -            406   5.2e-12   44.0   2.0   3   4   3.6e-05     0.003   15.1   0.3    81   143   185   253   160   258 0.59 -
scaffold5.g785.t1    -            496 1490at3041           -            406   5.2e-12   44.0   2.0   4   4   9.6e-06   0.00082   17.0   0.0    85   154   332   402   325   468 0.87 -
scaffold6.g2688.t1   -            596 1490at3041           -            406   7.1e-12   43.5   1.3   1   1   1.6e-13   1.3e-11   42.6   1.2    63   281   103   340    91   345 0.78 -
scaffold20.g7667.t1  -            393 1490at3041           -            406   1.8e-11   42.2   0.1   1   3     0.055       4.6    4.6   0.0   309   329   173   193   163   201 0.78 -
scaffold20.g7667.t1  -            393 1490at3041           -            406   1.8e-11   42.2   0.1   2   3   1.8e-06   0.00016   19.3   0.0   172   246   209   288   194   289 0.80 -
scaffold20.g7667.t1  -            393 1490at3041           -            406   1.8e-11   42.2   0.1   3   3     9e-06   0.00076   17.1   0.0   153   203   279   330   275   335 0.89 -
scaffold20.g7864.t1  -           1917 1490at3041           -            406   2.8e-11   41.6   2.1   1   2   8.9e-08   7.5e-06   23.7   0.1    80   131  1275  1330  1269  1342 0.87 -
scaffold20.g7864.t1  -           1917 1490at3041           -            406   2.8e-11   41.6   2.1   2   2   8.9e-06   0.00076   17.1   0.2    63   135  1346  1423  1336  1470 0.72 -
scaffold12.g8061.t1  -            692 1490at3041           -            406     9e-11   39.9   7.0   1   3   6.7e-05    0.0057   14.2   0.1    80   134   205   263   197   281 0.85 -
scaffold12.g8061.t1  -            692 1490at3041           -            406     9e-11   39.9   7.0   2   3   0.00018     0.015   12.8   1.0    61   118   303   360   287   434 0.59 -
scaffold12.g8061.t1  -            692 1490at3041           -            406     9e-11   39.9   7.0   3   3   0.00013     0.011   13.3   0.0    56   133   607   684   586   690 0.83 -
scaffold2.g7199.t1   -            503 1490at3041           -            406   1.1e-10   39.6   2.2   1   1     3e-12   2.5e-10   38.4   2.2    65   283   233   472   223   487 0.77 -
scaffold4.g4598.t1   -           1219 1490at3041           -            406     4e-10   37.8   3.0   1   2   3.5e-06    0.0003   18.4   0.1    70   137   961  1033   928  1038 0.71 -
scaffold4.g4598.t1   -           1219 1490at3041           -            406     4e-10   37.8   3.0   2   2     2e-09   1.7e-07   29.1   0.5   152   283   978  1111   964  1116 0.92 -
scaffold2.g7037.t1   -            217 1490at3041           -            406   8.2e-10   36.7   2.7   1   2   9.5e-06   0.00081   17.0   0.2    78   135    35    97    21   105 0.79 -
scaffold2.g7037.t1   -            217 1490at3041           -            406   8.2e-10   36.7   2.7   2   2   1.5e-06   0.00013   19.6   0.2   264   329   122   189   103   206 0.53 -
scaffold20.g7761.t1  -           1330 1490at3041           -            406   1.1e-09   36.4   6.3   1   3     1e-05   0.00084   16.9   0.4    79   140   451   513   433   562 0.84 -
scaffold20.g7761.t1  -           1330 1490at3041           -            406   1.1e-09   36.4   6.3   2   3   3.7e-05    0.0031   15.1   0.1    64   135   613   683   600   707 0.79 -
scaffold20.g7761.t1  -           1330 1490at3041           -            406   1.1e-09   36.4   6.3   3   3     0.027       2.3    5.6   0.1    76   134   730   798   702   816 0.68 -
scaffold3.g6376.t1   -            447 1490at3041           -            406   1.1e-09   36.4   0.4   1   3       2.1   1.8e+02   -0.6   0.0    63    95   150   182   138   190 0.61 -
scaffold3.g6376.t1   -            447 1490at3041           -            406   1.1e-09   36.4   0.4   2   3   1.9e-07   1.6e-05   22.6   0.1   174   247   262   338   234   340 0.76 -
scaffold3.g6376.t1   -            447 1490at3041           -            406   1.1e-09   36.4   0.4   3   3    0.0011     0.097   10.1   0.0   165   204   343   382   339   392 0.89 -
scaffold17.g459.t1   -            494 1490at3041           -            406   1.8e-09   35.6   6.7   1   4   0.00015     0.013   13.1   0.0    60   131   151   225   131   228 0.79 -
scaffold17.g459.t1   -            494 1490at3041           -            406   1.8e-09   35.6   6.7   2   4       1.4   1.2e+02   -0.1   0.0    62   100   241   280   234   304 0.79 -
scaffold17.g459.t1   -            494 1490at3041           -            406   1.8e-09   35.6   6.7   3   4    0.0088      0.75    7.2   0.5   102   151   328   379   322   381 0.69 -
scaffold17.g459.t1   -            494 1490at3041           -            406   1.8e-09   35.6   6.7   4   4   2.7e-06   0.00023   18.8   0.3    62   133   369   449   365   456 0.82 -
scaffold8.g1615.t1   -            525 1490at3041           -            406   2.4e-09   35.2   3.0   1   3   7.3e-09   6.2e-07   27.3   0.9   217   330    47   161    35   166 0.74 -
scaffold8.g1615.t1   -            525 1490at3041           -            406   2.4e-09   35.2   3.0   2   3     0.022       1.8    5.9   0.0    63   118   168   223   160   263 0.63 -
scaffold8.g1615.t1   -            525 1490at3041           -            406   2.4e-09   35.2   3.0   3   3       2.7   2.3e+02   -1.0   0.0    81   116   226   263   204   290 0.77 -
scaffold1.g5201.t1   -            913 1490at3041           -            406   2.7e-09   35.0   1.6   1   3   0.00078     0.066   10.7   0.0    80   131    24    79     5    80 0.83 -
scaffold1.g5201.t1   -            913 1490at3041           -            406   2.7e-09   35.0   1.6   2   3   1.4e-09   1.2e-07   29.6   0.7    80   209    66   202    59   238 0.80 -
scaffold1.g5201.t1   -            913 1490at3041           -            406   2.7e-09   35.0   1.6   3   3       8.8   7.5e+02   -2.7   0.0   177   211   288   323   276   336 0.68 -
scaffold9.g3289.t1   -            387 1490at3041           -            406   3.3e-09   34.8   3.0   1   2   2.9e-06   0.00024   18.7   1.1    60   131   114   192    93   200 0.80 -
scaffold9.g3289.t1   -            387 1490at3041           -            406   3.3e-09   34.8   3.0   2   2   2.5e-05    0.0022   15.6   0.0    60   131   204   280   197   310 0.75 -
scaffold2.g7257.t1   -            559 1490at3041           -            406   8.3e-09   33.4   1.5   1   3   0.00013     0.011   13.3   0.1    64   129   244   311   233   331 0.66 -
scaffold2.g7257.t1   -            559 1490at3041           -            406   8.3e-09   33.4   1.5   2   3     9e-05    0.0076   13.8   0.1    78   142   353   425   343   466 0.73 -
scaffold2.g7257.t1   -            559 1490at3041           -            406   8.3e-09   33.4   1.5   3   3      0.12        10    3.5   0.0    99   132   499   535   488   543 0.75 -
scaffold1.g5430.t1   -           1258 1490at3041           -            406   1.3e-08   32.8   0.9   1   4      0.21        18    2.7   0.0   251   283    43    76    35    81 0.77 -
scaffold1.g5430.t1   -           1258 1490at3041           -            406   1.3e-08   32.8   0.9   2   4    0.0049      0.42    8.1   0.0    99   144    87   136    78   143 0.83 -
scaffold1.g5430.t1   -           1258 1490at3041           -            406   1.3e-08   32.8   0.9   3   4    0.0084      0.71    7.3   0.1   254   326   137   217   127   224 0.73 -
scaffold1.g5430.t1   -           1258 1490at3041           -            406   1.3e-08   32.8   0.9   4   4    0.0002     0.017   12.6   0.1    82   201   204   330   201   347 0.71 -
scaffold9.g3281.t1   -            494 1490at3041           -            406   1.8e-08   32.3   4.6   1   3   1.4e-07   1.2e-05   23.0   0.0    78   133    97   157    86   165 0.87 -
scaffold9.g3281.t1   -            494 1490at3041           -            406   1.8e-08   32.3   4.6   2   3    0.0076      0.65    7.4   0.3    63   125   209   274   202   278 0.73 -
scaffold9.g3281.t1   -            494 1490at3041           -            406   1.8e-08   32.3   4.6   3   3      0.53        45    1.4   0.1    80    95   284   299   277   325 0.82 -
scaffold7.g3431.t1   -            526 1490at3041           -            406   3.9e-08   31.2   3.4   1   3       9.5   8.1e+02   -2.8   0.0    80    97     9    26     7    35 0.80 -
scaffold7.g3431.t1   -            526 1490at3041           -            406   3.9e-08   31.2   3.4   2   3    0.0009     0.076   10.5   0.2    68   132    81   148    52   210 0.83 -
scaffold7.g3431.t1   -            526 1490at3041           -            406   3.9e-08   31.2   3.4   3   3   5.6e-07   4.8e-05   21.0   0.1    60   134   280   359   272   381 0.73 -
scaffold21.g2098.t1  -            492 1490at3041           -            406   1.1e-07   29.8   2.2   1   3       1.7   1.4e+02   -0.3   0.0   305   326   259   283   252   296 0.78 -
scaffold21.g2098.t1  -            492 1490at3041           -            406   1.1e-07   29.8   2.2   2   3     6e-08   5.1e-06   24.2   0.2    63   133   300   373   288   397 0.85 -
scaffold21.g2098.t1  -            492 1490at3041           -            406   1.1e-07   29.8   2.2   3   3      0.15        12    3.2   0.0   299   337   447   485   436   491 0.84 -
scaffold7.g3687.t1   -           1257 1490at3041           -            406   1.4e-07   29.3   0.5   1   2      0.29        25    2.2   0.0    83   116    93   136    83   154 0.54 -
scaffold7.g3687.t1   -           1257 1490at3041           -            406   1.4e-07   29.3   0.5   2   2   7.9e-08   6.7e-06   23.9   0.1    63   243   125   301   116   327 0.75 -
scaffold1.g5490.t1   -            909 1490at3041           -            406   1.8e-07   29.1   7.8   1   4      0.12        10    3.5   0.2   143   183    21    65     3   102 0.68 -
scaffold1.g5490.t1   -            909 1490at3041           -            406   1.8e-07   29.1   7.8   2   4    0.0013      0.11   10.0   0.1    60   136   184   272   176   291 0.76 -
scaffold1.g5490.t1   -            909 1490at3041           -            406   1.8e-07   29.1   7.8   3   4   0.00074     0.063   10.8   0.1   147   201   653   706   644   712 0.91 -
scaffold1.g5490.t1   -            909 1490at3041           -            406   1.8e-07   29.1   7.8   4   4     0.028       2.4    5.6   0.0   298   325   733   760   727   772 0.85 -
scaffold2.g7412.t1   -           3431 1490at3041           -            406     2e-07   28.9   2.2   1   4      0.02       1.7    6.1   0.1    90   135   233   282   197   292 0.82 -
scaffold2.g7412.t1   -           3431 1490at3041           -            406     2e-07   28.9   2.2   2   4     0.058       4.9    4.5   0.0   299   327   446   475   441   489 0.80 -
scaffold2.g7412.t1   -           3431 1490at3041           -            406     2e-07   28.9   2.2   3   4     0.049       4.1    4.8   0.0   298   332   612   644   601   657 0.75 -
scaffold2.g7412.t1   -           3431 1490at3041           -            406     2e-07   28.9   2.2   4   4    0.0038      0.32    8.4   0.0    80   144   692   762   683   769 0.80 -
scaffold27.g6010.t1  -           1409 1490at3041           -            406   2.9e-07   28.3   2.4   1   3      0.02       1.7    6.0   0.0    63    96    10    42     2    65 0.78 -
scaffold27.g6010.t1  -           1409 1490at3041           -            406   2.9e-07   28.3   2.4   2   3   3.1e-06   0.00026   18.6   0.1    70   135    69   137    60   156 0.78 -
scaffold27.g6010.t1  -           1409 1490at3041           -            406   2.9e-07   28.3   2.4   3   3      0.48        40    1.5   0.0    78   104   300   326   290   333 0.79 -
scaffold19.g1865.t1  -           1105 1490at3041           -            406   3.1e-07   28.2   4.0   1   4       0.2        17    2.8   0.0   301   328   237   264   233   270 0.80 -
scaffold19.g1865.t1  -           1105 1490at3041           -            406   3.1e-07   28.2   4.0   2   4     2e-07   1.7e-05   22.5   0.3    58   166   266   388   263   391 0.69 -
scaffold19.g1865.t1  -           1105 1490at3041           -            406   3.1e-07   28.2   4.0   3   4      0.38        32    1.9   0.1    79   105   366   393   344   425 0.69 -
scaffold19.g1865.t1  -           1105 1490at3041           -            406   3.1e-07   28.2   4.0   4   4      0.72        61    0.9   0.1    78    96   427   445   413   477 0.75 -
scaffold12.g8053.t1  -            979 1490at3041           -            406   3.4e-07   28.1   7.1   1   3   3.6e-06   0.00031   18.4   5.1    75   203    67   210    47   218 0.70 -
scaffold12.g8053.t1  -            979 1490at3041           -            406   3.4e-07   28.1   7.1   2   3    0.0077      0.65    7.4   0.0    63   111   221   271   213   297 0.80 -
scaffold12.g8053.t1  -            979 1490at3041           -            406   3.4e-07   28.1   7.1   3   3       2.5   2.1e+02   -0.8   0.0    77    95   301   319   286   332 0.73 -
scaffold15.g4248.t1  -            497 1490at3041           -            406   6.5e-07   27.2   0.8   1   3    0.0076      0.65    7.4   0.0    92   133   255   295   246   298 0.84 -
scaffold15.g4248.t1  -            497 1490at3041           -            406   6.5e-07   27.2   0.8   2   3   4.1e-05    0.0034   14.9   0.4    67   131   337   406   322   408 0.77 -
scaffold15.g4248.t1  -            497 1490at3041           -            406   6.5e-07   27.2   0.8   3   3    0.0065      0.55    7.7   0.0    77   330   390   412   381   424 0.65 -
scaffold15.g4221.t1  -           1365 1490at3041           -            406     9e-07   26.7   8.3   1   3     0.079       6.7    4.1   0.0    94   134   119   162   113   170 0.81 -
scaffold15.g4221.t1  -           1365 1490at3041           -            406     9e-07   26.7   8.3   2   3     3e-05    0.0026   15.3   1.1    79   209   213   355   194   357 0.69 -
scaffold15.g4221.t1  -           1365 1490at3041           -            406     9e-07   26.7   8.3   3   3   4.2e-05    0.0035   14.9   0.9    78   204   332   462   315   465 0.73 -
scaffold24.g2991.t1  -           1412 1490at3041           -            406   1.2e-06   26.4   6.9   1   3      0.33        28    2.1   0.0    63   101    13    50     6    64 0.75 -
scaffold24.g2991.t1  -           1412 1490at3041           -            406   1.2e-06   26.4   6.9   2   3   2.4e-05     0.002   15.7   0.0    68   136   196   267   191   271 0.54 -
scaffold24.g2991.t1  -           1412 1490at3041           -            406   1.2e-06   26.4   6.9   3   3    0.0029      0.25    8.8   0.6    60   107   270   319   265   391 0.62 -
scaffold7.g3522.t1   -            819 1490at3041           -            406   1.8e-06   25.8   0.1   1   3     0.065       5.5    4.4   0.0   173   204   432   463   347   467 0.76 -
scaffold7.g3522.t1   -            819 1490at3041           -            406   1.8e-06   25.8   0.1   2   3       5.2   4.4e+02   -1.9   0.0    79    98   503   522   484   539 0.68 -
scaffold7.g3522.t1   -            819 1490at3041           -            406   1.8e-06   25.8   0.1   3   3   4.5e-06   0.00038   18.1   0.0   168   247   626   706   614   716 0.85 -
scaffold15.g4216.t1  -            906 1490at3041           -            406   3.7e-06   24.7   0.2   1   2       7.6   6.5e+02   -2.4   0.0   175   204   570   600   545   604 0.72 -
scaffold15.g4216.t1  -            906 1490at3041           -            406   3.7e-06   24.7   0.2   2   2   1.4e-07   1.2e-05   23.1   0.2    66   202   706   865   697   869 0.73 -
scaffold7.g3684.t1   -           1545 1490at3041           -            406   3.8e-06   24.7   5.6   1   4    0.0099      0.84    7.1   0.0   109   325   306   332   276   338 0.64 -
scaffold7.g3684.t1   -           1545 1490at3041           -            406   3.8e-06   24.7   5.6   2   4     0.044       3.7    4.9   0.1    90   146   381   436   374   441 0.69 -
scaffold7.g3684.t1   -           1545 1490at3041           -            406   3.8e-06   24.7   5.6   3   4     0.025       2.1    5.7   0.0    73   106  1282  1315  1276  1326 0.85 -
scaffold7.g3684.t1   -           1545 1490at3041           -            406   3.8e-06   24.7   5.6   4   4      0.03       2.6    5.5   0.6   101   138  1440  1478  1423  1495 0.79 -
scaffold12.g8229.t1  -            415 1490at3041           -            406   4.5e-06   24.4   0.0   1   2   4.7e-07     4e-05   21.3   0.0    66   134   260   330   219   346 0.78 -
scaffold12.g8229.t1  -            415 1490at3041           -            406   4.5e-06   24.4   0.0   2   2      0.93        79    0.6   0.0    66   284   386   412   364   415 0.56 -
scaffold15.g4303.t1  -            308 1490at3041           -            406   6.7e-06   23.9   0.9   1   3     0.011      0.89    7.0   0.1    80   133    25    82     2    91 0.65 -
scaffold15.g4303.t1  -            308 1490at3041           -            406   6.7e-06   23.9   0.9   2   3    0.0013      0.11    9.9   0.0    78   131   162   219   142   232 0.84 -
scaffold15.g4303.t1  -            308 1490at3041           -            406   6.7e-06   23.9   0.9   3   3      0.15        13    3.2   0.0   109   282   273   296   252   305 0.61 -
scaffold24.g2952.t1  -           1216 1490at3041           -            406     7e-06   23.8   0.1   1   3       3.4   2.9e+02   -1.3   0.0    99   131    35    70    24    78 0.78 -
scaffold24.g2952.t1  -           1216 1490at3041           -            406     7e-06   23.8   0.1   2   3   0.00014     0.012   13.2   0.0    76   204   147   276   124   282 0.72 -
scaffold24.g2952.t1  -           1216 1490at3041           -            406     7e-06   23.8   0.1   3   3     0.011      0.94    6.9   0.0    68   110  1129  1170  1089  1178 0.68 -
scaffold6.g2859.t1   -            541 1490at3041           -            406   7.1e-06   23.8   0.1   1   2     0.089       7.5    3.9   0.0   167   205   230   268   221   275 0.83 -
scaffold6.g2859.t1   -            541 1490at3041           -            406   7.1e-06   23.8   0.1   2   2   0.00014     0.012   13.1   0.0    66   121   283   343   271   356 0.71 -
scaffold6.g2569.t1   -            470 1490at3041           -            406   1.7e-05   22.6   2.1   1   4      0.16        13    3.1   0.0   299   329   157   187   154   204 0.68 -
scaffold6.g2569.t1   -            470 1490at3041           -            406   1.7e-05   22.6   2.1   2   4    0.0017      0.14    9.6   0.0    85   132   217   265   198   277 0.85 -
scaffold6.g2569.t1   -            470 1490at3041           -            406   1.7e-05   22.6   2.1   3   4      0.04       3.4    5.1   0.1    79   131   298   357   282   364 0.72 -
scaffold6.g2569.t1   -            470 1490at3041           -            406   1.7e-05   22.6   2.1   4   4      0.68        58    1.0   0.0    84   131   410   460   382   468 0.62 -
scaffold8.g1420.t1   -           1321 1490at3041           -            406   1.9e-05   22.3   0.1   1   2    0.0029      0.25    8.8   0.1    64   137   958  1033   945  1055 0.81 -
scaffold8.g1420.t1   -           1321 1490at3041           -            406   1.9e-05   22.3   0.1   2   2    0.0008     0.068   10.7   0.0   241   314  1126  1208  1115  1223 0.73 -
scaffold2.g6803.t1   -            619 1490at3041           -            406     2e-05   22.3   0.1   1   3   2.2e-05    0.0019   15.8   0.0    60   133    54   132    33   141 0.81 -
scaffold2.g6803.t1   -            619 1490at3041           -            406     2e-05   22.3   0.1   2   3      0.32        27    2.1   0.0    61    99   190   227   181   277 0.52 -
scaffold2.g6803.t1   -            619 1490at3041           -            406     2e-05   22.3   0.1   3   3       0.6        50    1.2   0.0   263   283   256   276   232   289 0.81 -
scaffold8.g1630.t1   -            340 1490at3041           -            406     2e-05   22.3   0.0   1   3      0.53        45    1.4   0.0   298   337    31    70    19    82 0.75 -
scaffold8.g1630.t1   -            340 1490at3041           -            406     2e-05   22.3   0.0   2   3    0.0043      0.37    8.3   0.0    70   136    77   152    67   159 0.70 -
scaffold8.g1630.t1   -            340 1490at3041           -            406     2e-05   22.3   0.0   3   3    0.0033      0.28    8.7   0.0   304   336   260   292   252   320 0.88 -
scaffold4.g4673.t1   -            553 1490at3041           -            406   2.4e-05   22.0  11.9   1   5       1.8   1.6e+02   -0.4   0.2   324   372   139   189   129   211 0.79 -
scaffold4.g4673.t1   -            553 1490at3041           -            406   2.4e-05   22.0  11.9   2   5     0.013       1.1    6.7   0.0   104   134   252   285   241   292 0.82 -
scaffold4.g4673.t1   -            553 1490at3041           -            406   2.4e-05   22.0  11.9   3   5     0.015       1.3    6.5   0.2    80   114   310   346   292   359 0.75 -
scaffold4.g4673.t1   -            553 1490at3041           -            406   2.4e-05   22.0  11.9   4   5     0.013       1.1    6.7   0.1    78   133   383   443   363   462 0.78 -
scaffold4.g4673.t1   -            553 1490at3041           -            406   2.4e-05   22.0  11.9   5   5     0.019       1.6    6.1   0.1    81    99   476   494   461   511 0.79 -
scaffold9.g3259.t1   -            352 1490at3041           -            406   4.6e-05   21.1   0.4   1   2    0.0036       0.3    8.5   0.2    79   134    60   119    28   131 0.62 -
scaffold9.g3259.t1   -            352 1490at3041           -            406   4.6e-05   21.1   0.4   2   2    0.0013      0.11   10.0   0.0    65   133   170   241   164   261 0.80 -
scaffold17.g454.t1   -            957 1490at3041           -            406   6.1e-05   20.7   0.0   1   2    0.0029      0.25    8.8   0.0   248   328    92   173    66   183 0.82 -
scaffold17.g454.t1   -            957 1490at3041           -            406   6.1e-05   20.7   0.0   2   2    0.0018      0.16    9.5   0.0   188   237   218   267   193   273 0.80 -
scaffold3.g6626.t1   -            973 1490at3041           -            406   9.6e-05   20.0   0.5   1   2       6.8   5.8e+02   -2.3   0.0   179   220   634   675   623   695 0.67 -
scaffold3.g6626.t1   -            973 1490at3041           -            406   9.6e-05   20.0   0.5   2   2   6.4e-06   0.00054   17.6   0.6    60   235   726   915   716   935 0.72 -
scaffold20.g7661.t1  -            320 1490at3041           -            406   0.00011   19.9   0.3   1   3    0.0013      0.11   10.0   0.0   261   333    19    95    13   110 0.73 -
scaffold20.g7661.t1  -            320 1490at3041           -            406   0.00011   19.9   0.3   2   3     0.068       5.7    4.3   0.0   271   304   114   148   106   170 0.68 -
scaffold20.g7661.t1  -            320 1490at3041           -            406   0.00011   19.9   0.3   3   3      0.44        37    1.6   0.0   171   209   216   255   189   285 0.54 -
scaffold3.g6218.t1   -            709 1490at3041           -            406   0.00012   19.7   0.5   1   4    0.0037      0.31    8.5   0.0   299   329    51    81    46    99 0.89 -
scaffold3.g6218.t1   -            709 1490at3041           -            406   0.00012   19.7   0.5   2   4     0.026       2.2    5.7   0.0    78   137   106   174    90   188 0.77 -
scaffold3.g6218.t1   -            709 1490at3041           -            406   0.00012   19.7   0.5   3   4       3.4   2.9e+02   -1.3   0.0   176   211   191   228   187   229 0.76 -
scaffold3.g6218.t1   -            709 1490at3041           -            406   0.00012   19.7   0.5   4   4       1.1        97    0.3   0.1    79   121   563   605   546   615 0.90 -
scaffold21.g2134.t1  -            992 1490at3041           -            406   0.00013   19.6   6.0   1   4         5   4.3e+02   -1.9   0.0   114   135    46    70    34    78 0.61 -
scaffold21.g2134.t1  -            992 1490at3041           -            406   0.00013   19.6   6.0   2   4      0.31        26    2.1   0.0   299   328   101   130    95   159 0.81 -
scaffold21.g2134.t1  -            992 1490at3041           -            406   0.00013   19.6   6.0   3   4   0.00016     0.013   13.0   1.6    79   150   170   246   151   275 0.78 -
scaffold21.g2134.t1  -            992 1490at3041           -            406   0.00013   19.6   6.0   4   4      0.12       9.8    3.5   0.0   229   283   348   403   341   416 0.74 -
scaffold7.g3572.t1   -           1617 1490at3041           -            406   0.00021   18.9   0.3   1   1   4.4e-05    0.0037   14.8   0.2    78   203   106   251    96   259 0.62 -
scaffold3.g6519.t1   -            342 1490at3041           -            406    0.0003   18.4   0.1   1   3      0.35        29    2.0   0.1   297   324    32    59     9    70 0.72 -
scaffold3.g6519.t1   -            342 1490at3041           -            406    0.0003   18.4   0.1   2   3    0.0014      0.12    9.9   0.0    63   203    75   234    65   242 0.59 -
scaffold3.g6519.t1   -            342 1490at3041           -            406    0.0003   18.4   0.1   3   3     0.067       5.7    4.3   0.0    87   131   184   232   152   318 0.63 -
scaffold8.g1654.t1   -            636 1490at3041           -            406   0.00033   18.3   0.5   1   4   0.00042     0.035   11.6   0.0   252   289   191   230   184   238 0.83 -
scaffold8.g1654.t1   -            636 1490at3041           -            406   0.00033   18.3   0.5   2   4      0.29        25    2.2   0.1    96   133   277   318   244   346 0.64 -
scaffold8.g1654.t1   -            636 1490at3041           -            406   0.00033   18.3   0.5   3   4      0.11       9.1    3.6   0.2    80   132   303   364   283   369 0.61 -
scaffold8.g1654.t1   -            636 1490at3041           -            406   0.00033   18.3   0.5   4   4      0.15        13    3.1   0.2    82   132   305   364   302   388 0.64 -
scaffold5.g735.t1    -            860 1490at3041           -            406   0.00049   17.7   0.6   1   4      0.56        48    1.3   0.0   254   288   129   163    73   170 0.79 -
scaffold5.g735.t1    -            860 1490at3041           -            406   0.00049   17.7   0.6   2   4     0.013       1.1    6.7   0.0    80   132   422   479   409   483 0.79 -
scaffold5.g735.t1    -            860 1490at3041           -            406   0.00049   17.7   0.6   3   4      0.26        22    2.4   0.0    62   109   489   536   480   563 0.75 -
scaffold5.g735.t1    -            860 1490at3041           -            406   0.00049   17.7   0.6   4   4      0.99        83    0.5   0.0   176   216   558   598   542   601 0.70 -
scaffold3.g6655.t1   -            528 1490at3041           -            406   0.00073   17.1   2.5   1   2    0.0018      0.15    9.5   0.3    63   132    27    97    20   104 0.73 -
scaffold3.g6655.t1   -            528 1490at3041           -            406   0.00073   17.1   2.5   2   2      0.01      0.85    7.0   0.1    79   132   141   194   116   202 0.60 -
scaffold6.g2759.t1   -            493 1490at3041           -            406   0.00085   16.9   0.3   1   4       2.2   1.9e+02   -0.7   0.0   166   199   127   160   120   171 0.83 -
scaffold6.g2759.t1   -            493 1490at3041           -            406   0.00085   16.9   0.3   2   4    0.0024      0.21    9.1   0.0   296   326   209   239   202   243 0.86 -
scaffold6.g2759.t1   -            493 1490at3041           -            406   0.00085   16.9   0.3   3   4    0.0079      0.67    7.4   0.0   152   213   231   292   231   298 0.83 -
scaffold6.g2759.t1   -            493 1490at3041           -            406   0.00085   16.9   0.3   4   4       2.2   1.9e+02   -0.7   0.0   100   137   441   484   407   489 0.73 -
scaffold10.g2337.t1  -            525 1490at3041           -            406     0.001   16.7   0.1   1   1   2.9e-05    0.0024   15.4   0.1    63   137   355   433   347   440 0.82 -
scaffold3.g6316.t1   -           1730 1490at3041           -            406    0.0012   16.5  12.1   1   4      0.58        49    1.2   0.3    64   140   376   464   365   475 0.64 -
scaffold3.g6316.t1   -           1730 1490at3041           -            406    0.0012   16.5  12.1   2   4     0.065       5.5    4.4   0.0    81   130   516   567   496   576 0.82 -
scaffold3.g6316.t1   -           1730 1490at3041           -            406    0.0012   16.5  12.1   3   4     0.038       3.2    5.1   0.3    79   131   608   665   594   672 0.80 -
scaffold3.g6316.t1   -           1730 1490at3041           -            406    0.0012   16.5  12.1   4   4    0.0019      0.16    9.4   0.1    65   118   680   733   672   750 0.80 -
scaffold22.g6070.t1  -           1037 1490at3041           -            406    0.0013   16.4   0.0   1   1   4.1e-05    0.0035   14.9   0.1   130   202   122   196   101   200 0.79 -
scaffold2.g6805.t1   -            404 1490at3041           -            406    0.0014   16.3   0.1   1   2    0.0041      0.35    8.3   0.0   263   314    58   111    50   123 0.79 -
scaffold2.g6805.t1   -            404 1490at3041           -            406    0.0014   16.3   0.1   2   2     0.033       2.8    5.3   0.0   307   334   207   234   185   271 0.71 -
scaffold1.g5676.t1   -            825 1490at3041           -            406    0.0015   16.1   1.3   1   3     0.021       1.8    6.0   0.0    79   132    26    90     8    98 0.66 -
scaffold1.g5676.t1   -            825 1490at3041           -            406    0.0015   16.1   1.3   2   3    0.0079      0.66    7.4   0.1    83   138   144   207   121   222 0.73 -
scaffold1.g5676.t1   -            825 1490at3041           -            406    0.0015   16.1   1.3   3   3       3.7   3.1e+02   -1.4   0.0   187   228   391   434   386   447 0.65 -
scaffold17.g515.t1   -            555 1490at3041           -            406    0.0022   15.6   0.3   1   2   0.00033     0.028   11.9   0.2    67   171    32   127    23   134 0.72 -
scaffold17.g515.t1   -            555 1490at3041           -            406    0.0022   15.6   0.3   2   2       2.5   2.1e+02   -0.9   0.0   152   185   386   419   378   434 0.81 -
scaffold1.g5330.t1   -            505 1490at3041           -            406    0.0042   14.6   2.1   1   4    0.0055      0.47    7.9   0.0   101   157   194   252   183   290 0.66 -
scaffold1.g5330.t1   -            505 1490at3041           -            406    0.0042   14.6   2.1   2   4       2.3     2e+02   -0.8   0.1   271   322   316   368   308   375 0.56 -
scaffold1.g5330.t1   -            505 1490at3041           -            406    0.0042   14.6   2.1   3   4       5.1   4.3e+02   -1.9   0.0   283   318   379   417   371   426 0.71 -
scaffold1.g5330.t1   -            505 1490at3041           -            406    0.0042   14.6   2.1   4   4     0.098       8.3    3.8   0.0    60    95   459   501   453   505 0.73 -
scaffold10.g2238.t1  -           1303 1490at3041           -            406    0.0049   14.4   6.2   1   4       1.5   1.3e+02   -0.1   0.0   152   202   369   420   346   425 0.79 -
scaffold10.g2238.t1  -           1303 1490at3041           -            406    0.0049   14.4   6.2   2   4    0.0062      0.53    7.7   0.1    61   134   538   616   521   660 0.76 -
scaffold10.g2238.t1  -           1303 1490at3041           -            406    0.0049   14.4   6.2   3   4      0.84        71    0.7   0.1    63    96   669   701   646   782 0.62 -
scaffold10.g2238.t1  -           1303 1490at3041           -            406    0.0049   14.4   6.2   4   4     0.033       2.8    5.3   0.0    52   108   857   910   833   930 0.66 -
scaffold1.g5513.t1   -            301 1490at3041           -            406    0.0056   14.2   1.0   1   3    0.0024      0.21    9.1   0.0    65   131    13    80     7    99 0.83 -
scaffold1.g5513.t1   -            301 1490at3041           -            406    0.0056   14.2   1.0   2   3      0.11       9.1    3.7   0.0    80   131    67   121    64   131 0.82 -
scaffold1.g5513.t1   -            301 1490at3041           -            406    0.0056   14.2   1.0   3   3      0.26        22    2.4   0.1    79   114   193   227   176   276 0.75 -
scaffold1.g5222.t1   -           1616 1490at3041           -            406    0.0061   14.1  11.8   1   3    0.0011     0.096   10.2   0.2    68   126    59   119    41   134 0.72 -
scaffold1.g5222.t1   -           1616 1490at3041           -            406    0.0061   14.1  11.8   2   3     0.031       2.6    5.4   0.4    63   115   141   196   115   206 0.76 -
scaffold1.g5222.t1   -           1616 1490at3041           -            406    0.0061   14.1  11.8   3   3     0.046       3.9    4.9   0.4    92   135   989  1034   968  1085 0.69 -
scaffold12.g8034.t1  -            367 1490at3041           -            406    0.0087   13.6   0.1   1   2     0.011      0.93    6.9   0.0    80   133   156   212   103   226 0.73 -
scaffold12.g8034.t1  -            367 1490at3041           -            406    0.0087   13.6   0.1   2   2      0.05       4.3    4.7   0.0    60    96   279   317   251   322 0.76 -
scaffold8.g1575.t1   -            681 1490at3041           -            406     0.013   13.0   2.3   1   4     0.004      0.34    8.4   0.1    54   100    71   116    63   142 0.81 -
scaffold8.g1575.t1   -            681 1490at3041           -            406     0.013   13.0   2.3   2   4      0.47        40    1.5   0.0   298   328   148   178   142   187 0.83 -
scaffold8.g1575.t1   -            681 1490at3041           -            406     0.013   13.0   2.3   3   4       2.5   2.1e+02   -0.9   0.0   185   215   255   285   247   291 0.84 -
scaffold8.g1575.t1   -            681 1490at3041           -            406     0.013   13.0   2.3   4   4         5   4.2e+02   -1.8   0.0   168   198   404   434   377   451 0.59 -
scaffold9.g3268.t1   -           1154 1490at3041           -            406     0.014   13.0   0.0   1   1   0.00036      0.03   11.8   0.0    79   131    63   118    53   129 0.85 -
scaffold1.g5555.t1   -           1200 1490at3041           -            406     0.016   12.7   1.2   1   2    0.0033      0.28    8.6   0.0    79   134   123   183   110   188 0.77 -
scaffold1.g5555.t1   -           1200 1490at3041           -            406     0.016   12.7   1.2   2   2   0.00076     0.064   10.7   0.2    63   134   150   222   132   246 0.71 -
scaffold14.g1060.t1  -           1181 1490at3041           -            406     0.016   12.7   0.1   1   1   0.00034     0.029   11.9   0.1    59   137    38   120    31   142 0.78 -
scaffold6.g2644.t1   -           1000 1490at3041           -            406     0.019   12.5   0.7   1   3     0.018       1.5    6.2   0.1    67   115   126   173   115   183 0.81 -
scaffold6.g2644.t1   -           1000 1490at3041           -            406     0.019   12.5   0.7   2   3      0.83        70    0.7   0.0   273   331   186   249   181   255 0.68 -
scaffold6.g2644.t1   -           1000 1490at3041           -            406     0.019   12.5   0.7   3   3      0.42        36    1.7   0.0    79   115   445   483   372   499 0.80 -
scaffold1.g5412.t1   -            551 1490at3041           -            406     0.019   12.5   0.0   1   2    0.0076      0.65    7.4   0.0   163   205   201   244   195   269 0.79 -
scaffold1.g5412.t1   -            551 1490at3041           -            406     0.019   12.5   0.0   2   2       0.3        25    2.2   0.0    63    95   312   343   291   352 0.73 -
scaffold13.g295.t1   -           1434 1490at3041           -            406     0.023   12.2   6.5   1   3     0.005      0.42    8.0   0.2    52   132   111   197    97   210 0.77 -
scaffold13.g295.t1   -           1434 1490at3041           -            406     0.023   12.2   6.5   2   3     0.066       5.6    4.3   0.0    68   117   170   221   165   233 0.74 -
scaffold13.g295.t1   -           1434 1490at3041           -            406     0.023   12.2   6.5   3   3     0.048       4.1    4.8   1.6    79   128   268   325   250   421 0.65 -
scaffold3.g6675.t1   -            487 1490at3041           -            406      0.03   11.8   0.9   1   5       9.3   7.9e+02   -2.7   0.0   122   133   139   150   134   160 0.70 -
scaffold3.g6675.t1   -            487 1490at3041           -            406      0.03   11.8   0.9   2   5      0.45        38    1.6   0.0   103   141   220   262   207   281 0.55 -
scaffold3.g6675.t1   -            487 1490at3041           -            406      0.03   11.8   0.9   3   5       1.1        90    0.4   0.0   172   205   272   305   259   312 0.87 -
scaffold3.g6675.t1   -            487 1490at3041           -            406      0.03   11.8   0.9   4   5     0.034       2.9    5.3   0.0   298   328   333   362   322   385 0.77 -
scaffold3.g6675.t1   -            487 1490at3041           -            406      0.03   11.8   0.9   5   5       9.8   8.3e+02   -2.8   0.0   253   279   385   411   375   414 0.78 -
scaffold13.g337.t1   -            661 1490at3041           -            406     0.031   11.8   0.7   1   4      0.78        66    0.8   0.0    79    96   432   449   411   464 0.86 -
scaffold13.g337.t1   -            661 1490at3041           -            406     0.031   11.8   0.7   2   4     0.057       4.8    4.6   0.0    79   114   484   519   470   528 0.87 -
scaffold13.g337.t1   -            661 1490at3041           -            406     0.031   11.8   0.7   3   4      0.64        54    1.1   0.0   180   207   521   548   514   558 0.69 -
scaffold13.g337.t1   -            661 1490at3041           -            406     0.031   11.8   0.7   4   4       1.6   1.3e+02   -0.2   0.0   172   197   625   650   615   656 0.78 -
scaffold40.g5151.t1  -            579 1490at3041           -            406     0.041   11.4   0.2   1   3     0.017       1.5    6.3   0.0   117   138   192   214    86   226 0.74 -
scaffold40.g5151.t1  -            579 1490at3041           -            406     0.041   11.4   0.2   2   3      0.67        57    1.0   0.0    99   132   245   283   240   288 0.73 -
scaffold40.g5151.t1  -            579 1490at3041           -            406     0.041   11.4   0.2   3   3       2.5   2.1e+02   -0.8   0.0    80   100   337   357   330   371 0.80 -
scaffold10.g2346.t1  -           1171 1490at3041           -            406      0.09   10.2   1.7   1   2      0.41        35    1.7   0.3    60   132   613   708   596   724 0.55 -
scaffold10.g2346.t1  -           1171 1490at3041           -            406      0.09   10.2   1.7   2   2     0.013       1.1    6.7   0.0    90   131  1016  1060  1000  1069 0.73 -
scaffold12.g8251.t1  -            434 1490at3041           -            406     0.092   10.2   0.5   1   2      0.15        12    3.2   0.2   103   138   150   185   139   203 0.72 -
scaffold12.g8251.t1  -            434 1490at3041           -            406     0.092   10.2   0.5   2   2      0.05       4.2    4.8   0.0    79   105   291   317   270   337 0.83 -
scaffold15.g4247.t1  -           2113 1490at3041           -            406     0.093   10.2   0.1   1   2     0.027       2.2    5.6   0.0    79   104    30    58    10    94 0.68 -
scaffold15.g4247.t1  -           2113 1490at3041           -            406     0.093   10.2   0.1   2   2      0.35        30    2.0   0.0    80   131   373   425   352   449 0.73 -
#
# Program:         hmmsearch
# Version:         3.1b2 (February 2015)
# Pipeline mode:   SEARCH
# Query file:      /Users/catrionaharrison/Documents/Bioinformatics/rp2/Data/genomes/busco/busco_downloads/lineages/chlorophyta_odb10/hmms/1490at3041.hmm
# Target file:     /Users/catrionaharrison/Documents/Bioinformatics/rp2/Data/genomes/busco/data/a99.prot.fasta
# Option settings: hmmsearch --domtblout /Users/catrionaharrison/Documents/Bioinformatics/rp2/Data/genomes/busco/Busco_a99/run_chlorophyta_odb10/hmmer_output/initial_run_results/1490at3041.out --cpu 1 /Users/catrionaharrison/Documents/Bioinformatics/rp2/Data/genomes/busco/busco_downloads/lineages/chlorophyta_odb10/hmms/1490at3041.hmm /Users/catrionaharrison/Documents/Bioinformatics/rp2/Data/genomes/busco/data/a99.prot.fasta 
# Current dir:     /Users/catrionaharrison/Documents/Bioinformatics/rp2/Data/genomes/busco
# Date:            Fri Jul 22 14:46:16 2022
# [ok]
