#                                                                            --- full sequence --- -------------- this domain -------------   hmm coord   ali coord   env coord
# target name        accession   tlen query name           accession   qlen   E-value  score  bias   #  of  c-Evalue  i-Evalue  score  bias  from    to  from    to  from    to  acc description of target
#------------------- ---------- ----- -------------------- ---------- ----- --------- ------ ----- --- --- --------- --------- ------ ----- ----- ----- ----- ----- ----- ----- ---- ---------------------
scaffold2.g7375.t1   -            942 1593at3041           -            356  2.5e-156  518.9   4.7   1   3   2.2e-24   4.6e-21   74.0   0.0     1    64   349   420   349   424 0.88 -
scaffold2.g7375.t1   -            942 1593at3041           -            356  2.5e-156  518.9   4.7   2   3  9.7e-135    2e-131  437.0   0.6    58   268   442   660   439   675 0.95 -
scaffold2.g7375.t1   -            942 1593at3041           -            356  2.5e-156  518.9   4.7   3   3   0.00025      0.51    8.0   0.0   339   355   675   691   670   692 0.88 -
scaffold1.g5896.t1   -            386 1593at3041           -            356   0.00015   19.6   0.1   1   1   1.1e-07   0.00023   19.1   0.1    91   240   121   262    80   271 0.82 -
scaffold43.g4491.t1  -            108 1593at3041           -            356     0.015   13.1   0.0   1   2     0.085   1.8e+02   -0.3   0.0   140   186     7    53     1    69 0.73 -
scaffold43.g4491.t1  -            108 1593at3041           -            356     0.015   13.1   0.0   2   2   2.5e-05     0.053   11.3   0.0   286   315    75   104    67   107 0.87 -
scaffold18.g1992.t1  -            272 1593at3041           -            356     0.016   13.0   0.4   1   1   7.1e-05      0.15    9.8   0.4   192   239   119   168    24   180 0.61 -
#
# Program:         hmmsearch
# Version:         3.1b2 (February 2015)
# Pipeline mode:   SEARCH
# Query file:      /Users/catrionaharrison/Documents/Bioinformatics/rp2/Data/genomes/busco/busco_downloads/lineages/chlorophyta_odb10/hmms/1593at3041.hmm
# Target file:     /Users/catrionaharrison/Documents/Bioinformatics/rp2/Data/genomes/busco/data/a99.prot.fasta
# Option settings: hmmsearch --domtblout /Users/catrionaharrison/Documents/Bioinformatics/rp2/Data/genomes/busco/Busco_a99/run_chlorophyta_odb10/hmmer_output/initial_run_results/1593at3041.out --cpu 1 /Users/catrionaharrison/Documents/Bioinformatics/rp2/Data/genomes/busco/busco_downloads/lineages/chlorophyta_odb10/hmms/1593at3041.hmm /Users/catrionaharrison/Documents/Bioinformatics/rp2/Data/genomes/busco/data/a99.prot.fasta 
# Current dir:     /Users/catrionaharrison/Documents/Bioinformatics/rp2/Data/genomes/busco
# Date:            Fri Jul 22 14:43:24 2022
# [ok]
