#                                                                            --- full sequence --- -------------- this domain -------------   hmm coord   ali coord   env coord
# target name        accession   tlen query name           accession   qlen   E-value  score  bias   #  of  c-Evalue  i-Evalue  score  bias  from    to  from    to  from    to  acc description of target
#------------------- ---------- ----- -------------------- ---------- ----- --------- ------ ----- --- --- --------- --------- ------ ----- ----- ----- ----- ----- ----- ----- ---- ---------------------
scaffold7.g3498.t1   -           1647 175at3041            -            764  3.4e-280  930.2  41.9   1   3   9.9e-30   1.2e-26   91.8   7.1    41   102   541   605   536   635 0.91 -
scaffold7.g3498.t1   -           1647 175at3041            -            764  3.4e-280  930.2  41.9   2   3  6.7e-174    8e-171  568.6   2.0   101   548   793  1341   780  1349 0.80 -
scaffold7.g3498.t1   -           1647 175at3041            -            764  3.4e-280  930.2  41.9   3   3   2.1e-84   2.5e-81  272.6  17.0   566   762  1448  1638  1434  1640 0.94 -
scaffold3.g6434.t1   -            348 175at3041            -            764   5.7e-05   20.1   1.8   1   2   4.8e-08   5.7e-05   20.1   1.8   607   638    28    59    17    72 0.89 -
scaffold3.g6434.t1   -            348 175at3041            -            764   5.7e-05   20.1   1.8   2   2      0.39   4.7e+02   -2.7   4.2   736   755   234   253   220   262 0.77 -
scaffold20.g7760.t1  -           3123 175at3041            -            764   0.00033   17.6   0.6   1   4      0.16   1.9e+02   -1.4   0.1   209   244   729   763   726   774 0.85 -
scaffold20.g7760.t1  -           3123 175at3041            -            764   0.00033   17.6   0.6   2   4   2.8e-07   0.00033   17.6   0.6   204   254  1615  1667  1608  1680 0.72 -
scaffold20.g7760.t1  -           3123 175at3041            -            764   0.00033   17.6   0.6   3   4      0.05        59    0.2   0.6   206   254  1764  1816  1757  1841 0.74 -
scaffold20.g7760.t1  -           3123 175at3041            -            764   0.00033   17.6   0.6   4   4         7   8.3e+03   -7.8   4.5   644   673  2458  2487  2436  2495 0.69 -
scaffold1.g5858.t1   -            569 175at3041            -            764   0.00055   16.9   0.4   1   1   6.7e-07   0.00079   16.3   0.4   205   254   258   307   248   323 0.87 -
scaffold6.g2685.t1   -           1841 175at3041            -            764    0.0021   15.0   6.7   1   2   4.7e-06    0.0056   13.5   3.9   200   247   507   551   497   560 0.83 -
scaffold6.g2685.t1   -           1841 175at3041            -            764    0.0021   15.0   6.7   2   2     0.017        20    1.8   0.0   583   669  1108  1199  1100  1203 0.73 -
scaffold6.g2907.t1   -            651 175at3041            -            764     0.018   11.8   1.1   1   1     2e-05     0.024   11.4   1.1   611   639     1    29     1    40 0.86 -
scaffold10.g2488.t1  -           2731 175at3041            -            764     0.029   11.2   0.7   1   1   4.1e-05     0.048   10.4   0.7   202   243  2684  2724  2681  2731 0.79 -
#
# Program:         hmmsearch
# Version:         3.1b2 (February 2015)
# Pipeline mode:   SEARCH
# Query file:      /Users/catrionaharrison/Documents/Bioinformatics/rp2/Data/genomes/busco/busco_downloads/lineages/chlorophyta_odb10/hmms/175at3041.hmm
# Target file:     /Users/catrionaharrison/Documents/Bioinformatics/rp2/Data/genomes/busco/data/a99.prot.fasta
# Option settings: hmmsearch --domtblout /Users/catrionaharrison/Documents/Bioinformatics/rp2/Data/genomes/busco/Busco_a99/run_chlorophyta_odb10/hmmer_output/initial_run_results/175at3041.out --cpu 1 /Users/catrionaharrison/Documents/Bioinformatics/rp2/Data/genomes/busco/busco_downloads/lineages/chlorophyta_odb10/hmms/175at3041.hmm /Users/catrionaharrison/Documents/Bioinformatics/rp2/Data/genomes/busco/data/a99.prot.fasta 
# Current dir:     /Users/catrionaharrison/Documents/Bioinformatics/rp2/Data/genomes/busco
# Date:            Fri Jul 22 14:44:04 2022
# [ok]
