#                                                                            --- full sequence --- -------------- this domain -------------   hmm coord   ali coord   env coord
# target name        accession   tlen query name           accession   qlen   E-value  score  bias   #  of  c-Evalue  i-Evalue  score  bias  from    to  from    to  from    to  acc description of target
#------------------- ---------- ----- -------------------- ---------- ----- --------- ------ ----- --- --- --------- --------- ------ ----- ----- ----- ----- ----- ----- ----- ---- ---------------------
scaffold6.g2756.t1   -           1431 1770at3041           -            553    3e-177  589.2   2.2   1   4   8.4e-87     5e-84  281.5   0.1     1   219    87   346    87   350 0.87 -
scaffold6.g2756.t1   -           1431 1770at3041           -            553    3e-177  589.2   2.2   2   4   6.8e-60     4e-57  192.6   0.2   210   374   363   567   354   571 0.89 -
scaffold6.g2756.t1   -           1431 1770at3041           -            553    3e-177  589.2   2.2   3   4   1.5e-08   9.1e-06   23.1   0.0   386   434   626   683   609   695 0.81 -
scaffold6.g2756.t1   -           1431 1770at3041           -            553    3e-177  589.2   2.2   4   4   3.2e-27   1.9e-24   84.8   0.0   439   552   715   832   711   833 0.88 -
scaffold13.g213.t1   -           2350 1770at3041           -            553  1.3e-165  550.7   0.0   1   6   9.4e-24   5.6e-21   73.3   0.4     2   167   560   733   559   737 0.78 -
scaffold13.g213.t1   -           2350 1770at3041           -            553  1.3e-165  550.7   0.0   2   6   0.00029      0.17    9.0   0.1   186   228   795   837   786   843 0.89 -
scaffold13.g213.t1   -           2350 1770at3041           -            553  1.3e-165  550.7   0.0   3   6     3e-31   1.8e-28   98.1   0.0   216   374   849  1042   836  1060 0.75 -
scaffold13.g213.t1   -           2350 1770at3041           -            553  1.3e-165  550.7   0.0   4   6      0.49   2.9e+02   -1.7   0.0   385   426  1087  1136  1070  1144 0.65 -
scaffold13.g213.t1   -           2350 1770at3041           -            553  1.3e-165  550.7   0.0   5   6  1.4e-107  8.3e-105  350.0   0.0     2   380  1442  1870  1441  1884 0.85 -
scaffold13.g213.t1   -           2350 1770at3041           -            553  1.3e-165  550.7   0.0   6   6     0.012       7.3    3.6   0.0   378   457  1899  1985  1889  2055 0.75 -
scaffold6.g2917.t1   -           2183 1770at3041           -            553  7.1e-147  488.9  13.1   1   6   1.4e-23   8.6e-21   72.7   1.8     1   117   525   676   525   685 0.78 -
scaffold6.g2917.t1   -           2183 1770at3041           -            553  7.1e-147  488.9  13.1   2   6   1.7e-07    0.0001   19.7   0.1   215   252   730   767   676   779 0.65 -
scaffold6.g2917.t1   -           2183 1770at3041           -            553  7.1e-147  488.9  13.1   3   6   1.3e-36   7.6e-34  115.8   0.0   255   376   824   953   807   971 0.89 -
scaffold6.g2917.t1   -           2183 1770at3041           -            553  7.1e-147  488.9  13.1   4   6   2.8e-07   0.00017   18.9   0.0   385   512   996  1147   982  1160 0.71 -
scaffold6.g2917.t1   -           2183 1770at3041           -            553  7.1e-147  488.9  13.1   5   6   2.6e-73   1.6e-70  236.9   0.0     2   378  1361  1793  1360  1800 0.85 -
scaffold6.g2917.t1   -           2183 1770at3041           -            553  7.1e-147  488.9  13.1   6   6     8e-07   0.00048   17.4   0.0   380   537  1825  2009  1812  2023 0.73 -
scaffold14.g1342.t1  -            988 1770at3041           -            553   2.6e-36  123.9   0.0   1   2   9.1e-22   5.4e-19   66.8   0.0     2   166    79   241    78   244 0.85 -
scaffold14.g1342.t1  -            988 1770at3041           -            553   2.6e-36  123.9   0.0   2   2   3.3e-18     2e-15   55.0   0.0   227   320   375   473   350   531 0.87 -
scaffold4.g4967.t1   -           2598 1770at3041           -            553   1.2e-35  121.8   0.1   1   3   3.4e-09     2e-06   25.3   0.1     2   120   948  1077   947  1083 0.81 -
scaffold4.g4967.t1   -           2598 1770at3041           -            553   1.2e-35  121.8   0.1   2   3   4.6e-06    0.0027   14.9   0.0   120   167  1103  1145  1085  1154 0.82 -
scaffold4.g4967.t1   -           2598 1770at3041           -            553   1.2e-35  121.8   0.1   3   3   4.7e-25   2.8e-22   77.6   0.0   224   364  1242  1394  1229  1404 0.82 -
scaffold11.g3989.t1  -           1061 1770at3041           -            553   6.6e-29   99.5   0.2   1   3   4.9e-21   2.9e-18   64.4   0.0     2   162   107   265   106   269 0.85 -
scaffold11.g3989.t1  -           1061 1770at3041           -            553   6.6e-29   99.5   0.2   2   3      0.42   2.5e+02   -1.4   0.0   194   220   390   416   382   445 0.86 -
scaffold11.g3989.t1  -           1061 1770at3041           -            553   6.6e-29   99.5   0.2   3   3   3.8e-11   2.3e-08   31.7   0.0   227   297   453   526   428   530 0.88 -
scaffold4.g4871.t1   -           1803 1770at3041           -            553   1.2e-22   78.8   3.7   1   4     0.027        16    2.5   0.0     2    26    49    73    48    81 0.89 -
scaffold4.g4871.t1   -           1803 1770at3041           -            553   1.2e-22   78.8   3.7   2   4     7e-05     0.042   11.0   0.1   102   164   169   229   160   239 0.84 -
scaffold4.g4871.t1   -           1803 1770at3041           -            553   1.2e-22   78.8   3.7   3   4    0.0069       4.1    4.5   0.1   191   225   279   316   270   329 0.79 -
scaffold4.g4871.t1   -           1803 1770at3041           -            553   1.2e-22   78.8   3.7   4   4   2.9e-19   1.7e-16   58.5   0.0   222   315   340   434   328   468 0.80 -
scaffold22.g6094.t1  -            728 1770at3041           -            553   5.6e-16   56.8   0.0   1   2   7.7e-17   4.5e-14   50.5   0.0     9   164   310   484   307   497 0.78 -
scaffold22.g6094.t1  -            728 1770at3041           -            553   5.6e-16   56.8   0.0   2   2     0.013       7.8    3.5   0.0   225   253   693   720   640   726 0.78 -
scaffold8.g1371.t1   -           2098 1770at3041           -            553   5.3e-15   53.6   0.0   1   1   1.7e-17   9.9e-15   52.7   0.0   213   317   606   715   594   732 0.85 -
scaffold14.g1266.t1  -           1396 1770at3041           -            553   7.4e-08   30.0   1.2   1   3      0.75   4.5e+02   -2.3   0.0     2    19   532   549   531   552 0.88 -
scaffold14.g1266.t1  -           1396 1770at3041           -            553   7.4e-08   30.0   1.2   2   3   7.4e-07   0.00044   17.6   0.1    99   164   567   631   565   638 0.85 -
scaffold14.g1266.t1  -           1396 1770at3041           -            553   7.4e-08   30.0   1.2   3   3   0.00011     0.065   10.4   0.0   195   260   744   817   733   832 0.72 -
scaffold4.g4691.t1   -           2988 1770at3041           -            553   1.8e-05   22.2   0.8   1   4       2.6   1.5e+03   -4.0   0.0     3    15   877   889   876   896 0.81 -
scaffold4.g4691.t1   -           2988 1770at3041           -            553   1.8e-05   22.2   0.8   2   4   9.6e-05     0.057   10.6   0.0    85   150   954  1023   946  1032 0.83 -
scaffold4.g4691.t1   -           2988 1770at3041           -            553   1.8e-05   22.2   0.8   3   4      0.03        18    2.4   0.0   220   269  1425  1485  1403  1490 0.75 -
scaffold4.g4691.t1   -           2988 1770at3041           -            553   1.8e-05   22.2   0.8   4   4     0.004       2.4    5.2   0.1   293   313  1551  1571  1537  1581 0.88 -
scaffold6.g2877.t1   -            727 1770at3041           -            553    0.0007   16.9   0.3   1   3      0.81   4.8e+02   -2.4   0.0   308   347    32    74    28    81 0.80 -
scaffold6.g2877.t1   -            727 1770at3041           -            553    0.0007   16.9   0.3   2   3    0.0011      0.63    7.1   0.0     4   108   158   251   155   258 0.80 -
scaffold6.g2877.t1   -            727 1770at3041           -            553    0.0007   16.9   0.3   3   3    0.0014      0.83    6.7   0.0   256   303   341   394   321   405 0.81 -
scaffold20.g7765.t1  -            535 1770at3041           -            553    0.0039   14.4   0.0   1   2      0.14        82    0.2   0.0     6   107    80   172    75   178 0.74 -
scaffold20.g7765.t1  -            535 1770at3041           -            553    0.0039   14.4   0.0   2   2   4.2e-05     0.025   11.8   0.0   254   311   289   346   261   376 0.87 -
scaffold12.g7924.t1  -            840 1770at3041           -            553      0.12    9.6   0.1   1   2      0.33   1.9e+02   -1.1   0.1    11    37   371   397   366   403 0.89 -
scaffold12.g7924.t1  -            840 1770at3041           -            553      0.12    9.6   0.1   2   2   0.00082      0.48    7.5   0.0   222   279   548   610   482   633 0.73 -
#
# Program:         hmmsearch
# Version:         3.1b2 (February 2015)
# Pipeline mode:   SEARCH
# Query file:      /Users/catrionaharrison/Documents/Bioinformatics/rp2/Data/genomes/busco/busco_downloads/lineages/chlorophyta_odb10/hmms/1770at3041.hmm
# Target file:     /Users/catrionaharrison/Documents/Bioinformatics/rp2/Data/genomes/busco/data/a99.prot.fasta
# Option settings: hmmsearch --domtblout /Users/catrionaharrison/Documents/Bioinformatics/rp2/Data/genomes/busco/Busco_a99/run_chlorophyta_odb10/hmmer_output/initial_run_results/1770at3041.out --cpu 1 /Users/catrionaharrison/Documents/Bioinformatics/rp2/Data/genomes/busco/busco_downloads/lineages/chlorophyta_odb10/hmms/1770at3041.hmm /Users/catrionaharrison/Documents/Bioinformatics/rp2/Data/genomes/busco/data/a99.prot.fasta 
# Current dir:     /Users/catrionaharrison/Documents/Bioinformatics/rp2/Data/genomes/busco
# Date:            Fri Jul 22 14:44:08 2022
# [ok]
