#                                                                            --- full sequence --- -------------- this domain -------------   hmm coord   ali coord   env coord
# target name        accession   tlen query name           accession   qlen   E-value  score  bias   #  of  c-Evalue  i-Evalue  score  bias  from    to  from    to  from    to  acc description of target
#------------------- ---------- ----- -------------------- ---------- ----- --------- ------ ----- --- --- --------- --------- ------ ----- ----- ----- ----- ----- ----- ----- ---- ---------------------
scaffold25.g5084.t1  -           1420 2109at3041           -            543  1.9e-141  471.4  13.0   1   4   4.9e-96     1e-92  310.6   1.9     5   226   184   420   180   428 0.91 -
scaffold25.g5084.t1  -           1420 2109at3041           -            543  1.9e-141  471.4  13.0   2   4   3.6e-24   7.5e-21   73.3   0.0   249   299   525   575   521   576 0.97 -
scaffold25.g5084.t1  -           1420 2109at3041           -            543  1.9e-141  471.4  13.0   3   4   5.2e-15   1.1e-11   43.1   0.1   355   395   575   615   574   628 0.88 -
scaffold25.g5084.t1  -           1420 2109at3041           -            543  1.9e-141  471.4  13.0   4   4   6.8e-17   1.4e-13   49.3   0.2   429   501   730   823   720   827 0.78 -
scaffold11.g4044.t1  -           1091 2109at3041           -            543     4e-08   31.3   5.8   1   3    0.0082        17    2.9   0.2    31   100   272   343   257   416 0.80 -
scaffold11.g4044.t1  -           1091 2109at3041           -            543     4e-08   31.3   5.8   2   3         1   2.1e+03   -4.0   0.0   318   327   689   698   683   705 0.73 -
scaffold11.g4044.t1  -           1091 2109at3041           -            543     4e-08   31.3   5.8   3   3   3.8e-11   7.9e-08   30.4   0.2   333   432   762   864   748   873 0.82 -
scaffold4.g5057.t1   -            716 2109at3041           -            543   4.6e-05   21.2   0.6   1   2      0.14   2.9e+02   -1.2   0.2   341   378   471   508   404   512 0.58 -
scaffold4.g5057.t1   -            716 2109at3041           -            543   4.6e-05   21.2   0.6   2   2   6.3e-08   0.00013   19.7   0.0   393   435   580   622   572   627 0.90 -
scaffold1.g5298.t1   -            630 2109at3041           -            543       6.4    4.3   7.8   1   1    0.0058        12    3.4   7.8   499   542   497   540   446   541 0.89 -
#
# Program:         hmmsearch
# Version:         3.1b2 (February 2015)
# Pipeline mode:   SEARCH
# Query file:      /Users/catrionaharrison/Documents/Bioinformatics/rp2/Data/genomes/busco/busco_downloads/lineages/chlorophyta_odb10/hmms/2109at3041.hmm
# Target file:     /Users/catrionaharrison/Documents/Bioinformatics/rp2/Data/genomes/busco/data/a99.prot.fasta
# Option settings: hmmsearch --domtblout /Users/catrionaharrison/Documents/Bioinformatics/rp2/Data/genomes/busco/Busco_a99/run_chlorophyta_odb10/hmmer_output/initial_run_results/2109at3041.out --cpu 1 /Users/catrionaharrison/Documents/Bioinformatics/rp2/Data/genomes/busco/busco_downloads/lineages/chlorophyta_odb10/hmms/2109at3041.hmm /Users/catrionaharrison/Documents/Bioinformatics/rp2/Data/genomes/busco/data/a99.prot.fasta 
# Current dir:     /Users/catrionaharrison/Documents/Bioinformatics/rp2/Data/genomes/busco
# Date:            Fri Jul 22 14:45:07 2022
# [ok]
