#                                                                            --- full sequence --- -------------- this domain -------------   hmm coord   ali coord   env coord
# target name        accession   tlen query name           accession   qlen   E-value  score  bias   #  of  c-Evalue  i-Evalue  score  bias  from    to  from    to  from    to  acc description of target
#------------------- ---------- ----- -------------------- ---------- ----- --------- ------ ----- --- --- --------- --------- ------ ----- ----- ----- ----- ----- ----- ----- ---- ---------------------
scaffold19.g1773.t1  -            332 2134at3041           -            270  6.5e-111  368.8  10.1   1   3  1.9e-102   3.9e-99  330.2   2.0     1   193    42   258    42   275 0.92 -
scaffold19.g1773.t1  -            332 2134at3041           -            270  6.5e-111  368.8  10.1   2   3   1.8e-13   3.7e-10   38.4   0.1   192   223   278   309   258   315 0.80 -
scaffold19.g1773.t1  -            332 2134at3041           -            270  6.5e-111  368.8  10.1   3   3     0.002       4.2    5.4   0.1   255   270   316   331   310   331 0.90 -
scaffold43.g4488.t1  -            242 2134at3041           -            270   2.7e-35  120.8   4.9   1   2   9.4e-21   1.9e-17   62.3   0.3     1   111     8   128     8   149 0.73 -
scaffold43.g4488.t1  -            242 2134at3041           -            270   2.7e-35  120.8   4.9   2   2   2.7e-20   5.6e-17   60.8   0.6   195   270   161   241   152   241 0.89 -
scaffold6.g2529.t1   -            321 2134at3041           -            270     5e-28   97.0  11.1   1   1   2.9e-29     6e-26   90.2  11.1     2   270    52   318    51   318 0.81 -
scaffold6.g2609.t1   -            148 2134at3041           -            270     0.087   10.9   0.0   1   1     6e-05      0.12   10.4   0.0   217   265    21    69     8    75 0.87 -
#
# Program:         hmmsearch
# Version:         3.1b2 (February 2015)
# Pipeline mode:   SEARCH
# Query file:      /Users/catrionaharrison/Documents/Bioinformatics/rp2/Data/genomes/busco/busco_downloads/lineages/chlorophyta_odb10/hmms/2134at3041.hmm
# Target file:     /Users/catrionaharrison/Documents/Bioinformatics/rp2/Data/genomes/busco/data/a99.prot.fasta
# Option settings: hmmsearch --domtblout /Users/catrionaharrison/Documents/Bioinformatics/rp2/Data/genomes/busco/Busco_a99/run_chlorophyta_odb10/hmmer_output/initial_run_results/2134at3041.out --cpu 1 /Users/catrionaharrison/Documents/Bioinformatics/rp2/Data/genomes/busco/busco_downloads/lineages/chlorophyta_odb10/hmms/2134at3041.hmm /Users/catrionaharrison/Documents/Bioinformatics/rp2/Data/genomes/busco/data/a99.prot.fasta 
# Current dir:     /Users/catrionaharrison/Documents/Bioinformatics/rp2/Data/genomes/busco
# Date:            Fri Jul 22 14:45:13 2022
# [ok]
