#                                                                            --- full sequence --- -------------- this domain -------------   hmm coord   ali coord   env coord
# target name        accession   tlen query name           accession   qlen   E-value  score  bias   #  of  c-Evalue  i-Evalue  score  bias  from    to  from    to  from    to  acc description of target
#------------------- ---------- ----- -------------------- ---------- ----- --------- ------ ----- --- --- --------- --------- ------ ----- ----- ----- ----- ----- ----- ----- ---- ---------------------
scaffold2.g7155.t1   -           1993 2267at3041           -            368  9.4e-150  497.2   7.1   1   3   1.2e-30     7e-29   99.5   5.2     3   130   323   490   320   500 0.80 -
scaffold2.g7155.t1   -           1993 2267at3041           -            368  9.4e-150  497.2   7.1   2   3   9.4e-76   5.5e-74  247.9   0.0   129   288   512   690   495   696 0.92 -
scaffold2.g7155.t1   -           1993 2267at3041           -            368  9.4e-150  497.2   7.1   3   3   1.6e-44   9.7e-43  145.1   0.0   286   368   713   795   699   795 0.96 -
scaffold5.g965.t1    -            985 2267at3041           -            368   2.2e-40  137.3   0.4   1   3   2.3e-19   1.3e-17   62.4   0.0   119   367   271   534   252   536 0.77 -
scaffold5.g965.t1    -            985 2267at3041           -            368   2.2e-40  137.3   0.4   2   3     8e-07   4.7e-05   21.1   0.2   147   231   639   723   626   729 0.84 -
scaffold5.g965.t1    -            985 2267at3041           -            368   2.2e-40  137.3   0.4   3   3   7.1e-15   4.2e-13   47.6   0.0   235   367   752   897   747   898 0.78 -
scaffold22.g6134.t1  -            386 2267at3041           -            368   1.6e-32  111.5   0.0   1   1   3.4e-34     2e-32  111.1   0.0   119   367   127   372   108   373 0.86 -
scaffold1.g5827.t1   -           1138 2267at3041           -            368   1.7e-28   98.2   0.0   1   1   3.9e-30   2.3e-28   97.8   0.0   108   367   603   860   596   861 0.85 -
scaffold2.g7252.t1   -            392 2267at3041           -            368   2.1e-27   94.6   0.0   1   1   4.9e-29   2.9e-27   94.2   0.0   163   368    77   299    64   299 0.86 -
scaffold27.g6028.t1  -           1485 2267at3041           -            368   8.7e-26   89.3   0.0   1   1   1.9e-27   1.1e-25   88.9   0.0   127   312    16   209     7   259 0.79 -
scaffold2.g6947.t1   -            400 2267at3041           -            368   7.8e-25   86.2   0.0   1   2   4.6e-25   2.7e-23   81.1   0.0   110   302    86   291    63   296 0.85 -
scaffold2.g6947.t1   -            400 2267at3041           -            368   7.8e-25   86.2   0.0   2   2      0.24        14    3.1   0.0   337   367   298   328   294   329 0.92 -
scaffold5.g790.t1    -            345 2267at3041           -            368   5.9e-24   83.3   0.3   1   2   1.5e-07     9e-06   23.4   0.0   112   202    11    93     3    99 0.87 -
scaffold5.g790.t1    -            345 2267at3041           -            368   5.9e-24   83.3   0.3   2   2   1.1e-16   6.4e-15   53.5   0.1   207   367   135   292   125   293 0.84 -
scaffold13.g368.t1   -            444 2267at3041           -            368   2.3e-23   81.3   0.0   1   1   5.1e-25     3e-23   81.0   0.0   159   367    49   273    36   274 0.81 -
scaffold1.g5617.t1   -           1394 2267at3041           -            368   2.6e-22   77.9   0.0   1   1   6.1e-24   3.6e-22   77.4   0.0   117   367  1062  1314  1010  1315 0.85 -
scaffold19.g1826.t1  -            558 2267at3041           -            368   3.1e-22   77.6   0.1   1   2     2e-10   1.2e-08   32.9   0.0   112   244    68   203    63   209 0.85 -
scaffold19.g1826.t1  -            558 2267at3041           -            368   3.1e-22   77.6   0.1   2   2   2.3e-13   1.4e-11   42.6   0.0   263   368   255   371   237   371 0.80 -
scaffold20.g7617.t1  -           1415 2267at3041           -            368     1e-21   75.9   0.0   1   2   9.3e-13   5.5e-11   40.6   0.0   116   259   780   923   773   933 0.86 -
scaffold20.g7617.t1  -           1415 2267at3041           -            368     1e-21   75.9   0.0   2   2   2.1e-10   1.2e-08   32.9   0.0   237   358   964  1088   959  1096 0.78 -
scaffold3.g6223.t1   -            438 2267at3041           -            368   1.3e-21   75.6   0.1   1   2   1.2e-21   7.3e-20   69.8   0.0   112   316    12   235     3   246 0.78 -
scaffold3.g6223.t1   -            438 2267at3041           -            368   1.3e-21   75.6   0.1   2   2      0.16       9.4    3.6   0.0   335   367   279   311   261   312 0.93 -
scaffold1.g5616.t1   -            374 2267at3041           -            368   1.6e-21   75.2   0.0   1   1     6e-23   3.6e-21   74.1   0.0   160   367    70   280    60   281 0.86 -
scaffold2.g6974.t1   -           1099 2267at3041           -            368   3.5e-21   74.2   0.0   1   1   8.6e-23   5.1e-21   73.6   0.0   117   367   110   365   104   366 0.82 -
scaffold20.g7783.t1  -            388 2267at3041           -            368   3.7e-21   74.0   0.0   1   1   1.6e-22   9.5e-21   72.7   0.0   165   368    30   246    20   246 0.77 -
scaffold1.g5873.t1   -            433 2267at3041           -            368   7.3e-21   73.1   0.0   1   1   1.8e-22   1.1e-20   72.5   0.0   112   368     4   273     3   273 0.77 -
scaffold25.g5109.t1  -            492 2267at3041           -            368   1.2e-20   72.4   0.0   1   2   2.4e-14   1.4e-12   45.8   0.0   112   260   179   337   167   346 0.79 -
scaffold25.g5109.t1  -            492 2267at3041           -            368   1.2e-20   72.4   0.0   2   2   8.8e-08   5.2e-06   24.2   0.0   288   367   389   466   381   467 0.85 -
scaffold2.g7253.t1   -            933 2267at3041           -            368   2.6e-20   71.3   0.0   1   1   7.2e-22   4.2e-20   70.6   0.0   113   368    39   298    22   298 0.83 -
scaffold13.g268.t1   -            890 2267at3041           -            368   3.6e-20   70.8   0.0   1   1     1e-21   5.9e-20   70.1   0.0   117   311   630   835   609   848 0.83 -
scaffold18.g1941.t1  -            965 2267at3041           -            368     1e-19   69.3   0.0   1   1   2.6e-21   1.5e-19   68.7   0.0   111   368    42   304    34   304 0.82 -
scaffold4.g4640.t1   -            736 2267at3041           -            368   1.3e-19   69.0   0.0   1   2   3.3e-18     2e-16   58.5   0.0    99   281    54   239    45   254 0.85 -
scaffold4.g4640.t1   -            736 2267at3041           -            368   1.3e-19   69.0   0.0   2   2     0.006      0.35    8.3   0.0   289   347   282   334   261   347 0.71 -
scaffold1.g5806.t1   -           1689 2267at3041           -            368   6.7e-19   66.6   5.8   1   1   2.4e-19   1.4e-17   62.3   0.0   101   353   583   870   567   884 0.76 -
scaffold8.g1603.t1   -            301 2267at3041           -            368   1.1e-18   66.0   0.0   1   2   1.6e-19   9.4e-18   62.9   0.1   112   313     3   218     2   242 0.72 -
scaffold8.g1603.t1   -            301 2267at3041           -            368   1.1e-18   66.0   0.0   2   2       7.7   4.5e+02   -1.9   0.0   337   367   265   295   261   296 0.85 -
scaffold20.g7737.t1  -            905 2267at3041           -            368   1.3e-18   65.7   0.0   1   2   1.9e-12   1.1e-10   39.6   0.0   163   279    94   218    70   226 0.84 -
scaffold20.g7737.t1  -            905 2267at3041           -            368   1.3e-18   65.7   0.0   2   2   1.1e-07   6.5e-06   23.9   0.0   288   367   260   333   256   334 0.80 -
scaffold15.g4269.t1  -            816 2267at3041           -            368   2.7e-18   64.7   0.0   1   1   6.8e-20     4e-18   64.1   0.0   114   318   430   646   427   661 0.79 -
scaffold20.g7812.t1  -            547 2267at3041           -            368   5.8e-18   63.6   0.0   1   1   1.5e-19   8.7e-18   63.0   0.0   187   367   152   338   140   339 0.85 -
scaffold8.g1373.t1   -            371 2267at3041           -            368   6.7e-18   63.3   0.0   1   1   1.7e-19     1e-17   62.8   0.0   100   357    36   300    25   309 0.78 -
scaffold6.g2566.t1   -           1105 2267at3041           -            368   2.7e-17   61.4   0.0   1   1   6.3e-19   3.7e-17   60.9   0.0   117   367    35   293    29   294 0.80 -
scaffold3.g6333.t1   -            691 2267at3041           -            368   3.4e-17   61.0   0.0   1   1     8e-19   4.7e-17   60.6   0.0   113   368   102   377    98   377 0.80 -
scaffold2.g6950.t1   -            631 2267at3041           -            368   4.8e-17   60.5   0.0   1   2   8.2e-18   4.8e-16   57.2   0.0   112   309     3   205     1   223 0.83 -
scaffold2.g6950.t1   -            631 2267at3041           -            368   4.8e-17   60.5   0.0   2   2      0.95        56    1.1   0.0   335   367   256   288   245   289 0.94 -
scaffold8.g1381.t1   -            435 2267at3041           -            368   9.5e-17   59.6   0.0   1   1   6.1e-17   3.6e-15   54.4   0.0   113   320     5   200     3   207 0.79 -
scaffold30.g4439.t1  -            633 2267at3041           -            368     2e-16   58.5   0.0   1   1   4.9e-18   2.9e-16   58.0   0.0   113   280    35   204    28   212 0.85 -
scaffold9.g3163.t1   -            647 2267at3041           -            368   1.1e-15   56.1   0.0   1   2      0.92        54    1.1   0.0   137   215    58   137    33   161 0.59 -
scaffold9.g3163.t1   -            647 2267at3041           -            368   1.1e-15   56.1   0.0   2   2   4.6e-16   2.7e-14   51.5   0.0   236   368   244   388   241   388 0.78 -
scaffold9.g3171.t1   -           1862 2267at3041           -            368   1.3e-15   55.8   0.0   1   1   3.4e-17     2e-15   55.2   0.0   164   302   974  1129   956  1138 0.79 -
scaffold7.g3629.t1   -            646 2267at3041           -            368     3e-15   54.6   0.0   1   2   7.1e-09   4.2e-07   27.8   0.0   113   251   181   319   126   325 0.82 -
scaffold7.g3629.t1   -            646 2267at3041           -            368     3e-15   54.6   0.0   2   2   7.8e-08   4.6e-06   24.4   0.0   251   349   366   463   363   472 0.72 -
scaffold20.g7651.t1  -            311 2267at3041           -            368     6e-15   53.6   0.0   1   1   5.5e-16   3.2e-14   51.2   0.0   166   368    75   298    35   298 0.74 -
scaffold3.g6661.t1   -            648 2267at3041           -            368   7.6e-15   53.3   0.0   1   1   1.9e-16   1.1e-14   52.8   0.0   112   307    73   281    70   284 0.82 -
scaffold13.g352.t1   -            444 2267at3041           -            368   8.6e-15   53.1   0.0   1   3   6.7e-10     4e-08   31.2   0.0   154   241    97   189    61   229 0.71 -
scaffold13.g352.t1   -            444 2267at3041           -            368   8.6e-15   53.1   0.0   2   3   5.4e-06   0.00032   18.3   0.0   270   315   247   292   234   308 0.86 -
scaffold13.g352.t1   -            444 2267at3041           -            368   8.6e-15   53.1   0.0   3   3       2.9   1.7e+02   -0.5   0.0   331   367   329   365   323   366 0.85 -
scaffold18.g1970.t1  -           1775 2267at3041           -            368   9.9e-15   52.9   0.0   1   2     2e-11   1.2e-09   36.2   0.1   114   259  1072  1217  1067  1228 0.85 -
scaffold18.g1970.t1  -           1775 2267at3041           -            368   9.9e-15   52.9   0.0   2   2   0.00013    0.0077   13.8   0.0   257   309  1311  1362  1299  1396 0.86 -
scaffold15.g4203.t1  -           1339 2267at3041           -            368     1e-14   52.8   0.0   1   1   3.1e-16   1.8e-14   52.1   0.0   160   308    60   223    25   231 0.76 -
scaffold11.g4031.t1  -            676 2267at3041           -            368   1.3e-14   52.5   0.0   1   1   4.2e-16   2.5e-14   51.6   0.0   183   336   430   588   412   596 0.80 -
scaffold3.g6757.t1   -            792 2267at3041           -            368   1.9e-14   51.9   0.0   1   3       1.4        80    0.6   0.0   234   260   363   389   334   396 0.83 -
scaffold3.g6757.t1   -            792 2267at3041           -            368   1.9e-14   51.9   0.0   2   3      0.78        46    1.4   0.0   113   143   498   528   494   566 0.70 -
scaffold3.g6757.t1   -            792 2267at3041           -            368   1.9e-14   51.9   0.0   3   3   3.1e-14   1.8e-12   45.5   0.0   212   308   581   685   574   727 0.85 -
scaffold3.g6273.t1   -           1552 2267at3041           -            368   2.9e-14   51.4   0.0   1   3    0.0081      0.47    7.9   0.0   115   181   507   568   497   576 0.83 -
scaffold3.g6273.t1   -           1552 2267at3041           -            368   2.9e-14   51.4   0.0   2   3   6.4e-09   3.8e-07   28.0   0.0   203   260   784   845   776   852 0.87 -
scaffold3.g6273.t1   -           1552 2267at3041           -            368   2.9e-14   51.4   0.0   3   3    0.0008     0.047   11.2   0.0   267   338   882   951   871   969 0.85 -
scaffold2.g7528.t1   -           1446 2267at3041           -            368   3.2e-14   51.2   0.0   1   1   9.6e-16   5.7e-14   50.4   0.0   120   301   509   691   502   753 0.81 -
scaffold19.g1753.t1  -            743 2267at3041           -            368   5.5e-14   50.5   0.0   1   2   7.7e-15   4.5e-13   47.4   0.0   157   309   403   564   370   581 0.82 -
scaffold19.g1753.t1  -            743 2267at3041           -            368   5.5e-14   50.5   0.0   2   2       1.3        79    0.6   0.0   328   367   626   665   620   666 0.89 -
scaffold16.g9.t1     -            611 2267at3041           -            368   7.1e-14   50.1   0.0   1   1   1.1e-14   6.7e-13   46.9   0.0   116   304    68   287    60   295 0.69 -
scaffold27.g6013.t1  -            503 2267at3041           -            368   9.3e-14   49.7   0.0   1   1   1.4e-14   8.1e-13   46.6   0.0   165   363   239   470   197   473 0.79 -
scaffold6.g2538.t1   -            979 2267at3041           -            368   1.6e-13   48.9   0.0   1   2   1.2e-14   7.3e-13   46.8   0.0   101   318   653   886   637   895 0.78 -
scaffold6.g2538.t1   -            979 2267at3041           -            368   1.6e-13   48.9   0.0   2   2       4.1   2.4e+02   -1.0   0.0   335   367   925   957   919   958 0.91 -
scaffold5.g963.t1    -            781 2267at3041           -            368   1.7e-13   48.8   0.0   1   1   5.8e-15   3.4e-13   47.9   0.0   113   309   177   402   174   456 0.79 -
scaffold30.g4451.t1  -           1007 2267at3041           -            368   2.9e-13   48.1   0.0   1   1   7.3e-15   4.3e-13   47.5   0.0   114   310   738   946   718   953 0.78 -
scaffold20.g7840.t1  -            345 2267at3041           -            368   4.1e-13   47.6   0.0   1   2    0.0031      0.18    9.3   0.0   113   182    40   110    25   115 0.82 -
scaffold20.g7840.t1  -            345 2267at3041           -            368   4.1e-13   47.6   0.0   2   2   1.8e-11     1e-09   36.4   0.0   289   367   159   235   127   236 0.91 -
scaffold21.g2228.t1  -            545 2267at3041           -            368   4.6e-13   47.4   0.0   1   2     2e-13   1.2e-11   42.8   0.0   115   304    35   223    30   231 0.77 -
scaffold21.g2228.t1  -            545 2267at3041           -            368   4.6e-13   47.4   0.0   2   2      0.57        33    1.8   0.0   335   367   277   309   273   310 0.94 -
scaffold6.g2547.t1   -            927 2267at3041           -            368   5.7e-13   47.1   0.1   1   3   1.4e-08   8.2e-07   26.9   0.0   107   259   609   756   591   767 0.84 -
scaffold6.g2547.t1   -            927 2267at3041           -            368   5.7e-13   47.1   0.1   2   3    0.0077      0.45    8.0   0.0   288   312   808   834   787   845 0.81 -
scaffold6.g2547.t1   -            927 2267at3041           -            368   5.7e-13   47.1   0.1   3   3    0.0055      0.32    8.5   0.0   334   367   886   919   874   920 0.90 -
scaffold7.g3741.t1   -           1288 2267at3041           -            368   1.8e-12   45.4   0.0   1   2    0.0058      0.34    8.4   0.0   115   179   272   329   267   336 0.76 -
scaffold7.g3741.t1   -           1288 2267at3041           -            368   1.8e-12   45.4   0.0   2   2   5.6e-11   3.3e-09   34.7   0.0   229   317  1090  1188  1023  1206 0.70 -
scaffold34.g4500.t1  -            942 2267at3041           -            368   2.6e-12   44.9   0.1   1   1   1.6e-13   9.3e-12   43.1   0.1   119   307   697   891   604   897 0.82 -
scaffold4.g5023.t1   -           1259 2267at3041           -            368   2.7e-12   44.9   0.0   1   1     7e-14   4.1e-12   44.3   0.0   118   307   613   802   611   809 0.87 -
scaffold6.g2633.t1   -           1301 2267at3041           -            368   2.9e-12   44.8   0.0   1   2      0.59        34    1.8   0.0   160   207   970  1016   932  1033 0.78 -
scaffold6.g2633.t1   -           1301 2267at3041           -            368   2.9e-12   44.8   0.0   2   2   5.5e-12   3.2e-10   38.1   0.0   210   359  1044  1209  1012  1216 0.76 -
scaffold14.g1291.t1  -            576 2267at3041           -            368   3.2e-12   44.7   0.1   1   1   7.9e-14   4.7e-12   44.1   0.1   114   261    32   172    24   183 0.85 -
scaffold2.g7213.t1   -           1327 2267at3041           -            368   3.3e-12   44.6   0.0   1   1   8.6e-14   5.1e-12   44.0   0.0   163   309   427   578   391   599 0.83 -
scaffold21.g2143.t1  -            813 2267at3041           -            368   3.9e-12   44.4   0.0   1   1   6.7e-14   3.9e-12   44.4   0.0   231   309   294   376   218   380 0.86 -
scaffold2.g6917.t1   -            530 2267at3041           -            368   4.8e-12   44.1   0.0   1   1   1.2e-13   6.8e-12   43.6   0.0   191   305    10   141     5   189 0.80 -
scaffold10.g2275.t1  -           1341 2267at3041           -            368   6.3e-12   43.7   0.0   1   1   6.8e-13     4e-11   41.1   0.0   113   310   835  1058   819  1100 0.60 -
scaffold7.g3610.t1   -           1371 2267at3041           -            368   1.2e-11   42.7   0.1   1   2     3e-07   1.8e-05   22.5   0.1   113   208    25   114    20   115 0.87 -
scaffold7.g3610.t1   -           1371 2267at3041           -            368   1.2e-11   42.7   0.1   2   2   3.1e-06   0.00018   19.1   0.0   236   308   115   183   112   235 0.83 -
scaffold3.g6259.t1   -            373 2267at3041           -            368   2.9e-11   41.5   0.0   1   2   9.7e-10   5.7e-08   30.7   0.0   112   268    12   165     8   168 0.81 -
scaffold3.g6259.t1   -            373 2267at3041           -            368   2.9e-11   41.5   0.0   2   2     0.005       0.3    8.6   0.0   268   310   223   265   215   288 0.84 -
scaffold4.g4988.t1   -            747 2267at3041           -            368   3.2e-11   41.4   0.0   1   2     0.024       1.4    6.3   0.0   161   207   411   458   384   466 0.87 -
scaffold4.g4988.t1   -            747 2267at3041           -            368   3.2e-11   41.4   0.0   2   2   2.6e-10   1.6e-08   32.5   0.0   229   308   527   611   511   618 0.85 -
scaffold15.g4370.t1  -           1266 2267at3041           -            368   5.6e-11   40.6   0.0   1   2       3.5   2.1e+02   -0.8   0.0   116   143   942   967   936   998 0.81 -
scaffold15.g4370.t1  -           1266 2267at3041           -            368   5.6e-11   40.6   0.0   2   2   4.3e-12   2.5e-10   38.4   0.0   223   329  1063  1174  1049  1203 0.78 -
scaffold8.g1549.t1   -            643 2267at3041           -            368   8.5e-11   40.0   0.0   1   1   3.7e-12   2.2e-10   38.6   0.0   117   320   350   557   319   572 0.64 -
scaffold13.g271.t1   -            894 2267at3041           -            368     1e-10   39.7   0.0   1   2   0.00095     0.056   10.9   0.0   198   281   250   349   144   367 0.72 -
scaffold13.g271.t1   -            894 2267at3041           -            368     1e-10   39.7   0.0   2   2   2.2e-08   1.3e-06   26.2   0.0   287   367   392   468   386   469 0.90 -
scaffold12.g8023.t1  -            376 2267at3041           -            368   1.1e-10   39.6   0.0   1   1   2.8e-12   1.7e-10   39.0   0.0   232   367    90   238    60   239 0.81 -
scaffold2.g7439.t1   -           2556 2267at3041           -            368   1.4e-10   39.3   0.0   1   1   4.1e-12   2.4e-10   38.5   0.0   119   307  2203  2391  2199  2399 0.86 -
scaffold7.g3545.t1   -           1150 2267at3041           -            368   2.3e-10   38.5   0.0   1   3   0.00023     0.013   13.0   0.0   112   199   121   219   100   239 0.81 -
scaffold7.g3545.t1   -           1150 2267at3041           -            368   2.3e-10   38.5   0.0   2   3   4.7e-05    0.0028   15.2   0.0   187   259   286   365   262   374 0.78 -
scaffold7.g3545.t1   -           1150 2267at3041           -            368   2.3e-10   38.5   0.0   3   3     0.024       1.4    6.4   0.0   268   367   399   496   391   497 0.78 -
scaffold19.g1865.t1  -           1105 2267at3041           -            368   2.6e-10   38.4   0.0   1   1   7.6e-12   4.5e-10   37.6   0.0   119   304   701   899   684   919 0.70 -
scaffold10.g2384.t1  -            921 2267at3041           -            368   3.7e-10   37.8   0.0   1   2     5e-11   2.9e-09   34.9   0.0   112   252     6   151     2   165 0.78 -
scaffold10.g2384.t1  -            921 2267at3041           -            368   3.7e-10   37.8   0.0   2   2       2.4   1.4e+02   -0.3   0.0   290   367   231   303   227   304 0.62 -
scaffold2.g7419.t1   -            411 2267at3041           -            368   3.8e-10   37.8   0.2   1   2    0.0066      0.39    8.2   0.1   116   196    37   122    30   129 0.64 -
scaffold2.g7419.t1   -            411 2267at3041           -            368   3.8e-10   37.8   0.2   2   2   8.1e-09   4.8e-07   27.6   0.0   249   311   132   197   126   204 0.87 -
scaffold25.g5106.t1  -            471 2267at3041           -            368     4e-10   37.8   0.0   1   1   9.5e-12   5.6e-10   37.3   0.0   113   368    26   309    18   309 0.72 -
scaffold2.g7220.t1   -            825 2267at3041           -            368   4.3e-10   37.6   0.0   1   1     1e-11   6.1e-10   37.1   0.0   210   312   375   485   289   538 0.70 -
scaffold26.g3349.t1  -            698 2267at3041           -            368   4.8e-10   37.5   0.0   1   2   0.00013    0.0078   13.8   0.0   119   185    10    76     4    90 0.85 -
scaffold26.g3349.t1  -            698 2267at3041           -            368   4.8e-10   37.5   0.0   2   2   1.3e-09   7.4e-08   30.3   0.0   231   301    98   173    83   190 0.84 -
scaffold1.g5538.t1   -           1523 2267at3041           -            368   4.9e-10   37.5   0.0   1   1   1.6e-11   9.4e-10   36.5   0.0   194   310  1196  1327  1193  1340 0.76 -
scaffold27.g5970.t1  -           2013 2267at3041           -            368   7.3e-10   36.9   0.1   1   1   3.2e-11   1.9e-09   35.5   0.1   112   301   933  1131   925  1136 0.77 -
scaffold15.g4261.t1  -            599 2267at3041           -            368   1.4e-09   36.0   0.0   1   2    0.0012     0.069   10.6   0.0   112   199    32   115    22   131 0.79 -
scaffold15.g4261.t1  -            599 2267at3041           -            368   1.4e-09   36.0   0.0   2   2   2.9e-07   1.7e-05   22.5   0.0   218   261   158   205   147   240 0.79 -
scaffold8.g1505.t1   -            334 2267at3041           -            368   2.2e-09   35.3   0.0   1   2       3.2   1.9e+02   -0.7   0.0   112   149    22    59    19    65 0.87 -
scaffold8.g1505.t1   -            334 2267at3041           -            368   2.2e-09   35.3   0.0   2   2     2e-10   1.2e-08   32.9   0.0   249   350    91   198    74   216 0.66 -
scaffold2.g7263.t1   -           1316 2267at3041           -            368   2.7e-09   35.0   0.0   1   2   5.4e-09   3.2e-07   28.2   0.0   165   263   957  1051   945  1059 0.83 -
scaffold2.g7263.t1   -           1316 2267at3041           -            368   2.7e-09   35.0   0.0   2   2     0.085         5    4.5   0.0   327   361  1161  1195  1151  1202 0.80 -
scaffold5.g723.t1    -           1043 2267at3041           -            368   6.2e-09   33.8   0.0   1   1   1.7e-10   9.9e-09   33.2   0.0   138   309   637   822   630   845 0.74 -
scaffold1.g5539.t1   -            435 2267at3041           -            368   6.6e-09   33.7   0.0   1   1     2e-10   1.2e-08   32.9   0.0    92   259    36   204    22   250 0.76 -
scaffold20.g7826.t1  -            465 2267at3041           -            368   6.8e-09   33.7   0.0   1   2    0.0012     0.071   10.6   0.0   112   248    55   210    50   220 0.67 -
scaffold20.g7826.t1  -            465 2267at3041           -            368   6.8e-09   33.7   0.0   2   2   1.2e-06     7e-05   20.5   0.0   269   361   348   452   342   457 0.75 -
scaffold22.g6047.t1  -            758 2267at3041           -            368   1.1e-08   33.0   0.0   1   1   3.1e-10   1.8e-08   32.3   0.0    82   300    54   279    31   287 0.77 -
scaffold2.g7201.t1   -            397 2267at3041           -            368   2.3e-08   31.9   0.0   1   1   6.2e-10   3.6e-08   31.3   0.0   163   359    45   256    40   265 0.78 -
scaffold6.g2505.t1   -            928 2267at3041           -            368   3.1e-08   31.5   0.0   1   2    0.0025      0.14    9.6   0.0   112   153    87   128    82   166 0.73 -
scaffold6.g2505.t1   -            928 2267at3041           -            368   3.1e-08   31.5   0.0   2   2   1.1e-06   6.7e-05   20.6   0.0   213   303   145   235   136   245 0.77 -
scaffold13.g196.t1   -           1341 2267at3041           -            368   4.5e-08   31.0   0.0   1   1   1.1e-09   6.7e-08   30.4   0.0   119   295  1068  1248  1060  1251 0.75 -
scaffold11.g3887.t1  -            759 2267at3041           -            368   7.7e-08   30.2   0.1   1   2      0.12       6.9    4.1   0.0   119   150   576   606   574   620 0.82 -
scaffold11.g3887.t1  -            759 2267at3041           -            368   7.7e-08   30.2   0.1   2   2   9.9e-08   5.8e-06   24.1   0.0   223   302   667   751   635   755 0.82 -
scaffold2.g7169.t1   -            524 2267at3041           -            368   1.1e-07   29.8   2.0   1   3   0.00028     0.017   12.7   0.1   108   183    11    81     3   111 0.82 -
scaffold2.g7169.t1   -            524 2267at3041           -            368   1.1e-07   29.8   2.0   2   3   8.7e-05    0.0051   14.4   0.2   268   308   133   174   118   187 0.83 -
scaffold2.g7169.t1   -            524 2267at3041           -            368   1.1e-07   29.8   2.0   3   3       1.7        99    0.3   0.0   335   367   226   258   203   259 0.80 -
scaffold11.g3891.t1  -            981 2267at3041           -            368   1.5e-07   29.3   0.1   1   2   4.6e-08   2.7e-06   25.1   0.1   109   252   663   796   657   801 0.73 -
scaffold11.g3891.t1  -            981 2267at3041           -            368   1.5e-07   29.3   0.1   2   2       1.3        78    0.6   0.0   288   317   807   836   801   842 0.84 -
scaffold7.g3726.t1   -            414 2267at3041           -            368   1.6e-07   29.2   0.6   1   1   9.1e-09   5.4e-07   27.5   0.0   221   366   170   334    40   336 0.63 -
scaffold4.g4796.t1   -            461 2267at3041           -            368   1.7e-07   29.1   0.0   1   1     3e-08   1.8e-06   25.8   0.0   235   350   178   285   170   292 0.73 -
scaffold6.g2763.t1   -           1319 2267at3041           -            368   1.9e-07   28.9   0.0   1   2     0.044       2.6    5.5   0.0   114   209   974  1065   964  1089 0.80 -
scaffold6.g2763.t1   -           1319 2267at3041           -            368   1.9e-07   28.9   0.0   2   2   8.7e-07   5.1e-05   20.9   0.0   235   309  1135  1213  1119  1218 0.81 -
scaffold2.g7301.t1   -            609 2267at3041           -            368     2e-07   28.9   0.0   1   2     0.016      0.94    6.9   0.0   101   147    21    67    11    73 0.86 -
scaffold2.g7301.t1   -            609 2267at3041           -            368     2e-07   28.9   0.0   2   2   2.5e-06   0.00014   19.5   0.0   240   309    88   167    86   170 0.79 -
scaffold4.g4986.t1   -           1801 2267at3041           -            368   3.1e-07   28.3   0.0   1   1   3.5e-08     2e-06   25.6   0.0   174   309   835   999   812  1021 0.65 -
scaffold2.g6786.t1   -            613 2267at3041           -            368   3.3e-07   28.2   0.0   1   1   8.8e-09   5.2e-07   27.5   0.0   107   304   181   391   168   397 0.78 -
scaffold9.g3134.t1   -            871 2267at3041           -            368   3.3e-07   28.2   0.0   1   1   1.1e-07   6.2e-06   24.0   0.0   138   261   620   760   599   793 0.71 -
scaffold21.g2119.t1  -            813 2267at3041           -            368   3.6e-07   28.0   0.0   1   1   1.2e-08     7e-07   27.1   0.0   120   313   489   698   481   718 0.64 -
scaffold13.g345.t1   -            801 2267at3041           -            368     4e-07   27.9   0.0   1   2   2.7e-07   1.6e-05   22.6   0.0   112   244    38   183    30   232 0.71 -
scaffold13.g345.t1   -            801 2267at3041           -            368     4e-07   27.9   0.0   2   2       1.5        90    0.4   0.0   276   302   307   333   300   342 0.82 -
scaffold2.g6899.t1   -           1764 2267at3041           -            368   4.6e-07   27.7   0.0   1   2       1.9   1.1e+02    0.1   0.0   156   240    55   133    34   142 0.70 -
scaffold2.g6899.t1   -           1764 2267at3041           -            368   4.6e-07   27.7   0.0   2   2   7.1e-08   4.2e-06   24.5   0.0   268   368   188   290   148   290 0.81 -
scaffold2.g7529.t1   -            698 2267at3041           -            368   1.3e-06   26.2   0.0   1   2   1.2e-05   0.00071   17.2   0.0   117   173    38    88    33   102 0.74 -
scaffold2.g7529.t1   -            698 2267at3041           -            368   1.3e-06   26.2   0.0   2   2     0.019       1.1    6.6   0.0   267   310   213   258   150   270 0.70 -
scaffold2.g7218.t1   -            800 2267at3041           -            368   1.5e-06   26.0   0.0   1   1   1.1e-07   6.7e-06   23.9   0.0   116   308   425   637   413   646 0.66 -
scaffold14.g1247.t1  -            888 2267at3041           -            368   2.1e-06   25.5   0.0   1   1   5.4e-08   3.2e-06   24.9   0.0   194   262   439   518   412   540 0.74 -
scaffold4.g5002.t1   -            539 2267at3041           -            368   2.5e-06   25.2   0.0   1   1     9e-08   5.3e-06   24.2   0.0   229   308   327   403   307   412 0.87 -
scaffold18.g2040.t1  -            663 2267at3041           -            368   3.1e-06   25.0   0.0   1   1   8.1e-08   4.7e-06   24.3   0.0   119   308   374   586   362   646 0.71 -
scaffold4.g5032.t1   -           1794 2267at3041           -            368     4e-06   24.6   2.0   1   1   2.2e-07   1.3e-05   22.9   0.0   224   332  1575  1692  1564  1716 0.75 -
scaffold5.g814.t1    -            906 2267at3041           -            368     5e-06   24.3   0.0   1   1     2e-07   1.2e-05   23.1   0.0   117   245   362   493   343   501 0.71 -
scaffold2.g6860.t1   -            544 2267at3041           -            368     6e-06   24.0   0.0   1   2      0.73        43    1.5   0.0   119   177   219   270   217   280 0.64 -
scaffold2.g6860.t1   -            544 2267at3041           -            368     6e-06   24.0   0.0   2   2   1.5e-06     9e-05   20.1   0.0   222   308   354   434   342   443 0.82 -
scaffold12.g8288.t1  -           1000 2267at3041           -            368   9.4e-06   23.4   0.0   1   1   2.4e-07   1.4e-05   22.8   0.0   232   298   575   646   565   652 0.82 -
scaffold7.g3664.t1   -            723 2267at3041           -            368   1.7e-05   22.6   0.0   1   2   0.00015     0.009   13.6   0.0   229   260   473   504   392   515 0.68 -
scaffold7.g3664.t1   -            723 2267at3041           -            368   1.7e-05   22.6   0.0   2   2     0.017         1    6.8   0.0   252   313   530   590   522   598 0.85 -
scaffold2.g7480.t1   -           1468 2267at3041           -            368   1.7e-05   22.5   0.0   1   3       1.4        84    0.5   0.0   112   149   483   520   455   549 0.79 -
scaffold2.g7480.t1   -           1468 2267at3041           -            368   1.7e-05   22.5   0.0   2   3     0.012      0.73    7.3   0.0   164   231   569   640   564   648 0.86 -
scaffold2.g7480.t1   -           1468 2267at3041           -            368   1.7e-05   22.5   0.0   3   3    0.0012      0.07   10.6   0.0   267   312   651   696   642   725 0.80 -
scaffold24.g2964.t1  -            455 2267at3041           -            368   1.8e-05   22.4   1.0   1   3    0.0033       0.2    9.2   0.1   164   226    77   140    72   155 0.80 -
scaffold24.g2964.t1  -            455 2267at3041           -            368   1.8e-05   22.4   1.0   2   3    0.0012     0.071   10.6   0.1   254   303   144   194   141   205 0.72 -
scaffold24.g2964.t1  -            455 2267at3041           -            368   1.8e-05   22.4   1.0   3   3       2.5   1.5e+02   -0.3   0.0   337   358   207   228   198   234 0.85 -
scaffold34.g4496.t1  -            979 2267at3041           -            368   1.9e-05   22.4   0.0   1   1   4.6e-07   2.7e-05   21.9   0.0   163   280   756   889   721   921 0.74 -
scaffold2.g6949.t1   -            163 2267at3041           -            368   1.9e-05   22.4   0.0   1   1   4.8e-07   2.8e-05   21.8   0.0   237   311     1    82     1   100 0.83 -
scaffold14.g1028.t1  -           1685 2267at3041           -            368   1.9e-05   22.3   0.0   1   1   5.8e-07   3.4e-05   21.5   0.0   217   301  1492  1583  1486  1587 0.82 -
scaffold7.g3705.t1   -           1401 2267at3041           -            368   2.1e-05   22.2   0.0   1   1   3.5e-07   2.1e-05   22.2   0.0   235   315   873   964   867   982 0.73 -
scaffold23.g4147.t1  -            203 2267at3041           -            368   2.5e-05   21.9   0.0   1   2       8.2   4.8e+02   -2.0   0.0   158   179    37    58    16    65 0.77 -
scaffold23.g4147.t1  -            203 2267at3041           -            368   2.5e-05   21.9   0.0   2   2   9.5e-07   5.6e-05   20.8   0.0   231   313    88   182    62   196 0.76 -
scaffold34.g4499.t1  -           1021 2267at3041           -            368   4.1e-05   21.3   0.0   1   1   1.2e-06   7.1e-05   20.5   0.0   118   307   698   906   696   911 0.74 -
scaffold12.g8025.t1  -           1024 2267at3041           -            368   7.8e-05   20.4   0.0   1   1   2.2e-06   0.00013   19.6   0.0   223   301   784   875   750   881 0.80 -
scaffold7.g3708.t1   -            986 2267at3041           -            368     9e-05   20.1   0.0   1   1   2.7e-06   0.00016   19.3   0.0   153   302   574   738   569   746 0.68 -
scaffold10.g2361.t1  -           1816 2267at3041           -            368   0.00011   19.9   0.0   1   1     8e-06   0.00047   17.8   0.0   119   303  1043  1235  1040  1281 0.77 -
scaffold1.g5599.t1   -            954 2267at3041           -            368   0.00012   19.7   0.0   1   2       5.4   3.2e+02   -1.4   0.0   117   130   485   498   481   518 0.85 -
scaffold1.g5599.t1   -            954 2267at3041           -            368   0.00012   19.7   0.0   2   2   7.8e-06   0.00046   17.8   0.0   226   313   747   842   741   866 0.79 -
scaffold18.g1926.t1  -            577 2267at3041           -            368    0.0002   19.0   0.1   1   2     0.073       4.3    4.7   0.0   137   209   343   409   320   426 0.72 -
scaffold18.g1926.t1  -            577 2267at3041           -            368    0.0002   19.0   0.1   2   2   0.00036     0.021   12.3   0.0   273   310   437   473   416   520 0.86 -
scaffold1.g5875.t1   -           1255 2267at3041           -            368   0.00025   18.7   0.0   1   2       3.7   2.2e+02   -0.9   0.0   118   144   592   617   589   636 0.84 -
scaffold1.g5875.t1   -           1255 2267at3041           -            368   0.00025   18.7   0.0   2   2   1.9e-05    0.0011   16.5   0.0   240   307   742   810   722   819 0.87 -
scaffold8.g1449.t1   -           1077 2267at3041           -            368    0.0003   18.4   0.0   1   1   1.3e-05   0.00075   17.1   0.0   232   298   917   987   904   990 0.78 -
scaffold2.g7025.t1   -            471 2267at3041           -            368   0.00039   18.0   0.0   1   2     0.018         1    6.8   0.0   109   180   103   163    51   173 0.74 -
scaffold2.g7025.t1   -            471 2267at3041           -            368   0.00039   18.0   0.0   2   2    0.0057      0.34    8.4   0.0   249   316   271   341   257   365 0.73 -
scaffold2.g7082.t1   -            358 2267at3041           -            368    0.0012   16.4   0.0   1   1   3.2e-05    0.0019   15.8   0.0   230   262   264   296   226   299 0.79 -
scaffold10.g2246.t1  -           1063 2267at3041           -            368    0.0013   16.3   0.0   1   1   3.4e-05     0.002   15.7   0.0   231   309   892   970   815   986 0.77 -
scaffold21.g2140.t1  -           1387 2267at3041           -            368    0.0014   16.2   0.0   1   1   5.7e-05    0.0034   15.0   0.0   166   308   996  1161   983  1171 0.62 -
scaffold6.g2831.t1   -            372 2267at3041           -            368    0.0029   15.2   0.0   1   1   7.6e-05    0.0045   14.6   0.0   112   246   223   355   217   362 0.80 -
scaffold15.g4258.t1  -            239 2267at3041           -            368    0.0049   14.4   0.0   1   1   9.7e-05    0.0057   14.2   0.0   165   259    53   144     1   155 0.79 -
scaffold16.g93.t1    -            705 2267at3041           -            368    0.0063   14.1   0.3   1   3     0.022       1.3    6.4   0.1   110   155    61   109    27   117 0.81 -
scaffold16.g93.t1    -            705 2267at3041           -            368    0.0063   14.1   0.3   2   3       1.4        81    0.6   0.0   230   245   212   227   156   240 0.83 -
scaffold16.g93.t1    -            705 2267at3041           -            368    0.0063   14.1   0.3   3   3      0.28        16    2.8   0.0   250   304   368   422   362   438 0.81 -
scaffold30.g4465.t1  -           1125 2267at3041           -            368    0.0064   14.1   0.0   1   1   0.00019     0.011   13.2   0.0   162   261    95   200    82   274 0.76 -
scaffold26.g3346.t1  -           1092 2267at3041           -            368     0.017   12.6   0.0   1   1   0.00053     0.031   11.8   0.0   269   349   180   254   155   265 0.76 -
scaffold15.g4358.t1  -            711 2267at3041           -            368     0.039   11.5   0.0   1   1     0.002      0.12    9.9   0.0   231   268   550   587   497   636 0.87 -
scaffold13.g312.t1   -            492 2267at3041           -            368      0.04   11.4   0.0   1   2       7.2   4.2e+02   -1.8   0.0   114   131   138   155   130   162 0.83 -
scaffold13.g312.t1   -            492 2267at3041           -            368      0.04   11.4   0.0   2   2    0.0022      0.13    9.7   0.0   214   269   274   337   263   359 0.70 -
scaffold4.g4771.t1   -            455 2267at3041           -            368     0.053   11.0   0.0   1   1    0.0009     0.053   11.0   0.0   217   304   312   406   300   417 0.68 -
scaffold6.g2837.t1   -            584 2267at3041           -            368     0.094   10.2   0.0   1   1    0.0029      0.17    9.4   0.0   266   310   224   272   210   275 0.78 -
#
# Program:         hmmsearch
# Version:         3.1b2 (February 2015)
# Pipeline mode:   SEARCH
# Query file:      /Users/catrionaharrison/Documents/Bioinformatics/rp2/Data/genomes/busco/busco_downloads/lineages/chlorophyta_odb10/hmms/2267at3041.hmm
# Target file:     /Users/catrionaharrison/Documents/Bioinformatics/rp2/Data/genomes/busco/data/a99.prot.fasta
# Option settings: hmmsearch --domtblout /Users/catrionaharrison/Documents/Bioinformatics/rp2/Data/genomes/busco/Busco_a99/run_chlorophyta_odb10/hmmer_output/initial_run_results/2267at3041.out --cpu 1 /Users/catrionaharrison/Documents/Bioinformatics/rp2/Data/genomes/busco/busco_downloads/lineages/chlorophyta_odb10/hmms/2267at3041.hmm /Users/catrionaharrison/Documents/Bioinformatics/rp2/Data/genomes/busco/data/a99.prot.fasta 
# Current dir:     /Users/catrionaharrison/Documents/Bioinformatics/rp2/Data/genomes/busco
# Date:            Fri Jul 22 14:45:36 2022
# [ok]
