#                                                                            --- full sequence --- -------------- this domain -------------   hmm coord   ali coord   env coord
# target name        accession   tlen query name           accession   qlen   E-value  score  bias   #  of  c-Evalue  i-Evalue  score  bias  from    to  from    to  from    to  acc description of target
#------------------- ---------- ----- -------------------- ---------- ----- --------- ------ ----- --- --- --------- --------- ------ ----- ----- ----- ----- ----- ----- ----- ---- ---------------------
scaffold8.g1363.t1   -            566 2338at3041           -            423    1e-170  566.8  16.2   1   2  3.2e-100   4.5e-97  324.2   4.0     1   239    34   276    34   279 0.93 -
scaffold8.g1363.t1   -            566 2338at3041           -            423    1e-170  566.8  16.2   2   2     1e-75   1.4e-72  243.5   4.4   239   418   297   520   292   525 0.85 -
scaffold6.g2688.t1   -            596 2338at3041           -            423   1.1e-05   23.0   0.1   1   1   1.4e-08   1.9e-05   22.3   0.1    74   253    64   266    22   276 0.73 -
scaffold12.g8229.t1  -            415 2338at3041           -            423   0.00017   19.2   0.0   1   1   1.9e-07   0.00026   18.6   0.0   199   274   272   360   255   412 0.81 -
scaffold11.g3979.t1  -            315 2338at3041           -            423     0.027   12.0   1.9   1   3    0.0015         2    5.8   0.1   183   283    34   148    30   148 0.65 -
scaffold11.g3979.t1  -            315 2338at3041           -            423     0.027   12.0   1.9   2   3   0.00046      0.63    7.4   0.1   163   275    98   223    90   236 0.67 -
scaffold11.g3979.t1  -            315 2338at3041           -            423     0.027   12.0   1.9   3   3     0.014        19    2.6   0.0   165   243   225   314   212   315 0.61 -
scaffold20.g7761.t1  -           1330 2338at3041           -            423     0.092   10.2   2.5   1   2   6.5e-05      0.09   10.2   0.6   183   249   435   509   422   543 0.80 -
scaffold20.g7761.t1  -           1330 2338at3041           -            423     0.092   10.2   2.5   2   2      0.44   6.1e+02   -2.4   0.0   207   245   633   680   614   692 0.59 -
scaffold12.g7971.t1  -           1412 2338at3041           -            423       3.3    5.1   6.7   1   1    0.0038       5.3    4.4   6.7   366   418   537   589   518   593 0.87 -
#
# Program:         hmmsearch
# Version:         3.1b2 (February 2015)
# Pipeline mode:   SEARCH
# Query file:      /Users/catrionaharrison/Documents/Bioinformatics/rp2/Data/genomes/busco/busco_downloads/lineages/chlorophyta_odb10/hmms/2338at3041.hmm
# Target file:     /Users/catrionaharrison/Documents/Bioinformatics/rp2/Data/genomes/busco/data/a99.prot.fasta
# Option settings: hmmsearch --domtblout /Users/catrionaharrison/Documents/Bioinformatics/rp2/Data/genomes/busco/Busco_a99/run_chlorophyta_odb10/hmmer_output/initial_run_results/2338at3041.out --cpu 1 /Users/catrionaharrison/Documents/Bioinformatics/rp2/Data/genomes/busco/busco_downloads/lineages/chlorophyta_odb10/hmms/2338at3041.hmm /Users/catrionaharrison/Documents/Bioinformatics/rp2/Data/genomes/busco/data/a99.prot.fasta 
# Current dir:     /Users/catrionaharrison/Documents/Bioinformatics/rp2/Data/genomes/busco
# Date:            Fri Jul 22 14:45:27 2022
# [ok]
