#                                                                            --- full sequence --- -------------- this domain -------------   hmm coord   ali coord   env coord
# target name        accession   tlen query name           accession   qlen   E-value  score  bias   #  of  c-Evalue  i-Evalue  score  bias  from    to  from    to  from    to  acc description of target
#------------------- ---------- ----- -------------------- ---------- ----- --------- ------ ----- --- --- --------- --------- ------ ----- ----- ----- ----- ----- ----- ----- ---- ---------------------
scaffold11.g3868.t1  -            356 2380at3041           -            270  3.3e-114  379.5  13.2   1   3   3.7e-16   3.4e-14   51.6   0.1    32    71     9    48     4    61 0.85 -
scaffold11.g3868.t1  -            356 2380at3041           -            270  3.3e-114  379.5  13.2   2   3   5.5e-88   5.1e-86  287.1   2.7    80   236    84   242    71   248 0.92 -
scaffold11.g3868.t1  -            356 2380at3041           -            270  3.3e-114  379.5  13.2   3   3   8.2e-15   7.5e-13   47.1   0.6   234   270   310   347   303   347 0.92 -
scaffold24.g2946.t1  -           1328 2380at3041           -            270   1.1e-33  115.4  10.9   1   4     1e-11   9.1e-10   37.0   0.0   114   235   541   659   534   669 0.85 -
scaffold24.g2946.t1  -           1328 2380at3041           -            270   1.1e-33  115.4  10.9   2   4   2.9e-09   2.6e-07   28.9   0.2   108   267   707   866   696   869 0.76 -
scaffold24.g2946.t1  -           1328 2380at3041           -            270   1.1e-33  115.4  10.9   3   4   1.8e-07   1.6e-05   23.1   0.9   133   270   858   994   851   994 0.72 -
scaffold24.g2946.t1  -           1328 2380at3041           -            270   1.1e-33  115.4  10.9   4   4   1.7e-09   1.6e-07   29.7   0.8   133   270  1067  1204  1059  1204 0.86 -
scaffold8.g1715.t1   -            522 2380at3041           -            270     6e-33  113.0   4.1   1   5   1.3e-08   1.2e-06   26.8   0.1   107   191   126   208   116   214 0.88 -
scaffold8.g1715.t1   -            522 2380at3041           -            270     6e-33  113.0   4.1   2   5     7e-08   6.4e-06   24.4   0.2   114   211   237   333   230   349 0.85 -
scaffold8.g1715.t1   -            522 2380at3041           -            270     6e-33  113.0   4.1   3   5       2.1   1.9e+02   -0.1   0.0    76   113   360   397   348   414 0.61 -
scaffold8.g1715.t1   -            522 2380at3041           -            270     6e-33  113.0   4.1   4   5   0.00012     0.011   13.8   0.0   175   231   375   437   372   443 0.78 -
scaffold8.g1715.t1   -            522 2380at3041           -            270     6e-33  113.0   4.1   5   5   1.9e-18   1.7e-16   59.1   0.1    92   187   425   520   420   522 0.90 -
scaffold21.g2086.t1  -            898 2380at3041           -            270   1.8e-30  104.9   0.0   1   3   2.6e-10   2.4e-08   32.4   0.0   152   244   120   213   114   218 0.83 -
scaffold21.g2086.t1  -            898 2380at3041           -            270   1.8e-30  104.9   0.0   2   3   1.4e-14   1.2e-12   46.4   0.0   107   233   203   327   200   335 0.88 -
scaffold21.g2086.t1  -            898 2380at3041           -            270   1.8e-30  104.9   0.0   3   3     5e-11   4.5e-09   34.7   0.0   134   232   314   418   313   425 0.79 -
scaffold20.g7667.t1  -            393 2380at3041           -            270   4.5e-30  103.6   1.1   1   3    0.0012      0.11   10.5   0.0    42    74   163   195   152   200 0.76 -
scaffold20.g7667.t1  -            393 2380at3041           -            270   4.5e-30  103.6   1.1   2   3   1.5e-26   1.4e-24   85.6   0.0   106   233   199   330   192   334 0.93 -
scaffold20.g7667.t1  -            393 2380at3041           -            270   4.5e-30  103.6   1.1   3   3      0.12        11    3.9   0.1   114   147   354   387   346   392 0.69 -
scaffold18.g1993.t1  -           1401 2380at3041           -            270   8.2e-28   96.2  12.5   1   7   4.1e-07   3.7e-05   21.9   0.1    93   203    17   127    13   130 0.87 -
scaffold18.g1993.t1  -           1401 2380at3041           -            270   8.2e-28   96.2  12.5   2   7   1.1e-11   9.9e-10   36.9   0.4   107   252   117   267   114   291 0.79 -
scaffold18.g1993.t1  -           1401 2380at3041           -            270   8.2e-28   96.2  12.5   3   7    0.0018      0.16   10.0   0.1   100   188   240   347   211   358 0.55 -
scaffold18.g1993.t1  -           1401 2380at3041           -            270   8.2e-28   96.2  12.5   4   7     0.006      0.55    8.2   0.0    38    70   484   515   474   519 0.80 -
scaffold18.g1993.t1  -           1401 2380at3041           -            270   8.2e-28   96.2  12.5   5   7   0.00083     0.076   11.0   0.0    90   151   498   563   494   580 0.77 -
scaffold18.g1993.t1  -           1401 2380at3041           -            270   8.2e-28   96.2  12.5   6   7      0.08       7.3    4.5   0.0   173   192   614   633   603   642 0.75 -
scaffold18.g1993.t1  -           1401 2380at3041           -            270   8.2e-28   96.2  12.5   7   7   5.8e-06   0.00053   18.1   0.0   121   192   719   791   704   802 0.77 -
scaffold18.g1909.t1  -            943 2380at3041           -            270   4.5e-27   93.8   0.0   1   2   1.2e-08   1.1e-06   26.9   0.0   124   234   224   337   218   345 0.75 -
scaffold18.g1909.t1  -            943 2380at3041           -            270   4.5e-27   93.8   0.0   2   2   8.1e-23   7.4e-21   73.4   0.0    92   269   322   502   298   503 0.85 -
scaffold13.g346.t1   -            398 2380at3041           -            270   1.8e-26   91.8   8.4   1   3   9.4e-14   8.5e-12   43.7   0.2   128   234   102   202    75   215 0.85 -
scaffold13.g346.t1   -            398 2380at3041           -            270   1.8e-26   91.8   8.4   2   3   1.3e-10   1.2e-08   33.4   0.2   134   234   188   282   187   288 0.89 -
scaffold13.g346.t1   -            398 2380at3041           -            270   1.8e-26   91.8   8.4   3   3   3.3e-10     3e-08   32.0   0.8   134   270   268   398   267   398 0.62 -
scaffold3.g6376.t1   -            447 2380at3041           -            270   4.7e-26   90.4   0.3   1   4     0.066         6    4.8   0.0   199   234   148   183   138   198 0.76 -
scaffold3.g6376.t1   -            447 2380at3041           -            270   4.7e-26   90.4   0.3   2   4       0.3        28    2.7   0.0   113   144   211   240   201   252 0.70 -
scaffold3.g6376.t1   -            447 2380at3041           -            270   4.7e-26   90.4   0.3   3   4   8.9e-24   8.1e-22   76.5   0.3   111   233   255   381   248   385 0.90 -
scaffold3.g6376.t1   -            447 2380at3041           -            270   4.7e-26   90.4   0.3   4   4   1.7e-06   0.00015   19.9   0.0   154   204   345   398   340   427 0.83 -
scaffold16.g1.t1     -           1348 2380at3041           -            270   5.7e-25   86.9   0.1   1   3   3.5e-13   3.2e-11   41.8   0.0    92   270    32   211    25   211 0.82 -
scaffold16.g1.t1     -           1348 2380at3041           -            270   5.7e-25   86.9   0.1   2   3     0.016       1.5    6.8   0.0   174   232   455   516   394   537 0.62 -
scaffold16.g1.t1     -           1348 2380at3041           -            270   5.7e-25   86.9   0.1   3   3   1.2e-10   1.1e-08   33.5   0.1    99   232   564   697   540   713 0.83 -
scaffold18.g1893.t1  -            419 2380at3041           -            270   2.1e-24   85.0   0.0   1   3   1.2e-12   1.1e-10   40.1   0.0   107   232    72   201    66   205 0.88 -
scaffold18.g1893.t1  -            419 2380at3041           -            270   2.1e-24   85.0   0.0   2   3     2e-09   1.8e-07   29.5   0.0    87   236   183   339   181   350 0.83 -
scaffold18.g1893.t1  -            419 2380at3041           -            270   2.1e-24   85.0   0.0   3   3   1.1e-08     1e-06   27.1   0.1   132   270   276   416   268   416 0.82 -
scaffold12.g8015.t1  -            676 2380at3041           -            270   1.1e-23   82.7   2.1   1   3       4.9   4.5e+02   -1.3   0.0    53    73   357   377   338   383 0.63 -
scaffold12.g8015.t1  -            676 2380at3041           -            270   1.1e-23   82.7   2.1   2   3   1.8e-20   1.6e-18   65.7   0.3    90   234   421   565   414   568 0.92 -
scaffold12.g8015.t1  -            676 2380at3041           -            270   1.1e-23   82.7   2.1   3   3     7e-07   6.4e-05   21.1   0.0   176   234   550   608   546   612 0.50 -
scaffold6.g2688.t1   -            596 2380at3041           -            270   2.3e-23   81.6   1.9   1   2   7.5e-12   6.8e-10   37.4   0.1    70   201   100   228    92   229 0.82 -
scaffold6.g2688.t1   -            596 2380at3041           -            270   2.3e-23   81.6   1.9   2   2   5.3e-12   4.9e-10   37.9   0.2    91   191   244   346   242   352 0.88 -
scaffold11.g3979.t1  -            315 2380at3041           -            270   1.1e-22   79.4   3.9   1   4   1.4e-06   0.00013   20.2   0.0    91   233    51   108    23   112 0.53 -
scaffold11.g3979.t1  -            315 2380at3041           -            270   1.1e-22   79.4   3.9   2   4   2.6e-12   2.4e-10   38.9   0.1    91   191    51   151    43   156 0.84 -
scaffold11.g3979.t1  -            315 2380at3041           -            270   1.1e-22   79.4   3.9   3   4   6.2e-11   5.6e-09   34.4   0.6   108   270   112   274   108   274 0.74 -
scaffold11.g3979.t1  -            315 2380at3041           -            270   1.1e-22   79.4   3.9   4   4       1.2   1.1e+02    0.7   0.0    49    66   297   314   274   315 0.69 -
scaffold22.g6071.t1  -            990 2380at3041           -            270   5.7e-22   77.0   0.3   1   3   5.1e-11   4.6e-09   34.7   0.2   157   237   324   404   315   407 0.89 -
scaffold22.g6071.t1  -            990 2380at3041           -            270   5.7e-22   77.0   0.3   2   3   2.5e-12   2.2e-10   39.0   0.0   120   235   404   525   401   528 0.88 -
scaffold22.g6071.t1  -            990 2380at3041           -            270   5.7e-22   77.0   0.3   3   3     0.022         2    6.4   0.0    54    87   507   541   495   545 0.76 -
scaffold3.g6380.t1   -           2990 2380at3041           -            270   5.6e-21   73.8   1.5   1   4   1.5e-06   0.00013   20.1   0.0   141   235  2060  2159  2052  2179 0.72 -
scaffold3.g6380.t1   -           2990 2380at3041           -            270   5.6e-21   73.8   1.5   2   4   0.00014     0.013   13.6   0.1   129   193  2181  2244  2167  2248 0.85 -
scaffold3.g6380.t1   -           2990 2380at3041           -            270   5.6e-21   73.8   1.5   3   4     0.024       2.2    6.2   0.0    90   188  2478  2573  2448  2579 0.66 -
scaffold3.g6380.t1   -           2990 2380at3041           -            270   5.6e-21   73.8   1.5   4   4   1.8e-09   1.7e-07   29.6   0.1    90   267  2559  2748  2556  2751 0.72 -
scaffold17.g459.t1   -            494 2380at3041           -            270   7.9e-21   73.3   4.4   1   3   1.3e-06   0.00012   20.2   0.0    89   145   168   225   162   265 0.84 -
scaffold17.g459.t1   -            494 2380at3041           -            270   7.9e-21   73.3   4.4   2   3   1.6e-07   1.5e-05   23.2   0.3    89   148   344   403   323   409 0.56 -
scaffold17.g459.t1   -            494 2380at3041           -            270   7.9e-21   73.3   4.4   3   3   3.1e-09   2.8e-07   28.9   0.1   108   189   410   490   405   493 0.92 -
scaffold5.g976.t1    -            467 2380at3041           -            270   5.2e-20   70.6   0.4   1   2   5.6e-18   5.1e-16   57.5   0.0    90   235    33   177    13   193 0.90 -
scaffold5.g976.t1    -            467 2380at3041           -            270   5.2e-20   70.6   0.4   2   2    0.0029      0.26    9.3   0.1   173   240   201   225   179   272 0.53 -
scaffold1.g5430.t1   -           1258 2380at3041           -            270   2.7e-19   68.2   4.1   1   4     0.012       1.1    7.2   0.0   207   240     6    39     4    45 0.82 -
scaffold1.g5430.t1   -           1258 2380at3041           -            270   2.7e-19   68.2   4.1   2   4   2.5e-14   2.3e-12   45.5   2.1    90   231    16   167    15   177 0.78 -
scaffold1.g5430.t1   -           1258 2380at3041           -            270   2.7e-19   68.2   4.1   3   4   3.6e-07   3.2e-05   22.1   0.2    90   187   153   262   152   288 0.73 -
scaffold1.g5430.t1   -           1258 2380at3041           -            270   2.7e-19   68.2   4.1   4   4     0.029       2.7    6.0   0.0   114   146   299   331   291   346 0.71 -
scaffold13.g275.t1   -           2075 2380at3041           -            270   7.6e-18   63.5   0.4   1   3   1.3e-06   0.00012   20.3   0.0   172   232    79   137    51   143 0.78 -
scaffold13.g275.t1   -           2075 2380at3041           -            270   7.6e-18   63.5   0.4   2   3   7.3e-05    0.0066   14.5   0.0    85   154   169   238   150   248 0.82 -
scaffold13.g275.t1   -           2075 2380at3041           -            270   7.6e-18   63.5   0.4   3   3   8.3e-08   7.5e-06   24.2   0.2   121   236   247   362   242   366 0.80 -
scaffold25.g5116.t1  -            550 2380at3041           -            270   1.1e-17   63.0   1.3   1   4   3.8e-08   3.4e-06   25.3   0.2   197   270   197   271   186   271 0.85 -
scaffold25.g5116.t1  -            550 2380at3041           -            270   1.1e-17   63.0   1.3   2   4   2.9e-05    0.0026   15.8   0.0    97   150   265   319   265   325 0.85 -
scaffold25.g5116.t1  -            550 2380at3041           -            270   1.1e-17   63.0   1.3   3   4   2.1e-06   0.00019   19.6   0.0   171   216   377   422   357   436 0.86 -
scaffold25.g5116.t1  -            550 2380at3041           -            270   1.1e-17   63.0   1.3   4   4      0.29        26    2.7   0.0    36    76   497   538   490   546 0.67 -
scaffold3.g6317.t1   -            829 2380at3041           -            270   2.3e-15   55.3   1.7   1   3   0.00064     0.058   11.4   0.0   109   151   269   311   263   322 0.82 -
scaffold3.g6317.t1   -            829 2380at3041           -            270   2.3e-15   55.3   1.7   2   3   4.4e-05     0.004   15.2   0.1    90   191   422   523   404   548 0.63 -
scaffold3.g6317.t1   -            829 2380at3041           -            270   2.3e-15   55.3   1.7   3   3   2.7e-10   2.4e-08   32.3   0.6    41   193   494   657   486   678 0.81 -
scaffold2.g7257.t1   -            559 2380at3041           -            270   3.7e-15   54.7   0.7   1   3   8.8e-09     8e-07   27.4   0.1    98   207   224   333   213   337 0.78 -
scaffold2.g7257.t1   -            559 2380at3041           -            270   3.7e-15   54.7   0.7   2   3   1.4e-06   0.00013   20.1   0.1    92   187   356   455   343   468 0.61 -
scaffold2.g7257.t1   -            559 2380at3041           -            270   3.7e-15   54.7   0.7   3   3      0.14        13    3.7   0.0   107   146   497   535   493   542 0.71 -
scaffold12.g8053.t1  -            979 2380at3041           -            270   4.6e-15   54.4   9.1   1   2   2.5e-05    0.0023   16.0   1.7   139   245    37   144     6   162 0.74 -
scaffold12.g8053.t1  -            979 2380at3041           -            270   4.6e-15   54.4   9.1   2   2   1.5e-12   1.3e-10   39.8   0.3   100   209   164   273   147   327 0.88 -
scaffold15.g4221.t1  -           1365 2380at3041           -            270   9.6e-15   53.3   0.0   1   3    0.0013      0.12   10.4   0.0   105   150   120   164    87   206 0.80 -
scaffold15.g4221.t1  -           1365 2380at3041           -            270   9.6e-15   53.3   0.0   2   3   1.2e-11   1.1e-09   36.8   0.0    58   226   218   387   212   398 0.69 -
scaffold15.g4221.t1  -           1365 2380at3041           -            270   9.6e-15   53.3   0.0   3   3       1.4   1.3e+02    0.5   0.0   132   194   404   465   389   469 0.51 -
scaffold8.g1615.t1   -            525 2380at3041           -            270   1.3e-14   52.9   0.1   1   2   7.8e-16   7.1e-14   50.5   0.0     8   214    48   265    43   273 0.81 -
scaffold8.g1615.t1   -            525 2380at3041           -            270   1.3e-14   52.9   0.1   2   2       2.8   2.6e+02   -0.5   0.0    54    70   275   291   265   333 0.76 -
scaffold7.g3522.t1   -            819 2380at3041           -            270   1.6e-14   52.6   1.3   1   4    0.0039      0.36    8.8   0.0    32    74   425   467   415   470 0.89 -
scaffold7.g3522.t1   -            819 2380at3041           -            270   1.6e-14   52.6   1.3   2   4      0.12        11    3.9   0.0   113   150   483   522   474   530 0.70 -
scaffold7.g3522.t1   -            819 2380at3041           -            270   1.6e-14   52.6   1.3   3   4   2.5e-10   2.2e-08   32.5   0.5   105   191   619   704   591   707 0.82 -
scaffold7.g3522.t1   -            819 2380at3041           -            270   1.6e-14   52.6   1.3   4   4     0.015       1.4    6.9   0.1   121   152   677   708   670   720 0.85 -
scaffold2.g7199.t1   -            503 2380at3041           -            270     2e-14   52.3   2.9   1   2   4.6e-06   0.00042   18.5   0.3   113   216   230   329   201   332 0.75 -
scaffold2.g7199.t1   -            503 2380at3041           -            270     2e-14   52.3   2.9   2   2   4.5e-12   4.1e-10   38.2   0.2   109   270   308   472   304   472 0.85 -
scaffold20.g7864.t1  -           1917 2380at3041           -            270   2.1e-14   52.2   0.4   1   3       1.2   1.1e+02    0.7   0.0    53   195  1158  1179  1153  1208 0.50 -
scaffold20.g7864.t1  -           1917 2380at3041           -            270   2.1e-14   52.2   0.4   2   3   6.6e-15     6e-13   47.5   0.1    91   237  1275  1425  1269  1441 0.77 -
scaffold20.g7864.t1  -           1917 2380at3041           -            270   2.1e-14   52.2   0.4   3   3       4.5   4.1e+02   -1.2   0.0    56    78  1448  1470  1429  1481 0.69 -
scaffold5.g785.t1    -            496 2380at3041           -            270   6.6e-14   50.6   0.3   1   2   1.2e-12   1.1e-10   40.0   0.1    54   243    59   254    52   258 0.75 -
scaffold5.g785.t1    -            496 2380at3041           -            270   6.6e-14   50.6   0.3   2   2     0.009      0.82    7.6   0.0    91   187   368   468   364   473 0.66 -
scaffold2.g6848.t1   -           2452 2380at3041           -            270   9.3e-14   50.1   0.2   1   3      0.17        15    3.5   0.0   197   232  1698  1731  1692  1755 0.82 -
scaffold2.g6848.t1   -           2452 2380at3041           -            270   9.3e-14   50.1   0.2   2   3   5.7e-07   5.2e-05   21.4   0.0   170   228  1764  1821  1714  1827 0.63 -
scaffold2.g6848.t1   -           2452 2380at3041           -            270   9.3e-14   50.1   0.2   3   3   4.6e-07   4.2e-05   21.7   0.0   133   233  1829  1923  1823  1930 0.79 -
scaffold6.g2859.t1   -            541 2380at3041           -            270   2.2e-13   48.9   0.1   1   3       1.7   1.5e+02    0.2   0.0   242   270   167   193   157   202 0.78 -
scaffold6.g2859.t1   -            541 2380at3041           -            270   2.2e-13   48.9   0.1   2   3   1.6e-13   1.5e-11   42.9   0.0   110   232   229   356   223   359 0.86 -
scaffold6.g2859.t1   -            541 2380at3041           -            270   2.2e-13   48.9   0.1   3   3       2.8   2.5e+02   -0.5   0.0   113   138   399   424   391   440 0.77 -
scaffold8.g1368.t1   -           1245 2380at3041           -            270   4.4e-12   44.6   1.5   1   1     2e-13   1.8e-11   42.6   1.3    88   231   973  1116   968  1121 0.88 -
scaffold1.g5332.t1   -            688 2380at3041           -            270   5.9e-12   44.2   1.9   1   3      0.46        42    2.1   0.0    47   189   387   407   365   414 0.44 -
scaffold1.g5332.t1   -            688 2380at3041           -            270   5.9e-12   44.2   1.9   2   3   2.5e-06   0.00022   19.3   1.2   112   232   424   538   418   576 0.75 -
scaffold1.g5332.t1   -            688 2380at3041           -            270   5.9e-12   44.2   1.9   3   3   2.8e-06   0.00026   19.1   0.0    92   146   619   675   613   682 0.73 -
scaffold3.g6176.t1   -            520 2380at3041           -            270   9.9e-12   43.5   0.5   1   3      0.19        17    3.4   0.0    44    70   226   252   213   261 0.74 -
scaffold3.g6176.t1   -            520 2380at3041           -            270   9.9e-12   43.5   0.5   2   3   4.2e-11   3.8e-09   35.0   0.2    41   152   274   391   261   404 0.45 -
scaffold3.g6176.t1   -            520 2380at3041           -            270   9.9e-12   43.5   0.5   3   3       2.2     2e+02   -0.2   0.0    50    66   502   518   495   519 0.61 -
scaffold2.g7037.t1   -            217 2380at3041           -            270     1e-11   43.4   2.2   1   2    0.0013      0.12   10.4   0.0   183   240     4    59     1    92 0.76 -
scaffold2.g7037.t1   -            217 2380at3041           -            270     1e-11   43.4   2.2   2   2   2.5e-10   2.3e-08   32.4   1.4    52   165    78   204    71   213 0.71 -
scaffold12.g8061.t1  -            692 2380at3041           -            270   1.8e-11   42.6   0.1   1   5    0.0022       0.2    9.7   0.0   176   235   206   264   138   278 0.69 -
scaffold12.g8061.t1  -            692 2380at3041           -            270   1.8e-11   42.6   0.1   2   5   0.00031     0.028   12.4   0.0    92   137   322   368   299   376 0.61 -
scaffold12.g8061.t1  -            692 2380at3041           -            270   1.8e-11   42.6   0.1   3   5   0.00032      0.03   12.4   0.0    92   138   322   369   317   417 0.74 -
scaffold12.g8061.t1  -            692 2380at3041           -            270   1.8e-11   42.6   0.1   4   5      0.24        22    3.0   0.0    52    74   531   553   520   562 0.84 -
scaffold12.g8061.t1  -            692 2380at3041           -            270   1.8e-11   42.6   0.1   5   5     0.011      0.97    7.4   0.0   173   232   626   683   620   689 0.84 -
scaffold15.g4216.t1  -            906 2380at3041           -            270     2e-11   42.5   0.4   1   1     1e-12   9.5e-11   40.2   0.4    89   231   718   864   709   869 0.78 -
scaffold12.g8034.t1  -            367 2380at3041           -            270   2.1e-11   42.4   0.4   1   1   2.2e-12     2e-10   39.2   0.4    71   234   137   317   117   323 0.80 -
scaffold10.g2411.t1  -           1665 2380at3041           -            270   2.2e-11   42.3   0.1   1   3     2e-09   1.8e-07   29.5   0.1   111   221    52   164    45   171 0.83 -
scaffold10.g2411.t1  -           1665 2380at3041           -            270   2.2e-11   42.3   0.1   2   3      0.21        19    3.2   0.0   117   151   186   220   176   225 0.85 -
scaffold10.g2411.t1  -           1665 2380at3041           -            270   2.2e-11   42.3   0.1   3   3     0.076         7    4.6   0.0   129   189   862   921   840   927 0.79 -
scaffold1.g5201.t1   -            913 2380at3041           -            270   4.8e-11   41.2   3.8   1   1   1.8e-12   1.7e-10   39.4   3.8    57   241    27   204    20   234 0.77 -
scaffold3.g6519.t1   -            342 2380at3041           -            270   5.1e-11   41.1   0.3   1   2   3.2e-08   2.9e-06   25.5   0.1   152   237    24   112    15   119 0.83 -
scaffold3.g6519.t1   -            342 2380at3041           -            270   5.1e-11   41.1   0.3   2   2   0.00016     0.015   13.4   0.0    92   212   135   256   128   263 0.82 -
scaffold15.g4303.t1  -            308 2380at3041           -            270   9.1e-11   40.3   0.1   1   2   1.2e-07   1.1e-05   23.7   0.0    87   150    21    85     5   118 0.77 -
scaffold15.g4303.t1  -            308 2380at3041           -            270   9.1e-11   40.3   0.1   2   2   6.6e-05     0.006   14.7   0.0    52   134   162   250   155   265 0.77 -
scaffold24.g2991.t1  -           1412 2380at3041           -            270   1.6e-10   39.5   0.3   1   3    0.0004     0.037   12.1   0.0   157   190    12    44     5    81 0.80 -
scaffold24.g2991.t1  -           1412 2380at3041           -            270   1.6e-10   39.5   0.3   2   3    0.0021      0.19    9.7   0.0    95   232   108   263   102   265 0.64 -
scaffold24.g2991.t1  -           1412 2380at3041           -            270   1.6e-10   39.5   0.3   3   3   1.2e-07   1.1e-05   23.7   0.0    95   202   211   318   203   332 0.71 -
scaffold7.g3687.t1   -           1257 2380at3041           -            270   1.7e-10   39.4   0.1   1   2    0.0038      0.35    8.9   0.0   170   236    85   160    79   164 0.71 -
scaffold7.g3687.t1   -           1257 2380at3041           -            270   1.7e-10   39.4   0.1   2   2   1.6e-08   1.5e-06   26.5   0.7   119   234   182   303   177   309 0.84 -
scaffold2.g7412.t1   -           3431 2380at3041           -            270   1.7e-10   39.4   0.3   1   3   0.00053     0.048   11.7   0.0   152   234   243   340   181   345 0.63 -
scaffold2.g7412.t1   -           3431 2380at3041           -            270   1.7e-10   39.4   0.3   2   3      0.41        37    2.2   0.0   192   240   600   651   596   659 0.70 -
scaffold2.g7412.t1   -           3431 2380at3041           -            270   1.7e-10   39.4   0.3   3   3   2.6e-06   0.00024   19.2   0.1   170   239   687   758   679   763 0.88 -
scaffold4.g4598.t1   -           1219 2380at3041           -            270     2e-10   39.2   0.7   1   1   4.8e-12   4.4e-10   38.1   0.1    91   236   971  1117   958  1159 0.89 -
scaffold29.g5938.t1  -           1241 2380at3041           -            270   6.2e-10   37.6   0.4   1   1   2.7e-11   2.5e-09   35.6   1.0   112   252   606   757   590   784 0.77 -
scaffold4.g4673.t1   -            553 2380at3041           -            270   8.4e-10   37.1   0.4   1   3   5.5e-06    0.0005   18.2   0.1   172   256   266   351   251   365 0.82 -
scaffold4.g4673.t1   -            553 2380at3041           -            270   8.4e-10   37.1   0.4   2   3      0.02       1.8    6.5   0.0   175   228   385   438   355   450 0.57 -
scaffold4.g4673.t1   -            553 2380at3041           -            270   8.4e-10   37.1   0.4   3   3   4.8e-05    0.0044   15.1   0.0    90   191   384   491   381   500 0.78 -
scaffold13.g295.t1   -           1434 2380at3041           -            270   9.6e-10   36.9   0.0   1   3       2.8   2.6e+02   -0.5   0.0   176   230    95   151    72   162 0.59 -
scaffold13.g295.t1   -           1434 2380at3041           -            270   9.6e-10   36.9   0.0   2   3   1.3e-09   1.2e-07   30.1   0.0    70   232   162   329   150   339 0.78 -
scaffold13.g295.t1   -           1434 2380at3041           -            270   9.6e-10   36.9   0.0   3   3      0.19        17    3.3   0.0   197   233   379   416   309   429 0.73 -
scaffold9.g3259.t1   -            352 2380at3041           -            270   1.1e-09   36.8   0.6   1   2   6.2e-06   0.00056   18.0   0.1    53   150    18   121    14   138 0.72 -
scaffold9.g3259.t1   -            352 2380at3041           -            270   1.1e-09   36.8   0.6   2   2   1.4e-05    0.0013   16.8   0.1   169   233   177   241   148   252 0.76 -
scaffold8.g1630.t1   -            340 2380at3041           -            270   1.3e-09   36.6   0.2   1   2   6.8e-09   6.2e-07   27.7   0.0    31   191    21   190    15   197 0.77 -
scaffold8.g1630.t1   -            340 2380at3041           -            270   1.3e-09   36.6   0.2   2   2     0.022         2    6.4   0.0   217   264   266   316   256   330 0.57 -
scaffold20.g7761.t1  -           1330 2380at3041           -            270   2.4e-09   35.6   0.8   1   3    0.0036      0.33    9.0   0.0    50   107   448   507   438   553 0.77 -
scaffold20.g7761.t1  -           1330 2380at3041           -            270   2.4e-09   35.6   0.8   2   3   2.5e-05    0.0023   16.1   0.0   132   205   626   696   608   704 0.82 -
scaffold20.g7761.t1  -           1330 2380at3041           -            270   2.4e-09   35.6   0.8   3   3     0.018       1.7    6.6   0.0   126   187   728   794   723   800 0.69 -
scaffold10.g2238.t1  -           1303 2380at3041           -            270   3.5e-09   35.1   0.2   1   3      0.55        50    1.8   0.0   132   193   362   424   354   430 0.85 -
scaffold10.g2238.t1  -           1303 2380at3041           -            270   3.5e-09   35.1   0.2   2   3   6.7e-09   6.1e-07   27.8   0.0   130   234   511   616   492   624 0.87 -
scaffold10.g2238.t1  -           1303 2380at3041           -            270   3.5e-09   35.1   0.2   3   3       1.9   1.8e+02    0.0   0.0   154   191   863   898   833   949 0.66 -
scaffold1.g5513.t1   -            301 2380at3041           -            270   2.5e-08   32.3   0.0   1   2   4.7e-09   4.3e-07   28.3   0.0    50   166    23   146     4   152 0.77 -
scaffold1.g5513.t1   -            301 2380at3041           -            270   2.5e-08   32.3   0.0   2   2      0.52        47    1.9   0.0   130   147   192   209   167   221 0.63 -
scaffold1.g5490.t1   -            909 2380at3041           -            270   4.3e-08   31.5   0.3   1   5      0.53        48    1.9   0.1   127   187    77    94    12   148 0.57 -
scaffold1.g5490.t1   -            909 2380at3041           -            270   4.3e-08   31.5   0.3   2   5     0.022         2    6.4   0.0   174   233   205   269   200   279 0.74 -
scaffold1.g5490.t1   -            909 2380at3041           -            270   4.3e-08   31.5   0.3   3   5      0.26        24    2.8   0.0    66   185   334   462   310   490 0.58 -
scaffold1.g5490.t1   -            909 2380at3041           -            270   4.3e-08   31.5   0.3   4   5     0.073       6.7    4.7   0.0   112   187   630   705   617   712 0.57 -
scaffold1.g5490.t1   -            909 2380at3041           -            270   4.3e-08   31.5   0.3   5   5    0.0086      0.79    7.7   0.0   115   189   730   760   721   780 0.59 -
scaffold21.g2134.t1  -            992 2380at3041           -            270   4.7e-08   31.4   3.8   1   3      0.65        59    1.6   0.0   168   189    46    67    30    80 0.69 -
scaffold21.g2134.t1  -            992 2380at3041           -            270   4.7e-08   31.4   3.8   2   3   2.5e-08   2.2e-06   25.9   1.7   150   232   147   227    88   256 0.90 -
scaffold21.g2134.t1  -            992 2380at3041           -            270   4.7e-08   31.4   3.8   3   3       1.2   1.1e+02    0.7   0.0   173   232   346   405   342   419 0.61 -
scaffold12.g8211.t1  -           1145 2380at3041           -            270   7.4e-08   30.8   0.4   1   2      0.14        13    3.8   0.0   110   149   487   525   474   539 0.75 -
scaffold12.g8211.t1  -           1145 2380at3041           -            270   7.4e-08   30.8   0.4   2   2   7.8e-08   7.1e-06   24.3   0.0    87   148   619   681   598   686 0.80 -
scaffold22.g6070.t1  -           1037 2380at3041           -            270   7.9e-08   30.7   0.0   1   1   1.5e-09   1.3e-07   29.9   0.0   101   238    67   202    50   223 0.84 -
scaffold20.g7661.t1  -            320 2380at3041           -            270   8.6e-08   30.5   2.4   1   2   2.4e-08   2.1e-06   26.0   0.6    53   192    28   131    10   148 0.37 -
scaffold20.g7661.t1  -            320 2380at3041           -            270   8.6e-08   30.5   2.4   2   2      0.27        25    2.8   0.0    95   149   192   251   183   276 0.61 -
scaffold9.g3281.t1   -            494 2380at3041           -            270   1.3e-07   30.0   0.0   1   2   6.3e-07   5.8e-05   21.3   0.0    54   207    99   259    91   268 0.77 -
scaffold9.g3281.t1   -            494 2380at3041           -            270   1.3e-07   30.0   0.0   2   2     0.024       2.2    6.2   0.0   173   192   282   301   273   313 0.75 -
scaffold1.g5598.t1   -           1135 2380at3041           -            270   1.7e-07   29.6   0.1   1   5       5.2   4.8e+02   -1.4   0.0   172   214   181   222   136   231 0.69 -
scaffold1.g5598.t1   -           1135 2380at3041           -            270   1.7e-07   29.6   0.1   2   5      0.25        23    2.9   0.0    54   157   292   406   282   415 0.53 -
scaffold1.g5598.t1   -           1135 2380at3041           -            270   1.7e-07   29.6   0.1   3   5       8.8     8e+02   -2.1   0.0    16    47   487   520   481   524 0.83 -
scaffold1.g5598.t1   -           1135 2380at3041           -            270   1.7e-07   29.6   0.1   4   5      0.14        13    3.7   0.0    45    69   561   585   549   595 0.76 -
scaffold1.g5598.t1   -           1135 2380at3041           -            270   1.7e-07   29.6   0.1   5   5   5.8e-06   0.00053   18.1   0.3    93   230   572   707   569   713 0.56 -
scaffold3.g6218.t1   -            709 2380at3041           -            270   3.7e-07   28.5   0.0   1   4    0.0025      0.23    9.5   0.0   200   242    46    87    43   100 0.83 -
scaffold3.g6218.t1   -            709 2380at3041           -            270   3.7e-07   28.5   0.0   2   4    0.0025      0.23    9.5   0.0    90   192   107   219   101   220 0.49 -
scaffold3.g6218.t1   -            709 2380at3041           -            270   3.7e-07   28.5   0.0   3   4     0.067       6.1    4.8   0.0   121   151   192   221   185   231 0.81 -
scaffold3.g6218.t1   -            709 2380at3041           -            270   3.7e-07   28.5   0.0   4   4       3.4   3.1e+02   -0.8   0.0   174   188   623   637   606   652 0.72 -
scaffold27.g6010.t1  -           1409 2380at3041           -            270   4.6e-07   28.2   0.0   1   2   1.6e-07   1.4e-05   23.3   0.0   174   251    77   155    67   172 0.82 -
scaffold27.g6010.t1  -           1409 2380at3041           -            270   4.6e-07   28.2   0.0   2   2      0.63        57    1.6   0.0    56   112   304   364   293   378 0.64 -
scaffold7.g3684.t1   -           1545 2380at3041           -            270   6.1e-07   27.7   0.0   1   3   0.00048     0.044   11.8   0.0   196   235   297   335   290   339 0.88 -
scaffold7.g3684.t1   -           1545 2380at3041           -            270   6.1e-07   27.7   0.0   2   3    0.0056      0.51    8.3   0.0   129   159   404   434   386   470 0.82 -
scaffold7.g3684.t1   -           1545 2380at3041           -            270   6.1e-07   27.7   0.0   3   3      0.26        23    2.9   0.0    52    74  1287  1309  1279  1338 0.75 -
scaffold9.g3289.t1   -            387 2380at3041           -            270   1.1e-06   26.9   0.0   1   1   2.7e-08   2.5e-06   25.8   0.0    91   213   136   264    81   276 0.78 -
scaffold19.g1865.t1  -           1105 2380at3041           -            270   1.9e-06   26.2   0.6   1   3   2.7e-07   2.5e-05   22.5   0.0   175   266   247   338   241   342 0.76 -
scaffold19.g1865.t1  -           1105 2380at3041           -            270   1.9e-06   26.2   0.6   2   3       3.4   3.1e+02   -0.8   0.0   176   194   368   386   339   400 0.56 -
scaffold19.g1865.t1  -           1105 2380at3041           -            270   1.9e-06   26.2   0.6   3   3       2.2   2.1e+02   -0.2   0.0    53    72   428   447   415   456 0.68 -
scaffold13.g337.t1   -            661 2380at3041           -            270   2.6e-06   25.7   0.1   1   4    0.0047      0.43    8.6   0.0   175   194   433   452   382   460 0.81 -
scaffold13.g337.t1   -            661 2380at3041           -            270   2.6e-06   25.7   0.1   2   4     0.011      0.99    7.4   0.0    83   152   478   549   462   557 0.76 -
scaffold13.g337.t1   -            661 2380at3041           -            270   2.6e-06   25.7   0.1   3   4      0.51        47    1.9   0.0    47    70   571   594   556   602 0.63 -
scaffold13.g337.t1   -            661 2380at3041           -            270   2.6e-06   25.7   0.1   4   4      0.51        46    1.9   0.0   121   143   630   652   623   658 0.86 -
scaffold3.g6316.t1   -           1730 2380at3041           -            270   5.6e-06   24.6   0.0   1   2       2.1   1.9e+02   -0.1   0.0   131   221   346   446   317   463 0.58 -
scaffold3.g6316.t1   -           1730 2380at3041           -            270   5.6e-06   24.6   0.0   2   2   1.1e-06   9.7e-05   20.5   0.0   111   211   631   730   617   752 0.87 -
scaffold5.g735.t1    -            860 2380at3041           -            270   6.6e-06   24.4   0.0   1   1   1.4e-07   1.3e-05   23.4   0.0   131   234   421   523   396   540 0.70 -
scaffold1.g5676.t1   -            825 2380at3041           -            270   1.6e-05   23.1   0.2   1   3    0.0026      0.24    9.4   0.0   172   220    24    79     2    92 0.68 -
scaffold1.g5676.t1   -            825 2380at3041           -            270   1.6e-05   23.1   0.2   2   3     0.007      0.63    8.0   0.1    37    86   125   173   118   182 0.87 -
scaffold1.g5676.t1   -            825 2380at3041           -            270   1.6e-05   23.1   0.2   3   3    0.0052      0.48    8.4   0.1   107   160   162   214   147   222 0.78 -
scaffold15.g4248.t1  -            497 2380at3041           -            270   2.2e-05   22.7   0.0   1   2     0.084       7.6    4.5   0.0   198   231   263   293   250   299 0.57 -
scaffold15.g4248.t1  -            497 2380at3041           -            270   2.2e-05   22.7   0.0   2   2   3.3e-05     0.003   15.7   0.0   130   235   347   410   319   422 0.54 -
scaffold21.g2098.t1  -            492 2380at3041           -            270   2.5e-05   22.5   0.0   1   1   7.5e-07   6.9e-05   21.0   0.0   132   234   266   374   253   390 0.73 -
scaffold14.g1076.t1  -            770 2380at3041           -            270   0.00011   20.3   0.0   1   1     2e-06   0.00019   19.6   0.0    92   218    64   190    45   196 0.53 -
scaffold1.g5611.t1   -            394 2380at3041           -            270   0.00013   20.1   0.0   1   1   4.9e-06   0.00045   18.4   0.0   110   184   107   187    85   192 0.82 -
scaffold12.g7960.t1  -           1556 2380at3041           -            270   0.00016   19.8   0.1   1   4      0.27        25    2.8   0.0    50    83   525   558   519   573 0.82 -
scaffold12.g7960.t1  -           1556 2380at3041           -            270   0.00016   19.8   0.1   2   4      0.54        49    1.8   0.0   216   232   726   742   710   767 0.69 -
scaffold12.g7960.t1  -           1556 2380at3041           -            270   0.00016   19.8   0.1   3   4     0.003      0.27    9.2   0.1   126   204   816   892   779   900 0.74 -
scaffold12.g7960.t1  -           1556 2380at3041           -            270   0.00016   19.8   0.1   4   4         4   3.6e+02   -1.0   0.0    48    71  1013  1036  1002  1045 0.83 -
scaffold1.g5312.t1   -           2656 2380at3041           -            270   0.00035   18.7   0.0   1   1   7.3e-06   0.00067   17.8   0.0   110   193   877   972   867   992 0.77 -
scaffold1.g5330.t1   -            505 2380at3041           -            270   0.00043   18.4   0.0   1   2     0.083       7.5    4.5   0.0   114   149   197   231   187   252 0.61 -
scaffold1.g5330.t1   -            505 2380at3041           -            270   0.00043   18.4   0.0   2   2    0.0009     0.082   10.9   0.0   123   187   429   498   360   502 0.77 -
scaffold8.g1654.t1   -            636 2380at3041           -            270   0.00053   18.1   0.0   1   2       1.3   1.2e+02    0.6   0.0   196   232   189   224   183   264 0.60 -
scaffold8.g1654.t1   -            636 2380at3041           -            270   0.00053   18.1   0.0   2   2   5.2e-05    0.0047   15.0   0.0   110   191   281   366   274   400 0.79 -
scaffold15.g4293.t1  -            812 2380at3041           -            270   0.00068   17.8   0.0   1   1   1.4e-05    0.0013   16.8   0.0   108   202   620   723   589   730 0.77 -
scaffold3.g6626.t1   -            973 2380at3041           -            270    0.0013   16.9   1.5   1   3      0.13        12    3.9   0.8    91   190   780   795   717   804 0.49 -
scaffold3.g6626.t1   -            973 2380at3041           -            270    0.0013   16.9   1.5   2   3      0.19        17    3.3   0.0   133   150   781   798   771   820 0.68 -
scaffold3.g6626.t1   -            973 2380at3041           -            270    0.0013   16.9   1.5   3   3    0.0053      0.49    8.4   0.0   121   188   853   922   827   938 0.63 -
scaffold3.g6655.t1   -            528 2380at3041           -            270    0.0017   16.4   0.0   1   2     0.013       1.2    7.2   0.0   197   236    23    61     4    95 0.66 -
scaffold3.g6655.t1   -            528 2380at3041           -            270    0.0017   16.4   0.0   2   2     0.023       2.1    6.3   0.0   174   190   141   157   123   195 0.64 -
scaffold20.g7752.t1  -           1301 2380at3041           -            270    0.0024   15.9   0.0   1   3       7.5   6.8e+02   -1.9   0.0   217   245  1042  1072  1033  1085 0.70 -
scaffold20.g7752.t1  -           1301 2380at3041           -            270    0.0024   15.9   0.0   2   3     0.016       1.5    6.8   0.0    91   115  1091  1115  1085  1165 0.68 -
scaffold20.g7752.t1  -           1301 2380at3041           -            270    0.0024   15.9   0.0   3   3     0.031       2.8    5.9   0.0   129   188  1180  1236  1135  1241 0.76 -
scaffold7.g3431.t1   -            526 2380at3041           -            270    0.0033   15.5   0.6   1   3     0.032       2.9    5.9   0.1    53   187     8   146     5   154 0.67 -
scaffold7.g3431.t1   -            526 2380at3041           -            270    0.0033   15.5   0.6   2   3       2.3   2.1e+02   -0.3   0.0   173   187   192   206   168   220 0.81 -
scaffold7.g3431.t1   -            526 2380at3041           -            270    0.0033   15.5   0.6   3   3     0.046       4.2    5.3   0.0    53    73   300   320   281   330 0.67 -
scaffold20.g7769.t1  -            577 2380at3041           -            270    0.0038   15.3   0.0   1   2      0.45        41    2.1   0.0   115   148   262   296   227   315 0.68 -
scaffold20.g7769.t1  -            577 2380at3041           -            270    0.0038   15.3   0.0   2   2    0.0018      0.17    9.9   0.0   115   201   361   446   349   453 0.54 -
scaffold4.g4975.t1   -            596 2380at3041           -            270    0.0049   14.9   0.1   1   1    0.0002     0.018   13.1   0.1   125   189   371   434   264   440 0.64 -
scaffold12.g8229.t1  -            415 2380at3041           -            270    0.0079   14.3   0.0   1   1   0.00036     0.033   12.2   0.0   134   193   275   332   263   357 0.61 -
scaffold40.g5151.t1  -            579 2380at3041           -            270     0.016   13.3   0.0   1   3      0.17        15    3.5   0.0    92   106   195   209   189   215 0.57 -
scaffold40.g5151.t1  -            579 2380at3041           -            270     0.016   13.3   0.0   2   3      0.57        52    1.8   0.0   173   189   267   283   240   289 0.70 -
scaffold40.g5151.t1  -            579 2380at3041           -            270     0.016   13.3   0.0   3   3      0.16        14    3.6   0.0   133   208   338   373   326   434 0.55 -
scaffold7.g3623.t1   -           1055 2380at3041           -            270     0.041   11.9   0.3   1   2     0.013       1.2    7.2   0.2   130   152   949   971   831   980 0.64 -
scaffold7.g3623.t1   -           1055 2380at3041           -            270     0.041   11.9   0.3   2   2    0.0077       0.7    7.9   0.1   131   161   950   980   937  1015 0.56 -
scaffold1.g5222.t1   -           1616 2380at3041           -            270     0.064   11.3   0.4   1   2     0.008      0.73    7.8   0.0   135   192    29    88    15    99 0.85 -
scaffold1.g5222.t1   -           1616 2380at3041           -            270     0.064   11.3   0.4   2   2       6.4   5.8e+02   -1.7   0.1   174   212   159   197   145   203 0.55 -
scaffold2.g7526.t1   -            486 2380at3041           -            270      0.12   10.4   3.0   1   2    0.0017      0.15   10.0   0.7   117   214    48   143    33   196 0.74 -
scaffold2.g7526.t1   -            486 2380at3041           -            270      0.12   10.4   3.0   2   2       2.5   2.3e+02   -0.3   0.1   108   144   409   444   387   477 0.63 -
#
# Program:         hmmsearch
# Version:         3.1b2 (February 2015)
# Pipeline mode:   SEARCH
# Query file:      /Users/catrionaharrison/Documents/Bioinformatics/rp2/Data/genomes/busco/busco_downloads/lineages/chlorophyta_odb10/hmms/2380at3041.hmm
# Target file:     /Users/catrionaharrison/Documents/Bioinformatics/rp2/Data/genomes/busco/data/a99.prot.fasta
# Option settings: hmmsearch --domtblout /Users/catrionaharrison/Documents/Bioinformatics/rp2/Data/genomes/busco/Busco_a99/run_chlorophyta_odb10/hmmer_output/initial_run_results/2380at3041.out --cpu 1 /Users/catrionaharrison/Documents/Bioinformatics/rp2/Data/genomes/busco/busco_downloads/lineages/chlorophyta_odb10/hmms/2380at3041.hmm /Users/catrionaharrison/Documents/Bioinformatics/rp2/Data/genomes/busco/data/a99.prot.fasta 
# Current dir:     /Users/catrionaharrison/Documents/Bioinformatics/rp2/Data/genomes/busco
# Date:            Fri Jul 22 14:45:35 2022
# [ok]
