#                                                                            --- full sequence --- -------------- this domain -------------   hmm coord   ali coord   env coord
# target name        accession   tlen query name           accession   qlen   E-value  score  bias   #  of  c-Evalue  i-Evalue  score  bias  from    to  from    to  from    to  acc description of target
#------------------- ---------- ----- -------------------- ---------- ----- --------- ------ ----- --- --- --------- --------- ------ ----- ----- ----- ----- ----- ----- ----- ---- ---------------------
scaffold2.g6846.t1   -           1885 251at3041            -            678  2.8e-220  732.2  10.7   1   4  1.3e-163  2.8e-160  533.9   1.3     6   410   935  1418   931  1427 0.88 -
scaffold2.g6846.t1   -           1885 251at3041            -            678  2.8e-220  732.2  10.7   2   4     0.071   1.5e+02   -0.6   0.0   398   421  1432  1461  1425  1467 0.76 -
scaffold2.g6846.t1   -           1885 251at3041            -            678  2.8e-220  732.2  10.7   3   4   5.6e-53   1.2e-49  168.3   0.3   426   621  1491  1719  1490  1724 0.82 -
scaffold2.g6846.t1   -           1885 251at3041            -            678  2.8e-220  732.2  10.7   4   4   1.4e-11   2.9e-08   31.5   0.1   619   677  1757  1840  1750  1841 0.70 -
scaffold12.g8169.t1  -            922 251at3041            -            678   2.3e-24   84.7   0.0   1   2   3.7e-14   7.6e-11   40.0   0.0     2   285    13   311    12   328 0.72 -
scaffold12.g8169.t1  -            922 251at3041            -            678   2.3e-24   84.7   0.0   2   2   1.4e-14   2.9e-11   41.4   0.0   277   375   350   457   347   468 0.83 -
scaffold20.g7628.t1  -           1019 251at3041            -            678   4.2e-07   27.6   0.0   1   3     2e-10   4.2e-07   27.6   0.0     2   120     8   138     7   152 0.67 -
scaffold20.g7628.t1  -           1019 251at3041            -            678   4.2e-07   27.6   0.0   2   3       0.1   2.1e+02   -1.1   0.1   290   320   550   580   546   592 0.84 -
scaffold20.g7628.t1  -           1019 251at3041            -            678   4.2e-07   27.6   0.0   3   3      0.27   5.6e+02   -2.5   0.1   448   502   726   782   719   799 0.75 -
scaffold23.g4195.t1  -           1164 251at3041            -            678   1.7e-06   25.6   0.8   1   1   1.6e-09   3.4e-06   24.7   0.8     2   114    16   131    15   153 0.79 -
#
# Program:         hmmsearch
# Version:         3.1b2 (February 2015)
# Pipeline mode:   SEARCH
# Query file:      /Users/catrionaharrison/Documents/Bioinformatics/rp2/Data/genomes/busco/busco_downloads/lineages/chlorophyta_odb10/hmms/251at3041.hmm
# Target file:     /Users/catrionaharrison/Documents/Bioinformatics/rp2/Data/genomes/busco/data/a99.prot.fasta
# Option settings: hmmsearch --domtblout /Users/catrionaharrison/Documents/Bioinformatics/rp2/Data/genomes/busco/Busco_a99/run_chlorophyta_odb10/hmmer_output/initial_run_results/251at3041.out --cpu 1 /Users/catrionaharrison/Documents/Bioinformatics/rp2/Data/genomes/busco/busco_downloads/lineages/chlorophyta_odb10/hmms/251at3041.hmm /Users/catrionaharrison/Documents/Bioinformatics/rp2/Data/genomes/busco/data/a99.prot.fasta 
# Current dir:     /Users/catrionaharrison/Documents/Bioinformatics/rp2/Data/genomes/busco
# Date:            Fri Jul 22 14:46:06 2022
# [ok]
