#                                                                            --- full sequence --- -------------- this domain -------------   hmm coord   ali coord   env coord
# target name        accession   tlen query name           accession   qlen   E-value  score  bias   #  of  c-Evalue  i-Evalue  score  bias  from    to  from    to  from    to  acc description of target
#------------------- ---------- ----- -------------------- ---------- ----- --------- ------ ----- --- --- --------- --------- ------ ----- ----- ----- ----- ----- ----- ----- ---- ---------------------
scaffold9.g3037.t1   -           1077 2576at3041           -            416  2.6e-154  512.7  15.8   1   5   3.1e-36   5.1e-34  116.5   0.1     8    87   430   510   420   514 0.91 -
scaffold9.g3037.t1   -           1077 2576at3041           -            416  2.6e-154  512.7  15.8   2   5   8.2e-40   1.4e-37  128.2   0.3    86   190   539   657   535   676 0.80 -
scaffold9.g3037.t1   -           1077 2576at3041           -            416  2.6e-154  512.7  15.8   3   5   2.6e-16   4.3e-14   50.8   0.0   197   249   735   793   722   796 0.87 -
scaffold9.g3037.t1   -           1077 2576at3041           -            416  2.6e-154  512.7  15.8   4   5   4.4e-40   7.2e-38  129.1   0.1   250   339   827   917   823   925 0.96 -
scaffold9.g3037.t1   -           1077 2576at3041           -            416  2.6e-154  512.7  15.8   5   5     1e-29   1.7e-27   94.9   1.3   338   415   953  1034   947  1035 0.87 -
scaffold1.g5469.t1   -           1409 2576at3041           -            416     5e-73  245.0   0.1   1   1   5.2e-75   8.7e-73  244.2   0.1     9   343   504   860   493   880 0.84 -
scaffold18.g1964.t1  -            572 2576at3041           -            416   5.2e-69  231.7   0.0   1   1   4.4e-71   7.4e-69  231.2   0.0    11   341   146   496   139   501 0.84 -
scaffold6.g2616.t1   -           1351 2576at3041           -            416   1.8e-62  210.2   1.9   1   2   4.6e-37   7.6e-35  119.2   0.1     7   166    25   183    16   189 0.88 -
scaffold6.g2616.t1   -           1351 2576at3041           -            416   1.8e-62  210.2   1.9   2   2   2.6e-28   4.4e-26   90.3   0.2   172   344   217   411   213   423 0.80 -
scaffold8.g1367.t1   -            680 2576at3041           -            416   1.3e-58  197.5   0.0   1   2   4.8e-40     8e-38  129.0   0.0    10   189   141   332   136   347 0.84 -
scaffold8.g1367.t1   -            680 2576at3041           -            416   1.3e-58  197.5   0.0   2   2   5.2e-21   8.7e-19   66.3   0.0   249   333   514   599   498   616 0.85 -
scaffold2.g7182.t1   -           1158 2576at3041           -            416   4.7e-58  195.6   0.9   1   1     4e-60   6.7e-58  195.1   0.9     9   328    80   422    73   480 0.84 -
scaffold21.g2207.t1  -            946 2576at3041           -            416   2.2e-56  190.2   5.4   1   1   2.8e-58   4.6e-56  189.1   5.4    19   330   324   670   319   681 0.80 -
scaffold6.g2763.t1   -           1319 2576at3041           -            416   9.4e-54  181.5   2.0   1   1   1.2e-54     2e-52  177.1   2.0     8   368    66   417    56   436 0.81 -
scaffold9.g3123.t1   -            395 2576at3041           -            416   6.7e-52  175.4   0.1   1   1   5.3e-54   8.8e-52  175.0   0.1    11   338    41   382    29   391 0.84 -
scaffold11.g3990.t1  -            891 2576at3041           -            416   1.3e-51  174.4   0.1   1   3   2.6e-27   4.3e-25   87.1   0.0     8   136   423   560   414   578 0.87 -
scaffold11.g3990.t1  -            891 2576at3041           -            416   1.3e-51  174.4   0.1   2   3   2.2e-06   0.00037   18.1   0.0   141   163   598   620   571   626 0.84 -
scaffold11.g3990.t1  -            891 2576at3041           -            416   1.3e-51  174.4   0.1   3   3   9.9e-21   1.6e-18   65.4   0.0   227   338   735   852   667   873 0.76 -
scaffold3.g6649.t1   -           1031 2576at3041           -            416   3.7e-51  172.9   4.3   1   3   2.4e-13   3.9e-11   41.1   0.0    10    60   184   235   173   246 0.85 -
scaffold3.g6649.t1   -           1031 2576at3041           -            416   3.7e-51  172.9   4.3   2   3   1.8e-19     3e-17   61.2   0.0    71   176   286   397   275   434 0.79 -
scaffold3.g6649.t1   -           1031 2576at3041           -            416   3.7e-51  172.9   4.3   3   3   4.6e-22   7.6e-20   69.8   1.1   202   336   612   752   589   761 0.86 -
scaffold6.g2507.t1   -            410 2576at3041           -            416   1.8e-50  170.6   0.1   1   1   1.4e-52   2.3e-50  170.3   0.1    10   337    50   391    38   403 0.84 -
scaffold14.g1294.t1  -            647 2576at3041           -            416   1.2e-49  167.9   1.8   1   3   1.3e-12   2.1e-10   38.7   0.1    14    60    95   141    86   147 0.91 -
scaffold14.g1294.t1  -            647 2576at3041           -            416   1.2e-49  167.9   1.8   2   3   0.00016     0.027   12.0   0.0   109   134   158   183   154   189 0.90 -
scaffold14.g1294.t1  -            647 2576at3041           -            416   1.2e-49  167.9   1.8   3   3   9.2e-36   1.5e-33  114.9   0.1   138   337   208   429   198   433 0.83 -
scaffold10.g2312.t1  -            576 2576at3041           -            416   2.3e-49  167.0   0.0   1   2   3.6e-39   5.9e-37  126.1   0.0     8   191   161   353   151   362 0.83 -
scaffold10.g2312.t1  -            576 2576at3041           -            416   2.3e-49  167.0   0.0   2   2   1.1e-12   1.8e-10   38.9   0.0   285   343   408   466   397   482 0.88 -
scaffold5.g706.t1    -           1063 2576at3041           -            416   4.2e-49  166.1   3.9   1   2   1.9e-34   3.2e-32  110.5   0.1     9   166   269   424   264   443 0.83 -
scaffold5.g706.t1    -           1063 2576at3041           -            416   4.2e-49  166.1   3.9   2   2   7.2e-18   1.2e-15   55.9   1.0   251   331   531   613   527   617 0.91 -
scaffold37.g4387.t1  -            390 2576at3041           -            416   4.4e-49  166.1   1.3   1   2   6.6e-24   1.1e-21   75.8   0.1    28   134     1   114     1   118 0.83 -
scaffold37.g4387.t1  -            390 2576at3041           -            416   4.4e-49  166.1   1.3   2   2   4.5e-28   7.4e-26   89.6   0.1   171   355   119   317   114   339 0.78 -
scaffold14.g1159.t1  -            562 2576at3041           -            416   1.3e-46  157.9   4.1   1   2   2.1e-28   3.5e-26   90.7   0.2     8   187    79   277    69   286 0.78 -
scaffold14.g1159.t1  -            562 2576at3041           -            416   1.3e-46  157.9   4.1   2   2   1.1e-21   1.7e-19   68.6   0.4   200   341   370   518   364   528 0.86 -
scaffold4.g4705.t1   -            945 2576at3041           -            416   3.1e-45  153.4   1.3   1   2   2.6e-33   4.3e-31  106.8   0.1     9   165   219   383   212   386 0.82 -
scaffold4.g4705.t1   -            945 2576at3041           -            416   3.1e-45  153.4   1.3   2   2   1.5e-14   2.5e-12   45.0   0.1   174   310   436   596   428   611 0.66 -
scaffold5.g957.t1    -            293 2576at3041           -            416   1.2e-40  138.3   0.4   1   2   1.9e-24   3.2e-22   77.6   0.1    14   133     5   123     2   131 0.87 -
scaffold5.g957.t1    -            293 2576at3041           -            416   1.2e-40  138.3   0.4   2   2   7.8e-19   1.3e-16   59.1   0.0   211   327   138   261   132   278 0.86 -
scaffold10.g2296.t1  -            874 2576at3041           -            416   2.5e-40  137.3   0.1   1   2   3.4e-29   5.6e-27   93.3   0.0    10   171    91   269    86   283 0.80 -
scaffold10.g2296.t1  -            874 2576at3041           -            416   2.5e-40  137.3   0.1   2   2   1.6e-13   2.6e-11   41.7   0.0   273   324   346   398   340   426 0.81 -
scaffold5.g722.t1    -           1192 2576at3041           -            416   4.7e-39  133.1   5.8   1   3   1.9e-08   3.1e-06   24.9   0.0     9    46   159   196   154   199 0.93 -
scaffold5.g722.t1    -           1192 2576at3041           -            416   4.7e-39  133.1   5.8   2   3   0.00077      0.13    9.7   0.1    33    60   204   231   203   249 0.82 -
scaffold5.g722.t1    -           1192 2576at3041           -            416   4.7e-39  133.1   5.8   3   3   1.1e-29   1.8e-27   94.9   1.3    66   342   263   583   259   589 0.75 -
scaffold17.g577.t1   -           1059 2576at3041           -            416   7.3e-39  132.4   6.4   1   3   3.2e-14   5.4e-12   43.9   0.2    10    88   116   201   108   205 0.82 -
scaffold17.g577.t1   -           1059 2576at3041           -            416   7.3e-39  132.4   6.4   2   3   3.2e-06   0.00054   17.6   0.0   136   165   275   304   253   310 0.85 -
scaffold17.g577.t1   -           1059 2576at3041           -            416   7.3e-39  132.4   6.4   3   3     8e-23   1.3e-20   72.3   0.6   171   331   345   511   334   553 0.82 -
scaffold12.g8058.t1  -            689 2576at3041           -            416   1.4e-38  131.5   4.3   1   3   9.5e-18   1.6e-15   55.6   0.0     9    91    13    91     3    97 0.87 -
scaffold12.g8058.t1  -            689 2576at3041           -            416   1.4e-38  131.5   4.3   2   3   2.2e-09   3.7e-07   28.0   0.2   118   190   141   216   132   228 0.85 -
scaffold12.g8058.t1  -            689 2576at3041           -            416   1.4e-38  131.5   4.3   3   3   2.2e-15   3.6e-13   47.8   0.2   283   341   408   466   401   468 0.92 -
scaffold8.g1671.t1   -            556 2576at3041           -            416   2.7e-37  127.2   0.6   1   2   1.7e-39   2.7e-37  127.2   0.6   114   399    18   303     2   308 0.74 -
scaffold8.g1671.t1   -            556 2576at3041           -            416   2.7e-37  127.2   0.6   2   2       5.6   9.3e+02   -3.0   0.8    86   112   350   377   341   390 0.79 -
scaffold3.g6512.t1   -           1253 2576at3041           -            416   1.7e-34  118.0   3.5   1   2   7.9e-25   1.3e-22   78.9   0.2     9   182    27   203    23   221 0.83 -
scaffold3.g6512.t1   -           1253 2576at3041           -            416   1.7e-34  118.0   3.5   2   2   6.1e-13     1e-10   39.7   0.3   217   327   276   393   270   409 0.77 -
scaffold9.g3266.t1   -            821 2576at3041           -            416   1.1e-32  112.1   0.3   1   3   2.5e-19   4.1e-17   60.8   0.0     6    86    39   127    32   135 0.87 -
scaffold9.g3266.t1   -            821 2576at3041           -            416   1.1e-32  112.1   0.3   2   3       8.5   1.4e+03   -3.6   0.0   113   150   226   265   218   268 0.64 -
scaffold9.g3266.t1   -            821 2576at3041           -            416   1.1e-32  112.1   0.3   3   3   1.7e-15   2.8e-13   48.1   0.0   187   347   362   540   332   553 0.72 -
scaffold3.g6189.t1   -            529 2576at3041           -            416   1.4e-32  111.7   1.7   1   2   5.3e-21   8.8e-19   66.3   0.0     7   186   105   300    96   312 0.83 -
scaffold3.g6189.t1   -            529 2576at3041           -            416   1.4e-32  111.7   1.7   2   2     2e-14   3.3e-12   44.6   0.1   269   325   435   491   424   507 0.84 -
scaffold13.g230.t1   -            587 2576at3041           -            416     8e-32  109.2   6.1   1   4   1.9e-14   3.2e-12   44.7   0.1     8    91    31   124    21   128 0.77 -
scaffold13.g230.t1   -            587 2576at3041           -            416     8e-32  109.2   6.1   2   4    0.0025      0.41    8.1   0.0   143   166   187   210   154   227 0.87 -
scaffold13.g230.t1   -            587 2576at3041           -            416     8e-32  109.2   6.1   3   4       5.9   9.8e+02   -3.1   0.0   203   227   344   369   341   396 0.62 -
scaffold13.g230.t1   -            587 2576at3041           -            416     8e-32  109.2   6.1   4   4   1.8e-18     3e-16   57.9   0.3   259   368   435   542   424   546 0.83 -
scaffold13.g347.t1   -            507 2576at3041           -            416   1.3e-31  108.5   8.1   1   3   1.1e-17   1.8e-15   55.4   0.1    71   158    58   150    34   161 0.83 -
scaffold13.g347.t1   -            507 2576at3041           -            416   1.3e-31  108.5   8.1   2   3   0.00086      0.14    9.6   0.0   192   249   230   288   197   297 0.83 -
scaffold13.g347.t1   -            507 2576at3041           -            416   1.3e-31  108.5   8.1   3   3   1.7e-14   2.8e-12   44.9   2.9   273   335   356   418   346   455 0.80 -
scaffold2.g6983.t1   -            522 2576at3041           -            416   1.3e-29  101.9   0.7   1   2   2.4e-13     4e-11   41.0   0.0     9    90    56   132    49   143 0.84 -
scaffold2.g6983.t1   -            522 2576at3041           -            416   1.3e-29  101.9   0.7   2   2   4.8e-18     8e-16   56.5   0.3   118   339   230   497   218   507 0.68 -
scaffold4.g4684.t1   -            369 2576at3041           -            416   3.4e-21   74.2   0.4   1   2   7.3e-19   1.2e-16   59.2   0.0    15   134   107   222    94   230 0.84 -
scaffold4.g4684.t1   -            369 2576at3041           -            416   3.4e-21   74.2   0.4   2   2   5.1e-05    0.0085   13.6   0.1   269   297   230   258   221   266 0.84 -
scaffold9.g3148.t1   -           2152 2576at3041           -            416   2.8e-20   71.2   0.9   1   4   3.1e-14   5.2e-12   44.0   0.1     8    78  1480  1549  1470  1567 0.84 -
scaffold9.g3148.t1   -           2152 2576at3041           -            416   2.8e-20   71.2   0.9   2   4      0.34        57    1.0   0.0    72   125  1774  1834  1764  1849 0.66 -
scaffold9.g3148.t1   -           2152 2576at3041           -            416   2.8e-20   71.2   0.9   3   4   0.00014     0.024   12.1   0.1   259   289  1926  1956  1911  1959 0.85 -
scaffold9.g3148.t1   -           2152 2576at3041           -            416   2.8e-20   71.2   0.9   4   4    0.0014      0.24    8.8   0.0   294   329  1988  2023  1978  2050 0.76 -
scaffold2.g6918.t1   -            396 2576at3041           -            416   1.5e-15   55.6   0.1   1   1   1.3e-17   2.1e-15   55.2   0.1     1   115   265   396   265   396 0.74 -
scaffold30.g4464.t1  -            317 2576at3041           -            416     7e-12   43.5   0.0   1   1   6.6e-14   1.1e-11   42.9   0.0   252   339   192   287   163   300 0.84 -
scaffold11.g3881.t1  -           1697 2576at3041           -            416   4.3e-08   31.1   0.1   1   2      0.28        46    1.3   0.0    37   153   128   246   123   288 0.63 -
scaffold11.g3881.t1  -           1697 2576at3041           -            416   4.3e-08   31.1   0.1   2   2   3.8e-09   6.3e-07   27.2   0.0   259   326   495   561   448   582 0.79 -
scaffold6.g2917.t1   -           2183 2576at3041           -            416     2e-05   22.3   0.0   1   2     0.003       0.5    7.8   0.0    21    64   508   552   488   570 0.82 -
scaffold6.g2917.t1   -           2183 2576at3041           -            416     2e-05   22.3   0.0   2   2   0.00019     0.031   11.7   0.0    16    61  1338  1384  1328  1389 0.87 -
scaffold20.g7659.t1  -           1111 2576at3041           -            416   5.1e-05   20.9   1.7   1   3      0.02       3.3    5.1   0.0    34   149   563   680   551   684 0.60 -
scaffold20.g7659.t1  -           1111 2576at3041           -            416   5.1e-05   20.9   1.7   2   3       5.9   9.8e+02   -3.1   0.0   153   214   866   925   860   939 0.64 -
scaffold20.g7659.t1  -           1111 2576at3041           -            416   5.1e-05   20.9   1.7   3   3   5.4e-05    0.0089   13.5   0.1   253   329  1005  1081   995  1101 0.86 -
scaffold18.g1903.t1  -           1157 2576at3041           -            416   0.00022   18.9   6.5   1   1   2.1e-05    0.0034   14.9   6.5     6   338   257   612   254   622 0.76 -
scaffold14.g1034.t1  -           1508 2576at3041           -            416   0.00022   18.9   0.0   1   1   2.3e-06   0.00038   18.0   0.0    26    72    31    76    14    83 0.77 -
scaffold9.g3101.t1   -           1211 2576at3041           -            416   0.00038   18.0   0.2   1   2     0.097        16    2.8   0.1   136   183   418   462   359   478 0.78 -
scaffold9.g3101.t1   -           1211 2576at3041           -            416   0.00038   18.0   0.2   2   2   9.4e-05     0.016   12.7   0.0   249   327   667   750   664   761 0.76 -
scaffold9.g3267.t1   -            798 2576at3041           -            416   0.00063   17.3   0.0   1   1   7.3e-06    0.0012   16.4   0.0    24    57    21    54    15   118 0.92 -
scaffold21.g2196.t1  -           2127 2576at3041           -            416    0.0019   15.8   0.1   1   1     2e-05    0.0034   14.9   0.1   260   328   551   617   532   650 0.78 -
scaffold11.g3989.t1  -           1061 2576at3041           -            416    0.0043   14.6   0.0   1   2   0.00016     0.026   12.0   0.0    23    82    92   151    81   162 0.86 -
scaffold11.g3989.t1  -           1061 2576at3041           -            416    0.0043   14.6   0.0   2   2         1   1.7e+02   -0.5   0.0   139   184   192   237   175   255 0.86 -
scaffold9.g3245.t1   -           1941 2576at3041           -            416    0.0052   14.3   0.1   1   1   6.1e-05      0.01   13.4   0.1    34    84   901   945   894   957 0.87 -
scaffold5.g649.t1    -           1325 2576at3041           -            416    0.0064   14.0   0.0   1   1   9.1e-05     0.015   12.8   0.0    24    56   469   501   451   510 0.84 -
scaffold6.g2756.t1   -           1431 2576at3041           -            416    0.0067   14.0   0.0   1   1   0.00011     0.018   12.6   0.0    21    70    70   118    60   153 0.71 -
scaffold13.g213.t1   -           2350 2576at3041           -            416    0.0076   13.8   0.0   1   2    0.0043      0.71    7.3   0.0    12    62   533   584   529   619 0.68 -
scaffold13.g213.t1   -           2350 2576at3041           -            416    0.0076   13.8   0.0   2   2     0.052       8.7    3.7   0.0    36    63  1440  1467  1432  1476 0.84 -
scaffold13.g177.t1   -           1259 2576at3041           -            416     0.012   13.2   0.0   1   1   0.00012      0.02   12.4   0.0    10    44    92   126    86   142 0.88 -
scaffold7.g3535.t1   -           1014 2576at3041           -            416     0.014   12.9   0.5   1   2     0.075        12    3.2   0.0    32    55    35    58    16    68 0.91 -
scaffold7.g3535.t1   -           1014 2576at3041           -            416     0.014   12.9   0.5   2   2    0.0097       1.6    6.1   0.2   260   365   318   422   245   436 0.87 -
scaffold17.g453.t1   -           1778 2576at3041           -            416     0.054   11.0   0.0   1   1   0.00058     0.097   10.1   0.0   247   333  1355  1445  1352  1470 0.78 -
#
# Program:         hmmsearch
# Version:         3.1b2 (February 2015)
# Pipeline mode:   SEARCH
# Query file:      /Users/catrionaharrison/Documents/Bioinformatics/rp2/Data/genomes/busco/busco_downloads/lineages/chlorophyta_odb10/hmms/2576at3041.hmm
# Target file:     /Users/catrionaharrison/Documents/Bioinformatics/rp2/Data/genomes/busco/data/a99.prot.fasta
# Option settings: hmmsearch --domtblout /Users/catrionaharrison/Documents/Bioinformatics/rp2/Data/genomes/busco/Busco_a99/run_chlorophyta_odb10/hmmer_output/initial_run_results/2576at3041.out --cpu 1 /Users/catrionaharrison/Documents/Bioinformatics/rp2/Data/genomes/busco/busco_downloads/lineages/chlorophyta_odb10/hmms/2576at3041.hmm /Users/catrionaharrison/Documents/Bioinformatics/rp2/Data/genomes/busco/data/a99.prot.fasta 
# Current dir:     /Users/catrionaharrison/Documents/Bioinformatics/rp2/Data/genomes/busco
# Date:            Fri Jul 22 14:46:38 2022
# [ok]
