#                                                                            --- full sequence --- -------------- this domain -------------   hmm coord   ali coord   env coord
# target name        accession   tlen query name           accession   qlen   E-value  score  bias   #  of  c-Evalue  i-Evalue  score  bias  from    to  from    to  from    to  acc description of target
#------------------- ---------- ----- -------------------- ---------- ----- --------- ------ ----- --- --- --------- --------- ------ ----- ----- ----- ----- ----- ----- ----- ---- ---------------------
scaffold9.g3286.t1   -           1141 3456at3041           -            246    5e-110  365.7   0.6   1   1  4.3e-112  1.1e-109  364.6   0.6     1   233    15   291    15   294 0.92 -
scaffold3.g6288.t1   -            510 3456at3041           -            246   5.3e-90  300.1   3.3   1   2   4.3e-65   1.1e-62  210.7   0.1    30   175     7   158     2   180 0.90 -
scaffold3.g6288.t1   -            510 3456at3041           -            246   5.3e-90  300.1   3.3   2   2   4.1e-28     1e-25   89.6   0.6   173   242   189   268   177   272 0.91 -
scaffold1.g5436.t1   -            252 3456at3041           -            246   1.2e-73  246.6   4.3   1   1   5.1e-73   1.3e-70  236.6   4.3    37   246     1   244     1   244 0.87 -
scaffold7.g3759.t1   -            300 3456at3041           -            246   3.3e-45  153.4   1.3   1   1     9e-47   2.3e-44  150.7   1.3     6   232    23   280    18   291 0.83 -
scaffold1.g5802.t1   -            240 3456at3041           -            246   4.6e-41  139.9   4.8   1   1   4.3e-43   1.1e-40  138.6   4.8    11   199     2   223     1   235 0.84 -
scaffold9.g3004.t1   -            316 3456at3041           -            246   3.6e-34  117.3   1.4   1   2   3.8e-24   9.6e-22   76.6   1.0    12   153    33   187    21   193 0.81 -
scaffold9.g3004.t1   -            316 3456at3041           -            246   3.6e-34  117.3   1.4   2   2   1.1e-12   2.8e-10   39.0   0.0    87   159   224   292   216   309 0.85 -
scaffold12.g8144.t1  -           1350 3456at3041           -            246     1e-27   96.2   3.8   1   2   8.6e-27   2.2e-24   85.2   1.9    12   172    61   210    54   218 0.86 -
scaffold12.g8144.t1  -           1350 3456at3041           -            246     1e-27   96.2   3.8   2   2     0.001      0.26    9.7   0.0   174   240   280   355   272   358 0.88 -
scaffold7.g3371.t1   -            345 3456at3041           -            246   6.5e-26   90.2   0.8   1   2   8.7e-07   0.00022   19.7   0.1    80   202    44   175    35   181 0.79 -
scaffold7.g3371.t1   -            345 3456at3041           -            246   6.5e-26   90.2   0.8   2   2   4.6e-23   1.2e-20   73.0   0.5     2   172   151   337   150   344 0.84 -
scaffold10.g2395.t1  -           1040 3456at3041           -            246   1.1e-22   79.6   4.0   1   2      0.28        69    1.7   0.0    26    49   816   839   806   844 0.61 -
scaffold10.g2395.t1  -           1040 3456at3041           -            246   1.1e-22   79.6   4.0   2   2   7.6e-24   1.9e-21   75.6   2.0    84   246   846  1030   841  1030 0.84 -
scaffold11.g4076.t1  -            339 3456at3041           -            246   4.8e-22   77.6   1.3   1   2   2.5e-14   6.2e-12   44.4   0.2    89   245    32   202    23   203 0.79 -
scaffold11.g4076.t1  -            339 3456at3041           -            246   4.8e-22   77.6   1.3   2   2   3.2e-10   8.1e-08   31.0   0.0    82   170   249   336   243   339 0.83 -
scaffold14.g1244.t1  -            434 3456at3041           -            246   1.1e-20   73.1   2.3   1   1   4.7e-22   1.2e-19   69.7   2.3     5   243    18   295    12   298 0.77 -
scaffold19.g1832.t1  -            361 3456at3041           -            246   6.8e-20   70.5   6.2   1   3    0.0011      0.27    9.6   0.0    86   115    17    45     6    59 0.62 -
scaffold19.g1832.t1  -            361 3456at3041           -            246   6.8e-20   70.5   6.2   2   3   3.2e-10   8.1e-08   31.0   0.5    29   124    91   190    88   206 0.82 -
scaffold19.g1832.t1  -            361 3456at3041           -            246   6.8e-20   70.5   6.2   3   3   2.3e-10   5.7e-08   31.5   0.1    45   170   232   358   224   360 0.86 -
scaffold1.g5789.t1   -            288 3456at3041           -            246   2.2e-19   68.9   0.1   1   2   4.4e-16   1.1e-13   50.2   0.0    18   155     1   136     1   143 0.90 -
scaffold1.g5789.t1   -            288 3456at3041           -            246   2.2e-19   68.9   0.1   2   2   7.1e-06    0.0018   16.7   0.0    12    59   210   262   198   274 0.79 -
scaffold19.g1850.t1  -            437 3456at3041           -            246   5.3e-19   67.6   3.8   1   4   3.4e-17   8.6e-15   53.8   0.6    79   209    74   215    59   216 0.86 -
scaffold19.g1850.t1  -            437 3456at3041           -            246   5.3e-19   67.6   3.8   2   4   9.4e-07   0.00024   19.6   0.1     2    72   184   255   183   262 0.86 -
scaffold19.g1850.t1  -            437 3456at3041           -            246   5.3e-19   67.6   3.8   3   4    0.0068       1.7    7.0   0.0     6    50   269   318   264   326 0.72 -
scaffold19.g1850.t1  -            437 3456at3041           -            246   5.3e-19   67.6   3.8   4   4       9.8   2.5e+03   -3.4   0.0   143   160   341   358   337   372 0.44 -
scaffold11.g3958.t1  -            828 3456at3041           -            246   5.9e-18   64.2   3.0   1   3   2.3e-10   5.7e-08   31.5   0.1    86   149   474   541   470   561 0.84 -
scaffold11.g3958.t1  -            828 3456at3041           -            246   5.9e-18   64.2   3.0   2   3     5e-05     0.012   14.0   0.1     2    78   582   662   577   671 0.56 -
scaffold11.g3958.t1  -            828 3456at3041           -            246   5.9e-18   64.2   3.0   3   3   6.4e-06    0.0016   16.9   0.0    88   165   696   780   689   787 0.78 -
scaffold11.g3975.t1  -           1047 3456at3041           -            246     5e-17   61.1   0.0   1   2   1.3e-16   3.2e-14   51.9   0.0    13   206    46   268    34   271 0.75 -
scaffold11.g3975.t1  -           1047 3456at3041           -            246     5e-17   61.1   0.0   2   2   0.00015     0.036   12.4   0.1    97   160   250   311   235   326 0.80 -
scaffold13.g233.t1   -            383 3456at3041           -            246   5.4e-17   61.0   1.2   1   2   2.9e-13   7.3e-11   40.9   0.4     1   172   105   287   105   296 0.80 -
scaffold13.g233.t1   -            383 3456at3041           -            246   5.4e-17   61.0   1.2   2   2   5.3e-06    0.0013   17.2   0.0     4    79   307   377   304   381 0.87 -
scaffold12.g8241.t1  -            435 3456at3041           -            246   1.1e-16   60.0   5.8   1   3   2.4e-09   6.2e-07   28.1   0.1    88   171    24   105    19   123 0.64 -
scaffold12.g8241.t1  -            435 3456at3041           -            246   1.1e-16   60.0   5.8   2   3   0.00012      0.03   12.7   0.4    85   151   151   235   149   247 0.62 -
scaffold12.g8241.t1  -            435 3456at3041           -            246   1.1e-16   60.0   5.8   3   3   1.5e-05    0.0038   15.7   0.1    97   154   357   413   338   431 0.68 -
scaffold7.g3757.t1   -            308 3456at3041           -            246   3.2e-16   58.5   0.5   1   2    0.0098       2.5    6.5   0.0     2    40    47    85    46    99 0.82 -
scaffold7.g3757.t1   -            308 3456at3041           -            246   3.2e-16   58.5   0.5   2   2   3.5e-16   8.8e-14   50.5   0.1     2   155   125   285   124   304 0.90 -
scaffold20.g7832.t1  -            618 3456at3041           -            246   2.1e-12   46.0   1.1   1   3   5.7e-05     0.014   13.8   0.0   123   155     9    41     1    63 0.78 -
scaffold20.g7832.t1  -            618 3456at3041           -            246   2.1e-12   46.0   1.1   2   3   2.2e-07   5.6e-05   21.7   0.0   105   171   136   202   130   207 0.85 -
scaffold20.g7832.t1  -            618 3456at3041           -            246   2.1e-12   46.0   1.1   3   3    0.0064       1.6    7.0   0.6     1    34   217   250   217   305 0.83 -
scaffold6.g2895.t1   -            424 3456at3041           -            246   5.6e-11   41.3   6.6   1   3    0.0001     0.025   13.0   0.1     1    59   110   169   110   206 0.81 -
scaffold6.g2895.t1   -            424 3456at3041           -            246   5.6e-11   41.3   6.6   2   3   0.00016      0.04   12.3   0.6     2    73   231   304   230   308 0.84 -
scaffold6.g2895.t1   -            424 3456at3041           -            246   5.6e-11   41.3   6.6   3   3     3e-06   0.00076   18.0   0.1     5    51   328   381   325   390 0.85 -
scaffold13.g388.t1   -            390 3456at3041           -            246   1.5e-10   39.9   1.6   1   2   1.9e-06   0.00048   18.6   0.1    89   201    68   192    45   203 0.69 -
scaffold13.g388.t1   -            390 3456at3041           -            246   1.5e-10   39.9   1.6   2   2   3.6e-06    0.0009   17.7   0.3    29   123   230   338   218   350 0.80 -
scaffold10.g2419.t1  -           1084 3456at3041           -            246   3.7e-10   38.6   0.1   1   2   3.6e-08   9.1e-06   24.2   0.0    87   205   851   984   844   991 0.77 -
scaffold10.g2419.t1  -           1084 3456at3041           -            246   3.7e-10   38.6   0.1   2   2   9.3e-05     0.023   13.1   0.1     7    78   962  1040   956  1047 0.78 -
scaffold2.g6829.t1   -            476 3456at3041           -            246   6.6e-10   37.8   9.8   1   2    0.0022      0.56    8.5   0.7    92   172   127   219   117   232 0.56 -
scaffold2.g6829.t1   -            476 3456at3041           -            246   6.6e-10   37.8   9.8   2   2   2.8e-11   7.1e-09   34.4   0.5     1   182   232   414   232   426 0.84 -
scaffold3.g6193.t1   -            282 3456at3041           -            246   1.1e-09   37.1   0.0   1   2   3.3e-06   0.00082   17.8   0.0    88   186    87   200    80   209 0.72 -
scaffold3.g6193.t1   -            282 3456at3041           -            246   1.1e-09   37.1   0.0   2   2   6.8e-06    0.0017   16.8   0.0    14    63   214   268   201   277 0.83 -
scaffold19.g1843.t1  -            590 3456at3041           -            246     7e-09   34.4   1.9   1   2   3.7e-09   9.3e-07   27.5   0.1     2   131   269   413   268   430 0.80 -
scaffold19.g1843.t1  -            590 3456at3041           -            246     7e-09   34.4   1.9   2   2     0.013       3.3    6.1   0.2    36    80   458   502   453   505 0.88 -
scaffold6.g2640.t1   -            368 3456at3041           -            246   1.1e-08   33.8   7.2   1   2   5.4e-05     0.013   13.9   1.2    31   151    80   226    54   244 0.65 -
scaffold6.g2640.t1   -            368 3456at3041           -            246   1.1e-08   33.8   7.2   2   2   1.9e-05    0.0048   15.3   0.5     4    76   272   350   269   367 0.60 -
scaffold4.g4601.t1   -           1093 3456at3041           -            246   4.3e-08   31.9   3.8   1   2    0.0047       1.2    7.5   0.0    86   172   127   201   114   205 0.82 -
scaffold4.g4601.t1   -           1093 3456at3041           -            246   4.3e-08   31.9   3.8   2   2   7.7e-08   1.9e-05   23.2   2.1    26   163   243   386   220   406 0.77 -
scaffold3.g6629.t1   -            362 3456at3041           -            246   4.6e-07   28.5  14.9   1   4   0.00056      0.14   10.5   0.1    97   150    34    87    22   100 0.76 -
scaffold3.g6629.t1   -            362 3456at3041           -            246   4.6e-07   28.5  14.9   2   4      0.72   1.8e+02    0.3   0.1     5   202   133   154   122   158 0.62 -
scaffold3.g6629.t1   -            362 3456at3041           -            246   4.6e-07   28.5  14.9   3   4     0.089        22    3.3   0.6   122   166   189   232   177   259 0.59 -
scaffold3.g6629.t1   -            362 3456at3041           -            246   4.6e-07   28.5  14.9   4   4   2.9e-07   7.2e-05   21.3   0.9    84   171   270   354   250   358 0.74 -
scaffold8.g1559.t1   -           1619 3456at3041           -            246   6.4e-06   24.7   0.1   1   2    0.0013      0.32    9.3   0.0    26    68   115   157    90   170 0.68 -
scaffold8.g1559.t1   -           1619 3456at3041           -            246   6.4e-06   24.7   0.1   2   2   0.00016      0.04   12.3   0.0    26    59   179   212   175   227 0.79 -
scaffold20.g7864.t1  -           1917 3456at3041           -            246   8.2e-06   24.4   2.5   1   4   6.2e-05     0.016   13.7   0.1    86   168  1618  1702  1607  1712 0.86 -
scaffold20.g7864.t1  -           1917 3456at3041           -            246   8.2e-06   24.4   2.5   2   4     0.012       3.1    6.1   0.1   172   207  1732  1767  1727  1787 0.87 -
scaffold20.g7864.t1  -           1917 3456at3041           -            246   8.2e-06   24.4   2.5   3   4      0.66   1.6e+02    0.5   0.0     4    28  1809  1833  1804  1856 0.77 -
scaffold20.g7864.t1  -           1917 3456at3041           -            246   8.2e-06   24.4   2.5   4   4       1.9   4.8e+02   -1.1   0.0   203   241  1864  1902  1855  1906 0.73 -
scaffold12.g7914.t1  -            394 3456at3041           -            246   2.7e-05   22.7   2.0   1   2     0.037       9.4    4.5   0.1     3    56    89   144    78   158 0.76 -
scaffold12.g7914.t1  -            394 3456at3041           -            246   2.7e-05   22.7   2.0   2   2   3.8e-06   0.00096   17.6   0.3     2    72   248   320   247   328 0.87 -
scaffold17.g498.t1   -            247 3456at3041           -            246    0.0024   16.3   0.6   1   2       0.3        76    1.6   0.1    32    85    48   102     1   120 0.67 -
scaffold17.g498.t1   -            247 3456at3041           -            246    0.0024   16.3   0.6   2   2   0.00011     0.027   12.9   0.1     3    32   155   184   153   240 0.83 -
#
# Program:         hmmsearch
# Version:         3.1b2 (February 2015)
# Pipeline mode:   SEARCH
# Query file:      /Users/catrionaharrison/Documents/Bioinformatics/rp2/Data/genomes/busco/busco_downloads/lineages/chlorophyta_odb10/hmms/3456at3041.hmm
# Target file:     /Users/catrionaharrison/Documents/Bioinformatics/rp2/Data/genomes/busco/data/a99.prot.fasta
# Option settings: hmmsearch --domtblout /Users/catrionaharrison/Documents/Bioinformatics/rp2/Data/genomes/busco/Busco_a99/run_chlorophyta_odb10/hmmer_output/initial_run_results/3456at3041.out --cpu 1 /Users/catrionaharrison/Documents/Bioinformatics/rp2/Data/genomes/busco/busco_downloads/lineages/chlorophyta_odb10/hmms/3456at3041.hmm /Users/catrionaharrison/Documents/Bioinformatics/rp2/Data/genomes/busco/data/a99.prot.fasta 
# Current dir:     /Users/catrionaharrison/Documents/Bioinformatics/rp2/Data/genomes/busco
# Date:            Fri Jul 22 14:47:20 2022
# [ok]
