#                                                                            --- full sequence --- -------------- this domain -------------   hmm coord   ali coord   env coord
# target name        accession   tlen query name           accession   qlen   E-value  score  bias   #  of  c-Evalue  i-Evalue  score  bias  from    to  from    to  from    to  acc description of target
#------------------- ---------- ----- -------------------- ---------- ----- --------- ------ ----- --- --- --------- --------- ------ ----- ----- ----- ----- ----- ----- ----- ---- ---------------------
scaffold21.g2122.t1  -            722 366at3041            -            429  2.4e-168  559.2   9.9   1   2    4e-152  8.3e-150  498.1   5.2     1   323   107   487   107   511 0.89 -
scaffold21.g2122.t1  -            722 366at3041            -            429  2.4e-168  559.2   9.9   2   2   9.7e-20     2e-17   61.9   0.1   335   418   535   640   529   650 0.83 -
scaffold8.g1636.t1   -            677 366at3041            -            429   6.3e-58  195.4  22.4   1   5   4.7e-14   9.7e-12   43.2   0.2    78   191    23   141     2   143 0.84 -
scaffold8.g1636.t1   -            677 366at3041            -            429   6.3e-58  195.4  22.4   2   5   4.9e-24     1e-21   76.1   3.7    20   209   142   344   136   351 0.90 -
scaffold8.g1636.t1   -            677 366at3041            -            429   6.3e-58  195.4  22.4   3   5   1.1e-08   2.3e-06   25.5   1.6   198   265   351   426   346   431 0.80 -
scaffold8.g1636.t1   -            677 366at3041            -            429   6.3e-58  195.4  22.4   4   5     4e-12   8.2e-10   36.9   0.5     3   104   391   499   390   502 0.88 -
scaffold8.g1636.t1   -            677 366at3041            -            429   6.3e-58  195.4  22.4   5   5   8.8e-20   1.8e-17   62.1   0.2     2   168   432   605   431   611 0.89 -
scaffold24.g2967.t1  -           1867 366at3041            -            429   8.4e-45  152.2  27.7   1   4       3.2   6.7e+02   -2.4   0.0    66    91   486   512   483   516 0.83 -
scaffold24.g2967.t1  -           1867 366at3041            -            429   8.4e-45  152.2  27.7   2   4     2e-22   4.2e-20   70.8   6.5    10   232   512   741   502   746 0.87 -
scaffold24.g2967.t1  -           1867 366at3041            -            429   8.4e-45  152.2  27.7   3   4   2.9e-08   6.1e-06   24.1   0.3    45   129  1202  1288  1156  1291 0.47 -
scaffold24.g2967.t1  -           1867 366at3041            -            429   8.4e-45  152.2  27.7   4   4     2e-24   4.1e-22   77.4   7.8    18   302  1257  1550  1254  1563 0.82 -
scaffold19.g1876.t1  -            999 366at3041            -            429   3.2e-44  150.3  30.8   1   7   8.1e-11   1.7e-08   32.5   3.5    17   113    44   138    37   142 0.83 -
scaffold19.g1876.t1  -            999 366at3041            -            429   3.2e-44  150.3  30.8   2   7   1.4e-15   2.8e-13   48.3   0.8    18   232   124   350   121   351 0.63 -
scaffold19.g1876.t1  -            999 366at3041            -            429   3.2e-44  150.3  30.8   3   7    0.0041      0.84    7.2   0.2    77   132   430   485   417   489 0.48 -
scaffold19.g1876.t1  -            999 366at3041            -            429   3.2e-44  150.3  30.8   4   7   4.4e-05    0.0091   13.7   0.1    64   113   457   507   450   514 0.89 -
scaffold19.g1876.t1  -            999 366at3041            -            429   3.2e-44  150.3  30.8   5   7   1.8e-05    0.0037   14.9   0.1    20    88   543   614   536   626 0.68 -
scaffold19.g1876.t1  -            999 366at3041            -            429   3.2e-44  150.3  30.8   6   7   5.6e-09   1.2e-06   26.5   0.1    18    91   623   697   617   701 0.83 -
scaffold19.g1876.t1  -            999 366at3041            -            429   3.2e-44  150.3  30.8   7   7   1.9e-10     4e-08   31.3   0.4    23   113   709   801   701   822 0.86 -
scaffold8.g1645.t1   -            556 366at3041            -            429   1.5e-41  141.5  23.1   1   3   3.4e-17   7.1e-15   53.6   6.7    67   230     8   182     2   187 0.89 -
scaffold8.g1645.t1   -            556 366at3041            -            429   1.5e-41  141.5  23.1   2   3   3.8e-22   7.8e-20   69.9   7.0    64   248   185   384   180   385 0.88 -
scaffold8.g1645.t1   -            556 366at3041            -            429   1.5e-41  141.5  23.1   3   3     6e-14   1.2e-11   42.9   0.5     9   116   334   449   326   463 0.81 -
scaffold4.g4979.t1   -           1255 366at3041            -            429     3e-41  140.5  17.6   1   5   2.2e-12   4.6e-10   37.7   1.7    37   175   479   620   453   625 0.81 -
scaffold4.g4979.t1   -           1255 366at3041            -            429     3e-41  140.5  17.6   2   5   1.2e-08   2.5e-06   25.4   0.2    50   112   629   693   621   698 0.90 -
scaffold4.g4979.t1   -           1255 366at3041            -            429     3e-41  140.5  17.6   3   5   3.3e-11   6.8e-09   33.8   0.2    25   100   818   897   797   900 0.82 -
scaffold4.g4979.t1   -           1255 366at3041            -            429     3e-41  140.5  17.6   4   5   1.6e-08   3.3e-06   25.0   0.0    18   116   901  1005   897  1027 0.71 -
scaffold4.g4979.t1   -           1255 366at3041            -            429     3e-41  140.5  17.6   5   5   3.8e-09   7.8e-07   27.1   0.1    40   157  1054  1174  1035  1188 0.86 -
scaffold20.g7717.t1  -            584 366at3041            -            429   7.6e-41  139.1  10.8   1   4   1.4e-12   2.8e-10   38.4   0.5    27   113     5    94     1   102 0.86 -
scaffold20.g7717.t1  -            584 366at3041            -            429   7.6e-41  139.1  10.8   2   4   6.5e-23   1.3e-20   72.4   0.8    18   171    37   195    34   202 0.87 -
scaffold20.g7717.t1  -            584 366at3041            -            429   7.6e-41  139.1  10.8   3   4   3.3e-16   6.9e-14   50.3   0.1    18   115   205   305   198   324 0.89 -
scaffold20.g7717.t1  -            584 366at3041            -            429   7.6e-41  139.1  10.8   4   4     0.065        13    3.2   0.0    12    49   415   452   412   457 0.93 -
scaffold8.g1723.t1   -            748 366at3041            -            429   1.4e-37  128.3  16.2   1   4   2.3e-13   4.7e-11   41.0   1.8    27   173   249   399   243   406 0.86 -
scaffold8.g1723.t1   -            748 366at3041            -            429   1.4e-37  128.3  16.2   2   4   9.8e-15     2e-12   45.5   0.4    17   125   323   435   322   435 0.89 -
scaffold8.g1723.t1   -            748 366at3041            -            429   1.4e-37  128.3  16.2   3   4   3.5e-19   7.3e-17   60.1   0.2    17   176   407   570   405   588 0.93 -
scaffold8.g1723.t1   -            748 366at3041            -            429   1.4e-37  128.3  16.2   4   4   1.2e-05    0.0024   15.5   0.1    60   111   590   642   577   644 0.89 -
scaffold3.g6679.t1   -           1205 366at3041            -            429   1.2e-34  118.7  15.9   1   5    0.0042      0.87    7.1   0.0    59   125   216   284   178   291 0.86 -
scaffold3.g6679.t1   -           1205 366at3041            -            429   1.2e-34  118.7  15.9   2   5   3.1e-11   6.5e-09   33.9   0.0    19   146   379   510   375   511 0.89 -
scaffold3.g6679.t1   -           1205 366at3041            -            429   1.2e-34  118.7  15.9   3   5   1.5e-10   3.2e-08   31.6   0.1    39   139   485   589   481   594 0.87 -
scaffold3.g6679.t1   -           1205 366at3041            -            429   1.2e-34  118.7  15.9   4   5   3.7e-15   7.6e-13   46.9   6.0    41   209   573   753   570   758 0.82 -
scaffold3.g6679.t1   -           1205 366at3041            -            429   1.2e-34  118.7  15.9   5   5   2.8e-05    0.0058   14.3   0.1    18    88   759   832   753   834 0.87 -
scaffold11.g3959.t1  -            932 366at3041            -            429   3.4e-34  117.2  41.9   1   4     0.023       4.8    4.7   0.3   185   232   455   505   424   512 0.79 -
scaffold11.g3959.t1  -            932 366at3041            -            429   3.4e-34  117.2  41.9   2   4     4e-07   8.4e-05   20.4   7.4   178   265   487   582   456   583 0.83 -
scaffold11.g3959.t1  -            932 366at3041            -            429   3.4e-34  117.2  41.9   3   4   2.6e-20   5.3e-18   63.9  10.0    18   239   569   799   561   801 0.87 -
scaffold11.g3959.t1  -            932 366at3041            -            429   3.4e-34  117.2  41.9   4   4   4.8e-20   9.9e-18   63.0   8.5    21   267   653   911   653   925 0.82 -
scaffold8.g1657.t1   -            401 366at3041            -            429   1.1e-30  105.6   8.4   1   2   8.9e-27   1.8e-24   85.1   1.8    62   246    19   214    10   217 0.87 -
scaffold8.g1657.t1   -            401 366at3041            -            429   1.1e-30  105.6   8.4   2   2   9.9e-11   2.1e-08   32.3   0.6    69   176   190   298   188   309 0.90 -
scaffold8.g1617.t1   -            458 366at3041            -            429   1.4e-30  105.3   7.3   1   3   1.1e-13   2.3e-11   42.0   0.3   110   210    35   142    28   147 0.85 -
scaffold8.g1617.t1   -            458 366at3041            -            429   1.4e-30  105.3   7.3   2   3   2.5e-13   5.2e-11   40.8   0.3    17   134   146   268   143   274 0.79 -
scaffold8.g1617.t1   -            458 366at3041            -            429   1.4e-30  105.3   7.3   3   3     1e-13   2.1e-11   42.1   0.3    17   112   231   329   229   344 0.86 -
scaffold24.g2961.t1  -           1567 366at3041            -            429   4.3e-30  103.7  16.3   1   3   8.7e-05     0.018   12.7   0.1    61   112   799   851   794   853 0.90 -
scaffold24.g2961.t1  -           1567 366at3041            -            429   4.3e-30  103.7  16.3   2   3   9.1e-26   1.9e-23   81.8   8.0    17   251   837  1087   834  1093 0.88 -
scaffold24.g2961.t1  -           1567 366at3041            -            429   4.3e-30  103.7  16.3   3   3   1.4e-08     3e-06   25.1   0.4    21   111  1093  1186  1084  1196 0.90 -
scaffold24.g2978.t1  -           1116 366at3041            -            429   7.3e-30  102.9  14.0   1   3   1.1e-05    0.0024   15.6   0.1    64   133   477   548   444   554 0.84 -
scaffold24.g2978.t1  -           1116 366at3041            -            429   7.3e-30  102.9  14.0   2   3   2.1e-20   4.3e-18   64.1   4.2    11   195   548   748   539   754 0.84 -
scaffold24.g2978.t1  -           1116 366at3041            -            429   7.3e-30  102.9  14.0   3   3   1.4e-09   2.9e-07   28.5   0.2    25   123   774   876   771   923 0.81 -
scaffold19.g1753.t1  -            743 366at3041            -            429   1.3e-23   82.4  12.3   1   3   9.9e-06     0.002   15.8   0.7   199   246    21    70     3    81 0.78 -
scaffold19.g1753.t1  -            743 366at3041            -            429   1.3e-23   82.4  12.3   2   3   1.5e-17   3.1e-15   54.8   5.1    43   249    62   281    57   289 0.78 -
scaffold19.g1753.t1  -            743 366at3041            -            429   1.3e-23   82.4  12.3   3   3   5.6e-10   1.2e-07   29.8   0.3    19   103   246   331   244   340 0.90 -
scaffold24.g2947.t1  -            439 366at3041            -            429   1.1e-20   72.7   3.5   1   2     2e-14   4.1e-12   44.4   0.2    67   205     5   154     1   157 0.53 -
scaffold24.g2947.t1  -            439 366at3041            -            429   1.1e-20   72.7   3.5   2   2   1.3e-11   2.8e-09   35.1   0.7    17   121   121   240   119   252 0.75 -
scaffold24.g2985.t1  -            682 366at3041            -            429   1.7e-20   72.1  17.5   1   3   2.3e-14   4.8e-12   44.2   5.6    43   200    23   183     2   186 0.74 -
scaffold24.g2985.t1  -            682 366at3041            -            429   1.7e-20   72.1  17.5   2   3   0.00017     0.035   11.7   0.9    23   111   146   238   138   240 0.82 -
scaffold24.g2985.t1  -            682 366at3041            -            429   1.7e-20   72.1  17.5   3   3   1.3e-10   2.8e-08   31.8   4.1   106   232   191   326   185   344 0.79 -
scaffold22.g6091.t1  -           2025 366at3041            -            429   5.5e-20   70.4  11.8   1   3   5.1e-11     1e-08   33.2   6.1    66   230     4   181     1   203 0.76 -
scaffold22.g6091.t1  -           2025 366at3041            -            429   5.5e-20   70.4  11.8   2   3   2.9e-10   6.1e-08   30.7   0.1    17   113   164   264   161   266 0.90 -
scaffold22.g6091.t1  -           2025 366at3041            -            429   5.5e-20   70.4  11.8   3   3   1.6e-09   3.3e-07   28.3   0.0    19   119   209   313   205   324 0.85 -
scaffold4.g4697.t1   -            867 366at3041            -            429   1.3e-19   69.2  10.8   1   3   1.2e-05    0.0026   15.5   0.1    34   114    48   131    29   147 0.79 -
scaffold4.g4697.t1   -            867 366at3041            -            429   1.3e-19   69.2  10.8   2   3   4.5e-17   9.3e-15   53.2   2.9    61   246   175   375   164   378 0.81 -
scaffold4.g4697.t1   -            867 366at3041            -            429   1.3e-19   69.2  10.8   3   3     0.006       1.2    6.6   0.4   196   246   363   414   361   436 0.77 -
scaffold5.g760.t1    -            335 366at3041            -            429   1.8e-18   65.4   3.6   1   3   2.4e-07   5.1e-05   21.1   0.1    61   113    42    94    34   118 0.85 -
scaffold5.g760.t1    -            335 366at3041            -            429   1.8e-18   65.4   3.6   2   3   9.2e-09   1.9e-06   25.8   0.2    17    92   121   198   111   202 0.89 -
scaffold5.g760.t1    -            335 366at3041            -            429   1.8e-18   65.4   3.6   3   3   2.2e-07   4.6e-05   21.2   0.2    43   114   190   261   186   270 0.85 -
scaffold8.g1619.t1   -            264 366at3041            -            429   2.7e-18   64.8   3.6   1   1   4.1e-20   8.5e-18   63.2   3.6    27   214    48   249    43   261 0.80 -
scaffold24.g2921.t1  -           5111 366at3041            -            429   4.6e-18   64.1   3.7   1   2   4.2e-11   8.7e-09   33.5   0.3    27   109  4425  4510  4421  4513 0.88 -
scaffold24.g2921.t1  -           5111 366at3041            -            429   4.6e-18   64.1   3.7   2   2   1.9e-10   3.9e-08   31.3   0.3    16   111  4514  4612  4509  4623 0.88 -
scaffold9.g3286.t1   -           1141 366at3041            -            429   2.9e-17   61.4  16.8   1   3   1.5e-10   3.2e-08   31.6   0.9    67   226   565   740   557   743 0.85 -
scaffold9.g3286.t1   -           1141 366at3041            -            429   2.9e-17   61.4  16.8   2   3      0.03       6.2    4.3   0.2    61    95   742   777   741   782 0.81 -
scaffold9.g3286.t1   -           1141 366at3041            -            429   2.9e-17   61.4  16.8   3   3   4.2e-11   8.7e-09   33.5   4.5    17   115   779   878   773   949 0.77 -
scaffold12.g8205.t1  -           1435 366at3041            -            429   1.4e-16   59.2  18.2   1   4   4.7e-07   9.7e-05   20.2   0.5    38   125   714   801   695   808 0.83 -
scaffold12.g8205.t1  -           1435 366at3041            -            429   1.4e-16   59.2  18.2   2   4   1.8e-07   3.7e-05   21.5   0.4    19   127   815   936   811   945 0.79 -
scaffold12.g8205.t1  -           1435 366at3041            -            429   1.4e-16   59.2  18.2   3   4   8.1e-06    0.0017   16.1   0.8    18    91   950  1025   936  1031 0.81 -
scaffold12.g8205.t1  -           1435 366at3041            -            429   1.4e-16   59.2  18.2   4   4   0.00012     0.024   12.3   0.2    30   101  1036  1112  1030  1127 0.77 -
scaffold5.g783.t1    -            545 366at3041            -            429   5.7e-16   57.1   0.0   1   3     3e-10   6.2e-08   30.7   0.0    59   178   109   232    98   255 0.82 -
scaffold5.g783.t1    -            545 366at3041            -            429   5.7e-16   57.1   0.0   2   3       1.8   3.8e+02   -1.6   0.0     1    25   256   280   256   293 0.80 -
scaffold5.g783.t1    -            545 366at3041            -            429   5.7e-16   57.1   0.0   3   3   5.4e-08   1.1e-05   23.2   0.0    95   171   298   376   281   390 0.84 -
scaffold24.g2953.t1  -            301 366at3041            -            429   7.2e-15   53.5   2.3   1   2   1.2e-05    0.0025   15.5   0.1    65   114     3    53     1    64 0.89 -
scaffold24.g2953.t1  -            301 366at3041            -            429   7.2e-15   53.5   2.3   2   2   2.2e-12   4.6e-10   37.7   0.1    18   119    68   173    60   181 0.89 -
scaffold8.g1639.t1   -            162 366at3041            -            429   8.4e-15   53.3   1.1   1   1     2e-16   4.1e-14   51.0   1.1    22   122    15   119     9   162 0.73 -
scaffold10.g2316.t1  -            849 366at3041            -            429   4.3e-14   51.0   3.8   1   1   1.1e-15   2.2e-13   48.6   3.6     3   176   368   557   365   564 0.77 -
scaffold20.g7743.t1  -            435 366at3041            -            429   4.6e-14   50.9   1.7   1   2   7.6e-10   1.6e-07   29.3   0.1    11    77     6    74     2    81 0.87 -
scaffold20.g7743.t1  -            435 366at3041            -            429   4.6e-14   50.9   1.7   2   2   1.1e-09   2.3e-07   28.8   0.3    20   112    57   152    55   174 0.87 -
scaffold6.g2703.t1   -            603 366at3041            -            429   6.4e-14   50.4   7.5   1   2   2.1e-10   4.3e-08   31.2   0.1    21   114    24   120     6   128 0.82 -
scaffold6.g2703.t1   -            603 366at3041            -            429   6.4e-14   50.4   7.5   2   2   4.9e-10     1e-07   30.0   3.0    17   161    61   207    57   259 0.77 -
scaffold4.g4666.t1   -            399 366at3041            -            429   2.2e-13   48.6   0.7   1   2   3.8e-09   7.9e-07   27.0   0.0    23   114   121   215   111   244 0.84 -
scaffold4.g4666.t1   -            399 366at3041            -            429   2.2e-13   48.6   0.7   2   2   5.4e-07   0.00011   20.0   0.1    63   155   294   387   272   395 0.83 -
scaffold10.g2309.t1  -            640 366at3041            -            429   1.1e-12   46.3   2.8   1   2     0.021       4.4    4.8   0.0    62    92    59    90    34    94 0.85 -
scaffold10.g2309.t1  -            640 366at3041            -            429   1.1e-12   46.3   2.8   2   2   2.5e-13   5.1e-11   40.8   1.2    18   173    97   265    90   294 0.82 -
scaffold10.g2411.t1  -           1665 366at3041            -            429   3.2e-12   44.8  12.1   1   2   7.2e-13   1.5e-10   39.3   2.6    21   236  1013  1241  1004  1242 0.78 -
scaffold10.g2411.t1  -           1665 366at3041            -            429   3.2e-12   44.8  12.1   2   2   5.5e-06    0.0011   16.6   2.8   146   230  1225  1317  1220  1326 0.81 -
scaffold29.g5950.t1  -            617 366at3041            -            429   4.6e-11   41.0   0.3   1   2   0.00012     0.025   12.2   0.1    67   114    36    84    17    98 0.80 -
scaffold29.g5950.t1  -            617 366at3041            -            429   4.6e-11   41.0   0.3   2   2     8e-09   1.7e-06   26.0   0.0    12   113   104   208    94   232 0.85 -
scaffold1.g5813.t1   -           2131 366at3041            -            429   5.5e-11   40.7   6.7   1   3     1e-05    0.0021   15.7   0.1    26   113   133   223   118   229 0.81 -
scaffold1.g5813.t1   -           2131 366at3041            -            429   5.5e-11   40.7   6.7   2   3   3.3e-06   0.00069   17.3   0.1    23   140   266   387   256   406 0.81 -
scaffold1.g5813.t1   -           2131 366at3041            -            429   5.5e-11   40.7   6.7   3   3      0.11        23    2.4   0.0    38   138   409   510   406   538 0.86 -
scaffold24.g2971.t1  -           1193 366at3041            -            429     1e-10   39.9   4.6   1   2     0.019       3.9    5.0   0.1    65    91     7    34     2    37 0.86 -
scaffold24.g2971.t1  -           1193 366at3041            -            429     1e-10   39.9   4.6   2   2   6.3e-12   1.3e-09   36.2   0.9    18   120    55   162    52   215 0.89 -
scaffold10.g2394.t1  -            499 366at3041            -            429   7.7e-07   27.1   6.5   1   1   5.8e-05     0.012   13.3   0.2    24   106   299   383   290   388 0.62 -
scaffold1.g5618.t1   -            208 366at3041            -            429   0.00011   20.0   2.5   1   2    0.0063       1.3    6.5   0.2    80   124    40    85    34   104 0.50 -
scaffold1.g5618.t1   -            208 366at3041            -            429   0.00011   20.0   2.5   2   2   5.4e-05     0.011   13.4   0.3    23    89   105   174    98   198 0.71 -
scaffold17.g581.t1   -            613 366at3041            -            429   0.00014   19.6   5.9   1   3   7.7e-06    0.0016   16.1   0.2   199   301    16   130     6   135 0.68 -
scaffold17.g581.t1   -            613 366at3041            -            429   0.00014   19.6   5.9   2   3     0.033       6.9    4.2   0.2     6    98   156   259   151   322 0.57 -
scaffold17.g581.t1   -            613 366at3041            -            429   0.00014   19.6   5.9   3   3      0.34        71    0.8   0.0    61   119   345   405   324   436 0.70 -
scaffold27.g6028.t1  -           1485 366at3041            -            429    0.0013   16.5   0.0   1   1   1.1e-05    0.0023   15.6   0.0    16   156  1260  1403  1254  1415 0.78 -
#
# Program:         hmmsearch
# Version:         3.1b2 (February 2015)
# Pipeline mode:   SEARCH
# Query file:      /Users/catrionaharrison/Documents/Bioinformatics/rp2/Data/genomes/busco/busco_downloads/lineages/chlorophyta_odb10/hmms/366at3041.hmm
# Target file:     /Users/catrionaharrison/Documents/Bioinformatics/rp2/Data/genomes/busco/data/a99.prot.fasta
# Option settings: hmmsearch --domtblout /Users/catrionaharrison/Documents/Bioinformatics/rp2/Data/genomes/busco/Busco_a99/run_chlorophyta_odb10/hmmer_output/initial_run_results/366at3041.out --cpu 1 /Users/catrionaharrison/Documents/Bioinformatics/rp2/Data/genomes/busco/busco_downloads/lineages/chlorophyta_odb10/hmms/366at3041.hmm /Users/catrionaharrison/Documents/Bioinformatics/rp2/Data/genomes/busco/data/a99.prot.fasta 
# Current dir:     /Users/catrionaharrison/Documents/Bioinformatics/rp2/Data/genomes/busco
# Date:            Fri Jul 22 14:48:04 2022
# [ok]
