#                                                                            --- full sequence --- -------------- this domain -------------   hmm coord   ali coord   env coord
# target name        accession   tlen query name           accession   qlen   E-value  score  bias   #  of  c-Evalue  i-Evalue  score  bias  from    to  from    to  from    to  acc description of target
#------------------- ---------- ----- -------------------- ---------- ----- --------- ------ ----- --- --- --------- --------- ------ ----- ----- ----- ----- ----- ----- ----- ---- ---------------------
scaffold4.g4816.t1   -            573 4083at3041           -            212  4.3e-108  358.7   0.5   1   1  1.2e-110  8.4e-108  357.7   0.5    16   205   341   534   330   537 0.97 -
scaffold29.g5932.t1  -            860 4083at3041           -            212   1.1e-48  164.5   0.7   1   2      0.92   6.4e+02   -1.3   0.2    11    55   142   167   130   203 0.60 -
scaffold29.g5932.t1  -            860 4083at3041           -            212   1.1e-48  164.5   0.7   2   2   5.1e-51   3.5e-48  162.9   0.0    11   204   618   823   615   829 0.91 -
scaffold2.g7464.t1   -            235 4083at3041           -            212   2.5e-42  143.8   0.1   1   2   1.4e-21   9.7e-19   66.7   0.1    17   119     2   104     1   121 0.96 -
scaffold2.g7464.t1   -            235 4083at3041           -            212   2.5e-42  143.8   0.1   2   2   2.9e-24     2e-21   75.5   0.0   119   203   123   213   113   218 0.88 -
scaffold4.g5012.t1   -            338 4083at3041           -            212   8.8e-42  142.0   0.2   1   2   5.4e-42   3.7e-39  133.4   0.0     2   164    13   200    12   212 0.90 -
scaffold4.g5012.t1   -            338 4083at3041           -            212   8.8e-42  142.0   0.2   2   2       2.2   1.5e+03   -2.6   0.1   175   201   289   317   284   320 0.67 -
scaffold1.g5899.t1   -            246 4083at3041           -            212   1.5e-41  141.2   0.2   1   1   2.8e-44   1.9e-41  140.9   0.2     2   207     8   223     7   226 0.92 -
scaffold5.g786.t1    -            248 4083at3041           -            212   2.2e-32  111.3   0.0   1   1   3.8e-35   2.6e-32  111.0   0.0     2   192     8   202     7   220 0.90 -
scaffold1.g5736.t1   -            573 4083at3041           -            212   1.1e-24   86.1   0.0   1   1   5.2e-27   3.6e-24   84.5   0.0     1   189   331   507   331   515 0.90 -
scaffold6.g2713.t1   -            276 4083at3041           -            212     1e-06   27.4   0.0   1   1   1.9e-09   1.3e-06   27.0   0.0    26   189    58   222    42   240 0.87 -
scaffold18.g2033.t1  -            204 4083at3041           -            212   1.7e-05   23.4   0.0   1   1   3.2e-08   2.2e-05   23.0   0.0    27   104     7    85     5   134 0.87 -
scaffold4.g4736.t1   -            457 4083at3041           -            212      0.03   12.8   0.0   1   1   8.8e-05     0.061   11.8   0.0    22   111     9    99     3   118 0.85 -
scaffold2.g6777.t1   -            169 4083at3041           -            212     0.046   12.2   0.0   1   1   9.6e-05     0.066   11.7   0.0    57    91    16    50     7    75 0.80 -
scaffold20.g7817.t1  -            827 4083at3041           -            212     0.081   11.4   0.0   1   1    0.0002      0.14   10.6   0.0    28    83   624   680   621   713 0.76 -
#
# Program:         hmmsearch
# Version:         3.1b2 (February 2015)
# Pipeline mode:   SEARCH
# Query file:      /Users/catrionaharrison/Documents/Bioinformatics/rp2/Data/genomes/busco/busco_downloads/lineages/chlorophyta_odb10/hmms/4083at3041.hmm
# Target file:     /Users/catrionaharrison/Documents/Bioinformatics/rp2/Data/genomes/busco/data/a99.prot.fasta
# Option settings: hmmsearch --domtblout /Users/catrionaharrison/Documents/Bioinformatics/rp2/Data/genomes/busco/Busco_a99/run_chlorophyta_odb10/hmmer_output/initial_run_results/4083at3041.out --cpu 1 /Users/catrionaharrison/Documents/Bioinformatics/rp2/Data/genomes/busco/busco_downloads/lineages/chlorophyta_odb10/hmms/4083at3041.hmm /Users/catrionaharrison/Documents/Bioinformatics/rp2/Data/genomes/busco/data/a99.prot.fasta 
# Current dir:     /Users/catrionaharrison/Documents/Bioinformatics/rp2/Data/genomes/busco
# Date:            Fri Jul 22 14:47:04 2022
# [ok]
