#                                                                            --- full sequence --- -------------- this domain -------------   hmm coord   ali coord   env coord
# target name        accession   tlen query name           accession   qlen   E-value  score  bias   #  of  c-Evalue  i-Evalue  score  bias  from    to  from    to  from    to  acc description of target
#------------------- ---------- ----- -------------------- ---------- ----- --------- ------ ----- --- --- --------- --------- ------ ----- ----- ----- ----- ----- ----- ----- ---- ---------------------
scaffold21.g2072.t1  -           2848 4134at3041           -            351  2.2e-114  380.9   0.9   1   1  3.4e-116  5.6e-113  376.2   0.9     1   345    14   392    14   401 0.88 -
scaffold13.g328.t1   -           2834 4134at3041           -            351     6e-41  139.3   0.5   1   3   5.8e-20   9.7e-17   59.7   0.0    68   176   881   993   861  1025 0.85 -
scaffold13.g328.t1   -           2834 4134at3041           -            351     6e-41  139.3   0.5   2   3   3.5e-19   5.7e-16   57.2   0.0   178   278  1079  1187  1072  1213 0.80 -
scaffold13.g328.t1   -           2834 4134at3041           -            351     6e-41  139.3   0.5   3   3   2.9e-07   0.00048   18.0   0.0   189   245  1728  1782  1714  1794 0.80 -
scaffold6.g2876.t1   -           2145 4134at3041           -            351   6.8e-34  116.1   0.0   1   1   6.6e-37   1.1e-33  115.4   0.0    73   278   666   886   659   912 0.79 -
scaffold1.g5175.t1   -            810 4134at3041           -            351   1.6e-17   62.3   5.2   1   4   4.7e-12   7.8e-09   33.7   0.1    73   139     8    75     1    78 0.90 -
scaffold1.g5175.t1   -            810 4134at3041           -            351   1.6e-17   62.3   5.2   2   4     0.082   1.4e+02    0.0   0.0   159   178   127   146    95   155 0.69 -
scaffold1.g5175.t1   -            810 4134at3041           -            351   1.6e-17   62.3   5.2   3   4   4.9e-10   8.2e-07   27.1   0.0   189   285   306   423   292   446 0.66 -
scaffold1.g5175.t1   -            810 4134at3041           -            351   1.6e-17   62.3   5.2   4   4       1.3   2.2e+03   -3.9   0.4    23    58   584   619   582   622 0.78 -
scaffold6.g2821.t1   -            295 4134at3041           -            351    0.0009   17.1   0.1   1   1   7.5e-07    0.0012   16.6   0.1   189   237   121   168   107   176 0.80 -
#
# Program:         hmmsearch
# Version:         3.1b2 (February 2015)
# Pipeline mode:   SEARCH
# Query file:      /Users/catrionaharrison/Documents/Bioinformatics/rp2/Data/genomes/busco/busco_downloads/lineages/chlorophyta_odb10/hmms/4134at3041.hmm
# Target file:     /Users/catrionaharrison/Documents/Bioinformatics/rp2/Data/genomes/busco/data/a99.prot.fasta
# Option settings: hmmsearch --domtblout /Users/catrionaharrison/Documents/Bioinformatics/rp2/Data/genomes/busco/Busco_a99/run_chlorophyta_odb10/hmmer_output/initial_run_results/4134at3041.out --cpu 1 /Users/catrionaharrison/Documents/Bioinformatics/rp2/Data/genomes/busco/busco_downloads/lineages/chlorophyta_odb10/hmms/4134at3041.hmm /Users/catrionaharrison/Documents/Bioinformatics/rp2/Data/genomes/busco/data/a99.prot.fasta 
# Current dir:     /Users/catrionaharrison/Documents/Bioinformatics/rp2/Data/genomes/busco
# Date:            Fri Jul 22 14:47:12 2022
# [ok]
