#                                                                            --- full sequence --- -------------- this domain -------------   hmm coord   ali coord   env coord
# target name        accession   tlen query name           accession   qlen   E-value  score  bias   #  of  c-Evalue  i-Evalue  score  bias  from    to  from    to  from    to  acc description of target
#------------------- ---------- ----- -------------------- ---------- ----- --------- ------ ----- --- --- --------- --------- ------ ----- ----- ----- ----- ----- ----- ----- ---- ---------------------
scaffold20.g7769.t1  -            577 415at3041            -            433  1.7e-184  612.3   3.4   1   1    1e-185  3.6e-183  607.9   3.4     1   428     1   527     1   530 0.88 -
scaffold7.g3522.t1   -            819 415at3041            -            433   1.5e-18   65.5   0.1   1   3       4.8   1.7e+03   -4.0   0.1   334   361   383   409   381   415 0.78 -
scaffold7.g3522.t1   -            819 415at3041            -            433   1.5e-18   65.5   0.1   2   3   3.8e-07   0.00014   19.4   0.0   163   241   439   528   434   539 0.73 -
scaffold7.g3522.t1   -            819 415at3041            -            433   1.5e-18   65.5   0.1   3   3   2.1e-14   7.7e-12   43.4   0.0   249   359   588   704   572   754 0.81 -
scaffold15.g4216.t1  -            906 415at3041            -            433   4.1e-18   64.0   0.0   1   2     1e-06   0.00038   18.0   0.0   168   251   581   674   543   685 0.76 -
scaffold15.g4216.t1  -            906 415at3041            -            433   4.1e-18   64.0   0.0   2   2   1.8e-14   6.4e-12   43.6   0.2   245   367   702   831   692   869 0.73 -
scaffold1.g5614.t1   -           1279 415at3041            -            433   5.4e-11   40.6   0.0   1   3      0.95   3.4e+02   -1.6   0.0   163   186   197   220   187   228 0.82 -
scaffold1.g5614.t1   -           1279 415at3041            -            433   5.4e-11   40.6   0.0   2   3      0.24        86    0.3   0.0   189   209   277   297   271   305 0.89 -
scaffold1.g5614.t1   -           1279 415at3041            -            433   5.4e-11   40.6   0.0   3   3   5.3e-12   1.9e-09   35.5   0.0   288   393   444   565   431   626 0.70 -
scaffold12.g8034.t1  -            367 415at3041            -            433     2e-05   22.2   0.1   1   2     4e-07   0.00015   19.4   0.0   163   235   148   215   116   227 0.86 -
scaffold12.g8034.t1  -            367 415at3041            -            433     2e-05   22.2   0.1   2   2      0.22        81    0.4   0.0   128   156   287   316   262   328 0.62 -
scaffold11.g3979.t1  -            315 415at3041            -            433   2.5e-05   21.9   0.4   1   3     0.096        35    1.7   0.0   288   320    34    66    21    88 0.78 -
scaffold11.g3979.t1  -            315 415at3041            -            433   2.5e-05   21.9   0.4   2   3   4.7e-05     0.017   12.6   0.1   168   234   132   195    66   205 0.74 -
scaffold11.g3979.t1  -            315 415at3041            -            433   2.5e-05   21.9   0.4   3   3     0.012       4.4    4.6   0.0   165   237   212   281   198   301 0.83 -
scaffold12.g8015.t1  -            676 415at3041            -            433   0.00016   19.2   2.0   1   4      0.29     1e+02    0.1   0.0   120   178   337   395   335   413 0.77 -
scaffold12.g8015.t1  -            676 415at3041            -            433   0.00016   19.2   2.0   2   4     0.066        24    2.2   0.0   287   326   404   443   400   446 0.90 -
scaffold12.g8015.t1  -            676 415at3041            -            433   0.00016   19.2   2.0   3   4   0.00026     0.095   10.1   0.8   288   391   447   563   442   565 0.71 -
scaffold12.g8015.t1  -            676 415at3041            -            433   0.00016   19.2   2.0   4   4    0.0039       1.4    6.2   0.1   170   234   506   566   500   591 0.78 -
scaffold6.g2859.t1   -            541 415at3041            -            433   0.00021   18.9   0.1   1   3   0.00094      0.34    8.3   0.0   200   274   235   307   220   317 0.59 -
scaffold6.g2859.t1   -            541 415at3041            -            433   0.00021   18.9   0.1   2   3    0.0014      0.52    7.7   0.1   329   356   324   355   305   359 0.75 -
scaffold6.g2859.t1   -            541 415at3041            -            433   0.00021   18.9   0.1   3   3       1.8   6.6e+02   -2.6   0.0   197   301   399   413   384   439 0.68 -
scaffold24.g2946.t1  -           1328 415at3041            -            433   0.00029   18.4   4.1   1   4   0.00039      0.14    9.5   0.2   211   319   552   656   538   689 0.79 -
scaffold24.g2946.t1  -           1328 415at3041            -            433   0.00029   18.4   4.1   2   4      0.02       7.2    3.9   0.3   175   235   734   790   717   822 0.76 -
scaffold24.g2946.t1  -           1328 415at3041            -            433   0.00029   18.4   4.1   3   4       1.6   5.9e+02   -2.4   0.0   213   232   853   872   845   878 0.82 -
scaffold24.g2946.t1  -           1328 415at3041            -            433   0.00029   18.4   4.1   4   4      0.09        33    1.7   0.0   197   232  1174  1207  1160  1252 0.74 -
scaffold8.g1715.t1   -            522 415at3041            -            433   0.00038   18.0   3.0   1   3   0.00014     0.049   11.0   0.1   280   356   125   205    86   211 0.83 -
scaffold8.g1715.t1   -            522 415at3041            -            433   0.00038   18.0   3.0   2   3      0.09        33    1.7   0.1   288   360   237   314   228   325 0.68 -
scaffold8.g1715.t1   -            522 415at3041            -            433   0.00038   18.0   3.0   3   3     0.019       6.8    4.0   0.1   167   235   420   484   382   514 0.76 -
scaffold3.g6176.t1   -            520 415at3041            -            433   0.00061   17.3   0.5   1   3    0.0057       2.1    5.7   0.0   165   234   231   303   222   322 0.75 -
scaffold3.g6176.t1   -            520 415at3041            -            433   0.00061   17.3   0.5   2   3   2.9e-05      0.01   13.3   0.0   166   234   281   346   261   363 0.86 -
scaffold3.g6176.t1   -            520 415at3041            -            433   0.00061   17.3   0.5   3   3      0.14        49    1.1   0.1   210   233   364   387   355   393 0.85 -
scaffold21.g2086.t1  -            898 415at3041            -            433    0.0017   15.9   0.4   1   3    0.0072       2.6    5.4   0.0   186   236   156   203   131   218 0.70 -
scaffold21.g2086.t1  -            898 415at3041            -            433    0.0017   15.9   0.4   2   3   0.00047      0.17    9.3   0.0   117   255   161   307   160   322 0.71 -
scaffold21.g2086.t1  -            898 415at3041            -            433    0.0017   15.9   0.4   3   3     0.075        27    2.0   0.0   129   157   350   378   343   389 0.85 -
scaffold6.g2688.t1   -            596 415at3041            -            433    0.0018   15.7   4.6   1   3   0.00019     0.068   10.6   0.7   214   346    70   202    55   216 0.70 -
scaffold6.g2688.t1   -            596 415at3041            -            433    0.0018   15.7   4.6   2   3     0.041        15    2.9   0.2   197   301   226   326   217   343 0.59 -
scaffold6.g2688.t1   -            596 415at3041            -            433    0.0018   15.7   4.6   3   3     0.045        16    2.7   0.0   163   249   279   362   272   374 0.80 -
scaffold12.g8061.t1  -            692 415at3041            -            433    0.0023   15.4   0.0   1   1   1.4e-05    0.0049   14.3   0.0   128   242   234   345   229   360 0.82 -
scaffold9.g3289.t1   -            387 415at3041            -            433    0.0023   15.4   0.1   1   2    0.0072       2.6    5.4   0.1   167   233   132   195    99   201 0.84 -
scaffold9.g3289.t1   -            387 415at3041            -            433    0.0023   15.4   0.1   2   2    0.0017      0.61    7.4   0.0   160   211   213   264   208   290 0.75 -
scaffold22.g6071.t1  -            990 415at3041            -            433    0.0028   15.1   0.0   1   3     0.002      0.72    7.2   0.1   288   353   324   391   311   398 0.80 -
scaffold22.g6071.t1  -            990 415at3041            -            433    0.0028   15.1   0.0   2   3     0.013       4.5    4.6   0.0   203   259   403   458   392   473 0.83 -
scaffold22.g6071.t1  -            990 415at3041            -            433    0.0028   15.1   0.0   3   3       1.5   5.4e+02   -2.3   0.0   167   192   504   529   491   541 0.77 -
scaffold5.g785.t1    -            496 415at3041            -            433    0.0065   13.9   1.5   1   1   0.00017     0.063   10.7   1.6   128   235   126   245   122   252 0.64 -
scaffold5.g735.t1    -            860 415at3041            -            433     0.017   12.6   0.0   1   2     0.096        35    1.7   0.0   201   245   205   249   130   260 0.61 -
scaffold5.g735.t1    -            860 415at3041            -            433     0.017   12.6   0.0   2   2    0.0015      0.55    7.6   0.1   128   155   494   521   485   531 0.85 -
scaffold7.g3687.t1   -           1257 415at3041            -            433     0.033   11.6   0.0   1   2      0.87   3.1e+02   -1.5   0.0   289   327   125   162   120   175 0.69 -
scaffold7.g3687.t1   -           1257 415at3041            -            433     0.033   11.6   0.0   2   2   0.00034      0.12    9.7   0.0   160   248   184   274   177   306 0.85 -
scaffold3.g6380.t1   -           2990 415at3041            -            433     0.034   11.6   0.2   1   2   0.00026     0.092   10.1   0.1   166   317  2095  2238  2035  2243 0.76 -
scaffold3.g6380.t1   -           2990 415at3041            -            433     0.034   11.6   0.2   2   2       2.8     1e+03   -3.2   0.0   163   230  2511  2573  2508  2576 0.70 -
scaffold9.g3259.t1   -            352 415at3041            -            433     0.045   11.2   0.0   1   2   0.00043      0.15    9.4   0.0   168   234    58   120    42   128 0.83 -
scaffold9.g3259.t1   -            352 415at3041            -            433     0.045   11.2   0.0   2   2       1.1   3.9e+02   -1.8   0.0   219   250   228   260   217   272 0.66 -
scaffold4.g4865.t1   -           1636 415at3041            -            433       0.1   10.0   0.1   1   1   0.00044      0.16    9.3   0.1   127   187   150   210   146   224 0.85 -
scaffold18.g1893.t1  -            419 415at3041            -            433       5.3    4.3   6.6   1   3      0.84     3e+02   -1.4   0.1   288   317    79   109    75   119 0.72 -
scaffold18.g1893.t1  -            419 415at3041            -            433       5.3    4.3   6.6   2   3     0.065        23    2.2   0.7   302   398   184   297   170   311 0.56 -
scaffold18.g1893.t1  -            419 415at3041            -            433       5.3    4.3   6.6   3   3     0.027       9.8    3.5   0.0   166   224   357   411   314   418 0.61 -
#
# Program:         hmmsearch
# Version:         3.1b2 (February 2015)
# Pipeline mode:   SEARCH
# Query file:      /Users/catrionaharrison/Documents/Bioinformatics/rp2/Data/genomes/busco/busco_downloads/lineages/chlorophyta_odb10/hmms/415at3041.hmm
# Target file:     /Users/catrionaharrison/Documents/Bioinformatics/rp2/Data/genomes/busco/data/a99.prot.fasta
# Option settings: hmmsearch --domtblout /Users/catrionaharrison/Documents/Bioinformatics/rp2/Data/genomes/busco/Busco_a99/run_chlorophyta_odb10/hmmer_output/initial_run_results/415at3041.out --cpu 1 /Users/catrionaharrison/Documents/Bioinformatics/rp2/Data/genomes/busco/busco_downloads/lineages/chlorophyta_odb10/hmms/415at3041.hmm /Users/catrionaharrison/Documents/Bioinformatics/rp2/Data/genomes/busco/data/a99.prot.fasta 
# Current dir:     /Users/catrionaharrison/Documents/Bioinformatics/rp2/Data/genomes/busco
# Date:            Fri Jul 22 14:47:23 2022
# [ok]
