#                                                                            --- full sequence --- -------------- this domain -------------   hmm coord   ali coord   env coord
# target name        accession   tlen query name           accession   qlen   E-value  score  bias   #  of  c-Evalue  i-Evalue  score  bias  from    to  from    to  from    to  acc description of target
#------------------- ---------- ----- -------------------- ---------- ----- --------- ------ ----- --- --- --------- --------- ------ ----- ----- ----- ----- ----- ----- ----- ---- ---------------------
scaffold5.g890.t1    -            687 4242at3041           -            254  6.4e-121  401.3   0.5   1   1  2.8e-122  4.4e-120  398.5   0.5     1   234   368   620   368   659 0.88 -
scaffold21.g2097.t1  -            979 4242at3041           -            254   7.5e-85  283.1   0.1   1   3     9e-28   1.4e-25   88.8   0.0    23   156   294   428   286   433 0.91 -
scaffold21.g2097.t1  -            979 4242at3041           -            254   7.5e-85  283.1   0.1   2   3   2.8e-11   4.5e-09   34.8   0.0   155   236   459   550   424   565 0.79 -
scaffold21.g2097.t1  -            979 4242at3041           -            254   7.5e-85  283.1   0.1   3   3   3.2e-48     5e-46  155.9   0.0     5   235   629   871   625   875 0.86 -
scaffold7.g3562.t1   -            481 4242at3041           -            254   8.7e-82  273.0   0.0   1   1   8.8e-84   1.4e-81  272.4   0.0    11   233   185   431   180   463 0.84 -
scaffold2.g7149.t1   -           1092 4242at3041           -            254   1.3e-75  252.8   1.4   1   2     1e-28   1.7e-26   91.9   0.3    29   251   418   635   412   638 0.85 -
scaffold2.g7149.t1   -           1092 4242at3041           -            254   1.3e-75  252.8   1.4   2   2   2.5e-48     4e-46  156.2   0.0    18   249   643   894   637   898 0.86 -
scaffold13.g330.t1   -           1834 4242at3041           -            254   2.2e-72  242.2   0.9   1   3      0.96   1.5e+02    0.3   0.1   159   195   701   737   693   749 0.83 -
scaffold13.g330.t1   -           1834 4242at3041           -            254   2.2e-72  242.2   0.9   2   3   1.8e-73   2.8e-71  238.6   0.0     9   235  1464  1709  1458  1725 0.87 -
scaffold13.g330.t1   -           1834 4242at3041           -            254   2.2e-72  242.2   0.9   3   3       3.6   5.8e+02   -1.6   0.0   227   252  1776  1801  1769  1803 0.81 -
scaffold8.g1650.t1   -            628 4242at3041           -            254     5e-66  221.4   0.3   1   3   4.3e-22   6.8e-20   70.3   0.0    28   158    59   193    56   196 0.86 -
scaffold8.g1650.t1   -            628 4242at3041           -            254     5e-66  221.4   0.3   2   3   4.3e-09   6.8e-07   27.7   0.1   155   231   213   301   210   307 0.79 -
scaffold8.g1650.t1   -            628 4242at3041           -            254     5e-66  221.4   0.3   3   3   3.2e-37   5.2e-35  119.8   0.0     4   251   355   613   352   616 0.84 -
scaffold2.g6851.t1   -            412 4242at3041           -            254   1.2e-65  220.1   0.0   1   1   1.3e-67     2e-65  219.4   0.0     3   234   106   345   105   365 0.86 -
scaffold19.g1769.t1  -            424 4242at3041           -            254     2e-64  216.2   0.2   1   1   3.2e-66   5.1e-64  214.8   0.2     9   235   136   367   129   379 0.90 -
scaffold8.g1514.t1   -            865 4242at3041           -            254   8.9e-63  210.8   5.0   1   3   2.5e-21     4e-19   67.7   0.2    27   179   209   363   205   394 0.85 -
scaffold8.g1514.t1   -            865 4242at3041           -            254   8.9e-63  210.8   5.0   2   3   1.2e-44   1.9e-42  144.2   0.0    14   235   473   725   462   740 0.82 -
scaffold8.g1514.t1   -            865 4242at3041           -            254   8.9e-63  210.8   5.0   3   3       3.1     5e+02   -1.4   0.1   197   246   787   838   776   843 0.76 -
scaffold5.g837.t1    -           1069 4242at3041           -            254   4.7e-52  175.6   4.0   1   4       8.3   1.3e+03   -2.8   0.0   117   167   184   235   177   245 0.66 -
scaffold5.g837.t1    -           1069 4242at3041           -            254   4.7e-52  175.6   4.0   2   4   2.1e-23   3.3e-21   74.5   0.2    30   104   670   746   666   765 0.89 -
scaffold5.g837.t1    -           1069 4242at3041           -            254   4.7e-52  175.6   4.0   3   4   4.3e-31   6.9e-29   99.7   0.2   105   235   785   931   776   937 0.83 -
scaffold5.g837.t1    -           1069 4242at3041           -            254   4.7e-52  175.6   4.0   4   4       1.5   2.5e+02   -0.4   0.0   231   251  1012  1032   998  1034 0.84 -
scaffold6.g2857.t1   -            649 4242at3041           -            254   7.8e-50  168.4   0.0   1   1   1.1e-51   1.7e-49  167.2   0.0    13   249   296   548   286   553 0.82 -
scaffold14.g1173.t1  -            851 4242at3041           -            254     2e-49  167.0   0.7   1   1   2.6e-51   4.1e-49  166.0   0.7    24   240   151   384   135   398 0.85 -
scaffold5.g922.t1    -            474 4242at3041           -            254   3.4e-47  159.7   0.0   1   1   3.3e-49   5.3e-47  159.1   0.0    22   232   177   405   172   412 0.86 -
scaffold1.g5614.t1   -           1279 4242at3041           -            254     8e-44  148.6   0.5   1   4     0.003      0.47    8.5   0.0    14    59   765   810   754   815 0.81 -
scaffold1.g5614.t1   -           1279 4242at3041           -            254     8e-44  148.6   0.5   2   4     2e-17   3.2e-15   54.9   0.1    59   108   873   922   865   927 0.95 -
scaffold1.g5614.t1   -           1279 4242at3041           -            254     8e-44  148.6   0.5   3   4   3.8e-21     6e-19   67.1   0.0   104   199   992  1091   987  1105 0.87 -
scaffold1.g5614.t1   -           1279 4242at3041           -            254     8e-44  148.6   0.5   4   4   0.00016     0.026   12.6   0.0   205   235  1170  1200  1164  1203 0.91 -
scaffold2.g7151.t1   -           1016 4242at3041           -            254   2.1e-41  140.8   0.6   1   2     0.031         5    5.2   0.1    53    98   411   457   393   492 0.72 -
scaffold2.g7151.t1   -           1016 4242at3041           -            254   2.1e-41  140.8   0.6   2   2   2.3e-41   3.7e-39  133.4   0.0    19   203   699   893   687   939 0.86 -
scaffold16.g37.t1    -            401 4242at3041           -            254   4.6e-39  133.1   0.0   1   1   4.8e-41   7.7e-39  132.3   0.0    16   250   127   386   115   390 0.81 -
scaffold17.g458.t1   -            701 4242at3041           -            254   1.7e-37  127.9   0.2   1   2       7.4   1.2e+03   -2.6   0.0   138   177   131   170   124   173 0.81 -
scaffold17.g458.t1   -            701 4242at3041           -            254   1.7e-37  127.9   0.2   2   2   2.9e-39   4.6e-37  126.5   0.1    23   245   243   482   233   489 0.83 -
scaffold6.g2555.t1   -            515 4242at3041           -            254   8.2e-37  125.7   0.4   1   2   3.6e-30   5.7e-28   96.7   0.0    29   141   227   344   223   350 0.85 -
scaffold6.g2555.t1   -            515 4242at3041           -            254   8.2e-37  125.7   0.4   2   2   6.5e-09     1e-06   27.0   0.2   143   250   383   504   377   508 0.80 -
scaffold6.g2593.t1   -            719 4242at3041           -            254   2.9e-33  114.1   0.0   1   2       9.8   1.6e+03   -3.0   0.0    24    44   233   253   230   263 0.82 -
scaffold6.g2593.t1   -            719 4242at3041           -            254   2.9e-33  114.1   0.0   2   2   5.7e-35   9.2e-33  112.4   0.0    58   249   294   499   287   504 0.86 -
scaffold5.g884.t1    -           1384 4242at3041           -            254   4.1e-33  113.6   0.0   1   1   4.5e-35   7.2e-33  112.8   0.0    24   199   428   608   413   622 0.90 -
scaffold21.g2124.t1  -           1150 4242at3041           -            254     2e-30  104.8   2.3   1   3      0.01       1.6    6.7   0.1    58    82   444   468   427   484 0.85 -
scaffold21.g2124.t1  -           1150 4242at3041           -            254     2e-30  104.8   2.3   2   3       2.8   4.5e+02   -1.2   0.1   178   234   687   754   666   773 0.62 -
scaffold21.g2124.t1  -           1150 4242at3041           -            254     2e-30  104.8   2.3   3   3   4.9e-30   7.8e-28   96.3   0.0    24   234   833  1059   829  1064 0.82 -
scaffold3.g6423.t1   -           1497 4242at3041           -            254   5.5e-30  103.3   0.2   1   3   6.5e-11     1e-08   33.6   0.0    23    78   412   468   407   482 0.88 -
scaffold3.g6423.t1   -           1497 4242at3041           -            254   5.5e-30  103.3   0.2   2   3   1.3e-20     2e-18   65.4   0.0    67   178   500   619   497   662 0.84 -
scaffold3.g6423.t1   -           1497 4242at3041           -            254   5.5e-30  103.3   0.2   3   3       1.8   2.9e+02   -0.6   0.0    61   120   827   889   814   894 0.75 -
scaffold11.g3900.t1  -           1966 4242at3041           -            254   4.4e-28   97.1   0.0   1   1   7.5e-30   1.2e-27   95.7   0.0    23   199  1367  1551  1360  1557 0.85 -
scaffold14.g1200.t1  -            728 4242at3041           -            254   1.4e-26   92.1   0.0   1   2   1.4e-11   2.2e-09   35.8   0.0    21    76   368   423   361   431 0.86 -
scaffold14.g1200.t1  -            728 4242at3041           -            254   1.4e-26   92.1   0.0   2   2   3.7e-17   5.9e-15   54.1   0.1    75   178   448   560   427   578 0.78 -
scaffold8.g1432.t1   -            795 4242at3041           -            254   1.6e-26   92.0   0.1   1   2   1.6e-26   2.5e-24   84.8   0.1    22   134   359   472   341   483 0.88 -
scaffold8.g1432.t1   -            795 4242at3041           -            254   1.6e-26   92.0   0.1   2   2     0.045       7.2    4.6   0.0   203   248   497   542   480   546 0.88 -
scaffold6.g2765.t1   -            776 4242at3041           -            254     7e-26   89.9   0.9   1   2   4.5e-22   7.2e-20   70.2   0.1    59   241   274   490   259   505 0.74 -
scaffold6.g2765.t1   -            776 4242at3041           -            254     7e-26   89.9   0.9   2   2   2.7e-05    0.0044   15.2   0.1    61   132   564   635   551   684 0.75 -
scaffold2.g7058.t1   -            656 4242at3041           -            254   1.7e-25   88.6   0.8   1   2   8.5e-17   1.4e-14   52.9   0.1    21   108   349   436   344   443 0.84 -
scaffold2.g7058.t1   -            656 4242at3041           -            254   1.7e-25   88.6   0.8   2   2   6.3e-11     1e-08   33.7   0.1   108   245   470   610   465   616 0.77 -
scaffold20.g7781.t1  -           1450 4242at3041           -            254   6.4e-25   86.7   0.0   1   2   9.3e-17   1.5e-14   52.8   0.0    17   112   251   353   242   360 0.88 -
scaffold20.g7781.t1  -           1450 4242at3041           -            254   6.4e-25   86.7   0.0   2   2   2.4e-10   3.8e-08   31.7   0.0   147   233   361   462   353   477 0.79 -
scaffold2.g7243.t1   -            764 4242at3041           -            254   8.7e-24   83.0   1.1   1   2   5.8e-23   9.3e-21   73.1   0.2    23   134   283   394   278   400 0.91 -
scaffold2.g7243.t1   -            764 4242at3041           -            254   8.7e-24   83.0   1.1   2   2    0.0029      0.46    8.5   0.1   189   243   403   458   399   468 0.81 -
scaffold2.g7342.t1   -           1128 4242at3041           -            254   3.4e-15   54.9   2.0   1   2   1.1e-08   1.8e-06   26.3   0.1    59   102   791   834   786   838 0.92 -
scaffold2.g7342.t1   -           1128 4242at3041           -            254   3.4e-15   54.9   2.0   2   2   4.2e-09   6.7e-07   27.7   0.4   105   247   884  1045   879  1051 0.72 -
scaffold22.g6147.t1  -            309 4242at3041           -            254   1.1e-14   53.2   0.2   1   2   4.4e-12     7e-10   37.4   0.0    70   144    89   163    84   165 0.84 -
scaffold22.g6147.t1  -            309 4242at3041           -            254   1.1e-14   53.2   0.2   2   2   8.3e-05     0.013   13.6   0.1   162   249   188   287   183   291 0.73 -
scaffold7.g3565.t1   -            123 4242at3041           -            254     2e-13   49.1   0.1   1   1   2.5e-15     4e-13   48.1   0.1   175   233     4    73     1   106 0.72 -
scaffold13.g415.t1   -           1660 4242at3041           -            254   1.2e-12   46.5   0.0   1   2   2.3e-14   3.7e-12   44.9   0.0    56   208   327   479   319   491 0.81 -
scaffold13.g415.t1   -           1660 4242at3041           -            254   1.2e-12   46.5   0.0   2   2       8.9   1.4e+03   -2.9   0.0   205   227   525   546   508   559 0.64 -
scaffold1.g5334.t1   -            456 4242at3041           -            254   2.7e-12   45.4   0.0   1   1   3.2e-14   5.1e-12   44.5   0.0    57   138   172   268   160   319 0.71 -
scaffold6.g2690.t1   -            964 4242at3041           -            254     2e-09   36.0   2.7   1   3     1e-07   1.7e-05   23.1   0.1    63   203   218   370   206   393 0.71 -
scaffold6.g2690.t1   -            964 4242at3041           -            254     2e-09   36.0   2.7   2   3       1.3   2.1e+02   -0.2   0.4   194   244   432   479   403   488 0.73 -
scaffold6.g2690.t1   -            964 4242at3041           -            254     2e-09   36.0   2.7   3   3   0.00072      0.11   10.5   0.0    27    82   584   635   575   654 0.83 -
scaffold3.g6567.t1   -           1030 4242at3041           -            254     1e-07   30.4   0.0   1   2   1.9e-07     3e-05   22.2   0.0    63   192   350   487   340   516 0.70 -
scaffold3.g6567.t1   -           1030 4242at3041           -            254     1e-07   30.4   0.0   2   2      0.03       4.7    5.2   0.0    61    94   751   787   717   798 0.77 -
scaffold3.g6462.t1   -            549 4242at3041           -            254   1.3e-07   30.0   0.1   1   2   3.2e-08   5.1e-06   24.8   0.0    22    77   348   412   344   427 0.82 -
scaffold3.g6462.t1   -            549 4242at3041           -            254   1.3e-07   30.0   0.1   2   2      0.28        45    2.0   0.0   164   225   438   499   430   510 0.68 -
scaffold11.g3851.t1  -            694 4242at3041           -            254   3.3e-06   25.4   0.0   1   1   3.7e-08   5.8e-06   24.6   0.0    60   129   263   341   259   349 0.76 -
scaffold10.g2364.t1  -            447 4242at3041           -            254   1.9e-05   22.9   1.0   1   2   5.1e-07   8.2e-05   20.8   0.2    50   110    51   113    35   150 0.85 -
scaffold10.g2364.t1  -            447 4242at3041           -            254   1.9e-05   22.9   1.0   2   2       1.5   2.4e+02   -0.3   0.0   114   128   279   293   277   297 0.86 -
scaffold4.g4626.t1   -            735 4242at3041           -            254   3.2e-05   22.2   0.0   1   1   4.6e-07   7.4e-05   21.0   0.0    19   111    86   182    72   192 0.77 -
scaffold17.g601.t1   -           5903 4242at3041           -            254   5.6e-05   21.4   3.1   1   4       7.2   1.1e+03   -2.6   0.0    62    80   340   358   336   364 0.82 -
scaffold17.g601.t1   -           5903 4242at3041           -            254   5.6e-05   21.4   3.1   2   4     0.079        13    3.8   0.0    60    94   735   771   725   783 0.78 -
scaffold17.g601.t1   -           5903 4242at3041           -            254   5.6e-05   21.4   3.1   3   4      0.14        23    3.0   0.1    57    93  1995  2031  1990  2037 0.84 -
scaffold17.g601.t1   -           5903 4242at3041           -            254   5.6e-05   21.4   3.1   4   4   0.00037     0.059   11.5   0.0    16   105  2300  2397  2297  2431 0.77 -
scaffold2.g7104.t1   -            207 4242at3041           -            254   0.00019   19.6   0.4   1   1   1.8e-06   0.00029   19.0   0.3   150   250    88   196    45   200 0.81 -
scaffold12.g7998.t1  -            446 4242at3041           -            254   0.00048   18.3   0.3   1   2   0.00063       0.1   10.7   0.1    54    85    59    90    49   120 0.74 -
scaffold12.g7998.t1  -            446 4242at3041           -            254   0.00048   18.3   0.3   2   2     0.025         4    5.5   0.0   179   224   215   263   192   293 0.68 -
scaffold12.g7932.t1  -            274 4242at3041           -            254    0.0005   18.3   0.1   1   2     0.022       3.5    5.7   0.0    24    56   163   195   145   204 0.82 -
scaffold12.g7932.t1  -            274 4242at3041           -            254    0.0005   18.3   0.1   2   2    0.0006     0.096   10.8   0.1   201   249   212   260   194   264 0.84 -
scaffold5.g643.t1    -            731 4242at3041           -            254   0.00076   17.7   0.0   1   1   6.2e-05    0.0098   14.0   0.0    57   126   469   558   464   571 0.62 -
scaffold6.g2748.t1   -           1061 4242at3041           -            254    0.0016   16.6   0.0   1   1   1.8e-05    0.0028   15.8   0.0    59   128   481   552   475   569 0.82 -
scaffold10.g2479.t1  -            412 4242at3041           -            254    0.0029   15.7   0.1   1   2      0.47        75    1.3   0.0    22    40    73    91    68    94 0.89 -
scaffold10.g2479.t1  -            412 4242at3041           -            254    0.0029   15.7   0.1   2   2   0.00038      0.06   11.4   0.0    45    71   138   165   134   188 0.79 -
scaffold1.g5684.t1   -            652 4242at3041           -            254     0.017   13.2   0.1   1   1   0.00024     0.039   12.1   0.1    56    84   142   170   134   278 0.71 -
scaffold6.g2702.t1   -            753 4242at3041           -            254     0.027   12.6   0.0   1   1   0.00038      0.06   11.4   0.0    29   115    86   174    82   180 0.84 -
scaffold6.g2641.t1   -            322 4242at3041           -            254     0.062   11.4   0.1   1   2     0.001      0.16   10.0   0.0    62    82    38    58    23    66 0.86 -
scaffold6.g2641.t1   -            322 4242at3041           -            254     0.062   11.4   0.1   2   2       9.4   1.5e+03   -3.0   0.0   213   231   196   213   172   230 0.60 -
scaffold11.g3992.t1  -            658 4242at3041           -            254     0.064   11.3   0.1   1   2    0.0016      0.25    9.4   0.0    61    96   285   320   279   326 0.84 -
scaffold11.g3992.t1  -            658 4242at3041           -            254     0.064   11.3   0.1   2   2       3.4   5.4e+02   -1.5   0.0   111   131   390   410   370   418 0.78 -
scaffold1.g5722.t1   -            109 4242at3041           -            254     0.088   10.9   0.0   1   1   0.00069      0.11   10.6   0.0   102   133     6    41     2    55 0.80 -
#
# Program:         hmmsearch
# Version:         3.1b2 (February 2015)
# Pipeline mode:   SEARCH
# Query file:      /Users/catrionaharrison/Documents/Bioinformatics/rp2/Data/genomes/busco/busco_downloads/lineages/chlorophyta_odb10/hmms/4242at3041.hmm
# Target file:     /Users/catrionaharrison/Documents/Bioinformatics/rp2/Data/genomes/busco/data/a99.prot.fasta
# Option settings: hmmsearch --domtblout /Users/catrionaharrison/Documents/Bioinformatics/rp2/Data/genomes/busco/Busco_a99/run_chlorophyta_odb10/hmmer_output/initial_run_results/4242at3041.out --cpu 1 /Users/catrionaharrison/Documents/Bioinformatics/rp2/Data/genomes/busco/busco_downloads/lineages/chlorophyta_odb10/hmms/4242at3041.hmm /Users/catrionaharrison/Documents/Bioinformatics/rp2/Data/genomes/busco/data/a99.prot.fasta 
# Current dir:     /Users/catrionaharrison/Documents/Bioinformatics/rp2/Data/genomes/busco
# Date:            Fri Jul 22 14:47:36 2022
# [ok]
