#                                                                            --- full sequence --- -------------- this domain -------------   hmm coord   ali coord   env coord
# target name        accession   tlen query name           accession   qlen   E-value  score  bias   #  of  c-Evalue  i-Evalue  score  bias  from    to  from    to  from    to  acc description of target
#------------------- ---------- ----- -------------------- ---------- ----- --------- ------ ----- --- --- --------- --------- ------ ----- ----- ----- ----- ----- ----- ----- ---- ---------------------
scaffold30.g4465.t1  -           1125 4257at3041           -            355  1.4e-126  421.0  12.0   1   2   2.6e-77   1.1e-75  253.6   0.2    10   211    77   316    74   337 0.86 -
scaffold30.g4465.t1  -           1125 4257at3041           -            355  1.4e-126  421.0  12.0   2   2   1.7e-52   7.3e-51  171.9   4.1   220   355   546   693   532   693 0.90 -
scaffold15.g4273.t1  -            322 4257at3041           -            355   1.6e-30  105.0   0.5   1   1     5e-32   2.2e-30  104.6   0.5   219   355   145   288   135   288 0.88 -
scaffold15.g4269.t1  -            816 4257at3041           -            355   4.4e-26   90.4   0.0   1   1   1.6e-27     7e-26   89.8   0.0    11   220   458   689   455   696 0.78 -
scaffold2.g7208.t1   -            737 4257at3041           -            355   3.3e-25   87.5   5.1   1   1   1.2e-26   5.1e-25   86.9   5.1   220   353   453   605   444   607 0.78 -
scaffold30.g4438.t1  -            521 4257at3041           -            355   1.8e-23   81.8   0.4   1   2   3.9e-22   1.7e-20   72.1   0.0   220   329   325   454   319   466 0.82 -
scaffold30.g4438.t1  -            521 4257at3041           -            355   1.8e-23   81.8   0.4   2   2     0.012      0.53    7.9   0.1   331   355   494   518   488   518 0.91 -
scaffold8.g1549.t1   -            643 4257at3041           -            355   3.6e-22   77.6   0.1   1   1   2.9e-23   1.3e-21   75.8   0.0     5   233   363   613   359   634 0.77 -
scaffold2.g7220.t1   -            825 4257at3041           -            355   3.5e-21   74.3   0.0   1   1   1.2e-22   5.4e-21   73.7   0.0     7   165   305   483   299   533 0.83 -
scaffold2.g6974.t1   -           1099 4257at3041           -            355   1.2e-20   72.6   0.0   1   1   4.1e-22   1.8e-20   72.0   0.0    10   175   130   320   126   369 0.79 -
scaffold1.g5827.t1   -           1138 4257at3041           -            355   2.4e-20   71.5   0.0   1   1   9.8e-22   4.3e-20   70.7   0.0     6   178   628   820   624   854 0.82 -
scaffold25.g5127.t1  -            440 4257at3041           -            355   2.5e-20   71.5   0.7   1   1     4e-20   1.7e-18   65.4   0.7   219   324   246   374   237   414 0.75 -
scaffold13.g196.t1   -           1341 4257at3041           -            355   3.6e-20   71.0   0.0   1   1   1.3e-21   5.7e-20   70.3   0.0     7   153  1081  1250  1073  1318 0.72 -
scaffold3.g6207.t1   -            331 4257at3041           -            355   4.4e-20   70.7   6.3   1   2   8.5e-09   3.7e-07   28.2   0.6   220   283   126   197   116   204 0.80 -
scaffold3.g6207.t1   -            331 4257at3041           -            355   4.4e-20   70.7   6.3   2   2   5.1e-14   2.2e-12   45.4   0.6   284   353   228   302   214   304 0.86 -
scaffold30.g4451.t1  -           1007 4257at3041           -            355   8.8e-20   69.7   0.1   1   1   4.4e-21   1.9e-19   68.6   0.1    12   218   762   994   756  1000 0.76 -
scaffold34.g4500.t1  -            942 4257at3041           -            355   1.5e-19   68.9   0.1   1   1   1.1e-20   4.6e-19   67.3   0.1    10   164   714   892   700   899 0.79 -
scaffold22.g6134.t1  -            386 4257at3041           -            355   3.6e-19   67.7   0.0   1   1   1.3e-20   5.6e-19   67.1   0.0    16   166   154   319   140   332 0.80 -
scaffold4.g5023.t1   -           1259 4257at3041           -            355   5.6e-19   67.0   0.0   1   1   2.3e-20   9.9e-19   66.2   0.0    23   170   647   809   621   815 0.76 -
scaffold27.g6013.t1  -            503 4257at3041           -            355   9.9e-19   66.3   0.0   1   1   3.2e-19   1.4e-17   62.5   0.0     7   220   215   471   210   475 0.75 -
scaffold2.g7528.t1   -           1446 4257at3041           -            355   1.6e-18   65.6   0.0   1   1   7.3e-20   3.2e-18   64.6   0.0     8   163   524   697   516   704 0.80 -
scaffold20.g7812.t1  -            547 4257at3041           -            355   1.8e-18   65.4   0.0   1   1   6.3e-20   2.7e-18   64.8   0.0    70   165   179   282   105   337 0.82 -
scaffold30.g4439.t1  -            633 4257at3041           -            355   2.5e-18   64.9   0.0   1   1   9.9e-20   4.3e-18   64.1   0.0     9   143    58   208    54   218 0.83 -
scaffold18.g2040.t1  -            663 4257at3041           -            355   2.8e-18   64.7   0.0   1   1   1.7e-19   7.3e-18   63.4   0.0    25   222   418   652   385   660 0.77 -
scaffold2.g7253.t1   -            933 4257at3041           -            355   3.1e-18   64.6   0.2   1   1   1.9e-19   8.3e-18   63.2   0.0    28   168    89   244    61   294 0.82 -
scaffold2.g7439.t1   -           2556 4257at3041           -            355   5.2e-18   63.9   0.0   1   1   2.5e-19   1.1e-17   62.8   0.0    10   170  2220  2398  2209  2402 0.79 -
scaffold20.g7737.t1  -            905 4257at3041           -            355   8.2e-18   63.2   0.0   1   2   1.4e-15   6.1e-14   50.5   0.0     7   139    70   219    66   228 0.79 -
scaffold20.g7737.t1  -            905 4257at3041           -            355   8.2e-18   63.2   0.0   2   2     0.003      0.13    9.9   0.0   136   210   252   335   250   357 0.75 -
scaffold4.g4988.t1   -            747 4257at3041           -            355   1.2e-17   62.7   0.0   1   2    0.0072      0.31    8.7   0.0     7    55   390   439   384   454 0.83 -
scaffold4.g4988.t1   -            747 4257at3041           -            355   1.2e-17   62.7   0.0   2   2   6.5e-16   2.8e-14   51.6   0.0    79   164   516   611   505   620 0.85 -
scaffold2.g7213.t1   -           1327 4257at3041           -            355   3.8e-17   61.0   0.0   1   1   1.4e-18   5.9e-17   60.4   0.0    11   173   410   586   395   638 0.77 -
scaffold2.g7218.t1   -            800 4257at3041           -            355   4.9e-17   60.7   0.4   1   1   3.4e-18   1.5e-16   59.1   0.4    25   220   469   703   461   714 0.68 -
scaffold27.g6028.t1  -           1485 4257at3041           -            355   7.1e-17   60.1   0.0   1   1   3.8e-18   1.6e-16   58.9   0.0    30   164    55   205    24   212 0.79 -
scaffold21.g2143.t1  -            813 4257at3041           -            355   7.7e-17   60.0   0.1   1   2       6.2   2.7e+02   -1.0   0.5   213   251    87   129    50   192 0.63 -
scaffold21.g2143.t1  -            813 4257at3041           -            355   7.7e-17   60.0   0.1   2   2   9.8e-18   4.2e-16   57.6   0.0     9   166   199   377   187   389 0.77 -
scaffold7.g3741.t1   -           1288 4257at3041           -            355   9.8e-17   59.7   0.0   1   2      0.84        36    1.9   0.0     7    47   289   331   283   342 0.81 -
scaffold7.g3741.t1   -           1288 4257at3041           -            355   9.8e-17   59.7   0.0   2   2   5.7e-17   2.5e-15   55.1   0.0    70   230  1069  1242  1057  1259 0.71 -
scaffold10.g2301.t1  -           1549 4257at3041           -            355   1.2e-16   59.4   1.8   1   2     0.023         1    7.0   1.2   194   251  1326  1391  1317  1410 0.57 -
scaffold10.g2301.t1  -           1549 4257at3041           -            355   1.2e-16   59.4   1.8   2   2   9.6e-16   4.2e-14   51.0   0.0   227   352  1410  1544  1399  1547 0.84 -
scaffold14.g1028.t1  -           1685 4257at3041           -            355   1.2e-16   59.4   0.3   1   2      0.14       6.2    4.4   0.0     7    62  1400  1456  1394  1461 0.86 -
scaffold14.g1028.t1  -           1685 4257at3041           -            355   1.2e-16   59.4   0.3   2   2   2.7e-16   1.2e-14   52.9   0.1    79   158  1497  1584  1487  1609 0.87 -
scaffold7.g3629.t1   -            646 4257at3041           -            355     2e-16   58.7   0.0   1   2   3.8e-09   1.6e-07   29.3   0.0    14   107   212   314   203   328 0.77 -
scaffold7.g3629.t1   -            646 4257at3041           -            355     2e-16   58.7   0.0   2   2   1.9e-08   8.2e-07   27.0   0.0   105   171   364   435   362   442 0.81 -
scaffold25.g5128.t1  -            499 4257at3041           -            355   2.6e-16   58.3   0.6   1   1   9.5e-18   4.1e-16   57.6   0.6   220   327   295   426   289   463 0.69 -
scaffold6.g2566.t1   -           1105 4257at3041           -            355   2.7e-16   58.2   0.0   1   1     1e-17   4.5e-16   57.5   0.0    22   218    76   288    61   296 0.78 -
scaffold2.g7252.t1   -            392 4257at3041           -            355   3.1e-16   58.1   0.0   1   1   1.2e-17     5e-16   57.3   0.0    29   204    77   280    54   294 0.79 -
scaffold20.g7783.t1  -            388 4257at3041           -            355     9e-16   56.5   0.0   1   1   3.4e-17   1.5e-15   55.8   0.0    11   158     7   176     3   183 0.79 -
scaffold4.g4640.t1   -            736 4257at3041           -            355   2.6e-15   55.0   0.0   1   2   6.5e-16   2.8e-14   51.6   0.0     8   168    90   270    85   279 0.72 -
scaffold4.g4640.t1   -            736 4257at3041           -            355   2.6e-15   55.0   0.0   2   2       2.2        95    0.5   0.0   144   172   281   309   275   316 0.88 -
scaffold8.g1373.t1   -            371 4257at3041           -            355   4.8e-15   54.1   0.0   1   1   2.2e-16   9.7e-15   53.1   0.0    13   166    80   259    69   265 0.75 -
scaffold6.g2763.t1   -           1319 4257at3041           -            355   6.2e-15   53.7   0.0   1   2   5.2e-06   0.00023   19.0   0.0     9   116   994  1122   982  1126 0.72 -
scaffold6.g2763.t1   -           1319 4257at3041           -            355   6.2e-15   53.7   0.0   2   2   3.6e-10   1.6e-08   32.7   0.0    74   164  1115  1212  1105  1217 0.82 -
scaffold2.g7201.t1   -            397 4257at3041           -            355   6.5e-15   53.7   0.0   1   1   2.6e-16   1.1e-14   52.9   0.0    25   166    41   208    20   263 0.73 -
scaffold2.g6845.t1   -            686 4257at3041           -            355   6.6e-15   53.7   4.5   1   1   1.3e-15   5.6e-14   50.6   4.5   219   325   506   644   497   684 0.71 -
scaffold17.g493.t1   -            395 4257at3041           -            355   8.3e-15   53.3   1.5   1   1   4.8e-16   2.1e-14   52.0   1.5   220   340   226   373   215   394 0.72 -
scaffold1.g5599.t1   -            954 4257at3041           -            355   9.7e-15   53.1   0.1   1   1   4.4e-16   1.9e-14   52.1   0.1    90   235   750   910   737   916 0.84 -
scaffold26.g3349.t1  -            698 4257at3041           -            355   1.1e-14   52.9   0.0   1   1   6.4e-15   2.8e-13   48.3   0.0    75   162    81   178    25   194 0.83 -
scaffold2.g6860.t1   -            544 4257at3041           -            355   1.1e-14   52.9   0.0   1   2     0.094       4.1    5.0   0.0     7    49   232   276   226   296 0.79 -
scaffold2.g6860.t1   -            544 4257at3041           -            355   1.1e-14   52.9   0.0   2   2     8e-14   3.5e-12   44.7   0.0    80   170   355   440   351   447 0.84 -
scaffold20.g7620.t1  -            377 4257at3041           -            355   1.1e-14   52.9   0.6   1   2   0.00016    0.0068   14.1   0.1   220   259   174   215   150   234 0.88 -
scaffold20.g7620.t1  -            377 4257at3041           -            355   1.1e-14   52.9   0.6   2   2   1.5e-11   6.6e-10   37.2   0.0   269   354   254   346   251   347 0.81 -
scaffold5.g790.t1    -            345 4257at3041           -            355   1.2e-14   52.8   0.1   1   2   5.7e-06   0.00025   18.9   0.1     9    63    35    89    29   100 0.93 -
scaffold5.g790.t1    -            345 4257at3041           -            355   1.2e-14   52.8   0.1   2   2   5.8e-10   2.5e-08   32.0   0.0    61   168   132   252   120   292 0.85 -
scaffold10.g2384.t1  -            921 4257at3041           -            355     2e-14   52.1   0.2   1   3   3.9e-10   1.7e-08   32.6   0.0     7   111    28   149    23   160 0.76 -
scaffold10.g2384.t1  -            921 4257at3041           -            355     2e-14   52.1   0.2   2   3    0.0016     0.068   10.9   0.0   108   139   173   205   171   213 0.85 -
scaffold10.g2384.t1  -            921 4257at3041           -            355     2e-14   52.1   0.2   3   3      0.42        18    2.9   0.0   143   164   228   249   224   255 0.88 -
scaffold7.g3708.t1   -            986 4257at3041           -            355   2.4e-14   51.8   0.0   1   1   1.5e-15   6.4e-14   50.4   0.0    27   164   582   745   574   749 0.81 -
scaffold18.g1926.t1  -            577 4257at3041           -            355   3.1e-14   51.5   0.1   1   2   1.7e-07   7.2e-06   23.9   0.0     7    63   340   398   337   408 0.89 -
scaffold18.g1926.t1  -            577 4257at3041           -            355   3.1e-14   51.5   0.1   2   2   1.3e-07   5.6e-06   24.3   0.1   127   219   432   522   429   529 0.79 -
scaffold5.g723.t1    -           1043 4257at3041           -            355   3.2e-14   51.4   0.0   1   1   1.6e-15     7e-14   50.3   0.0    24   165   659   822   633   829 0.74 -
scaffold2.g6917.t1   -            530 4257at3041           -            355   3.5e-14   51.3   0.0   1   1   1.5e-15   6.6e-14   50.4   0.0    64   161    31   141    17   159 0.82 -
scaffold5.g965.t1    -            985 4257at3041           -            355     4e-14   51.1   0.0   1   2   5.3e-06   0.00023   19.0   0.0    59   141   339   430   286   439 0.76 -
scaffold5.g965.t1    -            985 4257at3041           -            355     4e-14   51.1   0.0   2   2   6.2e-09   2.7e-07   28.6   0.0    90   220   746   894   736   936 0.67 -
scaffold2.g6947.t1   -            400 4257at3041           -            355     5e-14   50.8   0.0   1   1   2.3e-15   9.9e-14   49.8   0.0    26   163   138   296   127   324 0.76 -
scaffold2.g6950.t1   -            631 4257at3041           -            355   5.3e-14   50.7   0.0   1   1   1.8e-15   7.9e-14   50.1   0.0     9   183    27   224    19   287 0.71 -
scaffold4.g5032.t1   -           1794 4257at3041           -            355   8.2e-14   50.1   0.0   1   1   4.3e-15   1.9e-13   48.9   0.0    74   160  1568  1667  1558  1682 0.87 -
scaffold3.g6259.t1   -            373 4257at3041           -            355   1.2e-13   49.5   0.2   1   2   3.9e-12   1.7e-10   39.2   0.1     9   121    36   165    28   172 0.71 -
scaffold3.g6259.t1   -            373 4257at3041           -            355   1.2e-13   49.5   0.2   2   2    0.0093      0.41    8.3   0.0   126   162   222   261   194   285 0.75 -
scaffold12.g8025.t1  -           1024 4257at3041           -            355   1.7e-13   49.1   0.0   1   1     7e-15   3.1e-13   48.2   0.0    66   160   770   878   733   895 0.81 -
scaffold11.g4031.t1  -            676 4257at3041           -            355   2.2e-13   48.7   0.0   1   1   1.4e-14   6.2e-13   47.2   0.0    30   159   425   554   422   571 0.80 -
scaffold4.g4986.t1   -           1801 4257at3041           -            355   2.4e-13   48.5   0.0   1   1   9.5e-15   4.1e-13   47.8   0.0    38   266   833  1111   798  1127 0.66 -
scaffold6.g2538.t1   -            979 4257at3041           -            355   3.7e-13   47.9   0.0   1   1   1.8e-14   7.8e-13   46.8   0.0     8   164   688   876   680   889 0.74 -
scaffold20.g7617.t1  -           1415 4257at3041           -            355   4.9e-13   47.5   0.0   1   2   1.9e-08   8.3e-07   27.0   0.0    14   114   808   922   798   925 0.76 -
scaffold20.g7617.t1  -           1415 4257at3041           -            355   4.9e-13   47.5   0.0   2   2     1e-05   0.00044   18.1   0.0   118   168   990  1042   976  1056 0.83 -
scaffold3.g6223.t1   -            438 4257at3041           -            355   6.4e-13   47.1   0.0   1   1   4.6e-14     2e-12   45.5   0.0    11   180    38   242    30   308 0.65 -
scaffold1.g5538.t1   -           1523 4257at3041           -            355   8.1e-13   46.8   0.0   1   2       6.7   2.9e+02   -1.1   0.0    30    48  1139  1157  1128  1161 0.83 -
scaffold1.g5538.t1   -           1523 4257at3041           -            355   8.1e-13   46.8   0.0   2   2   9.6e-14   4.2e-12   44.5   0.0    74   168  1222  1329  1216  1336 0.81 -
scaffold13.g204.t1   -           1128 4257at3041           -            355   9.5e-13   46.6   1.0   1   1   4.6e-14     2e-12   45.5   1.0   220   353   484   633   468   636 0.77 -
scaffold34.g4499.t1  -           1021 4257at3041           -            355   9.6e-13   46.5   0.0   1   1   9.9e-14   4.3e-12   44.4   0.0    10   164   716   907   702   914 0.75 -
scaffold13.g268.t1   -            890 4257at3041           -            355     1e-12   46.4   0.0   1   1   4.1e-14   1.8e-12   45.7   0.0    81   177   742   844   673   852 0.79 -
scaffold1.g5873.t1   -            433 4257at3041           -            355   1.4e-12   46.0   0.4   1   1   6.3e-14   2.7e-12   45.1   0.0    28   172    50   222    14   246 0.75 -
scaffold15.g4203.t1  -           1339 4257at3041           -            355   1.6e-12   45.8   0.0   1   1     8e-14   3.5e-12   44.7   0.0     2   164    34   223    33   238 0.73 -
scaffold15.g4370.t1  -           1266 4257at3041           -            355   2.5e-12   45.2   0.0   1   1   2.1e-13     9e-12   43.4   0.0    79   221  1062  1207  1059  1215 0.79 -
scaffold5.g963.t1    -            781 4257at3041           -            355   2.6e-12   45.1   0.0   1   2     0.025       1.1    6.9   0.0     9    64   200   257   193   264 0.75 -
scaffold5.g963.t1    -            781 4257at3041           -            355   2.6e-12   45.1   0.0   2   2   3.8e-11   1.7e-09   35.9   0.0    76   222   294   455   285   465 0.75 -
scaffold9.g3134.t1   -            871 4257at3041           -            355   3.7e-12   44.6   0.0   1   2     0.012      0.54    7.9   0.0     8    52   617   662   612   679 0.82 -
scaffold9.g3134.t1   -            871 4257at3041           -            355   3.7e-12   44.6   0.0   2   2   1.1e-10   4.8e-09   34.4   0.0    79   137   717   783   706   814 0.87 -
scaffold3.g6757.t1   -            792 4257at3041           -            355   3.9e-12   44.6   0.0   1   1   1.5e-13   6.4e-12   43.8   0.0     8   160   520   682   514   719 0.77 -
scaffold11.g3887.t1  -            759 4257at3041           -            355   3.9e-12   44.6   0.0   1   1   2.8e-13   1.2e-11   42.9   0.0    79   161   666   754   631   758 0.83 -
scaffold30.g4425.t1  -           1095 4257at3041           -            355   4.5e-12   44.3   0.4   1   2     0.004      0.18    9.5   0.2   220   239   101   120    96   137 0.82 -
scaffold30.g4425.t1  -           1095 4257at3041           -            355   4.5e-12   44.3   0.4   2   2   3.5e-10   1.5e-08   32.7   0.0   244   323   160   253   124   287 0.72 -
scaffold23.g4147.t1  -            203 4257at3041           -            355   5.3e-12   44.1   1.4   1   1   2.5e-12   1.1e-10   39.8   1.4    77   161    73   170    16   186 0.76 -
scaffold9.g3171.t1   -           1862 4257at3041           -            355   6.6e-12   43.8   0.0   1   1   3.1e-13   1.4e-11   42.8   0.0    12   159   959  1130   949  1139 0.71 -
scaffold10.g2275.t1  -           1341 4257at3041           -            355   7.2e-12   43.7   0.1   1   1   5.2e-13   2.3e-11   42.0   0.0    78   166   951  1058   944  1070 0.81 -
scaffold2.g7343.t1   -           1380 4257at3041           -            355     1e-11   43.2   0.1   1   2     2e-12   8.5e-11   40.1   0.0    71   160   485   579   479   590 0.81 -
scaffold2.g7343.t1   -           1380 4257at3041           -            355     1e-11   43.2   0.1   2   2       2.7   1.2e+02    0.2   0.0   198   220  1099  1124  1096  1145 0.83 -
scaffold15.g4261.t1  -            599 4257at3041           -            355   1.2e-11   43.0   0.0   1   2     0.035       1.5    6.4   0.0     8    46    55    95    50   117 0.83 -
scaffold15.g4261.t1  -            599 4257at3041           -            355   1.2e-11   43.0   0.0   2   2   1.3e-10   5.8e-09   34.1   0.0    78   145   161   240   155   255 0.74 -
scaffold7.g3664.t1   -            723 4257at3041           -            355   1.2e-11   43.0   0.0   1   2   6.7e-08   2.9e-06   25.2   0.0    26   119   399   507   392   517 0.81 -
scaffold7.g3664.t1   -            723 4257at3041           -            355   1.2e-11   43.0   0.0   2   2   0.00011    0.0047   14.7   0.0   129   166   548   587   535   647 0.84 -
scaffold8.g1603.t1   -            301 4257at3041           -            355   1.4e-11   42.7   0.0   1   2    0.0026      0.11   10.1   0.0     8    63    26    83    19    90 0.85 -
scaffold8.g1603.t1   -            301 4257at3041           -            355   1.4e-11   42.7   0.0   2   2   1.6e-09   7.2e-08   30.5   0.0    92   162   131   211   119   225 0.79 -
scaffold10.g2361.t1  -           1816 4257at3041           -            355   1.6e-11   42.5   0.0   1   2      0.32        14    3.3   0.0    20    63  1073  1115  1053  1124 0.77 -
scaffold10.g2361.t1  -           1816 4257at3041           -            355   1.6e-11   42.5   0.0   2   2   2.1e-11   9.1e-10   36.8   0.0   106   171  1179  1247  1157  1257 0.84 -
scaffold34.g4496.t1  -            979 4257at3041           -            355   1.8e-11   42.4   0.0   1   1   7.3e-13   3.2e-11   41.6   0.0    10   141   735   891   728   973 0.77 -
scaffold3.g6333.t1   -            691 4257at3041           -            355     2e-11   42.2   0.0   1   1     7e-13   3.1e-11   41.6   0.0    64   168   199   317   150   369 0.81 -
scaffold1.g5616.t1   -            374 4257at3041           -            355     2e-11   42.2   0.0   1   1   5.9e-13   2.6e-11   41.9   0.0    78   171   132   228    54   250 0.82 -
scaffold12.g8227.t1  -            372 4257at3041           -            355   2.1e-11   42.2   0.4   1   1   9.4e-11   4.1e-09   34.6   0.4   220   353   195   369   191   371 0.70 -
scaffold1.g5617.t1   -           1394 4257at3041           -            355   2.1e-11   42.1   0.0   1   1   8.5e-13   3.7e-11   41.3   0.0     8   167  1080  1258  1076  1268 0.72 -
scaffold1.g5806.t1   -           1689 4257at3041           -            355   2.2e-11   42.0   0.0   1   1   5.2e-13   2.2e-11   42.0   0.0    28   139   652   783   648   795 0.78 -
scaffold13.g234.t1   -            873 4257at3041           -            355   3.7e-11   41.3   0.7   1   1   2.2e-12   9.7e-11   40.0   0.7   220   353   199   366   190   368 0.66 -
scaffold20.g7826.t1  -            465 4257at3041           -            355   4.4e-11   41.1   1.6   1   2   5.6e-09   2.4e-07   28.8   0.3     9   115    86   216    78   225 0.62 -
scaffold20.g7826.t1  -            465 4257at3041           -            355   4.4e-11   41.1   1.6   2   2     0.022      0.94    7.1   0.0   145   229   370   464   348   465 0.69 -
scaffold19.g1830.t1  -            994 4257at3041           -            355   4.6e-11   41.0   0.6   1   1   2.5e-12   1.1e-10   39.8   0.1   243   345   325   439   316   450 0.77 -
scaffold2.g7419.t1   -            411 4257at3041           -            355   4.6e-11   41.0   1.2   1   2   4.9e-05    0.0021   15.8   0.8     5    65    63   126    60   132 0.83 -
scaffold2.g7419.t1   -            411 4257at3041           -            355   4.6e-11   41.0   1.2   2   2   1.9e-07   8.3e-06   23.7   0.0   106   168   133   198   125   204 0.87 -
scaffold2.g6786.t1   -            613 4257at3041           -            355   1.5e-10   39.3   0.0   1   1   8.1e-12   3.5e-10   38.1   0.0     8   162   211   393   201   399 0.71 -
scaffold19.g1865.t1  -           1105 4257at3041           -            355   1.5e-10   39.3   0.0   1   1   5.7e-12   2.5e-10   38.6   0.0     9   161   718   900   707   914 0.73 -
scaffold7.g3663.t1   -           1654 4257at3041           -            355   1.6e-10   39.3   0.2   1   1   1.3e-11   5.4e-10   37.5   0.2    30   169   431   592   419   650 0.75 -
scaffold12.g8144.t1  -           1350 4257at3041           -            355   1.8e-10   39.1   0.8   1   1   8.5e-12   3.7e-10   38.1   0.8   238   353  1196  1323  1192  1325 0.78 -
scaffold13.g299.t1   -            729 4257at3041           -            355   1.8e-10   39.0   0.2   1   1   9.3e-12   4.1e-10   37.9   0.2    30   220   480   688   468   705 0.69 -
scaffold3.g6661.t1   -            648 4257at3041           -            355   2.2e-10   38.8   0.0   1   1   9.2e-12     4e-10   37.9   0.0     6   163    94   281    91   290 0.75 -
scaffold5.g814.t1    -            906 4257at3041           -            355   3.4e-10   38.2   0.4   1   2   1.2e-07   5.2e-06   24.4   0.0    30   120   404   508   380   512 0.62 -
scaffold5.g814.t1    -            906 4257at3041           -            355   3.4e-10   38.2   0.4   2   2    0.0012     0.053   11.2   0.3   131   221   604   694   596   735 0.74 -
scaffold2.g6899.t1   -           1764 4257at3041           -            355   3.9e-10   38.0   0.4   1   2   4.2e-06   0.00018   19.3   0.1    22   101    55   133    36   136 0.85 -
scaffold2.g6899.t1   -           1764 4257at3041           -            355   3.9e-10   38.0   0.4   2   2   6.5e-05    0.0028   15.4   0.0   127   177   188   239   166   282 0.87 -
scaffold18.g1941.t1  -            965 4257at3041           -            355     4e-10   37.9   0.1   1   1   6.7e-11   2.9e-09   35.1   0.1     8   166    66   248    61   264 0.75 -
scaffold22.g6047.t1  -            758 4257at3041           -            355   5.4e-10   37.5   0.0   1   2   1.8e-10     8e-09   33.7   0.0     9   160   110   283    99   286 0.76 -
scaffold22.g6047.t1  -            758 4257at3041           -            355   5.4e-10   37.5   0.0   2   2       7.1   3.1e+02   -1.2   0.0   201   224   307   333   294   348 0.72 -
scaffold21.g2140.t1  -           1387 4257at3041           -            355   9.5e-10   36.7   0.0   1   1   5.2e-11   2.3e-09   35.4   0.0    28   218   992  1221   986  1247 0.68 -
scaffold3.g6273.t1   -           1552 4257at3041           -            355   1.3e-09   36.3   0.1   1   2       0.1       4.5    4.9   0.0     7    49   526   570   521   575 0.83 -
scaffold3.g6273.t1   -           1552 4257at3041           -            355   1.3e-09   36.3   0.1   2   2   1.1e-08   4.7e-07   27.8   0.0    78   115   802   844   794   850 0.87 -
scaffold8.g1505.t1   -            334 4257at3041           -            355   2.1e-09   35.5   0.0   1   1   7.7e-11   3.4e-09   34.9   0.0    92   200    78   189    72   210 0.76 -
scaffold7.g3726.t1   -            414 4257at3041           -            355   2.8e-09   35.2   0.0   1   2       1.9        81    0.7   0.0     9    63    65   122    61   141 0.82 -
scaffold7.g3726.t1   -            414 4257at3041           -            355   2.8e-09   35.2   0.0   2   2   5.6e-10   2.4e-08   32.1   0.0    83   207   171   316   163   379 0.72 -
scaffold8.g1381.t1   -            435 4257at3041           -            355   3.3e-09   34.9   0.0   1   1   1.6e-10   6.9e-09   33.9   0.0    10   159    34   184    27   206 0.78 -
scaffold25.g5106.t1  -            471 4257at3041           -            355   3.8e-09   34.7   0.0   1   1   1.3e-10   5.5e-09   34.2   0.0    70   167   130   244    92   282 0.79 -
scaffold25.g5109.t1  -            492 4257at3041           -            355     5e-09   34.3   0.1   1   1     7e-10     3e-08   31.7   0.1    77   205   290   449   228   478 0.74 -
scaffold18.g1970.t1  -           1775 4257at3041           -            355   6.5e-09   34.0   0.1   1   2     9e-06   0.00039   18.2   0.0    16   114  1104  1216  1093  1220 0.63 -
scaffold18.g1970.t1  -           1775 4257at3041           -            355   6.5e-09   34.0   0.1   2   2   0.00032     0.014   13.1   0.0   124   165  1319  1362  1308  1390 0.85 -
scaffold13.g271.t1   -            894 4257at3041           -            355   6.8e-09   33.9   0.2   1   3     0.029       1.3    6.7   0.0     5    64   168   230   158   235 0.72 -
scaffold13.g271.t1   -            894 4257at3041           -            355   6.8e-09   33.9   0.2   2   3   3.2e-05    0.0014   16.4   0.0    78   136   275   345   255   348 0.72 -
scaffold13.g271.t1   -            894 4257at3041           -            355   6.8e-09   33.9   0.2   3   3     0.029       1.2    6.7   0.0   141   190   390   438   379   480 0.68 -
scaffold13.g368.t1   -            444 4257at3041           -            355   6.9e-09   33.9   0.0   1   1   2.5e-10   1.1e-08   33.2   0.0    30   167    54   212    33   233 0.67 -
scaffold10.g2249.t1  -            375 4257at3041           -            355   8.2e-09   33.6   0.0   1   1     4e-10   1.8e-08   32.5   0.0   220   327   156   286   152   329 0.66 -
scaffold7.g3545.t1   -           1150 4257at3041           -            355   9.3e-09   33.4   0.1   1   3      0.18       7.7    4.1   0.0    20    47   174   201   158   212 0.83 -
scaffold7.g3545.t1   -           1150 4257at3041           -            355   9.3e-09   33.4   0.1   2   3     2e-05   0.00088   17.1   0.0    73   114   318   364   305   373 0.80 -
scaffold7.g3545.t1   -           1150 4257at3041           -            355   9.3e-09   33.4   0.1   3   3      0.01      0.46    8.1   0.0   128   178   400   453   394   468 0.78 -
scaffold4.g4769.t1   -            739 4257at3041           -            355   1.1e-08   33.2   0.0   1   2   2.2e-09   9.7e-08   30.1   0.0    26   166   503   663   500   667 0.75 -
scaffold4.g4769.t1   -            739 4257at3041           -            355   1.1e-08   33.2   0.0   2   2       3.1   1.4e+02    0.0   0.0   202   222   703   726   694   731 0.78 -
scaffold12.g8024.t1  -            774 4257at3041           -            355   1.2e-08   33.1   1.3   1   2       5.7   2.5e+02   -0.8   0.4   241   343   214   244   207   267 0.56 -
scaffold12.g8024.t1  -            774 4257at3041           -            355   1.2e-08   33.1   1.3   2   2   8.7e-10   3.8e-08   31.4   0.0    73   215   573   729   566   748 0.70 -
scaffold21.g2228.t1  -            545 4257at3041           -            355   1.2e-08   33.1   0.0   1   1   5.3e-10   2.3e-08   32.2   0.0    76   157   132   220    43   231 0.78 -
scaffold14.g1247.t1  -            888 4257at3041           -            355   1.6e-08   32.7   0.0   1   1     7e-10   3.1e-08   31.7   0.0    78   141   473   543   464   549 0.80 -
scaffold12.g8292.t1  -           2450 4257at3041           -            355   1.7e-08   32.6   0.0   1   1   9.3e-10     4e-08   31.3   0.0    74   220   736   897   727   909 0.81 -
scaffold15.g4358.t1  -            711 4257at3041           -            355   2.2e-08   32.2   0.0   1   1   9.9e-09   4.3e-07   28.0   0.0    75   168   531   614   450   620 0.84 -
scaffold21.g2157.t1  -            518 4257at3041           -            355   2.3e-08   32.1   0.8   1   2   9.8e-05    0.0043   14.8   0.0   224   298   295   398   289   407 0.67 -
scaffold21.g2157.t1  -            518 4257at3041           -            355   2.3e-08   32.1   0.8   2   2    0.0001    0.0044   14.8   0.2   298   355   444   507   433   507 0.67 -
scaffold4.g5002.t1   -            539 4257at3041           -            355   2.4e-08   32.1   0.0   1   1     1e-09   4.3e-08   31.2   0.0    79   164   316   403   304   412 0.70 -
scaffold3.g6213.t1   -            771 4257at3041           -            355   2.8e-08   31.9   0.7   1   2   1.9e-06   8.4e-05   20.4   0.0    70   118   569   628   563   633 0.78 -
scaffold3.g6213.t1   -            771 4257at3041           -            355   2.8e-08   31.9   0.7   2   2     0.006      0.26    8.9   0.0   127   161   665   701   630   757 0.80 -
scaffold19.g1826.t1  -            558 4257at3041           -            355   2.8e-08   31.9   0.0   1   2     0.038       1.7    6.3   0.0    77   105   175   203   162   218 0.87 -
scaffold19.g1826.t1  -            558 4257at3041           -            355   2.8e-08   31.9   0.0   2   2   2.9e-07   1.3e-05   23.1   0.0   110   168   243   302   231   336 0.88 -
scaffold19.g1753.t1  -            743 4257at3041           -            355     3e-08   31.8   0.0   1   1   1.1e-09   4.9e-08   31.1   0.0    78   166   464   565   387   582 0.85 -
scaffold16.g9.t1     -            611 4257at3041           -            355   4.3e-08   31.3   0.0   1   1   1.5e-09   6.4e-08   30.7   0.0    77   157   189   284   182   302 0.79 -
scaffold10.g2246.t1  -           1063 4257at3041           -            355   5.3e-08   31.0   0.0   1   1   2.7e-09   1.2e-07   29.8   0.0     7   227   809  1041   803  1048 0.66 -
scaffold21.g2119.t1  -            813 4257at3041           -            355   7.5e-08   30.5   0.0   1   1   2.7e-09   1.2e-07   29.8   0.0    79   171   601   700   585   711 0.84 -
scaffold7.g3665.t1   -           1801 4257at3041           -            355   8.9e-08   30.2   0.2   1   2   0.00029     0.013   13.3   0.0    25   100   491   582   479   601 0.77 -
scaffold7.g3665.t1   -           1801 4257at3041           -            355   8.9e-08   30.2   0.2   2   2   0.00026     0.011   13.4   0.0    25   100  1176  1267  1164  1271 0.75 -
scaffold2.g7433.t1   -           2318 4257at3041           -            355     1e-07   30.0   0.1   1   1   8.1e-09   3.5e-07   28.2   0.1    63   138   688   774   682   783 0.82 -
scaffold7.g3610.t1   -           1371 4257at3041           -            355   1.2e-07   29.8   0.9   1   1   7.1e-09   3.1e-07   28.4   0.9    64   231    80   250    67   273 0.73 -
scaffold4.g4785.t1   -           1244 4257at3041           -            355   1.6e-07   29.4   0.0   1   2         8   3.5e+02   -1.3   0.0    30    46   980   996   968  1002 0.85 -
scaffold4.g4785.t1   -           1244 4257at3041           -            355   1.6e-07   29.4   0.0   2   2   2.2e-08   9.5e-07   26.8   0.0    79   160  1077  1153  1067  1163 0.85 -
scaffold8.g1401.t1   -            809 4257at3041           -            355   1.7e-07   29.3   0.1   1   2   5.8e-05    0.0025   15.6   0.0    28   100   469   557   464   559 0.72 -
scaffold8.g1401.t1   -            809 4257at3041           -            355   1.7e-07   29.3   0.1   2   2    0.0022     0.097   10.4   0.0   134   166   578   612   572   672 0.87 -
scaffold13.g352.t1   -            444 4257at3041           -            355   2.4e-07   28.8   0.0   1   2      0.06       2.6    5.7   0.0    39   105   117   192    85   196 0.67 -
scaffold13.g352.t1   -            444 4257at3041           -            355   2.4e-07   28.8   0.0   2   2   1.5e-06   6.5e-05   20.8   0.0   126   175   244   295   240   308 0.78 -
scaffold13.g298.t1   -            727 4257at3041           -            355   2.6e-07   28.7   0.0   1   2    0.0078      0.34    8.6   0.0    30    64   496   530   484   549 0.89 -
scaffold13.g298.t1   -            727 4257at3041           -            355   2.6e-07   28.7   0.0   2   2   1.4e-05   0.00063   17.6   0.0   131   219   592   684   582   694 0.77 -
scaffold1.g5875.t1   -           1255 4257at3041           -            355   3.2e-07   28.4   0.0   1   1   1.2e-08   5.2e-07   27.7   0.0    81   171   719   818   708   824 0.75 -
scaffold8.g1449.t1   -           1077 4257at3041           -            355   3.6e-07   28.2   0.0   1   2         1        44    1.6   0.0    27    53   821   847   795   870 0.84 -
scaffold8.g1449.t1   -           1077 4257at3041           -            355   3.6e-07   28.2   0.0   2   2   2.1e-07   9.1e-06   23.6   0.0    72   154   893   987   883   994 0.79 -
scaffold6.g2547.t1   -            927 4257at3041           -            355   4.2e-07   28.0   0.0   1   1   1.8e-08     8e-07   27.1   0.0     3   114   626   755   624   762 0.71 -
scaffold2.g7301.t1   -            609 4257at3041           -            355   9.9e-07   26.8   0.0   1   1   4.6e-08     2e-06   25.8   0.0   106   165    98   167    87   177 0.73 -
scaffold7.g3706.t1   -           1198 4257at3041           -            355   1.1e-06   26.6   0.0   1   1   9.3e-08     4e-06   24.8   0.0    27   167   977  1125   972  1129 0.67 -
scaffold27.g5970.t1  -           2013 4257at3041           -            355   1.1e-06   26.6   0.0   1   1   4.6e-08     2e-06   25.8   0.0    79   162  1046  1136  1026  1142 0.77 -
scaffold2.g7155.t1   -           1993 4257at3041           -            355   1.2e-06   26.5   0.0   1   1   7.7e-08   3.3e-06   25.0   0.0    25   139   542   678   517   685 0.69 -
scaffold2.g7025.t1   -            471 4257at3041           -            355   1.8e-06   25.9   0.1   1   2      0.27        12    3.5   0.0     9    46   130   163   117   173 0.75 -
scaffold2.g7025.t1   -            471 4257at3041           -            355   1.8e-06   25.9   0.1   2   2   2.3e-06    0.0001   20.2   0.0    56   159   213   328   201   346 0.81 -
scaffold12.g8023.t1  -            376 4257at3041           -            355     2e-06   25.7   0.0   1   1   6.9e-08     3e-06   25.2   0.0    90   165    87   175    58   230 0.84 -
scaffold11.g3886.t1  -            895 4257at3041           -            355   2.1e-06   25.7   0.0   1   1   1.7e-07   7.4e-06   23.9   0.0    79   169   638   720   626   727 0.79 -
scaffold20.g7651.t1  -            311 4257at3041           -            355     3e-06   25.2   0.1   1   1   2.9e-07   1.3e-05   23.1   0.1    79   206   132   277   127   294 0.71 -
scaffold2.g7446.t1   -            718 4257at3041           -            355   3.6e-06   24.9   0.1   1   2   0.00016    0.0069   14.1   0.0    18    62   334   378   314   385 0.84 -
scaffold2.g7446.t1   -            718 4257at3041           -            355   3.6e-06   24.9   0.1   2   2    0.0034      0.15    9.8   0.1   106   167   373   437   371   510 0.65 -
scaffold12.g8288.t1  -           1000 4257at3041           -            355   1.4e-05   23.0   0.0   1   1     5e-07   2.2e-05   22.3   0.0    71   155   550   647   542   654 0.76 -
scaffold5.g868.t1    -            987 4257at3041           -            355   1.8e-05   22.6   0.1   1   2   0.00079     0.034   11.8   0.0    70   105   478   516   411   521 0.58 -
scaffold5.g868.t1    -            987 4257at3041           -            355   1.8e-05   22.6   0.1   2   2     0.027       1.2    6.8   0.0   131   166   628   666   607   741 0.73 -
scaffold9.g3163.t1   -            647 4257at3041           -            355   1.9e-05   22.6   0.0   1   2       6.4   2.8e+02   -1.0   0.0    58    99   123   165    60   201 0.74 -
scaffold9.g3163.t1   -            647 4257at3041           -            355   1.9e-05   22.6   0.0   2   2   7.4e-06   0.00032   18.5   0.0    96   175   243   342   241   389 0.68 -
scaffold12.g8111.t1  -           1367 4257at3041           -            355   2.2e-05   22.4   0.4   1   2      0.14       6.2    4.4   0.0    29    55   978  1004   969  1052 0.91 -
scaffold12.g8111.t1  -           1367 4257at3041           -            355   2.2e-05   22.4   0.4   2   2     7e-05    0.0031   15.3   0.0   131   165  1174  1210  1162  1224 0.88 -
scaffold16.g93.t1    -            705 4257at3041           -            355   2.2e-05   22.3   0.0   1   2     0.016      0.72    7.5   0.0    81   106   201   227   193   246 0.82 -
scaffold16.g93.t1    -            705 4257at3041           -            355   2.2e-05   22.3   0.0   2   2   0.00048     0.021   12.5   0.0   107   165   369   427   363   448 0.74 -
scaffold20.g7699.t1  -            604 4257at3041           -            355   2.2e-05   22.3   0.0   1   1   9.2e-07     4e-05   21.5   0.0    26    99   518   601   513   603 0.87 -
scaffold2.g7082.t1   -            358 4257at3041           -            355   3.2e-05   21.8   0.1   1   1   1.2e-06   5.1e-05   21.1   0.1    80   112   253   290   242   295 0.76 -
scaffold11.g4073.t1  -            450 4257at3041           -            355   4.3e-05   21.4   0.0   1   1   3.6e-06   0.00016   19.5   0.0    72   168    51   139     1   164 0.70 -
scaffold14.g1251.t1  -            763 4257at3041           -            355   4.6e-05   21.3   3.6   1   1   1.3e-05   0.00058   17.7   3.6   221   314   203   312   194   322 0.73 -
scaffold6.g2633.t1   -           1301 4257at3041           -            355   5.6e-05   21.0   0.0   1   1   3.4e-06   0.00015   19.6   0.0    81   120  1058  1102  1051  1106 0.83 -
scaffold13.g312.t1   -            492 4257at3041           -            355   6.5e-05   20.8   0.0   1   1   2.3e-06    0.0001   20.2   0.0    74   114   280   326   272   334 0.77 -
scaffold26.g3346.t1  -           1092 4257at3041           -            355   8.9e-05   20.3   0.4   1   2      0.28        12    3.4   0.0     9    45   134   172   128   178 0.87 -
scaffold26.g3346.t1  -           1092 4257at3041           -            355   8.9e-05   20.3   0.4   2   2   0.00016    0.0069   14.1   0.1   127   173   179   227   175   235 0.84 -
scaffold9.g3149.t1   -           1381 4257at3041           -            355   8.9e-05   20.3   0.1   1   2      0.29        13    3.4   0.0    71   100  1181  1213  1116  1223 0.81 -
scaffold9.g3149.t1   -           1381 4257at3041           -            355   8.9e-05   20.3   0.1   2   2   0.00019    0.0083   13.9   0.0   129   167  1268  1308  1238  1373 0.67 -
scaffold6.g2831.t1   -            372 4257at3041           -            355   0.00013   19.8   0.0   1   1     5e-06   0.00022   19.1   0.0    60   120   306   368   273   371 0.88 -
scaffold24.g2964.t1  -            455 4257at3041           -            355   0.00015   19.6   0.0   1   1   1.1e-05   0.00048   17.9   0.0   107   155   141   190   134   200 0.85 -
scaffold11.g3946.t1  -           1059 4257at3041           -            355   0.00021   19.1   0.0   1   1   1.3e-05   0.00054   17.8   0.0    79   105   117   143    42   148 0.90 -
scaffold6.g2505.t1   -            928 4257at3041           -            355   0.00061   17.6   0.0   1   1   2.4e-05    0.0011   16.8   0.0    69   161   144   237   111   265 0.78 -
scaffold13.g345.t1   -            801 4257at3041           -            355   0.00065   17.5   0.5   1   1    0.0028      0.12   10.1   0.2    70   105   148   183    56   189 0.62 -
scaffold20.g7840.t1  -            345 4257at3041           -            355   0.00084   17.1   0.0   1   2       1.4        60    1.2   0.0    30    47    92   109    84   126 0.80 -
scaffold20.g7840.t1  -            345 4257at3041           -            355   0.00084   17.1   0.0   2   2   0.00027     0.012   13.4   0.0   124   183   127   196   123   224 0.70 -
scaffold5.g939.t1    -           1018 4257at3041           -            355   0.00084   17.1   4.4   1   2     0.029       1.3    6.7   0.1   221   260   459   504   450   513 0.79 -
scaffold5.g939.t1    -           1018 4257at3041           -            355   0.00084   17.1   4.4   2   2   0.00089     0.039   11.7   0.2   299   353   598   655   588   658 0.79 -
scaffold1.g5539.t1   -            435 4257at3041           -            355   0.00095   17.0   0.0   1   1   0.00015    0.0065   14.2   0.0    79   213   162   304   144   307 0.64 -
scaffold2.g6839.t1   -            729 4257at3041           -            355   0.00095   17.0   0.0   1   1   3.9e-05    0.0017   16.1   0.0    72   115   479   531   468   537 0.75 -
scaffold10.g2292.t1  -            741 4257at3041           -            355    0.0012   16.6   0.1   1   1   0.00027     0.012   13.4   0.1    73   106   601   634   595   737 0.85 -
scaffold14.g1291.t1  -            576 4257at3041           -            355    0.0017   16.1   0.0   1   1   8.6e-05    0.0037   15.0   0.0    25   121    72   176    48   185 0.80 -
scaffold6.g2837.t1   -            584 4257at3041           -            355    0.0018   16.1   0.0   1   1   6.8e-05     0.003   15.3   0.0    76   165   165   271   135   277 0.75 -
scaffold4.g4652.t1   -            824 4257at3041           -            355     0.002   15.9   0.0   1   1   9.2e-05     0.004   14.9   0.0    77   107   652   682   639   718 0.75 -
scaffold2.g6949.t1   -            163 4257at3041           -            355    0.0021   15.8   0.0   1   1   5.6e-05    0.0024   15.6   0.0    99   184     2   100     1   158 0.63 -
scaffold13.g302.t1   -            586 4257at3041           -            355    0.0024   15.7   0.0   1   1   0.00013    0.0055   14.5   0.0    30   101   491   577   481   584 0.69 -
scaffold6.g2731.t1   -            195 4257at3041           -            355    0.0025   15.6   0.0   1   1   7.4e-05    0.0032   15.2   0.0    79   107   138   166    96   186 0.66 -
scaffold7.g3705.t1   -           1401 4257at3041           -            355    0.0037   15.0   0.0   1   3         9   3.9e+02   -1.5   0.0     8    49   721   760   715   772 0.77 -
scaffold7.g3705.t1   -           1401 4257at3041           -            355    0.0037   15.0   0.0   2   3      0.82        36    1.9   0.0    79    97   807   825   797   832 0.84 -
scaffold7.g3705.t1   -           1401 4257at3041           -            355    0.0037   15.0   0.0   3   3    0.0044      0.19    9.4   0.0    97   171   874   964   861   970 0.76 -
scaffold14.g1084.t1  -            888 4257at3041           -            355    0.0045   14.7   0.0   1   1    0.0001    0.0045   14.7   0.0    56   107   130   185   120   238 0.70 -
scaffold3.g6671.t1   -           2532 4257at3041           -            355    0.0054   14.5   0.0   1   2    0.0018     0.078   10.7   0.0    78   107  1915  1944  1894  1949 0.87 -
scaffold3.g6671.t1   -           2532 4257at3041           -            355    0.0054   14.5   0.0   2   2       1.5        66    1.0   0.0   142   167  2022  2047  2019  2053 0.91 -
scaffold14.g1032.t1  -            563 4257at3041           -            355     0.012   13.3   0.0   1   1   0.00053     0.023   12.4   0.0    83   165   362   460   344   469 0.75 -
scaffold1.g5297.t1   -            593 4257at3041           -            355     0.015   13.0   0.0   1   1   0.00055     0.024   12.4   0.0     6    62   529   586   525   592 0.88 -
scaffold18.g1924.t1  -            564 4257at3041           -            355     0.017   12.8   0.0   1   1   0.00056     0.024   12.3   0.0    79   106   111   138    73   226 0.76 -
scaffold4.g4771.t1   -            455 4257at3041           -            355     0.021   12.5   0.0   1   1   0.00049     0.021   12.5   0.0    78   106   316   344   293   349 0.82 -
scaffold16.g20.t1    -            358 4257at3041           -            355      0.04   11.6   0.0   1   1    0.0013     0.058   11.1   0.0   289   322   258   291   235   313 0.87 -
scaffold14.g1051.t1  -            518 4257at3041           -            355      0.04   11.6   0.0   1   1    0.0017     0.074   10.7   0.0   290   341   425   479   411   485 0.79 -
scaffold2.g7169.t1   -            524 4257at3041           -            355     0.045   11.4   0.0   1   1    0.0023       0.1   10.3   0.0     7    48    37    80    31   103 0.81 -
scaffold2.g7263.t1   -           1316 4257at3041           -            355     0.069   10.8   0.0   1   2      0.17       7.5    4.1   0.0    25   113   951  1045   944  1050 0.71 -
scaffold2.g7263.t1   -           1316 4257at3041           -            355     0.069   10.8   0.0   2   2      0.16       6.9    4.3   0.0   113   145  1113  1143  1106  1148 0.79 -
scaffold6.g2665.t1   -           1136 4257at3041           -            355     0.084   10.6   0.2   1   1    0.0052      0.22    9.2   0.0    63   106   946   994   917  1014 0.78 -
scaffold11.g3891.t1  -            981 4257at3041           -            355       0.1   10.3   0.0   1   1     0.004      0.17    9.5   0.0     9   106   690   789   685   835 0.76 -
#
# Program:         hmmsearch
# Version:         3.1b2 (February 2015)
# Pipeline mode:   SEARCH
# Query file:      /Users/catrionaharrison/Documents/Bioinformatics/rp2/Data/genomes/busco/busco_downloads/lineages/chlorophyta_odb10/hmms/4257at3041.hmm
# Target file:     /Users/catrionaharrison/Documents/Bioinformatics/rp2/Data/genomes/busco/data/a99.prot.fasta
# Option settings: hmmsearch --domtblout /Users/catrionaharrison/Documents/Bioinformatics/rp2/Data/genomes/busco/Busco_a99/run_chlorophyta_odb10/hmmer_output/initial_run_results/4257at3041.out --cpu 1 /Users/catrionaharrison/Documents/Bioinformatics/rp2/Data/genomes/busco/busco_downloads/lineages/chlorophyta_odb10/hmms/4257at3041.hmm /Users/catrionaharrison/Documents/Bioinformatics/rp2/Data/genomes/busco/data/a99.prot.fasta 
# Current dir:     /Users/catrionaharrison/Documents/Bioinformatics/rp2/Data/genomes/busco
# Date:            Fri Jul 22 14:47:45 2022
# [ok]
