#                                                                            --- full sequence --- -------------- this domain -------------   hmm coord   ali coord   env coord
# target name        accession   tlen query name           accession   qlen   E-value  score  bias   #  of  c-Evalue  i-Evalue  score  bias  from    to  from    to  from    to  acc description of target
#------------------- ---------- ----- -------------------- ---------- ----- --------- ------ ----- --- --- --------- --------- ------ ----- ----- ----- ----- ----- ----- ----- ---- ---------------------
scaffold20.g7721.t1  -           1627 4619at3041           -            462    4e-151  502.6  12.7   1   4   1.2e-22   1.5e-20   72.2   0.1     1    84     9   103     9   120 0.80 -
scaffold20.g7721.t1  -           1627 4619at3041           -            462    4e-151  502.6  12.7   2   4      0.25        31    1.8   0.0    69   105   186   226   172   242 0.81 -
scaffold20.g7721.t1  -           1627 4619at3041           -            462    4e-151  502.6  12.7   3   4   1.9e-30   2.4e-28   97.8   0.1   104   193   284   378   267   383 0.91 -
scaffold20.g7721.t1  -           1627 4619at3041           -            462    4e-151  502.6  12.7   4   4  1.3e-101   1.7e-99  332.4   4.6   195   442   536   815   527   821 0.88 -
scaffold6.g2508.t1   -            733 4619at3041           -            462   1.4e-41  141.5   1.4   1   4     1e-07   1.3e-05   22.9   0.0   194   253    23    82    17    88 0.89 -
scaffold6.g2508.t1   -            733 4619at3041           -            462   1.4e-41  141.5   1.4   2   4   5.6e-12     7e-10   37.0   0.0   162   268    80   186    77   189 0.90 -
scaffold6.g2508.t1   -            733 4619at3041           -            462   1.4e-41  141.5   1.4   3   4   1.4e-13   1.7e-11   42.2   0.4     3    86   206   293   204   309 0.80 -
scaffold6.g2508.t1   -            733 4619at3041           -            462   1.4e-41  141.5   1.4   4   4   6.7e-12   8.4e-10   36.7   0.0     4    68   324   389   322   425 0.80 -
scaffold1.g5214.t1   -           1093 4619at3041           -            462   1.3e-29  102.0   2.4   1   4   6.7e-07   8.3e-05   20.2   0.0   113   171    26    87    11   113 0.78 -
scaffold1.g5214.t1   -           1093 4619at3041           -            462   1.3e-29  102.0   2.4   2   4   2.4e-09   2.9e-07   28.3   0.0   197   265   486   553   469   559 0.85 -
scaffold1.g5214.t1   -           1093 4619at3041           -            462   1.3e-29  102.0   2.4   3   4       1.5   1.8e+02   -0.7   0.0   115   141   694   720   651   724 0.71 -
scaffold1.g5214.t1   -           1093 4619at3041           -            462   1.3e-29  102.0   2.4   4   4   5.8e-15   7.1e-13   46.8   1.2     1   187   833  1033   833  1047 0.73 -
scaffold6.g2740.t1   -            556 4619at3041           -            462     3e-25   87.6   0.2   1   3     2e-12   2.5e-10   38.4   0.1     3    68    34   104    32   109 0.90 -
scaffold6.g2740.t1   -            556 4619at3041           -            462     3e-25   87.6   0.2   2   3     1e-05    0.0013   16.3   0.0    25    79   113   172   104   210 0.77 -
scaffold6.g2740.t1   -            556 4619at3041           -            462     3e-25   87.6   0.2   3   3   9.3e-10   1.1e-07   29.7   0.0   115   189   421   501   411   521 0.82 -
scaffold3.g6549.t1   -            454 4619at3041           -            462   5.4e-19   67.0   0.1   1   1   6.2e-21   7.7e-19   66.5   0.1   116   276    34   195    23   206 0.87 -
scaffold2.g7204.t1   -            481 4619at3041           -            462   2.4e-18   64.9   0.0   1   3   3.9e-11   4.8e-09   34.2   0.0   167   273    39   144    32   154 0.88 -
scaffold2.g7204.t1   -            481 4619at3041           -            462   2.4e-18   64.9   0.0   2   3       0.5        62    0.9   0.0   118   189   167   240   163   259 0.66 -
scaffold2.g7204.t1   -            481 4619at3041           -            462   2.4e-18   64.9   0.0   3   3   1.4e-08   1.8e-06   25.7   0.0   190   270   326   405   320   423 0.83 -
scaffold14.g1215.t1  -            793 4619at3041           -            462   2.9e-18   64.6   2.5   1   4   3.2e-09     4e-07   27.9   0.0   153   255    52   156     9   178 0.87 -
scaffold14.g1215.t1  -            793 4619at3041           -            462   2.9e-18   64.6   2.5   2   4       1.8   2.2e+02   -0.9   0.0   116   138   187   209   180   211 0.81 -
scaffold14.g1215.t1  -            793 4619at3041           -            462   2.9e-18   64.6   2.5   3   4   8.4e-05      0.01   13.3   0.2   220   281   264   324   256   330 0.76 -
scaffold14.g1215.t1  -            793 4619at3041           -            462   2.9e-18   64.6   2.5   4   4   3.8e-06   0.00048   17.7   0.1   384   406   475   497   463   506 0.86 -
scaffold5.g789.t1    -            534 4619at3041           -            462   3.7e-18   64.2   0.2   1   2   2.2e-09   2.7e-07   28.4   0.0     2    76   267   348   266   355 0.79 -
scaffold5.g789.t1    -            534 4619at3041           -            462   3.7e-18   64.2   0.2   2   2   7.7e-11   9.6e-09   33.2   0.1   190   272   360   444   355   449 0.83 -
scaffold14.g1281.t1  -            568 4619at3041           -            462   4.4e-18   64.0   3.7   1   2   1.6e-16     2e-14   52.0   0.9   118   293   145   328   137   329 0.86 -
scaffold14.g1281.t1  -            568 4619at3041           -            462   4.4e-18   64.0   3.7   2   2   4.3e-05    0.0053   14.3   0.1     3    59   325   378   323   396 0.83 -
scaffold3.g6321.t1   -            516 4619at3041           -            462   5.5e-17   60.4   0.3   1   2   9.2e-11   1.1e-08   33.0   0.1   115   255    18   171    14   182 0.80 -
scaffold3.g6321.t1   -            516 4619at3041           -            462   5.5e-17   60.4   0.3   2   2   5.6e-08   6.9e-06   23.8   0.0   113   186   426   498   406   513 0.78 -
scaffold3.g6612.t1   -            363 4619at3041           -            462   1.3e-15   55.8   0.0   1   2   2.2e-12   2.8e-10   38.3   0.0     3   181    25   217    23   217 0.72 -
scaffold3.g6612.t1   -            363 4619at3041           -            462   1.3e-15   55.8   0.0   2   2   0.00055     0.068   10.6   0.0    18    70   298   356   291   362 0.77 -
scaffold6.g2695.t1   -            333 4619at3041           -            462   1.5e-14   52.4   0.0   1   1   1.9e-16   2.3e-14   51.7   0.0   102   277    19   198     6   222 0.85 -
scaffold2.g6782.t1   -            750 4619at3041           -            462   6.4e-14   50.3   0.0   1   4    0.0016       0.2    9.1   0.0   197   265   103   170    87   187 0.64 -
scaffold2.g6782.t1   -            750 4619at3041           -            462   6.4e-14   50.3   0.0   2   4   1.8e-08   2.2e-06   25.4   0.0   193   269   193   269   184   302 0.88 -
scaffold2.g6782.t1   -            750 4619at3041           -            462   6.4e-14   50.3   0.0   3   4       2.4     3e+02   -1.4   0.0   382   407   305   330   286   332 0.71 -
scaffold2.g6782.t1   -            750 4619at3041           -            462   6.4e-14   50.3   0.0   4   4   0.00051     0.063   10.7   0.0   198   253   385   440   379   458 0.89 -
scaffold3.g6498.t1   -            733 4619at3041           -            462   6.5e-13   46.9   0.0   1   2     1e-08   1.3e-06   26.2   0.0     3    79    17    99    16   110 0.85 -
scaffold3.g6498.t1   -            733 4619at3041           -            462   6.5e-13   46.9   0.0   2   2     2e-06   0.00025   18.7   0.0     4    75   156   233   153   241 0.86 -
scaffold18.g2035.t1  -            594 4619at3041           -            462   6.6e-13   46.9   0.4   1   3   1.8e-09   2.2e-07   28.7   0.0   193   286   110   208   103   213 0.82 -
scaffold18.g2035.t1  -            594 4619at3041           -            462   6.6e-13   46.9   0.4   2   3    0.0042      0.52    7.7   0.0   115   184   249   323   246   327 0.77 -
scaffold18.g2035.t1  -            594 4619at3041           -            462   6.6e-13   46.9   0.4   3   3     0.016         2    5.8   0.0    17    66   526   572   519   583 0.78 -
scaffold6.g2503.t1   -            418 4619at3041           -            462   7.8e-13   46.7   0.0   1   1   1.1e-14   1.3e-12   46.0   0.0   196   272   211   286   204   291 0.91 -
scaffold8.g1571.t1   -            686 4619at3041           -            462   1.5e-12   45.8   0.0   1   2   7.5e-07   9.3e-05   20.1   0.0   113   182   440   514   432   524 0.58 -
scaffold8.g1571.t1   -            686 4619at3041           -            462   1.5e-12   45.8   0.0   2   2   7.2e-08   8.9e-06   23.4   0.0   195   255   543   603   535   609 0.90 -
scaffold2.g7263.t1   -           1316 4619at3041           -            462   1.6e-12   45.7   0.0   1   2   1.1e-08   1.4e-06   26.1   0.0   116   273    28   190    24   200 0.80 -
scaffold2.g7263.t1   -           1316 4619at3041           -            462   1.6e-12   45.7   0.0   2   2   9.2e-06    0.0011   16.5   0.0     3    79   203   286   201   290 0.81 -
scaffold8.g1735.t1   -            555 4619at3041           -            462   2.8e-12   44.9   0.0   1   2   1.7e-10   2.2e-08   32.0   0.0   117   276    23   201    21   206 0.70 -
scaffold8.g1735.t1   -            555 4619at3041           -            462   2.8e-12   44.9   0.0   2   2    0.0014      0.17    9.3   0.0     3    48   244   286   242   291 0.88 -
scaffold1.g5468.t1   -            474 4619at3041           -            462   2.1e-11   42.0   0.0   1   3    0.0027      0.34    8.3   0.0   196   267    29    98    23   111 0.84 -
scaffold1.g5468.t1   -            474 4619at3041           -            462   2.1e-11   42.0   0.0   2   3    0.0033      0.41    8.0   0.0   112   175   121   186   106   222 0.69 -
scaffold1.g5468.t1   -            474 4619at3041           -            462   2.1e-11   42.0   0.0   3   3     2e-07   2.5e-05   21.9   0.0   195   260   313   377   306   394 0.84 -
scaffold3.g6185.t1   -            461 4619at3041           -            462     3e-10   38.2   0.0   1   1   3.5e-12   4.3e-10   37.6   0.0     3    70    10    84     7    88 0.67 -
scaffold9.g3232.t1   -           1007 4619at3041           -            462   9.2e-10   36.6   0.3   1   3       4.9   6.1e+02   -2.4   2.5   428   454    60    86    57    90 0.88 -
scaffold9.g3232.t1   -           1007 4619at3041           -            462   9.2e-10   36.6   0.3   2   3   0.00074     0.092   10.2   0.0   195   252   521   578   516   584 0.91 -
scaffold9.g3232.t1   -           1007 4619at3041           -            462   9.2e-10   36.6   0.3   3   3   2.1e-07   2.6e-05   21.9   0.0   199   256   662   719   651   733 0.83 -
scaffold22.g6156.t1  -            701 4619at3041           -            462   2.7e-09   35.0   0.0   1   1   4.4e-11   5.5e-09   34.0   0.0   193   268   221   295   217   302 0.87 -
scaffold2.g6971.t1   -            288 4619at3041           -            462   3.3e-09   34.7   0.0   1   1   3.9e-11   4.8e-09   34.2   0.0   191   284    29   122    22   130 0.79 -
scaffold8.g1610.t1   -            178 4619at3041           -            462   3.5e-09   34.7   0.0   1   2   6.6e-11   8.1e-09   33.4   0.0   192   273    16    96     6   104 0.87 -
scaffold8.g1610.t1   -            178 4619at3041           -            462   3.5e-09   34.7   0.0   2   2       2.9   3.7e+02   -1.7   0.0    49    85   112   148   100   167 0.59 -
scaffold3.g6387.t1   -            323 4619at3041           -            462   1.3e-08   32.7   0.7   1   2   3.4e-07   4.2e-05   21.2   0.1   184   270    59   141    46   147 0.82 -
scaffold3.g6387.t1   -            323 4619at3041           -            462   1.3e-08   32.7   0.7   2   2   0.00087      0.11   10.0   0.1   191   265   163   234   147   244 0.68 -
scaffold20.g7692.t1  -            352 4619at3041           -            462   1.6e-08   32.4   0.0   1   1   2.4e-10     3e-08   31.6   0.0     2    60   267   328   266   334 0.87 -
scaffold2.g7392.t1   -            300 4619at3041           -            462   2.9e-08   31.6   0.0   1   1   3.1e-10   3.8e-08   31.2   0.0     3    76    42   121    35   140 0.76 -
scaffold4.g4801.t1   -            609 4619at3041           -            462   3.7e-08   31.3   0.3   1   1   1.1e-09   1.4e-07   29.4   0.3   122   285    43   201    36   209 0.83 -
scaffold4.g4859.t1   -            983 4619at3041           -            462   4.8e-08   30.9   0.0   1   1   8.3e-10     1e-07   29.8   0.0   192   275   381   463   372   471 0.87 -
scaffold19.g1776.t1  -            315 4619at3041           -            462   1.5e-07   29.3   0.5   1   2       8.4     1e+03   -3.2   0.0   385   396    50    61    40    69 0.70 -
scaffold19.g1776.t1  -            315 4619at3041           -            462   1.5e-07   29.3   0.5   2   2     2e-09   2.5e-07   28.6   0.1     4    69   238   309   236   314 0.77 -
scaffold8.g1397.t1   -           1685 4619at3041           -            462   2.6e-07   28.5  16.5   1   2   9.7e-09   1.2e-06   26.3   0.0   193   276  1261  1341  1224  1353 0.69 -
scaffold8.g1397.t1   -           1685 4619at3041           -            462   2.6e-07   28.5  16.5   2   2   5.5e-05    0.0069   13.9   0.4     3    57  1360  1421  1356  1451 0.70 -
scaffold1.g5671.t1   -            233 4619at3041           -            462   6.7e-07   27.1   0.1   1   2   1.4e-05    0.0017   15.9   0.1   194   282    56   145    48   156 0.81 -
scaffold1.g5671.t1   -            233 4619at3041           -            462   6.7e-07   27.1   0.1   2   2     0.001      0.13    9.7   0.0   191   254   154   213   147   231 0.78 -
scaffold27.g5987.t1  -           1402 4619at3041           -            462   7.7e-07   26.9   0.1   1   3      0.22        27    2.1   0.0    14    59    24    66    16    88 0.74 -
scaffold27.g5987.t1  -           1402 4619at3041           -            462   7.7e-07   26.9   0.1   2   3   5.4e-06   0.00067   17.2   0.0   207   254   414   461   391   482 0.81 -
scaffold27.g5987.t1  -           1402 4619at3041           -            462   7.7e-07   26.9   0.1   3   3       0.1        13    3.1   0.0     5    64   699   754   696   775 0.80 -
scaffold7.g3588.t1   -            605 4619at3041           -            462   7.9e-07   26.9   0.0   1   1   6.4e-09   7.9e-07   26.9   0.0   202   271    62   130    53   143 0.90 -
scaffold3.g6761.t1   -            500 4619at3041           -            462   1.3e-06   26.2   0.0   1   1   1.6e-08     2e-06   25.6   0.0     3    73   277   349   269   353 0.82 -
scaffold3.g6354.t1   -            587 4619at3041           -            462   1.7e-06   25.8   0.1   1   1   2.2e-08   2.7e-06   25.1   0.1   191   275   348   433   320   441 0.81 -
scaffold8.g1651.t1   -            486 4619at3041           -            462   2.3e-06   25.4   0.0   1   2      0.16        20    2.5   0.0   193   227   201   232   194   247 0.76 -
scaffold8.g1651.t1   -            486 4619at3041           -            462   2.3e-06   25.4   0.0   2   2   1.8e-08   2.3e-06   25.4   0.0     3    71   327   401   300   410 0.60 -
scaffold16.g27.t1    -            536 4619at3041           -            462   2.4e-06   25.3   0.0   1   2      0.94   1.2e+02   -0.0   0.0   236   255   288   307   284   317 0.73 -
scaffold16.g27.t1    -            536 4619at3041           -            462   2.4e-06   25.3   0.0   2   2   1.3e-07   1.6e-05   22.6   0.0   210   246   429   465   423   489 0.92 -
scaffold7.g3459.t1   -            207 4619at3041           -            462   2.6e-06   25.2   0.1   1   1   3.2e-08     4e-06   24.6   0.1     5    74   129   205   126   207 0.80 -
scaffold13.g370.t1   -            239 4619at3041           -            462     4e-06   24.6   0.0   1   1   4.3e-08   5.3e-06   24.2   0.0   187   272    87   171    76   174 0.86 -
scaffold2.g6895.t1   -            149 4619at3041           -            462     4e-06   24.6   0.0   1   1   4.2e-08   5.1e-06   24.2   0.0   198   262    64   127    56   143 0.61 -
scaffold16.g39.t1    -           2463 4619at3041           -            462   4.1e-06   24.5   0.3   1   2         4     5e+02   -2.1   0.0    16    68    12    65     6    91 0.76 -
scaffold16.g39.t1    -           2463 4619at3041           -            462   4.1e-06   24.5   0.3   2   2     1e-07   1.3e-05   22.9   0.2   191   257   110   176    96   238 0.87 -
scaffold11.g3860.t1  -            234 4619at3041           -            462   4.9e-06   24.3   0.0   1   1   4.9e-08   6.1e-06   24.0   0.0     3    84   124   209   110   228 0.68 -
scaffold1.g5474.t1   -            429 4619at3041           -            462   4.9e-06   24.3   0.0   1   1   5.7e-08     7e-06   23.8   0.0   194   270   257   327   251   335 0.91 -
scaffold8.g1390.t1   -            977 4619at3041           -            462   7.6e-06   23.7   0.1   1   2       3.1   3.9e+02   -1.8   0.5   302   331   552   584   535   594 0.76 -
scaffold8.g1390.t1   -            977 4619at3041           -            462   7.6e-06   23.7   0.1   2   2   6.1e-08   7.6e-06   23.7   0.1   189   257   764   832   759   844 0.90 -
scaffold3.g6294.t1   -            188 4619at3041           -            462   7.8e-06   23.6   0.0   1   1     8e-08   9.9e-06   23.3   0.0     4   170    36    95    28   115 0.63 -
scaffold14.g1324.t1  -           1127 4619at3041           -            462   1.9e-05   22.4   0.0   1   1   2.4e-07   2.9e-05   21.7   0.0     3    59  1043  1102  1041  1111 0.88 -
scaffold27.g6020.t1  -            917 4619at3041           -            462   2.6e-05   21.9   0.0   1   1   3.1e-07   3.8e-05   21.3   0.0   196   274   285   362   261   384 0.88 -
scaffold10.g2259.t1  -            369 4619at3041           -            462   2.8e-05   21.8   4.1   1   3    0.0011      0.13    9.7   0.0     5    59     5    54     2    60 0.91 -
scaffold10.g2259.t1  -            369 4619at3041           -            462   2.8e-05   21.8   4.1   2   3      0.47        58    1.0   0.3   417   445    84   111    76   141 0.61 -
scaffold10.g2259.t1  -            369 4619at3041           -            462   2.8e-05   21.8   4.1   3   3   0.00047     0.058   10.8   0.1   236   280   188   231   183   234 0.81 -
scaffold16.g25.t1    -            811 4619at3041           -            462   3.2e-05   21.6   0.8   1   1   5.5e-07   6.8e-05   20.5   0.8   213   262   609   658   597   675 0.84 -
scaffold3.g6175.t1   -            198 4619at3041           -            462   4.8e-05   21.0   0.0   1   1     5e-07   6.2e-05   20.7   0.0     4    60     4    58     2    76 0.88 -
scaffold3.g6603.t1   -           1965 4619at3041           -            462   7.8e-05   20.3   0.1   1   1   6.3e-07   7.8e-05   20.3   0.1   112   187  1656  1735  1649  1747 0.59 -
scaffold14.g1065.t1  -            280 4619at3041           -            462   0.00012   19.7   0.0   1   1   1.7e-06   0.00021   18.9   0.0     4    69   139   210   134   223 0.57 -
scaffold2.g7081.t1   -            505 4619at3041           -            462   0.00032   18.3   0.0   1   3      0.69        85    0.4   0.0   194   254    31    89    28   110 0.80 -
scaffold2.g7081.t1   -            505 4619at3041           -            462   0.00032   18.3   0.0   2   3   6.3e-05    0.0078   13.7   0.0     5    68   271   330   261   344 0.64 -
scaffold2.g7081.t1   -            505 4619at3041           -            462   0.00032   18.3   0.0   3   3       1.9   2.3e+02   -1.0   0.0    41    60   455   474   452   491 0.79 -
scaffold8.g1600.t1   -            651 4619at3041           -            462    0.0007   17.2   0.2   1   2    0.0041      0.51    7.7   0.1   234   441    55   111    26   122 0.57 -
scaffold8.g1600.t1   -            651 4619at3041           -            462    0.0007   17.2   0.2   2   2    0.0061      0.76    7.2   0.0     3    57   148   200   130   229 0.59 -
scaffold2.g6793.t1   -            623 4619at3041           -            462    0.0011   16.5   0.1   1   2   2.8e-05    0.0035   14.9   0.0   115   255   139   272   123   308 0.76 -
scaffold2.g6793.t1   -            623 4619at3041           -            462    0.0011   16.5   0.1   2   2       3.2     4e+02   -1.8   0.0   335   352   585   602   559   609 0.63 -
scaffold4.g4664.t1   -            660 4619at3041           -            462    0.0021   15.6   0.0   1   1   2.5e-05    0.0031   15.0   0.0   198   268    48   116    21   156 0.63 -
scaffold1.g5645.t1   -            927 4619at3041           -            462     0.003   15.1   0.2   1   1   4.7e-05    0.0058   14.2   0.1   190   246   303   359   281   400 0.88 -
scaffold8.g1584.t1   -            313 4619at3041           -            462     0.004   14.7   0.0   1   2     0.061       7.6    3.9   0.0   114   176    99   161    85   186 0.66 -
scaffold8.g1584.t1   -            313 4619at3041           -            462     0.004   14.7   0.0   2   2    0.0022      0.27    8.7   0.0   381   406   264   289   253   292 0.89 -
scaffold30.g4427.t1  -            411 4619at3041           -            462    0.0043   14.6   0.0   1   1   5.7e-05    0.0071   13.9   0.0    18    66   238   283   227   294 0.84 -
scaffold2.g7211.t1   -            357 4619at3041           -            462    0.0048   14.4   0.0   1   1   5.1e-05    0.0063   14.0   0.0     6    59    42    98    31   141 0.59 -
scaffold5.g995.t1    -           1912 4619at3041           -            462    0.0092   13.5   0.1   1   2   0.00019     0.024   12.1   0.0   118   255     5   149     4   192 0.72 -
scaffold5.g995.t1    -           1912 4619at3041           -            462    0.0092   13.5   0.1   2   2         7   8.7e+02   -2.9   0.0   198   272   283   348   279   362 0.55 -
scaffold1.g5571.t1   -            889 4619at3041           -            462     0.012   13.2  10.6   1   2    0.0026      0.33    8.4   0.0   194   250   372   428   361   444 0.83 -
scaffold1.g5571.t1   -            889 4619at3041           -            462     0.012   13.2  10.6   2   2   0.00044     0.055   10.9   0.0   224   280   584   638   560   644 0.75 -
scaffold8.g1529.t1   -            544 4619at3041           -            462     0.033   11.7   0.4   1   2   0.00081       0.1   10.1   0.1   221   278    22    78     6    88 0.81 -
scaffold8.g1529.t1   -            544 4619at3041           -            462     0.033   11.7   0.4   2   2         2   2.5e+02   -1.1   0.0   234   260   135   161    94   187 0.55 -
scaffold2.g6882.t1   -            593 4619at3041           -            462      0.11    9.9   0.2   1   2      0.43        53    1.1   0.1   239   261    15    37     8    44 0.86 -
scaffold2.g6882.t1   -            593 4619at3041           -            462      0.11    9.9   0.2   2   2    0.0096       1.2    6.5   0.0   234   274   146   187   113   201 0.84 -
scaffold9.g3033.t1   -           2268 4619at3041           -            462       1.7    6.0   5.2   1   1    0.0032       0.4    8.1   0.0     7    60  1752  1806  1747  1915 0.80 -
#
# Program:         hmmsearch
# Version:         3.1b2 (February 2015)
# Pipeline mode:   SEARCH
# Query file:      /Users/catrionaharrison/Documents/Bioinformatics/rp2/Data/genomes/busco/busco_downloads/lineages/chlorophyta_odb10/hmms/4619at3041.hmm
# Target file:     /Users/catrionaharrison/Documents/Bioinformatics/rp2/Data/genomes/busco/data/a99.prot.fasta
# Option settings: hmmsearch --domtblout /Users/catrionaharrison/Documents/Bioinformatics/rp2/Data/genomes/busco/Busco_a99/run_chlorophyta_odb10/hmmer_output/initial_run_results/4619at3041.out --cpu 1 /Users/catrionaharrison/Documents/Bioinformatics/rp2/Data/genomes/busco/busco_downloads/lineages/chlorophyta_odb10/hmms/4619at3041.hmm /Users/catrionaharrison/Documents/Bioinformatics/rp2/Data/genomes/busco/data/a99.prot.fasta 
# Current dir:     /Users/catrionaharrison/Documents/Bioinformatics/rp2/Data/genomes/busco
# Date:            Fri Jul 22 14:48:46 2022
# [ok]
