#                                                                            --- full sequence --- -------------- this domain -------------   hmm coord   ali coord   env coord
# target name        accession   tlen query name           accession   qlen   E-value  score  bias   #  of  c-Evalue  i-Evalue  score  bias  from    to  from    to  from    to  acc description of target
#------------------- ---------- ----- -------------------- ---------- ----- --------- ------ ----- --- --- --------- --------- ------ ----- ----- ----- ----- ----- ----- ----- ---- ---------------------
scaffold28.g7598.t1  -            465 5444at3041           -            277  3.1e-100  334.2   0.1   1   2   1.1e-54   8.2e-52  175.4   0.2     7   142    33   198    28   203 0.90 -
scaffold28.g7598.t1  -            465 5444at3041           -            277  3.1e-100  334.2   0.1   2   2   2.3e-46   1.7e-43  148.1   0.0   139   276   217   372   212   373 0.90 -
scaffold3.g6567.t1   -           1030 5444at3041           -            277   2.7e-10   39.2   0.1   1   3   0.00088      0.66    8.4   0.0    14    74   322   380   315   422 0.79 -
scaffold3.g6567.t1   -           1030 5444at3041           -            277   2.7e-10   39.2   0.1   2   3   9.5e-08   7.2e-05   21.4   0.0    16   166   718   884   709   896 0.73 -
scaffold3.g6567.t1   -           1030 5444at3041           -            277   2.7e-10   39.2   0.1   3   3     0.081        61    1.9   0.0   203   237   899   932   889   978 0.80 -
scaffold6.g2690.t1   -            964 5444at3041           -            277   3.7e-08   32.2   0.1   1   3   1.2e-05    0.0094   14.5   0.0    13    65   189   238   182   258 0.87 -
scaffold6.g2690.t1   -            964 5444at3041           -            277   3.7e-08   32.2   0.1   2   3   0.00024      0.18   10.2   0.0    10    67   575   638   567   644 0.77 -
scaffold6.g2690.t1   -            964 5444at3041           -            277   3.7e-08   32.2   0.1   3   3     0.046        34    2.8   0.0   100   158   675   739   670   754 0.82 -
scaffold2.g6789.t1   -            777 5444at3041           -            277   1.6e-06   26.9   0.0   1   3   0.00095      0.71    8.3   0.0    14    65   146   194   136   251 0.85 -
scaffold2.g6789.t1   -            777 5444at3041           -            277   1.6e-06   26.9   0.0   2   3     0.013        10    4.5   0.0    18    63   460   511   446   517 0.75 -
scaffold2.g6789.t1   -            777 5444at3041           -            277   1.6e-06   26.9   0.0   3   3    0.0003      0.23    9.9   0.0   100   228   552   680   550   690 0.72 -
scaffold20.g7700.t1  -            970 5444at3041           -            277   1.8e-06   26.7   0.0   1   3   0.00016      0.12   10.8   0.0     9    69   289   347   284   361 0.86 -
scaffold20.g7700.t1  -            970 5444at3041           -            277   1.8e-06   26.7   0.0   2   3     0.084        64    1.9   0.0    18    63   638   689   629   695 0.68 -
scaffold20.g7700.t1  -            970 5444at3041           -            277   1.8e-06   26.7   0.0   3   3   0.00035      0.27    9.7   0.0   101   237   731   871   729   907 0.80 -
scaffold5.g983.t1    -            773 5444at3041           -            277    0.0002   19.9   0.0   1   1   4.5e-07   0.00034   19.2   0.0    47   150   436   535   431   539 0.84 -
scaffold8.g1514.t1   -            865 5444at3041           -            277    0.0095   14.5   1.8   1   2   0.00046      0.34    9.3   0.2    46    63   247   264   242   278 0.85 -
scaffold8.g1514.t1   -            865 5444at3041           -            277    0.0095   14.5   1.8   2   2     0.019        14    4.0   0.1    46    67   524   541   493   547 0.83 -
scaffold8.g1650.t1   -            628 5444at3041           -            277     0.017   13.6   0.9   1   2   9.6e-05     0.072   11.6   0.0    45   131    95   175    89   181 0.69 -
scaffold8.g1650.t1   -            628 5444at3041           -            277     0.017   13.6   0.9   2   2       0.5   3.7e+02   -0.6   0.2    45    56   415   426   409   430 0.82 -
scaffold11.g3851.t1  -            694 5444at3041           -            277     0.024   13.1   0.0   1   1   9.3e-05      0.07   11.6   0.0    37   122   258   342   235   347 0.70 -
scaffold1.g5334.t1   -            456 5444at3041           -            277     0.036   12.6   0.0   1   1   8.5e-05     0.064   11.7   0.0    42    65   175   198   150   206 0.83 -
scaffold21.g2097.t1  -            979 5444at3041           -            277     0.038   12.5   0.3   1   2    0.0024       1.8    6.9   0.0    45    69   335   355   329   387 0.80 -
scaffold21.g2097.t1  -            979 5444at3041           -            277     0.038   12.5   0.3   2   2     0.034        26    3.2   0.0    46    63   689   706   658   709 0.90 -
#
# Program:         hmmsearch
# Version:         3.1b2 (February 2015)
# Pipeline mode:   SEARCH
# Query file:      /Users/catrionaharrison/Documents/Bioinformatics/rp2/Data/genomes/busco/busco_downloads/lineages/chlorophyta_odb10/hmms/5444at3041.hmm
# Target file:     /Users/catrionaharrison/Documents/Bioinformatics/rp2/Data/genomes/busco/data/a99.prot.fasta
# Option settings: hmmsearch --domtblout /Users/catrionaharrison/Documents/Bioinformatics/rp2/Data/genomes/busco/Busco_a99/run_chlorophyta_odb10/hmmer_output/initial_run_results/5444at3041.out --cpu 1 /Users/catrionaharrison/Documents/Bioinformatics/rp2/Data/genomes/busco/busco_downloads/lineages/chlorophyta_odb10/hmms/5444at3041.hmm /Users/catrionaharrison/Documents/Bioinformatics/rp2/Data/genomes/busco/data/a99.prot.fasta 
# Current dir:     /Users/catrionaharrison/Documents/Bioinformatics/rp2/Data/genomes/busco
# Date:            Fri Jul 22 14:48:57 2022
# [ok]
