#                                                                            --- full sequence --- -------------- this domain -------------   hmm coord   ali coord   env coord
# target name        accession   tlen query name           accession   qlen   E-value  score  bias   #  of  c-Evalue  i-Evalue  score  bias  from    to  from    to  from    to  acc description of target
#------------------- ---------- ----- -------------------- ---------- ----- --------- ------ ----- --- --- --------- --------- ------ ----- ----- ----- ----- ----- ----- ----- ---- ---------------------
scaffold6.g2558.t1   -            228 5599at3041           -            194   4.4e-88  292.9   0.0   1   1   4.8e-90   5.4e-88  292.6   0.0     5   194    14   222     5   222 0.90 -
scaffold5.g878.t1    -           2296 5599at3041           -            194   8.1e-38  128.8  46.9   1  11      0.37        41    2.6   0.2    69    96   467   494   458   504 0.89 -
scaffold5.g878.t1    -           2296 5599at3041           -            194   8.1e-38  128.8  46.9   2  11   7.6e-06   0.00084   17.9   0.0    56   150   576   684   563   698 0.81 -
scaffold5.g878.t1    -           2296 5599at3041           -            194   8.1e-38  128.8  46.9   3  11      0.02       2.2    6.7   0.1    67   145   698   784   688   789 0.62 -
scaffold5.g878.t1    -           2296 5599at3041           -            194   8.1e-38  128.8  46.9   4  11       5.4     6e+02   -1.2   0.0    64    93   767   796   756   807 0.83 -
scaffold5.g878.t1    -           2296 5599at3041           -            194   8.1e-38  128.8  46.9   5  11   6.8e-05    0.0075   14.8   0.1    61   140  1069  1151  1039  1165 0.73 -
scaffold5.g878.t1    -           2296 5599at3041           -            194   8.1e-38  128.8  46.9   6  11     0.068       7.5    5.0   0.1    88   155  1202  1272  1175  1292 0.68 -
scaffold5.g878.t1    -           2296 5599at3041           -            194   8.1e-38  128.8  46.9   7  11         2   2.2e+02    0.2   0.0   112   147  1273  1308  1261  1311 0.84 -
scaffold5.g878.t1    -           2296 5599at3041           -            194   8.1e-38  128.8  46.9   8  11   0.00058     0.064   11.7   0.0    67   121  1326  1382  1320  1393 0.81 -
scaffold5.g878.t1    -           2296 5599at3041           -            194   8.1e-38  128.8  46.9   9  11     3e-09   3.3e-07   29.0   0.6    64   148  1506  1592  1477  1595 0.88 -
scaffold5.g878.t1    -           2296 5599at3041           -            194   8.1e-38  128.8  46.9  10  11   1.3e-15   1.5e-13   49.7   1.6    37   150  1581  1693  1579  1695 0.91 -
scaffold5.g878.t1    -           2296 5599at3041           -            194   8.1e-38  128.8  46.9  11  11   1.9e-09   2.1e-07   29.6   0.9    73   149  1680  1758  1679  1766 0.88 -
scaffold2.g7285.t1   -            769 5599at3041           -            194     5e-37  126.3   9.6   1   3   2.1e-17   2.3e-15   55.6   0.3    35   146     3   111     1   115 0.86 -
scaffold2.g7285.t1   -            769 5599at3041           -            194     5e-37  126.3   9.6   2   3   4.5e-11   4.9e-09   34.9   0.1    68   137    65   136    61   136 0.93 -
scaffold2.g7285.t1   -            769 5599at3041           -            194     5e-37  126.3   9.6   3   3   5.9e-18   6.5e-16   57.4   1.0    38   150   103   215   100   217 0.91 -
scaffold1.g5864.t1   -            606 5599at3041           -            194   2.7e-36  123.9  16.3   1   6   4.8e-10   5.3e-08   31.6   0.0    40   124    34   117    26   119 0.88 -
scaffold1.g5864.t1   -            606 5599at3041           -            194   2.7e-36  123.9  16.3   2   6   5.9e-07   6.6e-05   21.5   0.0    68   126   118   181   117   197 0.85 -
scaffold1.g5864.t1   -            606 5599at3041           -            194   2.7e-36  123.9  16.3   3   6     0.069       7.6    5.0   0.0   126   166   238   277   225   281 0.58 -
scaffold1.g5864.t1   -            606 5599at3041           -            194   2.7e-36  123.9  16.3   4   6     2e-09   2.2e-07   29.6   2.2    44   129   263   347   256   366 0.80 -
scaffold1.g5864.t1   -            606 5599at3041           -            194   2.7e-36  123.9  16.3   5   6     0.062       6.9    5.1   1.0    72    99   367   394   349   399 0.82 -
scaffold1.g5864.t1   -            606 5599at3041           -            194   2.7e-36  123.9  16.3   6   6   3.4e-13   3.8e-11   41.8   1.4    37   145   368   487   364   497 0.78 -
scaffold23.g4185.t1  -            832 5599at3041           -            194   3.8e-33  113.6  16.8   1   5   3.6e-11     4e-09   35.2   0.1    28   136   104   214    90   226 0.84 -
scaffold23.g4185.t1  -            832 5599at3041           -            194   3.8e-33  113.6  16.8   2   5   1.3e-08   1.5e-06   26.9   0.0    20   142   292   421   279   422 0.82 -
scaffold23.g4185.t1  -            832 5599at3041           -            194   3.8e-33  113.6  16.8   3   5   3.3e-11   3.7e-09   35.4   0.2    62   150   373   461   365   483 0.85 -
scaffold23.g4185.t1  -            832 5599at3041           -            194   3.8e-33  113.6  16.8   4   5      0.03       3.3    6.1   0.3    72   129   519   578   505   583 0.65 -
scaffold23.g4185.t1  -            832 5599at3041           -            194   3.8e-33  113.6  16.8   5   5   1.6e-10   1.8e-08   33.1   1.1    66   138   588   662   581   668 0.90 -
scaffold1.g5511.t1   -            407 5599at3041           -            194   3.4e-31  107.2  24.4   1   5     8e-13   8.8e-11   40.6   1.6    31   136    22   128    15   135 0.85 -
scaffold1.g5511.t1   -            407 5599at3041           -            194   3.4e-31  107.2  24.4   2   5   9.3e-10     1e-07   30.6   3.1    70   151   142   225   134   236 0.88 -
scaffold1.g5511.t1   -            407 5599at3041           -            194   3.4e-31  107.2  24.4   3   5   1.2e-06   0.00013   20.5   0.3    68   134   206   274   199   283 0.84 -
scaffold1.g5511.t1   -            407 5599at3041           -            194   3.4e-31  107.2  24.4   4   5   1.9e-11   2.1e-09   36.1   1.3    66   149   292   379   289   381 0.87 -
scaffold1.g5511.t1   -            407 5599at3041           -            194   3.4e-31  107.2  24.4   5   5   1.1e-05    0.0012   17.3   0.5    68   136   327   399   321   405 0.84 -
scaffold2.g7367.t1   -            627 5599at3041           -            194   7.4e-31  106.1  17.1   1   8   4.4e-08   4.9e-06   25.2   0.2    73   141    71   140    61   147 0.90 -
scaffold2.g7367.t1   -            627 5599at3041           -            194   7.4e-31  106.1  17.1   2   8   0.00039     0.043   12.3   0.3   107   150   187   230   164   232 0.78 -
scaffold2.g7367.t1   -            627 5599at3041           -            194   7.4e-31  106.1  17.1   3   8   5.5e-06   0.00061   18.3   1.0    72   140   183   257   181   266 0.83 -
scaffold2.g7367.t1   -            627 5599at3041           -            194   7.4e-31  106.1  17.1   4   8       0.2        22    3.4   0.0   114   140   271   297   262   307 0.85 -
scaffold2.g7367.t1   -            627 5599at3041           -            194   7.4e-31  106.1  17.1   5   8     5e-08   5.5e-06   25.0   0.0    35   102   338   405   314   434 0.83 -
scaffold2.g7367.t1   -            627 5599at3041           -            194   7.4e-31  106.1  17.1   6   8     0.051       5.7    5.4   0.0   107   146   431   472   404   475 0.79 -
scaffold2.g7367.t1   -            627 5599at3041           -            194   7.4e-31  106.1  17.1   7   8    0.0001     0.011   14.2   0.0   104   148   462   507   453   520 0.74 -
scaffold2.g7367.t1   -            627 5599at3041           -            194   7.4e-31  106.1  17.1   8   8     8e-07   8.9e-05   21.0   1.3    67   146   523   605   507   624 0.81 -
scaffold9.g3246.t1   -           1769 5599at3041           -            194   9.9e-30  102.5   6.8   1   6    0.0021      0.23    9.9   0.0   116   151    24    59     7    65 0.76 -
scaffold9.g3246.t1   -           1769 5599at3041           -            194   9.9e-30  102.5   6.8   2   6   8.6e-09   9.5e-07   27.5   0.0    39   149   178   288   174   291 0.85 -
scaffold9.g3246.t1   -           1769 5599at3041           -            194   9.9e-30  102.5   6.8   3   6   6.8e-06   0.00075   18.0   0.0    66   151   302   390   298   393 0.86 -
scaffold9.g3246.t1   -           1769 5599at3041           -            194   9.9e-30  102.5   6.8   4   6     4e-06   0.00044   18.8   0.0    68   146   405   489   396   495 0.78 -
scaffold9.g3246.t1   -           1769 5599at3041           -            194   9.9e-30  102.5   6.8   5   6   2.7e-05     0.003   16.1   0.1    65   147   506   589   499   594 0.88 -
scaffold9.g3246.t1   -           1769 5599at3041           -            194   9.9e-30  102.5   6.8   6   6    0.0053      0.58    8.6   0.1    46   129   873   955   855   977 0.69 -
scaffold5.g687.t1    -            923 5599at3041           -            194   5.2e-27   93.6   0.4   1   4   7.3e-14   8.1e-12   44.0   0.0    40   141    43   144    28   154 0.82 -
scaffold5.g687.t1    -            923 5599at3041           -            194   5.2e-27   93.6   0.4   2   4   1.7e-08   1.8e-06   26.5   0.0    74   142   178   250   163   275 0.74 -
scaffold5.g687.t1    -            923 5599at3041           -            194   5.2e-27   93.6   0.4   3   4       0.2        22    3.5   0.0   114   144   263   294   258   306 0.81 -
scaffold5.g687.t1    -            923 5599at3041           -            194   5.2e-27   93.6   0.4   4   4   0.00011     0.012   14.1   0.0    72   126   328   384   317   396 0.87 -
scaffold12.g8078.t1  -            364 5599at3041           -            194   7.3e-26   89.8   3.9   1   2   1.8e-18   1.9e-16   59.1   0.2     5   149    35   180    31   181 0.86 -
scaffold12.g8078.t1  -            364 5599at3041           -            194   7.3e-26   89.8   3.9   2   2   1.6e-12   1.7e-10   39.7   0.4    68   148   129   212   128   216 0.85 -
scaffold1.g5603.t1   -            356 5599at3041           -            194   6.7e-24   83.4  20.0   1   4   3.7e-12   4.1e-10   38.5   1.4    19   137    87   207    77   207 0.82 -
scaffold1.g5603.t1   -            356 5599at3041           -            194   6.7e-24   83.4  20.0   2   4   9.2e-13     1e-10   40.4   5.0    65   148   199   284   191   287 0.90 -
scaffold1.g5603.t1   -            356 5599at3041           -            194   6.7e-24   83.4  20.0   3   4   0.00017     0.019   13.5   0.2    68    95   268   295   264   299 0.89 -
scaffold1.g5603.t1   -            356 5599at3041           -            194   6.7e-24   83.4  20.0   4   4   3.1e-05    0.0034   15.9   1.2    62   116   295   350   288   356 0.80 -
scaffold5.g729.t1    -            422 5599at3041           -            194   2.1e-22   78.5   8.0   1   4   2.4e-07   2.7e-05   22.7   0.0    69   126    19    80    14   137 0.86 -
scaffold5.g729.t1    -            422 5599at3041           -            194   2.1e-22   78.5   8.0   2   4   0.00091       0.1   11.1   0.0    86   129   179   223   168   234 0.82 -
scaffold5.g729.t1    -            422 5599at3041           -            194   2.1e-22   78.5   8.0   3   4   2.3e-05    0.0025   16.3   0.1    71   122   248   300   244   307 0.85 -
scaffold5.g729.t1    -            422 5599at3041           -            194   2.1e-22   78.5   8.0   4   4   3.9e-09   4.3e-07   28.6   1.9    66   149   321   415   304   421 0.77 -
scaffold19.g1833.t1  -            174 5599at3041           -            194     8e-19   66.9   0.1   1   2   1.8e-10     2e-08   32.9   0.0    37   129    17   108     6   112 0.84 -
scaffold19.g1833.t1  -            174 5599at3041           -            194     8e-19   66.9   0.1   2   2   3.5e-12   3.9e-10   38.5   0.1    66   137    76   154    74   159 0.80 -
scaffold1.g5862.t1   -            352 5599at3041           -            194   5.7e-16   57.6  19.5   1   3   1.1e-05    0.0012   17.4   0.0    30    91     5    64     1    71 0.86 -
scaffold1.g5862.t1   -            352 5599at3041           -            194   5.7e-16   57.6  19.5   2   3   4.3e-12   4.7e-10   38.3   1.8    71   148    76   156    68   158 0.89 -
scaffold1.g5862.t1   -            352 5599at3041           -            194   5.7e-16   57.6  19.5   3   3   0.00015     0.016   13.7   0.3   113   184   154   229   151   233 0.76 -
scaffold28.g7578.t1  -            380 5599at3041           -            194     6e-16   57.5  10.3   1   4   6.9e-07   7.6e-05   21.3   0.0    38   137    61   161    57   161 0.82 -
scaffold28.g7578.t1  -            380 5599at3041           -            194     6e-16   57.5  10.3   2   4   7.2e-09     8e-07   27.7   0.1    65   141   153   232   142   237 0.86 -
scaffold28.g7578.t1  -            380 5599at3041           -            194     6e-16   57.5  10.3   3   4     0.016       1.7    7.0   0.1    63    99   253   289   239   291 0.86 -
scaffold28.g7578.t1  -            380 5599at3041           -            194     6e-16   57.5  10.3   4   4    0.0013      0.14   10.6   4.5    32   141   258   367   256   375 0.77 -
scaffold18.g1939.t1  -            186 5599at3041           -            194   2.3e-13   49.1   0.5   1   1   2.6e-15   2.9e-13   48.7   0.5    35   146    10   120     1   128 0.87 -
scaffold13.g358.t1   -           1075 5599at3041           -            194   2.4e-13   49.0   5.4   1   3       6.1   6.8e+02   -1.4   0.0    66    91    56    81    51    91 0.71 -
scaffold13.g358.t1   -           1075 5599at3041           -            194   2.4e-13   49.0   5.4   2   3   4.9e-12   5.4e-10   38.1   0.3    55   150   226   326   206   339 0.83 -
scaffold13.g358.t1   -           1075 5599at3041           -            194   2.4e-13   49.0   5.4   3   3   0.00052     0.058   11.9   0.3    82   142   339   401   331   433 0.74 -
scaffold13.g163.t1   -            360 5599at3041           -            194   4.5e-13   48.1   2.9   1   3    0.0027       0.3    9.5   0.0    73   153    98   188    90   201 0.68 -
scaffold13.g163.t1   -            360 5599at3041           -            194   4.5e-13   48.1   2.9   2   3   5.5e-05    0.0061   15.1   0.2    72   141   210   274   205   278 0.78 -
scaffold13.g163.t1   -            360 5599at3041           -            194   4.5e-13   48.1   2.9   3   3   4.6e-07   5.1e-05   21.8   0.0   114   170   300   348   289   355 0.88 -
scaffold1.g5549.t1   -            177 5599at3041           -            194   1.9e-12   46.1   1.7   1   1   2.6e-14   2.9e-12   45.5   1.7    39   148    35   148    14   151 0.84 -
scaffold4.g4958.t1   -            548 5599at3041           -            194   5.1e-12   44.7   4.7   1   3   1.2e-07   1.3e-05   23.7   1.0    67   149    13   100     7   101 0.90 -
scaffold4.g4958.t1   -            548 5599at3041           -            194   5.1e-12   44.7   4.7   2   3   1.8e-05     0.002   16.7   0.1    70   145    48   129    46   135 0.82 -
scaffold4.g4958.t1   -            548 5599at3041           -            194   5.1e-12   44.7   4.7   3   3   1.9e-06   0.00021   19.8   0.2    75   133   142   201   132   207 0.89 -
scaffold2.g7178.t1   -            851 5599at3041           -            194     7e-12   44.2  15.9   1   8       1.4   1.5e+02    0.7   0.1    68   101    50    83    43   104 0.75 -
scaffold2.g7178.t1   -            851 5599at3041           -            194     7e-12   44.2  15.9   2   8       6.4   7.1e+02   -1.5   0.0    65    94   118   147   104   158 0.80 -
scaffold2.g7178.t1   -            851 5599at3041           -            194     7e-12   44.2  15.9   3   8       4.5     5e+02   -1.0   0.0   108   133   186   211   176   222 0.76 -
scaffold2.g7178.t1   -            851 5599at3041           -            194     7e-12   44.2  15.9   4   8       1.3   1.4e+02    0.8   0.0    67    96   372   401   363   403 0.82 -
scaffold2.g7178.t1   -            851 5599at3041           -            194     7e-12   44.2  15.9   5   8   7.6e-06   0.00084   17.9   0.0    60   131   391   467   385   477 0.79 -
scaffold2.g7178.t1   -            851 5599at3041           -            194     7e-12   44.2  15.9   6   8       5.9   6.5e+02   -1.3   0.2    70    93   620   643   617   653 0.83 -
scaffold2.g7178.t1   -            851 5599at3041           -            194     7e-12   44.2  15.9   7   8   5.5e-05    0.0061   15.1   0.2    67    96   683   712   676   721 0.85 -
scaffold2.g7178.t1   -            851 5599at3041           -            194     7e-12   44.2  15.9   8   8   7.2e-05     0.008   14.7   0.0   104   140   779   815   752   839 0.87 -
scaffold10.g2257.t1  -           5426 5599at3041           -            194   9.5e-11   40.5   0.2   1   2   8.8e-09   9.8e-07   27.4   0.0    58   123  4626  4691  4573  4695 0.76 -
scaffold10.g2257.t1  -           5426 5599at3041           -            194   9.5e-11   40.5   0.2   2   2    0.0014      0.16   10.5   0.0    64   103  4733  4772  4724  4775 0.89 -
scaffold9.g3100.t1   -            907 5599at3041           -            194   1.1e-10   40.3   7.1   1   2   4.2e-07   4.6e-05   22.0   0.3    67   158   297   397   290   411 0.81 -
scaffold9.g3100.t1   -            907 5599at3041           -            194   1.1e-10   40.3   7.1   2   2   1.4e-05    0.0015   17.0   3.0    65   108   410   453   398   488 0.81 -
scaffold13.g306.t1   -            424 5599at3041           -            194   6.8e-10   37.7   0.4   1   1   1.4e-11   1.5e-09   36.6   0.4    35   147   166   282   162   297 0.85 -
scaffold5.g937.t1    -            668 5599at3041           -            194   1.3e-09   36.8   6.3   1   3     0.039       4.3    5.8   0.1   137   181   336   380   261   384 0.92 -
scaffold5.g937.t1    -            668 5599at3041           -            194   1.3e-09   36.8   6.3   2   3   4.7e-08   5.2e-06   25.1   0.3    66   149   412   497   401   500 0.85 -
scaffold5.g937.t1    -            668 5599at3041           -            194   1.3e-09   36.8   6.3   3   3     0.011       1.2    7.6   0.1    68   144   519   604   515   609 0.72 -
scaffold8.g1538.t1   -            245 5599at3041           -            194   3.2e-09   35.5   1.3   1   1   4.4e-11   4.9e-09   34.9   1.3    72   147   134   211   127   227 0.88 -
scaffold4.g5048.t1   -            801 5599at3041           -            194   1.1e-08   33.8   0.3   1   3       5.2   5.8e+02   -1.2   0.0    92   118   142   168   134   170 0.82 -
scaffold4.g5048.t1   -            801 5599at3041           -            194   1.1e-08   33.8   0.3   2   3   5.2e-09   5.8e-07   28.2   0.1    34   146   580   701   564   708 0.78 -
scaffold4.g5048.t1   -            801 5599at3041           -            194   1.1e-08   33.8   0.3   3   3       1.7   1.8e+02    0.4   0.0   108   150   743   786   737   789 0.82 -
scaffold24.g2976.t1  -            650 5599at3041           -            194   1.4e-08   33.4  12.9   1   3   1.1e-05    0.0012   17.3   0.0    63   131    11    81     2    88 0.76 -
scaffold24.g2976.t1  -            650 5599at3041           -            194   1.4e-08   33.4  12.9   2   3     0.018         2    6.8   0.0    70   102    99   131    92   136 0.82 -
scaffold24.g2976.t1  -            650 5599at3041           -            194   1.4e-08   33.4  12.9   3   3     9e-05      0.01   14.4   0.2    68   137   191   263   177   314 0.81 -
scaffold5.g853.t1    -            945 5599at3041           -            194   2.7e-08   32.5   1.0   1   2   2.4e-10   2.7e-08   32.5   1.0    55   147   621   712   596   715 0.81 -
scaffold5.g853.t1    -            945 5599at3041           -            194   2.7e-08   32.5   1.0   2   2      0.17        18    3.7   3.3    45   131   709   801   706   814 0.73 -
scaffold21.g2123.t1  -           2115 5599at3041           -            194   5.9e-08   31.4  18.7   1   5   0.00044     0.049   12.1   0.6    48   124   170   259   154   267 0.63 -
scaffold21.g2123.t1  -           2115 5599at3041           -            194   5.9e-08   31.4  18.7   2   5    0.0089      0.99    7.8   1.1    67   149   327   418   312   424 0.78 -
scaffold21.g2123.t1  -           2115 5599at3041           -            194   5.9e-08   31.4  18.7   3   5       0.5        55    2.1   0.1    68   141   518   595   498   624 0.72 -
scaffold21.g2123.t1  -           2115 5599at3041           -            194   5.9e-08   31.4  18.7   4   5   0.00071     0.079   11.4   0.1    71   150   687   771   666   774 0.78 -
scaffold21.g2123.t1  -           2115 5599at3041           -            194   5.9e-08   31.4  18.7   5   5   0.00022     0.025   13.1   0.3    68   144   753   835   749   840 0.83 -
scaffold15.g4209.t1  -            337 5599at3041           -            194   7.5e-08   31.1   6.3   1   1     1e-09   1.1e-07   30.5   6.3    35   143    67   177    60   187 0.86 -
scaffold1.g5813.t1   -           2131 5599at3041           -            194   1.3e-07   30.3   3.2   1   4       2.1   2.3e+02    0.1   0.2    78   157    13    92     8   113 0.86 -
scaffold1.g5813.t1   -           2131 5599at3041           -            194   1.3e-07   30.3   3.2   2   4       5.9   6.5e+02   -1.4   0.0    68    89   877   898   872   914 0.89 -
scaffold1.g5813.t1   -           2131 5599at3041           -            194   1.3e-07   30.3   3.2   3   4   8.9e-08   9.8e-06   24.2   0.1    71   135  1096  1162  1090  1177 0.89 -
scaffold1.g5813.t1   -           2131 5599at3041           -            194   1.3e-07   30.3   3.2   4   4      0.53        59    2.0   0.0   113   138  1245  1270  1236  1301 0.64 -
scaffold1.g5208.t1   -            555 5599at3041           -            194   5.3e-07   28.3   4.7   1   3   0.00015     0.017   13.6   0.5   106   149    49    92     5    95 0.89 -
scaffold1.g5208.t1   -            555 5599at3041           -            194   5.3e-07   28.3   4.7   2   3   1.8e-06    0.0002   19.9   1.6    43   144    53   154    49   161 0.77 -
scaffold1.g5208.t1   -            555 5599at3041           -            194   5.3e-07   28.3   4.7   3   3   0.00014     0.016   13.7   0.3    67   165   107   200   100   216 0.78 -
scaffold14.g1103.t1  -            274 5599at3041           -            194   7.4e-07   27.8   1.5   1   2    0.0002     0.022   13.2   0.2    67   108    18    60     3    66 0.71 -
scaffold14.g1103.t1  -            274 5599at3041           -            194   7.4e-07   27.8   1.5   2   2   0.00013     0.015   13.8   0.1    66   105    65   104    58   135 0.74 -
scaffold2.g7511.t1   -           1356 5599at3041           -            194   7.6e-07   27.8   0.2   1   1     2e-08   2.2e-06   26.3   0.2    69   145    52   132    37   140 0.87 -
scaffold14.g1235.t1  -            379 5599at3041           -            194     1e-06   27.4   0.0   1   1     2e-08   2.2e-06   26.3   0.0    35    98     7    69     5    97 0.86 -
scaffold10.g2298.t1  -           1124 5599at3041           -            194   1.1e-06   27.3   3.8   1   1   3.4e-08   3.8e-06   25.5   3.8    37   139     9   113     3   121 0.79 -
scaffold8.g1729.t1   -            251 5599at3041           -            194   1.3e-06   27.1   0.4   1   2   4.2e-08   4.7e-06   25.2   0.1    36   145     5   116     2   123 0.76 -
scaffold8.g1729.t1   -            251 5599at3041           -            194   1.3e-06   27.1   0.4   2   2       4.3   4.8e+02   -0.9   0.0    67    93   142   167   120   187 0.68 -
scaffold6.g2642.t1   -            309 5599at3041           -            194   1.4e-06   26.9   0.0   1   1   2.2e-08   2.4e-06   26.1   0.0    70   144    10    87     2    93 0.86 -
scaffold29.g5967.t1  -            779 5599at3041           -            194   3.1e-06   25.8   0.5   1   4         3   3.3e+02   -0.4   0.0    66   105   124   163    98   185 0.74 -
scaffold29.g5967.t1  -            779 5599at3041           -            194   3.1e-06   25.8   0.5   2   4     8e-06   0.00089   17.8   0.1    64   141   199   287   186   315 0.76 -
scaffold29.g5967.t1  -            779 5599at3041           -            194   3.1e-06   25.8   0.5   3   4       3.3   3.6e+02   -0.5   0.0   111   140   297   326   285   333 0.78 -
scaffold29.g5967.t1  -            779 5599at3041           -            194   3.1e-06   25.8   0.5   4   4      0.63        70    1.8   0.0   116   134   387   405   377   416 0.86 -
scaffold20.g7800.t1  -            252 5599at3041           -            194   3.8e-06   25.5   1.4   1   1   7.8e-08   8.7e-06   24.3   1.4    36   104   154   219   130   230 0.68 -
scaffold1.g5884.t1   -            430 5599at3041           -            194   1.1e-05   24.0   2.0   1   3     0.012       1.4    7.4   0.0    72   134     6    78     2    96 0.78 -
scaffold1.g5884.t1   -            430 5599at3041           -            194   1.1e-05   24.0   2.0   2   3   0.00015     0.017   13.6   0.8    68   142   105   190    98   196 0.72 -
scaffold1.g5884.t1   -            430 5599at3041           -            194   1.1e-05   24.0   2.0   3   3       7.7   8.5e+02   -1.7   0.0   112   126   221   235   212   246 0.85 -
scaffold23.g4094.t1  -            319 5599at3041           -            194   1.1e-05   24.0   4.6   1   2   6.4e-07     7e-05   21.4   0.5    35   146     6   119     3   123 0.82 -
scaffold23.g4094.t1  -            319 5599at3041           -            194   1.1e-05   24.0   4.6   2   2      0.12        13    4.2   0.3    68   137   174   247   148   252 0.80 -
scaffold7.g3716.t1   -            444 5599at3041           -            194   1.3e-05   23.7   0.1   1   1   2.2e-07   2.4e-05   22.9   0.1    72   145    24   100    14   125 0.83 -
scaffold6.g2746.t1   -            314 5599at3041           -            194   1.4e-05   23.7   1.9   1   2   1.7e-06   0.00019   20.0   1.6    67   150   144   231   128   232 0.85 -
scaffold6.g2746.t1   -            314 5599at3041           -            194   1.4e-05   23.7   1.9   2   2      0.72        79    1.6   0.0   117   143   231   257   229   272 0.82 -
scaffold8.g1737.t1   -            290 5599at3041           -            194   1.5e-05   23.6   0.2   1   2     7e-07   7.8e-05   21.2   0.0    35   145     4   116     2   121 0.84 -
scaffold8.g1737.t1   -            290 5599at3041           -            194   1.5e-05   23.6   0.2   2   2     0.011       1.2    7.5   0.1    65    94   100   129    95   182 0.83 -
scaffold8.g1605.t1   -            131 5599at3041           -            194   1.9e-05   23.2   0.0   1   1   2.1e-07   2.3e-05   22.9   0.0    40   119    45   123    31   127 0.84 -
scaffold8.g1698.t1   -            352 5599at3041           -            194   2.2e-05   23.0   5.4   1   2    0.0075      0.83    8.1   0.8    69   122    36    97     3   108 0.69 -
scaffold8.g1698.t1   -            352 5599at3041           -            194   2.2e-05   23.0   5.4   2   2   1.7e-05    0.0019   16.7   1.4    56   127    97   170    79   175 0.80 -
scaffold12.g7962.t1  -            560 5599at3041           -            194   3.3e-05   22.4   1.6   1   4    0.0051      0.56    8.6   0.0    29    93     6    69     2    83 0.85 -
scaffold12.g7962.t1  -            560 5599at3041           -            194   3.3e-05   22.4   1.6   2   4       2.4   2.7e+02   -0.1   0.0    71    92   101   122    86   129 0.81 -
scaffold12.g7962.t1  -            560 5599at3041           -            194   3.3e-05   22.4   1.6   3   4    0.0022      0.24    9.8   0.1    64    94   151   181   140   190 0.87 -
scaffold12.g7962.t1  -            560 5599at3041           -            194   3.3e-05   22.4   1.6   4   4       7.5   8.3e+02   -1.7   0.0    71    96   205   231   197   236 0.76 -
scaffold8.g1680.t1   -            253 5599at3041           -            194   4.3e-05   22.1   0.1   1   1   6.6e-07   7.3e-05   21.3   0.1    37   125     6    97     3   110 0.83 -
scaffold8.g1648.t1   -            248 5599at3041           -            194   4.6e-05   22.0   0.8   1   1   6.2e-07   6.8e-05   21.4   0.8    71   143    73   147    64   159 0.89 -
scaffold8.g1608.t1   -            317 5599at3041           -            194     9e-05   21.0   0.1   1   1   1.2e-06   0.00013   20.5   0.1    40   121    45   125    37   150 0.84 -
scaffold6.g2826.t1   -            203 5599at3041           -            194   0.00013   20.5   0.0   1   1   1.6e-06   0.00018   20.0   0.0    68   144    44   123     9   130 0.84 -
scaffold23.g4086.t1  -            250 5599at3041           -            194   0.00019   19.9   4.4   1   2    0.0038      0.42    9.1   0.5    71   125     4    61     2    68 0.69 -
scaffold23.g4086.t1  -            250 5599at3041           -            194   0.00019   19.9   4.4   2   2    0.0005     0.055   11.9   0.3    75   151    76   151    65   155 0.77 -
scaffold8.g1679.t1   -            258 5599at3041           -            194   0.00025   19.6   0.4   1   1   7.2e-06    0.0008   17.9   0.4    37   146     6   118     2   122 0.75 -
scaffold25.g5083.t1  -            400 5599at3041           -            194   0.00035   19.1   1.6   1   1   6.2e-06   0.00069   18.1   1.6    71   149    50   131    32   157 0.80 -
scaffold6.g2844.t1   -            210 5599at3041           -            194   0.00043   18.8   0.1   1   1   1.3e-05    0.0014   17.2   0.1    65   140    24   112    20   125 0.74 -
scaffold8.g1709.t1   -            283 5599at3041           -            194   0.00049   18.6   0.5   1   2     0.067       7.4    5.0   0.1   114   150    17    53     3    58 0.69 -
scaffold8.g1709.t1   -            283 5599at3041           -            194   0.00049   18.6   0.5   2   2   0.00086     0.096   11.2   0.0    59   130    65   139    57   154 0.78 -
scaffold20.g7646.t1  -            998 5599at3041           -            194   0.00063   18.3   9.5   1   5       7.6   8.4e+02   -1.7   0.0    69    95    45    72    39    78 0.78 -
scaffold20.g7646.t1  -            998 5599at3041           -            194   0.00063   18.3   9.5   2   5      0.43        47    2.4   0.5    26    91    83   143    58   150 0.75 -
scaffold20.g7646.t1  -            998 5599at3041           -            194   0.00063   18.3   9.5   3   5   9.4e-05      0.01   14.3   0.4    68   129   328   391   320   403 0.68 -
scaffold20.g7646.t1  -            998 5599at3041           -            194   0.00063   18.3   9.5   4   5       7.6   8.4e+02   -1.7   0.0    69    98   414   443   403   449 0.59 -
scaffold20.g7646.t1  -            998 5599at3041           -            194   0.00063   18.3   9.5   5   5      0.15        16    3.9   0.0    65   128   486   554   477   572 0.68 -
scaffold22.g6107.t1  -           3703 5599at3041           -            194   0.00074   18.0   0.1   1   1   3.2e-05    0.0035   15.8   0.1    29    96   888   955   878   966 0.92 -
scaffold12.g8174.t1  -           1216 5599at3041           -            194    0.0011   17.4   0.1   1   1   4.2e-05    0.0047   15.4   0.1    66   123    40    99    35   115 0.81 -
scaffold10.g2390.t1  -            687 5599at3041           -            194    0.0013   17.2  14.2   1   5      0.02       2.2    6.7   0.3    68    95   132   159   127   165 0.91 -
scaffold10.g2390.t1  -            687 5599at3041           -            194    0.0013   17.2  14.2   2   5       6.6   7.3e+02   -1.5   0.3    69    91   185   207   178   212 0.87 -
scaffold10.g2390.t1  -            687 5599at3041           -            194    0.0013   17.2  14.2   3   5      0.37        41    2.6   0.0    68    96   242   270   235   277 0.87 -
scaffold10.g2390.t1  -            687 5599at3041           -            194    0.0013   17.2  14.2   4   5      0.53        58    2.1   0.1    70   140   289   355   283   363 0.77 -
scaffold10.g2390.t1  -            687 5599at3041           -            194    0.0013   17.2  14.2   5   5    0.0004     0.044   12.2   0.0    50   128   366   451   361   470 0.77 -
scaffold8.g1713.t1   -            311 5599at3041           -            194    0.0017   16.8   1.0   1   2   0.00014     0.015   13.8   0.2    36   138     5   109     2   122 0.75 -
scaffold8.g1713.t1   -            311 5599at3041           -            194    0.0017   16.8   1.0   2   2      0.37        41    2.6   0.1    65   119   100   157    85   163 0.71 -
scaffold8.g1706.t1   -            313 5599at3041           -            194    0.0021   16.6   0.0   1   1   3.2e-05    0.0035   15.8   0.0    37   149    21   134    18   146 0.82 -
scaffold2.g7156.t1   -            857 5599at3041           -            194    0.0026   16.2   0.1   1   1   0.00097      0.11   11.0   0.0    35   147   655   761   642   766 0.69 -
scaffold4.g4759.t1   -           1638 5599at3041           -            194    0.0033   15.9   5.6   1   1   5.5e-05    0.0061   15.1   5.6    68   142    77   154    42   167 0.76 -
scaffold8.g1694.t1   -            318 5599at3041           -            194    0.0036   15.8   9.3   1   2       0.2        22    3.4   1.0    72   146     7    86     2    91 0.70 -
scaffold8.g1694.t1   -            318 5599at3041           -            194    0.0036   15.8   9.3   2   2   4.9e-05    0.0054   15.2   1.5    65   147   103   189    94   196 0.80 -
scaffold5.g676.t1    -            248 5599at3041           -            194    0.0076   14.7   0.9   1   1    0.0001     0.011   14.2   0.9    70   123    18    74     8   113 0.79 -
scaffold5.g611.t1    -            469 5599at3041           -            194     0.011   14.3   0.0   1   1   0.00018     0.019   13.4   0.0    71   136    49   121    42   129 0.78 -
scaffold8.g1717.t1   -            266 5599at3041           -            194     0.017   13.6   0.7   1   2     0.015       1.7    7.1   0.6    62   108    50    98     5    99 0.58 -
scaffold8.g1717.t1   -            266 5599at3041           -            194     0.017   13.6   0.7   2   2   0.00048     0.053   12.0   0.5    63   125    51   116    27   142 0.80 -
scaffold2.g6940.t1   -            317 5599at3041           -            194     0.021   13.3   9.4   1   3   0.00068     0.075   11.5   0.6    69   149     2    86     1    90 0.79 -
scaffold2.g6940.t1   -            317 5599at3041           -            194     0.021   13.3   9.4   2   3     0.049       5.4    5.4   1.1    62   140    97   179    85   187 0.77 -
scaffold2.g6940.t1   -            317 5599at3041           -            194     0.021   13.3   9.4   3   3      0.85        94    1.4   0.2    71    94   174   197   166   248 0.69 -
scaffold13.g232.t1   -           1712 5599at3041           -            194     0.021   13.3   0.9   1   1   0.00046     0.051   12.1   0.9    68    98   572   602   559   625 0.83 -
scaffold20.g7767.t1  -            233 5599at3041           -            194     0.052   12.0   0.0   1   1   0.00077     0.085   11.3   0.0   111   142     3    34     1    59 0.87 -
scaffold21.g2198.t1  -            780 5599at3041           -            194     0.057   11.9   0.0   1   1    0.0017      0.18   10.2   0.0    35    91    20    73     3    82 0.60 -
scaffold23.g4089.t1  -            290 5599at3041           -            194     0.093   11.2   5.2   1   3     0.051       5.6    5.4   0.5    35   146    12   126     5   130 0.62 -
scaffold23.g4089.t1  -            290 5599at3041           -            194     0.093   11.2   5.2   2   3    0.0085      0.94    7.9   1.1    64   131   108   178    82   191 0.67 -
scaffold23.g4089.t1  -            290 5599at3041           -            194     0.093   11.2   5.2   3   3     0.056       6.2    5.2   0.4    70   104   148   182   138   221 0.68 -
#
# Program:         hmmsearch
# Version:         3.1b2 (February 2015)
# Pipeline mode:   SEARCH
# Query file:      /Users/catrionaharrison/Documents/Bioinformatics/rp2/Data/genomes/busco/busco_downloads/lineages/chlorophyta_odb10/hmms/5599at3041.hmm
# Target file:     /Users/catrionaharrison/Documents/Bioinformatics/rp2/Data/genomes/busco/data/a99.prot.fasta
# Option settings: hmmsearch --domtblout /Users/catrionaharrison/Documents/Bioinformatics/rp2/Data/genomes/busco/Busco_a99/run_chlorophyta_odb10/hmmer_output/initial_run_results/5599at3041.out --cpu 1 /Users/catrionaharrison/Documents/Bioinformatics/rp2/Data/genomes/busco/busco_downloads/lineages/chlorophyta_odb10/hmms/5599at3041.hmm /Users/catrionaharrison/Documents/Bioinformatics/rp2/Data/genomes/busco/data/a99.prot.fasta 
# Current dir:     /Users/catrionaharrison/Documents/Bioinformatics/rp2/Data/genomes/busco
# Date:            Fri Jul 22 14:49:21 2022
# [ok]
