#                                                                            --- full sequence --- -------------- this domain -------------   hmm coord   ali coord   env coord
# target name        accession   tlen query name           accession   qlen   E-value  score  bias   #  of  c-Evalue  i-Evalue  score  bias  from    to  from    to  from    to  acc description of target
#------------------- ---------- ----- -------------------- ---------- ----- --------- ------ ----- --- --- --------- --------- ------ ----- ----- ----- ----- ----- ----- ----- ---- ---------------------
scaffold14.g1235.t1  -            379 5744at3041           -            232   8.2e-85  282.9   1.9   1   3         2   9.1e+02   -2.0   0.0    21    34    17    30     7    52 0.67 -
scaffold14.g1235.t1  -            379 5744at3041           -            232   8.2e-85  282.9   1.9   2   3   4.6e-15   2.1e-12   45.9   0.1    18    74    43   106    37   112 0.84 -
scaffold14.g1235.t1  -            379 5744at3041           -            232   8.2e-85  282.9   1.9   3   3   4.1e-73   1.9e-70  235.9   0.1    65   228   134   309   109   315 0.88 -
scaffold1.g5864.t1   -            606 5744at3041           -            232   1.7e-07   29.9  15.8   1   6   3.8e-05     0.018   13.5   0.1    12    67    62   119    51   133 0.85 -
scaffold1.g5864.t1   -            606 5744at3041           -            232   1.7e-07   29.9  15.8   2   6      0.39   1.8e+02    0.4   0.0    24    67   134   181   122   185 0.74 -
scaffold1.g5864.t1   -            606 5744at3041           -            232   1.7e-07   29.9  15.8   3   6   0.00048      0.22    9.9   0.3     6    67   249   311   246   315 0.83 -
scaffold1.g5864.t1   -            606 5744at3041           -            232   1.7e-07   29.9  15.8   4   6   0.00042      0.19   10.0   0.4    22    69   298   346   296   367 0.85 -
scaffold1.g5864.t1   -            606 5744at3041           -            232   1.7e-07   29.9  15.8   5   6       0.3   1.4e+02    0.7   0.3    16    44   371   399   355   424 0.68 -
scaffold1.g5864.t1   -            606 5744at3041           -            232   1.7e-07   29.9  15.8   6   6    0.0023       1.1    7.6   0.1    14    68   413   469   400   475 0.79 -
scaffold1.g5549.t1   -            177 5744at3041           -            232   0.00099   17.6   1.5   1   2     0.055        25    3.1   0.1    39    65    64    90    21    98 0.69 -
scaffold1.g5549.t1   -            177 5744at3041           -            232   0.00099   17.6   1.5   2   2   2.9e-05     0.013   13.9   0.3    21    66   112   158    92   166 0.85 -
scaffold4.g4958.t1   -            548 5744at3041           -            232    0.0064   14.9   0.7   1   3     0.036        16    3.7   0.0    36    67    10    41     5    52 0.90 -
scaffold4.g4958.t1   -            548 5744at3041           -            232    0.0064   14.9   0.7   2   3       2.9   1.3e+03   -2.5   0.0    27    67    69   110    63   115 0.73 -
scaffold4.g4958.t1   -            548 5744at3041           -            232    0.0064   14.9   0.7   3   3    0.0012      0.56    8.6   0.0    25    67   152   194   134   213 0.85 -
scaffold5.g676.t1    -            248 5744at3041           -            232     0.012   14.1   1.1   1   1     4e-05     0.018   13.4   1.1    20    70    28    80    12   101 0.80 -
scaffold15.g4209.t1  -            337 5744at3041           -            232     0.013   13.9   4.2   1   2   0.00018     0.083   11.3   0.7    20    66    76   124    63   129 0.83 -
scaffold15.g4209.t1  -            337 5744at3041           -            232     0.013   13.9   4.2   2   2     0.031        14    4.0   0.2    37    72   130   165   124   172 0.87 -
scaffold2.g7367.t1   -            627 5744at3041           -            232     0.017   13.5   9.2   1   4   0.00015     0.071   11.5   0.3    16    70    73   128    62   136 0.84 -
scaffold2.g7367.t1   -            627 5744at3041           -            232     0.017   13.5   9.2   2   4      0.12        54    2.1   0.2    14    60   184   232   176   250 0.70 -
scaffold2.g7367.t1   -            627 5744at3041           -            232     0.017   13.5   9.2   3   4      0.12        54    2.0   0.1    23    70   350   401   325   413 0.81 -
scaffold2.g7367.t1   -            627 5744at3041           -            232     0.017   13.5   9.2   4   4       0.7   3.2e+02   -0.5   0.0    25    70   475   521   451   530 0.74 -
scaffold5.g729.t1    -            422 5744at3041           -            232     0.018   13.4   6.7   1   6      0.92   4.2e+02   -0.9   0.0    25    68     3    46     1    62 0.83 -
scaffold5.g729.t1    -            422 5744at3041           -            232     0.018   13.4   6.7   2   6       1.4   6.4e+02   -1.5   0.0    25    50    70    95    48   102 0.76 -
scaffold5.g729.t1    -            422 5744at3041           -            232     0.018   13.4   6.7   3   6     0.013       5.8    5.2   0.0    26    67   179   220   169   236 0.85 -
scaffold5.g729.t1    -            422 5744at3041           -            232     0.018   13.4   6.7   4   6         1   4.7e+02   -1.0   0.1    15    50   246   288   233   307 0.67 -
scaffold5.g729.t1    -            422 5744at3041           -            232     0.018   13.4   6.7   5   6     0.027        12    4.1   0.2    13    66   295   349   287   356 0.81 -
scaffold5.g729.t1    -            422 5744at3041           -            232     0.018   13.4   6.7   6   6    0.0017      0.78    8.1   0.3    21    61   336   376   324   385 0.80 -
scaffold8.g1694.t1   -            318 5744at3041           -            232     0.021   13.2   1.4   1   2    0.0011      0.49    8.7   0.1    17    64    46    96    33   112 0.82 -
scaffold8.g1694.t1   -            318 5744at3041           -            232     0.021   13.2   1.4   2   2     0.039        18    3.6   0.1    16    64   148   198   123   212 0.81 -
scaffold1.g5862.t1   -            352 5744at3041           -            232     0.022   13.2   6.3   1   3    0.0053       2.4    6.5   0.1    10    62     8    63     3    72 0.83 -
scaffold1.g5862.t1   -            352 5744at3041           -            232     0.022   13.2   6.3   2   3   0.00091      0.42    9.0   0.5    23    66    88   132    70   147 0.78 -
scaffold1.g5862.t1   -            352 5744at3041           -            232     0.022   13.2   6.3   3   3       1.2   5.5e+02   -1.2   0.1    26    58   158   191   139   209 0.70 -
scaffold1.g5813.t1   -           2131 5744at3041           -            232     0.022   13.2   0.0   1   1   0.00011     0.049   12.0   0.0    25    70  1110  1156  1095  1174 0.83 -
scaffold1.g5603.t1   -            356 5744at3041           -            232     0.022   13.2  11.9   1   4    0.0024       1.1    7.6   0.1    21    69   113   161    87   169 0.85 -
scaffold1.g5603.t1   -            356 5744at3041           -            232     0.022   13.2  11.9   2   4    0.0022         1    7.7   0.6    21    70   181   232   167   241 0.83 -
scaffold1.g5603.t1   -            356 5744at3041           -            232     0.022   13.2  11.9   3   4      0.23   1.1e+02    1.1   0.1     9    64   268   325   264   335 0.70 -
scaffold1.g5603.t1   -            356 5744at3041           -            232     0.022   13.2  11.9   4   4     0.043        20    3.5   0.5    25    60   318   354   303   356 0.84 -
scaffold8.g1698.t1   -            352 5744at3041           -            232     0.025   13.0   1.2   1   2     0.032        15    3.9   0.3    21    67    50   101    40   118 0.72 -
scaffold8.g1698.t1   -            352 5744at3041           -            232     0.025   13.0   1.2   2   2    0.0017      0.79    8.1   0.0    21    96   121   201   107   233 0.78 -
scaffold5.g653.t1    -            281 5744at3041           -            232     0.028   12.8   2.2   1   2     0.011       5.2    5.4   0.8    21    68    46    95    27   109 0.82 -
scaffold5.g653.t1    -            281 5744at3041           -            232     0.028   12.8   2.2   2   2    0.0041       1.9    6.8   0.0    27    65   120   161   105   174 0.76 -
scaffold20.g7800.t1  -            252 5744at3041           -            232     0.035   12.5   0.2   1   1   0.00014     0.065   11.6   0.2    24    69   166   212   142   243 0.84 -
scaffold1.g5511.t1   -            407 5744at3041           -            232      0.16   10.3  18.7   1   5     0.034        16    3.8   1.1    13    67    61   118    54   134 0.78 -
scaffold1.g5511.t1   -            407 5744at3041           -            232      0.16   10.3  18.7   2   5     0.011       5.3    5.4   1.5    13    70   144   203   133   213 0.77 -
scaffold1.g5511.t1   -            407 5744at3041           -            232      0.16   10.3  18.7   3   5      0.77   3.6e+02   -0.6   0.1    27    65   225   264   202   274 0.71 -
scaffold1.g5511.t1   -            407 5744at3041           -            232      0.16   10.3  18.7   4   5      0.69   3.2e+02   -0.5   0.0    48    70   302   324   292   333 0.70 -
scaffold1.g5511.t1   -            407 5744at3041           -            232      0.16   10.3  18.7   5   5    0.0004      0.18   10.1   0.2    25    65   346   387   329   399 0.84 -
scaffold8.g1738.t1   -            443 5744at3041           -            232      0.43    8.9   9.7   1   5       0.2        93    1.3   0.1    21    70    19    70     6    75 0.82 -
scaffold8.g1738.t1   -            443 5744at3041           -            232      0.43    8.9   9.7   2   5    0.0024       1.1    7.6   0.3    17    73    98   156    92   168 0.83 -
scaffold8.g1738.t1   -            443 5744at3041           -            232      0.43    8.9   9.7   3   5       2.5   1.2e+03   -2.3   0.0    23    64   172   212   162   220 0.63 -
scaffold8.g1738.t1   -            443 5744at3041           -            232      0.43    8.9   9.7   4   5      0.18        85    1.4   0.3    41    72   228   259   197   275 0.80 -
scaffold8.g1738.t1   -            443 5744at3041           -            232      0.43    8.9   9.7   5   5     0.036        17    3.7   0.5    21    69   240   290   234   302 0.80 -
scaffold2.g7285.t1   -            769 5744at3041           -            232         1    7.7   6.4   1   4      0.88   4.1e+02   -0.8   0.1    26    65    50    90    28    96 0.74 -
scaffold2.g7285.t1   -            769 5744at3041           -            232         1    7.7   6.4   2   4     0.039        18    3.6   0.1    20    70   109   161   102   175 0.82 -
scaffold2.g7285.t1   -            769 5744at3041           -            232         1    7.7   6.4   3   4     0.011       4.9    5.5   0.0    21    64   177   221   167   229 0.86 -
scaffold2.g7285.t1   -            769 5744at3041           -            232         1    7.7   6.4   4   4       1.9   8.9e+02   -1.9   0.1   147   167   303   323   294   327 0.86 -
#
# Program:         hmmsearch
# Version:         3.1b2 (February 2015)
# Pipeline mode:   SEARCH
# Query file:      /Users/catrionaharrison/Documents/Bioinformatics/rp2/Data/genomes/busco/busco_downloads/lineages/chlorophyta_odb10/hmms/5744at3041.hmm
# Target file:     /Users/catrionaharrison/Documents/Bioinformatics/rp2/Data/genomes/busco/data/a99.prot.fasta
# Option settings: hmmsearch --domtblout /Users/catrionaharrison/Documents/Bioinformatics/rp2/Data/genomes/busco/Busco_a99/run_chlorophyta_odb10/hmmer_output/initial_run_results/5744at3041.out --cpu 1 /Users/catrionaharrison/Documents/Bioinformatics/rp2/Data/genomes/busco/busco_downloads/lineages/chlorophyta_odb10/hmms/5744at3041.hmm /Users/catrionaharrison/Documents/Bioinformatics/rp2/Data/genomes/busco/data/a99.prot.fasta 
# Current dir:     /Users/catrionaharrison/Documents/Bioinformatics/rp2/Data/genomes/busco
# Date:            Fri Jul 22 14:49:38 2022
# [ok]
