#                                                                            --- full sequence --- -------------- this domain -------------   hmm coord   ali coord   env coord
# target name        accession   tlen query name           accession   qlen   E-value  score  bias   #  of  c-Evalue  i-Evalue  score  bias  from    to  from    to  from    to  acc description of target
#------------------- ---------- ----- -------------------- ---------- ----- --------- ------ ----- --- --- --------- --------- ------ ----- ----- ----- ----- ----- ----- ----- ---- ---------------------
scaffold21.g2071.t1  -           1613 7087at3041           -            537    1e-196  653.9  39.1   1   7   3.7e-70   6.1e-67  225.6   1.8     1   121     1   121     1   137 0.96 -
scaffold21.g2071.t1  -           1613 7087at3041           -            537    1e-196  653.9  39.1   2   7   2.2e-15   3.6e-12   44.9   0.2   122   230   312   422   303   451 0.64 -
scaffold21.g2071.t1  -           1613 7087at3041           -            537    1e-196  653.9  39.1   3   7      0.11   1.8e+02   -0.3   0.0   209   248   591   630   566   663 0.76 -
scaffold21.g2071.t1  -           1613 7087at3041           -            537    1e-196  653.9  39.1   4   7       1.6   2.7e+03   -4.2   0.9   187   264   750   827   742   843 0.45 -
scaffold21.g2071.t1  -           1613 7087at3041           -            537    1e-196  653.9  39.1   5   7   5.6e-86   9.4e-83  277.8   0.3   240   429  1060  1251  1022  1273 0.84 -
scaffold21.g2071.t1  -           1613 7087at3041           -            537    1e-196  653.9  39.1   6   7   4.8e-42     8e-39  132.8   0.2   421   535  1352  1468  1344  1470 0.93 -
scaffold21.g2071.t1  -           1613 7087at3041           -            537    1e-196  653.9  39.1   7   7       2.4   4.1e+03   -4.8   3.1   241   270  1492  1521  1477  1537 0.39 -
scaffold2.g6878.t1   -            357 7087at3041           -            537   4.8e-30  103.9   0.0   1   3   9.4e-16   1.6e-12   46.0   0.0     1   106     1   116     1   127 0.78 -
scaffold2.g6878.t1   -            357 7087at3041           -            537   4.8e-30  103.9   0.0   2   3     2e-16   3.3e-13   48.3   0.0   321   396   132   210   129   214 0.94 -
scaffold2.g6878.t1   -            357 7087at3041           -            537   4.8e-30  103.9   0.0   3   3     0.001       1.7    6.3   0.0   437   513   218   296   212   315 0.75 -
scaffold7.g3372.t1   -            966 7087at3041           -            537   1.1e-23   82.8   6.4   1   3   1.5e-06    0.0025   15.7   0.0     1    95     1   107     1   113 0.71 -
scaffold7.g3372.t1   -            966 7087at3041           -            537   1.1e-23   82.8   6.4   2   3     6e-23   9.9e-20   69.8   0.3   295   403   130   247   114   256 0.84 -
scaffold7.g3372.t1   -            966 7087at3041           -            537   1.1e-23   82.8   6.4   3   3      0.88   1.5e+03   -3.4   0.4   262   285   748   771   722   776 0.70 -
scaffold5.g988.t1    -            579 7087at3041           -            537   4.1e-08   31.5   1.6   1   3   7.8e-05      0.13   10.0   0.0     1    79     1    87     1    95 0.77 -
scaffold5.g988.t1    -            579 7087at3041           -            537   4.1e-08   31.5   1.6   2   3   1.6e-07   0.00027   18.9   0.0   303   346   150   197   110   206 0.81 -
scaffold5.g988.t1    -            579 7087at3041           -            537   4.1e-08   31.5   1.6   3   3      0.24     4e+02   -1.5   0.8   268   279   402   413   388   462 0.52 -
scaffold14.g1047.t1  -            794 7087at3041           -            537   5.1e-06   24.6   0.0   1   1   6.1e-09     1e-05   23.6   0.0   310   401    98   193    60   200 0.85 -
#
# Program:         hmmsearch
# Version:         3.1b2 (February 2015)
# Pipeline mode:   SEARCH
# Query file:      /Users/catrionaharrison/Documents/Bioinformatics/rp2/Data/genomes/busco/busco_downloads/lineages/chlorophyta_odb10/hmms/7087at3041.hmm
# Target file:     /Users/catrionaharrison/Documents/Bioinformatics/rp2/Data/genomes/busco/data/a99.prot.fasta
# Option settings: hmmsearch --domtblout /Users/catrionaharrison/Documents/Bioinformatics/rp2/Data/genomes/busco/Busco_a99/run_chlorophyta_odb10/hmmer_output/initial_run_results/7087at3041.out --cpu 1 /Users/catrionaharrison/Documents/Bioinformatics/rp2/Data/genomes/busco/busco_downloads/lineages/chlorophyta_odb10/hmms/7087at3041.hmm /Users/catrionaharrison/Documents/Bioinformatics/rp2/Data/genomes/busco/data/a99.prot.fasta 
# Current dir:     /Users/catrionaharrison/Documents/Bioinformatics/rp2/Data/genomes/busco
# Date:            Fri Jul 22 14:50:33 2022
# [ok]
