#                                                                            --- full sequence --- -------------- this domain -------------   hmm coord   ali coord   env coord
# target name        accession   tlen query name           accession   qlen   E-value  score  bias   #  of  c-Evalue  i-Evalue  score  bias  from    to  from    to  from    to  acc description of target
#------------------- ---------- ----- -------------------- ---------- ----- --------- ------ ----- --- --- --------- --------- ------ ----- ----- ----- ----- ----- ----- ----- ---- ---------------------
scaffold1.g5518.t1   -            833 7268at3041           -            241     2e-43  147.4   0.3   1   2   4.7e-11   6.6e-08   31.1   0.0    32    65   387   420   375   427 0.83 -
scaffold1.g5518.t1   -            833 7268at3041           -            241     2e-43  147.4   0.3   2   2   1.9e-35   2.7e-32  110.9   0.1    63   241   450   680   445   680 0.72 -
scaffold7.g3679.t1   -           1527 7268at3041           -            241   9.8e-43  145.1   2.4   1   5   2.1e-19   2.9e-16   58.4   0.0    11    65  1038  1092  1030  1103 0.92 -
scaffold7.g3679.t1   -           1527 7268at3041           -            241   9.8e-43  145.1   2.4   2   5   5.8e-08     8e-05   21.0   0.1    94   119  1132  1157  1113  1159 0.88 -
scaffold7.g3679.t1   -           1527 7268at3041           -            241   9.8e-43  145.1   2.4   3   5   2.1e-08   2.9e-05   22.4   0.0   113   145  1171  1203  1166  1205 0.84 -
scaffold7.g3679.t1   -           1527 7268at3041           -            241   9.8e-43  145.1   2.4   4   5     2e-09   2.8e-06   25.8   0.0   144   177  1235  1272  1233  1299 0.80 -
scaffold7.g3679.t1   -           1527 7268at3041           -            241   9.8e-43  145.1   2.4   5   5   0.00018      0.25    9.5   0.0   202   240  1401  1452  1395  1453 0.69 -
scaffold3.g6171.t1   -            368 7268at3041           -            241   0.00032   19.0   0.1   1   1   3.9e-07   0.00054   18.2   0.1    46   199   170   328   164   335 0.72 -
scaffold11.g3913.t1  -           1220 7268at3041           -            241    0.0065   14.7   0.1   1   2   0.00056      0.78    7.9   0.0    37    73   137   177   131   184 0.71 -
scaffold11.g3913.t1  -           1220 7268at3041           -            241    0.0065   14.7   0.1   2   2     0.021        29    2.7   0.0    86   113   308   336   302   410 0.51 -
scaffold5.g730.t1    -            362 7268at3041           -            241    0.0068   14.6   0.2   1   1   3.1e-05     0.043   12.0   0.2    43   107   157   237   152   249 0.72 -
scaffold17.g544.t1   -            475 7268at3041           -            241     0.021   13.0   0.0   1   2    0.0022       3.1    6.0   0.0    37    68   131   162    94   173 0.66 -
scaffold17.g544.t1   -            475 7268at3041           -            241     0.021   13.0   0.0   2   2    0.0044       6.1    5.0   0.0    70   111   216   262   205   266 0.76 -
#
# Program:         hmmsearch
# Version:         3.1b2 (February 2015)
# Pipeline mode:   SEARCH
# Query file:      /Users/catrionaharrison/Documents/Bioinformatics/rp2/Data/genomes/busco/busco_downloads/lineages/chlorophyta_odb10/hmms/7268at3041.hmm
# Target file:     /Users/catrionaharrison/Documents/Bioinformatics/rp2/Data/genomes/busco/data/a99.prot.fasta
# Option settings: hmmsearch --domtblout /Users/catrionaharrison/Documents/Bioinformatics/rp2/Data/genomes/busco/Busco_a99/run_chlorophyta_odb10/hmmer_output/initial_run_results/7268at3041.out --cpu 1 /Users/catrionaharrison/Documents/Bioinformatics/rp2/Data/genomes/busco/busco_downloads/lineages/chlorophyta_odb10/hmms/7268at3041.hmm /Users/catrionaharrison/Documents/Bioinformatics/rp2/Data/genomes/busco/data/a99.prot.fasta 
# Current dir:     /Users/catrionaharrison/Documents/Bioinformatics/rp2/Data/genomes/busco
# Date:            Fri Jul 22 14:50:51 2022
# [ok]
