#                                                                            --- full sequence --- -------------- this domain -------------   hmm coord   ali coord   env coord
# target name        accession   tlen query name           accession   qlen   E-value  score  bias   #  of  c-Evalue  i-Evalue  score  bias  from    to  from    to  from    to  acc description of target
#------------------- ---------- ----- -------------------- ---------- ----- --------- ------ ----- --- --- --------- --------- ------ ----- ----- ----- ----- ----- ----- ----- ---- ---------------------
scaffold6.g2573.t1   -            125 7276at3041           -            110   8.9e-25   85.7   0.1   1   2   1.5e-19     2e-16   58.8   0.0     1    45     6    58     6    64 0.84 -
scaffold6.g2573.t1   -            125 7276at3041           -            110   8.9e-25   85.7   0.1   2   2   4.5e-09   6.2e-06   25.1   0.0    75   110    82   122    76   122 0.88 -
scaffold10.g2344.t1  -            156 7276at3041           -            110   1.7e-06   26.9   0.0   1   2     4e-09   5.5e-06   25.2   0.0    29    75    32    80    18   119 0.72 -
scaffold10.g2344.t1  -            156 7276at3041           -            110   1.7e-06   26.9   0.0   2   2       1.3   1.8e+03   -2.2   0.0    79    89   142   152   129   153 0.77 -
scaffold2.g6843.t1   -            181 7276at3041           -            110   8.9e-05   21.3   0.0   1   1   1.3e-07   0.00018   20.4   0.0    19    71    44    98    29   138 0.67 -
scaffold3.g6260.t1   -            119 7276at3041           -            110   0.00045   19.1   0.0   1   1   5.7e-07   0.00078   18.3   0.0    32    73     1    44     1    84 0.86 -
scaffold9.g3305.t1   -            315 7276at3041           -            110     0.045   12.6   0.0   1   1   5.6e-05     0.078   11.9   0.0     7    68    12    75     7   116 0.81 -
scaffold9.g2996.t1   -            899 7276at3041           -            110     0.067   12.1   0.1   1   2   0.00023      0.32    9.9   0.0    29    67    19    58    10   101 0.90 -
scaffold9.g2996.t1   -            899 7276at3041           -            110     0.067   12.1   0.1   2   2       1.3   1.8e+03   -2.2   0.0    34    50   814   830   811   839 0.79 -
#
# Program:         hmmsearch
# Version:         3.1b2 (February 2015)
# Pipeline mode:   SEARCH
# Query file:      /Users/catrionaharrison/Documents/Bioinformatics/rp2/Data/genomes/busco/busco_downloads/lineages/chlorophyta_odb10/hmms/7276at3041.hmm
# Target file:     /Users/catrionaharrison/Documents/Bioinformatics/rp2/Data/genomes/busco/data/a99.prot.fasta
# Option settings: hmmsearch --domtblout /Users/catrionaharrison/Documents/Bioinformatics/rp2/Data/genomes/busco/Busco_a99/run_chlorophyta_odb10/hmmer_output/initial_run_results/7276at3041.out --cpu 1 /Users/catrionaharrison/Documents/Bioinformatics/rp2/Data/genomes/busco/busco_downloads/lineages/chlorophyta_odb10/hmms/7276at3041.hmm /Users/catrionaharrison/Documents/Bioinformatics/rp2/Data/genomes/busco/data/a99.prot.fasta 
# Current dir:     /Users/catrionaharrison/Documents/Bioinformatics/rp2/Data/genomes/busco
# Date:            Fri Jul 22 14:50:53 2022
# [ok]
