#                                                                            --- full sequence --- -------------- this domain -------------   hmm coord   ali coord   env coord
# target name        accession   tlen query name           accession   qlen   E-value  score  bias   #  of  c-Evalue  i-Evalue  score  bias  from    to  from    to  from    to  acc description of target
#------------------- ---------- ----- -------------------- ---------- ----- --------- ------ ----- --- --- --------- --------- ------ ----- ----- ----- ----- ----- ----- ----- ---- ---------------------
scaffold7.g3431.t1   -            526 7700at3041           -            187   5.3e-64  214.2  14.0   1   3     0.012       0.8    8.2   0.2    16    71     9    64     6    69 0.89 -
scaffold7.g3431.t1   -            526 7700at3041           -            187   5.3e-64  214.2  14.0   2   3   7.2e-48   4.6e-46  155.7   4.8     1   143    73   251    73   256 0.87 -
scaffold7.g3431.t1   -            526 7700at3041           -            187   5.3e-64  214.2  14.0   3   3   3.2e-14     2e-12   46.0   0.1   141   186   278   324   272   325 0.93 -
scaffold24.g2946.t1  -           1328 7700at3041           -            187   6.9e-61  204.1  35.6   1  12   2.3e-05    0.0015   17.1   0.0   144   184   538   579   534   581 0.86 -
scaffold24.g2946.t1  -           1328 7700at3041           -            187   6.9e-61  204.1  35.6   2  12   1.9e-07   1.2e-05   23.9   0.1   143   186   579   623   576   624 0.89 -
scaffold24.g2946.t1  -           1328 7700at3041           -            187   6.9e-61  204.1  35.6   3  12   3.9e-08   2.5e-06   26.2   0.2   143   186   621   665   620   666 0.91 -
scaffold24.g2946.t1  -           1328 7700at3041           -            187   6.9e-61  204.1  35.6   4  12   7.9e-11   5.1e-09   35.0   0.3   116   186   677   753   670   754 0.83 -
scaffold24.g2946.t1  -           1328 7700at3041           -            187   6.9e-61  204.1  35.6   5  12   5.8e-08   3.7e-06   25.6   0.1   143   187   751   796   749   796 0.87 -
scaffold24.g2946.t1  -           1328 7700at3041           -            187   6.9e-61  204.1  35.6   6  12   7.7e-07     5e-05   21.9   0.0   115   181   802   875   798   878 0.81 -
scaffold24.g2946.t1  -           1328 7700at3041           -            187   6.9e-61  204.1  35.6   7  12    0.0037      0.24    9.9   0.1   148   180   882   914   879   917 0.92 -
scaffold24.g2946.t1  -           1328 7700at3041           -            187   6.9e-61  204.1  35.6   8  12   3.6e-05    0.0023   16.5   0.0   142   185   917   961   915   963 0.85 -
scaffold24.g2946.t1  -           1328 7700at3041           -            187   6.9e-61  204.1  35.6   9  12       0.6        39    2.7   0.1   169   185   988  1004   966  1009 0.62 -
scaffold24.g2946.t1  -           1328 7700at3041           -            187   6.9e-61  204.1  35.6  10  12   6.5e-05    0.0042   15.7   0.2   148   186  1051  1089  1046  1090 0.92 -
scaffold24.g2946.t1  -           1328 7700at3041           -            187   6.9e-61  204.1  35.6  11  12   3.3e-05    0.0021   16.6   0.2   143   186  1087  1131  1084  1132 0.90 -
scaffold24.g2946.t1  -           1328 7700at3041           -            187   6.9e-61  204.1  35.6  12  12   6.5e-06   0.00042   18.9   0.1   145   177  1173  1206  1134  1212 0.76 -
scaffold13.g346.t1   -            398 7700at3041           -            187   1.8e-49  166.8  21.2   1   8   1.3e-08   8.5e-07   27.7   0.1   144   186    88   129    82   130 0.93 -
scaffold13.g346.t1   -            398 7700at3041           -            187   1.8e-49  166.8  21.2   2   8   4.5e-08   2.9e-06   26.0   0.0   144   186   128   169   127   170 0.93 -
scaffold13.g346.t1   -            398 7700at3041           -            187   1.8e-49  166.8  21.2   3   8   1.2e-07   7.9e-06   24.6   0.0   144   185   168   208   166   210 0.88 -
scaffold13.g346.t1   -            398 7700at3041           -            187   1.8e-49  166.8  21.2   4   8   2.6e-08   1.7e-06   26.8   0.1   143   185   207   248   202   250 0.88 -
scaffold13.g346.t1   -            398 7700at3041           -            187   1.8e-49  166.8  21.2   5   8   6.9e-08   4.5e-06   25.4   0.5   143   185   247   288   244   290 0.88 -
scaffold13.g346.t1   -            398 7700at3041           -            187   1.8e-49  166.8  21.2   6   8   1.2e-05   0.00079   18.0   0.2   142   185   286   328   283   329 0.85 -
scaffold13.g346.t1   -            398 7700at3041           -            187   1.8e-49  166.8  21.2   7   8   1.5e-08   9.6e-07   27.6   0.0   140   184   324   367   322   369 0.90 -
scaffold13.g346.t1   -            398 7700at3041           -            187   1.8e-49  166.8  21.2   8   8   0.00042     0.027   13.0   0.1   145   175   369   398   367   398 0.92 -
scaffold18.g1993.t1  -           1401 7700at3041           -            187     1e-33  115.5  29.7   1  12   1.8e-06   0.00012   20.7   0.4   141   185    34    79    28    81 0.90 -
scaffold18.g1993.t1  -           1401 7700at3041           -            187     1e-33  115.5  29.7   2  12   0.00018     0.012   14.2   0.4   144   186    79   122    76   123 0.84 -
scaffold18.g1993.t1  -           1401 7700at3041           -            187     1e-33  115.5  29.7   3  12   8.7e-08   5.6e-06   25.0   0.0   143   186   120   164   118   165 0.84 -
scaffold18.g1993.t1  -           1401 7700at3041           -            187     1e-33  115.5  29.7   4  12   0.00069     0.045   12.3   0.0   144   185   163   207   162   209 0.82 -
scaffold18.g1993.t1  -           1401 7700at3041           -            187     1e-33  115.5  29.7   5  12       1.9   1.3e+02    1.1   0.0   141   182   205   250   201   255 0.73 -
scaffold18.g1993.t1  -           1401 7700at3041           -            187     1e-33  115.5  29.7   6  12   0.00069     0.045   12.3   0.0   159   182   275   298   248   303 0.68 -
scaffold18.g1993.t1  -           1401 7700at3041           -            187     1e-33  115.5  29.7   7  12     0.049       3.2    6.3   0.0   146   183   313   354   308   357 0.80 -
scaffold18.g1993.t1  -           1401 7700at3041           -            187     1e-33  115.5  29.7   8  12   0.00051     0.033   12.8   0.4    31    93   472   538   429   539 0.74 -
scaffold18.g1993.t1  -           1401 7700at3041           -            187     1e-33  115.5  29.7   9  12     0.032       2.1    6.9   0.3   141   178   518   559   512   566 0.74 -
scaffold18.g1993.t1  -           1401 7700at3041           -            187     1e-33  115.5  29.7  10  12     0.012      0.78    8.3   0.0   152   182   604   635   597   640 0.70 -
scaffold18.g1993.t1  -           1401 7700at3041           -            187     1e-33  115.5  29.7  11  12     0.069       4.5    5.8   0.0   152   178   718   744   704   750 0.68 -
scaffold18.g1993.t1  -           1401 7700at3041           -            187     1e-33  115.5  29.7  12  12    0.0037      0.24    9.9   0.1   143   181   752   792   748   797 0.86 -
scaffold16.g1.t1     -           1348 7700at3041           -            187   3.6e-33  113.7  23.6   1   8      0.21        13    4.2   0.0   143   181    52    91    43    95 0.80 -
scaffold16.g1.t1     -           1348 7700at3041           -            187   3.6e-33  113.7  23.6   2   8   1.4e-06   9.2e-05   21.1   0.1   143   185    94   137    61   139 0.71 -
scaffold16.g1.t1     -           1348 7700at3041           -            187   3.6e-33  113.7  23.6   3   8   2.3e-07   1.5e-05   23.6   0.1   143   187   136   181   134   181 0.89 -
scaffold16.g1.t1     -           1348 7700at3041           -            187   3.6e-33  113.7  23.6   4   8   1.6e-05    0.0011   17.6   0.1    40    74   181   215   177   225 0.85 -
scaffold16.g1.t1     -           1348 7700at3041           -            187   3.6e-33  113.7  23.6   5   8       8.6   5.6e+02   -1.0   0.0    17    38   262   283   253   316 0.70 -
scaffold16.g1.t1     -           1348 7700at3041           -            187   3.6e-33  113.7  23.6   6   8   9.4e-06   0.00061   18.4   1.7    11    74   451   518   446   524 0.86 -
scaffold16.g1.t1     -           1348 7700at3041           -            187   3.6e-33  113.7  23.6   7   8   4.3e-05    0.0028   16.2   0.0   112   185   546   620   541   622 0.75 -
scaffold16.g1.t1     -           1348 7700at3041           -            187   3.6e-33  113.7  23.6   8   8   1.1e-07   6.9e-06   24.8   0.7     6    79   630   704   625   712 0.89 -
scaffold3.g6380.t1   -           2990 7700at3041           -            187   3.2e-31  107.4  20.9   1   7   9.8e-12   6.3e-10   37.9   0.3     4    73  2085  2157  2083  2161 0.92 -
scaffold3.g6380.t1   -           2990 7700at3041           -            187   3.2e-31  107.4  20.9   2   7   2.4e-06   0.00016   20.3   0.1   145   186  2165  2207  2159  2208 0.90 -
scaffold3.g6380.t1   -           2990 7700at3041           -            187   3.2e-31  107.4  20.9   3   7      0.45        29    3.2   0.1   143   178  2205  2241  2202  2245 0.85 -
scaffold3.g6380.t1   -           2990 7700at3041           -            187   3.2e-31  107.4  20.9   4   7     0.021       1.4    7.5   0.3   147   186  2462  2501  2452  2502 0.89 -
scaffold3.g6380.t1   -           2990 7700at3041           -            187   3.2e-31  107.4  20.9   5   7   1.6e-07   1.1e-05   24.2   0.1    14   177  2516  2669  2509  2670 0.85 -
scaffold3.g6380.t1   -           2990 7700at3041           -            187   3.2e-31  107.4  20.9   6   7   2.3e-07   1.5e-05   23.7   0.1    12    71  2651  2710  2643  2715 0.94 -
scaffold3.g6380.t1   -           2990 7700at3041           -            187   3.2e-31  107.4  20.9   7   7    0.0012     0.077   11.6   0.0   141   177  2716  2753  2713  2757 0.89 -
scaffold21.g2086.t1  -            898 7700at3041           -            187   1.5e-27   95.3   2.1   1   6     0.022       1.4    7.4   0.0   144   176   122   155   116   160 0.84 -
scaffold21.g2086.t1  -            898 7700at3041           -            187   1.5e-27   95.3   2.1   2   6   1.2e-08   7.5e-07   27.9   0.0   143   185   164   207   157   209 0.91 -
scaffold21.g2086.t1  -            898 7700at3041           -            187   1.5e-27   95.3   2.1   3   6   5.7e-05    0.0037   15.9   0.0   162   185   227   250   211   252 0.87 -
scaffold21.g2086.t1  -            898 7700at3041           -            187   1.5e-27   95.3   2.1   4   6   7.6e-07   4.9e-05   22.0   0.0    14    72   226   283   223   293 0.92 -
scaffold21.g2086.t1  -            898 7700at3041           -            187   1.5e-27   95.3   2.1   5   6   5.2e-06   0.00034   19.3   0.0   144   178   292   327   286   336 0.91 -
scaffold21.g2086.t1  -            898 7700at3041           -            187   1.5e-27   95.3   2.1   6   6   0.00046      0.03   12.9   0.0    16    67   362   413   358   420 0.92 -
scaffold11.g3979.t1  -            315 7700at3041           -            187   1.9e-27   95.1  10.4   1   6   0.00017     0.011   14.3   0.0   143   178    30    66    25    75 0.84 -
scaffold11.g3979.t1  -            315 7700at3041           -            187   1.9e-27   95.1  10.4   2   6    0.0033      0.22   10.1   0.0   141   184    70   114    67   115 0.84 -
scaffold11.g3979.t1  -            315 7700at3041           -            187   1.9e-27   95.1  10.4   3   6   6.7e-10   4.3e-08   31.9   0.1     7    72    84   149    78   154 0.88 -
scaffold11.g3979.t1  -            315 7700at3041           -            187   1.9e-27   95.1  10.4   4   6   6.7e-05    0.0044   15.6   0.1   143   181   158   196   153   201 0.89 -
scaffold11.g3979.t1  -            315 7700at3041           -            187   1.9e-27   95.1  10.4   5   6      0.15       9.6    4.7   0.1   150   180   204   235   198   239 0.85 -
scaffold11.g3979.t1  -            315 7700at3041           -            187   1.9e-27   95.1  10.4   6   6   2.5e-09   1.6e-07   30.1   1.3     8    71   254   315   246   315 0.88 -
scaffold25.g5116.t1  -            550 7700at3041           -            187     1e-25   89.4   2.5   1   5   2.3e-08   1.5e-06   26.9   0.1    12    73   213   274   199   280 0.93 -
scaffold25.g5116.t1  -            550 7700at3041           -            187     1e-25   89.4   2.5   2   5   3.1e-05     0.002   16.7   0.0   143   182   280   320   274   324 0.83 -
scaffold25.g5116.t1  -            550 7700at3041           -            187     1e-25   89.4   2.5   3   5   3.8e-07   2.5e-05   22.9   0.0   143   186   360   404   354   405 0.88 -
scaffold25.g5116.t1  -            550 7700at3041           -            187     1e-25   89.4   2.5   4   5   0.00016      0.01   14.4   0.0   113   182   409   483   399   487 0.83 -
scaffold25.g5116.t1  -            550 7700at3041           -            187     1e-25   89.4   2.5   5   5      0.23        15    4.1   0.0    46    72   502   528   500   539 0.82 -
scaffold8.g1715.t1   -            522 7700at3041           -            187   3.2e-25   87.8  12.2   1   7   4.7e-08   3.1e-06   25.9   0.0   116   182   101   169    81   174 0.79 -
scaffold8.g1715.t1   -            522 7700at3041           -            187   3.2e-25   87.8  12.2   2   7     0.036       2.3    6.7   0.3   145   180   173   209   169   214 0.60 -
scaffold8.g1715.t1   -            522 7700at3041           -            187   3.2e-25   87.8  12.2   3   7   3.2e-05     0.002   16.7   0.0   143   183   233   279   230   283 0.80 -
scaffold8.g1715.t1   -            522 7700at3041           -            187   3.2e-25   87.8  12.2   4   7     0.013      0.84    8.2   0.2    20    62   301   342   286   349 0.78 -
scaffold8.g1715.t1   -            522 7700at3041           -            187   3.2e-25   87.8  12.2   5   7       0.1       6.5    5.3   0.1    16    70   375   436   370   440 0.64 -
scaffold8.g1715.t1   -            522 7700at3041           -            187   3.2e-25   87.8  12.2   6   7   3.4e-07   2.2e-05   23.1   0.0   141   182   443   485   439   489 0.86 -
scaffold8.g1715.t1   -            522 7700at3041           -            187   3.2e-25   87.8  12.2   7   7     1e-07   6.8e-06   24.8   0.1    11    71   461   521   452   522 0.94 -
scaffold1.g5598.t1   -           1135 7700at3041           -            187     6e-25   86.9   1.0   1   7       2.4   1.5e+02    0.8   0.0   107   177    83   152    64   157 0.69 -
scaffold1.g5598.t1   -           1135 7700at3041           -            187     6e-25   86.9   1.0   2   7    0.0093       0.6    8.6   0.0    17    48   184   215   169   234 0.80 -
scaffold1.g5598.t1   -           1135 7700at3041           -            187     6e-25   86.9   1.0   3   7   1.7e-06   0.00011   20.9   0.0    11    72   287   349   279   360 0.91 -
scaffold1.g5598.t1   -           1135 7700at3041           -            187     6e-25   86.9   1.0   4   7      0.62        40    2.7   0.0   144   182   361   400   348   405 0.79 -
scaffold1.g5598.t1   -           1135 7700at3041           -            187     6e-25   86.9   1.0   5   7       4.1   2.6e+02    0.0   0.0   113   140   482   509   476   517 0.78 -
scaffold1.g5598.t1   -           1135 7700at3041           -            187     6e-25   86.9   1.0   6   7   0.00034     0.022   13.3   0.0   147   180   553   587   547   595 0.80 -
scaffold1.g5598.t1   -           1135 7700at3041           -            187     6e-25   86.9   1.0   7   7     2e-09   1.3e-07   30.4   0.1   113   186   597   676   588   677 0.83 -
scaffold3.g6176.t1   -            520 7700at3041           -            187   1.3e-24   85.8   3.2   1   4    0.0043      0.28    9.7   0.0   158   180   231   253   208   260 0.74 -
scaffold3.g6176.t1   -            520 7700at3041           -            187   1.3e-24   85.8   3.2   2   4   7.9e-12   5.1e-10   38.2   0.1    13    70   283   341   266   347 0.90 -
scaffold3.g6176.t1   -            520 7700at3041           -            187   1.3e-24   85.8   3.2   3   4   3.7e-08   2.4e-06   26.3   0.3   143   184   350   392   343   395 0.85 -
scaffold3.g6176.t1   -            520 7700at3041           -            187   1.3e-24   85.8   3.2   4   4    0.0098      0.64    8.6   0.1    20    71   468   519   461   519 0.95 -
scaffold15.g4303.t1  -            308 7700at3041           -            187   3.3e-24   84.5   0.1   1   5     0.012      0.81    8.2   0.0   145   175     6    37     3    46 0.73 -
scaffold15.g4303.t1  -            308 7700at3041           -            187   3.3e-24   84.5   0.1   2   5   3.5e-06   0.00023   19.8   0.0   143   182    46    86    43    91 0.91 -
scaffold15.g4303.t1  -            308 7700at3041           -            187   3.3e-24   84.5   0.1   3   5         1        66    2.0   0.0   144   170    91   117    87   126 0.88 -
scaffold15.g4303.t1  -            308 7700at3041           -            187   3.3e-24   84.5   0.1   4   5   9.9e-07   6.4e-05   21.6   0.0   142   181   142   182   137   188 0.88 -
scaffold15.g4303.t1  -            308 7700at3041           -            187   3.3e-24   84.5   0.1   5   5   3.2e-08   2.1e-06   26.5   0.0    77   176   194   298   186   304 0.82 -
scaffold5.g976.t1    -            467 7700at3041           -            187     7e-23   80.2  12.5   1   6   6.6e-05    0.0043   15.6   0.2   140   180    10    51     5    56 0.83 -
scaffold5.g976.t1    -            467 7700at3041           -            187     7e-23   80.2  12.5   2   6    0.0012     0.081   11.5   0.0   145   176    57    89    52    98 0.84 -
scaffold5.g976.t1    -            467 7700at3041           -            187     7e-23   80.2  12.5   3   6    0.0002     0.013   14.1   0.1   143   177    97   132    94   139 0.76 -
scaffold5.g976.t1    -            467 7700at3041           -            187     7e-23   80.2  12.5   4   6   2.9e-07   1.9e-05   23.3   0.0   142   185   138   182   133   184 0.87 -
scaffold5.g976.t1    -            467 7700at3041           -            187     7e-23   80.2  12.5   5   6    0.0091      0.59    8.7   0.1    54   179   199   219   186   224 0.46 -
scaffold5.g976.t1    -            467 7700at3041           -            187     7e-23   80.2  12.5   6   6   9.3e-05     0.006   15.2   0.3    15    71   202   267   199   273 0.78 -
scaffold18.g1893.t1  -            419 7700at3041           -            187   9.8e-23   79.7  14.2   1   6       0.2        13    4.3   0.1    36    73    74   112    58   120 0.85 -
scaffold18.g1893.t1  -            419 7700at3041           -            187   9.8e-23   79.7  14.2   2   6   2.9e-07   1.9e-05   23.3   0.7    14    71   143   200   129   205 0.92 -
scaffold18.g1893.t1  -            419 7700at3041           -            187   9.8e-23   79.7  14.2   3   6    0.0052      0.34    9.5   0.0   142   182   207   250   202   255 0.74 -
scaffold18.g1893.t1  -            419 7700at3041           -            187   9.8e-23   79.7  14.2   4   6   0.00045     0.029   12.9   0.1   148   186   260   299   250   300 0.82 -
scaffold18.g1893.t1  -            419 7700at3041           -            187   9.8e-23   79.7  14.2   5   6   6.2e-06    0.0004   19.0   0.2    16    86   276   352   271   357 0.80 -
scaffold18.g1893.t1  -            419 7700at3041           -            187   9.8e-23   79.7  14.2   6   6   7.4e-09   4.8e-07   28.5   0.1    13    72   359   418   350   419 0.92 -
scaffold12.g8061.t1  -            692 7700at3041           -            187   1.6e-22   78.9  16.4   1   7   4.7e-10   3.1e-08   32.4   1.7    10    75   200   264   192   275 0.88 -
scaffold12.g8061.t1  -            692 7700at3041           -            187   1.6e-22   78.9  16.4   2   7   1.8e-11   1.2e-09   37.1   0.7    88   185   246   343   246   345 0.83 -
scaffold12.g8061.t1  -            692 7700at3041           -            187   1.6e-22   78.9  16.4   3   7   2.2e-06   0.00014   20.5   0.3    15    64   320   369   319   373 0.94 -
scaffold12.g8061.t1  -            692 7700at3041           -            187   1.6e-22   78.9  16.4   4   7      0.36        24    3.5   0.0   163   184   381   402   376   405 0.85 -
scaffold12.g8061.t1  -            692 7700at3041           -            187   1.6e-22   78.9  16.4   5   7       9.3     6e+02   -1.1   0.0    13    33   530   550   515   555 0.71 -
scaffold12.g8061.t1  -            692 7700at3041           -            187   1.6e-22   78.9  16.4   6   7      0.65        42    2.6   0.0   157   186   622   651   605   652 0.77 -
scaffold12.g8061.t1  -            692 7700at3041           -            187   1.6e-22   78.9  16.4   7   7   5.3e-06   0.00035   19.2   0.1   143   177   649   683   646   686 0.93 -
scaffold3.g6316.t1   -           1730 7700at3041           -            187     6e-22   77.1  29.5   1   9    0.0013     0.084   11.4   0.0   143   184   326   370   295   373 0.71 -
scaffold3.g6316.t1   -           1730 7700at3041           -            187     6e-22   77.1  29.5   2   9      0.12       7.6    5.1   0.0    21    64   354   397   350   411 0.89 -
scaffold3.g6316.t1   -           1730 7700at3041           -            187     6e-22   77.1  29.5   3   9       1.3        87    1.6   0.1   127   176   515   568   472   575 0.79 -
scaffold3.g6316.t1   -           1730 7700at3041           -            187     6e-22   77.1  29.5   4   9   0.00055     0.035   12.7   0.1   142   182   629   671   610   677 0.81 -
scaffold3.g6316.t1   -           1730 7700at3041           -            187     6e-22   77.1  29.5   5   9   1.7e-09   1.1e-07   30.6   0.5     5    70   680   748   674   755 0.90 -
scaffold3.g6316.t1   -           1730 7700at3041           -            187     6e-22   77.1  29.5   6   9   1.3e-06   8.1e-05   21.3   0.2     6    75   818   888   814   900 0.89 -
scaffold3.g6316.t1   -           1730 7700at3041           -            187     6e-22   77.1  29.5   7   9       3.3   2.1e+02    0.3   0.1   140   180  1153  1196  1117  1204 0.55 -
scaffold3.g6316.t1   -           1730 7700at3041           -            187     6e-22   77.1  29.5   8   9         3   1.9e+02    0.5   0.3     7    32  1314  1342  1301  1380 0.79 -
scaffold3.g6316.t1   -           1730 7700at3041           -            187     6e-22   77.1  29.5   9   9     0.003      0.19   10.3   0.0   113   177  1652  1722  1637  1725 0.77 -
scaffold12.g8015.t1  -            676 7700at3041           -            187   6.8e-21   73.7  10.6   1   7      0.72        46    2.5   0.0   151   180   345   375   335   382 0.64 -
scaffold12.g8015.t1  -            676 7700at3041           -            187   6.8e-21   73.7  10.6   2   7     9e-05    0.0059   15.2   0.0   143   177   401   436   380   441 0.82 -
scaffold12.g8015.t1  -            676 7700at3041           -            187   6.8e-21   73.7  10.6   3   7     0.013      0.85    8.2   0.0   144   185   444   487   437   489 0.84 -
scaffold12.g8015.t1  -            676 7700at3041           -            187   6.8e-21   73.7  10.6   4   7   8.7e-05    0.0057   15.3   0.2   143   186   486   530   484   531 0.87 -
scaffold12.g8015.t1  -            676 7700at3041           -            187   6.8e-21   73.7  10.6   5   7   3.1e-07     2e-05   23.3   0.0   143   184   528   570   525   573 0.89 -
scaffold12.g8015.t1  -            676 7700at3041           -            187   6.8e-21   73.7  10.6   6   7   0.00026     0.017   13.7   0.2   143   179   570   608   567   612 0.83 -
scaffold12.g8015.t1  -            676 7700at3041           -            187   6.8e-21   73.7  10.6   7   7       7.2   4.7e+02   -0.8   0.0    32    62   635   665   630   669 0.87 -
scaffold18.g1909.t1  -            943 7700at3041           -            187   2.6e-20   71.8   5.3   1   5   0.00017     0.011   14.3   1.0    15    71   230   293   226   296 0.83 -
scaffold18.g1909.t1  -            943 7700at3041           -            187   2.6e-20   71.8   5.3   2   5     5e-05    0.0032   16.0   0.1    12    72   276   335   268   339 0.89 -
scaffold18.g1909.t1  -            943 7700at3041           -            187   2.6e-20   71.8   5.3   3   5   0.00014    0.0088   14.6   0.0   146   183   345   383   338   386 0.85 -
scaffold18.g1909.t1  -            943 7700at3041           -            187   2.6e-20   71.8   5.3   4   5   7.2e-07   4.6e-05   22.1   0.0   144   185   385   427   382   429 0.85 -
scaffold18.g1909.t1  -            943 7700at3041           -            187   2.6e-20   71.8   5.3   5   5       0.3        20    3.7   0.0    43   105   432   507   424   531 0.50 -
scaffold19.g1865.t1  -           1105 7700at3041           -            187   4.1e-20   71.1   6.7   1   4      0.53        34    2.9   0.0   145   179   160   195   142   202 0.59 -
scaffold19.g1865.t1  -           1105 7700at3041           -            187   4.1e-20   71.1   6.7   2   4   1.2e-15     8e-14   50.6   0.1    13   103   244   344   235   348 0.86 -
scaffold19.g1865.t1  -           1105 7700at3041           -            187   4.1e-20   71.1   6.7   3   4   0.00024     0.015   13.8   0.2   144   185   348   389   343   391 0.93 -
scaffold19.g1865.t1  -           1105 7700at3041           -            187   4.1e-20   71.1   6.7   4   4      0.36        23    3.5   0.4     6    33   419   446   414   454 0.72 -
scaffold1.g5201.t1   -            913 7700at3041           -            187   3.5e-19   68.1   3.5   1   4   8.5e-06   0.00055   18.6   0.0    16    71    24    79    19    84 0.92 -
scaffold1.g5201.t1   -            913 7700at3041           -            187   3.5e-19   68.1   3.5   2   4   5.3e-07   3.4e-05   22.5   0.2   144   186    88   131    83   132 0.88 -
scaffold1.g5201.t1   -            913 7700at3041           -            187   3.5e-19   68.1   3.5   3   4       2.7   1.7e+02    0.6   0.0   143   166   129   152   127   159 0.86 -
scaffold1.g5201.t1   -            913 7700at3041           -            187   3.5e-19   68.1   3.5   4   4   1.2e-07   7.9e-06   24.6   0.2   143   185   160   203   149   205 0.85 -
scaffold2.g7412.t1   -           3431 7700at3041           -            187   1.4e-18   66.2   5.5   1   6       1.9   1.2e+02    1.1   0.0    39    70   188   219   182   225 0.70 -
scaffold2.g7412.t1   -           3431 7700at3041           -            187   1.4e-18   66.2   5.5   2   6   1.4e-05   0.00093   17.8   0.3   141   179   242   281   231   287 0.81 -
scaffold2.g7412.t1   -           3431 7700at3041           -            187   1.4e-18   66.2   5.5   3   6   0.00042     0.028   13.0   0.0   143   177   302   338   285   347 0.85 -
scaffold2.g7412.t1   -           3431 7700at3041           -            187   1.4e-18   66.2   5.5   4   6       3.3   2.1e+02    0.3   0.1    50    74   450   474   441   493 0.74 -
scaffold2.g7412.t1   -           3431 7700at3041           -            187   1.4e-18   66.2   5.5   5   6   6.8e-05    0.0044   15.6   0.0   144   179   605   641   589   647 0.89 -
scaffold2.g7412.t1   -           3431 7700at3041           -            187   1.4e-18   66.2   5.5   6   6   0.00044     0.029   13.0   0.0   121   183   688   755   676   758 0.75 -
scaffold5.g785.t1    -            496 7700at3041           -            187   1.4e-18   66.1   6.6   1   4      0.62        40    2.7   0.0   148   179    42    75    33    81 0.71 -
scaffold5.g785.t1    -            496 7700at3041           -            187   1.4e-18   66.1   6.6   2   4   7.3e-11   4.7e-09   35.1   2.8    13   186    56   250    52   251 0.67 -
scaffold5.g785.t1    -            496 7700at3041           -            187   1.4e-18   66.1   6.6   3   4    0.0037      0.24   10.0   0.0   148   183   352   388   336   391 0.81 -
scaffold5.g785.t1    -            496 7700at3041           -            187   1.4e-18   66.1   6.6   4   4   2.3e-05    0.0015   17.1   0.0    23    71   420   469   404   473 0.87 -
scaffold8.g1615.t1   -            525 7700at3041           -            187   3.8e-18   64.7   3.3   1   3   8.7e-11   5.6e-09   34.8   0.0    14    73    98   157    92   162 0.96 -
scaffold8.g1615.t1   -            525 7700at3041           -            187   3.8e-18   64.7   3.3   2   3   0.00049     0.032   12.8   0.1   144   182   164   204   160   209 0.83 -
scaffold8.g1615.t1   -            525 7700at3041           -            187   3.8e-18   64.7   3.3   3   3     1e-06   6.8e-05   21.5   3.5    14   135   183   324   180   328 0.79 -
scaffold3.g6317.t1   -            829 7700at3041           -            187   1.1e-17   63.2   1.3   1   4   0.00096     0.063   11.9   0.0    36    73   269   307   265   315 0.78 -
scaffold3.g6317.t1   -            829 7700at3041           -            187   1.1e-17   63.2   1.3   2   4      0.19        12    4.4   0.0   158   181   418   441   401   444 0.76 -
scaffold3.g6317.t1   -            829 7700at3041           -            187   1.1e-17   63.2   1.3   3   4   2.5e-07   1.6e-05   23.6   0.0    16    72   465   521   461   531 0.93 -
scaffold3.g6317.t1   -            829 7700at3041           -            187   1.1e-17   63.2   1.3   4   4   8.5e-06   0.00055   18.5   0.1    14    69   594   650   584   655 0.88 -
scaffold20.g7864.t1  -           1917 7700at3041           -            187   4.8e-17   61.1   9.0   1   4         1        67    2.0   0.0   160   178  1156  1174  1143  1178 0.82 -
scaffold20.g7864.t1  -           1917 7700at3041           -            187   4.8e-17   61.1   9.0   2   4   3.8e-10   2.5e-08   32.7   0.1     5    71  1264  1330  1260  1338 0.89 -
scaffold20.g7864.t1  -           1917 7700at3041           -            187   4.8e-17   61.1   9.0   3   4    0.0027      0.17   10.4   0.0   142   179  1340  1380  1333  1388 0.80 -
scaffold20.g7864.t1  -           1917 7700at3041           -            187   4.8e-17   61.1   9.0   4   4   2.5e-05    0.0016   17.0   0.2     9    76  1399  1464  1391  1469 0.84 -
scaffold24.g2991.t1  -           1412 7700at3041           -            187   5.7e-17   60.9  13.1   1   5     0.097       6.3    5.3   0.5    41    71    12    42     3    60 0.73 -
scaffold24.g2991.t1  -           1412 7700at3041           -            187   5.7e-17   60.9  13.1   2   5      0.17        11    4.5   0.1    44    75    90   121    54   129 0.80 -
scaffold24.g2991.t1  -           1412 7700at3041           -            187   5.7e-17   60.9  13.1   3   5     6e-12   3.9e-10   38.6   0.0    15    75   206   266   195   270 0.92 -
scaffold24.g2991.t1  -           1412 7700at3041           -            187   5.7e-17   60.9  13.1   4   5     2e-05    0.0013   17.4   0.1   138   186   265   314   261   315 0.88 -
scaffold24.g2991.t1  -           1412 7700at3041           -            187   5.7e-17   60.9  13.1   5   5       4.6     3e+02   -0.1   0.0    45   173   335   358   326   371 0.61 -
scaffold1.g5332.t1   -            688 7700at3041           -            187   6.6e-17   60.7   8.7   1   4   0.00024     0.015   13.8   0.0   143   180   372   410   367   414 0.85 -
scaffold1.g5332.t1   -            688 7700at3041           -            187   6.6e-17   60.7   8.7   2   4   2.6e-06   0.00017   20.2   0.2   143   186   422   466   417   467 0.86 -
scaffold1.g5332.t1   -            688 7700at3041           -            187   6.6e-17   60.7   8.7   3   4   2.1e-07   1.4e-05   23.8   2.5    16    80   443   507   435   574 0.76 -
scaffold1.g5332.t1   -            688 7700at3041           -            187   6.6e-17   60.7   8.7   4   4   1.2e-06   7.7e-05   21.3   0.1    14    73   616   676   607   682 0.88 -
scaffold15.g4221.t1  -           1365 7700at3041           -            187   6.7e-17   60.7   5.8   1   3   8.6e-05    0.0056   15.3   0.1   143   179   125   162   117   167 0.85 -
scaffold15.g4221.t1  -           1365 7700at3041           -            187   6.7e-17   60.7   5.8   2   3   3.4e-07   2.2e-05   23.1   0.0   120   186   288   357   274   358 0.84 -
scaffold15.g4221.t1  -           1365 7700at3041           -            187   6.7e-17   60.7   5.8   3   3    0.0017      0.11   11.1   0.1    14    63   402   450   386   462 0.87 -
scaffold17.g459.t1   -            494 7700at3041           -            187   2.1e-16   59.0  23.2   1   5     4e-05    0.0026   16.3   3.5    15    71   169   225   156   228 0.83 -
scaffold17.g459.t1   -            494 7700at3041           -            187   2.1e-16   59.0  23.2   2   5         1        65    2.0   0.0   143   177   239   274   236   279 0.76 -
scaffold17.g459.t1   -            494 7700at3041           -            187   2.1e-16   59.0  23.2   3   5   2.5e-07   1.7e-05   23.5   0.4   142   185   325   368   311   370 0.88 -
scaffold17.g459.t1   -            494 7700at3041           -            187   2.1e-16   59.0  23.2   4   5    0.0099      0.64    8.5   0.0   148   180   371   404   365   410 0.87 -
scaffold17.g459.t1   -            494 7700at3041           -            187   2.1e-16   59.0  23.2   5   5   2.6e-06   0.00017   20.2   0.1   143   185   412   456   407   458 0.84 -
scaffold15.g4247.t1  -           2113 7700at3041           -            187   3.1e-15   55.2   0.3   1   4   3.2e-06   0.00021   19.9   0.0   143   179    10    47     8    55 0.88 -
scaffold15.g4247.t1  -           2113 7700at3041           -            187   3.1e-15   55.2   0.3   2   4     0.011      0.69    8.5   0.0    45    97    62   113    51   123 0.88 -
scaffold15.g4247.t1  -           2113 7700at3041           -            187   3.1e-15   55.2   0.3   3   4       0.5        33    3.0   0.0    14    30   263   279   258   283 0.90 -
scaffold15.g4247.t1  -           2113 7700at3041           -            187   3.1e-15   55.2   0.3   4   4   1.4e-05   0.00088   17.9   0.0    14    73   371   427   361   434 0.90 -
scaffold6.g2688.t1   -            596 7700at3041           -            187   3.5e-15   55.1  14.8   1   6     8e-05    0.0052   15.4   0.2    18    71    75   132    60   135 0.67 -
scaffold6.g2688.t1   -            596 7700at3041           -            187   3.5e-15   55.1  14.8   2   6   0.00025     0.016   13.8   0.1   140   185   136   182   133   184 0.70 -
scaffold6.g2688.t1   -            596 7700at3041           -            187   3.5e-15   55.1  14.8   3   6   0.00016      0.01   14.4   0.1   139   180   177   219   174   223 0.82 -
scaffold6.g2688.t1   -            596 7700at3041           -            187   3.5e-15   55.1  14.8   4   6   0.00068     0.044   12.4   0.1   143   185   223   266   220   268 0.83 -
scaffold6.g2688.t1   -            596 7700at3041           -            187   3.5e-15   55.1  14.8   5   6     0.015         1    7.9   0.1   143   177   265   301   263   312 0.81 -
scaffold6.g2688.t1   -            596 7700at3041           -            187   3.5e-15   55.1  14.8   6   6      0.15       9.5    4.7   0.5    15    71   286   343   283   346 0.83 -
scaffold27.g6010.t1  -           1409 7700at3041           -            187   3.7e-15   55.0   2.2   1   4   0.00079     0.051   12.1   0.0   142   183     4    46     1    50 0.85 -
scaffold27.g6010.t1  -           1409 7700at3041           -            187   3.7e-15   55.0   2.2   2   4   1.2e-08   8.1e-07   27.8   0.1   104   185    55   142    47   144 0.81 -
scaffold27.g6010.t1  -           1409 7700at3041           -            187   3.7e-15   55.0   2.2   3   4      0.02       1.3    7.6   0.1   115   177   150   223   142   228 0.69 -
scaffold27.g6010.t1  -           1409 7700at3041           -            187   3.7e-15   55.0   2.2   4   4      0.22        14    4.2   0.0   153   184   292   323   281   326 0.78 -
scaffold2.g6848.t1   -           2452 7700at3041           -            187   8.4e-15   53.8  12.2   1   7   0.00045     0.029   12.9   0.0   114   176  1667  1730  1658  1739 0.81 -
scaffold2.g6848.t1   -           2452 7700at3041           -            187   8.4e-15   53.8  12.2   2   7    0.0028      0.18   10.4   0.1   139   182  1737  1788  1730  1793 0.74 -
scaffold2.g6848.t1   -           2452 7700at3041           -            187   8.4e-15   53.8  12.2   3   7       4.9   3.2e+02   -0.2   0.0   145   173  1792  1821  1785  1825 0.77 -
scaffold2.g6848.t1   -           2452 7700at3041           -            187   8.4e-15   53.8  12.2   4   7      0.55        36    2.9   0.1   161   175  1826  1840  1819  1845 0.86 -
scaffold2.g6848.t1   -           2452 7700at3041           -            187   8.4e-15   53.8  12.2   5   7    0.0057      0.37    9.3   0.2   142   177  1846  1881  1842  1887 0.90 -
scaffold2.g6848.t1   -           2452 7700at3041           -            187   8.4e-15   53.8  12.2   6   7   1.7e-05    0.0011   17.6   0.1   144   178  1888  1923  1884  1930 0.86 -
scaffold2.g6848.t1   -           2452 7700at3041           -            187   8.4e-15   53.8  12.2   7   7         1        66    2.0   0.0   148   180  1941  1973  1935  1977 0.85 -
scaffold15.g4248.t1  -            497 7700at3041           -            187   1.1e-14   53.4   7.2   1   4   0.00068     0.044   12.3   0.0   138   177   256   294   253   297 0.91 -
scaffold15.g4248.t1  -            497 7700at3041           -            187   1.1e-14   53.4   7.2   2   4   7.6e-05    0.0049   15.4   0.4   143   183   328   369   320   372 0.87 -
scaffold15.g4248.t1  -            497 7700at3041           -            187   1.1e-14   53.4   7.2   3   4   5.1e-07   3.3e-05   22.5   0.2   142   186   369   416   367   417 0.79 -
scaffold15.g4248.t1  -            497 7700at3041           -            187   1.1e-14   53.4   7.2   4   4     0.094       6.1    5.4   0.0   115   174   428   492   425   496 0.81 -
scaffold24.g2952.t1  -           1216 7700at3041           -            187   1.1e-14   53.4   1.0   1   4    0.0029      0.19   10.3   0.0   142   184    35    78    17    81 0.76 -
scaffold24.g2952.t1  -           1216 7700at3041           -            187   1.1e-14   53.4   1.0   2   4     0.015      0.96    8.0   0.0   143   177   128   165   122   172 0.80 -
scaffold24.g2952.t1  -           1216 7700at3041           -            187   1.1e-14   53.4   1.0   3   4    0.0043      0.28    9.7   0.0   148   180   176   208   168   212 0.90 -
scaffold24.g2952.t1  -           1216 7700at3041           -            187   1.1e-14   53.4   1.0   4   4   1.9e-06   0.00012   20.7   0.0    12    71  1093  1153  1088  1167 0.90 -
scaffold2.g7037.t1   -            217 7700at3041           -            187   2.2e-14   52.5   6.8   1   3    0.0026      0.17   10.4   0.0   155   180    29    54     4    60 0.80 -
scaffold2.g7037.t1   -            217 7700at3041           -            187   2.2e-14   52.5   6.8   2   3   3.3e-05    0.0021   16.6   0.4    11    72    75   143    65   147 0.78 -
scaffold2.g7037.t1   -            217 7700at3041           -            187   2.2e-14   52.5   6.8   3   3   2.3e-08   1.5e-06   26.9   0.3   140   185   147   193   144   195 0.91 -
scaffold12.g8211.t1  -           1145 7700at3041           -            187   4.6e-14   51.4   1.4   1   5   5.8e-06   0.00038   19.1   0.0    31    74   481   524   473   547 0.90 -
scaffold12.g8211.t1  -           1145 7700at3041           -            187   4.6e-14   51.4   1.4   2   5   0.00092      0.06   11.9   0.1   152   186   612   646   608   647 0.87 -
scaffold12.g8211.t1  -           1145 7700at3041           -            187   4.6e-14   51.4   1.4   3   5     0.032         2    6.9   0.0   148   177   648   679   644   686 0.81 -
scaffold12.g8211.t1  -           1145 7700at3041           -            187   4.6e-14   51.4   1.4   4   5       8.9   5.8e+02   -1.1   0.0   150   179   796   827   790   831 0.77 -
scaffold12.g8211.t1  -           1145 7700at3041           -            187   4.6e-14   51.4   1.4   5   5     0.012       0.8    8.2   0.0   139   177   826   867   799   872 0.77 -
scaffold10.g2238.t1  -           1303 7700at3041           -            187   2.5e-13   49.0   7.9   1   5       6.8   4.4e+02   -0.7   0.0    46    75   350   379   338   385 0.73 -
scaffold10.g2238.t1  -           1303 7700at3041           -            187   2.5e-13   49.0   7.9   2   5   2.3e-08   1.5e-06   26.9   0.7    77   186   502   623   494   624 0.74 -
scaffold10.g2238.t1  -           1303 7700at3041           -            187   2.5e-13   49.0   7.9   3   5    0.0092       0.6    8.7   0.0   148   179   669   701   649   705 0.85 -
scaffold10.g2238.t1  -           1303 7700at3041           -            187   2.5e-13   49.0   7.9   4   5      0.15       9.5    4.7   0.0    18    53   734   771   717   779 0.55 -
scaffold10.g2238.t1  -           1303 7700at3041           -            187   2.5e-13   49.0   7.9   5   5     0.042       2.7    6.5   0.1   146   183   865   902   834   950 0.86 -
scaffold8.g1630.t1   -            340 7700at3041           -            187   2.6e-13   49.0   1.7   1   3     0.017       1.1    7.8   0.0   148   182    28    63    20    68 0.77 -
scaffold8.g1630.t1   -            340 7700at3041           -            187   2.6e-13   49.0   1.7   2   3   2.9e-05    0.0019   16.8   0.0   140   183   107   154    74   158 0.82 -
scaffold8.g1630.t1   -            340 7700at3041           -            187   2.6e-13   49.0   1.7   3   3   2.2e-06   0.00014   20.5   0.1   146   183   251   287   219   291 0.75 -
scaffold6.g2569.t1   -            470 7700at3041           -            187   2.6e-13   48.9   4.8   1   5   2.6e-05    0.0017   17.0   0.1   151   186   156   192   153   193 0.86 -
scaffold6.g2569.t1   -            470 7700at3041           -            187   2.6e-13   48.9   4.8   2   5    0.0027      0.18   10.4   0.0   142   176   231   264   216   272 0.82 -
scaffold6.g2569.t1   -            470 7700at3041           -            187   2.6e-13   48.9   4.8   3   5     0.003       0.2   10.2   0.1   140   182   277   318   266   325 0.84 -
scaffold6.g2569.t1   -            470 7700at3041           -            187   2.6e-13   48.9   4.8   4   5     0.042       2.7    6.5   0.0   160   180   341   361   321   368 0.78 -
scaffold6.g2569.t1   -            470 7700at3041           -            187   2.6e-13   48.9   4.8   5   5       0.6        39    2.8   0.0   157   175   441   459   396   464 0.81 -
scaffold4.g4673.t1   -            553 7700at3041           -            187   3.3e-13   48.6  14.9   1   7   0.00036     0.024   13.2   0.0    41    76   252   287   247   292 0.88 -
scaffold4.g4673.t1   -            553 7700at3041           -            187   3.3e-13   48.6  14.9   2   7    0.0089      0.58    8.7   0.2   141   184   292   332   287   335 0.64 -
scaffold4.g4673.t1   -            553 7700at3041           -            187   3.3e-13   48.6  14.9   3   7      0.33        21    3.6   0.1   141   161   330   350   329   367 0.83 -
scaffold4.g4673.t1   -            553 7700at3041           -            187   3.3e-13   48.6  14.9   4   7   5.2e-06   0.00033   19.3   0.1   144   184   366   406   361   409 0.80 -
scaffold4.g4673.t1   -            553 7700at3041           -            187   3.3e-13   48.6  14.9   5   7       8.6   5.6e+02   -1.0   0.0   148   179   412   444   406   452 0.58 -
scaffold4.g4673.t1   -            553 7700at3041           -            187   3.3e-13   48.6  14.9   6   7     0.012      0.75    8.3   0.1   158   183   469   495   450   499 0.76 -
scaffold4.g4673.t1   -            553 7700at3041           -            187   3.3e-13   48.6  14.9   7   7       1.1        69    1.9   0.1    46    70   524   548   522   552 0.89 -
scaffold12.g8053.t1  -            979 7700at3041           -            187   3.3e-13   48.6   4.4   1   3     0.014      0.93    8.0   0.0    18    71    32    85    25    90 0.90 -
scaffold12.g8053.t1  -            979 7700at3041           -            187   3.3e-13   48.6   4.4   2   3   6.7e-08   4.3e-06   25.4   0.7    27   186    83   262    81   263 0.67 -
scaffold12.g8053.t1  -            979 7700at3041           -            187   3.3e-13   48.6   4.4   3   3     0.011      0.72    8.4   0.0   144   179   286   320   275   326 0.77 -
scaffold8.g1368.t1   -           1245 7700at3041           -            187   5.4e-13   47.9   1.7   1   3   2.2e-07   1.4e-05   23.7   0.2    16    71   976  1032   959  1046 0.84 -
scaffold8.g1368.t1   -           1245 7700at3041           -            187   5.4e-13   47.9   1.7   2   3     8e-06   0.00052   18.6   0.1    15   176  1060  1116  1034  1121 0.54 -
scaffold8.g1368.t1   -           1245 7700at3041           -            187   5.4e-13   47.9   1.7   3   3      0.64        41    2.7   0.0   130   175  1129  1175  1127  1184 0.82 -
scaffold3.g6655.t1   -            528 7700at3041           -            187   6.4e-13   47.7   9.6   1   5    0.0018      0.12   11.0   0.0   145   183    24    63    19    68 0.81 -
scaffold3.g6655.t1   -            528 7700at3041           -            187   6.4e-13   47.7   9.6   2   5     0.034       2.2    6.8   0.1   152   177    73    97    63   102 0.83 -
scaffold3.g6655.t1   -            528 7700at3041           -            187   6.4e-13   47.7   9.6   3   5   3.8e-08   2.5e-06   26.2   0.0   143   184   123   163   107   166 0.85 -
scaffold3.g6655.t1   -            528 7700at3041           -            187   6.4e-13   47.7   9.6   4   5     0.098       6.3    5.3   0.0   112   141   228   257   222   269 0.88 -
scaffold3.g6655.t1   -            528 7700at3041           -            187   6.4e-13   47.7   9.6   5   5       3.3   2.1e+02    0.3   0.2    12    38   347   372   335   381 0.78 -
scaffold5.g735.t1    -            860 7700at3041           -            187   6.6e-13   47.6   8.0   1   5     0.022       1.4    7.4   0.0    34    69   122   157   102   164 0.85 -
scaffold5.g735.t1    -            860 7700at3041           -            187   6.6e-13   47.6   8.0   2   5      0.56        36    2.8   0.1    10    50   362   403   353   418 0.79 -
scaffold5.g735.t1    -            860 7700at3041           -            187   6.6e-13   47.6   8.0   3   5   7.4e-09   4.8e-07   28.5   0.1    14    72   421   479   409   483 0.87 -
scaffold5.g735.t1    -            860 7700at3041           -            187   6.6e-13   47.6   8.0   4   5     0.011      0.72    8.4   0.2    24    70   473   519   473   524 0.93 -
scaffold5.g735.t1    -            860 7700at3041           -            187   6.6e-13   47.6   8.0   5   5       0.1       6.5    5.3   0.0    44    74   555   585   524   595 0.80 -
scaffold7.g3572.t1   -           1617 7700at3041           -            187   6.8e-13   47.6   7.5   1   4       1.1        73    1.9   0.0    18    68    15    68     9    77 0.78 -
scaffold7.g3572.t1   -           1617 7700at3041           -            187   6.8e-13   47.6   7.5   2   4   4.7e-05    0.0031   16.1   0.1    12    70   104   161    93   169 0.80 -
scaffold7.g3572.t1   -           1617 7700at3041           -            187   6.8e-13   47.6   7.5   3   4   1.1e-08   7.1e-07   28.0   0.7     7    67   183   245   178   248 0.85 -
scaffold7.g3572.t1   -           1617 7700at3041           -            187   6.8e-13   47.6   7.5   4   4      0.94        61    2.1   0.0    14    31   274   291   264   330 0.73 -
scaffold21.g2098.t1  -            492 7700at3041           -            187   6.8e-13   47.6   3.6   1   4       5.2   3.4e+02   -0.3   0.0    45    72   252   282   239   285 0.60 -
scaffold21.g2098.t1  -            492 7700at3041           -            187   6.8e-13   47.6   3.6   2   4   1.4e-07   8.8e-06   24.4   0.0   140   187   292   340   287   340 0.92 -
scaffold21.g2098.t1  -            492 7700at3041           -            187   6.8e-13   47.6   3.6   3   4    0.0018      0.12   11.0   0.1   141   185   335   380   331   382 0.83 -
scaffold21.g2098.t1  -            492 7700at3041           -            187   6.8e-13   47.6   3.6   4   4   0.00056     0.036   12.6   0.0    46    73   447   474   430   477 0.93 -
scaffold2.g7257.t1   -            559 7700at3041           -            187   7.2e-13   47.5   5.4   1   4      0.15       9.8    4.7   0.2    12    71   214   273   208   277 0.76 -
scaffold2.g7257.t1   -            559 7700at3041           -            187   7.2e-13   47.5   5.4   2   4    0.0063      0.41    9.2   0.0   143   181   281   318   278   325 0.89 -
scaffold2.g7257.t1   -            559 7700at3041           -            187   7.2e-13   47.5   5.4   3   4   1.5e-05   0.00095   17.8   0.3    16    73   355   415   351   456 0.83 -
scaffold2.g7257.t1   -            559 7700at3041           -            187   7.2e-13   47.5   5.4   4   4   0.00024     0.016   13.8   0.0   143   177   500   535   493   541 0.91 -
scaffold1.g5490.t1   -            909 7700at3041           -            187   1.5e-12   46.5  22.2   1   7       0.5        32    3.0   0.3   128   161    30    66     4   100 0.56 -
scaffold1.g5490.t1   -            909 7700at3041           -            187   1.5e-12   46.5  22.2   2   7       0.5        32    3.0   0.0   143   179   109   150   104   155 0.73 -
scaffold1.g5490.t1   -            909 7700at3041           -            187   1.5e-12   46.5  22.2   3   7     0.001     0.065   11.8   0.0   142   178   229   269   180   273 0.75 -
scaffold1.g5490.t1   -            909 7700at3041           -            187   1.5e-12   46.5  22.2   4   7       2.6   1.7e+02    0.7   0.2   161   175   356   370   313   377 0.59 -
scaffold1.g5490.t1   -            909 7700at3041           -            187   1.5e-12   46.5  22.2   5   7     0.037       2.4    6.7   0.2    20    67   411   461   403   477 0.73 -
scaffold1.g5490.t1   -            909 7700at3041           -            187   1.5e-12   46.5  22.2   6   7   0.00038     0.025   13.2   0.3    12    65   647   700   634   707 0.87 -
scaffold1.g5490.t1   -            909 7700at3041           -            187   1.5e-12   46.5  22.2   7   7   4.5e-05    0.0029   16.2   0.1    40    85   728   773   723   784 0.89 -
scaffold9.g3259.t1   -            352 7700at3041           -            187   4.5e-12   44.9   5.0   1   4   0.00022     0.014   14.0   0.2   121   181    13    79     1    85 0.77 -
scaffold9.g3259.t1   -            352 7700at3041           -            187   4.5e-12   44.9   5.0   2   4    0.0057      0.37    9.3   0.0   142   181    81   121    77   124 0.85 -
scaffold9.g3259.t1   -            352 7700at3041           -            187   4.5e-12   44.9   5.0   3   4    0.0018      0.12   11.0   0.0   145   183   165   203   160   207 0.88 -
scaffold9.g3259.t1   -            352 7700at3041           -            187   4.5e-12   44.9   5.0   4   4    0.0013     0.082   11.5   0.2   142   178   203   241   200   244 0.73 -
scaffold4.g4598.t1   -           1219 7700at3041           -            187   7.3e-12   44.2   3.8   1   4      0.24        15    4.1   0.0   160   183   968   991   955   994 0.85 -
scaffold4.g4598.t1   -           1219 7700at3041           -            187   7.3e-12   44.2   3.8   2   4   2.6e-06   0.00017   20.2   0.2   144   186   993  1037   989  1038 0.87 -
scaffold4.g4598.t1   -           1219 7700at3041           -            187   7.3e-12   44.2   3.8   3   4     3e-05     0.002   16.7   0.0   109   177  1037  1113  1032  1117 0.77 -
scaffold4.g4598.t1   -           1219 7700at3041           -            187   7.3e-12   44.2   3.8   4   4       1.8   1.2e+02    1.2   0.0   143   175  1128  1162  1123  1165 0.73 -
scaffold20.g7667.t1  -            393 7700at3041           -            187   1.4e-11   43.3   3.7   1   5   0.00051     0.033   12.8   0.1   145   179   155   191   150   201 0.79 -
scaffold20.g7667.t1  -            393 7700at3041           -            187   1.4e-11   43.3   3.7   2   5       1.7   1.1e+02    1.3   0.0   143   179   203   241   191   248 0.77 -
scaffold20.g7667.t1  -            393 7700at3041           -            187   1.4e-11   43.3   3.7   3   5   0.00057     0.037   12.6   0.0   143   179   249   287   240   294 0.78 -
scaffold20.g7667.t1  -            393 7700at3041           -            187   1.4e-11   43.3   3.7   4   5   5.8e-06   0.00038   19.1   0.0     5    75   256   332   252   337 0.84 -
scaffold20.g7667.t1  -            393 7700at3041           -            187   1.4e-11   43.3   3.7   5   5     0.021       1.4    7.5   0.1    39    79   352   393   341   393 0.70 -
scaffold8.g1420.t1   -           1321 7700at3041           -            187   2.5e-11   42.5   1.9   1   2   4.9e-10   3.2e-08   32.4   0.0    99   186   945  1037   940  1038 0.91 -
scaffold8.g1420.t1   -           1321 7700at3041           -            187   2.5e-11   42.5   1.9   2   2     0.014      0.91    8.1   0.2    16    68  1206  1261  1195  1269 0.80 -
scaffold3.g6626.t1   -            973 7700at3041           -            187   1.1e-10   40.4   1.1   1   3    0.0057      0.37    9.3   0.3   148   178   729   762   722   765 0.82 -
scaffold3.g6626.t1   -            973 7700at3041           -            187   1.1e-10   40.4   1.1   2   3   0.00095     0.062   11.9   0.0   159   181   776   798   773   802 0.90 -
scaffold3.g6626.t1   -            973 7700at3041           -            187   1.1e-10   40.4   1.1   3   3   0.00011    0.0074   14.9   0.0     9    71   860   922   855   930 0.94 -
scaffold21.g2134.t1  -            992 7700at3041           -            187   1.3e-10   40.2  12.8   1   6       1.8   1.2e+02    1.2   0.1    46   103    41    67    20    78 0.51 -
scaffold21.g2134.t1  -            992 7700at3041           -            187   1.3e-10   40.2  12.8   2   6    0.0091      0.59    8.7   0.0   143   179    92   129    89   136 0.85 -
scaffold21.g2134.t1  -            992 7700at3041           -            187   1.3e-10   40.2  12.8   3   6   9.4e-05    0.0061   15.2   0.1   144   185   151   193   147   195 0.87 -
scaffold21.g2134.t1  -            992 7700at3041           -            187   1.3e-10   40.2  12.8   4   6   5.3e-06   0.00035   19.2   1.5    16    75   171   230   158   237 0.91 -
scaffold21.g2134.t1  -            992 7700at3041           -            187   1.3e-10   40.2  12.8   5   6    0.0017      0.11   11.1   0.1     9    71   342   404   337   412 0.86 -
scaffold21.g2134.t1  -            992 7700at3041           -            187   1.3e-10   40.2  12.8   6   6       1.9   1.2e+02    1.1   0.1    10    36   679   705   671   734 0.82 -
scaffold13.g295.t1   -           1434 7700at3041           -            187   1.4e-10   40.1  11.0   1   4     0.012      0.77    8.3   0.2   119   180    95   156    79   162 0.82 -
scaffold13.g295.t1   -           1434 7700at3041           -            187   1.4e-10   40.1  11.0   2   4   0.00011    0.0074   14.9   0.0   146   182   163   202   157   207 0.81 -
scaffold13.g295.t1   -           1434 7700at3041           -            187   1.4e-10   40.1  11.0   3   4       3.7   2.4e+02    0.2   0.0   144   183   205   247   200   251 0.72 -
scaffold13.g295.t1   -           1434 7700at3041           -            187   1.4e-10   40.1  11.0   4   4   0.00026     0.017   13.7   6.1    16   179   227   417   221   422 0.72 -
scaffold20.g7761.t1  -           1330 7700at3041           -            187   1.7e-10   39.8  15.4   1   5    0.0003     0.019   13.5   0.4   148   186   436   475   431   476 0.83 -
scaffold20.g7761.t1  -           1330 7700at3041           -            187   1.7e-10   39.8  15.4   2   5      0.31        20    3.7   0.3   143   186   473   514   469   517 0.81 -
scaffold20.g7761.t1  -           1330 7700at3041           -            187   1.7e-10   39.8  15.4   3   5   3.6e-05    0.0024   16.5   0.1   137   186   601   649   591   650 0.85 -
scaffold20.g7761.t1  -           1330 7700at3041           -            187   1.7e-10   39.8  15.4   4   5     0.023       1.5    7.4   0.0   143   181   647   684   641   690 0.82 -
scaffold20.g7761.t1  -           1330 7700at3041           -            187   1.7e-10   39.8  15.4   5   5    0.0062       0.4    9.2   0.0   163   186   734   757   721   758 0.78 -
scaffold2.g7199.t1   -            503 7700at3041           -            187   1.8e-10   39.7  11.4   1   5       1.1        74    1.8   0.1    23    71   211   260   201   267 0.72 -
scaffold2.g7199.t1   -            503 7700at3041           -            187   1.8e-10   39.7  11.4   2   5     0.025       1.6    7.3   0.2   143   183   268   307   262   310 0.88 -
scaffold2.g7199.t1   -            503 7700at3041           -            187   1.8e-10   39.7  11.4   3   5   8.7e-05    0.0056   15.3   0.0   141   184   307   351   300   354 0.87 -
scaffold2.g7199.t1   -            503 7700at3041           -            187   1.8e-10   39.7  11.4   4   5     0.068       4.4    5.8   0.1    13    56   370   414   354   437 0.67 -
scaffold2.g7199.t1   -            503 7700at3041           -            187   1.8e-10   39.7  11.4   5   5   0.00023     0.015   13.9   0.1   142   177   438   474   432   483 0.86 -
scaffold13.g275.t1   -           2075 7700at3041           -            187   2.3e-10   39.4   0.4   1   4   0.00016     0.011   14.4   0.0   140   184    57   102    42   104 0.80 -
scaffold13.g275.t1   -           2075 7700at3041           -            187   2.3e-10   39.4   0.4   2   4      0.19        12    4.4   0.0   145   177   104   137   102   141 0.91 -
scaffold13.g275.t1   -           2075 7700at3041           -            187   2.3e-10   39.4   0.4   3   4      0.32        21    3.6   0.0    89   179   216   317   187   325 0.76 -
scaffold13.g275.t1   -           2075 7700at3041           -            187   2.3e-10   39.4   0.4   4   4    0.0012     0.076   11.6   0.1   151   183   331   364   323   368 0.82 -
scaffold11.g3868.t1  -            356 7700at3041           -            187   3.6e-10   38.7  11.8   1   5     0.023       1.5    7.4   0.1   159   179    90   110    77   118 0.73 -
scaffold11.g3868.t1  -            356 7700at3041           -            187   3.6e-10   38.7  11.8   2   5   0.00093      0.06   11.9   0.0   148   181   120   155   114   161 0.73 -
scaffold11.g3868.t1  -            356 7700at3041           -            187   3.6e-10   38.7  11.8   3   5     0.043       2.8    6.5   0.1   157   181   173   198   156   203 0.63 -
scaffold11.g3868.t1  -            356 7700at3041           -            187   3.6e-10   38.7  11.8   4   5   0.00024     0.016   13.8   0.0   143   179   202   240   199   245 0.81 -
scaffold11.g3868.t1  -            356 7700at3041           -            187   3.6e-10   38.7  11.8   5   5      0.34        22    3.5   0.2    39    71   315   348   305   351 0.77 -
scaffold7.g3684.t1   -           1545 7700at3041           -            187   5.5e-10   38.1  20.0   1   5   0.00017     0.011   14.3   0.0   137   177   291   332   277   335 0.80 -
scaffold7.g3684.t1   -           1545 7700at3041           -            187   5.5e-10   38.1  20.0   2   5   5.1e-06   0.00033   19.3   0.5     8    81   399   476   393   488 0.80 -
scaffold7.g3684.t1   -           1545 7700at3041           -            187   5.5e-10   38.1  20.0   3   5       1.5     1e+02    1.4   0.1    12    31   778   797   769   876 0.73 -
scaffold7.g3684.t1   -           1545 7700at3041           -            187   5.5e-10   38.1  20.0   4   5     0.022       1.5    7.4   0.1   161   178  1287  1304  1279  1309 0.84 -
scaffold7.g3684.t1   -           1545 7700at3041           -            187   5.5e-10   38.1  20.0   5   5      0.25        16    4.0   0.6   134   180  1429  1475  1385  1479 0.75 -
scaffold1.g5430.t1   -           1258 7700at3041           -            187   5.6e-10   38.1  20.4   1   6      0.06       3.9    6.0   1.7    15    78    16    85    13    89 0.76 -
scaffold1.g5430.t1   -           1258 7700at3041           -            187   5.6e-10   38.1  20.4   2   6     0.005      0.32    9.5   0.0   143   186    88   132    85   133 0.81 -
scaffold1.g5430.t1   -           1258 7700at3041           -            187   5.6e-10   38.1  20.4   3   6    0.0027      0.18   10.4   0.1   140   175   130   166   125   174 0.77 -
scaffold1.g5430.t1   -           1258 7700at3041           -            187   5.6e-10   38.1  20.4   4   6   0.00013    0.0087   14.6   0.2   136   179   174   218   167   221 0.85 -
scaffold1.g5430.t1   -           1258 7700at3041           -            187   5.6e-10   38.1  20.4   5   6       2.4   1.6e+02    0.8   0.0   142   175   228   262   225   269 0.86 -
scaffold1.g5430.t1   -           1258 7700at3041           -            187   5.6e-10   38.1  20.4   6   6      0.27        18    3.9   0.0   147   179   299   333   287   340 0.71 -
scaffold10.g2411.t1  -           1665 7700at3041           -            187   6.8e-10   37.8   0.1   1   2   9.4e-06   0.00061   18.4   0.0   134   179    42    88    33    96 0.84 -
scaffold10.g2411.t1  -           1665 7700at3041           -            187   6.8e-10   37.8   0.1   2   2   0.00013    0.0084   14.7   0.0    11    71   860   920   850   922 0.91 -
scaffold6.g2644.t1   -           1000 7700at3041           -            187     7e-10   37.8   8.7   1   4       8.1   5.3e+02   -0.9   0.0     9    41   131   162   123   179 0.53 -
scaffold6.g2644.t1   -           1000 7700at3041           -            187     7e-10   37.8   8.7   2   4   3.6e-08   2.3e-06   26.3   0.4    13    66   181   235   178   243 0.89 -
scaffold6.g2644.t1   -           1000 7700at3041           -            187     7e-10   37.8   8.7   3   4       8.9   5.8e+02   -1.1   0.0    49    74   392   417   382   424 0.60 -
scaffold6.g2644.t1   -           1000 7700at3041           -            187     7e-10   37.8   8.7   4   4   0.00025     0.016   13.7   0.2    11    67   441   498   432   501 0.88 -
scaffold1.g5555.t1   -           1200 7700at3041           -            187   3.4e-09   35.5   5.1   1   4   1.2e-05   0.00075   18.1   0.7    15   184   123   188   118   247 0.52 -
scaffold1.g5555.t1   -           1200 7700at3041           -            187   3.4e-09   35.5   5.1   2   4     0.017       1.1    7.8   0.0   133   180   270   316   265   323 0.80 -
scaffold1.g5555.t1   -           1200 7700at3041           -            187   3.4e-09   35.5   5.1   3   4     0.016         1    7.9   0.1    14    41   369   396   360   419 0.84 -
scaffold1.g5555.t1   -           1200 7700at3041           -            187   3.4e-09   35.5   5.1   4   4       1.7   1.1e+02    1.2   0.0   102   147   390   435   389   439 0.93 -
scaffold3.g6519.t1   -            342 7700at3041           -            187   3.9e-09   35.3   1.2   1   3     0.015      0.97    8.0   0.1   144   177    26    60     8    69 0.75 -
scaffold3.g6519.t1   -            342 7700at3041           -            187   3.9e-09   35.3   1.2   2   3    0.0096      0.62    8.6   0.0   144   185    71   115    64   117 0.81 -
scaffold3.g6519.t1   -            342 7700at3041           -            187   3.9e-09   35.3   1.2   3   3   0.00013    0.0087   14.6   0.0   104   178   152   234   132   241 0.67 -
scaffold12.g8229.t1  -            415 7700at3041           -            187     5e-09   35.0   0.8   1   3    0.0089      0.58    8.7   0.0    23    54   218   249   196   257 0.80 -
scaffold12.g8229.t1  -            415 7700at3041           -            187     5e-09   35.0   0.8   2   3   3.3e-06   0.00021   19.9   0.1    16    74   273   330   262   337 0.91 -
scaffold12.g8229.t1  -            415 7700at3041           -            187     5e-09   35.0   0.8   3   3      0.36        23    3.5   0.0   113   175   343   411   323   415 0.60 -
scaffold1.g5676.t1   -            825 7700at3041           -            187   9.4e-09   34.1   6.7   1   5     0.064       4.1    5.9   0.0   150   178    14    42     5    52 0.80 -
scaffold1.g5676.t1   -            825 7700at3041           -            187   9.4e-09   34.1   6.7   2   5   0.00017     0.011   14.3   0.0   142   175    54    88    44    93 0.68 -
scaffold1.g5676.t1   -            825 7700at3041           -            187   9.4e-09   34.1   6.7   3   5      0.51        33    3.0   0.1   143   186   120   164   116   168 0.84 -
scaffold1.g5676.t1   -            825 7700at3041           -            187   9.4e-09   34.1   6.7   4   5       1.4        90    1.6   0.0    89   104   186   201   178   207 0.87 -
scaffold1.g5676.t1   -            825 7700at3041           -            187   9.4e-09   34.1   6.7   5   5     0.016         1    7.9   0.1    25    68   400   444   389   449 0.81 -
scaffold8.g1654.t1   -            636 7700at3041           -            187   1.2e-08   33.7   1.8   1   4   0.00038     0.024   13.2   0.0   139   177   185   224   179   232 0.86 -
scaffold8.g1654.t1   -            636 7700at3041           -            187   1.2e-08   33.7   1.8   2   4     0.004      0.26    9.8   0.1   159   177   299   317   273   327 0.78 -
scaffold8.g1654.t1   -            636 7700at3041           -            187   1.2e-08   33.7   1.8   3   4       1.1        70    1.9   0.0   159   179   345   366   334   372 0.62 -
scaffold8.g1654.t1   -            636 7700at3041           -            187   1.2e-08   33.7   1.8   4   4      0.15       9.7    4.7   0.1    17    68   389   440   380   446 0.80 -
scaffold20.g7661.t1  -            320 7700at3041           -            187   1.2e-08   33.7   3.2   1   3      0.48        31    3.1   0.2    46    73    17    44    14    56 0.72 -
scaffold20.g7661.t1  -            320 7700at3041           -            187   1.2e-08   33.7   3.2   2   3   6.9e-06   0.00044   18.9   0.1   121   185    67   136    57   138 0.76 -
scaffold20.g7661.t1  -            320 7700at3041           -            187   1.2e-08   33.7   3.2   3   3     0.026       1.7    7.2   0.0   152   185   222   256   176   258 0.81 -
scaffold2.g6805.t1   -            404 7700at3041           -            187   1.4e-08   33.6   0.1   1   3    0.0044      0.29    9.7   0.0    11    58    61   109    50   123 0.75 -
scaffold2.g6805.t1   -            404 7700at3041           -            187   1.4e-08   33.6   0.1   2   3       2.1   1.3e+02    1.0   0.0   144   174   135   167   130   175 0.64 -
scaffold2.g6805.t1   -            404 7700at3041           -            187   1.4e-08   33.6   0.1   3   3   8.4e-06   0.00055   18.6   0.0   143   185   183   233   177   235 0.73 -
scaffold3.g6376.t1   -            447 7700at3041           -            187   1.5e-08   33.4   4.7   1   4       1.4        89    1.6   0.0    35    75   143   184   137   186 0.67 -
scaffold3.g6376.t1   -            447 7700at3041           -            187   1.5e-08   33.4   4.7   2   4   8.4e-05    0.0055   15.3   0.1   141   178   252   291   247   301 0.80 -
scaffold3.g6376.t1   -            447 7700at3041           -            187   1.5e-08   33.4   4.7   3   4    0.0076      0.49    8.9   0.1   147   178   302   335   295   340 0.63 -
scaffold3.g6376.t1   -            447 7700at3041           -            187   1.5e-08   33.4   4.7   4   4     0.091       5.9    5.4   0.1   145   178   346   381   341   385 0.74 -
scaffold9.g3281.t1   -            494 7700at3041           -            187   4.7e-08   31.8   9.1   1   3   7.7e-06    0.0005   18.7   0.6    14    74    97   158    86   186 0.80 -
scaffold9.g3281.t1   -            494 7700at3041           -            187   4.7e-08   31.8   9.1   2   3    0.0067      0.43    9.1   0.0   148   181   209   244   204   251 0.78 -
scaffold9.g3281.t1   -            494 7700at3041           -            187   4.7e-08   31.8   9.1   3   3    0.0031       0.2   10.2   2.3    15    72   225   298   217   304 0.65 -
scaffold1.g5222.t1   -           1616 7700at3041           -            187     5e-08   31.7   6.4   1   2   8.4e-06   0.00055   18.6   0.2    23    73    33    86    15    95 0.77 -
scaffold1.g5222.t1   -           1616 7700at3041           -            187     5e-08   31.7   6.4   2   2   0.00027     0.018   13.6   0.1   142   180   996  1034   976  1040 0.88 -
scaffold12.g7960.t1  -           1556 7700at3041           -            187   1.1e-07   30.6   4.4   1   5       8.7   5.6e+02   -1.0   0.1    34    82   452   497   438   512 0.75 -
scaffold12.g7960.t1  -           1556 7700at3041           -            187   1.1e-07   30.6   4.4   2   5       2.3   1.5e+02    0.9   0.0   158   184   524   550   512   553 0.87 -
scaffold12.g7960.t1  -           1556 7700at3041           -            187   1.1e-07   30.6   4.4   3   5      0.31        20    3.7   0.0   148   180   712   745   708   751 0.66 -
scaffold12.g7960.t1  -           1556 7700at3041           -            187   1.1e-07   30.6   4.4   4   5   3.2e-05    0.0021   16.7   0.3    15    74   821   879   810   888 0.86 -
scaffold12.g7960.t1  -           1556 7700at3041           -            187   1.1e-07   30.6   4.4   5   5     0.069       4.5    5.8   0.0   118   184   967  1040   930  1043 0.69 -
scaffold10.g2337.t1  -            525 7700at3041           -            187   1.1e-07   30.6   1.0   1   2   4.7e-07     3e-05   22.7   0.3    16    74   322   388   318   392 0.82 -
scaffold10.g2337.t1  -            525 7700at3041           -            187   1.1e-07   30.6   1.0   2   2     0.068       4.4    5.8   0.0   151   179   402   430   394   436 0.89 -
scaffold6.g2859.t1   -            541 7700at3041           -            187   2.2e-07   29.7   6.5   1   4      0.47        30    3.1   0.0    11   178   176   196   146   206 0.56 -
scaffold6.g2859.t1   -            541 7700at3041           -            187   2.2e-07   29.7   6.5   2   4    0.0012     0.076   11.6   0.0   142   180   228   268   217   276 0.85 -
scaffold6.g2859.t1   -            541 7700at3041           -            187   2.2e-07   29.7   6.5   3   4     0.053       3.4    6.2   0.0   153   178   285   312   270   315 0.77 -
scaffold6.g2859.t1   -            541 7700at3041           -            187   2.2e-07   29.7   6.5   4   4      0.01      0.67    8.5   0.1   145   177   322   356   317   359 0.78 -
scaffold7.g3687.t1   -           1257 7700at3041           -            187   2.5e-07   29.4   7.2   1   4         6   3.9e+02   -0.5   0.0    10    28    19    37    12    51 0.75 -
scaffold7.g3687.t1   -           1257 7700at3041           -            187   2.5e-07   29.4   7.2   2   4   0.00031      0.02   13.5   0.0    15    72    89   156    84   161 0.83 -
scaffold7.g3687.t1   -           1257 7700at3041           -            187   2.5e-07   29.4   7.2   3   4      0.14       9.1    4.8   0.0    14    74   193   256   178   264 0.71 -
scaffold7.g3687.t1   -           1257 7700at3041           -            187   2.5e-07   29.4   7.2   4   4    0.0003      0.02   13.5   0.0    21    73   248   302   233   305 0.83 -
scaffold7.g3732.t1   -            473 7700at3041           -            187   2.7e-07   29.3   1.1   1   4   0.00032     0.021   13.4   0.0   143   183    58    99    32   103 0.86 -
scaffold7.g3732.t1   -            473 7700at3041           -            187   2.7e-07   29.3   1.1   2   4      0.96        62    2.1   0.0   160   186   154   180   144   181 0.82 -
scaffold7.g3732.t1   -            473 7700at3041           -            187   2.7e-07   29.3   1.1   3   4       2.3   1.5e+02    0.8   0.0   151   186   185   220   182   221 0.89 -
scaffold7.g3732.t1   -            473 7700at3041           -            187   2.7e-07   29.3   1.1   4   4     0.018       1.2    7.7   0.0    16    57   239   280   226   298 0.87 -
scaffold6.g2759.t1   -            493 7700at3041           -            187   3.2e-07   29.1   3.8   1   4   1.2e-06   7.6e-05   21.4   0.1   143   186   203   247   199   248 0.88 -
scaffold6.g2759.t1   -            493 7700at3041           -            187   3.2e-07   29.1   3.8   2   4       1.1        72    1.9   0.0    18    63   269   317   263   340 0.80 -
scaffold6.g2759.t1   -            493 7700at3041           -            187   3.2e-07   29.1   3.8   3   4       2.2   1.4e+02    0.9   0.0   125   145   405   425   379   442 0.68 -
scaffold6.g2759.t1   -            493 7700at3041           -            187   3.2e-07   29.1   3.8   4   4       1.1        70    1.9   0.2   144   176   443   476   433   481 0.71 -
scaffold22.g6070.t1  -           1037 7700at3041           -            187   5.3e-07   28.4   0.0   1   3      0.18        11    4.5   0.0   141   183    74   119    71   123 0.74 -
scaffold22.g6070.t1  -           1037 7700at3041           -            187   5.3e-07   28.4   0.0   2   3   1.8e-05    0.0012   17.5   0.0     8    70   131   194   125   199 0.82 -
scaffold22.g6070.t1  -           1037 7700at3041           -            187   5.3e-07   28.4   0.0   3   3       2.3   1.5e+02    0.9   0.0    58    73   358   373   324   378 0.76 -
scaffold1.g5513.t1   -            301 7700at3041           -            187   7.2e-07   28.0   2.3   1   4     0.026       1.7    7.2   0.1   157   179    21    43    11    51 0.83 -
scaffold1.g5513.t1   -            301 7700at3041           -            187   7.2e-07   28.0   2.3   2   4   0.00034     0.022   13.3   0.0   123   178    63   123    50   134 0.67 -
scaffold1.g5513.t1   -            301 7700at3041           -            187   7.2e-07   28.0   2.3   3   4      0.23        15    4.1   0.0    46    71   182   207   178   219 0.78 -
scaffold1.g5513.t1   -            301 7700at3041           -            187   7.2e-07   28.0   2.3   4   4       5.3   3.4e+02   -0.3   0.0   112   130   243   261   236   268 0.57 -
scaffold17.g454.t1   -            957 7700at3041           -            187   7.4e-07   27.9   2.1   1   2    0.0021      0.13   10.8   0.0    16    73   115   171   103   174 0.84 -
scaffold17.g454.t1   -            957 7700at3041           -            187   7.4e-07   27.9   2.1   2   2   0.00011    0.0068   15.0   0.1    41    80   201   240   186   251 0.86 -
scaffold12.g8034.t1  -            367 7700at3041           -            187   9.5e-07   27.6   1.9   1   3       0.4        26    3.3   0.1   152   178   143   171   116   177 0.68 -
scaffold12.g8034.t1  -            367 7700at3041           -            187   9.5e-07   27.6   1.9   2   3    0.0047       0.3    9.6   0.1   145   183   179   217   172   221 0.87 -
scaffold12.g8034.t1  -            367 7700at3041           -            187   9.5e-07   27.6   1.9   3   3   0.00058     0.037   12.6   0.0   144   179   280   317   267   323 0.83 -
scaffold9.g3289.t1   -            387 7700at3041           -            187   1.1e-06   27.3   4.5   1   4      0.91        59    2.1   0.1    15    31    84   100    78   114 0.86 -
scaffold9.g3289.t1   -            387 7700at3041           -            187   1.1e-06   27.3   4.5   2   4    0.0018      0.12   11.0   0.3   148   179   117   152   105   160 0.78 -
scaffold9.g3289.t1   -            387 7700at3041           -            187   1.1e-06   27.3   4.5   3   4     3e-06    0.0002   20.0   1.9     8    71   128   192   122   196 0.87 -
scaffold9.g3289.t1   -            387 7700at3041           -            187   1.1e-06   27.3   4.5   4   4       1.2        79    1.7   0.0    16    67   224   276   214   285 0.73 -
scaffold40.g5151.t1  -            579 7700at3041           -            187   1.4e-06   27.0   6.2   1   5     0.074       4.8    5.7   0.0   145   177   167   208   106   215 0.79 -
scaffold40.g5151.t1  -            579 7700at3041           -            187   1.4e-06   27.0   6.2   2   5   0.00015    0.0096   14.5   0.0   143   178   246   284   241   288 0.82 -
scaffold40.g5151.t1  -            579 7700at3041           -            187   1.4e-06   27.0   6.2   3   5      0.68        44    2.6   0.0   142   158   298   314   289   322 0.86 -
scaffold40.g5151.t1  -            579 7700at3041           -            187   1.4e-06   27.0   6.2   4   5       1.5        96    1.5   0.0   163   179   337   353   331   361 0.83 -
scaffold40.g5151.t1  -            579 7700at3041           -            187   1.4e-06   27.0   6.2   5   5         3   1.9e+02    0.5   0.2    39    67   520   546   483   555 0.62 -
scaffold2.g6803.t1   -            619 7700at3041           -            187   2.7e-06   26.1   1.1   1   3      0.65        42    2.6   0.0   148   178    57    88    45    95 0.73 -
scaffold2.g6803.t1   -            619 7700at3041           -            187   2.7e-06   26.1   1.1   2   3   0.00022     0.014   14.0   0.1   138   184    91   138    61   141 0.59 -
scaffold2.g6803.t1   -            619 7700at3041           -            187   2.7e-06   26.1   1.1   3   3     0.029       1.9    7.0   0.1    18    74   165   224   157   236 0.78 -
scaffold15.g4216.t1  -            906 7700at3041           -            187   3.6e-06   25.7   1.1   1   3      0.61        40    2.7   0.0   147   178   619   655   615   665 0.63 -
scaffold15.g4216.t1  -            906 7700at3041           -            187   3.6e-06   25.7   1.1   2   3   0.00071     0.046   12.3   0.0   126   179   719   779   712   785 0.70 -
scaffold15.g4216.t1  -            906 7700at3041           -            187   3.6e-06   25.7   1.1   3   3     0.035       2.3    6.8   0.3    11    75   804   868   794   871 0.76 -
scaffold5.g863.t1    -           1475 7700at3041           -            187   4.1e-06   25.5   0.0   1   2   8.9e-06   0.00058   18.5   0.0   144   185   833   875   827   877 0.88 -
scaffold5.g863.t1    -           1475 7700at3041           -            187   4.1e-06   25.5   0.0   2   2      0.21        13    4.3   0.0    43    72  1115  1144  1111  1152 0.90 -
scaffold1.g5330.t1   -            505 7700at3041           -            187   1.2e-05   23.9   0.1   1   2    0.0001    0.0066   15.0   0.0   143   179   193   230   179   237 0.85 -
scaffold1.g5330.t1   -            505 7700at3041           -            187   1.2e-05   23.9   0.1   2   2     0.065       4.2    5.9   0.0    18    72   437   500   431   504 0.76 -
scaffold4.g5053.t1   -           1198 7700at3041           -            187   1.7e-05   23.5   5.0   1   4         2   1.3e+02    1.0   0.0    35    71    49    88    44    93 0.57 -
scaffold4.g5053.t1   -           1198 7700at3041           -            187   1.7e-05   23.5   5.0   2   4     0.069       4.5    5.8   0.1   143   178   153   187   147   195 0.86 -
scaffold4.g5053.t1   -           1198 7700at3041           -            187   1.7e-05   23.5   5.0   3   4   0.00024     0.015   13.8   0.0   119   181   206   276   189   281 0.73 -
scaffold4.g5053.t1   -           1198 7700at3041           -            187   1.7e-05   23.5   5.0   4   4       2.4   1.6e+02    0.8   0.1   143   168   323   348   290   354 0.61 -
scaffold9.g3250.t1   -            477 7700at3041           -            187   2.5e-05   22.9   0.6   1   3     0.085       5.5    5.5   0.0    16    58   134   181   124   196 0.68 -
scaffold9.g3250.t1   -            477 7700at3041           -            187   2.5e-05   22.9   0.6   2   3    0.0041      0.26    9.8   0.0    20    76   184   237   161   244 0.77 -
scaffold9.g3250.t1   -            477 7700at3041           -            187   2.5e-05   22.9   0.6   3   3      0.41        27    3.3   0.0    14    62   288   339   281   342 0.76 -
scaffold3.g6218.t1   -            709 7700at3041           -            187   2.8e-05   22.8   0.1   1   4   0.00013    0.0085   14.7   0.0   146   180    45    80    22    85 0.89 -
scaffold3.g6218.t1   -            709 7700at3041           -            187   2.8e-05   22.8   0.1   2   4       8.1   5.2e+02   -0.9   0.0   157   176   102   121    88   131 0.62 -
scaffold3.g6218.t1   -            709 7700at3041           -            187   2.8e-05   22.8   0.1   3   4       1.6   1.1e+02    1.3   0.0   124   178   105   168    97   177 0.53 -
scaffold3.g6218.t1   -            709 7700at3041           -            187   2.8e-05   22.8   0.1   4   4       1.8   1.1e+02    1.2   0.0   144   180   541   581   502   588 0.66 -
scaffold4.g4975.t1   -            596 7700at3041           -            187   5.8e-05   21.7   2.1   1   2     0.037       2.4    6.7   0.1   105   178   313   393   267   399 0.82 -
scaffold4.g4975.t1   -            596 7700at3041           -            187   5.8e-05   21.7   2.1   2   2   0.00028     0.018   13.6   0.2   143   178   400   435   395   440 0.94 -
scaffold2.g7499.t1   -            944 7700at3041           -            187   6.3e-05   21.6   8.5   1   5    0.0018      0.12   11.0   0.0   143   181     5    44     1    50 0.81 -
scaffold2.g7499.t1   -            944 7700at3041           -            187   6.3e-05   21.6   8.5   2   5       1.7   1.1e+02    1.3   0.4   110   146    52    88    47   110 0.71 -
scaffold2.g7499.t1   -            944 7700at3041           -            187   6.3e-05   21.6   8.5   3   5       4.5   2.9e+02   -0.1   0.0     4    32   100   132    97   133 0.79 -
scaffold2.g7499.t1   -            944 7700at3041           -            187   6.3e-05   21.6   8.5   4   5      0.33        21    3.6   0.0   145   183   161   201   147   205 0.81 -
scaffold2.g7499.t1   -            944 7700at3041           -            187   6.3e-05   21.6   8.5   5   5     0.076       4.9    5.7   0.1   142   178   308   347   283   354 0.68 -
scaffold20.g7752.t1  -           1301 7700at3041           -            187   6.3e-05   21.6   0.4   1   4       3.9   2.5e+02    0.1   0.1     7    37   979  1009   971  1029 0.67 -
scaffold20.g7752.t1  -           1301 7700at3041           -            187   6.3e-05   21.6   0.4   2   4   9.8e-07   6.3e-05   21.6   0.4    11    74  1038  1107  1030  1114 0.85 -
scaffold20.g7752.t1  -           1301 7700at3041           -            187   6.3e-05   21.6   0.4   3   4       7.9   5.1e+02   -0.9   0.0   158   179  1134  1155  1123  1159 0.68 -
scaffold20.g7752.t1  -           1301 7700at3041           -            187   6.3e-05   21.6   0.4   4   4       5.5   3.6e+02   -0.4   0.2    10    30  1216  1237  1209  1242 0.72 -
scaffold13.g207.t1   -           1260 7700at3041           -            187   6.4e-05   21.6   5.7   1   2    0.0037      0.24    9.9   0.2    14    71   696   752   690   758 0.91 -
scaffold13.g207.t1   -           1260 7700at3041           -            187   6.4e-05   21.6   5.7   2   2   0.00032     0.021   13.4   0.1    13    72   781   840   773   847 0.78 -
scaffold6.g2527.t1   -           1467 7700at3041           -            187   6.7e-05   21.5   2.3   1   2      0.13       8.6    4.9   0.0    46    73   181   208   140   213 0.73 -
scaffold6.g2527.t1   -           1467 7700at3041           -            187   6.7e-05   21.5   2.3   2   2    0.0006     0.039   12.5   0.0    20    70   247   297   237   303 0.90 -
scaffold9.g3171.t1   -           1862 7700at3041           -            187   6.9e-05   21.5   0.3   1   3       2.2   1.4e+02    0.9   0.0   125   159   131   168   110   179 0.82 -
scaffold9.g3171.t1   -           1862 7700at3041           -            187   6.9e-05   21.5   0.3   2   3   1.1e-06   6.9e-05   21.5   0.3    14    74   252   312   243   331 0.93 -
scaffold9.g3171.t1   -           1862 7700at3041           -            187   6.9e-05   21.5   0.3   3   3       4.3   2.8e+02   -0.0   0.1    15    31   372   388   363   396 0.60 -
scaffold1.g5412.t1   -            551 7700at3041           -            187   7.7e-05   21.3   1.2   1   2     0.088       5.7    5.5   0.0    45    76   147   178   144   181 0.89 -
scaffold1.g5412.t1   -            551 7700at3041           -            187   7.7e-05   21.3   1.2   2   2   0.00048     0.031   12.8   0.2    11    73   278   343   269   352 0.82 -
scaffold14.g1144.t1  -            409 7700at3041           -            187   7.7e-05   21.3   0.1   1   1   5.7e-06   0.00037   19.1   0.1   112   182   102   178    97   184 0.78 -
scaffold22.g6071.t1  -            990 7700at3041           -            187   8.8e-05   21.1  10.8   1   4   5.2e-05    0.0034   16.0   0.2   148   186   325   365   279   366 0.81 -
scaffold22.g6071.t1  -            990 7700at3041           -            187   8.8e-05   21.1  10.8   2   4   0.00034     0.022   13.3   1.1    16    80   342   411   341   424 0.65 -
scaffold22.g6071.t1  -            990 7700at3041           -            187   8.8e-05   21.1  10.8   3   4      0.16        10    4.6   0.1    37    73   440   477   414   495 0.77 -
scaffold22.g6071.t1  -            990 7700at3041           -            187   8.8e-05   21.1  10.8   4   4      0.28        18    3.8   0.2    15    32   507   524   500   532 0.85 -
scaffold14.g1076.t1  -            770 7700at3041           -            187   9.4e-05   21.1   0.1   1   2       1.5        96    1.5   0.1    17    68    15    73     8    81 0.72 -
scaffold14.g1076.t1  -            770 7700at3041           -            187   9.4e-05   21.1   0.1   2   2     3e-05    0.0019   16.8   0.0   140   183    81   126    76   129 0.88 -
scaffold7.g3486.t1   -           4321 7700at3041           -            187   0.00011   20.8   2.6   1   4       3.4   2.2e+02    0.3   0.1    16    62  3894  3940  3884  3946 0.85 -
scaffold7.g3486.t1   -           4321 7700at3041           -            187   0.00011   20.8   2.6   2   4       0.8        52    2.3   0.0    83   102  3982  4001  3979  4012 0.85 -
scaffold7.g3486.t1   -           4321 7700at3041           -            187   0.00011   20.8   2.6   3   4      0.04       2.6    6.6   0.1    14    39  4053  4078  4037  4089 0.84 -
scaffold7.g3486.t1   -           4321 7700at3041           -            187   0.00011   20.8   2.6   4   4     0.027       1.7    7.1   0.0    86   180  4096  4197  4090  4203 0.79 -
scaffold1.g5533.t1   -           1599 7700at3041           -            187   0.00014   20.5   4.6   1   4      0.19        12    4.4   0.1    21    72  1158  1215  1144  1220 0.64 -
scaffold1.g5533.t1   -           1599 7700at3041           -            187   0.00014   20.5   4.6   2   4      0.25        16    4.0   0.0   156   187  1348  1379  1343  1379 0.85 -
scaffold1.g5533.t1   -           1599 7700at3041           -            187   0.00014   20.5   4.6   3   4       3.2   2.1e+02    0.4   0.0    54    71  1443  1460  1430  1463 0.74 -
scaffold1.g5533.t1   -           1599 7700at3041           -            187   0.00014   20.5   4.6   4   4     0.012      0.76    8.3   0.1    37    71  1564  1599  1543  1599 0.77 -
scaffold1.g5680.t1   -           1322 7700at3041           -            187   0.00015   20.4   0.0   1   1   7.9e-06   0.00051   18.7   0.0   127   177   280   341   274   345 0.75 -
scaffold7.g3522.t1   -            819 7700at3041           -            187   0.00018   20.1   1.6   1   3       4.3   2.8e+02   -0.1   0.2   158   178   497   519   480   526 0.62 -
scaffold7.g3522.t1   -            819 7700at3041           -            187   0.00018   20.1   1.6   2   3    0.0023      0.15   10.6   0.0   141   178   622   661   595   668 0.70 -
scaffold7.g3522.t1   -            819 7700at3041           -            187   0.00018   20.1   1.6   3   3      0.11       7.4    5.1   0.0    12    73   684   748   678   750 0.84 -
scaffold14.g1147.t1  -            330 7700at3041           -            187   0.00022   19.8   2.5   1   2       0.7        46    2.5   0.1    12    72    79   142    68   144 0.61 -
scaffold14.g1147.t1  -            330 7700at3041           -            187   0.00022   19.8   2.5   2   2   2.3e-05    0.0015   17.2   0.3    89   183   128   233   122   240 0.70 -
scaffold1.g5611.t1   -            394 7700at3041           -            187   0.00026   19.6   0.3   1   1     3e-05    0.0019   16.8   0.0   128   186    87   152    72   153 0.71 -
scaffold29.g5956.t1  -            777 7700at3041           -            187   0.00036   19.2   0.2   1   1     2e-05    0.0013   17.4   0.2    15    63   358   406   349   417 0.87 -
scaffold2.g6871.t1   -            475 7700at3041           -            187   0.00036   19.2   0.0   1   4       6.9   4.5e+02   -0.7   0.0   159   179   240   260   229   266 0.63 -
scaffold2.g6871.t1   -            475 7700at3041           -            187   0.00036   19.2   0.0   2   4    0.0015     0.095   11.3   0.1   137   184   258   307   247   310 0.80 -
scaffold2.g6871.t1   -            475 7700at3041           -            187   0.00036   19.2   0.0   3   4       4.8   3.1e+02   -0.2   0.0    96   130   309   343   305   361 0.80 -
scaffold2.g6871.t1   -            475 7700at3041           -            187   0.00036   19.2   0.0   4   4      0.63        41    2.7   0.0   107   151   421   466   415   473 0.86 -
scaffold8.g1574.t1   -            568 7700at3041           -            187   0.00049   18.7   1.4   1   2      0.14       9.3    4.8   0.1    20    62    39    81    27    88 0.85 -
scaffold8.g1574.t1   -            568 7700at3041           -            187   0.00049   18.7   1.4   2   2   0.00011    0.0071   14.9   0.5     6    73    67   133    62   137 0.80 -
scaffold12.g8210.t1  -            376 7700at3041           -            187    0.0015   17.1   7.3   1   2    0.0001    0.0066   15.0   0.1    76   138    39   105    30   116 0.72 -
scaffold12.g8210.t1  -            376 7700at3041           -            187    0.0015   17.1   7.3   2   2      0.13       8.5    4.9   0.9    11    31   245   265   237   314 0.74 -
scaffold13.g209.t1   -           1053 7700at3041           -            187    0.0015   17.1   1.2   1   3     0.078       5.1    5.6   0.0    19    68   121   170   103   178 0.83 -
scaffold13.g209.t1   -           1053 7700at3041           -            187    0.0015   17.1   1.2   2   3       1.8   1.2e+02    1.2   0.0   161   184   202   225   182   228 0.69 -
scaffold13.g209.t1   -           1053 7700at3041           -            187    0.0015   17.1   1.2   3   3     0.053       3.4    6.2   0.1    40    75   327   362   296   402 0.75 -
scaffold6.g2669.t1   -           2321 7700at3041           -            187    0.0018   16.9   0.1   1   2     0.016         1    7.9   0.0    12    73    88   154    79   178 0.67 -
scaffold6.g2669.t1   -           2321 7700at3041           -            187    0.0018   16.9   0.1   2   2     0.057       3.7    6.1   0.0   150   180   233   264   223   270 0.63 -
scaffold7.g3623.t1   -           1055 7700at3041           -            187    0.0021   16.6   2.5   1   2       2.5   1.7e+02    0.7   0.0    11    34   743   766   733   774 0.81 -
scaffold7.g3623.t1   -           1055 7700at3041           -            187    0.0021   16.6   2.5   2   2   0.00029     0.019   13.5   0.1   155   180   943   968   897   976 0.81 -
scaffold9.g3268.t1   -           1154 7700at3041           -            187    0.0033   16.0   0.0   1   1   0.00021     0.014   14.0   0.0    12    71    60   118    52   124 0.80 -
scaffold20.g7769.t1  -            577 7700at3041           -            187     0.004   15.7   0.4   1   3     0.014      0.92    8.0   0.0   142   178   256   295   229   299 0.80 -
scaffold20.g7769.t1  -            577 7700at3041           -            187     0.004   15.7   0.4   2   3       1.6   1.1e+02    1.3   0.0     8   156   323   369   318   399 0.49 -
scaffold20.g7769.t1  -            577 7700at3041           -            187     0.004   15.7   0.4   3   3       1.1        69    1.9   0.1     7    34   457   484   442   499 0.77 -
scaffold29.g5930.t1  -            924 7700at3041           -            187     0.006   15.2   1.8   1   2   0.00094     0.061   11.9   0.0   131   182   719   775   702   780 0.61 -
scaffold29.g5930.t1  -            924 7700at3041           -            187     0.006   15.2   1.8   2   2       2.8   1.8e+02    0.6   0.4     9    32   789   815   786   819 0.75 -
scaffold3.g6546.t1   -            658 7700at3041           -            187    0.0075   14.9   0.7   1   2    0.0076      0.49    8.9   0.0   143   178   169   206   165   213 0.82 -
scaffold3.g6546.t1   -            658 7700at3041           -            187    0.0075   14.9   0.7   2   2      0.51        33    3.0   0.0   160   177   399   416   388   419 0.90 -
scaffold1.g5312.t1   -           2656 7700at3041           -            187    0.0093   14.5   0.0   1   2      0.02       1.3    7.6   0.0   140   183   874   919   855   921 0.79 -
scaffold1.g5312.t1   -           2656 7700at3041           -            187    0.0093   14.5   0.0   2   2      0.34        22    3.6   0.0   151   178   942   968   931   971 0.81 -
scaffold8.g1575.t1   -            681 7700at3041           -            187      0.01   14.4   0.1   1   3      0.54        35    2.9   0.1   148   175    80   108    74   118 0.58 -
scaffold8.g1575.t1   -            681 7700at3041           -            187      0.01   14.4   0.1   2   3   0.00016      0.01   14.4   0.1   142   180   139   178   124   183 0.59 -
scaffold8.g1575.t1   -            681 7700at3041           -            187      0.01   14.4   0.1   3   3       1.1        72    1.9   2.5    46   100   465   519   428   524 0.75 -
scaffold9.g3224.t1   -            838 7700at3041           -            187     0.014   13.9   4.3   1   4       6.6   4.3e+02   -0.6   0.1    31    55     8    32     5    56 0.69 -
scaffold9.g3224.t1   -            838 7700at3041           -            187     0.014   13.9   4.3   2   4    0.0052      0.34    9.5   0.1    28    71   111   154   104   166 0.76 -
scaffold9.g3224.t1   -            838 7700at3041           -            187     0.014   13.9   4.3   3   4    0.0037      0.24   10.0   0.6    13    73   138   195   126   199 0.82 -
scaffold9.g3224.t1   -            838 7700at3041           -            187     0.014   13.9   4.3   4   4       1.6     1e+02    1.4   0.0   151   183   224   257   220   261 0.62 -
scaffold17.g515.t1   -            555 7700at3041           -            187     0.036   12.6   4.5   1   3     0.014      0.91    8.1   0.0   153   185    33    66    26    71 0.53 -
scaffold17.g515.t1   -            555 7700at3041           -            187     0.036   12.6   4.5   2   3      0.37        24    3.4   0.1    46    74    89   117    84   129 0.78 -
scaffold17.g515.t1   -            555 7700at3041           -            187     0.036   12.6   4.5   3   3       6.3   4.1e+02   -0.6   0.1   164   186   380   402   364   403 0.67 -
scaffold14.g1060.t1  -           1181 7700at3041           -            187     0.097   11.2   9.2   1   2      0.21        13    4.3   2.3     5    71    44   114    40   121 0.64 -
scaffold14.g1060.t1  -           1181 7700at3041           -            187     0.097   11.2   9.2   2   2    0.0061      0.39    9.3   0.7     8    69   137   202   133   211 0.80 -
scaffold21.g2153.t1  -           1577 7700at3041           -            187      0.73    8.4   6.9   1   4      0.17        11    4.5   0.0    16    37    89   110    82   114 0.71 -
scaffold21.g2153.t1  -           1577 7700at3041           -            187      0.73    8.4   6.9   2   4       9.2     6e+02   -1.1   0.0   147   180   278   311   272   315 0.84 -
scaffold21.g2153.t1  -           1577 7700at3041           -            187      0.73    8.4   6.9   3   4       1.5        94    1.5   0.1    15    69   478   539   464   552 0.79 -
scaffold21.g2153.t1  -           1577 7700at3041           -            187      0.73    8.4   6.9   4   4       1.3        86    1.6   0.0    12    42   722   752   714   785 0.84 -
scaffold3.g6634.t1   -           1510 7700at3041           -            187       1.7    7.2   7.5   1   2     0.012      0.79    8.3   0.0   102   183    36   122    24   125 0.79 -
scaffold3.g6634.t1   -           1510 7700at3041           -            187       1.7    7.2   7.5   2   2       1.5        94    1.5   0.0   165   180   523   538   517   594 0.88 -
#
# Program:         hmmsearch
# Version:         3.1b2 (February 2015)
# Pipeline mode:   SEARCH
# Query file:      /Users/catrionaharrison/Documents/Bioinformatics/rp2/Data/genomes/busco/busco_downloads/lineages/chlorophyta_odb10/hmms/7700at3041.hmm
# Target file:     /Users/catrionaharrison/Documents/Bioinformatics/rp2/Data/genomes/busco/data/a99.prot.fasta
# Option settings: hmmsearch --domtblout /Users/catrionaharrison/Documents/Bioinformatics/rp2/Data/genomes/busco/Busco_a99/run_chlorophyta_odb10/hmmer_output/initial_run_results/7700at3041.out --cpu 1 /Users/catrionaharrison/Documents/Bioinformatics/rp2/Data/genomes/busco/busco_downloads/lineages/chlorophyta_odb10/hmms/7700at3041.hmm /Users/catrionaharrison/Documents/Bioinformatics/rp2/Data/genomes/busco/data/a99.prot.fasta 
# Current dir:     /Users/catrionaharrison/Documents/Bioinformatics/rp2/Data/genomes/busco
# Date:            Fri Jul 22 14:51:59 2022
# [ok]
