#                                                                            --- full sequence --- -------------- this domain -------------   hmm coord   ali coord   env coord
# target name        accession   tlen query name           accession   qlen   E-value  score  bias   #  of  c-Evalue  i-Evalue  score  bias  from    to  from    to  from    to  acc description of target
#------------------- ---------- ----- -------------------- ---------- ----- --------- ------ ----- --- --- --------- --------- ------ ----- ----- ----- ----- ----- ----- ----- ---- ---------------------
scaffold18.g1899.t1  -           1125 8100at3041           -            213   2.4e-63  212.7   0.0   1   2   5.6e-34   1.4e-31  108.8   0.2    24    93   823   903   815   914 0.88 -
scaffold18.g1899.t1  -           1125 8100at3041           -            213   2.4e-63  212.7   0.0   2   2   1.4e-31   3.7e-29  100.9   0.0   107   204   948  1066   919  1074 0.76 -
scaffold8.g1703.t1   -            664 8100at3041           -            213   1.2e-06   27.3   2.5   1   2   4.8e-09   1.2e-06   27.3   2.5     2    39   149   186   148   269 0.73 -
scaffold8.g1703.t1   -            664 8100at3041           -            213   1.2e-06   27.3   2.5   2   2       8.1   2.1e+03   -2.8   0.0    56    79   548   571   537   576 0.77 -
scaffold7.g3470.t1   -            350 8100at3041           -            213   4.9e-06   25.4   4.6   1   1   3.2e-08   8.3e-06   24.6   4.6     2    42   296   337   295   341 0.90 -
scaffold4.g4579.t1   -           3168 8100at3041           -            213   8.1e-06   24.6   0.7   1   1   5.7e-08   1.5e-05   23.8   0.7     6    38  3087  3119  3078  3139 0.85 -
scaffold3.g6705.t1   -            254 8100at3041           -            213   1.6e-05   23.7   4.0   1   2   7.4e-08   1.9e-05   23.4   1.2     2    40   105   144   104   153 0.85 -
scaffold3.g6705.t1   -            254 8100at3041           -            213   1.6e-05   23.7   4.0   2   2      0.84   2.2e+02    0.4   0.1    29    70   206   246   195   251 0.82 -
scaffold7.g3733.t1   -            827 8100at3041           -            213   2.1e-05   23.3   6.0   1   1   1.4e-07   3.7e-05   22.5   6.0     2    37   783   819   782   822 0.93 -
scaffold4.g4716.t1   -            501 8100at3041           -            213   2.9e-05   22.8   3.9   1   1     2e-07   5.3e-05   22.0   3.9     2    39   441   480   440   490 0.89 -
scaffold23.g4163.t1  -            324 8100at3041           -            213   3.1e-05   22.8   3.2   1   1   1.9e-07   4.8e-05   22.1   3.2     6    37   277   308   272   319 0.91 -
scaffold11.g4030.t1  -            451 8100at3041           -            213     5e-05   22.1   2.2   1   1     3e-07   7.7e-05   21.4   2.2     7    42   399   434   392   445 0.84 -
scaffold11.g3904.t1  -            366 8100at3041           -            213   8.3e-05   21.3   3.8   1   1     5e-07   0.00013   20.7   3.8     2    38   305   342   304   347 0.88 -
scaffold11.g3912.t1  -            441 8100at3041           -            213   9.2e-05   21.2   3.4   1   1   5.6e-07   0.00015   20.5   3.4     2    38   383   420   382   425 0.89 -
scaffold11.g3902.t1  -            394 8100at3041           -            213   0.00012   20.9   3.5   1   1   7.2e-07   0.00019   20.2   3.5     9    39   348   378   339   384 0.84 -
scaffold8.g1473.t1   -            816 8100at3041           -            213   0.00031   19.5   0.2   1   1   2.2e-06   0.00057   18.6   0.2     7    38   731   763   722   778 0.85 -
scaffold2.g7415.t1   -            294 8100at3041           -            213   0.00036   19.3   0.0   1   1   2.5e-06   0.00064   18.4   0.0    98   183   112   211    94   222 0.75 -
scaffold1.g5525.t1   -            383 8100at3041           -            213   0.00047   18.9   4.7   1   1     3e-06   0.00078   18.2   4.7     2    38   322   358   321   369 0.89 -
scaffold22.g6087.t1  -            479 8100at3041           -            213   0.00099   17.8   1.7   1   1   6.3e-06    0.0016   17.1   1.7     7    38   429   460   422   475 0.83 -
scaffold2.g6907.t1   -            398 8100at3041           -            213     0.001   17.8   5.3   1   1     7e-06    0.0018   17.0   5.3     1    38   355   394   355   396 0.91 -
scaffold16.g135.t1   -            735 8100at3041           -            213    0.0011   17.6   1.3   1   1   7.5e-06    0.0019   16.9   1.3     5    36   663   695   659   713 0.87 -
scaffold2.g7449.t1   -            931 8100at3041           -            213    0.0012   17.6   1.2   1   1   7.2e-06    0.0019   16.9   1.2     7    38   357   389   350   405 0.83 -
scaffold4.g4778.t1   -            716 8100at3041           -            213    0.0012   17.6   3.6   1   1   6.8e-06    0.0018   17.0   3.6     2    40   659   698   658   708 0.87 -
scaffold18.g2061.t1  -           1342 8100at3041           -            213    0.0012   17.6   0.1   1   1   9.4e-06    0.0024   16.5   0.1     2    76  1249  1329  1248  1341 0.79 -
scaffold11.g3930.t1  -            370 8100at3041           -            213    0.0018   17.0   0.4   1   1   1.1e-05    0.0029   16.3   0.4    15    38   330   353   318   363 0.87 -
scaffold4.g4715.t1   -            555 8100at3041           -            213    0.0019   16.9   2.7   1   1   1.4e-05    0.0035   16.0   2.7     2    38   497   535   496   544 0.87 -
scaffold20.g7767.t1  -            233 8100at3041           -            213    0.0027   16.4   4.8   1   1   1.7e-05    0.0043   15.7   4.8     2    38    63    99    62   106 0.93 -
scaffold1.g5209.t1   -           1105 8100at3041           -            213    0.0049   15.6   0.6   1   1   3.1e-05     0.008   14.9   0.6     2    57   456   512   455   527 0.89 -
scaffold20.g7803.t1  -           1845 8100at3041           -            213    0.0051   15.5   3.2   1   1   3.5e-05    0.0092   14.7   3.2     2    42   665   706   664   716 0.85 -
scaffold1.g5813.t1   -           2131 8100at3041           -            213     0.017   13.8   1.5   1   1   0.00013     0.034   12.8   1.5    10    37  2089  2116  2083  2125 0.92 -
scaffold3.g6409.t1   -            800 8100at3041           -            213     0.024   13.3   0.1   1   3    0.0018      0.46    9.1   0.0   119   163    17    58     3    63 0.70 -
scaffold3.g6409.t1   -            800 8100at3041           -            213     0.024   13.3   0.1   2   3       5.4   1.4e+03   -2.3   0.0   159   184    91   117    88   125 0.77 -
scaffold3.g6409.t1   -            800 8100at3041           -            213     0.024   13.3   0.1   3   3      0.65   1.7e+02    0.7   0.0   161   175   314   328   300   336 0.81 -
scaffold3.g6349.t1   -            573 8100at3041           -            213     0.028   13.1   3.1   1   1    0.0002     0.051   12.2   3.1     2    38   317   355   316   359 0.85 -
scaffold1.g5508.t1   -            583 8100at3041           -            213     0.031   12.9   2.2   1   1   0.00022     0.058   12.1   2.2    10    37   545   572   540   578 0.93 -
scaffold14.g1222.t1  -           1512 8100at3041           -            213      0.31    9.7   4.2   1   1     0.002      0.53    8.9   4.2     2    40  1457  1496  1456  1504 0.90 -
scaffold1.g5857.t1   -            538 8100at3041           -            213      0.44    9.2   6.6   1   2       1.4   3.6e+02   -0.3   0.1    83   114   317   348   307   363 0.86 -
scaffold1.g5857.t1   -            538 8100at3041           -            213      0.44    9.2   6.6   2   2   0.00092      0.24   10.0   3.2     2    38   472   508   471   516 0.87 -
#
# Program:         hmmsearch
# Version:         3.1b2 (February 2015)
# Pipeline mode:   SEARCH
# Query file:      /Users/catrionaharrison/Documents/Bioinformatics/rp2/Data/genomes/busco/busco_downloads/lineages/chlorophyta_odb10/hmms/8100at3041.hmm
# Target file:     /Users/catrionaharrison/Documents/Bioinformatics/rp2/Data/genomes/busco/data/a99.prot.fasta
# Option settings: hmmsearch --domtblout /Users/catrionaharrison/Documents/Bioinformatics/rp2/Data/genomes/busco/Busco_a99/run_chlorophyta_odb10/hmmer_output/initial_run_results/8100at3041.out --cpu 1 /Users/catrionaharrison/Documents/Bioinformatics/rp2/Data/genomes/busco/busco_downloads/lineages/chlorophyta_odb10/hmms/8100at3041.hmm /Users/catrionaharrison/Documents/Bioinformatics/rp2/Data/genomes/busco/data/a99.prot.fasta 
# Current dir:     /Users/catrionaharrison/Documents/Bioinformatics/rp2/Data/genomes/busco
# Date:            Fri Jul 22 14:51:04 2022
# [ok]
