#                                                                            --- full sequence --- -------------- this domain -------------   hmm coord   ali coord   env coord
# target name        accession   tlen query name           accession   qlen   E-value  score  bias   #  of  c-Evalue  i-Evalue  score  bias  from    to  from    to  from    to  acc description of target
#------------------- ---------- ----- -------------------- ---------- ----- --------- ------ ----- --- --- --------- --------- ------ ----- ----- ----- ----- ----- ----- ----- ---- ---------------------
scaffold13.g407.t1   -            762 8157at3041           -            269   2.4e-78  262.2   0.2   1   1   6.1e-79     1e-75  253.6   0.2    32   269   471   754   462   754 0.85 -
scaffold29.g5916.t1  -            777 8157at3041           -            269   6.1e-23   80.5   0.7   1   3     0.017        28    2.9   0.0    11    72    21    83    10   102 0.80 -
scaffold29.g5916.t1  -            777 8157at3041           -            269   6.1e-23   80.5   0.7   2   3   4.9e-23   8.1e-20   70.3   0.1    81   197   217   341   206   372 0.82 -
scaffold29.g5916.t1  -            777 8157at3041           -            269   6.1e-23   80.5   0.7   3   3    0.0099        16    3.7   0.0   231   257   418   444   411   453 0.88 -
scaffold6.g2792.t1   -            315 8157at3041           -            269   1.5e-15   56.3   1.7   1   2     0.079   1.3e+02    0.7   0.0    12    63    42    94    32   112 0.77 -
scaffold6.g2792.t1   -            315 8157at3041           -            269   1.5e-15   56.3   1.7   2   2   3.1e-18   5.1e-15   54.5   0.4    80   182   133   241   113   245 0.86 -
scaffold7.g3754.t1   -            908 8157at3041           -            269   7.8e-09   34.2   4.6   1   1   9.6e-12   1.6e-08   33.2   4.6    95   201   688   801   667   803 0.87 -
scaffold6.g2733.t1   -            877 8157at3041           -            269   1.7e-06   26.6   0.3   1   2   0.00013      0.22    9.8   0.4   136   197   224   290   184   296 0.73 -
scaffold6.g2733.t1   -            877 8157at3041           -            269   1.7e-06   26.6   0.3   2   2   7.9e-06     0.013   13.8   0.0   225   260   314   349   302   357 0.86 -
#
# Program:         hmmsearch
# Version:         3.1b2 (February 2015)
# Pipeline mode:   SEARCH
# Query file:      /Users/catrionaharrison/Documents/Bioinformatics/rp2/Data/genomes/busco/busco_downloads/lineages/chlorophyta_odb10/hmms/8157at3041.hmm
# Target file:     /Users/catrionaharrison/Documents/Bioinformatics/rp2/Data/genomes/busco/data/a99.prot.fasta
# Option settings: hmmsearch --domtblout /Users/catrionaharrison/Documents/Bioinformatics/rp2/Data/genomes/busco/Busco_a99/run_chlorophyta_odb10/hmmer_output/initial_run_results/8157at3041.out --cpu 1 /Users/catrionaharrison/Documents/Bioinformatics/rp2/Data/genomes/busco/busco_downloads/lineages/chlorophyta_odb10/hmms/8157at3041.hmm /Users/catrionaharrison/Documents/Bioinformatics/rp2/Data/genomes/busco/data/a99.prot.fasta 
# Current dir:     /Users/catrionaharrison/Documents/Bioinformatics/rp2/Data/genomes/busco
# Date:            Fri Jul 22 14:51:12 2022
# [ok]
