#                                                                            --- full sequence --- -------------- this domain -------------   hmm coord   ali coord   env coord
# target name        accession   tlen query name           accession   qlen   E-value  score  bias   #  of  c-Evalue  i-Evalue  score  bias  from    to  from    to  from    to  acc description of target
#------------------- ---------- ----- -------------------- ---------- ----- --------- ------ ----- --- --- --------- --------- ------ ----- ----- ----- ----- ----- ----- ----- ---- ---------------------
scaffold9.g3171.t1   -           1862 8190at3041           -            278   6.4e-61  204.9   9.7   1   3   1.9e-20     2e-18   65.5   0.1    28   109   116   210   112   230 0.81 -
scaffold9.g3171.t1   -           1862 8190at3041           -            278   6.4e-61  204.9   9.7   2   3   2.9e-36   3.1e-34  117.3   1.9   110   202   235   335   225   340 0.87 -
scaffold9.g3171.t1   -           1862 8190at3041           -            278   6.4e-61  204.9   9.7   3   3   3.6e-08   3.8e-06   25.2   0.1   203   233   369   399   365   406 0.89 -
scaffold5.g976.t1    -            467 8190at3041           -            278   4.4e-19   67.6   5.9   1   3   3.1e-08   3.2e-06   25.4   0.1   144   226    11    95     6   103 0.86 -
scaffold5.g976.t1    -            467 8190at3041           -            278   4.4e-19   67.6   5.9   2   3   6.5e-08   6.8e-06   24.3   0.1   149   225   100   178    96   188 0.86 -
scaffold5.g976.t1    -            467 8190at3041           -            278   4.4e-19   67.6   5.9   3   3   3.4e-06   0.00036   18.7   0.5   153   236   189   283   177   289 0.74 -
scaffold11.g3979.t1  -            315 8190at3041           -            278   1.1e-18   66.3   6.9   1   4   7.5e-10   7.8e-08   30.7   0.0   153   223    37   109    30   115 0.86 -
scaffold11.g3979.t1  -            315 8190at3041           -            278   1.1e-18   66.3   6.9   2   4   6.1e-05    0.0064   14.6   0.0   143   187   111   155   108   178 0.85 -
scaffold11.g3979.t1  -            315 8190at3041           -            278   1.1e-18   66.3   6.9   3   4   2.9e-06    0.0003   18.9   0.9    81   181   168   276   160   282 0.76 -
scaffold11.g3979.t1  -            315 8190at3041           -            278   1.1e-18   66.3   6.9   4   4     0.088       9.2    4.2   0.0   245   275   284   314   277   315 0.87 -
scaffold18.g1993.t1  -           1401 8190at3041           -            278     3e-16   58.3  16.1   1   6   1.4e-09   1.5e-07   29.8   1.0    75   219    39   197    19   225 0.72 -
scaffold18.g1993.t1  -           1401 8190at3041           -            278     3e-16   58.3  16.1   2   6         2   2.1e+02   -0.2   0.0   187   229   210   253   201   270 0.65 -
scaffold18.g1993.t1  -           1401 8190at3041           -            278     3e-16   58.3  16.1   3   6     0.056       5.9    4.9   0.1   163   189   275   301   264   359 0.82 -
scaffold18.g1993.t1  -           1401 8190at3041           -            278     3e-16   58.3  16.1   4   6      0.12        13    3.8   0.2   154   227   486   564   475   580 0.70 -
scaffold18.g1993.t1  -           1401 8190at3041           -            278     3e-16   58.3  16.1   5   6      0.68        72    1.3   0.0   207   228   616   637   603   651 0.79 -
scaffold18.g1993.t1  -           1401 8190at3041           -            278     3e-16   58.3  16.1   6   6   2.3e-07   2.4e-05   22.5   0.0   112   225   666   792   652   805 0.81 -
scaffold8.g1715.t1   -            522 8190at3041           -            278   2.8e-15   55.1   9.5   1   4   4.3e-08   4.5e-06   24.9   0.2   128   224   111   209    93   221 0.82 -
scaffold8.g1715.t1   -            522 8190at3041           -            278   2.8e-15   55.1   9.5   2   4     0.004      0.42    8.6   0.0   184   224   233   276   227   290 0.83 -
scaffold8.g1715.t1   -            522 8190at3041           -            278   2.8e-15   55.1   9.5   3   4       3.2   3.4e+02   -0.9   0.1   208   222   298   312   286   323 0.85 -
scaffold8.g1715.t1   -            522 8190at3041           -            278   2.8e-15   55.1   9.5   4   4   9.9e-08     1e-05   23.7   0.2   112   219   407   520   390   521 0.81 -
scaffold24.g2946.t1  -           1328 8190at3041           -            278   6.8e-15   53.9  30.6   1   7   7.1e-08   7.4e-06   24.2   1.3   114   225   543   660   538   668 0.85 -
scaffold24.g2946.t1  -           1328 8190at3041           -            278   6.8e-15   53.9  30.6   2   7   4.3e-05    0.0045   15.1   3.6   129   221   644   744   641   745 0.80 -
scaffold24.g2946.t1  -           1328 8190at3041           -            278   6.8e-15   53.9  30.6   3   7   2.3e-06   0.00024   19.3   2.1   116   201   717   810   706   826 0.78 -
scaffold24.g2946.t1  -           1328 8190at3041           -            278   6.8e-15   53.9  30.6   4   7   0.00015     0.016   13.3   2.1    71   222   751   912   747   925 0.79 -
scaffold24.g2946.t1  -           1328 8190at3041           -            278   6.8e-15   53.9  30.6   5   7    0.0017      0.18    9.8   1.3    84   194   851   960   841  1005 0.58 -
scaffold24.g2946.t1  -           1328 8190at3041           -            278   6.8e-15   53.9  30.6   6   7     0.042       4.4    5.3   0.1   102   136  1122  1157  1107  1168 0.78 -
scaffold24.g2946.t1  -           1328 8190at3041           -            278   6.8e-15   53.9  30.6   7   7     0.096        10    4.1   0.1   110   172  1172  1238  1161  1246 0.66 -
scaffold16.g1.t1     -           1348 8190at3041           -            278   3.4e-14   51.6  15.5   1   4   1.7e-07   1.8e-05   22.9   0.5   103   225    46   175    19   179 0.75 -
scaffold16.g1.t1     -           1348 8190at3041           -            278   3.4e-14   51.6  15.5   2   4   5.9e-06   0.00061   17.9   0.0   116   184   144   216   136   221 0.83 -
scaffold16.g1.t1     -           1348 8190at3041           -            278   3.4e-14   51.6  15.5   3   4    0.0023      0.24    9.4   0.8   127   181   456   516   421   525 0.72 -
scaffold16.g1.t1     -           1348 8190at3041           -            278   3.4e-14   51.6  15.5   4   4   8.4e-07   8.9e-05   20.7   1.3   114   222   583   698   573   726 0.74 -
scaffold3.g6176.t1   -            520 8190at3041           -            278   4.5e-14   51.2   6.9   1   3    0.0025      0.27    9.3   0.0   156   182   225   251   215   258 0.88 -
scaffold3.g6176.t1   -            520 8190at3041           -            278   4.5e-14   51.2   6.9   2   3   2.9e-10   3.1e-08   32.0   0.8   114   223   271   387   259   391 0.81 -
scaffold3.g6176.t1   -            520 8190at3041           -            278   4.5e-14   51.2   6.9   3   3   0.00067      0.07   11.2   0.4   106   186   396   483   390   518 0.85 -
scaffold3.g6380.t1   -           2990 8190at3041           -            278   2.1e-13   49.0  10.9   1   5   2.2e-10   2.3e-08   32.4   1.0   112   225  2083  2202  2060  2210 0.84 -
scaffold3.g6380.t1   -           2990 8190at3041           -            278   2.1e-13   49.0  10.9   2   5       3.5   3.6e+02   -1.0   0.0   123   143  2222  2242  2211  2250 0.81 -
scaffold3.g6380.t1   -           2990 8190at3041           -            278   2.1e-13   49.0  10.9   3   5     0.061       6.4    4.7   0.7   115   186  2465  2537  2450  2586 0.70 -
scaffold3.g6380.t1   -           2990 8190at3041           -            278   2.1e-13   49.0  10.9   4   5   0.00043     0.045   11.8   0.0   114   221  2598  2711  2586  2715 0.60 -
scaffold3.g6380.t1   -           2990 8190at3041           -            278   2.1e-13   49.0  10.9   5   5   0.00029      0.03   12.4   0.0   122   199  2648  2733  2640  2757 0.74 -
scaffold20.g7667.t1  -            393 8190at3041           -            278   1.3e-12   46.4   5.7   1   4     0.061       6.4    4.8   0.2   209   230   177   197   154   204 0.74 -
scaffold20.g7667.t1  -            393 8190at3041           -            278   1.3e-12   46.4   5.7   2   4   4.6e-07   4.9e-05   21.5   0.1   186   228   205   246   199   255 0.90 -
scaffold20.g7667.t1  -            393 8190at3041           -            278   1.3e-12   46.4   5.7   3   4   1.2e-06   0.00012   20.2   0.0   154   223   257   331   251   342 0.82 -
scaffold20.g7667.t1  -            393 8190at3041           -            278   1.3e-12   46.4   5.7   4   4       2.2   2.3e+02   -0.4   0.2   193   221   359   386   351   391 0.46 -
scaffold24.g2991.t1  -           1412 8190at3041           -            278   2.3e-12   45.6   3.8   1   4       1.3   1.3e+02    0.4   0.0   156   182    18    44    15    62 0.83 -
scaffold24.g2991.t1  -           1412 8190at3041           -            278   2.3e-12   45.6   3.8   2   4      0.42        44    2.0   0.1   154   183    91   120    83   133 0.80 -
scaffold24.g2991.t1  -           1412 8190at3041           -            278   2.3e-12   45.6   3.8   3   4   1.1e-12   1.2e-10   40.0   0.0   119   227   197   311   188   328 0.85 -
scaffold24.g2991.t1  -           1412 8190at3041           -            278   2.3e-12   45.6   3.8   4   4       1.7   1.7e+02    0.0   0.0   183   218   326   359   321   393 0.74 -
scaffold6.g2688.t1   -            596 8190at3041           -            278   4.6e-12   44.6   2.8   1   3      0.17        17    3.3   0.0   154   181    60    87    58    97 0.88 -
scaffold6.g2688.t1   -            596 8190at3041           -            278   4.6e-12   44.6   2.8   2   3   5.9e-07   6.2e-05   21.2   0.1    75   181   104   216    91   229 0.84 -
scaffold6.g2688.t1   -            596 8190at3041           -            278   4.6e-12   44.6   2.8   3   3   2.3e-07   2.4e-05   22.5   0.2   128   225   203   305   202   319 0.85 -
scaffold20.g7864.t1  -           1917 8190at3041           -            278     8e-12   43.8   2.5   1   2     4e-11   4.3e-09   34.8   0.2   106   222  1252  1379  1245  1385 0.85 -
scaffold20.g7864.t1  -           1917 8190at3041           -            278     8e-12   43.8   2.5   2   2    0.0073      0.77    7.8   0.1   150   185  1389  1424  1381  1474 0.61 -
scaffold18.g1909.t1  -            943 8190at3041           -            278   1.8e-11   42.6   1.3   1   4     0.006      0.63    8.0   0.1   156   219   220   292   217   296 0.74 -
scaffold18.g1909.t1  -            943 8190at3041           -            278   1.8e-11   42.6   1.3   2   4   0.00011     0.012   13.7   0.2    70   184   251   380   247   393 0.77 -
scaffold18.g1909.t1  -            943 8190at3041           -            278   1.8e-11   42.6   1.3   3   4   1.4e-08   1.5e-06   26.5   0.1   116   219   350   460   347   472 0.84 -
scaffold18.g1909.t1  -            943 8190at3041           -            278   1.8e-11   42.6   1.3   4   4       9.6     1e+03   -2.5   0.0    92   147   791   846   782   857 0.68 -
scaffold5.g735.t1    -            860 8190at3041           -            278   2.3e-11   42.3   0.2   1   3   5.7e-07     6e-05   21.2   0.0    73   178    46   157    29   168 0.76 -
scaffold5.g735.t1    -            860 8190at3041           -            278   2.3e-11   42.3   0.2   2   3     0.029       3.1    5.8   0.0   115   191   451   531   444   548 0.82 -
scaffold5.g735.t1    -            860 8190at3041           -            278   2.3e-11   42.3   0.2   3   3   0.00094     0.098   10.7   0.1   155   185   557   587   544   593 0.87 -
scaffold21.g2086.t1  -            898 8190at3041           -            278   5.9e-11   40.9   0.2   1   3     0.085       8.9    4.3   0.1   156   226   131   204   126   223 0.77 -
scaffold21.g2086.t1  -            898 8190at3041           -            278   5.9e-11   40.9   0.2   2   3   2.8e-05    0.0029   15.7   0.2    79   221   172   326   167   335 0.66 -
scaffold21.g2086.t1  -            898 8190at3041           -            278   5.9e-11   40.9   0.2   3   3   5.2e-07   5.5e-05   21.4   0.0   114   212   297   409   285   426 0.73 -
scaffold6.g2859.t1   -            541 8190at3041           -            278     8e-11   40.5   0.3   1   3       1.4   1.4e+02    0.3   0.0   207   227   181   201   162   212 0.70 -
scaffold6.g2859.t1   -            541 8190at3041           -            278     8e-11   40.5   0.3   2   3   3.2e-06   0.00034   18.8   0.1   186   241   231   285   222   288 0.90 -
scaffold6.g2859.t1   -            541 8190at3041           -            278     8e-11   40.5   0.3   3   3   9.6e-06     0.001   17.2   0.0   123   181   293   356   284   361 0.83 -
scaffold7.g3431.t1   -            526 8190at3041           -            278   1.4e-10   39.7   0.7   1   2   1.2e-09   1.2e-07   30.1   0.2    96   183    57   150    24   159 0.84 -
scaffold7.g3431.t1   -            526 8190at3041           -            278   1.4e-10   39.7   0.7   2   2    0.0077      0.81    7.7   0.0   152   185   286   319   274   323 0.81 -
scaffold15.g4303.t1  -            308 8190at3041           -            278   2.9e-10   38.7   0.4   1   3   2.9e-05    0.0031   15.6   0.1   155   223    13    83     7   113 0.87 -
scaffold15.g4303.t1  -            308 8190at3041           -            278   2.9e-10   38.7   0.4   2   3         3   3.2e+02   -0.8   0.0   194   227   153   184   140   204 0.60 -
scaffold15.g4303.t1  -            308 8190at3041           -            278   2.9e-10   38.7   0.4   3   3   1.5e-06   0.00016   19.8   0.0    84   178   200   296   182   303 0.78 -
scaffold12.g8061.t1  -            692 8190at3041           -            278   3.6e-10   38.4   6.2   1   4   3.8e-05    0.0039   15.3   0.0   125   187   203   267   192   271 0.86 -
scaffold12.g8061.t1  -            692 8190at3041           -            278   3.6e-10   38.4   6.2   2   4   0.00017     0.018   13.1   0.2   134   207   291   365   282   373 0.80 -
scaffold12.g8061.t1  -            692 8190at3041           -            278   3.6e-10   38.4   6.2   3   4      0.21        22    3.0   0.1   125   141   531   547   504   549 0.80 -
scaffold12.g8061.t1  -            692 8190at3041           -            278   3.6e-10   38.4   6.2   4   4     0.012       1.3    7.0   0.0   158   223   619   685   605   690 0.73 -
scaffold12.g8015.t1  -            676 8190at3041           -            278   6.4e-09   34.3  18.5   1   5       9.4   9.9e+02   -2.4   0.1   111   139   153   181   141   185 0.56 -
scaffold12.g8015.t1  -            676 8190at3041           -            278   6.4e-09   34.3  18.5   2   5      0.13        14    3.6   0.2   107   143   336   374   329   380 0.82 -
scaffold12.g8015.t1  -            676 8190at3041           -            278   6.4e-09   34.3  18.5   3   5    0.0004     0.042   11.9   0.2   114   185   407   483   401   495 0.77 -
scaffold12.g8015.t1  -            676 8190at3041           -            278   6.4e-09   34.3  18.5   4   5   1.6e-06   0.00017   19.7   0.7   155   223   495   565   488   581 0.85 -
scaffold12.g8015.t1  -            676 8190at3041           -            278   6.4e-09   34.3  18.5   5   5   5.1e-06   0.00053   18.1   1.5   156   235   538   620   537   629 0.75 -
scaffold17.g454.t1   -            957 8190at3041           -            278   2.1e-08   32.6   4.7   1   2   2.6e-07   2.8e-05   22.3   1.3    78   261    13   203     5   207 0.82 -
scaffold17.g454.t1   -            957 8190at3041           -            278   2.1e-08   32.6   4.7   2   2   0.00081     0.085   10.9   0.2   157   225   208   277   200   289 0.59 -
scaffold18.g1893.t1  -            419 8190at3041           -            278   3.3e-08   31.9  15.8   1   5     0.042       4.4    5.3   0.2   152   183    81   113    72   120 0.83 -
scaffold18.g1893.t1  -            419 8190at3041           -            278   3.3e-08   31.9  15.8   2   5     0.034       3.6    5.6   0.1   156   183   134   161   126   193 0.72 -
scaffold18.g1893.t1  -            419 8190at3041           -            278   3.3e-08   31.9  15.8   3   5    0.0033      0.35    8.9   0.5   137   179   199   243   164   257 0.79 -
scaffold18.g1893.t1  -            419 8190at3041           -            278   3.3e-08   31.9  15.8   4   5     0.025       2.6    6.0   0.1   145   225   254   339   236   348 0.78 -
scaffold18.g1893.t1  -            419 8190at3041           -            278   3.3e-08   31.9  15.8   5   5   1.5e-05    0.0015   16.6   0.4   104   181   337   418   327   419 0.81 -
scaffold8.g1615.t1   -            525 8190at3041           -            278   3.3e-08   31.9   3.4   1   4     0.001      0.11   10.6   0.1   114   184    43   117    29   127 0.76 -
scaffold8.g1615.t1   -            525 8190at3041           -            278   3.3e-08   31.9   3.4   2   4   1.1e-06   0.00011   20.3   0.5   127   222   100   200    92   218 0.78 -
scaffold8.g1615.t1   -            525 8190at3041           -            278   3.3e-08   31.9   3.4   3   4       1.4   1.5e+02    0.2   0.1   158   223   217   241   186   264 0.52 -
scaffold8.g1615.t1   -            525 8190at3041           -            278   3.3e-08   31.9   3.4   4   4     0.013       1.4    6.9   0.0   127   179   275   328   239   335 0.76 -
scaffold17.g459.t1   -            494 8190at3041           -            278   8.1e-08   30.6  20.3   1   3   0.00057      0.06   11.4   4.4   125   180   168   225   149   275 0.81 -
scaffold17.g459.t1   -            494 8190at3041           -            278   8.1e-08   30.6  20.3   2   3   7.4e-08   7.8e-06   24.1   2.7   100   224   317   451   312   460 0.80 -
scaffold17.g459.t1   -            494 8190at3041           -            278   8.1e-08   30.6  20.3   3   3      0.28        29    2.6   0.2   155   180   464   489   462   492 0.84 -
scaffold3.g6519.t1   -            342 8190at3041           -            278   8.8e-08   30.5   7.2   1   4    0.0012      0.13   10.3   0.1   156   226    35   112    24   121 0.82 -
scaffold3.g6519.t1   -            342 8190at3041           -            278   8.8e-08   30.5   7.2   2   4    0.0076       0.8    7.7   0.0   157   186   124   153   119   176 0.78 -
scaffold3.g6519.t1   -            342 8190at3041           -            278   8.8e-08   30.5   7.2   3   4   0.00024     0.025   12.6   0.2   184   221   198   233   161   246 0.57 -
scaffold3.g6519.t1   -            342 8190at3041           -            278   8.8e-08   30.5   7.2   4   4       1.8   1.9e+02   -0.1   0.1   155   173   301   319   270   320 0.80 -
scaffold12.g8211.t1  -           1145 8190at3041           -            278   9.3e-08   30.5   0.1   1   3   0.00017     0.018   13.1   0.0   150   188   491   529   470   538 0.84 -
scaffold12.g8211.t1  -           1145 8190at3041           -            278   9.3e-08   30.5   0.1   2   3         2   2.2e+02   -0.3   0.0   115   141   744   772   737   779 0.74 -
scaffold12.g8211.t1  -           1145 8190at3041           -            278   9.3e-08   30.5   0.1   3   3   0.00025     0.027   12.6   0.0   117   186   801   872   781   879 0.81 -
scaffold3.g6376.t1   -            447 8190at3041           -            278   1.4e-07   29.9   3.3   1   3       2.6   2.7e+02   -0.6   0.0   207   222   167   182   148   187 0.77 -
scaffold3.g6376.t1   -            447 8190at3041           -            278   1.4e-07   29.9   3.3   2   3   4.1e-07   4.3e-05   21.7   0.3   143   238   251   351   204   357 0.79 -
scaffold3.g6376.t1   -            447 8190at3041           -            278   1.4e-07   29.9   3.3   3   3    0.0074      0.78    7.7   0.1   206   234   365   393   342   402 0.74 -
scaffold2.g7199.t1   -            503 8190at3041           -            278   1.8e-07   29.5   2.6   1   4   4.6e-05    0.0048   15.0   0.2   157   226   237   306   233   318 0.83 -
scaffold2.g7199.t1   -            503 8190at3041           -            278   1.8e-07   29.5   2.6   2   4   0.00052     0.054   11.5   0.0   159   222   322   390   316   399 0.69 -
scaffold2.g7199.t1   -            503 8190at3041           -            278   1.8e-07   29.5   2.6   3   4       0.3        32    2.5   0.1   150   226   355   437   347   453 0.75 -
scaffold2.g7199.t1   -            503 8190at3041           -            278   1.8e-07   29.5   2.6   4   4      0.88        93    0.9   0.1    99   132   429   463   386   475 0.57 -
scaffold20.g7661.t1  -            320 8190at3041           -            278   3.4e-07   28.6   0.3   1   2   4.6e-05    0.0048   15.0   0.1   155   227    61   134    59   147 0.73 -
scaffold20.g7661.t1  -            320 8190at3041           -            278   3.4e-07   28.6   0.3   2   2   0.00047     0.049   11.7   0.0    31   128   177   275   153   283 0.78 -
scaffold7.g3732.t1   -            473 8190at3041           -            278     2e-06   26.1   1.9   1   2   0.00016     0.017   13.2   0.1   122   228    30   134    15   147 0.81 -
scaffold7.g3732.t1   -            473 8190at3041           -            278     2e-06   26.1   1.9   2   2    0.0003     0.032   12.3   0.3   103   205   172   281   140   284 0.80 -
scaffold8.g1630.t1   -            340 8190at3041           -            278   2.1e-06   26.0   2.2   1   2   0.00027     0.028   12.5   0.0   117   228    32   155    23   168 0.68 -
scaffold8.g1630.t1   -            340 8190at3041           -            278   2.1e-06   26.0   2.2   2   2    0.0061      0.64    8.0   0.1   153   193   253   291   204   334 0.65 -
scaffold13.g295.t1   -           1434 8190at3041           -            278   1.1e-05   23.6  15.5   1   3   0.00043     0.045   11.8   0.3   185   220   120   152    90   162 0.87 -
scaffold13.g295.t1   -           1434 8190at3041           -            278   1.1e-05   23.6  15.5   2   3       0.2        21    3.1   0.0   183   222   160   198   154   205 0.88 -
scaffold13.g295.t1   -           1434 8190at3041           -            278   1.1e-05   23.6  15.5   3   3   2.8e-05    0.0029   15.7   5.9    89   186   182   288   178   324 0.72 -
scaffold27.g6010.t1  -           1409 8190at3041           -            278   1.9e-05   22.9   1.2   1   2      0.53        56    1.7   0.1   184   222     5    41     2    51 0.87 -
scaffold27.g6010.t1  -           1409 8190at3041           -            278   1.9e-05   22.9   1.2   2   2   2.2e-06   0.00023   19.3   0.0   103   185    52   138    45   160 0.86 -
scaffold1.g5332.t1   -            688 8190at3041           -            278     2e-05   22.8  11.8   1   3   0.00016     0.017   13.2   3.3   157   225   383   461   380   471 0.75 -
scaffold1.g5332.t1   -            688 8190at3041           -            278     2e-05   22.8  11.8   2   3     0.079       8.3    4.4   0.1   113   182   469   539   462   578 0.73 -
scaffold1.g5332.t1   -            688 8190at3041           -            278     2e-05   22.8  11.8   3   3    0.0036      0.38    8.8   0.1   165   230   616   684   608   688 0.84 -
scaffold11.g3868.t1  -            356 8190at3041           -            278   3.6e-05   22.0   2.6   1   3       3.9   4.1e+02   -1.2   0.0   154   170    17    33    13    46 0.74 -
scaffold11.g3868.t1  -            356 8190at3041           -            278   3.6e-05   22.0   2.6   2   3     0.071       7.4    4.5   0.1   173   226   100   156    85   170 0.65 -
scaffold11.g3868.t1  -            356 8190at3041           -            278   3.6e-05   22.0   2.6   3   3   2.1e-05    0.0022   16.1   0.0   165   252   178   266   166   269 0.74 -
scaffold21.g2134.t1  -            992 8190at3041           -            278   5.2e-05   21.4   8.5   1   4   0.00089     0.094   10.8   0.0   201   269    47   117    37   128 0.84 -
scaffold21.g2134.t1  -            992 8190at3041           -            278   5.2e-05   21.4   8.5   2   4    0.0036      0.38    8.8   1.6   159   220   163   226   154   264 0.83 -
scaffold21.g2134.t1  -            992 8190at3041           -            278   5.2e-05   21.4   8.5   3   4      0.42        44    2.0   0.1   144   185   368   409   334   414 0.70 -
scaffold21.g2134.t1  -            992 8190at3041           -            278   5.2e-05   21.4   8.5   4   4       1.8   1.9e+02   -0.1   0.0    91   144   686   742   657   746 0.65 -
scaffold12.g8229.t1  -            415 8190at3041           -            278   8.3e-05   20.8   0.2   1   2   3.8e-06    0.0004   18.5   0.1   114   183   258   330   249   365 0.81 -
scaffold12.g8229.t1  -            415 8190at3041           -            278   8.3e-05   20.8   0.2   2   2         2   2.1e+02   -0.2   0.0   154   179   386   411   335   415 0.56 -
scaffold2.g7499.t1   -            944 8190at3041           -            278   8.4e-05   20.8   7.7   1   3      0.12        13    3.7   0.1   155   188    14    47     8    77 0.81 -
scaffold2.g7499.t1   -            944 8190at3041           -            278   8.4e-05   20.8   7.7   2   3       2.9     3e+02   -0.7   0.1   187   222   162   196   155   209 0.78 -
scaffold2.g7499.t1   -            944 8190at3041           -            278   8.4e-05   20.8   7.7   3   3   1.5e-06   0.00016   19.8   0.2   184   236   309   361   304   396 0.82 -
scaffold25.g5116.t1  -            550 8190at3041           -            278   9.4e-05   20.6   5.3   1   4     0.036       3.8    5.5   0.1   184   222   196   232   190   239 0.83 -
scaffold25.g5116.t1  -            550 8190at3041           -            278   9.4e-05   20.6   5.3   2   4   0.00088     0.092   10.8   0.1   159   225   251   319   240   330 0.83 -
scaffold25.g5116.t1  -            550 8190at3041           -            278   9.4e-05   20.6   5.3   3   4       2.6   2.8e+02   -0.6   0.0   259   275   377   393   362   412 0.75 -
scaffold25.g5116.t1  -            550 8190at3041           -            278   9.4e-05   20.6   5.3   4   4      0.21        22    3.0   0.1   114   142   450   479   444   537 0.59 -
scaffold20.g7867.t1  -            717 8190at3041           -            278   0.00013   20.1   0.1   1   2   2.4e-05    0.0025   15.9   0.0   156   183   220   247   209   251 0.88 -
scaffold20.g7867.t1  -            717 8190at3041           -            278   0.00013   20.1   0.1   2   2      0.91        95    0.9   0.0   117   141   463   489   458   510 0.66 -
scaffold1.g5598.t1   -           1135 8190at3041           -            278   0.00014   20.0   5.4   1   3      0.47        50    1.8   0.1   147   185   270   310   245   315 0.73 -
scaffold1.g5598.t1   -           1135 8190at3041           -            278   0.00014   20.0   5.4   2   3     0.033       3.5    5.6   0.1   189   224   554   587   548   594 0.80 -
scaffold1.g5598.t1   -           1135 8190at3041           -            278   0.00014   20.0   5.4   3   3   3.3e-05    0.0035   15.4   0.7    88   234   568   722   565   732 0.75 -
scaffold15.g4248.t1  -            497 8190at3041           -            278   0.00016   19.8   3.8   1   3       1.7   1.8e+02    0.0   0.0   249   276   266   293   256   295 0.75 -
scaffold15.g4248.t1  -            497 8190at3041           -            278   0.00016   19.8   3.8   2   3   1.6e-05    0.0017   16.5   0.8   162   224   344   410   331   421 0.84 -
scaffold15.g4248.t1  -            497 8190at3041           -            278   0.00016   19.8   3.8   3   3      0.48        51    1.8   0.0   159   199   432   477   426   493 0.76 -
scaffold6.g2527.t1   -           1467 8190at3041           -            278   0.00019   19.6  11.3   1   3   2.1e-06   0.00022   19.4   0.1   123   182   143   208   139   212 0.84 -
scaffold6.g2527.t1   -           1467 8190at3041           -            278   0.00019   19.6  11.3   2   3     0.055       5.7    4.9   0.8   114   180   229   298   225   308 0.86 -
scaffold6.g2527.t1   -           1467 8190at3041           -            278   0.00019   19.6  11.3   3   3       2.8   2.9e+02   -0.7   0.1   124   143   523   542   516   549 0.88 -
scaffold3.g6218.t1   -            709 8190at3041           -            278    0.0002   19.5   0.5   1   3   0.00046     0.049   11.7   0.1   181   225    39    81    31   111 0.85 -
scaffold3.g6218.t1   -            709 8190at3041           -            278    0.0002   19.5   0.5   2   3      0.16        17    3.4   0.0    45   142   108   217    97   222 0.58 -
scaffold3.g6218.t1   -            709 8190at3041           -            278    0.0002   19.5   0.5   3   3       2.2   2.3e+02   -0.3   0.0   144   163   599   618   591   647 0.74 -
scaffold2.g7257.t1   -            559 8190at3041           -            278   0.00023   19.3   2.3   1   3     0.014       1.5    6.8   0.1   153   199   246   296   227   329 0.78 -
scaffold2.g7257.t1   -            559 8190at3041           -            278   0.00023   19.3   2.3   2   3    0.0011      0.11   10.5   0.2   158   225   346   418   338   432 0.79 -
scaffold2.g7257.t1   -            559 8190at3041           -            278   0.00023   19.3   2.3   3   3       2.8   2.9e+02   -0.7   0.0   158   181   512   535   500   545 0.72 -
scaffold1.g5611.t1   -            394 8190at3041           -            278   0.00028   19.0   0.1   1   2    0.0012      0.12   10.4   0.1   156   223    71   145    67   165 0.82 -
scaffold1.g5611.t1   -            394 8190at3041           -            278   0.00028   19.0   0.1   2   2     0.024       2.5    6.1   0.0    45   106   292   363   286   375 0.64 -
scaffold15.g4221.t1  -           1365 8190at3041           -            278   0.00056   18.1  12.0   1   5     0.093       9.8    4.1   0.2   187   227   128   166   119   178 0.75 -
scaffold15.g4221.t1  -           1365 8190at3041           -            278   0.00056   18.1  12.0   2   5       3.7   3.9e+02   -1.1   0.0   155   170   187   202   185   206 0.83 -
scaffold15.g4221.t1  -           1365 8190at3041           -            278   0.00056   18.1  12.0   3   5      0.38        40    2.1   0.1   128   181   215   269   207   278 0.82 -
scaffold15.g4221.t1  -           1365 8190at3041           -            278   0.00056   18.1  12.0   4   5     0.011       1.2    7.1   0.1   155   224   285   351   281   361 0.89 -
scaffold15.g4221.t1  -           1365 8190at3041           -            278   0.00056   18.1  12.0   5   5    0.0048       0.5    8.4   0.2   153   181   390   418   383   424 0.89 -
scaffold9.g3289.t1   -            387 8190at3041           -            278   0.00072   17.7   8.6   1   4       3.6   3.7e+02   -1.0   0.0   207   225    84   103    50   125 0.75 -
scaffold9.g3289.t1   -            387 8190at3041           -            278   0.00072   17.7   8.6   2   4     0.076         8    4.4   1.0   189   225   117   154    80   166 0.83 -
scaffold9.g3289.t1   -            387 8190at3041           -            278   0.00072   17.7   8.6   3   4   8.5e-05    0.0089   14.1   3.6   153   234   122   206   117   216 0.85 -
scaffold9.g3289.t1   -            387 8190at3041           -            278   0.00072   17.7   8.6   4   4     0.071       7.5    4.5   0.1   105   147   243   287   213   289 0.80 -
scaffold7.g3687.t1   -           1257 8190at3041           -            278   0.00072   17.7   0.6   1   3    0.0067       0.7    7.9   0.0   207   229   142   162   123   172 0.84 -
scaffold7.g3687.t1   -           1257 8190at3041           -            278   0.00072   17.7   0.6   2   3     0.024       2.5    6.1   0.0    32    89   184   236   179   246 0.82 -
scaffold7.g3687.t1   -           1257 8190at3041           -            278   0.00072   17.7   0.6   3   3       4.4   4.7e+02   -1.4   0.1   187   223   268   303   249   309 0.75 -
scaffold1.g5201.t1   -            913 8190at3041           -            278   0.00083   17.5   0.0   1   2   0.00019      0.02   13.0   0.0   132   225    29   126    10   147 0.84 -
scaffold1.g5201.t1   -            913 8190at3041           -            278   0.00083   17.5   0.0   2   2      0.44        46    1.9   0.0   153   185   167   199   157   243 0.79 -
scaffold19.g1865.t1  -           1105 8190at3041           -            278    0.0016   16.5   3.5   1   3       9.5     1e+03   -2.5   0.0   114   134   164   186   158   194 0.67 -
scaffold19.g1865.t1  -           1105 8190at3041           -            278    0.0016   16.5   3.5   2   3   5.7e-05     0.006   14.7   0.1   153   213   233   295   232   311 0.81 -
scaffold19.g1865.t1  -           1105 8190at3041           -            278    0.0016   16.5   3.5   3   3      0.82        86    1.0   0.1   125   185   328   385   314   417 0.80 -
scaffold2.g7526.t1   -            486 8190at3041           -            278    0.0017   16.5   6.0   1   3     0.074       7.8    4.5   0.0    83   174    53   153    47   167 0.59 -
scaffold2.g7526.t1   -            486 8190at3041           -            278    0.0017   16.5   6.0   2   3     0.098        10    4.1   0.3   108   169   125   193   117   194 0.66 -
scaffold2.g7526.t1   -            486 8190at3041           -            278    0.0017   16.5   6.0   3   3    0.0001     0.011   13.8   0.8   100   174   161   244   159   253 0.75 -
scaffold9.g3268.t1   -           1154 8190at3041           -            278    0.0017   16.4   0.1   1   2   5.1e-05    0.0053   14.8   0.0   110   186    47   124    41   144 0.89 -
scaffold9.g3268.t1   -           1154 8190at3041           -            278    0.0017   16.4   0.1   2   2       9.2   9.7e+02   -2.4   0.0   111   142   175   205   150   208 0.82 -
scaffold1.g5430.t1   -           1258 8190at3041           -            278    0.0021   16.2  13.6   1   4    0.0062      0.65    8.0   0.7   155   222    52   124    47   133 0.79 -
scaffold1.g5430.t1   -           1258 8190at3041           -            278    0.0021   16.2  13.6   2   4   0.00031     0.032   12.3   2.0   155   226   142   221   135   226 0.77 -
scaffold1.g5430.t1   -           1258 8190at3041           -            278    0.0021   16.2  13.6   3   4         1   1.1e+02    0.7   0.0   116   139   238   262   223   267 0.70 -
scaffold1.g5430.t1   -           1258 8190at3041           -            278    0.0021   16.2  13.6   4   4       6.3   6.6e+02   -1.9   0.0   207   221   317   331   302   340 0.65 -
scaffold7.g3572.t1   -           1617 8190at3041           -            278    0.0025   15.9   2.6   1   2       2.3   2.4e+02   -0.4   0.0   155   178    46    69    42    77 0.85 -
scaffold7.g3572.t1   -           1617 8190at3041           -            278    0.0025   15.9   2.6   2   2   8.7e-05    0.0091   14.1   1.0    83   225    99   254    93   269 0.72 -
scaffold1.g5330.t1   -            505 8190at3041           -            278    0.0038   15.3   1.1   1   3     0.044       4.6    5.2   0.0   147   183   194   230   185   236 0.65 -
scaffold1.g5330.t1   -            505 8190at3041           -            278    0.0038   15.3   1.1   2   3      0.36        38    2.2   0.1   127   178   316   368   286   390 0.70 -
scaffold1.g5330.t1   -            505 8190at3041           -            278    0.0038   15.3   1.1   3   3     0.061       6.4    4.7   0.0   114   162   422   473   406   501 0.76 -
scaffold15.g4247.t1  -           2113 8190at3041           -            278    0.0047   15.0   0.1   1   2       8.2   8.6e+02   -2.2   0.0   213   258   271   320   264   340 0.69 -
scaffold15.g4247.t1  -           2113 8190at3041           -            278    0.0047   15.0   0.1   2   2   0.00018     0.019   13.0   0.0   157   220   363   425   359   435 0.82 -
scaffold6.g2644.t1   -           1000 8190at3041           -            278     0.008   14.3   4.2   1   2     0.011       1.2    7.1   1.8    88   191   136   251    89   256 0.63 -
scaffold6.g2644.t1   -           1000 8190at3041           -            278     0.008   14.3   4.2   2   2     0.021       2.2    6.3   0.0   156   186   435   465   380   523 0.78 -
scaffold1.g5498.t1   -            489 8190at3041           -            278    0.0083   14.2   0.0   1   1   0.00022     0.023   12.8   0.0   110   181   210   286   205   294 0.81 -
scaffold1.g5555.t1   -           1200 8190at3041           -            278    0.0084   14.2   2.6   1   2     0.012       1.3    7.0   0.1    76   138   153   215   117   227 0.61 -
scaffold1.g5555.t1   -           1200 8190at3041           -            278    0.0084   14.2   2.6   2   2     0.024       2.6    6.0   0.2   138   194   344   398   284   412 0.82 -
scaffold1.g5676.t1   -            825 8190at3041           -            278     0.016   13.3   4.1   1   3     0.024       2.6    6.0   0.4   111   182    10    91     2   100 0.71 -
scaffold1.g5676.t1   -            825 8190at3041           -            278     0.016   13.3   4.1   2   3       0.1        11    4.0   0.1   158   216   132   197   127   215 0.63 -
scaffold1.g5676.t1   -            825 8190at3041           -            278     0.016   13.3   4.1   3   3      0.35        37    2.3   0.0   152   183   419   450   394   455 0.87 -
scaffold13.g275.t1   -           2075 8190at3041           -            278     0.018   13.1   4.2   1   4       2.1   2.2e+02   -0.3   0.0   116   179    67   135    55   144 0.53 -
scaffold13.g275.t1   -           2075 8190at3041           -            278     0.018   13.1   4.2   2   4      0.45        47    1.9   0.0    76   142   161   231   144   234 0.81 -
scaffold13.g275.t1   -           2075 8190at3041           -            278     0.018   13.1   4.2   3   4     0.024       2.5    6.1   0.1    99   181   227   315   200   327 0.83 -
scaffold13.g275.t1   -           2075 8190at3041           -            278     0.018   13.1   4.2   4   4    0.0026      0.27    9.2   0.6    77   184   242   361   236   366 0.71 -
scaffold12.g8034.t1  -            367 8190at3041           -            278      0.02   12.9   1.1   1   3       5.2   5.5e+02   -1.6   0.0   203   223   152   172   134   188 0.76 -
scaffold12.g8034.t1  -            367 8190at3041           -            278      0.02   12.9   1.1   2   3       1.6   1.6e+02    0.1   0.0   126   142   195   212   177   216 0.77 -
scaffold12.g8034.t1  -            367 8190at3041           -            278      0.02   12.9   1.1   3   3    0.0015      0.16   10.0   0.0   187   223   282   317   275   333 0.83 -
scaffold8.g1575.t1   -            681 8190at3041           -            278     0.022   12.8   7.0   1   3     0.071       7.4    4.5   0.1   107   142    74   109    52   122 0.79 -
scaffold8.g1575.t1   -            681 8190at3041           -            278     0.022   12.8   7.0   2   3     0.026       2.7    6.0   0.0   155   184   149   178   123   183 0.88 -
scaffold8.g1575.t1   -            681 8190at3041           -            278     0.022   12.8   7.0   3   3      0.16        17    3.3   0.6    92   173   343   439   310   448 0.68 -
scaffold13.g209.t1   -           1053 8190at3041           -            278     0.023   12.8   0.4   1   3     0.023       2.4    6.1   0.1   152   179   145   172    40   182 0.75 -
scaffold13.g209.t1   -           1053 8190at3041           -            278     0.023   12.8   0.4   2   3       4.5   4.7e+02   -1.4   0.0    90   124   195   229   177   231 0.79 -
scaffold13.g209.t1   -           1053 8190at3041           -            278     0.023   12.8   0.4   3   3      0.18        19    3.2   0.0   155   174   333   352   256   368 0.75 -
scaffold8.g1420.t1   -           1321 8190at3041           -            278     0.025   12.6   4.5   1   2     0.022       2.3    6.2   0.4   154   226   960  1033   959  1081 0.78 -
scaffold8.g1420.t1   -           1321 8190at3041           -            278     0.025   12.6   4.5   2   2     0.032       3.4    5.7   0.0   151   183  1233  1267  1219  1277 0.80 -
scaffold8.g1654.t1   -            636 8190at3041           -            278     0.029   12.4   0.4   1   3         9   9.5e+02   -2.4   0.0   117   148   198   231   189   237 0.70 -
scaffold8.g1654.t1   -            636 8190at3041           -            278     0.029   12.4   0.4   2   3    0.0044      0.46    8.5   0.1    94   184   270   367   243   377 0.78 -
scaffold8.g1654.t1   -            636 8190at3041           -            278     0.029   12.4   0.4   3   3       1.5   1.5e+02    0.2   0.0   138   188   401   450   381   453 0.74 -
scaffold14.g1147.t1  -            330 8190at3041           -            278      0.03   12.4   7.5   1   2   0.00015     0.016   13.3   4.1    98   185   138   231    83   243 0.70 -
scaffold14.g1147.t1  -            330 8190at3041           -            278      0.03   12.4   7.5   2   2       6.1   6.4e+02   -1.8   0.0   238   277   237   274   230   275 0.77 -
scaffold1.g5513.t1   -            301 8190at3041           -            278     0.037   12.1   1.3   1   2    0.0025      0.26    9.3   0.3    93   222    30   123    15   149 0.59 -
scaffold1.g5513.t1   -            301 8190at3041           -            278     0.037   12.1   1.3   2   2      0.64        67    1.4   0.0   158   185   185   212   166   227 0.70 -
scaffold10.g2356.t1  -            799 8190at3041           -            278     0.037   12.1   6.6   1   2      0.14        15    3.5   1.0   159   243    24   114     9   118 0.77 -
scaffold10.g2356.t1  -            799 8190at3041           -            278     0.037   12.1   6.6   2   2    0.0017      0.18    9.9   0.7   184   226   197   241   108   255 0.83 -
scaffold1.g5412.t1   -            551 8190at3041           -            278      0.04   12.0   0.9   1   2     0.024       2.6    6.0   0.1   153   188   146   181   144   184 0.91 -
scaffold1.g5412.t1   -            551 8190at3041           -            278      0.04   12.0   0.9   2   2      0.14        15    3.6   0.1   204   244   280   320   266   343 0.69 -
scaffold29.g5930.t1  -            924 8190at3041           -            278     0.041   12.0   1.6   1   3       4.6   4.9e+02   -1.4   0.0   157   185   660   688   656   705 0.86 -
scaffold29.g5930.t1  -            924 8190at3041           -            278     0.041   12.0   1.6   2   3    0.0028      0.29    9.1   0.1   126   186   714   775   698   779 0.85 -
scaffold29.g5930.t1  -            924 8190at3041           -            278     0.041   12.0   1.6   3   3       1.8   1.9e+02   -0.1   0.0   158   180   790   812   783   822 0.69 -
scaffold20.g7732.t1  -            419 8190at3041           -            278     0.078   11.0   1.0   1   2       9.7     1e+03   -2.5   0.1   189   226    61   101    51   105 0.69 -
scaffold20.g7732.t1  -            419 8190at3041           -            278     0.078   11.0   1.0   2   2     0.002      0.21    9.6   0.0   156   235   129   214   126   225 0.76 -
scaffold1.g5490.t1   -            909 8190at3041           -            278     0.087   10.9  13.9   1   7         4   4.2e+02   -1.2   0.0    75   107    12    44     4    78 0.75 -
scaffold1.g5490.t1   -            909 8190at3041           -            278     0.087   10.9  13.9   2   7     0.013       1.3    7.0   0.2   186   224   232   271   225   289 0.80 -
scaffold1.g5490.t1   -            909 8190at3041           -            278     0.087   10.9  13.9   3   7      0.22        24    2.9   0.1   186   208   326   348   317   366 0.83 -
scaffold1.g5490.t1   -            909 8190at3041           -            278     0.087   10.9  13.9   4   7       7.8   8.2e+02   -2.2   0.1   160   181   400   421   394   459 0.50 -
scaffold1.g5490.t1   -            909 8190at3041           -            278     0.087   10.9  13.9   5   7       4.1   4.3e+02   -1.3   0.0   116   129   680   693   628   708 0.70 -
scaffold1.g5490.t1   -            909 8190at3041           -            278     0.087   10.9  13.9   6   7     0.038         4    5.4   0.1   157   183   736   762   730   768 0.89 -
scaffold1.g5490.t1   -            909 8190at3041           -            278     0.087   10.9  13.9   7   7         9   9.4e+02   -2.4   0.0   204   222   885   903   881   907 0.77 -
scaffold6.g2669.t1   -           2321 8190at3041           -            278      0.11   10.6   5.6   1   3     0.019         2    6.4   0.0   207   229   139   161   111   203 0.85 -
scaffold6.g2669.t1   -           2321 8190at3041           -            278      0.11   10.6   5.6   2   3      0.06       6.3    4.8   0.0   158   184   238   264   234   279 0.87 -
scaffold6.g2669.t1   -           2321 8190at3041           -            278      0.11   10.6   5.6   3   3         6   6.3e+02   -1.8   0.1   107   148  1332  1371  1325  1381 0.82 -
scaffold3.g6655.t1   -            528 8190at3041           -            278      0.12   10.4   6.6   1   3      0.62        65    1.4   0.6   115   181    29    97    20   105 0.73 -
scaffold3.g6655.t1   -            528 8190at3041           -            278      0.12   10.4   6.6   2   3     0.022       2.3    6.2   0.0   247   277   126   156   119   157 0.92 -
scaffold3.g6655.t1   -            528 8190at3041           -            278      0.12   10.4   6.6   3   3      0.24        25    2.8   0.1   111   143   272   304   264   325 0.89 -
scaffold13.g337.t1   -            661 8190at3041           -            278      0.15   10.1   2.1   1   2     0.065       6.8    4.7   1.9   127   225   433   547   429   565 0.49 -
scaffold13.g337.t1   -            661 8190at3041           -            278      0.15   10.1   2.1   2   2     0.078       8.2    4.4   0.5   199   225   523   547   465   592 0.66 -
scaffold17.g515.t1   -            555 8190at3041           -            278      0.37    8.8   3.0   1   3      0.16        17    3.4   0.1   153   186    30    63    26    70 0.89 -
scaffold17.g515.t1   -            555 8190at3041           -            278      0.37    8.8   3.0   2   3      0.12        12    3.8   0.1   155   185    89   119    87   134 0.86 -
scaffold17.g515.t1   -            555 8190at3041           -            278      0.37    8.8   3.0   3   3       2.1   2.2e+02   -0.3   0.1   155   180   364   392   362   416 0.75 -
#
# Program:         hmmsearch
# Version:         3.1b2 (February 2015)
# Pipeline mode:   SEARCH
# Query file:      /Users/catrionaharrison/Documents/Bioinformatics/rp2/Data/genomes/busco/busco_downloads/lineages/chlorophyta_odb10/hmms/8190at3041.hmm
# Target file:     /Users/catrionaharrison/Documents/Bioinformatics/rp2/Data/genomes/busco/data/a99.prot.fasta
# Option settings: hmmsearch --domtblout /Users/catrionaharrison/Documents/Bioinformatics/rp2/Data/genomes/busco/Busco_a99/run_chlorophyta_odb10/hmmer_output/initial_run_results/8190at3041.out --cpu 1 /Users/catrionaharrison/Documents/Bioinformatics/rp2/Data/genomes/busco/busco_downloads/lineages/chlorophyta_odb10/hmms/8190at3041.hmm /Users/catrionaharrison/Documents/Bioinformatics/rp2/Data/genomes/busco/data/a99.prot.fasta 
# Current dir:     /Users/catrionaharrison/Documents/Bioinformatics/rp2/Data/genomes/busco
# Date:            Fri Jul 22 14:51:18 2022
# [ok]
