#                                                                            --- full sequence --- -------------- this domain -------------   hmm coord   ali coord   env coord
# target name        accession   tlen query name           accession   qlen   E-value  score  bias   #  of  c-Evalue  i-Evalue  score  bias  from    to  from    to  from    to  acc description of target
#------------------- ---------- ----- -------------------- ---------- ----- --------- ------ ----- --- --- --------- --------- ------ ----- ----- ----- ----- ----- ----- ----- ---- ---------------------
scaffold2.g7498.t1   -            588 8274at3041           -            185   1.9e-59  199.5   9.3   1   3   8.7e-11   1.2e-07   30.6   0.7     1    29    16    44    16    51 0.93 -
scaffold2.g7498.t1   -            588 8274at3041           -            185   1.9e-59  199.5   9.3   2   3   9.9e-51   1.4e-47  160.8   1.8    30   185    66   270    54   270 0.82 -
scaffold2.g7498.t1   -            588 8274at3041           -            185   1.9e-59  199.5   9.3   3   3    0.0018       2.5    6.8   0.0    36    79   374   416   368   425 0.86 -
scaffold1.g5647.t1   -            504 8274at3041           -            185   3.1e-21   74.9   0.1   1   2   4.6e-13   6.4e-10   38.0   0.1    36    78   292   334   271   346 0.84 -
scaffold1.g5647.t1   -            504 8274at3041           -            185   3.1e-21   74.9   0.1   2   2   6.5e-12     9e-09   34.3   0.0    93   163   377   452   372   465 0.86 -
scaffold14.g1288.t1  -            219 8274at3041           -            185    0.0041   15.9   0.0   1   3     0.086   1.2e+02    1.3   0.0    34    49    41    56    26    88 0.84 -
scaffold14.g1288.t1  -            219 8274at3041           -            185    0.0041   15.9   0.0   2   3   0.00014       0.2   10.4   0.0    87   132   109   150   102   167 0.75 -
scaffold14.g1288.t1  -            219 8274at3041           -            185    0.0041   15.9   0.0   3   3      0.17   2.4e+02    0.3   0.0    32    77   167   212   163   218 0.87 -
scaffold27.g5982.t1  -            832 8274at3041           -            185    0.0075   15.0   0.0   1   1   1.5e-05     0.021   13.5   0.0    37   135   614   721   609   732 0.71 -
scaffold7.g3698.t1   -            350 8274at3041           -            185     0.012   14.3   0.2   1   1   1.4e-05      0.02   13.6   0.2    38    80   157   199   132   204 0.91 -
scaffold26.g3319.t1  -            386 8274at3041           -            185     0.027   13.2   0.0   1   1   3.4e-05     0.048   12.4   0.0    36    88   147   204   126   255 0.63 -
#
# Program:         hmmsearch
# Version:         3.1b2 (February 2015)
# Pipeline mode:   SEARCH
# Query file:      /Users/catrionaharrison/Documents/Bioinformatics/rp2/Data/genomes/busco/busco_downloads/lineages/chlorophyta_odb10/hmms/8274at3041.hmm
# Target file:     /Users/catrionaharrison/Documents/Bioinformatics/rp2/Data/genomes/busco/data/a99.prot.fasta
# Option settings: hmmsearch --domtblout /Users/catrionaharrison/Documents/Bioinformatics/rp2/Data/genomes/busco/Busco_a99/run_chlorophyta_odb10/hmmer_output/initial_run_results/8274at3041.out --cpu 1 /Users/catrionaharrison/Documents/Bioinformatics/rp2/Data/genomes/busco/busco_downloads/lineages/chlorophyta_odb10/hmms/8274at3041.hmm /Users/catrionaharrison/Documents/Bioinformatics/rp2/Data/genomes/busco/data/a99.prot.fasta 
# Current dir:     /Users/catrionaharrison/Documents/Bioinformatics/rp2/Data/genomes/busco
# Date:            Fri Jul 22 14:51:25 2022
# [ok]
