#                                                                            --- full sequence --- -------------- this domain -------------   hmm coord   ali coord   env coord
# target name        accession   tlen query name           accession   qlen   E-value  score  bias   #  of  c-Evalue  i-Evalue  score  bias  from    to  from    to  from    to  acc description of target
#------------------- ---------- ----- -------------------- ---------- ----- --------- ------ ----- --- --- --------- --------- ------ ----- ----- ----- ----- ----- ----- ----- ---- ---------------------
scaffold20.g7667.t1  -            393 830at3041            -            350  1.2e-176  586.0  12.3   1   1  1.3e-174  1.1e-172  572.9  12.3     1   350    10   390    10   390 0.92 -
scaffold6.g2859.t1   -            541 830at3041            -            350   3.9e-38  130.5   0.0   1   3   3.9e-18   3.5e-16   58.3   0.0    10   184    12   197     6   211 0.77 -
scaffold6.g2859.t1   -            541 830at3041            -            350   3.9e-38  130.5   0.0   2   3     0.001     0.094   10.8   0.0   254   293   230   269   223   274 0.89 -
scaffold6.g2859.t1   -            541 830at3041            -            350   3.9e-38  130.5   0.0   3   3   1.1e-16   9.5e-15   53.5   0.0   211   347   275   439   271   442 0.75 -
scaffold3.g6376.t1   -            447 830at3041            -            350   1.3e-34  118.9   0.4   1   2    0.0018      0.17   10.0   0.0    20    93    29   112    25   117 0.73 -
scaffold3.g6376.t1   -            447 830at3041            -            350   1.3e-34  118.9   0.4   2   2   3.9e-31   3.5e-29  101.0   2.1    76   327   124   426   113   440 0.76 -
scaffold11.g3868.t1  -            356 830at3041            -            350   1.1e-24   86.2   2.6   1   4      0.15        14    3.7   0.0   258   283    14    39     7    47 0.81 -
scaffold11.g3868.t1  -            356 830at3041            -            350   1.1e-24   86.2   2.6   2   4   8.3e-08   7.5e-06   24.3   0.1   229   290    92   152    72   157 0.85 -
scaffold11.g3868.t1  -            356 830at3041            -            350   1.1e-24   86.2   2.6   3   4   1.5e-13   1.4e-11   43.1   0.1   213   290   161   239   156   246 0.93 -
scaffold11.g3868.t1  -            356 830at3041            -            350   1.1e-24   86.2   2.6   4   4   0.00037     0.033   12.3   0.0   253   289   313   349   298   354 0.88 -
scaffold12.g8015.t1  -            676 830at3041            -            350   3.9e-24   84.4   0.3   1   3     0.075       6.8    4.7   0.1   218   247   345   374   337   380 0.87 -
scaffold12.g8015.t1  -            676 830at3041            -            350   3.9e-24   84.4   0.3   2   3   6.5e-07   5.9e-05   21.3   0.0   215   290   406   480   402   485 0.93 -
scaffold12.g8015.t1  -            676 830at3041            -            350   3.9e-24   84.4   0.3   3   3   1.4e-15   1.3e-13   49.8   0.0   183   290   491   607   491   613 0.86 -
scaffold20.g7649.t1  -           1173 830at3041            -            350   1.5e-23   82.5   0.1   1   1   2.5e-25   2.3e-23   81.9   0.1   296   350  1116  1170  1109  1170 0.95 -
scaffold16.g1.t1     -           1348 830at3041            -            350   3.4e-22   78.0   0.3   1   4   9.2e-08   8.3e-06   24.1   0.0   214   290    98   172    93   175 0.90 -
scaffold16.g1.t1     -           1348 830at3041            -            350   3.4e-22   78.0   0.3   2   4    0.0019      0.17   10.0   0.0   228   300   453   527   445   543 0.84 -
scaffold16.g1.t1     -           1348 830at3041            -            350   3.4e-22   78.0   0.3   3   4     2e-08   1.8e-06   26.3   0.0   205   289   572   654   548   655 0.87 -
scaffold16.g1.t1     -           1348 830at3041            -            350   3.4e-22   78.0   0.3   4   4   1.1e-08   9.8e-07   27.2   0.0   212   297   621   705   617   715 0.91 -
scaffold21.g2086.t1  -            898 830at3041            -            350   2.3e-20   72.0   0.2   1   4     7e-12   6.3e-10   37.7   0.0   214   291   125   201   120   214 0.90 -
scaffold21.g2086.t1  -            898 830at3041            -            350   2.3e-20   72.0   0.2   2   4   2.2e-05     0.002   16.3   0.0   195   289   226   326   203   334 0.83 -
scaffold21.g2086.t1  -            898 830at3041            -            350   2.3e-20   72.0   0.2   3   4   0.00098     0.088   10.9   0.1   231   290   312   377   310   381 0.73 -
scaffold21.g2086.t1  -            898 830at3041            -            350   2.3e-20   72.0   0.2   4   4     0.015       1.4    7.0   0.0   214   245   387   418   379   425 0.87 -
scaffold6.g2688.t1   -            596 830at3041            -            350   3.9e-20   71.2   1.2   1   3   8.8e-07   7.9e-05   20.9   0.0   206   297    94   182    80   185 0.84 -
scaffold6.g2688.t1   -            596 830at3041            -            350   3.9e-20   71.2   1.2   2   3   3.1e-10   2.8e-08   32.3   0.1   183   292   186   304   186   309 0.82 -
scaffold6.g2688.t1   -            596 830at3041            -            350   3.9e-20   71.2   1.2   3   3   0.00083     0.075   11.1   0.0   210   243   309   342   306   346 0.92 -
scaffold5.g976.t1    -            467 830at3041            -            350   4.4e-19   67.8   0.8   1   3   0.00033      0.03   12.4   0.2   183   243    18    88    14    95 0.72 -
scaffold5.g976.t1    -            467 830at3041            -            350   4.4e-19   67.8   0.8   2   3   5.9e-08   5.3e-06   24.8   0.0   212   290    99   175    95   178 0.88 -
scaffold5.g976.t1    -            467 830at3041            -            350   4.4e-19   67.8   0.8   3   3   4.8e-08   4.3e-06   25.1   0.0   214   288   186   267   177   272 0.78 -
scaffold15.g4221.t1  -           1365 830at3041            -            350     8e-18   63.7   2.5   1   3    0.0035      0.32    9.1   0.0   256   291   128   162   121   206 0.76 -
scaffold15.g4221.t1  -           1365 830at3041            -            350     8e-18   63.7   2.5   2   3   3.1e-14   2.8e-12   45.4   0.4   149   281   234   385   227   389 0.82 -
scaffold15.g4221.t1  -           1365 830at3041            -            350     8e-18   63.7   2.5   3   3     0.015       1.3    7.0   0.0   219   247   392   420   386   472 0.52 -
scaffold18.g1993.t1  -           1401 830at3041            -            350   9.4e-18   63.4   7.6   1   5     0.031       2.8    6.0   0.2   250   345    75   112     5   113 0.59 -
scaffold18.g1993.t1  -           1401 830at3041            -            350   9.4e-18   63.4   7.6   2   5   2.6e-08   2.4e-06   25.9   0.2   183   289    83   199    71   203 0.84 -
scaffold18.g1993.t1  -           1401 830at3041            -            350   9.4e-18   63.4   7.6   3   5     0.039       3.5    5.6   0.0   213   290   210   294   203   300 0.66 -
scaffold18.g1993.t1  -           1401 830at3041            -            350   9.4e-18   63.4   7.6   4   5    0.0013      0.11   10.5   0.1   213   289   481   558   477   571 0.86 -
scaffold18.g1993.t1  -           1401 830at3041            -            350   9.4e-18   63.4   7.6   5   5   8.5e-06   0.00076   17.7   0.0   223   309   721   804   710   815 0.84 -
scaffold8.g1715.t1   -            522 830at3041            -            350   7.1e-17   60.5   1.6   1   5   1.3e-06   0.00012   20.3   0.0   215   288   134   205   129   215 0.86 -
scaffold8.g1715.t1   -            522 830at3041            -            350   7.1e-17   60.5   1.6   2   5     0.037       3.4    5.7   0.1   145   211   229   311   216   349 0.60 -
scaffold8.g1715.t1   -            522 830at3041            -            350   7.1e-17   60.5   1.6   3   5     0.052       4.7    5.2   0.1   230   288   374   437   285   440 0.71 -
scaffold8.g1715.t1   -            522 830at3041            -            350   7.1e-17   60.5   1.6   4   5    0.0048      0.43    8.6   0.0   221   271   414   463   406   468 0.87 -
scaffold8.g1715.t1   -            522 830at3041            -            350   7.1e-17   60.5   1.6   5   5   1.5e-07   1.3e-05   23.4   0.0   215   287   450   520   446   522 0.88 -
scaffold25.g5116.t1  -            550 830at3041            -            350   6.3e-16   57.4   1.2   1   4   4.6e-10   4.1e-08   31.7   0.0   214   291   200   275   193   279 0.89 -
scaffold25.g5116.t1  -            550 830at3041            -            350   6.3e-16   57.4   1.2   2   4     0.095       8.6    4.4   0.0   153   247   284   317   275   325 0.55 -
scaffold25.g5116.t1  -            550 830at3041            -            350   6.3e-16   57.4   1.2   3   4   7.6e-05    0.0069   14.5   0.0   214   280   364   428   360   438 0.84 -
scaffold25.g5116.t1  -            550 830at3041            -            350   6.3e-16   57.4   1.2   4   4      0.94        85    1.1   0.0   212   244   495   527   458   537 0.78 -
scaffold1.g5430.t1   -           1258 830at3041            -            350   4.4e-15   54.6   3.6   1   4    0.0022      0.19    9.8   0.1   229   288    15    77     5    87 0.79 -
scaffold1.g5430.t1   -           1258 830at3041            -            350   4.4e-15   54.6   3.6   2   4   2.5e-11   2.3e-09   35.9   0.6   212   347    90   217    84   220 0.88 -
scaffold1.g5430.t1   -           1258 830at3041            -            350   4.4e-15   54.6   3.6   3   4     8e-05    0.0072   14.5   0.1   215   345   186   330   183   333 0.70 -
scaffold1.g5430.t1   -           1258 830at3041            -            350   4.4e-15   54.6   3.6   4   4      0.15        14    3.7   0.0   257   288   299   330   290   352 0.76 -
scaffold2.g7199.t1   -            503 830at3041            -            350   4.8e-15   54.5   2.3   1   2   5.9e-11   5.3e-09   34.6   0.3   213   289   271   344   204   348 0.85 -
scaffold2.g7199.t1   -            503 830at3041            -            350   4.8e-15   54.5   2.3   2   2   2.2e-05     0.002   16.3   0.1   213   293   354   436   350   477 0.69 -
scaffold11.g3979.t1  -            315 830at3041            -            350   4.9e-15   54.5   0.0   1   3   7.4e-09   6.7e-07   27.7   0.0   213   290    33   108    28   112 0.89 -
scaffold11.g3979.t1  -            315 830at3041            -            350   4.9e-15   54.5   0.0   2   3   7.4e-07   6.7e-05   21.2   0.0   214   285   118   191   112   203 0.86 -
scaffold11.g3979.t1  -            315 830at3041            -            350   4.9e-15   54.5   0.0   3   3      0.66        60    1.6   0.0   218   290   205   277   197   307 0.73 -
scaffold22.g6071.t1  -            990 830at3041            -            350   3.1e-14   51.9   0.1   1   3   1.1e-10   9.9e-09   33.8   0.2   214   290   324   400   321   406 0.90 -
scaffold22.g6071.t1  -            990 830at3041            -            350   3.1e-14   51.9   0.1   2   3    0.0017      0.15   10.1   0.0   216   290   400   477   399   482 0.87 -
scaffold22.g6071.t1  -            990 830at3041            -            350   3.1e-14   51.9   0.1   3   3   8.7e-05    0.0079   14.3   0.0   214   290   444   523   439   530 0.83 -
scaffold7.g3687.t1   -           1257 830at3041            -            350   4.1e-14   51.4   0.0   1   3    0.0037      0.33    9.0   0.0   231   289    90   156    84   163 0.66 -
scaffold7.g3687.t1   -           1257 830at3041            -            350   4.1e-14   51.4   0.0   2   3   6.3e-06   0.00057   18.1   0.0   213   291   123   211   114   220 0.80 -
scaffold7.g3687.t1   -           1257 830at3041            -            350   4.1e-14   51.4   0.0   3   3   3.1e-09   2.8e-07   29.0   0.0   221   290   229   302   222   306 0.80 -
scaffold18.g1909.t1  -            943 830at3041            -            350   8.8e-14   50.4   0.0   1   4   0.00011      0.01   14.0   0.0   219   277   219   276   209   296 0.79 -
scaffold18.g1909.t1  -            943 830at3041            -            350   8.8e-14   50.4   0.0   2   4   0.00044      0.04   12.0   0.0   214   290   304   378   297   384 0.87 -
scaffold18.g1909.t1  -            943 830at3041            -            350   8.8e-14   50.4   0.0   3   4   5.1e-06   0.00046   18.4   0.0   214   287   388   460   383   470 0.91 -
scaffold18.g1909.t1  -            943 830at3041            -            350   8.8e-14   50.4   0.0   4   4       7.4   6.7e+02   -1.9   0.0   255   286   471   502   465   508 0.83 -
scaffold24.g2946.t1  -           1328 830at3041            -            350   9.1e-14   50.3   9.3   1   7   8.2e-05    0.0074   14.4   0.0   211   290   580   657   559   660 0.85 -
scaffold24.g2946.t1  -           1328 830at3041            -            350   9.1e-14   50.3   9.3   2   7   0.00016     0.014   13.5   0.0   213   259   624   669   616   701 0.74 -
scaffold24.g2946.t1  -           1328 830at3041            -            350   9.1e-14   50.3   9.3   3   7     0.027       2.4    6.2   0.0   213   290   670   745   662   751 0.83 -
scaffold24.g2946.t1  -           1328 830at3041            -            350   9.1e-14   50.3   9.3   4   7   0.00051     0.046   11.8   0.0   212   251   753   792   748   844 0.80 -
scaffold24.g2946.t1  -           1328 830at3041            -            350   9.1e-14   50.3   9.3   5   7    0.0081      0.73    7.9   0.2   151   262   838   969   823   999 0.62 -
scaffold24.g2946.t1  -           1328 830at3041            -            350   9.1e-14   50.3   9.3   6   7     0.087       7.9    4.5   0.1   201   289  1078  1164  1065  1169 0.71 -
scaffold24.g2946.t1  -           1328 830at3041            -            350   9.1e-14   50.3   9.3   7   7       0.2        18    3.3   0.0   213   244  1174  1205  1171  1212 0.84 -
scaffold3.g6380.t1   -           2990 830at3041            -            350   1.4e-13   49.7   0.9   1   4   0.00014     0.013   13.7   0.1   217   290  2086  2157  2078  2161 0.88 -
scaffold3.g6380.t1   -           2990 830at3041            -            350   1.4e-13   49.7   0.9   2   4    0.0011       0.1   10.7   0.0   214   295  2167  2246  2160  2255 0.82 -
scaffold3.g6380.t1   -           2990 830at3041            -            350   1.4e-13   49.7   0.9   3   4     0.027       2.5    6.1   0.0   206   290  2587  2670  2573  2677 0.82 -
scaffold3.g6380.t1   -           2990 830at3041            -            350   1.4e-13   49.7   0.9   4   4   2.4e-05    0.0021   16.2   0.0   194   288  2652  2752  2647  2763 0.71 -
scaffold2.g7257.t1   -            559 830at3041            -            350   1.4e-12   46.4   0.1   1   3   1.1e-07     1e-05   23.8   0.0   183   288   244   368   218   371 0.74 -
scaffold2.g7257.t1   -            559 830at3041            -            350   1.4e-12   46.4   0.1   2   3   1.4e-06   0.00013   20.3   0.1   219   290   343   415   337   424 0.88 -
scaffold2.g7257.t1   -            559 830at3041            -            350   1.4e-12   46.4   0.1   3   3      0.24        22    3.0   0.0   246   288   493   534   480   543 0.75 -
scaffold1.g5332.t1   -            688 830at3041            -            350   3.7e-12   45.0   0.1   1   3   7.2e-07   6.5e-05   21.2   0.0   214   290   376   458   369   461 0.85 -
scaffold1.g5332.t1   -            688 830at3041            -            350   3.7e-12   45.0   0.1   2   3     0.013       1.2    7.2   0.0   214   289   468   538   461   549 0.59 -
scaffold1.g5332.t1   -            688 830at3041            -            350   3.7e-12   45.0   0.1   3   3   0.00033      0.03   12.5   0.0   247   290   633   676   609   685 0.61 -
scaffold13.g346.t1   -            398 830at3041            -            350   5.4e-12   44.5  10.8   1   4   4.5e-05    0.0041   15.3   0.1   223   291    98   162    87   168 0.80 -
scaffold13.g346.t1   -            398 830at3041            -            350   5.4e-12   44.5  10.8   2   4    0.0023      0.21    9.6   0.1   150   184   168   202   160   212 0.90 -
scaffold13.g346.t1   -            398 830at3041            -            350   5.4e-12   44.5  10.8   3   4     2e-06   0.00018   19.7   2.5   151   291   209   362   203   375 0.79 -
scaffold13.g346.t1   -            398 830at3041            -            350   5.4e-12   44.5  10.8   4   4       2.5   2.3e+02   -0.3   0.1   151   180   369   398   361   398 0.89 -
scaffold18.g1893.t1  -            419 830at3041            -            350   2.5e-11   42.3   0.1   1   4   3.7e-05    0.0034   15.6   0.0   249   290    71   112    63   121 0.88 -
scaffold18.g1893.t1  -            419 830at3041            -            350   2.5e-11   42.3   0.1   2   4    0.0051      0.46    8.5   0.0   214   281   128   193   123   200 0.84 -
scaffold18.g1893.t1  -            419 830at3041            -            350   2.5e-11   42.3   0.1   3   4     0.012       1.1    7.3   0.0   218   288   174   244   164   249 0.88 -
scaffold18.g1893.t1  -            419 830at3041            -            350   2.5e-11   42.3   0.1   4   4    0.0026      0.23    9.5   0.1   185   270   306   400   244   418 0.57 -
scaffold24.g2991.t1  -           1412 830at3041            -            350   5.8e-11   41.1   0.0   1   4    0.0024      0.21    9.6   0.0   208   254     6    54     2    71 0.81 -
scaffold24.g2991.t1  -           1412 830at3041            -            350   5.8e-11   41.1   0.0   2   4       4.9   4.4e+02   -1.3   0.0   219   270    92   146    84   170 0.69 -
scaffold24.g2991.t1  -           1412 830at3041            -            350   5.8e-11   41.1   0.0   3   4   9.3e-05    0.0084   14.3   0.0   213   282   189   256   181   267 0.85 -
scaffold24.g2991.t1  -           1412 830at3041            -            350   5.8e-11   41.1   0.0   4   4    0.0005     0.045   11.9   0.0   204   259   264   318   254   326 0.76 -
scaffold3.g6519.t1   -            342 830at3041            -            350   7.8e-11   40.7   0.6   1   3     3e-06   0.00027   19.2   0.2   212   289    27   107    13   115 0.81 -
scaffold3.g6519.t1   -            342 830at3041            -            350   7.8e-11   40.7   0.6   2   3   1.4e-05    0.0012   17.0   0.1   178   268    70   169    67   198 0.72 -
scaffold3.g6519.t1   -            342 830at3041            -            350   7.8e-11   40.7   0.6   3   3   0.00031     0.028   12.5   0.0   214   248   202   236   187   268 0.91 -
scaffold5.g785.t1    -            496 830at3041            -            350   2.4e-10   39.1   0.3   1   4       1.8   1.6e+02    0.1   0.0   213   246    40    74    34    82 0.63 -
scaffold5.g785.t1    -            496 830at3041            -            350   2.4e-10   39.1   0.3   2   4     0.013       1.2    7.2   0.0   214   248   122   157   106   162 0.85 -
scaffold5.g785.t1    -            496 830at3041            -            350   2.4e-10   39.1   0.3   3   4   2.1e-10   1.9e-08   32.8   0.0   186   297   126   249   123   261 0.80 -
scaffold5.g785.t1    -            496 830at3041            -            350   2.4e-10   39.1   0.3   4   4       3.5   3.1e+02   -0.8   0.1   245   287   427   468   352   485 0.63 -
scaffold8.g1368.t1   -           1245 830at3041            -            350   4.7e-10   38.1   0.0   1   1   9.6e-12   8.7e-10   37.2   0.0   117   329   924  1161   918  1233 0.76 -
scaffold12.g8034.t1  -            367 830at3041            -            350   5.7e-10   37.8   0.1   1   2    0.0012       0.1   10.7   0.1   203   255   162   221   137   259 0.57 -
scaffold12.g8034.t1  -            367 830at3041            -            350   5.7e-10   37.8   0.1   2   2     5e-08   4.5e-06   25.0   0.0   238   295   264   321   252   356 0.87 -
scaffold10.g2356.t1  -            799 830at3041            -            350   3.3e-09   35.3   0.8   1   3   1.9e-07   1.7e-05   23.1   0.0   215   288    16    91     9    97 0.88 -
scaffold10.g2356.t1  -            799 830at3041            -            350   3.3e-09   35.3   0.8   2   3      0.29        26    2.8   0.0   214   242   106   136    95   167 0.80 -
scaffold10.g2356.t1  -            799 830at3041            -            350   3.3e-09   35.3   0.8   3   3     0.036       3.3    5.7   0.0   230   289   172   236   148   245 0.76 -
scaffold13.g275.t1   -           2075 830at3041            -            350   3.5e-09   35.2   0.0   1   3   2.4e-05    0.0022   16.2   0.0   215   338    64   183    59   191 0.83 -
scaffold13.g275.t1   -           2075 830at3041            -            350   3.5e-09   35.2   0.0   2   3   4.1e-05    0.0037   15.4   0.0   194   286   213   312   202   321 0.80 -
scaffold13.g275.t1   -           2075 830at3041            -            350   3.5e-09   35.2   0.0   3   3       9.6   8.6e+02   -2.2   0.0   165   182   341   358   326   362 0.82 -
scaffold21.g2134.t1  -            992 830at3041            -            350   3.6e-09   35.2   4.6   1   3   5.3e-06   0.00047   18.4   0.4   166   288    51   184    43   186 0.73 -
scaffold21.g2134.t1  -            992 830at3041            -            350   3.6e-09   35.2   4.6   2   3   0.00065     0.059   11.5   3.4   147   211   148   227   137   297 0.64 -
scaffold21.g2134.t1  -            992 830at3041            -            350   3.6e-09   35.2   4.6   3   3     0.018       1.6    6.7   0.0   229   301   346   419   341   430 0.81 -
scaffold3.g6218.t1   -            709 830at3041            -            350   1.4e-08   33.3   1.4   1   1   2.2e-10     2e-08   32.7   0.0   213   297    45   130    38   151 0.88 -
scaffold20.g7864.t1  -           1917 830at3041            -            350   1.5e-08   33.1   0.2   1   2   3.6e-07   3.3e-05   22.2   0.1   203   291  1281  1380  1259  1387 0.77 -
scaffold20.g7864.t1  -           1917 830at3041            -            350   1.5e-08   33.1   0.2   2   2    0.0089      0.81    7.7   0.0   213   299  1388  1472  1381  1479 0.81 -
scaffold12.g8053.t1  -            979 830at3041            -            350   1.6e-08   33.1   0.9   1   3    0.0014      0.13   10.4   0.0   212   266    95   149    72   169 0.87 -
scaffold12.g8053.t1  -            979 830at3041            -            350   1.6e-08   33.1   0.9   2   3       0.3        27    2.7   0.0   265   304   185   224   179   236 0.75 -
scaffold12.g8053.t1  -            979 830at3041            -            350   1.6e-08   33.1   0.9   3   3   5.3e-06   0.00047   18.4   0.2   143   245   210   318   199   327 0.79 -
scaffold29.g5938.t1  -           1241 830at3041            -            350   1.7e-08   33.0   0.3   1   1   9.9e-10     9e-08   30.6   0.3   191   278   620   721   583   737 0.77 -
scaffold8.g1630.t1   -            340 830at3041            -            350   4.5e-08   31.6   0.0   1   3    0.0015      0.13   10.3   0.0   216   289    29   103    23   106 0.84 -
scaffold8.g1630.t1   -            340 830at3041            -            350   4.5e-08   31.6   0.0   2   3      0.21        19    3.2   0.0   193   249   127   192   111   226 0.66 -
scaffold8.g1630.t1   -            340 830at3041            -            350   4.5e-08   31.6   0.0   3   3   9.4e-05    0.0084   14.2   0.0   229   297   265   332   254   339 0.89 -
scaffold22.g6070.t1  -           1037 830at3041            -            350   4.6e-08   31.6   0.0   1   2   4.7e-09   4.3e-07   28.4   0.0   183   295    81   202    73   229 0.82 -
scaffold22.g6070.t1  -           1037 830at3041            -            350   4.6e-08   31.6   0.0   2   2       1.4   1.2e+02    0.5   0.0   165   181   355   371   331   377 0.78 -
scaffold17.g459.t1   -            494 830at3041            -            350   4.7e-08   31.5   2.6   1   2      0.93        84    1.1   0.0   249   293   235   275   154   294 0.70 -
scaffold17.g459.t1   -            494 830at3041            -            350   4.7e-08   31.5   2.6   2   2   2.9e-06   0.00026   19.2   0.0   215   290   371   449   367   476 0.90 -
scaffold7.g3572.t1   -           1617 830at3041            -            350   5.3e-08   31.4   0.1   1   4      0.18        16    3.4   0.1   214   242    41    69    38    78 0.90 -
scaffold7.g3572.t1   -           1617 830at3041            -            350   5.3e-08   31.4   0.1   2   4      0.01      0.92    7.6   0.0   214   288   132   205   119   210 0.74 -
scaffold7.g3572.t1   -           1617 830at3041            -            350   5.3e-08   31.4   0.1   3   4     0.038       3.4    5.7   0.0   220   288   181   249   173   256 0.87 -
scaffold7.g3572.t1   -           1617 830at3041            -            350   5.3e-08   31.4   0.1   4   4   8.1e-05    0.0073   14.4   0.0   194   257   233   302   219   319 0.79 -
scaffold1.g5201.t1   -            913 830at3041            -            350   1.1e-07   30.4   2.7   1   2   3.7e-05    0.0034   15.6   0.4   180   277    47   153    39   159 0.83 -
scaffold1.g5201.t1   -            913 830at3041            -            350   1.1e-07   30.4   2.7   2   2   6.9e-05    0.0062   14.7   0.1   206   291   156   238   150   243 0.81 -
scaffold5.g735.t1    -            860 830at3041            -            350   1.2e-07   30.2   0.0   1   4       9.7   8.7e+02   -2.2   0.0   217   242   132   157   120   164 0.74 -
scaffold5.g735.t1    -            860 830at3041            -            350   1.2e-07   30.2   0.0   2   4      0.89        80    1.2   0.0   317   346   354   383   341   387 0.83 -
scaffold5.g735.t1    -            860 830at3041            -            350   1.2e-07   30.2   0.0   3   4   1.3e-07   1.2e-05   23.6   0.0   208   288   442   520   412   531 0.88 -
scaffold5.g735.t1    -            860 830at3041            -            350   1.2e-07   30.2   0.0   4   4       2.7   2.4e+02   -0.4   0.0   164   186   565   587   547   596 0.75 -
scaffold8.g1615.t1   -            525 830at3041            -            350   1.9e-07   29.6   0.0   1   2     0.019       1.7    6.7   0.0   229   289    98   156    85   158 0.66 -
scaffold8.g1615.t1   -            525 830at3041            -            350   1.9e-07   29.6   0.0   2   2     1e-08   9.4e-07   27.3   0.0   165   271   139   265   110   297 0.73 -
scaffold10.g2411.t1  -           1665 830at3041            -            350   2.3e-07   29.3   0.1   1   2   1.4e-07   1.2e-05   23.6   0.0   201   285    42   128    38   135 0.87 -
scaffold10.g2411.t1  -           1665 830at3041            -            350   2.3e-07   29.3   0.1   2   2      0.39        35    2.4   0.0   212   287   888   919   851   922 0.44 -
scaffold9.g3259.t1   -            352 830at3041            -            350   2.5e-07   29.1   0.6   1   2   2.1e-05    0.0019   16.4   0.1   212   314    43   143    39   160 0.80 -
scaffold9.g3259.t1   -            352 830at3041            -            350   2.5e-07   29.1   0.6   2   2   0.00089      0.08   11.0   0.1   231   303   183   254   163   261 0.76 -
scaffold7.g3522.t1   -            819 830at3041            -            350   3.3e-07   28.7   0.0   1   4     8e-05    0.0072   14.5   0.0   217   291   432   520   426   524 0.77 -
scaffold7.g3522.t1   -            819 830at3041            -            350   3.3e-07   28.7   0.0   2   4    0.0057      0.52    8.4   0.0   247   289   618   660   591   670 0.87 -
scaffold7.g3522.t1   -            819 830at3041            -            350   3.3e-07   28.7   0.0   3   4     0.004      0.36    8.9   0.1   215   291   629   704   623   719 0.73 -
scaffold7.g3522.t1   -            819 830at3041            -            350   3.3e-07   28.7   0.0   4   4       4.7   4.2e+02   -1.2   0.0   202   234   704   736   680   751 0.57 -
scaffold3.g6176.t1   -            520 830at3041            -            350   8.2e-07   27.4   0.0   1   2   1.2e-05    0.0011   17.2   0.0   219   289   224   300   214   306 0.81 -
scaffold3.g6176.t1   -            520 830at3041            -            350   8.2e-07   27.4   0.0   2   2     0.015       1.3    7.0   0.0   213   289   311   385   304   390 0.86 -
scaffold4.g4598.t1   -           1219 830at3041            -            350     2e-06   26.2   0.1   1   1   4.3e-07   3.8e-05   22.0   0.1   117   341   914  1159   907  1165 0.65 -
scaffold12.g8061.t1  -            692 830at3041            -            350   3.9e-06   25.2   0.4   1   3     0.024       2.1    6.3   0.0   252   296   225   268   192   284 0.66 -
scaffold12.g8061.t1  -            692 830at3041            -            350   3.9e-06   25.2   0.4   2   3   2.3e-06    0.0002   19.6   0.1   151   272   228   361   226   370 0.66 -
scaffold12.g8061.t1  -            692 830at3041            -            350   3.9e-06   25.2   0.4   3   3       2.1   1.9e+02   -0.1   0.0   228   289   625   683   604   686 0.58 -
scaffold27.g6010.t1  -           1409 830at3041            -            350   8.4e-06   24.1   0.0   1   2       6.6     6e+02   -1.7   0.0   215   252    10    47     6    54 0.71 -
scaffold27.g6010.t1  -           1409 830at3041            -            350   8.4e-06   24.1   0.0   2   2   3.2e-07   2.9e-05   22.4   0.0   211   290    58   135    35   142 0.90 -
scaffold1.g5598.t1   -           1135 830at3041            -            350   8.7e-06   24.1   0.0   1   4       1.8   1.7e+02    0.1   0.0   275   289   138   152   109   170 0.65 -
scaffold1.g5598.t1   -           1135 830at3041            -            350   8.7e-06   24.1   0.0   2   4       2.5   2.3e+02   -0.3   0.0   216   248   210   242   183   252 0.84 -
scaffold1.g5598.t1   -           1135 830at3041            -            350   8.7e-06   24.1   0.0   3   4      0.32        29    2.6   0.0   211   332   315   349   285   409 0.53 -
scaffold1.g5598.t1   -           1135 830at3041            -            350   8.7e-06   24.1   0.0   4   4   6.5e-05    0.0059   14.8   0.0   194   289   567   667   551   707 0.83 -
scaffold1.g5330.t1   -            505 830at3041            -            350   2.9e-05   22.4   0.0   1   2   0.00028     0.026   12.7   0.0   214   257   197   240   182   252 0.83 -
scaffold1.g5330.t1   -            505 830at3041            -            350   2.9e-05   22.4   0.0   2   2     0.026       2.3    6.2   0.0   238   287   442   498   427   503 0.71 -
scaffold15.g4293.t1  -            812 830at3041            -            350   2.9e-05   22.3   0.0   1   2   1.4e-06   0.00012   20.3   0.0   231   340   595   703   586   711 0.80 -
scaffold15.g4293.t1  -            812 830at3041            -            350   2.9e-05   22.3   0.0   2   2    0.0089       0.8    7.7   0.0   213   259   676   723   664   725 0.85 -
scaffold1.g5490.t1   -            909 830at3041            -            350   3.5e-05   22.1   0.4   1   3       5.7   5.2e+02   -1.5   0.0   235   277    31    72     9   103 0.66 -
scaffold1.g5490.t1   -            909 830at3041            -            350   3.5e-05   22.1   0.4   2   3      0.24        22    3.0   0.0   258   296   235   275   187   282 0.63 -
scaffold1.g5490.t1   -            909 830at3041            -            350   3.5e-05   22.1   0.4   3   3   0.00018     0.016   13.3   0.0   213   294   675   765   654   776 0.77 -
scaffold2.g7412.t1   -           3431 830at3041            -            350   3.8e-05   22.0   0.0   1   2    0.0066      0.59    8.2   0.0   150   246   187   280   177   339 0.76 -
scaffold2.g7412.t1   -           3431 830at3041            -            350   3.8e-05   22.0   0.0   2   2    0.0012      0.11   10.6   0.0   150   290   605   750   592   780 0.78 -
scaffold15.g4303.t1  -            308 830at3041            -            350     6e-05   21.3   0.1   1   2   2.8e-05    0.0026   15.9   0.0   214   290     8    82     4   104 0.87 -
scaffold15.g4303.t1  -            308 830at3041            -            350     6e-05   21.3   0.1   2   2      0.38        35    2.4   0.0   166   191   162   187   133   201 0.79 -
scaffold3.g6626.t1   -            973 830at3041            -            350   6.3e-05   21.2   0.1   1   2   0.00051     0.046   11.8   0.1   164   214   743   797   720   805 0.54 -
scaffold3.g6626.t1   -            973 830at3041            -            350   6.3e-05   21.2   0.1   2   2     0.018       1.6    6.7   0.0   166   218   865   930   853   939 0.74 -
scaffold9.g3289.t1   -            387 830at3041            -            350   6.5e-05   21.2   0.0   1   2   6.3e-06   0.00057   18.1   0.0   211   291   113   195    96   219 0.75 -
scaffold9.g3289.t1   -            387 830at3041            -            350   6.5e-05   21.2   0.0   2   2       1.3   1.2e+02    0.6   0.0   229   288   222   280   203   293 0.72 -
scaffold4.g4975.t1   -            596 830at3041            -            350   7.6e-05   21.0   0.0   1   1   1.6e-06   0.00014   20.1   0.0   221   293   367   438   320   452 0.77 -
scaffold4.g4673.t1   -            553 830at3041            -            350   8.3e-05   20.8   1.1   1   3    0.0006     0.054   11.6   0.0   214   289   252   325   247   336 0.75 -
scaffold4.g4673.t1   -            553 830at3041            -            350   8.3e-05   20.8   1.1   2   3      0.01      0.93    7.5   0.2   145   284   286   437   284   447 0.68 -
scaffold4.g4673.t1   -            553 830at3041            -            350   8.3e-05   20.8   1.1   3   3     0.029       2.7    6.0   0.3   197   290   385   490   329   494 0.58 -
scaffold12.g8229.t1  -            415 830at3041            -            350   9.9e-05   20.6   0.0   1   1   2.3e-06   0.00021   19.6   0.0   220   298   262   337   259   382 0.84 -
scaffold15.g4216.t1  -            906 830at3041            -            350   0.00017   19.9   0.1   1   2   0.00045      0.04   12.0   0.1   247   345   735   820   702   825 0.62 -
scaffold15.g4216.t1  -            906 830at3041            -            350   0.00017   19.9   0.1   2   2      0.19        17    3.4   0.0   262   291   795   823   793   870 0.47 -
scaffold13.g295.t1   -           1434 830at3041            -            350   0.00017   19.8   2.9   1   3       0.2        18    3.3   0.0   233   290    96   154    84   168 0.78 -
scaffold13.g295.t1   -           1434 830at3041            -            350   0.00017   19.8   2.9   2   3     0.035       3.1    5.8   0.0   231   291   183   242   157   260 0.70 -
scaffold13.g295.t1   -           1434 830at3041            -            350   0.00017   19.8   2.9   3   3    0.0031      0.28    9.2   0.1   187   224   259   295   250   311 0.80 -
scaffold19.g1865.t1  -           1105 830at3041            -            350    0.0002   19.6   0.1   1   1   8.3e-06   0.00075   17.7   0.0   198   287   248   342   238   384 0.83 -
scaffold14.g1144.t1  -            409 830at3041            -            350   0.00022   19.5   0.3   1   2       7.9   7.1e+02   -2.0   0.0   220   242   106   128   103   134 0.84 -
scaffold14.g1144.t1  -            409 830at3041            -            350   0.00022   19.5   0.3   2   2   1.2e-05    0.0011   17.2   0.1   147   220   137   212   130   224 0.83 -
scaffold1.g5513.t1   -            301 830at3041            -            350   0.00025   19.3   0.0   1   2    0.0037      0.33    9.0   0.0   230   288    66   121    16   128 0.86 -
scaffold1.g5513.t1   -            301 830at3041            -            350   0.00025   19.3   0.0   2   2    0.0086      0.77    7.8   0.0   219   254   182   216   176   221 0.88 -
scaffold1.g5676.t1   -            825 830at3041            -            350   0.00037   18.7   0.0   1   4     0.037       3.3    5.7   0.0   222   289    19    90     8    98 0.75 -
scaffold1.g5676.t1   -            825 830at3041            -            350   0.00037   18.7   0.0   2   4     0.057       5.1    5.1   0.0   250   290   117   156   109   162 0.86 -
scaffold1.g5676.t1   -            825 830at3041            -            350   0.00037   18.7   0.0   3   4      0.49        44    2.0   0.0   214   245   169   200   158   205 0.80 -
scaffold1.g5676.t1   -            825 830at3041            -            350   0.00037   18.7   0.0   4   4       3.3     3e+02   -0.7   0.0   226   281   387   440   385   460 0.64 -
scaffold2.g7037.t1   -            217 830at3041            -            350   0.00052   18.2   0.2   1   2      0.62        56    1.7   0.0   163   185    32    54     7    65 0.82 -
scaffold2.g7037.t1   -            217 830at3041            -            350   0.00052   18.2   0.2   2   2   8.1e-05    0.0073   14.4   0.0   213   291   111   187   106   193 0.84 -
scaffold3.g6317.t1   -            829 830at3041            -            350   0.00071   17.8   2.1   1   4     0.035       3.2    5.8   0.0   250   291   267   308   264   312 0.93 -
scaffold3.g6317.t1   -            829 830at3041            -            350   0.00071   17.8   2.1   2   4    0.0096      0.86    7.6   0.1   195   251   463   527   391   567 0.76 -
scaffold3.g6317.t1   -            829 830at3041            -            350   0.00071   17.8   2.1   3   4       2.6   2.4e+02   -0.4   0.0   151   185   575   613   563   625 0.80 -
scaffold3.g6317.t1   -            829 830at3041            -            350   0.00071   17.8   2.1   4   4         1        95    0.9   0.1   233   284   598   648   578   655 0.81 -
scaffold12.g8211.t1  -           1145 830at3041            -            350   0.00082   17.6   0.1   1   3       1.2   1.1e+02    0.8   0.0   254   290   488   523   474   538 0.76 -
scaffold12.g8211.t1  -           1145 830at3041            -            350   0.00082   17.6   0.1   2   3    0.0032      0.29    9.2   0.0   230   289   622   679   607   689 0.86 -
scaffold12.g8211.t1  -           1145 830at3041            -            350   0.00082   17.6   0.1   3   3      0.21        19    3.2   0.0   151   187   832   872   781   886 0.82 -
scaffold7.g3732.t1   -            473 830at3041            -            350   0.00089   17.5   0.0   1   2    0.0023      0.21    9.7   0.1   199   296    81   178    25   196 0.80 -
scaffold7.g3732.t1   -            473 830at3041            -            350   0.00089   17.5   0.0   2   2     0.064       5.8    4.9   0.0   206   274   214   281   205   297 0.77 -
scaffold8.g1654.t1   -            636 830at3041            -            350   0.00097   17.3   0.1   1   2    0.0015      0.13   10.3   0.0   217   280   196   263   187   267 0.85 -
scaffold8.g1654.t1   -            636 830at3041            -            350   0.00097   17.3   0.1   2   2      0.24        22    3.0   0.7   151   188   283   323   272   394 0.81 -
scaffold15.g4247.t1  -           2113 830at3041            -            350    0.0016   16.6   0.0   1   2     0.084       7.5    4.5   0.0   213   249    13    49     9    60 0.87 -
scaffold15.g4247.t1  -           2113 830at3041            -            350    0.0016   16.6   0.0   2   2    0.0025      0.23    9.5   0.0   196   253   372   434   353   441 0.73 -
scaffold6.g2759.t1   -            493 830at3041            -            350    0.0039   15.3   0.0   1   2    0.0035      0.31    9.1   0.0   160   187   216   243   198   274 0.78 -
scaffold6.g2759.t1   -            493 830at3041            -            350    0.0039   15.3   0.0   2   2      0.16        14    3.6   0.0   277   337   409   468   329   479 0.78 -
scaffold7.g3684.t1   -           1545 830at3041            -            350    0.0044   15.2   5.0   1   4    0.0035      0.32    9.1   0.0   148   181   296   331   250   337 0.70 -
scaffold7.g3684.t1   -           1545 830at3041            -            350    0.0044   15.2   5.0   2   4      0.26        23    2.9   0.0   161   186   400   425   387   434 0.82 -
scaffold7.g3684.t1   -           1545 830at3041            -            350    0.0044   15.2   5.0   3   4       5.5     5e+02   -1.4   0.0   267   299  1114  1146  1107  1149 0.84 -
scaffold7.g3684.t1   -           1545 830at3041            -            350    0.0044   15.2   5.0   4   4      0.96        86    1.1   0.0   166   183  1287  1304  1256  1316 0.68 -
scaffold3.g6316.t1   -           1730 830at3041            -            350    0.0082   14.3   0.3   1   2       1.5   1.3e+02    0.4   0.1   179   213   537   573   517   580 0.84 -
scaffold3.g6316.t1   -           1730 830at3041            -            350    0.0082   14.3   0.3   2   2     0.002      0.18    9.9   0.0   213   315   633   734   627   738 0.81 -
scaffold20.g7769.t1  -            577 830at3041            -            350      0.01   14.0   0.0   1   2   0.00084     0.076   11.1   0.0   216   294   216   299   196   305 0.80 -
scaffold20.g7769.t1  -            577 830at3041            -            350      0.01   14.0   0.0   2   2       1.9   1.8e+02    0.0   0.0   214   289   360   434   354   440 0.87 -
scaffold20.g7661.t1  -            320 830at3041            -            350      0.01   14.0   0.5   1   2     0.011      0.98    7.5   0.3   201   247    77   130    14   146 0.63 -
scaffold20.g7661.t1  -            320 830at3041            -            350      0.01   14.0   0.5   2   2      0.21        19    3.3   0.0   218   255   221   257   173   272 0.71 -
scaffold6.g2569.t1   -            470 830at3041            -            350      0.01   14.0   0.7   1   3       7.5   6.7e+02   -1.9   0.0   219   244   157   182   154   189 0.58 -
scaffold6.g2569.t1   -            470 830at3041            -            350      0.01   14.0   0.7   2   3    0.0016      0.15   10.2   0.0   145   181   228   264   219   277 0.89 -
scaffold6.g2569.t1   -            470 830at3041            -            350      0.01   14.0   0.7   3   3       1.7   1.5e+02    0.2   0.0   273   304   297   328   280   350 0.63 -
scaffold20.g7732.t1  -            419 830at3041            -            350     0.011   13.9   0.0   1   2      0.78        70    1.4   0.0   256   289    59    96    45   117 0.65 -
scaffold20.g7732.t1  -            419 830at3041            -            350     0.011   13.9   0.0   2   2    0.0032      0.29    9.2   0.0   223   284   132   195   122   201 0.54 -
scaffold1.g5611.t1   -            394 830at3041            -            350     0.018   13.2   0.0   1   2       6.4   5.8e+02   -1.7   0.0   212   239    13    44    11    81 0.60 -
scaffold1.g5611.t1   -            394 830at3041            -            350     0.018   13.2   0.0   2   2     0.001      0.09   10.9   0.0   211   284   108   187    98   201 0.79 -
scaffold9.g3281.t1   -            494 830at3041            -            350     0.028   12.5   0.0   1   2    0.0064      0.58    8.2   0.0   228   290    96   157    32   165 0.65 -
scaffold9.g3281.t1   -            494 830at3041            -            350     0.028   12.5   0.0   2   2      0.92        83    1.1   0.0   229   248   282   301   276   306 0.82 -
scaffold17.g454.t1   -            957 830at3041            -            350     0.033   12.3   0.2   1   1    0.0017      0.15   10.1   0.0   213   247   200   234   144   274 0.72 -
scaffold17.g515.t1   -            555 830at3041            -            350     0.047   11.8   0.2   1   3     0.017       1.5    6.9   0.0   219   247    32    60    25    67 0.87 -
scaffold17.g515.t1   -            555 830at3041            -            350     0.047   11.8   0.2   2   3      0.91        82    1.1   0.0   161   183    92   116    83   126 0.76 -
scaffold17.g515.t1   -            555 830at3041            -            350     0.047   11.8   0.2   3   3       4.2   3.8e+02   -1.1   0.0   171   186   382   398   366   435 0.78 -
scaffold21.g2098.t1  -            492 830at3041            -            350     0.057   11.5   0.0   1   2     0.003      0.27    9.3   0.0   212   288   297   371   289   376 0.86 -
scaffold21.g2098.t1  -            492 830at3041            -            350     0.057   11.5   0.0   2   2       4.8   4.3e+02   -1.2   0.0   220   236   392   408   378   423 0.79 -
scaffold7.g3431.t1   -            526 830at3041            -            350     0.072   11.2   0.0   1   2      0.08       7.2    4.6   0.0   213   246   116   149   103   208 0.90 -
scaffold7.g3431.t1   -            526 830at3041            -            350     0.072   11.2   0.0   2   2      0.21        19    3.2   0.0   215   250   285   320   279   360 0.77 -
scaffold4.g5018.t1   -           2071 830at3041            -            350     0.076   11.1   0.2   1   1    0.0021      0.19    9.8   0.1   164   252  1120  1200  1097  1232 0.71 -
scaffold20.g7761.t1  -           1330 830at3041            -            350     0.091   10.9   0.5   1   3       2.8   2.5e+02   -0.5   0.1   160   186   444   470   432   485 0.78 -
scaffold20.g7761.t1  -           1330 830at3041            -            350     0.091   10.9   0.5   2   3       9.9     9e+02   -2.3   0.0   154   181   612   639   601   644 0.82 -
scaffold20.g7761.t1  -           1330 830at3041            -            350     0.091   10.9   0.5   3   3     0.011      0.99    7.4   0.0   146   248   644   751   636   763 0.73 -
scaffold14.g1076.t1  -            770 830at3041            -            350     0.096   10.8   0.0   1   1    0.0019      0.17    9.9   0.0   221   289    53   120    46   129 0.91 -
scaffold10.g2337.t1  -            525 830at3041            -            350      0.11   10.6   0.0   1   2     0.004      0.36    8.9   0.0   229   293   370   432   349   451 0.74 -
scaffold10.g2337.t1  -            525 830at3041            -            350      0.11   10.6   0.0   2   2       4.1   3.7e+02   -1.0   0.0   219   269   446   497   438   511 0.73 -
#
# Program:         hmmsearch
# Version:         3.1b2 (February 2015)
# Pipeline mode:   SEARCH
# Query file:      /Users/catrionaharrison/Documents/Bioinformatics/rp2/Data/genomes/busco/busco_downloads/lineages/chlorophyta_odb10/hmms/830at3041.hmm
# Target file:     /Users/catrionaharrison/Documents/Bioinformatics/rp2/Data/genomes/busco/data/a99.prot.fasta
# Option settings: hmmsearch --domtblout /Users/catrionaharrison/Documents/Bioinformatics/rp2/Data/genomes/busco/Busco_a99/run_chlorophyta_odb10/hmmer_output/initial_run_results/830at3041.out --cpu 1 /Users/catrionaharrison/Documents/Bioinformatics/rp2/Data/genomes/busco/busco_downloads/lineages/chlorophyta_odb10/hmms/830at3041.hmm /Users/catrionaharrison/Documents/Bioinformatics/rp2/Data/genomes/busco/data/a99.prot.fasta 
# Current dir:     /Users/catrionaharrison/Documents/Bioinformatics/rp2/Data/genomes/busco
# Date:            Fri Jul 22 14:51:31 2022
# [ok]
