#                                                                            --- full sequence --- -------------- this domain -------------   hmm coord   ali coord   env coord
# target name        accession   tlen query name           accession   qlen   E-value  score  bias   #  of  c-Evalue  i-Evalue  score  bias  from    to  from    to  from    to  acc description of target
#------------------- ---------- ----- -------------------- ---------- ----- --------- ------ ----- --- --- --------- --------- ------ ----- ----- ----- ----- ----- ----- ----- ---- ---------------------
scaffold8.g1455.t1   -           1573 8862at3041           -            197   2.3e-91  303.9  13.4   1   2   1.7e-50   2.3e-47  160.3   3.1     1   115    60   187    60   197 0.90 -
scaffold8.g1455.t1   -           1573 8862at3041           -            197   2.3e-91  303.9  13.4   2   2     7e-47   9.7e-44  148.5   2.7    99   196   248   345   244   346 0.96 -
scaffold3.g6447.t1   -            263 8862at3041           -            197   9.4e-07   27.8   1.1   1   2      0.41   5.7e+02   -0.9   0.1    81   101    56    76    15   109 0.73 -
scaffold3.g6447.t1   -            263 8862at3041           -            197   9.4e-07   27.8   1.1   2   2   6.8e-10   9.4e-07   27.8   1.1    80   194   144   260   123   263 0.75 -
scaffold13.g322.t1   -            969 8862at3041           -            197   2.6e-05   23.1   1.5   1   2      0.19   2.6e+02    0.2   0.2    16    71    83   140    73   180 0.63 -
scaffold13.g322.t1   -            969 8862at3041           -            197   2.6e-05   23.1   1.5   2   2   1.9e-08   2.6e-05   23.1   1.5   108   172   225   289   213   308 0.82 -
scaffold9.g3299.t1   -            231 8862at3041           -            197    0.0064   15.2   0.5   1   1   8.9e-06     0.012   14.3   0.5   106   194   137   227   117   230 0.77 -
scaffold2.g6954.t1   -            376 8862at3041           -            197    0.0097   14.7   9.7   1   3      0.11   1.5e+02    1.0   0.8    28    70    84   126    60   162 0.61 -
scaffold2.g6954.t1   -            376 8862at3041           -            197    0.0097   14.7   9.7   2   3   0.00063      0.88    8.3   1.5    42   134   138   239   132   249 0.62 -
scaffold2.g6954.t1   -            376 8862at3041           -            197    0.0097   14.7   9.7   3   3   0.00022       0.3    9.8   0.2   129   169   261   301   247   325 0.81 -
scaffold13.g321.t1   -            310 8862at3041           -            197     0.022   13.5   5.2   1   2     0.044        61    2.3   0.2    73   107   106   140    20   156 0.66 -
scaffold13.g321.t1   -            310 8862at3041           -            197     0.022   13.5   5.2   2   2   2.9e-05      0.04   12.6   0.8   114   186   224   296   203   309 0.82 -
#
# Program:         hmmsearch
# Version:         3.1b2 (February 2015)
# Pipeline mode:   SEARCH
# Query file:      /Users/catrionaharrison/Documents/Bioinformatics/rp2/Data/genomes/busco/busco_downloads/lineages/chlorophyta_odb10/hmms/8862at3041.hmm
# Target file:     /Users/catrionaharrison/Documents/Bioinformatics/rp2/Data/genomes/busco/data/a99.prot.fasta
# Option settings: hmmsearch --domtblout /Users/catrionaharrison/Documents/Bioinformatics/rp2/Data/genomes/busco/Busco_a99/run_chlorophyta_odb10/hmmer_output/initial_run_results/8862at3041.out --cpu 1 /Users/catrionaharrison/Documents/Bioinformatics/rp2/Data/genomes/busco/busco_downloads/lineages/chlorophyta_odb10/hmms/8862at3041.hmm /Users/catrionaharrison/Documents/Bioinformatics/rp2/Data/genomes/busco/data/a99.prot.fasta 
# Current dir:     /Users/catrionaharrison/Documents/Bioinformatics/rp2/Data/genomes/busco
# Date:            Fri Jul 22 14:52:17 2022
# [ok]
