#                                                                            --- full sequence --- -------------- this domain -------------   hmm coord   ali coord   env coord
# target name        accession   tlen query name           accession   qlen   E-value  score  bias   #  of  c-Evalue  i-Evalue  score  bias  from    to  from    to  from    to  acc description of target
#------------------- ---------- ----- -------------------- ---------- ----- --------- ------ ----- --- --- --------- --------- ------ ----- ----- ----- ----- ----- ----- ----- ---- ---------------------
scaffold12.g8039.t1  -            941 918at3041            -            447  2.9e-130  434.5  12.0   1   5   1.9e-13   3.1e-10   38.8   0.0     7    50    31    76    26    81 0.91 -
scaffold12.g8039.t1  -            941 918at3041            -            447  2.9e-130  434.5  12.0   2   5     3e-17     5e-14   51.4   0.0    49   106    95   160    91   163 0.89 -
scaffold12.g8039.t1  -            941 918at3041            -            447  2.9e-130  434.5  12.0   3   5   3.9e-33   6.5e-30  103.7   1.6   101   187   255   344   248   357 0.90 -
scaffold12.g8039.t1  -            941 918at3041            -            447  2.9e-130  434.5  12.0   4   5   2.2e-27   3.7e-24   84.8   0.1   194   349   543   736   511   741 0.76 -
scaffold12.g8039.t1  -            941 918at3041            -            447  2.9e-130  434.5  12.0   5   5   4.7e-49   7.8e-46  156.2   2.7   345   447   831   939   818   939 0.91 -
scaffold27.g5978.t1  -            950 918at3041            -            447   3.9e-05   22.1   9.4   1   3   8.1e-05      0.13   10.4   1.1   353   427   307   386   301   393 0.83 -
scaffold27.g5978.t1  -            950 918at3041            -            447   3.9e-05   22.1   9.4   2   3   2.4e-06    0.0039   15.5   0.4   358   424   421   485   413   489 0.84 -
scaffold27.g5978.t1  -            950 918at3041            -            447   3.9e-05   22.1   9.4   3   3      0.14   2.3e+02   -0.3   0.1   357   386   488   520   483   525 0.80 -
scaffold18.g1967.t1  -            277 918at3041            -            447   0.00048   18.5   0.1   1   1     4e-07   0.00066   18.0   0.1   116   182    64   132    55   170 0.78 -
scaffold1.g5239.t1   -            643 918at3041            -            447    0.0049   15.1   7.0   1   2    0.0069        11    4.0   0.1   358   385   165   195   150   213 0.79 -
scaffold1.g5239.t1   -            643 918at3041            -            447    0.0049   15.1   7.0   2   2   3.7e-05     0.061   11.5   3.6   378   440   336   398   314   409 0.68 -
scaffold2.g7314.t1   -            357 918at3041            -            447     0.027   12.7   1.1   1   2      0.42   6.9e+02   -1.8   0.1   153   177    72    96    62   109 0.74 -
scaffold2.g7314.t1   -            357 918at3041            -            447     0.027   12.7   1.1   2   2   2.3e-05     0.038   12.2   0.1   150   210   131   191   126   201 0.87 -
#
# Program:         hmmsearch
# Version:         3.1b2 (February 2015)
# Pipeline mode:   SEARCH
# Query file:      /Users/catrionaharrison/Documents/Bioinformatics/rp2/Data/genomes/busco/busco_downloads/lineages/chlorophyta_odb10/hmms/918at3041.hmm
# Target file:     /Users/catrionaharrison/Documents/Bioinformatics/rp2/Data/genomes/busco/data/a99.prot.fasta
# Option settings: hmmsearch --domtblout /Users/catrionaharrison/Documents/Bioinformatics/rp2/Data/genomes/busco/Busco_a99/run_chlorophyta_odb10/hmmer_output/initial_run_results/918at3041.out --cpu 1 /Users/catrionaharrison/Documents/Bioinformatics/rp2/Data/genomes/busco/busco_downloads/lineages/chlorophyta_odb10/hmms/918at3041.hmm /Users/catrionaharrison/Documents/Bioinformatics/rp2/Data/genomes/busco/data/a99.prot.fasta 
# Current dir:     /Users/catrionaharrison/Documents/Bioinformatics/rp2/Data/genomes/busco
# Date:            Fri Jul 22 14:51:22 2022
# [ok]
