#                                                                            --- full sequence --- -------------- this domain -------------   hmm coord   ali coord   env coord
# target name        accession   tlen query name           accession   qlen   E-value  score  bias   #  of  c-Evalue  i-Evalue  score  bias  from    to  from    to  from    to  acc description of target
#------------------- ---------- ----- -------------------- ---------- ----- --------- ------ ----- --- --- --------- --------- ------ ----- ----- ----- ----- ----- ----- ----- ---- ---------------------
scaffold19.g1811.t1  -            411 9901at3041           -            223   5.7e-82  273.2  12.6   1   4   8.7e-56   3.6e-52  175.8   2.6     5   131    41   188    37   197 0.85 -
scaffold19.g1811.t1  -            411 9901at3041           -            223   5.7e-82  273.2  12.6   2   4   1.3e-20   5.5e-17   60.7   0.1   129   167   252   290   248   310 0.91 -
scaffold19.g1811.t1  -            411 9901at3041           -            223   5.7e-82  273.2  12.6   3   4   1.6e-07   0.00066   17.9   0.1   169   200   315   346   307   350 0.85 -
scaffold19.g1811.t1  -            411 9901at3041           -            223   5.7e-82  273.2  12.6   4   4   5.6e-08   0.00023   19.4   0.0   197   222   374   399   368   400 0.90 -
scaffold2.g7361.t1   -            384 9901at3041           -            223     1e-18   66.4   1.5   1   3    0.0016       6.5    4.9   0.2   103   129    99   126    85   134 0.76 -
scaffold2.g7361.t1   -            384 9901at3041           -            223     1e-18   66.4   1.5   2   3   6.9e-19   2.9e-15   55.1   1.2    36   197   135   320   107   331 0.77 -
scaffold2.g7361.t1   -            384 9901at3041           -            223     1e-18   66.4   1.5   3   3     0.004        17    3.5   0.0   190   218   343   371   332   376 0.85 -
#
# Program:         hmmsearch
# Version:         3.1b2 (February 2015)
# Pipeline mode:   SEARCH
# Query file:      /Users/catrionaharrison/Documents/Bioinformatics/rp2/Data/genomes/busco/busco_downloads/lineages/chlorophyta_odb10/hmms/9901at3041.hmm
# Target file:     /Users/catrionaharrison/Documents/Bioinformatics/rp2/Data/genomes/busco/data/a99.prot.fasta
# Option settings: hmmsearch --domtblout /Users/catrionaharrison/Documents/Bioinformatics/rp2/Data/genomes/busco/Busco_a99/run_chlorophyta_odb10/hmmer_output/initial_run_results/9901at3041.out --cpu 1 /Users/catrionaharrison/Documents/Bioinformatics/rp2/Data/genomes/busco/busco_downloads/lineages/chlorophyta_odb10/hmms/9901at3041.hmm /Users/catrionaharrison/Documents/Bioinformatics/rp2/Data/genomes/busco/data/a99.prot.fasta 
# Current dir:     /Users/catrionaharrison/Documents/Bioinformatics/rp2/Data/genomes/busco
# Date:            Fri Jul 22 14:52:15 2022
# [ok]
