#                                                                            --- full sequence --- -------------- this domain -------------   hmm coord   ali coord   env coord
# target name        accession   tlen query name           accession   qlen   E-value  score  bias   #  of  c-Evalue  i-Evalue  score  bias  from    to  from    to  from    to  acc description of target
#------------------- ---------- ----- -------------------- ---------- ----- --------- ------ ----- --- --- --------- --------- ------ ----- ----- ----- ----- ----- ----- ----- ---- ---------------------
PRW60509.1           -            785 10065at3041          -            118   5.2e-46  154.4   0.0   1   1   3.9e-48     1e-45  153.5   0.0     1   112   431   549   431   554 0.91 -
PRW60593.1           -           1583 10065at3041          -            118   2.1e-28   97.6   0.0   1   1   1.4e-30   3.5e-28   96.9   0.0     2   110  1363  1478  1362  1482 0.89 -
PRW60916.1           -            217 10065at3041          -            118   9.1e-27   92.3   0.0   1   1   4.7e-29   1.2e-26   91.9   0.0     2   110    72   189    71   193 0.89 -
PRW56015.1           -            166 10065at3041          -            118   5.5e-23   80.1   0.0   1   1   2.5e-25   6.6e-23   79.9   0.0    15   113    57   158    35   162 0.88 -
PRW58541.1           -            525 10065at3041          -            118   4.8e-18   64.2   0.2   1   3   3.5e-10     9e-08   31.1   0.0    21    82    41   107    24   121 0.82 -
PRW58541.1           -            525 10065at3041          -            118   4.8e-18   64.2   0.2   2   3      0.13        34    3.4   0.0    67    99   149   181   136   196 0.81 -
PRW58541.1           -            525 10065at3041          -            118   4.8e-18   64.2   0.2   3   3   1.5e-08     4e-06   25.8   0.0    16    65   393   445   381   466 0.69 -
PRW58542.1           -            542 10065at3041          -            118   5.3e-18   64.0   0.2   1   3   3.7e-10   9.5e-08   31.0   0.0    21    82    41   107    24   121 0.82 -
PRW58542.1           -            542 10065at3041          -            118   5.3e-18   64.0   0.2   2   3      0.14        35    3.3   0.0    67    99   149   181   136   196 0.81 -
PRW58542.1           -            542 10065at3041          -            118   5.3e-18   64.0   0.2   3   3   1.6e-08   4.1e-06   25.7   0.0    16    65   410   462   398   483 0.69 -
PRW60126.1           -            481 10065at3041          -            118   1.9e-17   62.3   0.0   1   2   2.9e-10   7.5e-08   31.3   0.0    27    91    44   111    33   135 0.83 -
PRW60126.1           -            481 10065at3041          -            118   1.9e-17   62.3   0.0   2   2     2e-09   5.2e-07   28.6   0.0    21    88   206   275   187   285 0.85 -
PRW05787.1           -            187 10065at3041          -            118   3.4e-14   51.8   0.2   1   1   2.4e-16   6.1e-14   51.0   0.1    13   109    89   185    79   186 0.75 -
PRW59419.1           -            521 10065at3041          -            118     7e-14   50.8   0.0   1   2   4.3e-09   1.1e-06   27.5   0.0    10    85    27   110    19   118 0.76 -
PRW59419.1           -            521 10065at3041          -            118     7e-14   50.8   0.0   2   2   7.4e-07   0.00019   20.3   0.0    26    99   386   462   374   476 0.80 -
PRW57963.1           -            110 10065at3041          -            118   4.6e-13   48.1   0.0   1   1   2.5e-15   6.5e-13   47.7   0.0    15   102    16   104     3   108 0.82 -
PRW57641.1           -            404 10065at3041          -            118   9.6e-11   40.7   0.0   1   1   7.1e-13   1.9e-10   39.7   0.0    21    86    96   166    82   176 0.84 -
PRW45706.1           -           1907 10065at3041          -            118     2e-10   39.7   0.0   1   1   1.3e-12   3.5e-10   38.8   0.0     8    89     1    82     1   101 0.88 -
PRW51163.1           -            532 10065at3041          -            118   2.5e-10   39.3   0.0   1   2     7e-07   0.00018   20.4   0.0    25    85    44   111    28   130 0.74 -
PRW51163.1           -            532 10065at3041          -            118   2.5e-10   39.3   0.0   2   2   1.3e-05    0.0034   16.3   0.0    21    65   406   456   395   488 0.70 -
PRW59160.1           -            385 10065at3041          -            118   1.2e-09   37.1   0.0   1   1   9.4e-12   2.4e-09   36.1   0.0    15    88   288   362   277   381 0.78 -
PRW61379.1           -            137 10065at3041          -            118   1.5e-09   36.8   0.0   1   1   7.2e-12   1.9e-09   36.5   0.0    16    86    30   105    21   131 0.81 -
PRW60413.1           -            455 10065at3041          -            118   3.1e-09   35.8   0.0   1   1   2.9e-11   7.6e-09   34.5   0.0    18    84   189   257   174   266 0.82 -
PRW45031.1           -            157 10065at3041          -            118   1.4e-08   33.6   0.0   1   1   7.2e-11   1.9e-08   33.3   0.0    11    85    49   123    40   138 0.84 -
PRW05764.1           -            640 10065at3041          -            118   2.1e-08   33.1   0.0   1   1   1.4e-10   3.6e-08   32.3   0.0    24   108    77   163    58   171 0.81 -
PRW57616.1           -            149 10065at3041          -            118   2.8e-08   32.7   0.0   1   1   1.4e-10   3.7e-08   32.3   0.0    21    81    49   111    30   126 0.82 -
PRW51147.1           -            227 10065at3041          -            118   4.4e-08   32.1   0.0   1   1   2.8e-10   7.4e-08   31.3   0.0    26    70    31    78    26    88 0.84 -
PRW33580.1           -           3765 10065at3041          -            118   5.7e-08   31.7   0.0   1   2   2.5e-08   6.4e-06   25.1   0.0    26    83  3072  3133  3055  3143 0.81 -
PRW33580.1           -           3765 10065at3041          -            118   5.7e-08   31.7   0.0   2   2       0.1        27    3.7   0.0    20    43  3338  3361  3323  3383 0.81 -
PRW33579.1           -           3768 10065at3041          -            118   5.7e-08   31.7   0.0   1   2   2.5e-08   6.5e-06   25.1   0.0    26    83  3075  3136  3058  3146 0.81 -
PRW33579.1           -           3768 10065at3041          -            118   5.7e-08   31.7   0.0   2   2       0.1        27    3.7   0.0    20    43  3341  3364  3326  3386 0.81 -
PRW59885.1           -            336 10065at3041          -            118   8.2e-08   31.2   0.0   1   1   6.5e-10   1.7e-07   30.2   0.0    21    84    35   107    21   129 0.82 -
PRW59198.1           -            149 10065at3041          -            118   2.2e-07   29.8   0.0   1   1   1.4e-09   3.6e-07   29.1   0.0    25    97    55   130    31   146 0.77 -
PRW61420.1           -            476 10065at3041          -            118   1.2e-06   27.4   0.0   1   1   8.3e-09   2.2e-06   26.6   0.0    26    85    76   137    62   161 0.85 -
PRW60095.1           -            253 10065at3041          -            118   1.7e-06   26.9   0.0   1   1   9.6e-09   2.5e-06   26.4   0.0    24    84   126   190   114   205 0.78 -
PRW56265.1           -           1457 10065at3041          -            118   3.1e-06   26.1   0.0   1   2   6.3e-05     0.016   14.1   0.0    50    86  1247  1285  1229  1296 0.77 -
PRW56265.1           -           1457 10065at3041          -            118   3.1e-06   26.1   0.0   2   2    0.0023      0.59    9.1   0.0    12    86  1328  1405  1320  1416 0.83 -
PRW20187.1           -            167 10065at3041          -            118   6.2e-06   25.1   0.0   1   1   3.3e-08   8.5e-06   24.7   0.0    13    84    67   139    58   147 0.81 -
PRW58311.1           -            121 10065at3041          -            118   1.9e-05   23.6   0.0   1   1     9e-08   2.3e-05   23.3   0.0    12    96    15    97     8   115 0.75 -
PRW20350.1           -            193 10065at3041          -            118   3.4e-05   22.8   0.0   1   1   1.7e-07   4.4e-05   22.4   0.0    15    86    79   154    67   181 0.76 -
PRW20549.1           -            778 10065at3041          -            118   7.3e-05   21.7   0.0   1   1   5.4e-07   0.00014   20.8   0.0    24    91    24    93    10   101 0.86 -
PRW57447.1           -            516 10065at3041          -            118   0.00027   19.8   0.0   1   1   1.8e-06   0.00047   19.1   0.0    21    49    48    76    35   143 0.84 -
PRW58685.1           -            185 10065at3041          -            118   0.00043   19.2   0.0   1   1   3.3e-06   0.00085   18.2   0.0    25    66    37    83    30   102 0.76 -
PRW60888.1           -           2944 10065at3041          -            118   0.00072   18.5   0.0   1   1     6e-06    0.0016   17.4   0.0    12    91  2837  2922  2826  2941 0.80 -
PRW60889.1           -           2929 10065at3041          -            118   0.00073   18.5   0.0   1   1     6e-06    0.0016   17.4   0.0    12    91  2822  2907  2811  2926 0.80 -
PRW44349.1           -            761 10065at3041          -            118   0.00079   18.3   0.0   1   1   6.1e-06    0.0016   17.4   0.0    22    85   665   730   653   755 0.84 -
PRW05782.1           -            633 10065at3041          -            118     0.001   18.0   0.1   1   1   1.2e-05     0.003   16.5   0.0    14    84   298   373   292   394 0.72 -
PRW21022.1           -            905 10065at3041          -            118     0.001   18.0   0.0   1   2   1.6e-05    0.0041   16.0   0.0    12    63    34    90    26   145 0.79 -
PRW21022.1           -            905 10065at3041          -            118     0.001   18.0   0.0   2   2       8.7   2.3e+03   -2.5   0.0    27    58   415   447   401   448 0.73 -
PRW58195.1           -            490 10065at3041          -            118    0.0025   16.7   0.0   1   1   2.1e-05    0.0054   15.6   0.0    24    84   163   232   143   241 0.71 -
PRW58485.1           -            290 10065at3041          -            118       0.1   11.6   0.0   1   1   0.00075       0.2   10.6   0.0    26    49   161   184   146   257 0.83 -
#
# Program:         hmmsearch
# Version:         3.1b2 (February 2015)
# Pipeline mode:   SEARCH
# Query file:      /Users/catrionaharrison/Documents/Bioinformatics/rp2/Data/genomes/busco/busco_downloads/lineages/chlorophyta_odb10/hmms/10065at3041.hmm
# Target file:     /Users/catrionaharrison/Documents/Bioinformatics/rp2/Data/genomes/busco/data/chlorella_sorokiniana.prot.fasta
# Option settings: hmmsearch --domtblout /Users/catrionaharrison/Documents/Bioinformatics/rp2/Data/genomes/busco/Busco_sorokiniana/run_chlorophyta_odb10/hmmer_output/initial_run_results/10065at3041.out --cpu 1 /Users/catrionaharrison/Documents/Bioinformatics/rp2/Data/genomes/busco/busco_downloads/lineages/chlorophyta_odb10/hmms/10065at3041.hmm /Users/catrionaharrison/Documents/Bioinformatics/rp2/Data/genomes/busco/data/chlorella_sorokiniana.prot.fasta 
# Current dir:     /Users/catrionaharrison/Documents/Bioinformatics/rp2/Data/genomes/busco
# Date:            Fri Jul 22 14:27:56 2022
# [ok]
