#                                                                            --- full sequence --- -------------- this domain -------------   hmm coord   ali coord   env coord
# target name        accession   tlen query name           accession   qlen   E-value  score  bias   #  of  c-Evalue  i-Evalue  score  bias  from    to  from    to  from    to  acc description of target
#------------------- ---------- ----- -------------------- ---------- ----- --------- ------ ----- --- --- --------- --------- ------ ----- ----- ----- ----- ----- ----- ----- ---- ---------------------
PRW56230.1           -            194 10650at3041          -            151     1e-67  225.9   6.6   1   1   1.6e-70   2.7e-67  224.5   6.6     8   150    39   191    32   192 0.93 -
PRW61599.1           -            256 10650at3041          -            151   5.4e-11   41.8   7.0   1   1   2.1e-13   3.6e-10   39.1   7.0    72   149    90   167    38   169 0.79 -
PRW44391.1           -            153 10650at3041          -            151   7.5e-09   34.8   2.8   1   1   6.1e-12   1.1e-08   34.3   2.8    43   145    19   122    14   127 0.80 -
PRW58668.1           -            214 10650at3041          -            151   4.1e-07   29.2   0.0   1   1   3.5e-10     6e-07   28.6   0.0    85   132    41    88    27   104 0.88 -
PRW33881.1           -            265 10650at3041          -            151   1.7e-06   27.1   0.6   1   2     1e-09   1.7e-06   27.1   0.6    32   128    36   135    19   142 0.81 -
PRW33881.1           -            265 10650at3041          -            151   1.7e-06   27.1   0.6   2   2         3   5.1e+03   -3.6   0.1    47    57   163   173   159   183 0.61 -
PRW33882.1           -            265 10650at3041          -            151   1.7e-06   27.1   0.6   1   2     1e-09   1.7e-06   27.1   0.6    32   128    36   135    19   142 0.81 -
PRW33882.1           -            265 10650at3041          -            151   1.7e-06   27.1   0.6   2   2         3   5.1e+03   -3.6   0.1    47    57   163   173   159   183 0.61 -
#
# Program:         hmmsearch
# Version:         3.1b2 (February 2015)
# Pipeline mode:   SEARCH
# Query file:      /Users/catrionaharrison/Documents/Bioinformatics/rp2/Data/genomes/busco/busco_downloads/lineages/chlorophyta_odb10/hmms/10650at3041.hmm
# Target file:     /Users/catrionaharrison/Documents/Bioinformatics/rp2/Data/genomes/busco/data/chlorella_sorokiniana.prot.fasta
# Option settings: hmmsearch --domtblout /Users/catrionaharrison/Documents/Bioinformatics/rp2/Data/genomes/busco/Busco_sorokiniana/run_chlorophyta_odb10/hmmer_output/initial_run_results/10650at3041.out --cpu 1 /Users/catrionaharrison/Documents/Bioinformatics/rp2/Data/genomes/busco/busco_downloads/lineages/chlorophyta_odb10/hmms/10650at3041.hmm /Users/catrionaharrison/Documents/Bioinformatics/rp2/Data/genomes/busco/data/chlorella_sorokiniana.prot.fasta 
# Current dir:     /Users/catrionaharrison/Documents/Bioinformatics/rp2/Data/genomes/busco
# Date:            Fri Jul 22 14:28:26 2022
# [ok]
