#                                                                            --- full sequence --- -------------- this domain -------------   hmm coord   ali coord   env coord
# target name        accession   tlen query name           accession   qlen   E-value  score  bias   #  of  c-Evalue  i-Evalue  score  bias  from    to  from    to  from    to  acc description of target
#------------------- ---------- ----- -------------------- ---------- ----- --------- ------ ----- --- --- --------- --------- ------ ----- ----- ----- ----- ----- ----- ----- ---- ---------------------
PRW44627.1           -            176 10724at3041          -             81   6.2e-35  118.6   2.6   1   2   4.9e-07     0.001   18.6   0.0     1    25    23    47    23    55 0.86 -
PRW44627.1           -            176 10724at3041          -             81   6.2e-35  118.6   2.6   2   2   1.9e-32     4e-29  100.0   0.8    18    81    57   121    53   121 0.96 -
PRW57251.1           -            124 10724at3041          -             81   9.1e-17   60.4   1.0   1   2   4.4e-20   9.2e-17   60.4   0.1     2    81    18   103    17   103 0.91 -
PRW57251.1           -            124 10724at3041          -             81   9.1e-17   60.4   1.0   2   2       3.7   7.6e+03   -3.5   0.1    19    29   106   116   105   117 0.70 -
PRW56454.1           -           1556 10724at3041          -             81   2.2e-11   43.1   0.1   1   2       4.4   9.2e+03   -3.7   0.0    19    40  1125  1146  1121  1150 0.83 -
PRW56454.1           -           1556 10724at3041          -             81   2.2e-11   43.1   0.1   2   2   3.6e-14   7.4e-11   41.4   0.1     2    81  1328  1414  1327  1414 0.88 -
PRW59943.1           -            278 10724at3041          -             81   3.7e-07   29.6   0.3   1   1   2.7e-10   5.6e-07   29.0   0.3     3    63    71   135    69   151 0.87 -
PRW58313.1           -            243 10724at3041          -             81   0.00081   18.9   0.2   1   1   8.3e-07    0.0017   17.8   0.2     4    60   101   161   100   182 0.81 -
#
# Program:         hmmsearch
# Version:         3.1b2 (February 2015)
# Pipeline mode:   SEARCH
# Query file:      /Users/catrionaharrison/Documents/Bioinformatics/rp2/Data/genomes/busco/busco_downloads/lineages/chlorophyta_odb10/hmms/10724at3041.hmm
# Target file:     /Users/catrionaharrison/Documents/Bioinformatics/rp2/Data/genomes/busco/data/chlorella_sorokiniana.prot.fasta
# Option settings: hmmsearch --domtblout /Users/catrionaharrison/Documents/Bioinformatics/rp2/Data/genomes/busco/Busco_sorokiniana/run_chlorophyta_odb10/hmmer_output/initial_run_results/10724at3041.out --cpu 1 /Users/catrionaharrison/Documents/Bioinformatics/rp2/Data/genomes/busco/busco_downloads/lineages/chlorophyta_odb10/hmms/10724at3041.hmm /Users/catrionaharrison/Documents/Bioinformatics/rp2/Data/genomes/busco/data/chlorella_sorokiniana.prot.fasta 
# Current dir:     /Users/catrionaharrison/Documents/Bioinformatics/rp2/Data/genomes/busco
# Date:            Fri Jul 22 14:28:35 2022
# [ok]
