#                                                                            --- full sequence --- -------------- this domain -------------   hmm coord   ali coord   env coord
# target name        accession   tlen query name           accession   qlen   E-value  score  bias   #  of  c-Evalue  i-Evalue  score  bias  from    to  from    to  from    to  acc description of target
#------------------- ---------- ----- -------------------- ---------- ----- --------- ------ ----- --- --- --------- --------- ------ ----- ----- ----- ----- ----- ----- ----- ---- ---------------------
PRW58407.1           -            965 11073at3041          -            345   1.9e-97  326.0  86.4   1   4   1.4e-23   4.2e-21   74.9   5.8     1    90     5   103     5   106 0.84 -
PRW58407.1           -            965 11073at3041          -            345   1.9e-97  326.0  86.4   2   4   6.2e-12   1.9e-09   36.6  41.9    53   208   100   240    97   242 0.61 -
PRW58407.1           -            965 11073at3041          -            345   1.9e-97  326.0  86.4   3   4   3.5e-70   1.1e-67  228.1  18.9   153   345   237   439   234   439 0.84 -
PRW58407.1           -            965 11073at3041          -            345   1.9e-97  326.0  86.4   4   4      0.19        57    2.1   1.6   167   203   818   852   803   862 0.64 -
PRW57823.1           -           1526 11073at3041          -            345   5.5e-05   21.9  18.1   1   2       1.6   4.9e+02   -0.9   0.0   290   325    88   124    85   135 0.79 -
PRW57823.1           -           1526 11073at3041          -            345   5.5e-05   21.9  18.1   2   2   1.8e-07   5.5e-05   21.9  18.1    51   181   415   549   409   566 0.68 -
PRW60168.1           -            322 11073at3041          -            345   0.00023   19.9   9.4   1   2      0.91   2.8e+02   -0.1  17.6    76   199    23   139     2   144 0.59 -
PRW60168.1           -            322 11073at3041          -            345   0.00023   19.9   9.4   2   2   7.4e-07   0.00023   19.9   9.4   129   286   122   272   119   281 0.66 -
PRW45026.1           -            841 11073at3041          -            345    0.0035   16.0  10.5   1   3       2.3   7.2e+02   -1.5   0.3    76   121   496   541   470   555 0.57 -
PRW45026.1           -            841 11073at3041          -            345    0.0035   16.0  10.5   2   3   1.2e-05    0.0035   16.0  10.5    81   182   560   657   552   662 0.58 -
PRW45026.1           -            841 11073at3041          -            345    0.0035   16.0  10.5   3   3         9   2.8e+03   -3.4  17.8   135   206   770   832   755   840 0.70 -
PRW05876.1           -            426 11073at3041          -            345    0.0042   15.7  12.6   1   1   2.2e-05    0.0068   15.0  12.6    42   139    42   140    37   184 0.70 -
PRW32587.1           -            151 11073at3041          -            345    0.0071   15.0   8.5   1   1   2.6e-05    0.0079   14.8   8.5    81   213    13   145     1   149 0.69 -
PRW59706.1           -            574 11073at3041          -            345    0.0086   14.7  14.5   1   1   4.7e-05     0.014   14.0  14.5    86   187   451   555   439   568 0.59 -
PRW59707.1           -            607 11073at3041          -            345    0.0095   14.6  14.5   1   1   5.2e-05     0.016   13.8  14.5    86   187   484   588   472   601 0.59 -
PRW57139.1           -            592 11073at3041          -            345     0.016   13.8   6.6   1   1   7.9e-05     0.024   13.2   6.6    77   189   104   210    77   233 0.48 -
PRW60104.1           -            253 11073at3041          -            345     0.024   13.2  10.0   1   2     0.034        11    4.5   0.4    37   100    12    65     5    85 0.42 -
PRW60104.1           -            253 11073at3041          -            345     0.024   13.2  10.0   2   2   0.00011     0.033   12.8   3.6    41    91   108   158    90   190 0.71 -
PRW57624.1           -            408 11073at3041          -            345     0.024   13.2   0.1   1   2   7.9e-05     0.024   13.2   0.1    89   182    33   127     2   133 0.73 -
PRW57624.1           -            408 11073at3041          -            345     0.024   13.2   0.1   2   2       2.7   8.2e+02   -1.7   9.7    48   103   324   380   320   403 0.60 -
PRW60103.1           -            257 11073at3041          -            345     0.025   13.2  10.0   1   2     0.035        11    4.5   0.4    37   100    12    65     5    85 0.42 -
PRW60103.1           -            257 11073at3041          -            345     0.025   13.2  10.0   2   2   0.00011     0.033   12.8   3.6    41    91   108   158    90   190 0.71 -
PRW33325.1           -            672 11073at3041          -            345     0.044   12.4   3.5   1   1   0.00019     0.058   12.0   3.5   126   202   369   439   289   457 0.69 -
PRW57905.1           -            400 11073at3041          -            345     0.066   11.8  11.5   1   2   0.00086      0.26    9.8   1.4    96   169   112   179   104   194 0.45 -
PRW57905.1           -            400 11073at3041          -            345     0.066   11.8  11.5   2   2    0.0059       1.8    7.1   3.0    57   102   264   309   240   383 0.67 -
PRW57850.1           -            338 11073at3041          -            345      0.11   11.0  10.0   1   1   0.00058      0.18   10.4  10.0    42   127    26   109    15   146 0.55 -
PRW45246.1           -            306 11073at3041          -            345      0.13   10.8  18.1   1   1   0.00061      0.19   10.3  18.1    42   112    53   128    35   147 0.49 -
PRW57105.1           -           1394 11073at3041          -            345      0.18   10.4  24.8   1   2      0.21        65    1.9  15.7    50   152   801   894   779   961 0.50 -
PRW57105.1           -           1394 11073at3041          -            345      0.18   10.4  24.8   2   2   7.1e-05     0.022   13.4   1.7    77   157  1135  1215  1106  1230 0.76 -
PRW20242.1           -            344 11073at3041          -            345      0.19   10.3   3.8   1   1   0.00093      0.28    9.7   3.8   138   215    12    88     3    93 0.66 -
PRW57106.1           -           1152 11073at3041          -            345      0.21   10.2  25.7   1   2      0.25        77    1.7  16.3    50   152   559   652   537   721 0.50 -
PRW57106.1           -           1152 11073at3041          -            345      0.21   10.2  25.7   2   2   6.5e-05      0.02   13.5   1.9    77   157   893   973   864   989 0.76 -
PRW20188.1           -            196 11073at3041          -            345      0.49    8.9  26.5   1   2     0.059        18    3.8   5.4    47   119    15    89     4   103 0.58 -
PRW20188.1           -            196 11073at3041          -            345      0.49    8.9  26.5   2   2   0.00083      0.25    9.9  14.7    85   166   107   185    92   191 0.63 -
PRW58134.1           -            446 11073at3041          -            345      0.52    8.8   8.7   1   1    0.0028      0.85    8.1   8.7    70   132   221   285   212   327 0.52 -
PRW57626.1           -            327 11073at3041          -            345      0.72    8.4   8.0   1   2    0.0023      0.71    8.4   6.7    74   201    38   157    22   179 0.51 -
PRW57626.1           -            327 11073at3041          -            345      0.72    8.4   8.0   2   2       3.8   1.1e+03   -2.2   0.0   203   226   211   233   180   234 0.68 -
PRW58840.1           -            588 11073at3041          -            345       1.2    7.7  11.4   1   1    0.0069       2.1    6.8  11.4    33   180   226   363   222   370 0.73 -
PRW59741.1           -           1493 11073at3041          -            345       1.6    7.2   9.1   1   1     0.014       4.2    5.9   9.1    69   176   274   376   244   390 0.51 -
PRW59742.1           -           1494 11073at3041          -            345       1.6    7.2   9.1   1   1     0.014       4.2    5.9   9.1    69   176   274   376   244   390 0.51 -
PRW56162.1           -            306 11073at3041          -            345       2.9    6.4  15.6   1   1     0.016       4.8    5.7  15.6    54   174   131   251    99   265 0.72 -
PRW57831.1           -            966 11073at3041          -            345       3.1    6.3  29.2   1   2       0.5   1.5e+02    0.7   7.2    68   209   251   390   225   400 0.48 -
PRW57831.1           -            966 11073at3041          -            345       3.1    6.3  29.2   2   2   0.00036      0.11   11.1  14.0    75   199   519   637   502   654 0.43 -
PRW59947.1           -           1373 11073at3041          -            345       3.1    6.3  23.9   1   2      0.03       9.3    4.7   7.6    75   129   372   423   347   438 0.46 -
PRW59947.1           -           1373 11073at3041          -            345       3.1    6.3  23.9   2   2    0.0067       2.1    6.9   8.3    73   131   497   545   472   577 0.35 -
PRW58644.1           -            813 11073at3041          -            345       3.7    6.0  22.9   1   1     0.012       3.6    6.1  21.4    55   176   596   715   587   748 0.45 -
PRW20832.1           -            142 11073at3041          -            345       4.1    5.9  12.5   1   1     0.013       4.1    5.9  12.5   143   185    91   128    17   140 0.72 -
PRW32977.1           -            610 11073at3041          -            345       4.2    5.9  35.8   1   2       4.3   1.3e+03   -2.3  22.7   103   199   203   274   182   292 0.43 -
PRW32977.1           -            610 11073at3041          -            345       4.2    5.9  35.8   2   2   4.9e-05     0.015   13.9   5.1   139   184   362   406   325   432 0.66 -
PRW39126.1           -            434 11073at3041          -            345       5.9    5.4  12.0   1   1     0.028       8.4    4.9  12.0    63   114    25    72     2    94 0.34 -
PRW33729.1           -            850 11073at3041          -            345       7.5    5.0  15.0   1   1     0.048        15    4.1  15.0    60   170   664   771   644   783 0.41 -
PRW58746.1           -            461 11073at3041          -            345       8.6    4.8  17.0   1   2      0.31        96    1.4   4.6   156   192   154   188   121   196 0.62 -
PRW58746.1           -            461 11073at3041          -            345       8.6    4.8  17.0   2   2    0.0014      0.42    9.1   4.5    72   130   249   307   229   320 0.47 -
#
# Program:         hmmsearch
# Version:         3.1b2 (February 2015)
# Pipeline mode:   SEARCH
# Query file:      /Users/catrionaharrison/Documents/Bioinformatics/rp2/Data/genomes/busco/busco_downloads/lineages/chlorophyta_odb10/hmms/11073at3041.hmm
# Target file:     /Users/catrionaharrison/Documents/Bioinformatics/rp2/Data/genomes/busco/data/chlorella_sorokiniana.prot.fasta
# Option settings: hmmsearch --domtblout /Users/catrionaharrison/Documents/Bioinformatics/rp2/Data/genomes/busco/Busco_sorokiniana/run_chlorophyta_odb10/hmmer_output/initial_run_results/11073at3041.out --cpu 1 /Users/catrionaharrison/Documents/Bioinformatics/rp2/Data/genomes/busco/busco_downloads/lineages/chlorophyta_odb10/hmms/11073at3041.hmm /Users/catrionaharrison/Documents/Bioinformatics/rp2/Data/genomes/busco/data/chlorella_sorokiniana.prot.fasta 
# Current dir:     /Users/catrionaharrison/Documents/Bioinformatics/rp2/Data/genomes/busco
# Date:            Fri Jul 22 14:29:34 2022
# [ok]
