#                                                                            --- full sequence --- -------------- this domain -------------   hmm coord   ali coord   env coord
# target name        accession   tlen query name           accession   qlen   E-value  score  bias   #  of  c-Evalue  i-Evalue  score  bias  from    to  from    to  from    to  acc description of target
#------------------- ---------- ----- -------------------- ---------- ----- --------- ------ ----- --- --- --------- --------- ------ ----- ----- ----- ----- ----- ----- ----- ---- ---------------------
PRW60850.1           -           1012 1108at3041           -            336    1e-203  674.9   4.0   1   1  1.6e-205  2.7e-203  673.5   4.0     7   335    36   397    30   398 0.95 -
PRW45619.1           -            411 1108at3041           -            336  1.3e-156  520.0   2.3   1   1  2.2e-158  3.9e-156  518.5   2.3     7   336    45   407    39   407 0.94 -
PRW45618.1           -            417 1108at3041           -            336  1.4e-154  513.3   3.1   1   1  3.2e-156  5.5e-154  511.4   3.1     7   336    45   413    39   413 0.93 -
PRW59022.1           -            411 1108at3041           -            336   6.9e-73  244.8   0.0   1   1   1.4e-74   2.5e-72  243.0   0.0     8   332    45   400    38   403 0.89 -
PRW61181.1           -            438 1108at3041           -            336   5.8e-59  199.0   1.9   1   1   9.7e-61   1.7e-58  197.5   1.9     9   315    56   404    53   428 0.82 -
PRW58810.1           -           1679 1108at3041           -            336     5e-58  196.0   1.3   1   1   5.7e-60   9.8e-58  195.0   1.3     8   333   112   485   105   487 0.81 -
PRW56606.1           -           1298 1108at3041           -            336   3.5e-54  183.3   0.0   1   1   2.6e-55   4.6e-53  179.6   0.0    17   325   147   490   137   497 0.81 -
PRW56671.1           -            463 1108at3041           -            336   6.8e-53  179.1   0.1   1   1   7.8e-55   1.4e-52  178.1   0.1    16   318    37   368    25   387 0.84 -
PRW39067.1           -            652 1108at3041           -            336   1.7e-52  177.8   0.0   1   1     8e-52   1.4e-49  168.2   0.0    18   316   178   517   169   528 0.82 -
PRW39068.1           -            685 1108at3041           -            336     1e-51  175.2   0.0   1   2    0.0054      0.93    7.7   0.0    26    56   218   249   209   256 0.82 -
PRW39068.1           -            685 1108at3041           -            336     1e-51  175.2   0.0   2   2   7.9e-51   1.4e-48  164.9   0.0    53   316   269   550   250   555 0.88 -
PRW21064.1           -           1333 1108at3041           -            336     2e-51  174.3   0.0   1   1   1.8e-52   3.2e-50  170.3   0.0    24   315   159   482   150   497 0.82 -
PRW21065.1           -           1348 1108at3041           -            336   2.6e-51  173.9   0.0   1   2     3e-15   5.2e-13   48.0   0.0    24   126   159   290   149   293 0.73 -
PRW21065.1           -           1348 1108at3041           -            336   2.6e-51  173.9   0.0   2   2   2.1e-37   3.6e-35  120.8   0.0   113   315   292   497   290   508 0.88 -
PRW59097.1           -           1042 1108at3041           -            336   5.1e-49  166.4   2.2   1   1     9e-50   1.6e-47  161.5   2.2    16   312   315   647   306   670 0.82 -
PRW58168.1           -           2579 1108at3041           -            336   1.5e-48  164.9   0.4   1   1   6.1e-50   1.1e-47  162.0   0.4    17   316   448   784   437   790 0.82 -
PRW60344.1           -            817 1108at3041           -            336   1.3e-47  161.8   3.7   1   2   0.00042     0.072   11.3   0.0    17    53   414   450   404   460 0.87 -
PRW60344.1           -            817 1108at3041           -            336   1.3e-47  161.8   3.7   2   2   8.3e-46   1.4e-43  148.4   2.0    54   321   475   771   465   783 0.82 -
PRW56144.1           -           1255 1108at3041           -            336   2.2e-46  157.7   1.8   1   1   3.4e-46   5.9e-44  149.7   1.8    17   318   225   568   218   576 0.82 -
PRW56143.1           -           1266 1108at3041           -            336   2.5e-45  154.2   1.8   1   1     4e-45   6.9e-43  146.2   1.8    17   318   225   579   218   586 0.80 -
PRW60953.1           -            590 1108at3041           -            336   7.6e-45  152.6   1.3   1   1   1.4e-44   2.4e-42  144.4   1.3    18   312   191   524   180   535 0.77 -
PRW56033.1           -           1168 1108at3041           -            336   1.2e-44  152.0   0.0   1   1   1.3e-46   2.3e-44  151.1   0.0    16   323   759  1100   747  1115 0.84 -
PRW58819.1           -            711 1108at3041           -            336   1.2e-42  145.4   0.0   1   2     0.001      0.18   10.0   0.0    15    51   220   256   211   276 0.84 -
PRW58819.1           -            711 1108at3041           -            336   1.2e-42  145.4   0.0   2   2   3.5e-41   6.1e-39  133.2   0.0    53   317   298   574   289   592 0.89 -
PRW45450.1           -            904 1108at3041           -            336   1.6e-42  145.0   0.0   1   1   4.7e-44   8.1e-42  142.7   0.0    16   319   290   630   279   647 0.82 -
PRW60184.1           -           1230 1108at3041           -            336   3.9e-42  143.7   0.0   1   2   4.2e-22   7.2e-20   70.5   0.0    16   167    30   212    21   237 0.74 -
PRW60184.1           -           1230 1108at3041           -            336   3.9e-42  143.7   0.0   2   2   3.7e-22   6.4e-20   70.7   0.0   196   332   271   413   266   417 0.86 -
PRW59107.1           -            701 1108at3041           -            336     3e-41  140.8   0.0   1   2     0.065        11    4.2   0.0     5    50    99   142    95   156 0.82 -
PRW59107.1           -            701 1108at3041           -            336     3e-41  140.8   0.0   2   2   9.7e-42   1.7e-39  135.1   0.0    30   314   146   451   142   462 0.79 -
PRW33126.1           -            982 1108at3041           -            336     9e-41  139.2   0.0   1   1   2.7e-42   4.7e-40  136.9   0.0    16   317    70   404    54   423 0.83 -
PRW33124.1           -            995 1108at3041           -            336   9.4e-41  139.2   0.0   1   1   2.8e-42   4.8e-40  136.9   0.0    16   317    70   404    54   423 0.83 -
PRW33125.1           -            991 1108at3041           -            336   9.7e-40  135.8   0.0   1   1   2.9e-41     5e-39  133.5   0.0    16   312    70   399    54   404 0.83 -
PRW59081.1           -            869 1108at3041           -            336   2.1e-39  134.7   0.0   1   1   1.1e-39     2e-37  128.3   0.0    17   315   177   534   164   538 0.75 -
PRW51077.1           -            607 1108at3041           -            336   2.1e-37  128.1   0.1   1   3     0.043       7.5    4.7   0.0    17    62    89   135    79   151 0.77 -
PRW51077.1           -            607 1108at3041           -            336   2.1e-37  128.1   0.1   2   3   1.2e-14   2.1e-12   46.0   0.0    41   173   142   294   128   299 0.77 -
PRW51077.1           -            607 1108at3041           -            336   2.1e-37  128.1   0.1   3   3     2e-23   3.4e-21   74.9   0.0   193   314   393   515   383   537 0.91 -
PRW59153.1           -            499 1108at3041           -            336   8.6e-36  122.9   0.1   1   1     7e-37   1.2e-34  119.1   0.1    15   306    21   347    10   371 0.80 -
PRW60433.1           -            948 1108at3041           -            336   6.3e-35  120.0   0.3   1   3    0.0076       1.3    7.2   0.0     9    51   202   245   194   278 0.80 -
PRW60433.1           -            948 1108at3041           -            336   6.3e-35  120.0   0.3   2   3   1.7e-15   2.9e-13   48.8   0.0    49   192   470   637   455   644 0.78 -
PRW60433.1           -            948 1108at3041           -            336   6.3e-35  120.0   0.3   3   3   1.5e-18   2.6e-16   58.8   0.1   229   313   730   815   640   820 0.81 -
PRW33079.1           -            934 1108at3041           -            336     9e-35  119.5   0.0   1   1   5.3e-36   9.2e-34  116.2   0.0    23   306   119   438   108   448 0.81 -
PRW59356.1           -           1859 1108at3041           -            336   3.5e-33  114.3   0.0   1   1   3.1e-35   5.4e-33  113.7   0.0    53   315    22   307    11   322 0.80 -
PRW59355.1           -           1891 1108at3041           -            336   2.5e-31  108.2   0.0   1   2     0.012       2.1    6.5   0.0    53    72    22    41    11    67 0.87 -
PRW59355.1           -           1891 1108at3041           -            336   2.5e-31  108.2   0.0   2   2   7.2e-31   1.3e-28   99.3   0.0    90   315   105   339    85   354 0.83 -
PRW59446.1           -            994 1108at3041           -            336   5.5e-28   97.2   0.0   1   3     0.017       2.9    6.1   0.0    16    49   229   263   222   275 0.85 -
PRW59446.1           -            994 1108at3041           -            336   5.5e-28   97.2   0.0   2   3   8.1e-10   1.4e-07   30.1   0.0    36   141   302   424   289   431 0.74 -
PRW59446.1           -            994 1108at3041           -            336   5.5e-28   97.2   0.0   3   3   5.6e-18   9.7e-16   56.9   0.0   211   314   612   716   588   730 0.92 -
PRW60362.1           -           1067 1108at3041           -            336   2.6e-27   95.0   0.0   1   2   3.2e-11   5.5e-09   34.7   0.0    16   143   472   635   464   684 0.64 -
PRW60362.1           -           1067 1108at3041           -            336   2.6e-27   95.0   0.0   2   2   1.1e-16   1.8e-14   52.8   0.0   236   315   809   889   770   908 0.87 -
PRW05784.1           -            563 1108at3041           -            336   7.2e-27   93.5   0.0   1   1   6.2e-29   1.1e-26   93.0   0.0    30   316   130   440    91   453 0.81 -
PRW59445.1           -           1024 1108at3041           -            336   1.6e-26   92.4   0.1   1   4     0.018         3    6.0   0.0    16    49   229   263   222   275 0.85 -
PRW59445.1           -           1024 1108at3041           -            336   1.6e-26   92.4   0.1   2   4   0.00051     0.088   11.1   0.0    36    69   302   335   289   379 0.85 -
PRW59445.1           -           1024 1108at3041           -            336   1.6e-26   92.4   0.1   3   4   0.00014     0.025   12.9   0.0    90   141   400   454   386   461 0.78 -
PRW59445.1           -           1024 1108at3041           -            336   1.6e-26   92.4   0.1   4   4   5.9e-18     1e-15   56.9   0.0   211   314   642   746   618   760 0.92 -
PRW57918.1           -            942 1108at3041           -            336   3.2e-26   91.4   0.1   1   3   1.8e-15     3e-13   48.7   0.0    10   170    12   207     5   212 0.74 -
PRW57918.1           -            942 1108at3041           -            336   3.2e-26   91.4   0.1   2   3       3.8   6.5e+02   -1.7   0.0   237   266   300   330   267   343 0.72 -
PRW57918.1           -            942 1108at3041           -            336   3.2e-26   91.4   0.1   3   3   2.3e-11   3.9e-09   35.2   0.0   268   316   371   419   329   429 0.84 -
PRW20487.1           -            652 1108at3041           -            336   4.3e-18   64.7   0.0   1   2     0.005      0.86    7.8   0.0    44   131   196   299   180   309 0.67 -
PRW20487.1           -            652 1108at3041           -            336   4.3e-18   64.7   0.0   2   2   3.9e-17   6.8e-15   54.2   0.0   244   321   474   552   452   560 0.92 -
PRW18294.1           -            615 1108at3041           -            336   2.9e-15   55.4   0.0   1   3      0.25        43    2.2   0.0    16    50   135   171   124   187 0.84 -
PRW18294.1           -            615 1108at3041           -            336   2.9e-15   55.4   0.0   2   3   1.1e-09     2e-07   29.6   0.0    57   159   213   322   184   435 0.73 -
PRW18294.1           -            615 1108at3041           -            336   2.9e-15   55.4   0.0   3   3   1.3e-06   0.00023   19.5   0.0   260   302   460   502   449   516 0.88 -
PRW60784.1           -            795 1108at3041           -            336   3.8e-12   45.1   0.0   1   3    0.0085       1.5    7.1   0.0    16    49   163   196   157   204 0.91 -
PRW60784.1           -            795 1108at3041           -            336   3.8e-12   45.1   0.0   2   3       1.1   1.9e+02    0.1   0.0    53    71   221   239   216   286 0.78 -
PRW60784.1           -            795 1108at3041           -            336   3.8e-12   45.1   0.0   3   3   8.7e-11   1.5e-08   33.3   0.0   146   319   381   567   376   583 0.67 -
PRW59746.1           -           1303 1108at3041           -            336     2e-11   42.8   0.0   1   2       1.2     2e+02    0.0   0.0    15    49   478   512   470   540 0.87 -
PRW59746.1           -           1303 1108at3041           -            336     2e-11   42.8   0.0   2   2   8.4e-13   1.4e-10   39.9   0.0   212   323   739   851   734   859 0.91 -
PRW20256.1           -            609 1108at3041           -            336   3.5e-11   42.0   0.0   1   2     0.011       1.8    6.7   0.0    17    51    74   108    66   136 0.88 -
PRW20256.1           -            609 1108at3041           -            336   3.5e-11   42.0   0.0   2   2   1.7e-10     3e-08   32.4   0.0   238   307   457   527   446   537 0.89 -
PRW59378.1           -            869 1108at3041           -            336     3e-10   38.9   0.0   1   1   2.7e-12   4.7e-10   38.2   0.0   210   317   462   570   426   584 0.92 -
PRW05923.1           -           1861 1108at3041           -            336   3.7e-09   35.3   0.0   1   1   4.5e-11   7.7e-09   34.3   0.0   212   321  1400  1510  1384  1517 0.93 -
PRW60577.1           -           1585 1108at3041           -            336   4.6e-09   35.0   0.0   1   1   4.9e-11   8.6e-09   34.1   0.0   241   304   491   555   428   575 0.75 -
PRW20643.1           -            102 1108at3041           -            336   5.1e-09   34.9   0.0   1   1   3.2e-11   5.6e-09   34.7   0.0   204   287    10    98     1   100 0.79 -
PRW39246.1           -           2301 1108at3041           -            336   4.3e-08   31.8   0.0   1   2      0.68   1.2e+02    0.8   0.0     6    49    81   123    76   147 0.81 -
PRW39246.1           -           2301 1108at3041           -            336   4.3e-08   31.8   0.0   2   2   2.9e-09   5.1e-07   28.3   0.0   213   303   323   414   318   431 0.90 -
PRW57979.1           -            836 1108at3041           -            336   1.2e-07   30.3   0.0   1   1   1.3e-09   2.2e-07   29.5   0.0   213   304   508   601   495   617 0.89 -
PRW57980.1           -            851 1108at3041           -            336   1.3e-07   30.3   0.0   1   1   1.3e-09   2.3e-07   29.4   0.0   213   304   508   601   495   617 0.89 -
PRW45444.1           -            223 1108at3041           -            336   5.8e-07   28.1   0.0   1   2     0.016       2.7    6.2   0.0   196   260     4    72     1    86 0.73 -
PRW45444.1           -            223 1108at3041           -            336   5.8e-07   28.1   0.0   2   2   8.4e-07   0.00014   20.2   0.0   261   336   128   216   116   216 0.74 -
PRW61241.1           -           1164 1108at3041           -            336   6.1e-07   28.0   0.1   1   2   1.2e-08   2.1e-06   26.3   0.0   236   312   588   665   576   679 0.89 -
PRW61241.1           -           1164 1108at3041           -            336   6.1e-07   28.0   0.1   2   2       3.6   6.3e+02   -1.6   0.0    66    86   751   771   704   780 0.70 -
PRW58901.1           -           2277 1108at3041           -            336   1.5e-06   26.7   0.2   1   2       2.8   4.9e+02   -1.2   0.0    24    53    43    72    34    96 0.77 -
PRW58901.1           -           2277 1108at3041           -            336   1.5e-06   26.7   0.2   2   2   3.4e-08   5.9e-06   24.8   0.1   245   300   844   900   836   932 0.89 -
PRW59751.1           -           1757 1108at3041           -            336   1.1e-05   23.8   0.0   1   1   1.9e-07   3.3e-05   22.3   0.0   242   320  1653  1732  1648  1743 0.89 -
PRW32572.1           -            741 1108at3041           -            336     8e-05   21.1   0.0   1   2      0.95   1.6e+02    0.3   0.0   106   162    23    80     6   111 0.75 -
PRW32572.1           -            741 1108at3041           -            336     8e-05   21.1   0.0   2   2   3.7e-06   0.00064   18.1   0.0   237   309   309   382   303   399 0.89 -
PRW56925.1           -           1163 1108at3041           -            336    0.0044   15.4   0.0   1   1   5.3e-05    0.0092   14.3   0.0   238   304   980  1048   961  1058 0.79 -
PRW57711.1           -           1850 1108at3041           -            336     0.022   13.1   0.0   1   1   0.00022     0.038   12.3   0.0   211   309   874   977   857   994 0.85 -
PRW57712.1           -           1854 1108at3041           -            336     0.022   13.0   0.0   1   1   0.00022     0.038   12.3   0.0   211   309   878   981   861   998 0.85 -
PRW34024.1           -           1710 1108at3041           -            336     0.035   12.4   0.0   1   1   0.00038     0.066   11.5   0.0   210   306  1283  1382  1266  1399 0.88 -
PRW57121.1           -           1380 1108at3041           -            336      0.13   10.5   0.2   1   1    0.0016      0.27    9.5   0.1   211   304   861   957   857   983 0.87 -
#
# Program:         hmmsearch
# Version:         3.1b2 (February 2015)
# Pipeline mode:   SEARCH
# Query file:      /Users/catrionaharrison/Documents/Bioinformatics/rp2/Data/genomes/busco/busco_downloads/lineages/chlorophyta_odb10/hmms/1108at3041.hmm
# Target file:     /Users/catrionaharrison/Documents/Bioinformatics/rp2/Data/genomes/busco/data/chlorella_sorokiniana.prot.fasta
# Option settings: hmmsearch --domtblout /Users/catrionaharrison/Documents/Bioinformatics/rp2/Data/genomes/busco/Busco_sorokiniana/run_chlorophyta_odb10/hmmer_output/initial_run_results/1108at3041.out --cpu 1 /Users/catrionaharrison/Documents/Bioinformatics/rp2/Data/genomes/busco/busco_downloads/lineages/chlorophyta_odb10/hmms/1108at3041.hmm /Users/catrionaharrison/Documents/Bioinformatics/rp2/Data/genomes/busco/data/chlorella_sorokiniana.prot.fasta 
# Current dir:     /Users/catrionaharrison/Documents/Bioinformatics/rp2/Data/genomes/busco
# Date:            Fri Jul 22 14:29:36 2022
# [ok]
