#                                                                            --- full sequence --- -------------- this domain -------------   hmm coord   ali coord   env coord
# target name        accession   tlen query name           accession   qlen   E-value  score  bias   #  of  c-Evalue  i-Evalue  score  bias  from    to  from    to  from    to  acc description of target
#------------------- ---------- ----- -------------------- ---------- ----- --------- ------ ----- --- --- --------- --------- ------ ----- ----- ----- ----- ----- ----- ----- ---- ---------------------
PRW20549.1           -            778 11103at3041          -            369  2.3e-103  345.2  13.8   1   4   1.1e-30   3.2e-28   97.9   0.1    12    96    87   183    78   186 0.88 -
PRW20549.1           -            778 11103at3041          -            369  2.3e-103  345.2  13.8   2   4   5.5e-34   1.6e-31  108.8   0.2    91   214   247   383   240   395 0.86 -
PRW20549.1           -            778 11103at3041          -            369  2.3e-103  345.2  13.8   3   4   2.5e-10   7.2e-08   30.9   0.2   187   234   409   456   397   459 0.88 -
PRW20549.1           -            778 11103at3041          -            369  2.3e-103  345.2  13.8   4   4   1.5e-34   4.3e-32  110.7   0.7   234   368   531   697   529   698 0.78 -
PRW58492.1           -            996 11103at3041          -            369   7.3e-12   44.1   0.0   1   1   4.9e-14   1.4e-11   43.1   0.0    27   213   424   605   421   615 0.81 -
PRW18302.1           -            353 11103at3041          -            369   2.5e-08   32.4   0.2   1   2   0.00026     0.075   11.1   0.0    30    51    70    91    63   106 0.89 -
PRW18302.1           -            353 11103at3041          -            369   2.5e-08   32.4   0.2   2   2   9.6e-07   0.00028   19.1   0.1   162   220   185   243   159   248 0.83 -
PRW55958.1           -           1142 11103at3041          -            369   2.8e-08   32.3   0.3   1   3   8.1e-05     0.023   12.8   0.0    27    60   465   498   462   517 0.90 -
PRW55958.1           -           1142 11103at3041          -            369   2.8e-08   32.3   0.3   2   3     1e-05     0.003   15.7   0.0   161   214   645   698   637   706 0.88 -
PRW55958.1           -           1142 11103at3041          -            369   2.8e-08   32.3   0.3   3   3       1.4     4e+02   -1.1   0.0   266   349   773   860   764   890 0.47 -
PRW18391.1           -            744 11103at3041          -            369   2.1e-06   26.1   2.7   1   2   6.5e-05     0.019   13.1   1.0    30    59   160   189   154   280 0.83 -
PRW18391.1           -            744 11103at3041          -            369   2.1e-06   26.1   2.7   2   2   0.00054      0.16   10.1   0.0    30    66   436   473   433   489 0.80 -
PRW20770.1           -           3916 11103at3041          -            369   2.3e-05   22.7   0.0   1   4      0.17        48    1.9   0.0    33    56  2340  2363  2327  2376 0.82 -
PRW20770.1           -           3916 11103at3041          -            369   2.3e-05   22.7   0.0   2   4   7.9e-05     0.023   12.8   0.0    15    51  2606  2641  2603  2651 0.88 -
PRW20770.1           -           3916 11103at3041          -            369   2.3e-05   22.7   0.0   3   4       2.6   7.5e+02   -2.0   0.0    19    45  2939  2965  2930  2968 0.81 -
PRW20770.1           -           3916 11103at3041          -            369   2.3e-05   22.7   0.0   4   4      0.13        39    2.2   0.0    16    62  3283  3329  3275  3343 0.82 -
PRW56640.1           -           1322 11103at3041          -            369   3.7e-05   22.0   0.8   1   2     0.004       1.1    7.2   0.1    29    47   463   481   451   484 0.91 -
PRW56640.1           -           1322 11103at3041          -            369   3.7e-05   22.0   0.8   2   2   7.9e-05     0.023   12.8   0.1    28    48  1103  1123  1097  1127 0.90 -
PRW56325.1           -           1200 11103at3041          -            369   6.7e-05   21.2   0.0   1   2     0.005       1.4    6.9   0.0    31    53   630   652   625   680 0.88 -
PRW56325.1           -           1200 11103at3041          -            369   6.7e-05   21.2   0.0   2   2   0.00016     0.047   11.8   0.0    31    69   903   942   893   955 0.83 -
PRW21077.1           -            836 11103at3041          -            369    0.0001   20.6   5.3   1   3   2.2e-05    0.0064   14.6   0.3    29    58   173   202   170   216 0.87 -
PRW21077.1           -            836 11103at3041          -            369    0.0001   20.6   5.3   2   3       9.9   2.9e+03   -3.9   0.4   280   310   430   460   421   466 0.64 -
PRW21077.1           -            836 11103at3041          -            369    0.0001   20.6   5.3   3   3     0.003      0.87    7.6   0.0    28    62   545   579   540   597 0.82 -
PRW57417.1           -           1039 11103at3041          -            369   0.00011   20.4   9.6   1   2   1.1e-05    0.0031   15.7   0.0    17    62   333   379   323   400 0.79 -
PRW57417.1           -           1039 11103at3041          -            369   0.00011   20.4   9.6   2   2   0.00056      0.16   10.0   0.3    30    61   735   766   729   782 0.85 -
PRW44296.1           -            301 11103at3041          -            369   0.00012   20.3   0.0   1   1   7.1e-07   0.00021   19.6   0.0    27    58    78   109    71   138 0.76 -
PRW56135.1           -            651 11103at3041          -            369   0.00021   19.5   0.0   1   2     0.028       8.1    4.4   0.0    29    51    38    61     7    92 0.73 -
PRW56135.1           -            651 11103at3041          -            369   0.00021   19.5   0.0   2   2   9.7e-05     0.028   12.5   0.0   163   212   161   210   137   215 0.88 -
PRW20329.1           -           2446 11103at3041          -            369   0.00027   19.2   8.3   1   2   0.00013     0.037   12.1   0.0    18    51  1254  1286  1236  1299 0.79 -
PRW20329.1           -           2446 11103at3041          -            369   0.00027   19.2   8.3   2   2   0.00013     0.037   12.1   0.0    18    51  1884  1916  1866  1929 0.79 -
PRW56943.1           -           1064 11103at3041          -            369   0.00033   18.9   5.8   1   3    0.0024       0.7    7.9   0.3    29    53   196   220   185   248 0.79 -
PRW56943.1           -           1064 11103at3041          -            369   0.00033   18.9   5.8   2   3     0.047        14    3.7   0.2   160   202   378   420   359   434 0.85 -
PRW56943.1           -           1064 11103at3041          -            369   0.00033   18.9   5.8   3   3    0.0021      0.62    8.1   0.0    27    53   553   579   529   593 0.76 -
PRW58109.1           -            480 11103at3041          -            369   0.00033   18.9   0.0   1   1   1.8e-06   0.00053   18.2   0.0    23   107   166   254   160   277 0.81 -
PRW60662.1           -            613 11103at3041          -            369   0.00043   18.5   0.0   1   3    0.0002     0.059   11.5   0.0    28    68   113   151   110   181 0.85 -
PRW60662.1           -            613 11103at3041          -            369   0.00043   18.5   0.0   2   3     0.061        18    3.3   0.0    27    50   383   406   379   423 0.85 -
PRW60662.1           -            613 11103at3041          -            369   0.00043   18.5   0.0   3   3       1.8   5.3e+02   -1.5   0.1   234   254   574   594   572   600 0.83 -
PRW57439.1           -            355 11103at3041          -            369   0.00049   18.3   0.2   1   2      0.15        43    2.1   0.0    31    50    38    57     8    73 0.81 -
PRW57439.1           -            355 11103at3041          -            369   0.00049   18.3   0.2   2   2   5.7e-05     0.016   13.3   0.1   162   212   183   233    82   243 0.84 -
PRW57323.1           -            980 11103at3041          -            369    0.0011   17.2   0.0   1   2    0.0044       1.3    7.1   0.0    31    49   404   422   390   483 0.84 -
PRW57323.1           -            980 11103at3041          -            369    0.0011   17.2   0.0   2   2    0.0037       1.1    7.3   0.0    30    54   648   672   629   688 0.82 -
PRW33927.1           -            395 11103at3041          -            369    0.0012   17.0   0.0   1   1   7.4e-06    0.0021   16.2   0.0    17    55    83   124    78   140 0.72 -
PRW56521.1           -           1314 11103at3041          -            369    0.0022   16.2   0.1   1   2    0.0083       2.4    6.2   0.0    32    50   245   263   237   269 0.89 -
PRW56521.1           -           1314 11103at3041          -            369    0.0022   16.2   0.1   2   2    0.0048       1.4    7.0   0.0    31    50   591   610   585   615 0.87 -
PRW56522.1           -           1303 11103at3041          -            369    0.0022   16.2   0.1   1   2    0.0081       2.3    6.2   0.0    32    50   234   252   225   258 0.89 -
PRW56522.1           -           1303 11103at3041          -            369    0.0022   16.2   0.1   2   2    0.0048       1.4    7.0   0.0    31    50   580   599   574   604 0.87 -
PRW61109.1           -            781 11103at3041          -            369    0.0026   15.9   0.1   1   3    0.0078       2.3    6.3   0.0    32    48   133   149   125   158 0.82 -
PRW61109.1           -            781 11103at3041          -            369    0.0026   15.9   0.1   2   3    0.0097       2.8    6.0   0.0    30    49   444   463   439   467 0.84 -
PRW61109.1           -            781 11103at3041          -            369    0.0026   15.9   0.1   3   3       7.6   2.2e+03   -3.6   0.0    65   110   611   657   607   666 0.80 -
PRW56047.1           -           2087 11103at3041          -            369    0.0027   15.9   1.1   1   2     0.004       1.2    7.2   0.0    28    49    43    64    26    85 0.82 -
PRW56047.1           -           2087 11103at3041          -            369    0.0027   15.9   1.1   2   2    0.0088       2.5    6.1   0.6    29    49  1330  1350  1326  1356 0.82 -
PRW20261.1           -            709 11103at3041          -            369    0.0038   15.4   3.2   1   3     0.063        18    3.3   0.1    30    54   283   307   278   325 0.81 -
PRW20261.1           -            709 11103at3041          -            369    0.0038   15.4   3.2   2   3      0.43   1.2e+02    0.5   0.3   177   211   430   464   425   473 0.83 -
PRW20261.1           -            709 11103at3041          -            369    0.0038   15.4   3.2   3   3    0.0008      0.23    9.5   0.0    30    61   568   599   565   638 0.87 -
PRW20409.1           -            599 11103at3041          -            369    0.0046   15.1   0.0   1   1   2.6e-05    0.0074   14.4   0.0    17    51    39    72    22    86 0.79 -
PRW57885.1           -            456 11103at3041          -            369    0.0051   15.0   0.1   1   2    0.0031      0.88    7.6   0.0    28    56    64    92    50   125 0.79 -
PRW57885.1           -            456 11103at3041          -            369    0.0051   15.0   0.1   2   2     0.015       4.3    5.3   0.0   122   196   317   393   267   409 0.78 -
PRW55890.1           -            652 11103at3041          -            369    0.0071   14.5   0.1   1   2   5.9e-05     0.017   13.2   0.0    17    50    78   110    68   120 0.85 -
PRW55890.1           -            652 11103at3041          -            369    0.0071   14.5   0.1   2   2       7.4   2.1e+03   -3.5   0.0   102   130   224   254   221   257 0.72 -
PRW20672.1           -            298 11103at3041          -            369    0.0073   14.5   0.1   1   1   3.8e-05     0.011   13.9   0.1    30    54    74    98    58   112 0.86 -
PRW58636.1           -           1895 11103at3041          -            369    0.0088   14.2   0.1   1   2    0.0099       2.9    5.9   0.0    22    52   590   619   581   623 0.82 -
PRW58636.1           -           1895 11103at3041          -            369    0.0088   14.2   0.1   2   2     0.012       3.6    5.6   0.0    28    57  1325  1354  1321  1370 0.88 -
PRW32570.1           -             74 11103at3041          -            369     0.009   14.2   0.2   1   1   3.4e-05    0.0099   14.0   0.2    29    61    10    42     4    54 0.85 -
PRW59475.1           -            716 11103at3041          -            369    0.0091   14.2   0.2   1   2   7.8e-05     0.022   12.9   0.1    28    49   140   161   119   165 0.83 -
PRW59475.1           -            716 11103at3041          -            369    0.0091   14.2   0.2   2   2       4.3   1.3e+03   -2.8   0.0   100   133   273   307   268   312 0.69 -
PRW59773.1           -            662 11103at3041          -            369    0.0097   14.1   0.0   1   1   6.7e-05     0.019   13.1   0.0    21    57   429   465   425   493 0.76 -
PRW59219.1           -            950 11103at3041          -            369      0.02   13.1   0.1   1   1   0.00012     0.034   12.2   0.1    28    47   723   742   718   749 0.87 -
PRW57208.1           -            713 11103at3041          -            369     0.041   12.0   0.0   1   2       3.4   9.8e+02   -2.4   0.0    70    87   313   330   275   352 0.66 -
PRW57208.1           -            713 11103at3041          -            369     0.041   12.0   0.0   2   2    0.0004      0.12   10.5   0.0    29    53   491   515   480   535 0.80 -
PRW61516.1           -            252 11103at3041          -            369     0.047   11.8   0.0   1   1   0.00028      0.08   11.0   0.0    30    49    28    47    19    68 0.85 -
PRW58352.1           -           2574 11103at3041          -            369      0.28    9.3   2.2   1   2    0.0058       1.7    6.7   0.0    30    50  1018  1038  1012  1052 0.88 -
PRW58352.1           -           2574 11103at3041          -            369      0.28    9.3   2.2   2   2      0.25        72    1.3   0.2    30    50  1820  1840  1816  1844 0.86 -
#
# Program:         hmmsearch
# Version:         3.1b2 (February 2015)
# Pipeline mode:   SEARCH
# Query file:      /Users/catrionaharrison/Documents/Bioinformatics/rp2/Data/genomes/busco/busco_downloads/lineages/chlorophyta_odb10/hmms/11103at3041.hmm
# Target file:     /Users/catrionaharrison/Documents/Bioinformatics/rp2/Data/genomes/busco/data/chlorella_sorokiniana.prot.fasta
# Option settings: hmmsearch --domtblout /Users/catrionaharrison/Documents/Bioinformatics/rp2/Data/genomes/busco/Busco_sorokiniana/run_chlorophyta_odb10/hmmer_output/initial_run_results/11103at3041.out --cpu 1 /Users/catrionaharrison/Documents/Bioinformatics/rp2/Data/genomes/busco/busco_downloads/lineages/chlorophyta_odb10/hmms/11103at3041.hmm /Users/catrionaharrison/Documents/Bioinformatics/rp2/Data/genomes/busco/data/chlorella_sorokiniana.prot.fasta 
# Current dir:     /Users/catrionaharrison/Documents/Bioinformatics/rp2/Data/genomes/busco
# Date:            Fri Jul 22 14:29:38 2022
# [ok]
