#                                                                            --- full sequence --- -------------- this domain -------------   hmm coord   ali coord   env coord
# target name        accession   tlen query name           accession   qlen   E-value  score  bias   #  of  c-Evalue  i-Evalue  score  bias  from    to  from    to  from    to  acc description of target
#------------------- ---------- ----- -------------------- ---------- ----- --------- ------ ----- --- --- --------- --------- ------ ----- ----- ----- ----- ----- ----- ----- ---- ---------------------
PRW33296.1           -            239 11308at3041          -             92   1.3e-41  139.5   0.0   1   1   2.2e-44   1.7e-41  139.1   0.0     1    92    73   173    73   173 0.91 -
PRW20433.1           -            736 11308at3041          -             92   1.2e-21   75.5   0.6   1   2   3.2e-13   2.6e-10   39.2   0.1    26    76    21    76    16    81 0.89 -
PRW20433.1           -            736 11308at3041          -             92   1.2e-21   75.5   0.6   2   2   1.2e-11   9.9e-09   34.2   0.0    24    76    87   144    76   160 0.80 -
PRW56833.1           -            133 11308at3041          -             92   2.5e-15   55.3   0.0   1   1     4e-18   3.2e-15   55.0   0.0    21    90     4    76     1    78 0.87 -
PRW21069.1           -            859 11308at3041          -             92   2.9e-13   48.7   0.0   1   1   9.3e-16   7.4e-13   47.4   0.0    17    85   490   561   486   567 0.86 -
PRW33612.1           -            124 11308at3041          -             92   2.2e-12   45.8   0.0   1   1   3.5e-15   2.8e-12   45.5   0.0    23    78    46   104    37   119 0.82 -
PRW44840.1           -           2645 11308at3041          -             92   2.7e-10   39.2   0.0   1   1   7.8e-13   6.2e-10   38.0   0.0    18    76  2256  2317  2243  2332 0.87 -
PRW57707.1           -            152 11308at3041          -             92   3.1e-09   35.7   0.0   1   1   5.4e-12   4.3e-09   35.3   0.0    22    74    70   130    55   148 0.72 -
PRW59810.1           -            383 11308at3041          -             92   1.8e-08   33.4   0.1   1   2       3.4   2.8e+03   -2.5   0.0    30    44    73    87    71   108 0.60 -
PRW59810.1           -            383 11308at3041          -             92   1.8e-08   33.4   0.1   2   2   6.2e-11   4.9e-08   31.9   0.0    30    76   316   364   301   380 0.79 -
PRW58255.1           -            978 11308at3041          -             92   1.1e-07   30.8   0.0   1   1     3e-10   2.4e-07   29.7   0.0    21    90   575   648   563   650 0.79 -
PRW21003.1           -            309 11308at3041          -             92   1.7e-07   30.2   0.0   1   1     4e-10   3.2e-07   29.3   0.0    23    76   139   197   132   203 0.87 -
PRW58439.1           -            138 11308at3041          -             92   6.3e-07   28.4   0.0   1   1     1e-09   8.2e-07   28.0   0.0    22    73    31    93    13   111 0.72 -
PRW57742.1           -           1591 11308at3041          -             92   1.1e-06   27.6   0.1   1   1   3.3e-09   2.7e-06   26.4   0.1    19    90   720   797   710   799 0.73 -
PRW45010.1           -            517 11308at3041          -             92   0.00094   18.2   0.0   1   1   2.2e-06    0.0017   17.3   0.0    36    72    32    68     8    93 0.79 -
#
# Program:         hmmsearch
# Version:         3.1b2 (February 2015)
# Pipeline mode:   SEARCH
# Query file:      /Users/catrionaharrison/Documents/Bioinformatics/rp2/Data/genomes/busco/busco_downloads/lineages/chlorophyta_odb10/hmms/11308at3041.hmm
# Target file:     /Users/catrionaharrison/Documents/Bioinformatics/rp2/Data/genomes/busco/data/chlorella_sorokiniana.prot.fasta
# Option settings: hmmsearch --domtblout /Users/catrionaharrison/Documents/Bioinformatics/rp2/Data/genomes/busco/Busco_sorokiniana/run_chlorophyta_odb10/hmmer_output/initial_run_results/11308at3041.out --cpu 1 /Users/catrionaharrison/Documents/Bioinformatics/rp2/Data/genomes/busco/busco_downloads/lineages/chlorophyta_odb10/hmms/11308at3041.hmm /Users/catrionaharrison/Documents/Bioinformatics/rp2/Data/genomes/busco/data/chlorella_sorokiniana.prot.fasta 
# Current dir:     /Users/catrionaharrison/Documents/Bioinformatics/rp2/Data/genomes/busco
# Date:            Fri Jul 22 14:30:20 2022
# [ok]
