#                                                                            --- full sequence --- -------------- this domain -------------   hmm coord   ali coord   env coord
# target name        accession   tlen query name           accession   qlen   E-value  score  bias   #  of  c-Evalue  i-Evalue  score  bias  from    to  from    to  from    to  acc description of target
#------------------- ---------- ----- -------------------- ---------- ----- --------- ------ ----- --- --- --------- --------- ------ ----- ----- ----- ----- ----- ----- ----- ---- ---------------------
PRW59107.1           -            701 1139at3041           -            559  1.3e-248  825.4  20.0   1   1  7.6e-251  1.3e-248  825.4  20.0     6   554    64   670    50   697 0.84 -
PRW21064.1           -           1333 1139at3041           -            559  3.6e-128  427.7   4.8   1   1  2.2e-130  3.6e-128  427.7   4.8    22   557   122   696   103   709 0.81 -
PRW21065.1           -           1348 1139at3041           -            559  6.6e-127  423.6   4.7   1   2   6.1e-50     1e-47  162.2   0.0    22   189   122   291   103   292 0.87 -
PRW21065.1           -           1348 1139at3041           -            559  6.6e-127  423.6   4.7   2   2   6.4e-83   1.1e-80  271.0   2.5   174   557   291   711   289   717 0.79 -
PRW56606.1           -           1298 1139at3041           -            559   3.9e-88  295.6   0.0   1   1   2.3e-90   3.9e-88  295.6   0.0    39   368   135   480   104   487 0.90 -
PRW60953.1           -            590 1139at3041           -            559   1.9e-85  286.7   1.5   1   2      0.39        65    1.0   5.5   501   555    30    85    23    90 0.66 -
PRW60953.1           -            590 1139at3041           -            559   1.9e-85  286.7   1.5   2   2   1.1e-87   1.9e-85  286.7   1.5    14   364   152   523   140   535 0.87 -
PRW39067.1           -            652 1139at3041           -            559   7.2e-78  261.7   0.1   1   1   4.3e-80   7.2e-78  261.7   0.1    56   368   187   516   168   521 0.85 -
PRW39068.1           -            685 1139at3041           -            559   1.1e-77  261.1   0.1   1   1   6.4e-80   1.1e-77  261.1   0.1    57   368   221   549   217   554 0.85 -
PRW59097.1           -           1042 1139at3041           -            559   1.6e-74  250.6   3.9   1   3       2.3   3.7e+02   -1.5   0.2   496   535   102   141    91   161 0.68 -
PRW59097.1           -           1042 1139at3041           -            559   1.6e-74  250.6   3.9   2   3   9.8e-77   1.6e-74  250.6   3.9    47   370   312   652   301   656 0.87 -
PRW59097.1           -           1042 1139at3041           -            559   1.6e-74  250.6   3.9   3   3       2.7   4.4e+02   -1.7   8.2   493   556   656   721   651   724 0.51 -
PRW58168.1           -           2579 1139at3041           -            559   1.4e-73  247.6   0.2   1   1   8.3e-76   1.4e-73  247.6   0.2    35   373   432   788   401   812 0.85 -
PRW45450.1           -            904 1139at3041           -            559     1e-71  241.4   2.8   1   2       4.7   7.7e+02   -2.5   2.4   496   555   192   251   166   256 0.72 -
PRW45450.1           -            904 1139at3041           -            559     1e-71  241.4   2.8   2   2   6.2e-74     1e-71  241.4   2.8    26   389   266   648   260   703 0.84 -
PRW33126.1           -            982 1139at3041           -            559   4.9e-71  239.1   0.1   1   1     3e-73   4.9e-71  239.1   0.1    16   368    36   402    30   433 0.89 -
PRW33124.1           -            995 1139at3041           -            559   5.1e-71  239.1   0.1   1   1   3.1e-73   5.1e-71  239.1   0.1    16   368    36   402    30   433 0.89 -
PRW33125.1           -            991 1139at3041           -            559   2.3e-70  236.9   0.1   1   1   1.4e-72   2.3e-70  236.9   0.1    16   367    36   401    30   407 0.89 -
PRW56671.1           -            463 1139at3041           -            559   3.4e-69  233.0   0.7   1   1   2.1e-71   3.4e-69  233.0   0.7    25   391    12   389     5   395 0.86 -
PRW60344.1           -            817 1139at3041           -            559   6.8e-69  232.1   2.4   1   2       2.4   3.9e+02   -1.5   2.2   503   548   155   200   131   212 0.54 -
PRW60344.1           -            817 1139at3041           -            559   6.8e-69  232.1   2.4   2   2   4.1e-71   6.8e-69  232.1   2.4    62   366   427   766   395   779 0.77 -
PRW56144.1           -           1255 1139at3041           -            559   3.4e-66  223.1   0.1   1   1   3.6e-68     6e-66  222.3   0.1    40   371   214   568   205   587 0.84 -
PRW45619.1           -            411 1139at3041           -            559   3.6e-66  223.1   0.2   1   1   2.8e-68   4.6e-66  222.7   0.2    33   371    38   386    13   395 0.86 -
PRW56143.1           -           1266 1139at3041           -            559   1.5e-64  217.7   0.1   1   1   1.7e-66   2.8e-64  216.8   0.1    40   371   214   579   205   598 0.81 -
PRW45618.1           -            417 1139at3041           -            559   2.2e-63  213.9   0.4   1   1   1.8e-65   2.9e-63  213.5   0.4    33   371    38   392    13   401 0.85 -
PRW60850.1           -           1012 1139at3041           -            559   4.2e-63  213.0   1.2   1   1   4.8e-65   7.9e-63  212.0   1.2    61   367    62   373    14   387 0.87 -
PRW33079.1           -            934 1139at3041           -            559   1.7e-62  211.0   0.1   1   2     1e-64   1.7e-62  211.0   0.1    33   377    95   458    91   522 0.84 -
PRW33079.1           -            934 1139at3041           -            559   1.7e-62  211.0   0.1   2   2       2.9   4.8e+02   -1.8   0.1   486   551   511   573   490   594 0.58 -
PRW56033.1           -           1168 1139at3041           -            559     7e-60  202.3   0.6   1   2         2   3.2e+02   -1.3   4.9   370   426   679   739   676   749 0.78 -
PRW56033.1           -           1168 1139at3041           -            559     7e-60  202.3   0.6   2   2   4.2e-62     7e-60  202.3   0.6    58   384   772  1109   740  1156 0.87 -
PRW59356.1           -           1859 1139at3041           -            559   1.5e-58  197.9   0.1   1   2     9e-61   1.5e-58  197.9   0.1    80   369     2   308     1   315 0.87 -
PRW59356.1           -           1859 1139at3041           -            559   1.5e-58  197.9   0.1   2   2     0.098        16    3.0   1.6   493   545   392   443   378   457 0.78 -
PRW59022.1           -            411 1139at3041           -            559     2e-57  194.2   0.0   1   1   1.6e-59   2.6e-57  193.8   0.0    16   369    20   381     8   401 0.85 -
PRW59081.1           -            869 1139at3041           -            559   2.7e-57  193.7   0.1   1   1   1.7e-59   2.7e-57  193.7   0.1    51   370   177   536   136   545 0.79 -
PRW59153.1           -            499 1139at3041           -            559   6.2e-57  192.6   0.2   1   1   6.1e-59     1e-56  191.9   0.2    31   357     3   346     1   366 0.83 -
PRW59446.1           -            994 1139at3041           -            559   6.5e-56  189.2  14.5   1   3   8.9e-10   1.5e-07   29.6   0.5    13    93   192   278   153   288 0.74 -
PRW59446.1           -            994 1139at3041           -            559   6.5e-56  189.2  14.5   2   3   4.3e-21   7.1e-19   66.9   0.0   102   202   320   423   303   431 0.86 -
PRW59446.1           -            994 1139at3041           -            559   6.5e-56  189.2  14.5   3   3     4e-31   6.7e-29  100.0   0.2   231   371   573   720   566   732 0.84 -
PRW05784.1           -            563 1139at3041           -            559   2.3e-54  184.1   0.1   1   1   1.4e-56   2.3e-54  184.1   0.1    30   369    70   440    54   452 0.80 -
PRW60433.1           -            948 1139at3041           -            559     1e-53  181.9   0.6   1   4   4.5e-06   0.00074   17.4   0.0    56    97   216   262   190   269 0.78 -
PRW60433.1           -            948 1139at3041           -            559     1e-53  181.9   0.6   2   4   1.1e-28   1.7e-26   92.1   0.0    97   257   470   639   463   662 0.84 -
PRW60433.1           -            948 1139at3041           -            559     1e-53  181.9   0.6   3   4   3.2e-21   5.3e-19   67.4   0.0   291   376   740   825   726   830 0.91 -
PRW60433.1           -            948 1139at3041           -            559     1e-53  181.9   0.6   4   4       1.6   2.6e+02   -0.9   0.0   481   536   851   908   845   923 0.70 -
PRW61181.1           -            438 1139at3041           -            559   3.6e-53  180.2   1.1   1   1   2.7e-55   4.4e-53  179.9   1.1    28   368    42   404    16   423 0.80 -
PRW59355.1           -           1891 1139at3041           -            559   3.6e-53  180.1  12.7   1   3   2.9e-09   4.8e-07   27.9   0.0    80   147     2    68     1    73 0.91 -
PRW59355.1           -           1891 1139at3041           -            559   3.6e-53  180.1  12.7   2   3   6.2e-48     1e-45  155.6   0.0   136   369    89   340    83   347 0.85 -
PRW59355.1           -           1891 1139at3041           -            559   3.6e-53  180.1  12.7   3   3       0.1        16    3.0   1.6   493   545   424   475   410   489 0.78 -
PRW59445.1           -           1024 1139at3041           -            559   8.2e-53  179.0  18.2   1   4   9.1e-10   1.5e-07   29.6   0.5    13    93   192   278   153   288 0.74 -
PRW59445.1           -           1024 1139at3041           -            559   8.2e-53  179.0  18.2   2   4   7.7e-12   1.3e-09   36.4   0.1   102   161   320   379   302   390 0.89 -
PRW59445.1           -           1024 1139at3041           -            559   8.2e-53  179.0  18.2   3   4   1.1e-07   1.8e-05   22.7   0.0   146   202   394   453   382   461 0.83 -
PRW59445.1           -           1024 1139at3041           -            559   8.2e-53  179.0  18.2   4   4   4.2e-31     7e-29  100.0   0.2   231   371   603   750   596   762 0.84 -
PRW60184.1           -           1230 1139at3041           -            559   1.3e-45  155.2   0.1   1   2   8.2e-30   1.3e-27   95.7   0.0    42   213    22   198     4   209 0.86 -
PRW60184.1           -           1230 1139at3041           -            559   1.3e-45  155.2   0.1   2   2   4.3e-21   7.2e-19   66.9   0.0   254   367   267   390   249   443 0.79 -
PRW60362.1           -           1067 1139at3041           -            559   4.6e-45  153.4   8.0   1   3   9.1e-28   1.5e-25   89.0   0.0    36   198   458   628   443   680 0.78 -
PRW60362.1           -           1067 1139at3041           -            559   4.6e-45  153.4   8.0   2   3   7.3e-20   1.2e-17   62.9   0.0   290   365   811   886   785   902 0.87 -
PRW60362.1           -           1067 1139at3041           -            559   4.6e-45  153.4   8.0   3   3      0.13        21    2.7   1.4   482   554   971  1045   960  1058 0.69 -
PRW51077.1           -            607 1139at3041           -            559   4.9e-45  153.3   1.1   1   2   4.3e-22     7e-20   70.2   0.0    41   222    79   283    51   335 0.81 -
PRW51077.1           -            607 1139at3041           -            559   4.9e-45  153.3   1.1   2   2   1.7e-25   2.9e-23   81.4   0.7   277   380   426   529   371   568 0.76 -
PRW58810.1           -           1679 1139at3041           -            559   1.1e-43  148.8   3.0   1   1   1.1e-45   1.8e-43  148.1   3.0    30   382   101   477    88   486 0.79 -
PRW20487.1           -            652 1139at3041           -            559   1.2e-41  142.1   0.4   1   2   2.9e-24   4.7e-22   77.4   0.0    35   189   133   295   123   346 0.86 -
PRW20487.1           -            652 1139at3041           -            559   1.2e-41  142.1   0.4   2   2   1.3e-19   2.1e-17   62.1   0.5   295   430   473   605   401   634 0.83 -
PRW58819.1           -            711 1139at3041           -            559   8.6e-41  139.3   6.2   1   1   5.2e-43   8.6e-41  139.3   6.2    61   366   237   570   210   575 0.77 -
PRW57918.1           -            942 1139at3041           -            559   5.5e-38  130.0   0.7   1   3   5.7e-26   9.4e-24   83.0   0.0    46   237    15   213     2   225 0.82 -
PRW57918.1           -            942 1139at3041           -            559   5.5e-38  130.0   0.7   2   3     0.018         3    5.4   0.0   287   319   298   330   275   346 0.88 -
PRW57918.1           -            942 1139at3041           -            559   5.5e-38  130.0   0.7   3   3   2.6e-12   4.3e-10   37.9   0.1   322   370   372   420   370   479 0.92 -
PRW18294.1           -            615 1139at3041           -            559   2.7e-35  121.1   2.5   1   2   1.8e-25     3e-23   81.4   0.0    40   217   125   320   117   329 0.82 -
PRW18294.1           -            615 1139at3041           -            559   2.7e-35  121.1   2.5   2   2   1.2e-12     2e-10   39.0   0.9   314   426   461   579   452   588 0.67 -
PRW60784.1           -            795 1139at3041           -            559   1.4e-21   75.9   0.0   1   2   3.4e-06   0.00057   17.7   0.0    66   117   184   237   179   257 0.82 -
PRW60784.1           -            795 1139at3041           -            559   1.4e-21   75.9   0.0   2   2   1.3e-17   2.1e-15   55.4   0.0   271   391   455   587   409   603 0.73 -
PRW20256.1           -            609 1139at3041           -            559     4e-19   67.8   0.6   1   3   5.2e-05    0.0086   13.8   0.0    31    95    54   123    44   131 0.78 -
PRW20256.1           -            609 1139at3041           -            559     4e-19   67.8   0.6   2   3      0.32        53    1.3   0.0    89   166   147   223   145   227 0.74 -
PRW20256.1           -            609 1139at3041           -            559     4e-19   67.8   0.6   3   3   1.1e-15   1.9e-13   49.0   0.2   257   367   408   534   354   556 0.77 -
PRW60577.1           -           1585 1139at3041           -            559   2.8e-14   51.7   0.1   1   2     0.029       4.7    4.8   0.0    56   185   104   227    95   256 0.76 -
PRW60577.1           -           1585 1139at3041           -            559   2.8e-14   51.7   0.1   2   2   1.7e-16   2.8e-14   51.7   0.1   294   398   492   597   445   615 0.81 -
PRW20643.1           -            102 1139at3041           -            559   6.3e-14   50.6   0.0   1   1   4.8e-16   7.9e-14   50.3   0.0   285   340    43    98    37   100 0.95 -
PRW59378.1           -            869 1139at3041           -            559   1.6e-11   42.7   0.8   1   2       1.1   1.8e+02   -0.4   0.0    56    86   246   276   224   278 0.81 -
PRW59378.1           -            869 1139at3041           -            559   1.6e-11   42.7   0.8   2   2   6.9e-13   1.1e-10   39.9   0.2   271   366   463   566   457   571 0.89 -
PRW58901.1           -           2277 1139at3041           -            559   1.3e-06   26.4   0.0   1   1     8e-09   1.3e-06   26.4   0.0   300   356   847   903   837   965 0.82 -
PRW61241.1           -           1164 1139at3041           -            559   2.2e-06   25.7   0.0   1   1   1.3e-08   2.2e-06   25.7   0.0   289   365   589   665   585   679 0.94 -
PRW39246.1           -           2301 1139at3041           -            559     7e-06   24.0   0.0   1   1   4.2e-08     7e-06   24.0   0.0   273   358   323   416   303   422 0.82 -
PRW57980.1           -            851 1139at3041           -            559   9.6e-06   23.6   0.1   1   1   5.8e-08   9.6e-06   23.6   0.1   287   369   531   613   502   656 0.83 -
PRW57979.1           -            836 1139at3041           -            559   1.2e-05   23.3   0.0   1   1   7.1e-08   1.2e-05   23.3   0.0   287   369   531   613   502   634 0.84 -
PRW59746.1           -           1303 1139at3041           -            559   1.4e-05   23.1   0.1   1   2   8.3e-08   1.4e-05   23.1   0.1   269   373   736   849   713   876 0.82 -
PRW59746.1           -           1303 1139at3041           -            559   1.4e-05   23.1   0.1   2   2       9.1   1.5e+03   -3.5   2.4   367   434  1102  1170  1082  1183 0.73 -
PRW60493.1           -           1105 1139at3041           -            559   5.5e-05   21.1   7.5   1   2   4.9e-06   0.00081   17.2   0.0    27   182   269   434   249   438 0.71 -
PRW60493.1           -           1105 1139at3041           -            559   5.5e-05   21.1   7.5   2   2    0.0032      0.53    7.9   0.0   244   362   618   732   611   735 0.80 -
PRW56130.1           -           2160 1139at3041           -            559   5.6e-05   21.0   0.3   1   3       1.3   2.1e+02   -0.6   0.1    65   158   507   600   484   669 0.68 -
PRW56130.1           -           2160 1139at3041           -            559   5.6e-05   21.0   0.3   2   3      0.33        55    1.3   0.0   290   332   794   836   735   846 0.84 -
PRW56130.1           -           2160 1139at3041           -            559   5.6e-05   21.0   0.3   3   3   2.5e-05    0.0042   14.9   0.0    69   170  1357  1453  1324  1473 0.76 -
PRW05923.1           -           1861 1139at3041           -            559   8.2e-05   20.5   0.0   1   4       1.5   2.5e+02   -0.9   4.2   508   555   205   252   173   257 0.53 -
PRW05923.1           -           1861 1139at3041           -            559   8.2e-05   20.5   0.0   2   4       0.8   1.3e+02    0.0   0.6   400   457   310   367   285   464 0.82 -
PRW05923.1           -           1861 1139at3041           -            559   8.2e-05   20.5   0.0   3   4       8.9   1.5e+03   -3.4   0.1    60    83  1181  1204  1178  1209 0.81 -
PRW05923.1           -           1861 1139at3041           -            559   8.2e-05   20.5   0.0   4   4     5e-07   8.2e-05   20.5   0.0   288   364  1424  1500  1387  1514 0.90 -
PRW32572.1           -            741 1139at3041           -            559   0.00018   19.4   0.2   1   2     0.078        13    3.4   0.0   151   185     6    40     1    54 0.92 -
PRW32572.1           -            741 1139at3041           -            559   0.00018   19.4   0.2   2   2   6.4e-05     0.011   13.6   0.2   290   357   310   377   300   397 0.84 -
PRW58751.1           -           1802 1139at3041           -            559   0.00055   17.8   0.0   1   2     0.067        11    3.6   0.0    73   185  1223  1329  1218  1343 0.80 -
PRW58751.1           -           1802 1139at3041           -            559   0.00055   17.8   0.0   2   2    0.0003      0.05   11.3   0.0   288   365  1710  1785  1705  1795 0.80 -
PRW58750.1           -           1813 1139at3041           -            559   0.00066   17.5   0.0   1   2     0.067        11    3.6   0.0    73   185  1234  1340  1229  1354 0.80 -
PRW58750.1           -           1813 1139at3041           -            559   0.00066   17.5   0.0   2   2   0.00031      0.05   11.3   0.0   288   365  1721  1796  1716  1806 0.80 -
PRW56925.1           -           1163 1139at3041           -            559    0.0016   16.3   1.8   1   2       1.7   2.8e+02   -1.0   0.1    74   171   742   848   737   855 0.43 -
PRW56925.1           -           1163 1139at3041           -            559    0.0016   16.3   1.8   2   2   1.4e-05    0.0023   15.7   0.2   290   362   980  1053   973  1065 0.85 -
PRW18345.1           -           1401 1139at3041           -            559      0.03   12.0   1.7   1   3   0.00025     0.041   11.6   0.0   272   318   690   747   684   755 0.82 -
PRW18345.1           -           1401 1139at3041           -            559      0.03   12.0   1.7   2   3       9.4   1.6e+03   -3.5   0.0   349   381   767   799   765   808 0.78 -
PRW18345.1           -           1401 1139at3041           -            559      0.03   12.0   1.7   3   3       6.9   1.1e+03   -3.1   0.2   497   546  1078  1127  1074  1135 0.54 -
PRW59924.1           -            374 1139at3041           -            559     0.074   10.8   0.0   1   1   0.00045     0.074   10.8   0.0   140   181   280   322   263   328 0.90 -
PRW44914.1           -            229 1139at3041           -            559      0.63    7.7   3.4   1   1    0.0045      0.75    7.4   3.4   517   558   188   222   135   228 0.52 -
PRW57070.1           -            141 1139at3041           -            559      0.97    7.1   9.4   1   1     0.007       1.2    6.8   9.4   491   555    71   135    63   139 0.59 -
PRW39368.1           -            449 1139at3041           -            559       5.8    4.5   9.0   1   1     0.073        12    3.5   9.0   505   553   378   428   370   436 0.57 -
#
# Program:         hmmsearch
# Version:         3.1b2 (February 2015)
# Pipeline mode:   SEARCH
# Query file:      /Users/catrionaharrison/Documents/Bioinformatics/rp2/Data/genomes/busco/busco_downloads/lineages/chlorophyta_odb10/hmms/1139at3041.hmm
# Target file:     /Users/catrionaharrison/Documents/Bioinformatics/rp2/Data/genomes/busco/data/chlorella_sorokiniana.prot.fasta
# Option settings: hmmsearch --domtblout /Users/catrionaharrison/Documents/Bioinformatics/rp2/Data/genomes/busco/Busco_sorokiniana/run_chlorophyta_odb10/hmmer_output/initial_run_results/1139at3041.out --cpu 1 /Users/catrionaharrison/Documents/Bioinformatics/rp2/Data/genomes/busco/busco_downloads/lineages/chlorophyta_odb10/hmms/1139at3041.hmm /Users/catrionaharrison/Documents/Bioinformatics/rp2/Data/genomes/busco/data/chlorella_sorokiniana.prot.fasta 
# Current dir:     /Users/catrionaharrison/Documents/Bioinformatics/rp2/Data/genomes/busco
# Date:            Fri Jul 22 14:30:37 2022
# [ok]
