#                                                                            --- full sequence --- -------------- this domain -------------   hmm coord   ali coord   env coord
# target name        accession   tlen query name           accession   qlen   E-value  score  bias   #  of  c-Evalue  i-Evalue  score  bias  from    to  from    to  from    to  acc description of target
#------------------- ---------- ----- -------------------- ---------- ----- --------- ------ ----- --- --- --------- --------- ------ ----- ----- ----- ----- ----- ----- ----- ---- ---------------------
PRW58298.1           -             69 12851at3041          -             52   4.7e-23   80.4  11.4   1   2   2.1e-25   3.2e-22   77.7   4.8     1    42     3    44     3    47 0.97 -
PRW58298.1           -             69 12851at3041          -             52   4.7e-23   80.4  11.4   2   2    0.0021       3.1    7.3   0.5    37    52    50    65    46    65 0.84 -
PRW60881.1           -           1172 12851at3041          -             52   3.7e-09   35.9   7.9   1   3   8.3e-05      0.12   11.8   0.1     7    41    84   118    78   120 0.88 -
PRW60881.1           -           1172 12851at3041          -             52   3.7e-09   35.9   7.9   2   3   6.6e-07   0.00098   18.5   0.3     8    48   170   210   162   215 0.87 -
PRW60881.1           -           1172 12851at3041          -             52   3.7e-09   35.9   7.9   3   3   0.00099       1.5    8.3   0.5     6    34   244   273   241   281 0.88 -
PRW44869.1           -            686 12851at3041          -             52   5.6e-09   35.3   1.1   1   2   3.8e-12   5.6e-09   35.3   1.1     1    40    75   115    75   120 0.92 -
PRW44869.1           -            686 12851at3041          -             52   5.6e-09   35.3   1.1   2   2      0.37   5.5e+02    0.1   1.5    10    17   648   655   646   659 0.86 -
PRW60667.1           -           1013 12851at3041          -             52   8.5e-08   31.5   1.1   1   2   3.2e-06    0.0048   16.3   0.0     8    42    83   117    79   118 0.93 -
PRW60667.1           -           1013 12851at3041          -             52   8.5e-08   31.5   1.1   2   2   2.6e-05     0.038   13.4   0.2     8    39   157   188   149   192 0.88 -
PRW05833.1           -            940 12851at3041          -             52   2.3e-06   26.9   3.2   1   1   3.8e-09   5.6e-06   25.7   3.2     2    43   106   148   105   154 0.88 -
PRW57782.1           -           1417 12851at3041          -             52   0.00011   21.6   7.2   1   3   6.7e-05       0.1   12.1   1.2     7    39    33    65    26    69 0.84 -
PRW57782.1           -           1417 12851at3041          -             52   0.00011   21.6   7.2   2   3   8.4e-05      0.12   11.8   0.5     8    36   108   136   103   142 0.88 -
PRW57782.1           -           1417 12851at3041          -             52   0.00011   21.6   7.2   3   3       4.7     7e+03   -3.4   0.0    26    37  1093  1104  1091  1105 0.83 -
PRW61624.1           -           1426 12851at3041          -             52     0.027   13.9   0.0   1   1   7.8e-05      0.12   11.9   0.0    20    42   171   193   166   197 0.91 -
#
# Program:         hmmsearch
# Version:         3.1b2 (February 2015)
# Pipeline mode:   SEARCH
# Query file:      /Users/catrionaharrison/Documents/Bioinformatics/rp2/Data/genomes/busco/busco_downloads/lineages/chlorophyta_odb10/hmms/12851at3041.hmm
# Target file:     /Users/catrionaharrison/Documents/Bioinformatics/rp2/Data/genomes/busco/data/chlorella_sorokiniana.prot.fasta
# Option settings: hmmsearch --domtblout /Users/catrionaharrison/Documents/Bioinformatics/rp2/Data/genomes/busco/Busco_sorokiniana/run_chlorophyta_odb10/hmmer_output/initial_run_results/12851at3041.out --cpu 1 /Users/catrionaharrison/Documents/Bioinformatics/rp2/Data/genomes/busco/busco_downloads/lineages/chlorophyta_odb10/hmms/12851at3041.hmm /Users/catrionaharrison/Documents/Bioinformatics/rp2/Data/genomes/busco/data/chlorella_sorokiniana.prot.fasta 
# Current dir:     /Users/catrionaharrison/Documents/Bioinformatics/rp2/Data/genomes/busco
# Date:            Fri Jul 22 14:30:48 2022
# [ok]
