#                                                                            --- full sequence --- -------------- this domain -------------   hmm coord   ali coord   env coord
# target name        accession   tlen query name           accession   qlen   E-value  score  bias   #  of  c-Evalue  i-Evalue  score  bias  from    to  from    to  from    to  acc description of target
#------------------- ---------- ----- -------------------- ---------- ----- --------- ------ ----- --- --- --------- --------- ------ ----- ----- ----- ----- ----- ----- ----- ---- ---------------------
PRW50848.1           -            582 1621at3041           -            351  1.3e-147  490.8   9.7   1   3   3.7e-22   7.7e-19   67.2   0.2    17    64   118   165   106   177 0.89 -
PRW50848.1           -            582 1621at3041           -            351  1.3e-147  490.8   9.7   2   3  1.7e-101   3.6e-98  328.1   1.8    61   250   234   433   230   436 0.96 -
PRW50848.1           -            582 1621at3041           -            351  1.3e-147  490.8   9.7   3   3   8.3e-32   1.7e-28   98.9   0.1   250   351   456   575   450   575 0.86 -
PRW60673.1           -           1754 1621at3041           -            351   3.7e-05   22.2   1.1   1   2   1.6e-07   0.00033   19.1   0.1    18    61  1112  1155  1102  1162 0.87 -
PRW60673.1           -           1754 1621at3041           -            351   3.7e-05   22.2   1.1   2   2     0.042        87    1.3   0.1   107   150  1252  1295  1236  1302 0.88 -
PRW56094.1           -           2240 1621at3041           -            351     0.021   13.2   0.0   1   1     2e-05     0.041   12.2   0.0    39   114  1259  1345  1236  1358 0.72 -
PRW60778.1           -           1515 1621at3041           -            351     0.051   11.9   0.8   1   2    0.0085        18    3.5   0.1    33    60   159   186   134   197 0.78 -
PRW60778.1           -           1515 1621at3041           -            351     0.051   11.9   0.8   2   2    0.0014       2.9    6.1   0.1    16    61   929   974   914  1008 0.82 -
PRW39246.1           -           2301 1621at3041           -            351       1.6    7.0   6.7   1   2     0.002       4.2    5.6   0.7    33    62  1020  1049   993  1063 0.80 -
PRW39246.1           -           2301 1621at3041           -            351       1.6    7.0   6.7   2   2    0.0054        11    4.2   0.7    30    60  1738  1768  1729  1776 0.88 -
#
# Program:         hmmsearch
# Version:         3.1b2 (February 2015)
# Pipeline mode:   SEARCH
# Query file:      /Users/catrionaharrison/Documents/Bioinformatics/rp2/Data/genomes/busco/busco_downloads/lineages/chlorophyta_odb10/hmms/1621at3041.hmm
# Target file:     /Users/catrionaharrison/Documents/Bioinformatics/rp2/Data/genomes/busco/data/chlorella_sorokiniana.prot.fasta
# Option settings: hmmsearch --domtblout /Users/catrionaharrison/Documents/Bioinformatics/rp2/Data/genomes/busco/Busco_sorokiniana/run_chlorophyta_odb10/hmmer_output/initial_run_results/1621at3041.out --cpu 1 /Users/catrionaharrison/Documents/Bioinformatics/rp2/Data/genomes/busco/busco_downloads/lineages/chlorophyta_odb10/hmms/1621at3041.hmm /Users/catrionaharrison/Documents/Bioinformatics/rp2/Data/genomes/busco/data/chlorella_sorokiniana.prot.fasta 
# Current dir:     /Users/catrionaharrison/Documents/Bioinformatics/rp2/Data/genomes/busco
# Date:            Fri Jul 22 14:28:12 2022
# [ok]
