#                                                                            --- full sequence --- -------------- this domain -------------   hmm coord   ali coord   env coord
# target name        accession   tlen query name           accession   qlen   E-value  score  bias   #  of  c-Evalue  i-Evalue  score  bias  from    to  from    to  from    to  acc description of target
#------------------- ---------- ----- -------------------- ---------- ----- --------- ------ ----- --- --- --------- --------- ------ ----- ----- ----- ----- ----- ----- ----- ---- ---------------------
PRW20689.1           -           1157 2020at3041           -            349   4.8e-47  159.6   1.2   1   3   5.4e-15   4.7e-12   44.6   0.2    21   128    50   154    42   182 0.86 -
PRW20689.1           -           1157 2020at3041           -            349   4.8e-47  159.6   1.2   2   3   3.3e-30   2.8e-27   94.6   0.0    29   209   464   645   454   653 0.82 -
PRW20689.1           -           1157 2020at3041           -            349   4.8e-47  159.6   1.2   3   3     1e-06   0.00088   17.3   0.0   214   271   860   918   839   928 0.87 -
PRW20688.1           -           1166 2020at3041           -            349   5.2e-47  159.5   1.2   1   3   5.7e-15   4.9e-12   44.5   0.2    21   128    50   154    42   180 0.86 -
PRW20688.1           -           1166 2020at3041           -            349   5.2e-47  159.5   1.2   2   3   3.3e-30   2.8e-27   94.6   0.0    29   209   473   654   463   662 0.82 -
PRW20688.1           -           1166 2020at3041           -            349   5.2e-47  159.5   1.2   3   3     1e-06   0.00089   17.3   0.0   214   271   869   927   848   937 0.87 -
PRW61037.1           -            572 2020at3041           -            349     2e-29  101.7   1.6   1   2   2.1e-21   1.8e-18   65.6   0.1   101   213     8   112     3   116 0.87 -
PRW61037.1           -            572 2020at3041           -            349     2e-29  101.7   1.6   2   2     4e-12   3.4e-09   35.1   0.1   217   307   267   362   261   385 0.82 -
PRW44847.1           -            513 2020at3041           -            349   2.8e-20   71.6   0.1   1   1     5e-23   4.3e-20   71.0   0.1    11    73   416   475   408   480 0.90 -
PRW44848.1           -            513 2020at3041           -            349   2.8e-20   71.6   0.1   1   1     5e-23   4.3e-20   71.0   0.1    11    73   416   475   408   480 0.90 -
PRW44846.1           -            512 2020at3041           -            349   2.8e-20   71.6   0.1   1   1     5e-23   4.3e-20   71.0   0.1    11    73   416   475   408   480 0.90 -
PRW57410.1           -            488 2020at3041           -            349   1.7e-14   52.6   0.1   1   2   5.4e-17   4.7e-14   51.1   0.1    26   180    86   235    78   252 0.86 -
PRW57410.1           -            488 2020at3041           -            349   1.7e-14   52.6   0.1   2   2      0.57   4.9e+02   -1.6   0.0   257   311   259   315   240   328 0.70 -
PRW61280.1           -            833 2020at3041           -            349   7.1e-11   40.7   0.4   1   2   6.6e-13   5.7e-10   37.7   0.3    24   179    42   204    33   210 0.73 -
PRW61280.1           -            833 2020at3041           -            349   7.1e-11   40.7   0.4   2   2      0.39   3.4e+02   -1.0   0.0   232   289   212   266   208   283 0.77 -
PRW51003.1           -            464 2020at3041           -            349   1.8e-09   36.1   0.0   1   1   3.3e-12   2.8e-09   35.4   0.0    30    97   100   167    75   183 0.87 -
PRW33020.1           -           2101 2020at3041           -            349   1.6e-08   32.9   0.2   1   3   8.9e-11   7.7e-08   30.7   0.0    20    98   744   825   738   833 0.89 -
PRW33020.1           -           2101 2020at3041           -            349   1.6e-08   32.9   0.2   2   3       2.1   1.8e+03   -3.4   0.0   299   333  1080  1114  1071  1117 0.88 -
PRW33020.1           -           2101 2020at3041           -            349   1.6e-08   32.9   0.2   3   3       0.7   6.1e+02   -1.9   0.1   185   215  1169  1199  1162  1202 0.81 -
PRW58133.1           -            560 2020at3041           -            349   2.3e-07   29.2   0.2   1   2   9.4e-10   8.1e-07   27.3   0.0    26   123    50   151    33   166 0.82 -
PRW58133.1           -            560 2020at3041           -            349   2.3e-07   29.2   0.2   2   2      0.55   4.8e+02   -1.5   0.3   254   273   518   537   507   556 0.75 -
PRW57476.1           -            328 2020at3041           -            349    0.0019   16.2   0.0   1   2   2.1e-05     0.018   13.0   0.0    24    60    31    67    21    78 0.91 -
PRW57476.1           -            328 2020at3041           -            349    0.0019   16.2   0.0   2   2      0.11        99    0.7   0.0   251   287   280   318   272   323 0.82 -
#
# Program:         hmmsearch
# Version:         3.1b2 (February 2015)
# Pipeline mode:   SEARCH
# Query file:      /Users/catrionaharrison/Documents/Bioinformatics/rp2/Data/genomes/busco/busco_downloads/lineages/chlorophyta_odb10/hmms/2020at3041.hmm
# Target file:     /Users/catrionaharrison/Documents/Bioinformatics/rp2/Data/genomes/busco/data/chlorella_sorokiniana.prot.fasta
# Option settings: hmmsearch --domtblout /Users/catrionaharrison/Documents/Bioinformatics/rp2/Data/genomes/busco/Busco_sorokiniana/run_chlorophyta_odb10/hmmer_output/initial_run_results/2020at3041.out --cpu 1 /Users/catrionaharrison/Documents/Bioinformatics/rp2/Data/genomes/busco/busco_downloads/lineages/chlorophyta_odb10/hmms/2020at3041.hmm /Users/catrionaharrison/Documents/Bioinformatics/rp2/Data/genomes/busco/data/chlorella_sorokiniana.prot.fasta 
# Current dir:     /Users/catrionaharrison/Documents/Bioinformatics/rp2/Data/genomes/busco
# Date:            Fri Jul 22 14:29:56 2022
# [ok]
