#                                                                            --- full sequence --- -------------- this domain -------------   hmm coord   ali coord   env coord
# target name        accession   tlen query name           accession   qlen   E-value  score  bias   #  of  c-Evalue  i-Evalue  score  bias  from    to  from    to  from    to  acc description of target
#------------------- ---------- ----- -------------------- ---------- ----- --------- ------ ----- --- --- --------- --------- ------ ----- ----- ----- ----- ----- ----- ----- ---- ---------------------
PRW56316.1           -            929 2261at3041           -            588  7.1e-258  856.2  68.1   1   5  4.4e-168  1.5e-164  548.0   0.1     1   264     4   279     4   290 0.96 -
PRW56316.1           -            929 2261at3041           -            588  7.1e-258  856.2  68.1   2   5   2.2e-19   7.7e-16   56.9   0.1   253   308   295   347   284   370 0.83 -
PRW56316.1           -            929 2261at3041           -            588  7.1e-258  856.2  68.1   3   5   1.7e-13   5.9e-10   37.5   6.6   301   353   370   422   366   451 0.89 -
PRW56316.1           -            929 2261at3041           -            588  7.1e-258  856.2  68.1   4   5   3.1e-11   1.1e-07   30.1  13.3   312   432   490   608   476   633 0.71 -
PRW56316.1           -            929 2261at3041           -            588  7.1e-258  856.2  68.1   5   5   5.8e-61     2e-57  194.3  25.1   393   588   679   906   608   906 0.80 -
PRW59215.1           -            309 2261at3041           -            588   1.7e-52  178.0   0.1   1   1   6.5e-56   2.3e-52  177.6   0.1     4   205     4   219     2   234 0.87 -
PRW60231.1           -            228 2261at3041           -            588   8.2e-16   56.9   0.0   1   1   2.5e-18   8.7e-15   53.5   0.0     3   189     9   220     7   224 0.79 -
#
# Program:         hmmsearch
# Version:         3.1b2 (February 2015)
# Pipeline mode:   SEARCH
# Query file:      /Users/catrionaharrison/Documents/Bioinformatics/rp2/Data/genomes/busco/busco_downloads/lineages/chlorophyta_odb10/hmms/2261at3041.hmm
# Target file:     /Users/catrionaharrison/Documents/Bioinformatics/rp2/Data/genomes/busco/data/chlorella_sorokiniana.prot.fasta
# Option settings: hmmsearch --domtblout /Users/catrionaharrison/Documents/Bioinformatics/rp2/Data/genomes/busco/Busco_sorokiniana/run_chlorophyta_odb10/hmmer_output/initial_run_results/2261at3041.out --cpu 1 /Users/catrionaharrison/Documents/Bioinformatics/rp2/Data/genomes/busco/busco_downloads/lineages/chlorophyta_odb10/hmms/2261at3041.hmm /Users/catrionaharrison/Documents/Bioinformatics/rp2/Data/genomes/busco/data/chlorella_sorokiniana.prot.fasta 
# Current dir:     /Users/catrionaharrison/Documents/Bioinformatics/rp2/Data/genomes/busco
# Date:            Fri Jul 22 14:30:47 2022
# [ok]
