#                                                                            --- full sequence --- -------------- this domain -------------   hmm coord   ali coord   env coord
# target name        accession   tlen query name           accession   qlen   E-value  score  bias   #  of  c-Evalue  i-Evalue  score  bias  from    to  from    to  from    to  acc description of target
#------------------- ---------- ----- -------------------- ---------- ----- --------- ------ ----- --- --- --------- --------- ------ ----- ----- ----- ----- ----- ----- ----- ---- ---------------------
PRW61284.1           -            338 2395at3041           -            299  1.3e-201  667.4   2.4   1   1    3e-203  1.6e-201  667.1   2.4     2   299     1   298     1   298 1.00 -
PRW56192.1           -            590 2395at3041           -            299   1.8e-58  197.4   0.0   1   1   5.3e-60   2.8e-58  196.8   0.0     8   277    21   300    14   305 0.88 -
PRW05856.1           -            603 2395at3041           -            299   7.9e-56  188.7   0.0   1   1   2.1e-57   1.1e-55  188.2   0.0    10   277    37   314    28   320 0.89 -
PRW60553.1           -           3994 2395at3041           -            299   1.3e-27   96.1   0.0   1   2   1.5e-28   7.8e-27   93.5   0.0     8   218    16   233    13   238 0.85 -
PRW60553.1           -           3994 2395at3041           -            299   1.3e-27   96.1   0.0   2   2       6.1   3.2e+02   -0.4   0.0   245   272   317   344   285   370 0.81 -
PRW60552.1           -           4002 2395at3041           -            299   1.3e-27   96.1   0.0   1   2   1.5e-28   7.8e-27   93.5   0.0     8   218    16   233    13   238 0.85 -
PRW60552.1           -           4002 2395at3041           -            299   1.3e-27   96.1   0.0   2   2       6.1   3.2e+02   -0.4   0.0   245   272   317   344   285   370 0.81 -
PRW60551.1           -           4031 2395at3041           -            299   1.3e-27   96.1   0.0   1   2   1.5e-28   7.9e-27   93.5   0.0     8   218    16   233    13   238 0.85 -
PRW60551.1           -           4031 2395at3041           -            299   1.3e-27   96.1   0.0   2   2       6.2   3.2e+02   -0.4   0.0   245   272   317   344   285   370 0.81 -
PRW44951.1           -            585 2395at3041           -            299   1.3e-16   60.0   0.4   1   1   4.9e-18   2.6e-16   59.0   0.4     8   161    34   188    31   257 0.73 -
PRW56822.1           -           1053 2395at3041           -            299   9.8e-13   47.2   0.0   1   1   2.9e-14   1.5e-12   46.6   0.0     8   156    52   205    47   216 0.76 -
PRW61538.1           -           1449 2395at3041           -            299   1.5e-12   46.6   0.0   1   1   4.4e-14   2.3e-12   46.0   0.0     7   159   380   534   376   594 0.83 -
PRW56229.1           -            435 2395at3041           -            299   7.9e-12   44.3   0.0   1   1   2.1e-13   1.1e-11   43.8   0.0     8   161     2   155     1   165 0.81 -
PRW33776.1           -            757 2395at3041           -            299     1e-11   43.9   0.0   1   1   4.5e-13   2.4e-11   42.7   0.0     8   219   409   649   403   666 0.74 -
PRW61339.1           -            378 2395at3041           -            299   3.5e-11   42.1   0.0   1   1   1.1e-12     6e-11   41.4   0.0     6   158    35   196    31   232 0.76 -
PRW60879.1           -            380 2395at3041           -            299   3.8e-11   42.0   0.6   1   1   3.4e-12   1.8e-10   39.8   0.6     5   162    47   213    44   236 0.75 -
PRW55916.1           -            725 2395at3041           -            299   8.3e-11   40.9   0.0   1   1   2.9e-12   1.5e-10   40.0   0.0     7   215    19   224    13   234 0.73 -
PRW56777.1           -            398 2395at3041           -            299   1.1e-10   40.5   0.0   1   1   3.8e-12     2e-10   39.6   0.0    10   228   132   339   128   351 0.83 -
PRW61018.1           -            632 2395at3041           -            299   2.4e-10   39.4   0.0   1   1   6.4e-12   3.3e-10   38.9   0.0     4   182   285   471   282   479 0.78 -
PRW58108.1           -            332 2395at3041           -            299   3.7e-10   38.7   0.0   1   1   8.5e-12   4.5e-10   38.5   0.0     5   157     2   154     1   229 0.82 -
PRW57463.1           -            364 2395at3041           -            299   3.9e-10   38.7   0.0   1   1   1.4e-11   7.2e-10   37.8   0.0     5   161    43   208    39   215 0.76 -
PRW61485.1           -            884 2395at3041           -            299   4.4e-10   38.5   0.4   1   1     2e-11     1e-09   37.3   0.4     8   159    48   195    41   209 0.80 -
PRW61487.1           -            892 2395at3041           -            299   4.5e-10   38.5   0.4   1   1     2e-11     1e-09   37.3   0.4     8   159    48   195    41   209 0.80 -
PRW61072.1           -            426 2395at3041           -            299   5.2e-10   38.3   0.3   1   1   1.7e-11   8.8e-10   37.5   0.3     9   157    90   241    86   274 0.71 -
PRW45211.1           -            696 2395at3041           -            299   5.6e-10   38.2   0.1   1   1   1.9e-11   9.9e-10   37.4   0.1     5   160    31   189    28   202 0.80 -
PRW61141.1           -            730 2395at3041           -            299     8e-10   37.7   0.0   1   1   2.3e-11   1.2e-09   37.1   0.0    13   216   135   340   128   357 0.77 -
PRW56308.1           -            542 2395at3041           -            299   1.5e-09   36.8   0.0   1   1   5.5e-11   2.9e-09   35.8   0.0     6   137   209   347   204   435 0.83 -
PRW61486.1           -            908 2395at3041           -            299   2.2e-09   36.2   0.3   1   1     1e-10   5.3e-09   35.0   0.3     8   155    48   191    41   218 0.82 -
PRW61247.1           -           1230 2395at3041           -            299   2.6e-09   36.0   0.1   1   1   7.8e-11   4.1e-09   35.3   0.1    10   168   565   728   558   742 0.79 -
PRW56966.1           -           2746 2395at3041           -            299   2.9e-09   35.8   0.0   1   1     9e-11   4.7e-09   35.1   0.0     6   224  2272  2484  2269  2498 0.75 -
PRW61198.1           -            393 2395at3041           -            299   3.6e-09   35.5   0.2   1   1   2.5e-10   1.3e-08   33.7   0.2     7   159    27   188    22   197 0.74 -
PRW56166.1           -            360 2395at3041           -            299   6.4e-09   34.7   0.0   1   1   1.9e-10     1e-08   34.0   0.0     4   157    42   196    40   208 0.78 -
PRW57981.1           -            959 2395at3041           -            299   7.7e-09   34.4   0.0   1   1   6.3e-10   3.3e-08   32.4   0.0     7   233   133   381   130   390 0.66 -
PRW21022.1           -            905 2395at3041           -            299   9.2e-09   34.2   0.0   1   1   2.7e-10   1.4e-08   33.6   0.0     7   156   381   534   376   551 0.81 -
PRW33551.1           -            484 2395at3041           -            299   1.6e-08   33.4   0.0   1   1   9.8e-10   5.1e-08   31.7   0.0     8   214    18   220    15   228 0.70 -
PRW59736.1           -            485 2395at3041           -            299   1.8e-08   33.2   0.0   1   1   5.5e-10   2.9e-08   32.6   0.0    15   155    87   228    79   236 0.75 -
PRW60240.1           -            611 2395at3041           -            299   2.1e-08   33.0   0.0   1   1   6.5e-10   3.4e-08   32.3   0.0     4   157     9   165     7   176 0.79 -
PRW51136.1           -           1297 2395at3041           -            299   2.2e-08   33.0   0.4   1   2   2.2e-07   1.2e-05   24.0   0.1     3   156    22   182    20   196 0.71 -
PRW51136.1           -           1297 2395at3041           -            299   2.2e-08   33.0   0.4   2   2     0.044       2.3    6.6   0.0   100   153   872   922   767   935 0.63 -
PRW32929.1           -            990 2395at3041           -            299   2.3e-08   32.9   0.0   1   1   7.1e-10   3.7e-08   32.2   0.0     8   160    77   232    72   240 0.79 -
PRW05816.1           -           1113 2395at3041           -            299   2.3e-08   32.9   0.1   1   1   7.4e-10   3.9e-08   32.1   0.1    14   217   342   535   336   544 0.70 -
PRW45621.1           -           1177 2395at3041           -            299   2.4e-08   32.8   0.0   1   1   7.7e-10   4.1e-08   32.1   0.0     9   181   496   675   490   704 0.74 -
PRW58290.1           -           1298 2395at3041           -            299   2.9e-08   32.5   0.0   1   3   0.00033     0.017   13.6   0.0    13    42   274   303   265   326 0.80 -
PRW58290.1           -           1298 2395at3041           -            299   2.9e-08   32.5   0.0   2   3      0.45        24    3.3   0.0    99   155   446   506   437   518 0.74 -
PRW58290.1           -           1298 2395at3041           -            299   2.9e-08   32.5   0.0   3   3    0.0017     0.089   11.2   0.0   116   217  1121  1220  1099  1237 0.84 -
PRW58952.1           -           1769 2395at3041           -            299   4.2e-08   32.0   0.0   1   1   1.2e-09   6.2e-08   31.5   0.0     9   165  1500  1663  1494  1712 0.74 -
PRW59653.1           -            399 2395at3041           -            299   4.7e-08   31.8   0.8   1   1     2e-09   1.1e-07   30.7   0.8     3   157     6   161     4   172 0.69 -
PRW61305.1           -           1729 2395at3041           -            299   4.8e-08   31.8   0.0   1   1   1.4e-09   7.5e-08   31.2   0.0     8   155     8   154     5   167 0.81 -
PRW21097.1           -           2458 2395at3041           -            299   5.9e-08   31.5   0.0   1   1     2e-09   1.1e-07   30.7   0.0    12   215  2041  2244  2030  2249 0.73 -
PRW21098.1           -           2458 2395at3041           -            299   5.9e-08   31.5   0.0   1   1     2e-09   1.1e-07   30.7   0.0    12   215  2041  2244  2030  2249 0.73 -
PRW58118.1           -            333 2395at3041           -            299   7.4e-08   31.2   0.0   1   1   2.2e-09   1.2e-07   30.6   0.0     9   156    11   158     5   233 0.75 -
PRW45661.1           -            564 2395at3041           -            299   7.6e-08   31.2   0.0   1   1   3.3e-09   1.7e-07   30.0   0.0    66   233   272   430   206   450 0.64 -
PRW61311.1           -            988 2395at3041           -            299   8.8e-08   31.0   0.0   1   1   2.6e-09   1.3e-07   30.4   0.0     8   157    28   188    24   206 0.80 -
PRW61170.1           -           2148 2395at3041           -            299   9.7e-08   30.8   0.0   1   1   2.7e-09   1.4e-07   30.3   0.0     8   159     2   154     1   169 0.86 -
PRW58530.1           -            948 2395at3041           -            299     1e-07   30.7   0.0   1   2       0.3        16    3.9   0.0    10    29   281   300   272   312 0.76 -
PRW58530.1           -            948 2395at3041           -            299     1e-07   30.7   0.0   2   2   1.4e-07   7.5e-06   24.6   0.0   107   157   472   522   453   579 0.90 -
PRW58457.1           -            344 2395at3041           -            299   1.3e-07   30.4   0.0   1   1   3.7e-09   1.9e-07   29.8   0.0     9   156    11   161     6   232 0.75 -
PRW45660.1           -            571 2395at3041           -            299   1.3e-07   30.4   0.0   1   2       7.5     4e+02   -0.7   0.0     9    40   211   242   206   251 0.86 -
PRW45660.1           -            571 2395at3041           -            299   1.3e-07   30.4   0.0   2   2   1.1e-08   5.8e-07   28.3   0.0   110   233   323   437   295   457 0.81 -
PRW57858.1           -            518 2395at3041           -            299   1.5e-07   30.2   0.0   1   1   1.5e-08   7.9e-07   27.8   0.0     6   155    15   172    12   184 0.78 -
PRW33251.1           -            775 2395at3041           -            299   2.2e-07   29.7   0.0   1   1   6.5e-09   3.4e-07   29.0   0.0     8   160    22   185    17   236 0.74 -
PRW57630.1           -           1462 2395at3041           -            299     3e-07   29.2   0.0   1   1   8.6e-09   4.5e-07   28.6   0.0     7   157   946  1093   942  1146 0.83 -
PRW61061.1           -           1233 2395at3041           -            299   3.3e-07   29.1   0.0   1   1   9.7e-09   5.1e-07   28.5   0.0     6   159   919  1082   914  1140 0.84 -
PRW59234.1           -            352 2395at3041           -            299     4e-07   28.8   0.1   1   1   1.9e-08     1e-06   27.5   0.1     9   156    16   165    11   181 0.76 -
PRW45556.1           -            601 2395at3041           -            299     6e-07   28.2   1.0   1   1   4.6e-07   2.4e-05   23.0   1.0     7   159    49   223    46   228 0.72 -
PRW57692.1           -            412 2395at3041           -            299   7.2e-07   28.0   0.0   1   1     7e-08   3.7e-06   25.6   0.0   106   214   149   253    34   260 0.58 -
PRW32554.1           -           1515 2395at3041           -            299   7.4e-07   27.9   0.2   1   1   4.3e-08   2.3e-06   26.3   0.2    10   225   909  1116   904  1125 0.68 -
PRW59623.1           -            724 2395at3041           -            299   8.3e-07   27.8   0.0   1   1   2.3e-08   1.2e-06   27.2   0.0     6   154    95   254    92   308 0.76 -
PRW57164.1           -            540 2395at3041           -            299   1.3e-06   27.1   0.0   1   1   3.8e-08     2e-06   26.5   0.0    10   213    98   295    91   304 0.71 -
PRW61001.1           -            317 2395at3041           -            299   1.9e-06   26.6   0.2   1   1   6.9e-08   3.6e-06   25.7   0.2    10   182     4   193     1   203 0.73 -
PRW57075.1           -           1169 2395at3041           -            299   2.1e-06   26.5   0.0   1   1   5.7e-08     3e-06   25.9   0.0    10   157    13   162     9   184 0.71 -
PRW21017.1           -           1299 2395at3041           -            299   2.3e-06   26.3   0.1   1   1   7.1e-08   3.7e-06   25.6   0.1     7   158   438   597   436   613 0.78 -
PRW61373.1           -            991 2395at3041           -            299   2.3e-06   26.3   0.0   1   1   8.1e-08   4.2e-06   25.4   0.0     8   161   420   584   416   591 0.76 -
PRW39080.1           -            594 2395at3041           -            299   2.4e-06   26.3   0.0   1   1   6.8e-08   3.6e-06   25.7   0.0     7   155    10   161     8   170 0.78 -
PRW59159.1           -            649 2395at3041           -            299   3.1e-06   25.9   0.0   1   1   2.1e-07   1.1e-05   24.1   0.0     7   206    26   219    22   229 0.71 -
PRW45730.1           -            940 2395at3041           -            299   3.4e-06   25.7   0.0   1   1   1.3e-07   7.1e-06   24.7   0.0     8   138    65   207    55   216 0.69 -
PRW20455.1           -           1021 2395at3041           -            299   4.2e-06   25.4   0.0   1   2      0.16       8.6    4.7   0.0     5    40    34    69    30   103 0.92 -
PRW20455.1           -           1021 2395at3041           -            299   4.2e-06   25.4   0.0   2   2   9.8e-06   0.00051   18.6   0.0    92   156   139   202   112   210 0.88 -
PRW60927.1           -            330 2395at3041           -            299   4.7e-06   25.3   0.0   1   1   1.2e-07   6.4e-06   24.9   0.0   110   156   107   150    83   188 0.89 -
PRW61083.1           -           1832 2395at3041           -            299   6.1e-06   24.9   0.0   1   1   2.4e-07   1.3e-05   23.9   0.0    11   216  1354  1555  1347  1562 0.69 -
PRW59170.1           -            776 2395at3041           -            299   6.6e-06   24.8   0.0   1   2    0.0022      0.12   10.9   0.0   104   158    86   139    49   192 0.79 -
PRW59170.1           -            776 2395at3041           -            299   6.6e-06   24.8   0.0   2   2    0.0013     0.067   11.6   0.0     9   157   421   569   415   585 0.80 -
PRW59171.1           -            779 2395at3041           -            299   6.6e-06   24.8   0.0   1   2    0.0022      0.12   10.9   0.0   104   158    86   139    49   192 0.79 -
PRW59171.1           -            779 2395at3041           -            299   6.6e-06   24.8   0.0   2   2    0.0013     0.067   11.6   0.0     9   157   424   572   418   588 0.80 -
PRW20253.1           -           1066 2395at3041           -            299   6.6e-06   24.8   0.0   1   1   1.9e-07   9.8e-06   24.2   0.0     7   160    32   186    30   246 0.74 -
PRW56680.1           -           1797 2395at3041           -            299   8.1e-06   24.5   0.0   1   1   2.6e-07   1.3e-05   23.8   0.0     6   215  1466  1667  1463  1683 0.75 -
PRW33775.1           -            593 2395at3041           -            299   8.7e-06   24.4   0.0   1   1   3.7e-07   1.9e-05   23.3   0.0     8   138   409   563   403   590 0.73 -
PRW20521.1           -            695 2395at3041           -            299     1e-05   24.1   0.0   1   2       1.2        61    1.9   0.0     8    26   144   162   138   172 0.86 -
PRW20521.1           -            695 2395at3041           -            299     1e-05   24.1   0.0   2   2   4.1e-06   0.00022   19.8   0.0   103   158   268   319   225   333 0.83 -
PRW59809.1           -            375 2395at3041           -            299   1.1e-05   24.0   0.0   1   1   4.3e-07   2.2e-05   23.1   0.0     9   156    33   186    27   196 0.76 -
PRW20925.1           -            577 2395at3041           -            299   1.2e-05   24.0   0.1   1   2    0.0044      0.23    9.9   0.0     7    39    58    90    54   106 0.93 -
PRW20925.1           -            577 2395at3041           -            299   1.2e-05   24.0   0.1   2   2    0.0018     0.092   11.2   0.0   101   217   175   282   145   301 0.73 -
PRW57695.1           -           1191 2395at3041           -            299   1.4e-05   23.7   0.0   1   2    0.0017     0.088   11.3   0.0   108   220   118   222     6   244 0.77 -
PRW57695.1           -           1191 2395at3041           -            299   1.4e-05   23.7   0.0   2   2    0.0069      0.36    9.2   0.0   109   156   978  1022   856  1075 0.70 -
PRW45012.1           -            574 2395at3041           -            299   1.5e-05   23.6   0.0   1   1     4e-07   2.1e-05   23.1   0.0    85   159    30   101     5   114 0.84 -
PRW55899.1           -            732 2395at3041           -            299   1.5e-05   23.6   0.0   1   1   9.1e-07   4.8e-05   22.0   0.0   105   210   534   635   528   651 0.77 -
PRW33292.1           -            552 2395at3041           -            299   1.6e-05   23.5   0.0   1   1   5.3e-07   2.8e-05   22.7   0.0     3   139    23   166    22   216 0.77 -
PRW60384.1           -           2136 2395at3041           -            299     2e-05   23.2   0.0   1   2    0.0035      0.19   10.2   0.0   114   158   782   823   773   829 0.79 -
PRW60384.1           -           2136 2395at3041           -            299     2e-05   23.2   0.0   2   2    0.0029      0.15   10.5   0.0   113   158  1551  1593  1502  1600 0.85 -
PRW58909.1           -            720 2395at3041           -            299   2.2e-05   23.1   0.1   1   1   9.9e-07   5.2e-05   21.9   0.1     9   230   386   602   381   611 0.69 -
PRW45719.1           -           1197 2395at3041           -            299   2.3e-05   23.0   0.0   1   1   7.1e-07   3.7e-05   22.3   0.0   109   217   817   926   810   938 0.72 -
PRW57390.1           -           1432 2395at3041           -            299   2.5e-05   22.9   0.1   1   1   1.1e-06   5.8e-05   21.7   0.1    12   154   757   900   751   905 0.65 -
PRW18292.1           -            782 2395at3041           -            299   2.8e-05   22.8   0.0   1   1   8.8e-07   4.6e-05   22.0   0.0     9   182   450   617   444   706 0.74 -
PRW44930.1           -           2158 2395at3041           -            299     3e-05   22.6   0.1   1   3    0.0078      0.41    9.1   0.0    11   167  1032  1206  1025  1251 0.64 -
PRW44930.1           -           2158 2395at3041           -            299     3e-05   22.6   0.1   2   3     0.029       1.5    7.2   0.0     9    41  1825  1857  1820  1870 0.83 -
PRW44930.1           -           2158 2395at3041           -            299     3e-05   22.6   0.1   3   3        10   5.2e+02   -1.1   0.0   118   153  1953  1987  1942  2031 0.80 -
PRW45387.1           -            350 2395at3041           -            299   3.7e-05   22.3   0.1   1   1   1.7e-06   8.9e-05   21.1   0.1    10   158    19   168    12   255 0.82 -
PRW61077.1           -           1367 2395at3041           -            299   4.3e-05   22.1   0.0   1   1   1.3e-06   6.8e-05   21.5   0.0    16   156   669   805   664   859 0.71 -
PRW59307.1           -           1126 2395at3041           -            299   4.4e-05   22.1   0.0   1   2       3.2   1.7e+02    0.5   0.0    11    38   326   351   319   377 0.79 -
PRW59307.1           -           1126 2395at3041           -            299   4.4e-05   22.1   0.0   2   2   7.3e-06   0.00038   19.0   0.0   103   162   492   554   479   601 0.82 -
PRW20833.1           -            425 2395at3041           -            299   4.5e-05   22.1   0.0   1   1   1.3e-06   6.7e-05   21.5   0.0   109   157   164   210    52   240 0.79 -
PRW61194.1           -           1555 2395at3041           -            299   4.5e-05   22.1   0.0   1   2    0.0011     0.055   11.9   0.0     7   157   852  1002   848  1068 0.84 -
PRW61194.1           -           1555 2395at3041           -            299   4.5e-05   22.1   0.0   2   2      0.02       1.1    7.7   0.0     8   157  1218  1368  1214  1381 0.70 -
PRW59823.1           -            345 2395at3041           -            299   5.2e-05   21.9   0.0   1   1   1.4e-06   7.5e-05   21.3   0.0     8   156    10   159     5   167 0.73 -
PRW51042.1           -            796 2395at3041           -            299   5.6e-05   21.8   0.0   1   2       0.2        10    4.5   0.0    11    40   465   492   459   523 0.71 -
PRW51042.1           -            796 2395at3041           -            299   5.6e-05   21.8   0.0   2   2   0.00016    0.0083   14.6   0.0   103   155   619   677   614   735 0.82 -
PRW60932.1           -           1442 2395at3041           -            299   6.3e-05   21.6   0.1   1   1   1.9e-06    0.0001   20.9   0.1     7   155   348   508   344   540 0.70 -
PRW58428.1           -            994 2395at3041           -            299   6.9e-05   21.5   0.0   1   1     2e-06    0.0001   20.9   0.0   109   160   701   750   668   808 0.83 -
PRW33325.1           -            672 2395at3041           -            299   7.3e-05   21.4   0.0   1   2    0.0062      0.32    9.4   0.0     3    42   269   308   267   356 0.79 -
PRW33325.1           -            672 2395at3041           -            299   7.3e-05   21.4   0.0   2   2    0.0045      0.23    9.9   0.0   103   218   495   609   491   669 0.77 -
PRW57783.1           -            759 2395at3041           -            299   7.6e-05   21.3   0.0   1   1   2.7e-06   0.00014   20.5   0.0    49   216   555   715   542   719 0.83 -
PRW57285.1           -            696 2395at3041           -            299   7.9e-05   21.3   0.0   1   1   2.5e-06   0.00013   20.6   0.0     6   215   366   579   363   599 0.77 -
PRW56338.1           -           1279 2395at3041           -            299   7.9e-05   21.3   0.0   1   1   2.8e-06   0.00014   20.4   0.0    90   168   275   355   258   374 0.82 -
PRW45498.1           -           1878 2395at3041           -            299   8.4e-05   21.2   0.0   1   1   3.7e-06   0.00019   20.0   0.0    10   160    49   205    43   211 0.59 -
PRW59591.1           -           3239 2395at3041           -            299    0.0001   20.9   0.0   1   1   3.2e-06   0.00017   20.2   0.0    15   214  1172  1369  1163  1375 0.71 -
PRW58940.1           -           2262 2395at3041           -            299   0.00013   20.6   0.0   1   1   4.1e-06   0.00021   19.8   0.0   107   165   663   718   616   762 0.87 -
PRW44254.1           -           1731 2395at3041           -            299   0.00013   20.5   0.0   1   1   4.8e-06   0.00025   19.6   0.0    13   159   595   735   584   755 0.75 -
PRW44255.1           -           1737 2395at3041           -            299   0.00013   20.5   0.0   1   1   4.8e-06   0.00025   19.6   0.0    13   159   595   735   584   755 0.75 -
PRW44253.1           -           1741 2395at3041           -            299   0.00013   20.5   0.0   1   1   4.8e-06   0.00025   19.6   0.0    13   159   595   735   584   755 0.75 -
PRW51177.1           -            826 2395at3041           -            299   0.00014   20.4   0.0   1   1   1.4e-05   0.00076   18.0   0.0    12   159   539   697   531   756 0.71 -
PRW58226.1           -           1038 2395at3041           -            299   0.00015   20.3   0.0   1   2     0.016      0.84    8.0   0.0    12    48    53    91    48   112 0.82 -
PRW58226.1           -           1038 2395at3041           -            299   0.00015   20.3   0.0   2   2     0.004      0.21   10.0   0.0   111   158   177   222   168   230 0.80 -
PRW50833.1           -            444 2395at3041           -            299   0.00016   20.3   0.0   1   1   6.7e-06   0.00035   19.1   0.0    10   166   142   312   134   388 0.69 -
PRW59606.1           -           1213 2395at3041           -            299   0.00018   20.1   0.0   1   1   4.8e-06   0.00025   19.6   0.0     8   138     2   130     1   142 0.89 -
PRW51168.1           -            920 2395at3041           -            299   0.00021   19.9   0.0   1   1   7.5e-06   0.00039   19.0   0.0   106   154   195   245   143   265 0.87 -
PRW58969.1           -           1782 2395at3041           -            299   0.00021   19.9   0.0   1   1   6.9e-06   0.00036   19.1   0.0   105   158   147   198   143   263 0.68 -
PRW33642.1           -           1053 2395at3041           -            299   0.00027   19.5   0.1   1   1   2.5e-05    0.0013   17.2   0.0   103   218   758   870   756   891 0.80 -
PRW56562.1           -            553 2395at3041           -            299    0.0003   19.4   0.0   1   1   1.2e-05   0.00063   18.3   0.0     7   218   286   495   282   502 0.69 -
PRW59911.1           -            977 2395at3041           -            299   0.00031   19.3   0.0   1   1     9e-06   0.00047   18.7   0.0    11   159   654   805   648   851 0.62 -
PRW57881.1           -           1117 2395at3041           -            299   0.00034   19.2   0.0   1   1   1.4e-05   0.00072   18.1   0.0     8   137   244   389   237   399 0.71 -
PRW33641.1           -           1449 2395at3041           -            299   0.00044   18.8   0.0   1   2    0.0063      0.33    9.4   0.0   115   216   619   711   597   718 0.76 -
PRW33641.1           -           1449 2395at3041           -            299   0.00044   18.8   0.0   2   2     0.034       1.8    7.0   0.0   116   155  1286  1322  1277  1380 0.69 -
PRW57191.1           -            858 2395at3041           -            299   0.00055   18.5   0.1   1   1   1.7e-05   0.00087   17.8   0.1   100   155   631   684   596   701 0.81 -
PRW05929.1           -            507 2395at3041           -            299   0.00057   18.4   0.0   1   1   1.8e-05   0.00095   17.7   0.0    98   154   300   353   294   359 0.89 -
PRW39272.1           -            777 2395at3041           -            299    0.0006   18.4   0.0   1   2      0.69        36    2.7   0.0    12    37   488   513   484   560 0.73 -
PRW39272.1           -            777 2395at3041           -            299    0.0006   18.4   0.0   2   2   0.00038      0.02   13.4   0.0   109   214   599   698   576   707 0.71 -
PRW57441.1           -           1958 2395at3041           -            299   0.00061   18.3   0.0   1   1   1.9e-05     0.001   17.6   0.0    60   140   567   655   551   680 0.72 -
PRW57831.1           -            966 2395at3041           -            299   0.00064   18.3   0.0   1   1     2e-05    0.0011   17.6   0.0    12   215   666   877   657   885 0.68 -
PRW33827.1           -           1174 2395at3041           -            299   0.00067   18.2   0.0   1   4       6.2   3.3e+02   -0.5   0.0    12    39   308   333   304   339 0.79 -
PRW33827.1           -           1174 2395at3041           -            299   0.00067   18.2   0.0   2   4      0.32        17    3.8   0.0   121   160   434   470   412   478 0.82 -
PRW33827.1           -           1174 2395at3041           -            299   0.00067   18.2   0.0   3   4      0.58        30    2.9   0.0    12    37   894   919   889   929 0.81 -
PRW33827.1           -           1174 2395at3041           -            299   0.00067   18.2   0.0   4   4      0.11       5.7    5.3   0.0   121   161  1019  1056  1002  1169 0.78 -
PRW33097.1           -           1526 2395at3041           -            299   0.00068   18.2   0.0   1   2      0.31        16    3.8   0.0     6    72  1136  1206  1132  1224 0.72 -
PRW33097.1           -           1526 2395at3041           -            299   0.00068   18.2   0.0   2   2   0.00097     0.051   12.0   0.0   102   220  1348  1465  1338  1504 0.86 -
PRW60501.1           -           1553 2395at3041           -            299   0.00073   18.1   0.0   1   1   2.3e-05    0.0012   17.4   0.0   110   216   253   349   250   357 0.85 -
PRW57442.1           -           1954 2395at3041           -            299   0.00077   18.0   0.0   1   1   2.4e-05    0.0013   17.3   0.0    60   139   567   654   551   671 0.72 -
PRW60375.1           -           2342 2395at3041           -            299   0.00079   18.0   0.0   1   2       4.9   2.5e+02   -0.1   0.0    11    44  1996  2029  1990  2045 0.84 -
PRW60375.1           -           2342 2395at3041           -            299   0.00079   18.0   0.0   2   2   0.00011    0.0056   15.2   0.0   107   216  2167  2271  2158  2284 0.78 -
PRW20807.1           -            337 2395at3041           -            299   0.00079   18.0   0.1   1   1   0.00011    0.0055   15.2   0.1     8   180    12   185     8   227 0.67 -
PRW56437.1           -            884 2395at3041           -            299     0.001   17.6   0.0   1   1   3.5e-05    0.0018   16.8   0.0   113   165   711   766   700   799 0.84 -
PRW60541.1           -            417 2395at3041           -            299    0.0014   17.1   0.0   1   1    0.0001    0.0052   15.3   0.0    16   159   134   288   127   344 0.71 -
PRW20741.1           -            631 2395at3041           -            299    0.0015   17.1   0.0   1   1   3.9e-05    0.0021   16.6   0.0   109   161   220   271   112   343 0.85 -
PRW05791.1           -           1471 2395at3041           -            299    0.0018   16.8   0.0   1   1   5.6e-05    0.0029   16.1   0.0    84   143  1246  1311  1223  1330 0.78 -
PRW56578.1           -           1165 2395at3041           -            299    0.0019   16.7   0.0   1   1   7.8e-05    0.0041   15.6   0.0   111   158   218   262   212   332 0.71 -
PRW59831.1           -           1255 2395at3041           -            299    0.0019   16.7   0.0   1   1   5.8e-05     0.003   16.1   0.0    78   156   747   828   711   838 0.67 -
PRW60419.1           -            383 2395at3041           -            299    0.0019   16.7   0.0   1   1   5.4e-05    0.0028   16.2   0.0    93   156    66   132    53   154 0.78 -
PRW20996.1           -           1770 2395at3041           -            299    0.0022   16.5   0.1   1   1   9.9e-05    0.0052   15.3   0.0   110   165  1594  1652  1585  1660 0.79 -
PRW58787.1           -            777 2395at3041           -            299    0.0026   16.3   0.0   1   1   8.5e-05    0.0044   15.5   0.0    89   158   634   702   617   711 0.70 -
PRW60891.1           -            508 2395at3041           -            299    0.0027   16.2   0.0   1   1   7.9e-05    0.0041   15.6   0.0    80   216   274   425   251   447 0.64 -
PRW60892.1           -            508 2395at3041           -            299    0.0027   16.2   0.0   1   1   7.9e-05    0.0041   15.6   0.0    80   216   274   425   251   447 0.64 -
PRW20989.1           -           2957 2395at3041           -            299    0.0034   15.9   0.1   1   1   0.00014    0.0072   14.8   0.0   106   165  2560  2622  2551  2630 0.79 -
PRW60302.1           -            593 2395at3041           -            299    0.0035   15.8   0.0   1   1   0.00011    0.0059   15.1   0.0    69   160   190   282   124   357 0.72 -
PRW20851.1           -            635 2395at3041           -            299    0.0036   15.8   0.0   1   1   0.00011    0.0059   15.1   0.0   107   150   219   259   209   269 0.80 -
PRW58786.1           -            786 2395at3041           -            299    0.0037   15.8   0.0   1   1   0.00012    0.0064   15.0   0.0   102   158   652   711   619   720 0.73 -
PRW50860.1           -            221 2395at3041           -            299    0.0048   15.4   0.0   1   1   0.00022     0.012   14.1   0.0   115   214    51   143    35   153 0.66 -
PRW56224.1           -            521 2395at3041           -            299    0.0061   15.1   0.0   1   1   0.00018    0.0097   14.4   0.0    98   155   258   318   240   330 0.78 -
PRW57416.1           -           1305 2395at3041           -            299    0.0061   15.1   0.0   1   1   0.00037     0.019   13.4   0.0     8   154   881  1042   876  1052 0.68 -
PRW33030.1           -           1197 2395at3041           -            299    0.0061   15.1   0.0   1   1   0.00025     0.013   14.0   0.0    90   153   868   929   781   940 0.81 -
PRW45638.1           -            882 2395at3041           -            299    0.0071   14.8   0.0   1   1   0.00025     0.013   14.0   0.0   112   216   699   794   693   813 0.82 -
PRW56882.1           -            409 2395at3041           -            299    0.0079   14.7   0.0   1   1   0.00019    0.0098   14.4   0.0   107   205   299   390   208   408 0.74 -
PRW20228.1           -            917 2395at3041           -            299     0.008   14.7   0.0   1   1   0.00031     0.016   13.7   0.0   110   157   710   754   678   768 0.84 -
PRW20229.1           -            917 2395at3041           -            299     0.008   14.7   0.0   1   1   0.00031     0.016   13.7   0.0   110   157   710   754   678   768 0.84 -
PRW05806.1           -            177 2395at3041           -            299     0.012   14.2   0.0   1   2   0.00072     0.038   12.5   0.0   118   157    10    46     3    62 0.86 -
PRW05806.1           -            177 2395at3041           -            299     0.012   14.2   0.0   2   2         9   4.7e+02   -1.0   0.0   195   215    80   100    70   105 0.89 -
PRW60009.1           -           1336 2395at3041           -            299     0.012   14.1   0.0   1   2      0.23        12    4.3   0.0    12    42  1022  1052  1014  1071 0.86 -
PRW60009.1           -           1336 2395at3041           -            299     0.012   14.1   0.0   2   2     0.023       1.2    7.5   0.0   117   216  1147  1238  1113  1246 0.79 -
PRW32659.1           -           2459 2395at3041           -            299     0.013   14.0   0.0   1   1    0.0004     0.021   13.3   0.0    11   140    57   190    51   211 0.78 -
PRW57005.1           -           1113 2395at3041           -            299     0.013   13.9   0.0   1   1   0.00039     0.021   13.3   0.0   113   216   728   821   627   830 0.84 -
PRW58809.1           -           1416 2395at3041           -            299     0.014   13.8   0.0   1   1   0.00052     0.027   12.9   0.0   105   158  1191  1247  1173  1256 0.78 -
PRW58414.1           -            505 2395at3041           -            299     0.019   13.5   0.0   1   1   0.00072     0.038   12.5   0.0   109   210   365   454   266   462 0.67 -
PRW32999.1           -           2930 2395at3041           -            299      0.02   13.4   0.0   1   1   0.00082     0.043   12.3   0.0    11   159  1065  1215  1059  1227 0.70 -
PRW60788.1           -           1324 2395at3041           -            299      0.02   13.4   0.0   1   1   0.00065     0.034   12.6   0.0   114   208  1084  1175  1073  1190 0.78 -
PRW60079.1           -           1593 2395at3041           -            299     0.021   13.3   0.0   1   1   0.00062     0.033   12.7   0.0   111   156   831   873   824   881 0.85 -
PRW33969.1           -            760 2395at3041           -            299     0.022   13.2   0.0   1   2       5.1   2.7e+02   -0.2   0.0     7    40   162   195   158   205 0.84 -
PRW33969.1           -            760 2395at3041           -            299     0.022   13.2   0.0   2   2    0.0027      0.14   10.6   0.0   113   156   291   332   281   411 0.79 -
PRW60617.1           -            888 2395at3041           -            299     0.023   13.2   0.0   1   1   0.00069     0.036   12.5   0.0   113   155   215   254   208   266 0.83 -
PRW56520.1           -            787 2395at3041           -            299     0.025   13.1   0.0   1   1     0.001     0.055   11.9   0.0   109   137   495   523   486   538 0.83 -
PRW33138.1           -            819 2395at3041           -            299     0.026   13.0   0.0   1   2     0.063       3.3    6.1   0.0    11    38   578   605   571   618 0.81 -
PRW33138.1           -            819 2395at3041           -            299     0.026   13.0   0.0   2   2       0.2        11    4.4   0.0   113   161   646   695   629   710 0.80 -
PRW56621.1           -           1255 2395at3041           -            299     0.026   13.0   0.0   1   1    0.0011     0.058   11.9   0.0   117   162  1090  1132  1072  1177 0.87 -
PRW33012.1           -            961 2395at3041           -            299     0.027   12.9   0.0   1   1    0.0019     0.098   11.1   0.0   108   220   443   546   344   551 0.72 -
PRW44563.1           -            448 2395at3041           -            299     0.028   12.9   0.0   1   1    0.0018     0.095   11.1   0.0   118   156    10    45     3    61 0.87 -
PRW61097.1           -           1218 2395at3041           -            299     0.028   12.9   0.0   1   1    0.0011     0.057   11.9   0.0   113   157   522   563   515   618 0.87 -
PRW57603.1           -           1132 2395at3041           -            299     0.029   12.8   0.0   1   1    0.0009     0.047   12.1   0.0   104   216   905  1015   895  1019 0.74 -
PRW33200.1           -            944 2395at3041           -            299      0.03   12.8   0.0   1   2      0.38        20    3.5   0.0    12    36   637   661   633   673 0.78 -
PRW33200.1           -            944 2395at3041           -            299      0.03   12.8   0.0   2   2     0.038         2    6.8   0.0   119   161   783   822   763   931 0.79 -
PRW57171.1           -            728 2395at3041           -            299     0.034   12.6   0.0   1   1    0.0013     0.067   11.6   0.0   112   140   653   681   639   698 0.80 -
PRW57172.1           -            733 2395at3041           -            299     0.035   12.6   0.0   1   1    0.0013     0.068   11.6   0.0   112   140   658   686   644   703 0.80 -
PRW58265.1           -            684 2395at3041           -            299     0.037   12.5   0.0   1   2      0.46        24    3.2   0.0    12    33   366   387   360   400 0.81 -
PRW58265.1           -            684 2395at3041           -            299     0.037   12.5   0.0   2   2     0.035       1.8    6.9   0.0   119   163   492   533   478   537 0.83 -
PRW44350.1           -           1332 2395at3041           -            299     0.038   12.4   0.0   1   1    0.0012     0.061   11.8   0.0    31   159    67   196    33   208 0.70 -
PRW39194.1           -            808 2395at3041           -            299     0.045   12.2   0.0   1   1    0.0013     0.071   11.6   0.0   110   155   652   694   640   751 0.77 -
PRW50978.1           -           3021 2395at3041           -            299     0.053   12.0   0.0   1   1    0.0064      0.34    9.3   0.0   115   156   454   492   332   549 0.57 -
PRW55922.1           -            430 2395at3041           -            299     0.053   12.0   0.0   1   1    0.0015     0.078   11.4   0.0   113   154   266   304   257   315 0.82 -
PRW56565.1           -           1177 2395at3041           -            299     0.054   12.0   0.0   1   2    0.0082      0.43    9.0   0.0    10    40   907   937   901   973 0.75 -
PRW56565.1           -           1177 2395at3041           -            299     0.054   12.0   0.0   2   2       3.9   2.1e+02    0.2   0.0   185   215  1102  1132  1021  1141 0.63 -
PRW33966.1           -            510 2395at3041           -            299     0.061   11.8   0.0   1   1    0.0017     0.091   11.2   0.0   116   155   355   391   336   399 0.79 -
PRW50898.1           -            679 2395at3041           -            299     0.061   11.8   0.0   1   1    0.0018     0.097   11.1   0.0   104   160   440   493   395   515 0.84 -
PRW50803.1           -            434 2395at3041           -            299     0.063   11.7   0.0   1   1    0.0023      0.12   10.8   0.0   107   159   250   299   130   358 0.69 -
PRW44271.1           -           1197 2395at3041           -            299      0.08   11.4   0.0   1   1    0.0058       0.3    9.5   0.0    12   160   789   951   784   965 0.67 -
PRW33856.1           -            839 2395at3041           -            299     0.085   11.3   0.0   1   1    0.0037      0.19   10.1   0.0   114   216   658   748   642   754 0.83 -
PRW32904.1           -           1313 2395at3041           -            299     0.087   11.3   0.0   1   1     0.011      0.59    8.5   0.0   120   220   535   626   511   662 0.73 -
PRW32905.1           -           1305 2395at3041           -            299     0.091   11.2   0.0   1   1     0.011      0.58    8.6   0.0   120   220   535   626   511   662 0.73 -
PRW45342.1           -           1320 2395at3041           -            299     0.095   11.1   0.0   1   1     0.003      0.16   10.4   0.0   108   153  1146  1187  1032  1203 0.69 -
PRW44866.1           -           2753 2395at3041           -            299      0.11   11.0   0.0   1   1    0.0078      0.41    9.1   0.0   111   216   821   916   808   929 0.77 -
PRW57781.1           -            352 2395at3041           -            299      0.11   11.0   0.0   1   1    0.0031      0.16   10.4   0.0   111   159   211   256   197   266 0.77 -
PRW58034.1           -            793 2395at3041           -            299      0.13   10.7   0.0   1   1      0.02         1    7.8   0.0    12   156   474   642   467   649 0.57 -
PRW39248.1           -           1976 2395at3041           -            299      0.14   10.6   0.0   1   1    0.0046      0.24    9.8   0.0   109   216   939  1038   902  1043 0.78 -
PRW20319.1           -           1467 2395at3041           -            299      0.14   10.5   0.0   1   1    0.0047      0.25    9.8   0.0   114   155  1181  1222  1157  1231 0.88 -
PRW45340.1           -           1084 2395at3041           -            299      0.15   10.5   0.0   1   1     0.013      0.68    8.3   0.0   101   155   860   911   750   920 0.66 -
PRW20320.1           -           1482 2395at3041           -            299      0.15   10.5   0.0   1   1     0.005      0.26    9.7   0.0   114   155  1196  1237  1181  1246 0.87 -
PRW60735.1           -           2102 2395at3041           -            299      0.16   10.4   0.0   1   1    0.0048      0.25    9.8   0.0    16   156   722   862   709   882 0.77 -
PRW58712.1           -            831 2395at3041           -            299      0.17   10.3   0.0   1   1    0.0068      0.36    9.3   0.0   109   210   691   780   592   788 0.68 -
PRW58005.1           -           1363 2395at3041           -            299      0.18   10.2   0.0   1   2       2.3   1.2e+02    1.0   0.0    10    40   468   496   463   503 0.80 -
PRW58005.1           -           1363 2395at3041           -            299      0.18   10.2   0.0   2   2     0.042       2.2    6.7   0.0   106   160   597   653   592   660 0.82 -
#
# Program:         hmmsearch
# Version:         3.1b2 (February 2015)
# Pipeline mode:   SEARCH
# Query file:      /Users/catrionaharrison/Documents/Bioinformatics/rp2/Data/genomes/busco/busco_downloads/lineages/chlorophyta_odb10/hmms/2395at3041.hmm
# Target file:     /Users/catrionaharrison/Documents/Bioinformatics/rp2/Data/genomes/busco/data/chlorella_sorokiniana.prot.fasta
# Option settings: hmmsearch --domtblout /Users/catrionaharrison/Documents/Bioinformatics/rp2/Data/genomes/busco/Busco_sorokiniana/run_chlorophyta_odb10/hmmer_output/initial_run_results/2395at3041.out --cpu 1 /Users/catrionaharrison/Documents/Bioinformatics/rp2/Data/genomes/busco/busco_downloads/lineages/chlorophyta_odb10/hmms/2395at3041.hmm /Users/catrionaharrison/Documents/Bioinformatics/rp2/Data/genomes/busco/data/chlorella_sorokiniana.prot.fasta 
# Current dir:     /Users/catrionaharrison/Documents/Bioinformatics/rp2/Data/genomes/busco
# Date:            Fri Jul 22 14:31:14 2022
# [ok]
