#                                                                            --- full sequence --- -------------- this domain -------------   hmm coord   ali coord   env coord
# target name        accession   tlen query name           accession   qlen   E-value  score  bias   #  of  c-Evalue  i-Evalue  score  bias  from    to  from    to  from    to  acc description of target
#------------------- ---------- ----- -------------------- ---------- ----- --------- ------ ----- --- --- --------- --------- ------ ----- ----- ----- ----- ----- ----- ----- ---- ---------------------
PRW20907.1           -           1615 2467at3041           -            598  2.3e-215  715.8  20.8   1   6   1.1e-23     4e-20   71.0   0.2     1    55    44   101    44   116 0.89 -
PRW20907.1           -           1615 2467at3041           -            598  2.3e-215  715.8  20.8   2   6   1.9e-07   0.00067   17.4   0.0    57    82   133   158   118   172 0.85 -
PRW20907.1           -           1615 2467at3041           -            598  2.3e-215  715.8  20.8   3   6     7e-34   2.4e-30  104.8   1.1    77   148   187   258   161   264 0.93 -
PRW20907.1           -           1615 2467at3041           -            598  2.3e-215  715.8  20.8   4   6   5.2e-83   1.8e-79  267.0   1.4   218   375   350   517   336   535 0.91 -
PRW20907.1           -           1615 2467at3041           -            598  2.3e-215  715.8  20.8   5   6   4.4e-73   1.5e-69  234.2   0.1   378   525   620   771   589   776 0.89 -
PRW20907.1           -           1615 2467at3041           -            598  2.3e-215  715.8  20.8   6   6   1.9e-11   6.7e-08   30.6   0.0   524   592   808   885   787   890 0.84 -
PRW51154.1           -            443 2467at3041           -            598     4e-20   71.0   0.0   1   1   1.8e-23   6.2e-20   70.4   0.0   384   588   217   420   209   430 0.84 -
PRW32534.1           -            475 2467at3041           -            598   2.1e-15   55.4   0.0   1   2   2.8e-07   0.00097   16.9   0.0   283   331   122   166    76   176 0.89 -
PRW32534.1           -            475 2467at3041           -            598   2.1e-15   55.4   0.0   2   2   3.2e-13   1.1e-09   36.5   0.0   391   555   240   405   229   426 0.80 -
#
# Program:         hmmsearch
# Version:         3.1b2 (February 2015)
# Pipeline mode:   SEARCH
# Query file:      /Users/catrionaharrison/Documents/Bioinformatics/rp2/Data/genomes/busco/busco_downloads/lineages/chlorophyta_odb10/hmms/2467at3041.hmm
# Target file:     /Users/catrionaharrison/Documents/Bioinformatics/rp2/Data/genomes/busco/data/chlorella_sorokiniana.prot.fasta
# Option settings: hmmsearch --domtblout /Users/catrionaharrison/Documents/Bioinformatics/rp2/Data/genomes/busco/Busco_sorokiniana/run_chlorophyta_odb10/hmmer_output/initial_run_results/2467at3041.out --cpu 1 /Users/catrionaharrison/Documents/Bioinformatics/rp2/Data/genomes/busco/busco_downloads/lineages/chlorophyta_odb10/hmms/2467at3041.hmm /Users/catrionaharrison/Documents/Bioinformatics/rp2/Data/genomes/busco/data/chlorella_sorokiniana.prot.fasta 
# Current dir:     /Users/catrionaharrison/Documents/Bioinformatics/rp2/Data/genomes/busco
# Date:            Fri Jul 22 14:31:37 2022
# [ok]
