#                                                                            --- full sequence --- -------------- this domain -------------   hmm coord   ali coord   env coord
# target name        accession   tlen query name           accession   qlen   E-value  score  bias   #  of  c-Evalue  i-Evalue  score  bias  from    to  from    to  from    to  acc description of target
#------------------- ---------- ----- -------------------- ---------- ----- --------- ------ ----- --- --- --------- --------- ------ ----- ----- ----- ----- ----- ----- ----- ---- ---------------------
PRW60362.1           -           1067 2576at3041           -            416  1.5e-170  566.5  13.9   1   3   5.3e-87   7.8e-85  284.2   0.3     7   200   464   678   455   685 0.85 -
PRW60362.1           -           1067 2576at3041           -            416  1.5e-170  566.5  13.9   2   3   3.1e-57   4.6e-55  186.1   0.7   197   338   732   898   708   907 0.86 -
PRW60362.1           -           1067 2576at3041           -            416  1.5e-170  566.5  13.9   3   3   1.1e-31   1.6e-29  101.9   1.4   338   415   935  1016   917  1017 0.87 -
PRW59153.1           -            499 2576at3041           -            416  2.5e-105  351.7   1.9   1   1  4.9e-106  7.3e-104  346.9   1.9     8   413    15   460     5   463 0.81 -
PRW33079.1           -            934 2576at3041           -            416   2.7e-85  285.7   0.9   1   1   3.9e-86   5.7e-84  281.3   0.9    10   399   107   536   102   549 0.83 -
PRW56671.1           -            463 2576at3041           -            416   9.8e-71  237.7   0.9   1   1     8e-73   1.2e-70  237.5   0.9     5   328    27   364    20   395 0.86 -
PRW58168.1           -           2579 2576at3041           -            416   1.1e-70  237.5   0.0   1   1   1.1e-72   1.7e-70  237.0   0.0     2   343   431   797   430   813 0.84 -
PRW45450.1           -            904 2576at3041           -            416   1.1e-67  227.7   6.4   1   1   1.2e-69   1.7e-67  227.0   6.4     2   343   274   640   273   657 0.82 -
PRW56606.1           -           1298 2576at3041           -            416   1.9e-67  226.9   0.0   1   1   2.3e-69   3.5e-67  226.0   0.0    10   343   141   494   135   510 0.84 -
PRW33126.1           -            982 2576at3041           -            416   7.8e-67  224.9   0.7   1   1     7e-69     1e-66  224.5   0.7     9   330    64   403    53   460 0.85 -
PRW33124.1           -            995 2576at3041           -            416   7.9e-67  224.9   0.7   1   1   7.2e-69   1.1e-66  224.4   0.7     9   330    64   403    53   460 0.85 -
PRW33125.1           -            991 2576at3041           -            416   2.3e-66  223.3   1.1   1   1   2.2e-68   3.2e-66  222.9   1.1     9   328    64   401    53   410 0.89 -
PRW60953.1           -            590 2576at3041           -            416     2e-65  220.2   1.4   1   1   1.7e-67   2.6e-65  219.9   1.4     2   327   175   525   174   573 0.80 -
PRW59097.1           -           1042 2576at3041           -            416   1.9e-64  217.0   1.2   1   1   1.9e-66   2.8e-64  216.5   1.2     8   342   308   663   298   678 0.84 -
PRW21065.1           -           1348 2576at3041           -            416   2.1e-63  213.6   0.1   1   2   8.2e-28   1.2e-25   89.2   0.0     9   156   145   291   135   292 0.89 -
PRW21065.1           -           1348 2576at3041           -            416   2.1e-63  213.6   0.1   2   2   5.1e-38   7.6e-36  122.8   0.0   142   332   292   500   290   531 0.83 -
PRW39067.1           -            652 2576at3041           -            416   2.3e-63  213.4   0.0   1   1     2e-65     3e-63  213.1   0.0     8   337   169   524   159   545 0.79 -
PRW39068.1           -            685 2576at3041           -            416   3.4e-63  212.9   0.0   1   2   6.5e-05    0.0096   13.8   0.0     8    41   169   202   159   205 0.88 -
PRW39068.1           -            685 2576at3041           -            416   3.4e-63  212.9   0.0   2   2   1.4e-60   2.1e-58  197.1   0.0    22   337   216   557   207   578 0.79 -
PRW21064.1           -           1333 2576at3041           -            416   1.9e-62  210.4   0.1   1   1     2e-64   2.9e-62  209.8   0.1     9   333   145   486   135   518 0.85 -
PRW56144.1           -           1255 2576at3041           -            416   3.5e-62  209.5   0.1   1   1   3.7e-64   5.5e-62  208.9   0.1    11   334   220   570   215   592 0.84 -
PRW56033.1           -           1168 2576at3041           -            416   9.2e-62  208.2   3.2   1   1   9.2e-64   1.4e-61  207.6   3.2    10   337   754  1100   742  1133 0.84 -
PRW59081.1           -            869 2576at3041           -            416   7.7e-60  201.8   1.2   1   1   2.1e-60   3.1e-58  196.6   1.2     7   361   168   566   163   574 0.80 -
PRW56143.1           -           1266 2576at3041           -            416   8.8e-60  201.6   0.0   1   1   1.4e-61   2.1e-59  200.4   0.0    11   333   220   580   215   596 0.80 -
PRW60344.1           -            817 2576at3041           -            416   1.6e-56  190.9   0.1   1   1   5.2e-58   7.7e-56  188.7   0.1     9   333   407   772   397   798 0.80 -
PRW59356.1           -           1859 2576at3041           -            416   5.6e-54  182.5   0.3   1   1   6.9e-56     1e-53  181.7   0.3    50   337     2   315     1   321 0.86 -
PRW60850.1           -           1012 2576at3041           -            416   6.8e-53  179.0   0.2   1   1   6.4e-55   9.5e-53  178.5   0.2    10   339    41   384    29   396 0.84 -
PRW59107.1           -            701 2576at3041           -            416   1.1e-52  178.3   0.0   1   1   1.3e-54   1.9e-52  177.5   0.0    16   335   109   458    96   480 0.80 -
PRW59446.1           -            994 2576at3041           -            416   8.3e-52  175.4   2.8   1   3   5.9e-13   8.8e-11   40.2   0.0     9    63   223   278   212   289 0.81 -
PRW59446.1           -            994 2576at3041           -            416   8.3e-52  175.4   2.8   2   3   6.9e-18     1e-15   56.5   0.0    71   165   319   419   314   429 0.85 -
PRW59446.1           -            994 2576at3041           -            416   8.3e-52  175.4   2.8   3   3   4.2e-24   6.3e-22   77.0   0.4   198   343   580   731   561   752 0.88 -
PRW59355.1           -           1891 2576at3041           -            416   5.9e-51  172.6   0.1   1   2   2.7e-07     4e-05   21.6   0.0    50   114     2    69     1    75 0.86 -
PRW59355.1           -           1891 2576at3041           -            416   5.9e-51  172.6   0.1   2   2     9e-46   1.3e-43  148.3   0.2   100   337    87   347    73   350 0.86 -
PRW58819.1           -            711 2576at3041           -            416   1.3e-50  171.5   4.4   1   2   4.6e-14   6.8e-12   43.9   0.0     8    61   214   267   210   278 0.90 -
PRW58819.1           -            711 2576at3041           -            416   1.3e-50  171.5   4.4   2   2   2.6e-39   3.8e-37  127.1   2.6    67   341   294   584   287   590 0.83 -
PRW05784.1           -            563 2576at3041           -            416   3.1e-50  170.2   0.4   1   1   2.9e-52   4.3e-50  169.7   0.4     8   344    83   454    73   466 0.76 -
PRW59022.1           -            411 2576at3041           -            416   7.1e-50  169.0   0.0   1   1   6.1e-52     9e-50  168.7   0.0    12   327    51   378    41   396 0.85 -
PRW45619.1           -            411 2576at3041           -            416   1.1e-49  168.4   0.0   1   1   9.1e-52   1.3e-49  168.1   0.0    10   337    50   391    38   403 0.84 -
PRW59445.1           -           1024 2576at3041           -            416   6.9e-49  165.8   7.6   1   4   6.1e-13   9.1e-11   40.2   0.0     9    63   223   278   212   289 0.81 -
PRW59445.1           -           1024 2576at3041           -            416   6.9e-49  165.8   7.6   2   4   7.9e-08   1.2e-05   23.4   0.1    71   129   319   381   314   396 0.83 -
PRW59445.1           -           1024 2576at3041           -            416   6.9e-49  165.8   7.6   3   4   7.2e-09   1.1e-06   26.8   0.0   115   165   397   449   388   458 0.85 -
PRW59445.1           -           1024 2576at3041           -            416   6.9e-49  165.8   7.6   4   4   4.4e-24   6.6e-22   76.9   0.4   198   343   610   761   591   782 0.88 -
PRW20487.1           -            652 2576at3041           -            416   9.9e-48  162.0   6.7   1   2   6.9e-25     1e-22   79.5   0.1    33   159   171   298   150   307 0.81 -
PRW20487.1           -            652 2576at3041           -            416   9.9e-48  162.0   6.7   2   2   5.2e-26   7.7e-24   83.3   3.5   191   363   398   580   354   590 0.82 -
PRW45618.1           -            417 2576at3041           -            416   1.4e-47  161.4   0.1   1   1   1.2e-49   1.8e-47  161.1   0.1    10   337    50   397    38   409 0.82 -
PRW57918.1           -            942 2576at3041           -            416   8.9e-45  152.2   3.4   1   2   8.1e-32   1.2e-29  102.4   0.3     8   189    12   197     3   209 0.81 -
PRW57918.1           -            942 2576at3041           -            416   8.9e-45  152.2   3.4   2   2   6.1e-16     9e-14   50.1   0.2   283   365   372   450   370   458 0.79 -
PRW51077.1           -            607 2576at3041           -            416   1.3e-44  151.6   4.9   1   2   3.5e-27   5.3e-25   87.1   0.1     8   188    81   280    71   287 0.76 -
PRW51077.1           -            607 2576at3041           -            416   1.3e-44  151.6   4.9   2   2   8.1e-21   1.2e-18   66.1   1.0   197   341   377   528   371   555 0.86 -
PRW60184.1           -           1230 2576at3041           -            416     6e-39  133.0   2.5   1   2   5.4e-25     8e-23   79.9   0.1     9   184    24   200    20   212 0.86 -
PRW60184.1           -           1230 2576at3041           -            416     6e-39  133.0   2.5   2   2   9.6e-17   1.4e-14   52.7   0.3   215   337   270   400   265   415 0.81 -
PRW60433.1           -            948 2576at3041           -            416   6.9e-39  132.8   0.0   1   3   1.6e-12   2.4e-10   38.8   0.0     8    62   203   257   193   268 0.84 -
PRW60433.1           -            948 2576at3041           -            416   6.9e-39  132.8   0.0   2   3     7e-15     1e-12   46.6   0.0    72   184   475   599   459   640 0.76 -
PRW60433.1           -            948 2576at3041           -            416   6.9e-39  132.8   0.0   3   3   5.5e-14   8.2e-12   43.6   0.0   259   327   747   815   736   844 0.88 -
PRW61181.1           -            438 2576at3041           -            416   4.8e-38  130.0   0.1   1   1   4.5e-40   6.6e-38  129.6   0.1     9   340    58   416    51   422 0.80 -
PRW60784.1           -            795 2576at3041           -            416   9.3e-37  125.8   0.0   1   3     1e-20   1.5e-18   65.8   0.0     2    87   147   237   146   252 0.86 -
PRW60784.1           -            795 2576at3041           -            416   9.3e-37  125.8   0.0   2   3       7.1     1e+03   -2.8   0.0   114   151   288   326   281   331 0.80 -
PRW60784.1           -            795 2576at3041           -            416   9.3e-37  125.8   0.0   3   3   5.7e-18   8.5e-16   56.8   0.0   190   341   404   575   374   581 0.68 -
PRW58810.1           -           1679 2576at3041           -            416   1.7e-35  121.6   0.9   1   1   1.8e-37   2.6e-35  121.0   0.9     7   330   114   464   104   483 0.76 -
PRW20256.1           -            609 2576at3041           -            416   4.1e-32  110.5   4.2   1   3   1.7e-12   2.5e-10   38.7   0.0     9    58    67   116    56   132 0.84 -
PRW20256.1           -            609 2576at3041           -            416   4.1e-32  110.5   4.2   2   3     0.019       2.9    5.6   0.1    63    94   152   183   146   271 0.82 -
PRW20256.1           -            609 2576at3041           -            416   4.1e-32  110.5   4.2   3   3   1.2e-20   1.8e-18   65.6   0.3   249   342   454   548   411   575 0.83 -
PRW18294.1           -            615 2576at3041           -            416   6.6e-31  106.5   5.6   1   2   1.7e-21   2.5e-19   68.4   0.8     7   185   127   319   119   433 0.86 -
PRW18294.1           -            615 2576at3041           -            416   6.6e-31  106.5   5.6   2   2   9.2e-13   1.4e-10   39.6   0.3   270   324   456   509   441   531 0.82 -
PRW20643.1           -            102 2576at3041           -            416   1.1e-20   72.9   0.1   1   1   8.9e-23   1.3e-20   72.6   0.1   216   303     2   100     1   101 0.83 -
PRW58751.1           -           1802 2576at3041           -            416   3.9e-10   38.1   0.1   1   2   3.1e-06   0.00046   18.1   0.0    24   150  1204  1327  1201  1334 0.73 -
PRW58751.1           -           1802 2576at3041           -            416   3.9e-10   38.1   0.1   2   2   4.1e-06   0.00061   17.7   0.1   254   326  1715  1785  1678  1801 0.86 -
PRW58750.1           -           1813 2576at3041           -            416   3.9e-10   38.1   0.1   1   2   3.1e-06   0.00046   18.1   0.0    24   150  1215  1338  1212  1345 0.73 -
PRW58750.1           -           1813 2576at3041           -            416   3.9e-10   38.1   0.1   2   2   4.1e-06   0.00061   17.7   0.1   254   326  1726  1796  1689  1812 0.86 -
PRW60577.1           -           1585 2576at3041           -            416   7.3e-08   30.6   0.0   1   2       6.7     1e+03   -2.8   0.0    37    85   114   156   102   227 0.74 -
PRW60577.1           -           1585 2576at3041           -            416   7.3e-08   30.6   0.0   2   2   1.3e-09     2e-07   29.2   0.0   255   328   492   564   489   587 0.88 -
PRW59378.1           -            869 2576at3041           -            416   1.9e-07   29.3   3.4   1   3    0.0009      0.13   10.0   0.1    21    56   241   276   224   299 0.85 -
PRW59378.1           -            869 2576at3041           -            416   1.9e-07   29.3   3.4   2   3   1.6e-06   0.00024   19.1   0.4   255   334   494   573   449   608 0.87 -
PRW59378.1           -            869 2576at3041           -            416   1.9e-07   29.3   3.4   3   3       5.2   7.7e+02   -2.4   0.0    65    93   692   723   681   751 0.83 -
PRW56130.1           -           2160 2576at3041           -            416   3.1e-07   28.6   0.1   1   2   0.00075      0.11   10.2   0.0    22   151   493   628   485   738 0.62 -
PRW56130.1           -           2160 2576at3041           -            416   3.1e-07   28.6   0.1   2   2   2.3e-05    0.0034   15.2   0.0    16    62  1333  1380  1326  1405 0.85 -
PRW60493.1           -           1105 2576at3041           -            416   1.3e-05   23.3   0.1   1   1   1.6e-07   2.4e-05   22.3   0.1    21    84   298   355   283   376 0.81 -
PRW59746.1           -           1303 2576at3041           -            416   2.4e-05   22.4   0.2   1   2   0.00019     0.029   12.2   0.0    24    55   488   519   474   528 0.90 -
PRW59746.1           -           1303 2576at3041           -            416   2.4e-05   22.4   0.2   2   2    0.0047       0.7    7.6   0.0   257   329   771   843   761   873 0.86 -
PRW59751.1           -           1757 2576at3041           -            416   3.3e-05   21.9   0.4   1   2   0.00049     0.073   10.9   0.0    24   150  1182  1308  1178  1315 0.79 -
PRW59751.1           -           1757 2576at3041           -            416   3.3e-05   21.9   0.4   2   2    0.0026      0.39    8.5   0.1   255   319  1653  1717  1651  1734 0.92 -
PRW57980.1           -            851 2576at3041           -            416   5.2e-05   21.2   0.4   1   2   0.00023     0.034   11.9   0.0    17    58   268   311   255   320 0.80 -
PRW57980.1           -            851 2576at3041           -            416   5.2e-05   21.2   0.4   2   2    0.0062      0.92    7.2   0.2   249   341   531   625   502   669 0.75 -
PRW57979.1           -            836 2576at3041           -            416   6.2e-05   21.0   0.2   1   2   0.00023     0.033   12.0   0.0    17    58   268   311   255   320 0.80 -
PRW57979.1           -            836 2576at3041           -            416   6.2e-05   21.0   0.2   2   2    0.0083       1.2    6.8   0.1   249   338   531   622   502   650 0.77 -
PRW20640.1           -            164 2576at3041           -            416     7e-05   20.8   0.0   1   1   7.2e-07   0.00011   20.2   0.0   355   399     4    46     1    54 0.89 -
PRW58901.1           -           2277 2576at3041           -            416   7.2e-05   20.8   0.3   1   2      0.27        40    1.8   0.0    23    70    43    90    34    98 0.85 -
PRW58901.1           -           2277 2576at3041           -            416   7.2e-05   20.8   0.3   2   2   1.1e-05    0.0016   16.4   0.0   261   335   847   919   841   943 0.82 -
PRW20639.1           -            163 2576at3041           -            416   7.3e-05   20.8   0.0   1   1   7.1e-07   0.00011   20.2   0.0   355   399     4    46     1    54 0.89 -
PRW32957.1           -           4335 2576at3041           -            416   7.3e-05   20.7   0.0   1   3    0.0091       1.4    6.7   0.0    12    87   539   618   533   627 0.70 -
PRW32957.1           -           4335 2576at3041           -            416   7.3e-05   20.7   0.0   2   3      0.42        63    1.2   0.0   254   296   858   900   841   909 0.87 -
PRW32957.1           -           4335 2576at3041           -            416   7.3e-05   20.7   0.0   3   3    0.0029      0.42    8.3   0.0    17    94  1397  1469  1391  1478 0.76 -
PRW05923.1           -           1861 2576at3041           -            416   0.00011   20.1   0.1   1   2    0.0011      0.16    9.7   0.0    26    56  1177  1208  1170  1218 0.82 -
PRW05923.1           -           1861 2576at3041           -            416   0.00011   20.1   0.1   2   2    0.0042      0.62    7.8   0.0   255   322  1430  1497  1422  1513 0.87 -
PRW57760.1           -           1870 2576at3041           -            416   0.00017   19.6   0.0   1   1   1.8e-06   0.00027   18.9   0.0    19   152   771   899   765   907 0.78 -
PRW32956.1           -           4327 2576at3041           -            416   0.00019   19.4   0.1   1   3    0.0091       1.3    6.7   0.0    12    87   539   618   533   627 0.70 -
PRW32956.1           -           4327 2576at3041           -            416   0.00019   19.4   0.1   2   3      0.42        63    1.2   0.0   254   296   858   900   841   909 0.87 -
PRW32956.1           -           4327 2576at3041           -            416   0.00019   19.4   0.1   3   3     0.007         1    7.1   0.0    12    60  1394  1443  1388  1460 0.80 -
PRW50821.1           -           1597 2576at3041           -            416   0.00033   18.6   0.0   1   1   4.9e-06   0.00073   17.4   0.0    25    66    27    69     7    75 0.82 -
PRW32955.1           -           4325 2576at3041           -            416   0.00048   18.0   0.1   1   3    0.0091       1.3    6.7   0.0    12    87   539   618   533   627 0.70 -
PRW32955.1           -           4325 2576at3041           -            416   0.00048   18.0   0.1   2   3      0.42        63    1.2   0.0   254   296   858   900   841   909 0.87 -
PRW32955.1           -           4325 2576at3041           -            416   0.00048   18.0   0.1   3   3     0.018       2.7    5.7   0.0    17    60  1397  1441  1391  1458 0.79 -
PRW05688.1           -            717 2576at3041           -            416   0.00051   17.9   0.0   1   2   4.4e-05    0.0065   14.3   0.0    23    65    47    89    31    98 0.82 -
PRW05688.1           -            717 2576at3041           -            416   0.00051   17.9   0.0   2   2      0.49        73    1.0   0.0   134   186   152   204   134   215 0.89 -
PRW61094.1           -           1110 2576at3041           -            416   0.00079   17.3   0.0   1   2   5.6e-05    0.0083   14.0   0.0    23    89   102   168    89   175 0.90 -
PRW61094.1           -           1110 2576at3041           -            416   0.00079   17.3   0.0   2   2       1.2   1.7e+02   -0.2   0.0   303   329   563   589   518   605 0.72 -
PRW61095.1           -           1110 2576at3041           -            416   0.00079   17.3   0.0   1   2   5.6e-05    0.0083   14.0   0.0    23    89   102   168    89   175 0.90 -
PRW61095.1           -           1110 2576at3041           -            416   0.00079   17.3   0.0   2   2       1.2   1.7e+02   -0.2   0.0   303   329   563   589   518   605 0.72 -
PRW56487.1           -           1133 2576at3041           -            416     0.001   17.0   0.0   1   2   6.2e-05    0.0091   13.8   0.0    23    65    99   141    82   159 0.82 -
PRW56487.1           -           1133 2576at3041           -            416     0.001   17.0   0.0   2   2      0.79   1.2e+02    0.3   0.0   134   186   203   255   165   265 0.89 -
PRW57121.1           -           1380 2576at3041           -            416    0.0033   15.3   0.0   1   1     4e-05     0.006   14.4   0.0   216   327   844   966   836   998 0.79 -
PRW18345.1           -           1401 2576at3041           -            416     0.018   12.9   0.0   1   1   0.00027      0.04   11.7   0.0    15    56   467   509   458   525 0.85 -
PRW44978.1           -           1226 2576at3041           -            416     0.024   12.4   0.1   1   1   0.00028     0.041   11.7   0.1    25    57    26    58    17    70 0.87 -
PRW20842.1           -           1023 2576at3041           -            416     0.045   11.6   0.0   1   1   0.00062     0.092   10.5   0.0   251   338   564   654   520   672 0.74 -
#
# Program:         hmmsearch
# Version:         3.1b2 (February 2015)
# Pipeline mode:   SEARCH
# Query file:      /Users/catrionaharrison/Documents/Bioinformatics/rp2/Data/genomes/busco/busco_downloads/lineages/chlorophyta_odb10/hmms/2576at3041.hmm
# Target file:     /Users/catrionaharrison/Documents/Bioinformatics/rp2/Data/genomes/busco/data/chlorella_sorokiniana.prot.fasta
# Option settings: hmmsearch --domtblout /Users/catrionaharrison/Documents/Bioinformatics/rp2/Data/genomes/busco/Busco_sorokiniana/run_chlorophyta_odb10/hmmer_output/initial_run_results/2576at3041.out --cpu 1 /Users/catrionaharrison/Documents/Bioinformatics/rp2/Data/genomes/busco/busco_downloads/lineages/chlorophyta_odb10/hmms/2576at3041.hmm /Users/catrionaharrison/Documents/Bioinformatics/rp2/Data/genomes/busco/data/chlorella_sorokiniana.prot.fasta 
# Current dir:     /Users/catrionaharrison/Documents/Bioinformatics/rp2/Data/genomes/busco
# Date:            Fri Jul 22 14:32:37 2022
# [ok]
