#                                                                            --- full sequence --- -------------- this domain -------------   hmm coord   ali coord   env coord
# target name        accession   tlen query name           accession   qlen   E-value  score  bias   #  of  c-Evalue  i-Evalue  score  bias  from    to  from    to  from    to  acc description of target
#------------------- ---------- ----- -------------------- ---------- ----- --------- ------ ----- --- --- --------- --------- ------ ----- ----- ----- ----- ----- ----- ----- ---- ---------------------
PRW58194.1           -            767 3012at3041           -            262  6.5e-138  457.6   0.1   1   2    8e-136  1.4e-132  440.1   0.0     1   242    30   285    30   288 0.95 -
PRW58194.1           -            767 3012at3041           -            262  6.5e-138  457.6   0.1   2   2   1.6e-06    0.0028   16.3   0.0   213   261   285   333   282   334 0.87 -
PRW05786.1           -            310 3012at3041           -            262   2.8e-44  150.7   0.0   1   1   2.2e-47   3.8e-44  150.2   0.0    23   237    29   258    23   277 0.79 -
PRW18318.1           -            561 3012at3041           -            262   8.1e-10   37.7   0.0   1   1   6.8e-13   1.2e-09   37.2   0.0    39   139   402   501   375   523 0.79 -
PRW59007.1           -            883 3012at3041           -            262   3.4e-06   25.8   0.0   1   1   3.1e-09   5.4e-06   25.2   0.0    24   128   489   599   482   627 0.76 -
PRW59006.1           -            884 3012at3041           -            262   3.4e-06   25.8   0.0   1   1   3.1e-09   5.4e-06   25.2   0.0    24   128   490   600   483   628 0.76 -
PRW59803.1           -            345 3012at3041           -            262     0.031   12.8   0.0   1   1   3.4e-05     0.058   12.0   0.0    42   106    39   109    16   139 0.71 -
#
# Program:         hmmsearch
# Version:         3.1b2 (February 2015)
# Pipeline mode:   SEARCH
# Query file:      /Users/catrionaharrison/Documents/Bioinformatics/rp2/Data/genomes/busco/busco_downloads/lineages/chlorophyta_odb10/hmms/3012at3041.hmm
# Target file:     /Users/catrionaharrison/Documents/Bioinformatics/rp2/Data/genomes/busco/data/chlorella_sorokiniana.prot.fasta
# Option settings: hmmsearch --domtblout /Users/catrionaharrison/Documents/Bioinformatics/rp2/Data/genomes/busco/Busco_sorokiniana/run_chlorophyta_odb10/hmmer_output/initial_run_results/3012at3041.out --cpu 1 /Users/catrionaharrison/Documents/Bioinformatics/rp2/Data/genomes/busco/busco_downloads/lineages/chlorophyta_odb10/hmms/3012at3041.hmm /Users/catrionaharrison/Documents/Bioinformatics/rp2/Data/genomes/busco/data/chlorella_sorokiniana.prot.fasta 
# Current dir:     /Users/catrionaharrison/Documents/Bioinformatics/rp2/Data/genomes/busco
# Date:            Fri Jul 22 14:35:19 2022
# [ok]
