#                                                                            --- full sequence --- -------------- this domain -------------   hmm coord   ali coord   env coord
# target name        accession   tlen query name           accession   qlen   E-value  score  bias   #  of  c-Evalue  i-Evalue  score  bias  from    to  from    to  from    to  acc description of target
#------------------- ---------- ----- -------------------- ---------- ----- --------- ------ ----- --- --- --------- --------- ------ ----- ----- ----- ----- ----- ----- ----- ---- ---------------------
PRW59155.1           -            499 3061at3041           -            355  1.1e-148  494.0   8.2   1   3   6.5e-26   1.7e-22   78.9   0.1    12    74    39   100    25   106 0.88 -
PRW59155.1           -            499 3061at3041           -            355  1.1e-148  494.0   8.2   2   3   3.1e-86   8.2e-83  277.3   1.7    59   231   107   299   102   304 0.88 -
PRW59155.1           -            499 3061at3041           -            355  1.1e-148  494.0   8.2   3   3   1.1e-44   2.9e-41  140.7   0.1   234   355   344   494   307   494 0.81 -
PRW59111.1           -            564 3061at3041           -            355   1.3e-19   69.4   0.7   1   3   4.8e-05      0.12   10.3   0.0    22    60    63   101    52   108 0.90 -
PRW59111.1           -            564 3061at3041           -            355   1.3e-19   69.4   0.7   2   3     2e-13   5.2e-10   37.9   0.1    84   169   188   274   164   288 0.81 -
PRW59111.1           -            564 3061at3041           -            355   1.3e-19   69.4   0.7   3   3   2.4e-07   0.00062   17.9   0.0   244   353   403   536   393   538 0.69 -
PRW33024.1           -            374 3061at3041           -            355   1.7e-05   23.0   0.0   1   1     1e-08   2.7e-05   22.3   0.0    94   158    93   156    62   190 0.80 -
PRW45081.1           -            357 3061at3041           -            355     0.016   13.2   2.0   1   2   4.5e-05      0.12   10.4   0.1    85   128   124   167    87   209 0.88 -
PRW45081.1           -            357 3061at3041           -            355     0.016   13.2   2.0   2   2     0.012        32    2.4   0.2   300   333   294   326   289   343 0.76 -
#
# Program:         hmmsearch
# Version:         3.1b2 (February 2015)
# Pipeline mode:   SEARCH
# Query file:      /Users/catrionaharrison/Documents/Bioinformatics/rp2/Data/genomes/busco/busco_downloads/lineages/chlorophyta_odb10/hmms/3061at3041.hmm
# Target file:     /Users/catrionaharrison/Documents/Bioinformatics/rp2/Data/genomes/busco/data/chlorella_sorokiniana.prot.fasta
# Option settings: hmmsearch --domtblout /Users/catrionaharrison/Documents/Bioinformatics/rp2/Data/genomes/busco/Busco_sorokiniana/run_chlorophyta_odb10/hmmer_output/initial_run_results/3061at3041.out --cpu 1 /Users/catrionaharrison/Documents/Bioinformatics/rp2/Data/genomes/busco/busco_downloads/lineages/chlorophyta_odb10/hmms/3061at3041.hmm /Users/catrionaharrison/Documents/Bioinformatics/rp2/Data/genomes/busco/data/chlorella_sorokiniana.prot.fasta 
# Current dir:     /Users/catrionaharrison/Documents/Bioinformatics/rp2/Data/genomes/busco
# Date:            Fri Jul 22 14:35:29 2022
# [ok]
