#                                                                            --- full sequence --- -------------- this domain -------------   hmm coord   ali coord   env coord
# target name        accession   tlen query name           accession   qlen   E-value  score  bias   #  of  c-Evalue  i-Evalue  score  bias  from    to  from    to  from    to  acc description of target
#------------------- ---------- ----- -------------------- ---------- ----- --------- ------ ----- --- --- --------- --------- ------ ----- ----- ----- ----- ----- ----- ----- ---- ---------------------
PRW56745.1           -            539 3254at3041           -            397  1.9e-175  582.6  19.5   1   3   2.9e-06   0.00024   19.2   0.8     1    31     1    35     1    48 0.85 -
PRW56745.1           -            539 3254at3041           -            397  1.9e-175  582.6  19.5   2   3     4e-63   3.4e-61  206.4   2.0    20   186    56   260    43   272 0.81 -
PRW56745.1           -            539 3254at3041           -            397  1.9e-175  582.6  19.5   3   3  6.4e-112  5.3e-110  367.1   3.9   171   397   267   507   260   507 0.90 -
PRW56627.1           -           1718 3254at3041           -            397   1.7e-31  108.6   8.6   1   4    0.0017      0.14   10.1   0.0   214   252    84   122    67   126 0.92 -
PRW56627.1           -           1718 3254at3041           -            397   1.7e-31  108.6   8.6   2   4   3.7e-15   3.1e-13   48.5   0.1   196   396   109   323   106   324 0.75 -
PRW56627.1           -           1718 3254at3041           -            397   1.7e-31  108.6   8.6   3   4     2e-11   1.7e-09   36.2   0.3   194   356   442   593   431   603 0.84 -
PRW56627.1           -           1718 3254at3041           -            397   1.7e-31  108.6   8.6   4   4   2.3e-05    0.0019   16.2   0.2   215   272   685   744   664   763 0.69 -
PRW60529.1           -            317 3254at3041           -            397   1.7e-31  108.6  13.4   1   3   1.2e-05   0.00099   17.2   0.0   203   238    63    98    54   102 0.84 -
PRW60529.1           -            317 3254at3041           -            397   1.7e-31  108.6  13.4   2   3   4.6e-13   3.8e-11   41.6   0.5   195   260   101   166    93   167 0.95 -
PRW60529.1           -            317 3254at3041           -            397   1.7e-31  108.6  13.4   3   3   2.8e-17   2.3e-15   55.5   4.8   212   354   161   309   158   310 0.87 -
PRW60888.1           -           2944 3254at3041           -            397   4.6e-30  103.9  21.0   1   8       9.1   7.6e+02   -2.2   0.0   214   336   111   149   106   168 0.54 -
PRW60888.1           -           2944 3254at3041           -            397   4.6e-30  103.9  21.0   2   8   2.6e-06   0.00021   19.3   0.0   213   255   193   235   188   240 0.89 -
PRW60888.1           -           2944 3254at3041           -            397   4.6e-30  103.9  21.0   3   8   1.1e-06   9.1e-05   20.6   0.3   213   275   235   296   232   310 0.88 -
PRW60888.1           -           2944 3254at3041           -            397   4.6e-30  103.9  21.0   4   8       4.5   3.8e+02   -1.2   0.0   293   340   343   388   340   412 0.70 -
PRW60888.1           -           2944 3254at3041           -            397   4.6e-30  103.9  21.0   5   8     3e-08   2.5e-06   25.7   0.9   286   395   479   593   469   595 0.86 -
PRW60888.1           -           2944 3254at3041           -            397   4.6e-30  103.9  21.0   6   8   2.8e-06   0.00023   19.2   0.6   319   395   611   687   604   689 0.82 -
PRW60888.1           -           2944 3254at3041           -            397   4.6e-30  103.9  21.0   7   8    0.0019      0.16    9.9   0.0   213   245   672   704   657   714 0.85 -
PRW60888.1           -           2944 3254at3041           -            397   4.6e-30  103.9  21.0   8   8   2.8e-08   2.3e-06   25.8   0.9   196   292   698   793   695   803 0.89 -
PRW60889.1           -           2929 3254at3041           -            397   4.9e-30  103.8  21.2   1   8       8.9   7.4e+02   -2.2   0.0   214   336   111   149   105   168 0.55 -
PRW60889.1           -           2929 3254at3041           -            397   4.9e-30  103.8  21.2   2   8   2.6e-06   0.00021   19.4   0.0   213   255   193   235   188   240 0.89 -
PRW60889.1           -           2929 3254at3041           -            397   4.9e-30  103.8  21.2   3   8   1.1e-06   9.1e-05   20.6   0.3   213   275   235   296   232   310 0.88 -
PRW60889.1           -           2929 3254at3041           -            397   4.9e-30  103.8  21.2   4   8       4.5   3.7e+02   -1.2   0.0   293   340   343   388   340   412 0.70 -
PRW60889.1           -           2929 3254at3041           -            397   4.9e-30  103.8  21.2   5   8     3e-08   2.5e-06   25.7   0.9   286   395   479   593   469   595 0.86 -
PRW60889.1           -           2929 3254at3041           -            397   4.9e-30  103.8  21.2   6   8   2.8e-06   0.00023   19.2   0.6   319   395   611   687   604   689 0.82 -
PRW60889.1           -           2929 3254at3041           -            397   4.9e-30  103.8  21.2   7   8    0.0019      0.15    9.9   0.0   213   245   672   704   657   714 0.85 -
PRW60889.1           -           2929 3254at3041           -            397   4.9e-30  103.8  21.2   8   8   2.8e-08   2.3e-06   25.8   0.9   196   292   698   793   695   803 0.89 -
PRW20571.1           -            854 3254at3041           -            397   1.5e-29  102.2  15.0   1   7   1.4e-05    0.0011   17.0   0.2   216   245   157   186   143   193 0.87 -
PRW20571.1           -            854 3254at3041           -            397   1.5e-29  102.2  15.0   2   7   0.00021     0.018   13.0   0.0   212   248   193   229   189   234 0.92 -
PRW20571.1           -            854 3254at3041           -            397   1.5e-29  102.2  15.0   3   7   0.00049     0.041   11.8   0.0   212   246   233   267   229   273 0.90 -
PRW20571.1           -            854 3254at3041           -            397   1.5e-29  102.2  15.0   4   7   2.9e-06   0.00024   19.2   0.1   216   248   277   309   273   313 0.93 -
PRW20571.1           -            854 3254at3041           -            397   1.5e-29  102.2  15.0   5   7     4e-07   3.3e-05   22.0   0.5   212   269   313   367   309   373 0.90 -
PRW20571.1           -            854 3254at3041           -            397   1.5e-29  102.2  15.0   6   7   0.00016     0.013   13.4   0.2   212   248   353   389   349   392 0.93 -
PRW20571.1           -            854 3254at3041           -            397   1.5e-29  102.2  15.0   7   7   1.6e-07   1.3e-05   23.3   0.4   195   266   379   445   375   450 0.91 -
PRW20303.1           -            450 3254at3041           -            397   2.4e-26   91.6   0.3   1   2   2.4e-09     2e-07   29.3   0.0   191   267    58   133    42   137 0.83 -
PRW20303.1           -            450 3254at3041           -            397   2.4e-26   91.6   0.3   2   2   1.1e-17   9.3e-16   56.8   0.1   217   395   176   358   150   360 0.84 -
PRW59665.1           -            977 3254at3041           -            397   2.1e-25   88.5  12.9   1   7   9.1e-07   7.5e-05   20.8   0.0   212   274    79   140    73   147 0.89 -
PRW59665.1           -            977 3254at3041           -            397   2.1e-25   88.5  12.9   2   7   0.00027     0.022   12.7   0.0   213   247   122   156   118   162 0.91 -
PRW59665.1           -            977 3254at3041           -            397   2.1e-25   88.5  12.9   3   7   8.8e-10   7.3e-08   30.8   0.1   195   273   147   224   143   303 0.89 -
PRW59665.1           -            977 3254at3041           -            397   2.1e-25   88.5  12.9   4   7      0.58        48    1.7   0.2   179   238   434   491   398   495 0.71 -
PRW59665.1           -            977 3254at3041           -            397   2.1e-25   88.5  12.9   5   7   0.00033     0.027   12.4   0.0   297   354   507   563   496   574 0.90 -
PRW59665.1           -            977 3254at3041           -            397   2.1e-25   88.5  12.9   6   7     2e-06   0.00016   19.7   0.0   212   260   642   690   620   694 0.86 -
PRW59665.1           -            977 3254at3041           -            397   2.1e-25   88.5  12.9   7   7   0.00048      0.04   11.9   0.1   196   266   669   737   668   745 0.89 -
PRW59298.1           -            663 3254at3041           -            397   6.4e-24   83.6   9.2   1   4       2.7   2.3e+02   -0.5   0.3   327   385   138   196   129   215 0.74 -
PRW59298.1           -            663 3254at3041           -            397   6.4e-24   83.6   9.2   2   4   4.6e-08   3.8e-06   25.1   0.2   184   251   216   282   198   285 0.81 -
PRW59298.1           -            663 3254at3041           -            397   6.4e-24   83.6   9.2   3   4   0.00019     0.016   13.2   0.1   213   251   286   324   284   328 0.78 -
PRW59298.1           -            663 3254at3041           -            397   6.4e-24   83.6   9.2   4   4   7.5e-15   6.2e-13   47.5   0.0   215   355   330   470   326   487 0.85 -
PRW45142.1           -            473 3254at3041           -            397   2.7e-23   81.6  13.2   1   4   4.2e-06   0.00035   18.6   0.1   195   231   128   163   113   213 0.75 -
PRW45142.1           -            473 3254at3041           -            397   2.7e-23   81.6  13.2   2   4   8.4e-07     7e-05   21.0   0.1   213   308   199   293   187   302 0.78 -
PRW45142.1           -            473 3254at3041           -            397   2.7e-23   81.6  13.2   3   4     9e-09   7.5e-07   27.4   0.8   194   250   306   361   294   366 0.88 -
PRW45142.1           -            473 3254at3041           -            397   2.7e-23   81.6  13.2   4   4     5e-07   4.2e-05   21.7   0.3   213   267   369   422   363   470 0.83 -
PRW56720.1           -            429 3254at3041           -            397   3.7e-23   81.1   1.7   1   4    0.0033      0.27    9.1   0.0   237   270    73   106    62   119 0.56 -
PRW56720.1           -            429 3254at3041           -            397   3.7e-23   81.1   1.7   2   4   1.8e-10   1.5e-08   33.0   0.1   191   266   119   192   109   194 0.89 -
PRW56720.1           -            429 3254at3041           -            397   3.7e-23   81.1   1.7   3   4   2.3e-08   1.9e-06   26.1   0.1   213   362   182   339   180   342 0.85 -
PRW56720.1           -            429 3254at3041           -            397   3.7e-23   81.1   1.7   4   4   3.6e-10     3e-08   32.1   0.1   214   354   272   416   268   418 0.84 -
PRW05847.1           -            527 3254at3041           -            397   8.3e-23   80.0   0.5   1   4   0.00022     0.018   13.0   0.3   214   254   233   273   229   277 0.92 -
PRW05847.1           -            527 3254at3041           -            397   8.3e-23   80.0   0.5   2   4   1.8e-09   1.5e-07   29.8   0.0   168   287   279   397   276   405 0.73 -
PRW05847.1           -            527 3254at3041           -            397   8.3e-23   80.0   0.5   3   4   1.5e-09   1.3e-07   30.0   0.0   196   268   392   463   388   468 0.91 -
PRW05847.1           -            527 3254at3041           -            397   8.3e-23   80.0   0.5   4   4      0.23        19    3.1   0.0   229   268   467   506   459   509 0.85 -
PRW56977.1           -            412 3254at3041           -            397   6.3e-22   77.1   4.4   1   3     4e-10   3.3e-08   31.9   0.0   191   277   170   263   163   271 0.84 -
PRW56977.1           -            412 3254at3041           -            397   6.3e-22   77.1   4.4   2   3   3.3e-12   2.7e-10   38.8   0.1   194   272   269   348   262   360 0.89 -
PRW56977.1           -            412 3254at3041           -            397   6.3e-22   77.1   4.4   3   3     0.024         2    6.3   0.4   194   229   370   405   360   409 0.91 -
PRW60195.1           -            317 3254at3041           -            397   1.8e-21   75.6   0.4   1   3      0.19        15    3.3   0.0   195   240    31    75    20    88 0.75 -
PRW60195.1           -            317 3254at3041           -            397   1.8e-21   75.6   0.4   2   3   7.5e-16   6.3e-14   50.7   0.3   214   369    91   248    82   263 0.80 -
PRW60195.1           -            317 3254at3041           -            397   1.8e-21   75.6   0.4   3   3     4e-06   0.00033   18.7   0.0   299   352   263   315   252   316 0.88 -
PRW59588.1           -            442 3254at3041           -            397   2.8e-21   74.9   5.6   1   2   1.7e-08   1.4e-06   26.5   3.1   173   325   120   299   111   300 0.74 -
PRW59588.1           -            442 3254at3041           -            397   2.8e-21   74.9   5.6   2   2     4e-14   3.3e-12   45.1   0.1   186   301   286   407   284   415 0.87 -
PRW56898.1           -            632 3254at3041           -            397   2.9e-21   74.9   0.0   1   3   0.00061     0.051   11.5   0.0   195   252   336   393   319   398 0.82 -
PRW56898.1           -            632 3254at3041           -            397   2.9e-21   74.9   0.0   2   3   3.2e-17   2.7e-15   55.3   0.0   195   355   379   538   373   551 0.90 -
PRW56898.1           -            632 3254at3041           -            397   2.9e-21   74.9   0.0   3   3   0.00049     0.041   11.8   0.0   214   268   573   626   553   630 0.83 -
PRW33538.1           -           2043 3254at3041           -            397   1.5e-20   72.6  31.0   1   5   3.6e-08     3e-06   25.4   0.3   233   395   483   650   476   652 0.73 -
PRW33538.1           -           2043 3254at3041           -            397   1.5e-20   72.6  31.0   2   5     1e-11   8.6e-10   37.1   3.1   217   396   639   819   620   820 0.84 -
PRW33538.1           -           2043 3254at3041           -            397   1.5e-20   72.6  31.0   3   5     5e-11   4.2e-09   34.9   1.7   216   395   680   859   679   860 0.80 -
PRW33538.1           -           2043 3254at3041           -            397   1.5e-20   72.6  31.0   4   5    0.0033      0.28    9.1   0.0   300   365   848   912   833   946 0.74 -
PRW33538.1           -           2043 3254at3041           -            397   1.5e-20   72.6  31.0   5   5   0.00016     0.013   13.5   6.8   216   356   983  1122   953  1155 0.77 -
PRW45473.1           -            764 3254at3041           -            397   9.2e-20   69.9   1.5   1   3     4e-07   3.4e-05   22.0   0.0   195   257   453   514   434   517 0.82 -
PRW45473.1           -            764 3254at3041           -            397   9.2e-20   69.9   1.5   2   3   1.1e-15   9.2e-14   50.2   0.3   201   396   501   703   496   704 0.76 -
PRW45473.1           -            764 3254at3041           -            397   9.2e-20   69.9   1.5   3   3   0.00036      0.03   12.3   0.1   215   252   689   728   684   737 0.80 -
PRW57584.1           -           1073 3254at3041           -            397   1.4e-19   69.4   1.1   1   4   0.00023     0.019   12.9   0.1   233   355    44   166    40   175 0.79 -
PRW57584.1           -           1073 3254at3041           -            397   1.4e-19   69.4   1.1   2   4   1.4e-09   1.2e-07   30.0   0.0   195   264   176   246   167   247 0.92 -
PRW57584.1           -           1073 3254at3041           -            397   1.4e-19   69.4   1.1   3   4   8.6e-08   7.1e-06   24.2   0.0   212   268   237   292   234   293 0.92 -
PRW57584.1           -           1073 3254at3041           -            397   1.4e-19   69.4   1.1   4   4    0.0041      0.34    8.8   0.0   216   295   283   359   279   369 0.75 -
PRW56172.1           -            504 3254at3041           -            397   1.7e-19   69.1   4.6   1   3      0.21        18    3.2   0.0   196   375   143   196   101   202 0.54 -
PRW56172.1           -            504 3254at3041           -            397   1.7e-19   69.1   4.6   2   3   4.5e-08   3.7e-06   25.1   0.2   214   263   201   249   183   249 0.83 -
PRW56172.1           -            504 3254at3041           -            397   1.7e-19   69.1   4.6   3   3   2.4e-14     2e-12   45.8   0.3   213   352   242   383   239   387 0.87 -
PRW20367.1           -            877 3254at3041           -            397   3.7e-19   68.0   0.0   1   2     0.003      0.25    9.2   0.0   193   230   447   483   429   490 0.79 -
PRW20367.1           -            877 3254at3041           -            397   3.7e-19   68.0   0.0   2   2   1.6e-17   1.3e-15   56.3   0.0   196   395   543   751   533   753 0.82 -
PRW56161.1           -            705 3254at3041           -            397     4e-19   67.8   1.8   1   1   4.8e-21     4e-19   67.8   1.8   203   354   379   531   370   533 0.92 -
PRW20739.1           -            509 3254at3041           -            397   6.8e-19   67.1   5.4   1   3   6.4e-06   0.00053   18.1   0.0   214   247   213   246   198   254 0.89 -
PRW20739.1           -            509 3254at3041           -            397   6.8e-19   67.1   5.4   2   3   1.1e-14   8.9e-13   46.9   1.5   216   396   257   437   253   438 0.79 -
PRW20739.1           -            509 3254at3041           -            397   6.8e-19   67.1   5.4   3   3      0.66        55    1.5   0.0   337   355   469   487   444   497 0.76 -
PRW33193.1           -            452 3254at3041           -            397   1.2e-17   62.9   9.5   1   3    0.0013      0.11   10.4   0.0   213   268   129   185   104   193 0.83 -
PRW33193.1           -            452 3254at3041           -            397   1.2e-17   62.9   9.5   2   3   8.1e-08   6.8e-06   24.3   2.1   194   276   284   363   220   370 0.81 -
PRW33193.1           -            452 3254at3041           -            397   1.2e-17   62.9   9.5   3   3     2e-09   1.7e-07   29.6   1.4   194   271   371   446   359   450 0.88 -
PRW59865.1           -            319 3254at3041           -            397   1.4e-17   62.8   3.5   1   2   9.5e-19   7.9e-17   60.3   3.5   189   395    16   226     2   228 0.79 -
PRW59865.1           -            319 3254at3041           -            397   1.4e-17   62.8   3.5   2   2       1.8   1.5e+02    0.1   0.0   246   267   285   306   239   318 0.74 -
PRW32897.1           -            512 3254at3041           -            397     2e-17   62.2   3.0   1   2   5.3e-09   4.4e-07   28.2   0.1   197   275   244   318   232   323 0.83 -
PRW32897.1           -            512 3254at3041           -            397     2e-17   62.2   3.0   2   2   1.3e-10   1.1e-08   33.5   0.5   195   354   325   487   319   492 0.80 -
PRW58966.1           -           1037 3254at3041           -            397   3.4e-17   61.5   6.7   1   4      0.21        17    3.2   0.0   239   275   553   589   545   612 0.83 -
PRW58966.1           -           1037 3254at3041           -            397   3.4e-17   61.5   6.7   2   4     1e-14   8.5e-13   47.0   2.5   235   355   644   768   635   773 0.89 -
PRW58966.1           -           1037 3254at3041           -            397   3.4e-17   61.5   6.7   3   4       5.3   4.4e+02   -1.4   0.0   341   355   911   925   887   934 0.64 -
PRW58966.1           -           1037 3254at3041           -            397   3.4e-17   61.5   6.7   4   4    0.0024       0.2    9.6   0.0   222   268   963  1009   957  1019 0.86 -
PRW58967.1           -           1037 3254at3041           -            397   3.4e-17   61.5   6.7   1   4      0.21        17    3.2   0.0   239   275   553   589   545   612 0.83 -
PRW58967.1           -           1037 3254at3041           -            397   3.4e-17   61.5   6.7   2   4     1e-14   8.5e-13   47.0   2.5   235   355   644   768   635   773 0.89 -
PRW58967.1           -           1037 3254at3041           -            397   3.4e-17   61.5   6.7   3   4       5.3   4.4e+02   -1.4   0.0   341   355   911   925   887   934 0.64 -
PRW58967.1           -           1037 3254at3041           -            397   3.4e-17   61.5   6.7   4   4    0.0024       0.2    9.6   0.0   222   268   963  1009   957  1019 0.86 -
PRW58545.1           -           1712 3254at3041           -            397   3.8e-17   61.3   0.8   1   3     0.016       1.4    6.8   0.1   196   233   551   587   545   595 0.87 -
PRW58545.1           -           1712 3254at3041           -            397   3.8e-17   61.3   0.8   2   3   1.2e-10     1e-08   33.6   0.1   198   353   631   779   611   782 0.73 -
PRW58545.1           -           1712 3254at3041           -            397   3.8e-17   61.3   0.8   3   3   1.1e-05   0.00091   17.3   0.0   298   360   821   883   814   897 0.86 -
PRW61184.1           -            314 3254at3041           -            397     1e-16   59.9   7.5   1   3   9.1e-10   7.6e-08   30.7   0.2   213   395     6   190     3   192 0.74 -
PRW61184.1           -            314 3254at3041           -            397     1e-16   59.9   7.5   2   3   1.9e-12   1.6e-10   39.5   2.4   214   396    92   282    65   283 0.77 -
PRW61184.1           -            314 3254at3041           -            397     1e-16   59.9   7.5   3   3      0.02       1.7    6.5   0.1   214   248   267   301   265   306 0.76 -
PRW58546.1           -           1719 3254at3041           -            397   1.4e-16   59.4   0.7   1   3     0.016       1.4    6.8   0.1   196   233   551   587   545   595 0.87 -
PRW58546.1           -           1719 3254at3041           -            397   1.4e-16   59.4   0.7   2   3   4.7e-10   3.9e-08   31.6   0.1   198   287   631   718   611   788 0.81 -
PRW58546.1           -           1719 3254at3041           -            397   1.4e-16   59.4   0.7   3   3   1.1e-05   0.00092   17.3   0.0   298   360   828   890   821   904 0.86 -
PRW55887.1           -            875 3254at3041           -            397   2.1e-16   58.9   9.4   1   3      0.14        11    3.8   0.1   185   231   149   195   139   204 0.58 -
PRW55887.1           -            875 3254at3041           -            397   2.1e-16   58.9   9.4   2   3   5.1e-10   4.2e-08   31.5   1.3   145   273   176   306   165   309 0.78 -
PRW55887.1           -            875 3254at3041           -            397   2.1e-16   58.9   9.4   3   3   7.5e-13   6.2e-11   40.9   1.5   232   355   219   349   215   356 0.89 -
PRW32950.1           -            457 3254at3041           -            397   1.8e-15   55.8   5.8   1   2   2.2e-05    0.0018   16.3   0.3   192   275   174   253   164   260 0.86 -
PRW32950.1           -            457 3254at3041           -            397   1.8e-15   55.8   5.8   2   2   5.9e-12   4.9e-10   37.9   1.0   195   350   260   422   251   424 0.71 -
PRW57875.1           -            699 3254at3041           -            397   1.8e-15   55.8   0.9   1   2      0.16        13    3.5   0.0   196   228   395   426   375   454 0.71 -
PRW57875.1           -            699 3254at3041           -            397   1.8e-15   55.8   0.9   2   2   1.6e-14   1.4e-12   46.3   0.9   214   372   456   614   452   629 0.84 -
PRW34057.1           -           1285 3254at3041           -            397   3.7e-15   54.8   0.5   1   3    0.0002     0.017   13.1   0.0   192   229   124   161    79   165 0.83 -
PRW34057.1           -           1285 3254at3041           -            397   3.7e-15   54.8   0.5   2   3   4.7e-08   3.9e-06   25.1   0.3   201   265   183   249   176   266 0.82 -
PRW34057.1           -           1285 3254at3041           -            397   3.7e-15   54.8   0.5   3   3   0.00038     0.032   12.2   0.0   195   255   269   329   259   350 0.81 -
PRW34058.1           -           1318 3254at3041           -            397   4.1e-15   54.7   0.5   1   3   0.00021     0.017   13.1   0.0   192   229   124   161    79   165 0.83 -
PRW34058.1           -           1318 3254at3041           -            397   4.1e-15   54.7   0.5   2   3   4.8e-08     4e-06   25.0   0.3   201   265   183   249   176   266 0.82 -
PRW34058.1           -           1318 3254at3041           -            397   4.1e-15   54.7   0.5   3   3   0.00039     0.033   12.2   0.0   195   255   269   329   259   350 0.81 -
PRW57543.1           -           1885 3254at3041           -            397   1.3e-14   52.9   0.8   1   2   9.6e-07     8e-05   20.8   0.0   243   356   376   508   367   519 0.68 -
PRW57543.1           -           1885 3254at3041           -            397   1.3e-14   52.9   0.8   2   2   3.4e-09   2.8e-07   28.8   0.7   240   341   611   716   573   732 0.83 -
PRW32949.1           -            358 3254at3041           -            397   1.4e-14   52.9   2.3   1   2   1.5e-05    0.0013   16.8   0.4   192   275   174   253   164   259 0.86 -
PRW32949.1           -            358 3254at3041           -            397   1.4e-14   52.9   2.3   2   2   2.5e-11   2.1e-09   35.8   0.1   196   266   261   332   254   339 0.88 -
PRW20812.1           -           1582 3254at3041           -            397     2e-14   52.4   5.3   1   3    0.0015      0.12   10.2   0.0   213   274    31    97    26   104 0.81 -
PRW20812.1           -           1582 3254at3041           -            397     2e-14   52.4   5.3   2   3   2.2e-12   1.8e-10   39.3   0.4   196   356   115   276   106   326 0.77 -
PRW20812.1           -           1582 3254at3041           -            397     2e-14   52.4   5.3   3   3      0.19        16    3.3   0.4   312   386  1405  1483  1393  1490 0.72 -
PRW58160.1           -           1385 3254at3041           -            397   2.1e-14   52.3   3.6   1   4   9.3e-06   0.00077   17.5   0.0   284   356    12    82     4   109 0.83 -
PRW58160.1           -           1385 3254at3041           -            397   2.1e-14   52.3   3.6   2   4   6.2e-06   0.00051   18.1   1.7   214   271   108   164    88   172 0.85 -
PRW58160.1           -           1385 3254at3041           -            397   2.1e-14   52.3   3.6   3   4   0.00083     0.069   11.1   0.2   213   272   225   285   199   298 0.76 -
PRW58160.1           -           1385 3254at3041           -            397   2.1e-14   52.3   3.6   4   4      0.02       1.6    6.6   0.1   212   252   268   308   254   329 0.79 -
PRW20811.1           -           1552 3254at3041           -            397   2.4e-14   52.1   5.4   1   3    0.0015      0.12   10.3   0.0   213   274    31    97    26   104 0.81 -
PRW20811.1           -           1552 3254at3041           -            397   2.4e-14   52.1   5.4   2   3   2.3e-12   1.9e-10   39.3   0.4   196   356   105   266    97   316 0.77 -
PRW20811.1           -           1552 3254at3041           -            397   2.4e-14   52.1   5.4   3   3      0.19        16    3.3   0.4   312   386  1375  1453  1363  1460 0.72 -
PRW20813.1           -           1572 3254at3041           -            397   2.4e-14   52.1   5.3   1   3    0.0015      0.12   10.3   0.0   213   274    31    97    26   104 0.81 -
PRW20813.1           -           1572 3254at3041           -            397   2.4e-14   52.1   5.3   2   3   2.3e-12   1.9e-10   39.3   0.4   196   356   105   266    97   316 0.77 -
PRW20813.1           -           1572 3254at3041           -            397   2.4e-14   52.1   5.3   3   3      0.19        16    3.3   0.4   312   386  1395  1473  1383  1480 0.72 -
PRW33530.1           -            316 3254at3041           -            397   3.6e-14   51.5  10.7   1   3   0.00034     0.028   12.4   1.4   321   394    11    86     6    89 0.58 -
PRW33530.1           -            316 3254at3041           -            397   3.6e-14   51.5  10.7   2   3   2.1e-05    0.0017   16.3   0.4   295   354   171   229    61   239 0.66 -
PRW33530.1           -            316 3254at3041           -            397   3.6e-14   51.5  10.7   3   3   5.2e-09   4.3e-07   28.2   0.5   196   271   240   313   230   315 0.87 -
PRW20323.1           -            750 3254at3041           -            397   1.4e-13   49.5   2.0   1   2   4.5e-05    0.0037   15.3   0.1   199   250   215   266   196   270 0.84 -
PRW20323.1           -            750 3254at3041           -            397   1.4e-13   49.5   2.0   2   2   8.9e-11   7.4e-09   34.0   0.3   212   362   270   423   267   456 0.80 -
PRW59321.1           -           1005 3254at3041           -            397   1.8e-13   49.2   1.7   1   3       6.2   5.1e+02   -1.7   0.0   334   396   355   419   342   420 0.79 -
PRW59321.1           -           1005 3254at3041           -            397   1.8e-13   49.2   1.7   2   3   4.5e-13   3.8e-11   41.6   0.1   214   354   446   588   423   590 0.83 -
PRW59321.1           -           1005 3254at3041           -            397   1.8e-13   49.2   1.7   3   3     0.071       5.9    4.7   0.0   189   238   592   640   589   646 0.84 -
PRW34049.1           -            811 3254at3041           -            397   1.1e-12   46.7   0.0   1   3      0.37        31    2.4   0.1   197   225    44    71    37    79 0.73 -
PRW34049.1           -            811 3254at3041           -            397   1.1e-12   46.7   0.0   2   3      0.36        30    2.4   0.0   198   252    92   148    84   158 0.73 -
PRW34049.1           -            811 3254at3041           -            397   1.1e-12   46.7   0.0   3   3   1.1e-11   8.9e-10   37.1   0.0   189   314   175   303   154   316 0.82 -
PRW44412.1           -            830 3254at3041           -            397   1.3e-12   46.4   3.3   1   5     0.024         2    6.3   0.0   322   353    12    41     4    74 0.75 -
PRW44412.1           -            830 3254at3041           -            397   1.3e-12   46.4   3.3   2   5   5.9e-05    0.0049   14.9   0.1   215   268    81   132    77   135 0.89 -
PRW44412.1           -            830 3254at3041           -            397   1.3e-12   46.4   3.3   3   5   0.00039     0.033   12.2   0.0   196   252   144   196   135   207 0.78 -
PRW44412.1           -            830 3254at3041           -            397   1.3e-12   46.4   3.3   4   5    0.0034      0.28    9.1   0.3   196   244   183   228   183   234 0.75 -
PRW44412.1           -            830 3254at3041           -            397   1.3e-12   46.4   3.3   5   5     0.029       2.4    6.0   0.1   210   367   235   266   224   295 0.59 -
PRW20642.1           -            365 3254at3041           -            397   1.4e-12   46.3   7.4   1   3       0.5        41    1.9   0.1   362   393    11    41     5    45 0.71 -
PRW20642.1           -            365 3254at3041           -            397   1.4e-12   46.3   7.4   2   3      0.27        22    2.8   0.0   297   332    71   106    57   117 0.65 -
PRW20642.1           -            365 3254at3041           -            397   1.4e-12   46.3   7.4   3   3   1.5e-13   1.2e-11   43.2   2.2   216   392   115   294   109   298 0.81 -
PRW45460.1           -            561 3254at3041           -            397   1.4e-11   43.0   3.8   1   2   1.4e-11   1.2e-09   36.7   0.2   196   379   269   456   253   472 0.81 -
PRW45460.1           -            561 3254at3041           -            397   1.4e-11   43.0   3.8   2   2     0.012      0.99    7.3   0.7   201   262   493   551   463   559 0.78 -
PRW59263.1           -           2059 3254at3041           -            397   1.8e-11   42.6   0.9   1   1   4.6e-13   3.8e-11   41.6   0.9   203   367  1760  1925  1751  1951 0.83 -
PRW20638.1           -            806 3254at3041           -            397   4.6e-11   41.3   3.9   1   2   1.4e-06   0.00012   20.2   1.9   196   379     3   181     1   183 0.83 -
PRW20638.1           -            806 3254at3041           -            397   4.6e-11   41.3   3.9   2   2   4.5e-08   3.7e-06   25.1   0.0   196   266   165   233   162   237 0.90 -
PRW57454.1           -            635 3254at3041           -            397   4.7e-11   41.3   2.0   1   3   0.00068     0.057   11.4   0.1   214   349   282   429   264   452 0.69 -
PRW57454.1           -            635 3254at3041           -            397   4.7e-11   41.3   2.0   2   3   0.00085     0.071   11.1   0.2   330   391   451   513   432   516 0.74 -
PRW57454.1           -            635 3254at3041           -            397   4.7e-11   41.3   2.0   3   3   1.6e-05    0.0013   16.8   0.0   215   350   572   624   567   633 0.57 -
PRW58657.1           -           1344 3254at3041           -            397   6.4e-11   40.8   4.6   1   6     0.057       4.8    5.0   0.0   218   254    32    68    22    75 0.88 -
PRW58657.1           -           1344 3254at3041           -            397   6.4e-11   40.8   4.6   2   6      0.66        55    1.5   0.1   213   227    82    96    67   127 0.73 -
PRW58657.1           -           1344 3254at3041           -            397   6.4e-11   40.8   4.6   3   6   2.5e-05    0.0021   16.1   0.0   191   235   226   272   205   279 0.87 -
PRW58657.1           -           1344 3254at3041           -            397   6.4e-11   40.8   4.6   4   6       6.5   5.4e+02   -1.7   0.0   234   255   315   336   310   374 0.58 -
PRW58657.1           -           1344 3254at3041           -            397   6.4e-11   40.8   4.6   5   6     0.054       4.5    5.1   0.0   300   353   655   707   645   713 0.81 -
PRW58657.1           -           1344 3254at3041           -            397   6.4e-11   40.8   4.6   6   6    0.0053      0.44    8.4   0.1   195   230   731   765   726   775 0.89 -
PRW39198.1           -           1816 3254at3041           -            397   6.5e-11   40.8  11.1   1   2   9.8e-11   8.2e-09   33.9   2.7   194   339    12   169     4   177 0.79 -
PRW39198.1           -           1816 3254at3041           -            397   6.5e-11   40.8  11.1   2   2   0.00059     0.049   11.6   1.3   214   337   184   318   178   320 0.69 -
PRW39197.1           -           1821 3254at3041           -            397   6.5e-11   40.8  11.1   1   2   9.9e-11   8.2e-09   33.9   2.7   194   339    12   169     4   177 0.79 -
PRW39197.1           -           1821 3254at3041           -            397   6.5e-11   40.8  11.1   2   2   0.00059     0.049   11.6   1.3   214   337   184   318   178   320 0.69 -
PRW45097.1           -            875 3254at3041           -            397   6.7e-11   40.8   3.8   1   3      0.02       1.7    6.5   0.0   244   277   542   575   521   580 0.81 -
PRW45097.1           -            875 3254at3041           -            397   6.7e-11   40.8   3.8   2   3     2e-05    0.0016   16.4   0.0   286   354   671   740   664   745 0.87 -
PRW45097.1           -            875 3254at3041           -            397   6.7e-11   40.8   3.8   3   3   2.9e-05    0.0024   15.9   1.5   330   395   762   829   744   831 0.78 -
PRW57951.1           -            352 3254at3041           -            397     8e-11   40.5   1.4   1   2   1.4e-06   0.00012   20.2   0.2   201   275   131   203   109   211 0.85 -
PRW57951.1           -            352 3254at3041           -            397     8e-11   40.5   1.4   2   2   2.2e-07   1.9e-05   22.8   0.1   213   310   184   289   181   296 0.75 -
PRW57352.1           -           1500 3254at3041           -            397   1.6e-10   39.5   3.7   1   3     0.017       1.4    6.8   0.0   214   270   428   493   405   504 0.73 -
PRW57352.1           -           1500 3254at3041           -            397   1.6e-10   39.5   3.7   2   3   5.6e-09   4.6e-07   28.1   1.3   194   284   520   604   498   618 0.77 -
PRW57352.1           -           1500 3254at3041           -            397   1.6e-10   39.5   3.7   3   3      0.34        28    2.5   0.0   297   394   657   752   645   755 0.61 -
PRW58237.1           -           1102 3254at3041           -            397   1.6e-10   39.5   2.8   1   4       3.1   2.6e+02   -0.7   0.0   133   161   139   167   131   173 0.87 -
PRW58237.1           -           1102 3254at3041           -            397   1.6e-10   39.5   2.8   2   4      0.12        10    4.0   0.3   365   395   245   276   232   278 0.84 -
PRW58237.1           -           1102 3254at3041           -            397   1.6e-10   39.5   2.8   3   4      0.57        47    1.8   0.0   321   353   287   318   276   322 0.85 -
PRW58237.1           -           1102 3254at3041           -            397   1.6e-10   39.5   2.8   4   4   1.7e-09   1.4e-07   29.8   0.1   239   393   521   675   516   679 0.83 -
PRW60384.1           -           2136 3254at3041           -            397   2.1e-10   39.1   1.3   1   2   1.8e-08   1.5e-06   26.4   1.0   231   364  1772  1907  1750  1938 0.73 -
PRW60384.1           -           2136 3254at3041           -            397   2.1e-10   39.1   1.3   2   2    0.0012       0.1   10.5   0.0   210   230  2005  2025  1963  2035 0.75 -
PRW59922.1           -            583 3254at3041           -            397   4.8e-10   37.9   0.2   1   3   6.3e-08   5.2e-06   24.7   0.1   195   276   276   357   251   363 0.91 -
PRW59922.1           -            583 3254at3041           -            397   4.8e-10   37.9   0.2   2   3     0.042       3.5    5.5   0.0   339   367   386   414   366   434 0.75 -
PRW59922.1           -            583 3254at3041           -            397   4.8e-10   37.9   0.2   3   3      0.13        11    3.8   0.0   216   271   474   529   459   549 0.73 -
PRW59923.1           -            585 3254at3041           -            397   4.8e-10   37.9   0.2   1   3   6.3e-08   5.3e-06   24.6   0.1   195   276   278   359   253   365 0.91 -
PRW59923.1           -            585 3254at3041           -            397   4.8e-10   37.9   0.2   2   3     0.042       3.5    5.5   0.0   339   367   388   416   368   436 0.75 -
PRW59923.1           -            585 3254at3041           -            397   4.8e-10   37.9   0.2   3   3      0.13        11    3.8   0.0   216   271   476   531   461   551 0.73 -
PRW60702.1           -            588 3254at3041           -            397   6.9e-10   37.4   0.3   1   3      0.05       4.1    5.2   0.0   322   394    29   108    18   110 0.71 -
PRW60702.1           -            588 3254at3041           -            397   6.9e-10   37.4   0.3   2   3     0.016       1.3    6.9   0.0   214   251    95   133    89   139 0.87 -
PRW60702.1           -            588 3254at3041           -            397   6.9e-10   37.4   0.3   3   3   1.6e-08   1.3e-06   26.6   0.0   214   370   137   310   119   330 0.70 -
PRW44605.1           -            872 3254at3041           -            397   7.2e-10   37.4   1.2   1   2   9.8e-07   8.1e-05   20.7   0.1   279   357   536   615   528   622 0.88 -
PRW44605.1           -            872 3254at3041           -            397   7.2e-10   37.4   1.2   2   2   6.1e-05    0.0051   14.8   0.1   298   386   645   732   628   742 0.77 -
PRW59690.1           -            779 3254at3041           -            397     1e-09   36.9   3.6   1   4        10   8.3e+02   -2.3   0.1   326   354    87   116    76   119 0.79 -
PRW59690.1           -            779 3254at3041           -            397     1e-09   36.9   3.6   2   4   0.00097      0.08   10.9   0.1   337   396   491   559   473   560 0.68 -
PRW59690.1           -            779 3254at3041           -            397     1e-09   36.9   3.6   3   4   3.3e-08   2.7e-06   25.6   1.1   196   329   527   661   510   686 0.81 -
PRW59690.1           -            779 3254at3041           -            397     1e-09   36.9   3.6   4   4   5.2e-06   0.00043   18.3   0.0   215   353   630   777   626   778 0.81 -
PRW45076.1           -            330 3254at3041           -            397   1.6e-09   36.2   0.1   1   2    0.0033      0.28    9.1   0.0   318   388     4    75     2    83 0.80 -
PRW45076.1           -            330 3254at3041           -            397   1.6e-09   36.2   0.1   2   2   5.7e-08   4.7e-06   24.8   0.0   292   387   159   254   151   263 0.82 -
PRW57699.1           -            340 3254at3041           -            397   2.1e-09   35.9   1.0   1   2   3.5e-05    0.0029   15.6   0.3   197   276    61   139    56   143 0.81 -
PRW57699.1           -            340 3254at3041           -            397   2.1e-09   35.9   1.0   2   2   4.8e-06    0.0004   18.5   0.0   199   354   149   302   140   317 0.80 -
PRW58221.1           -            370 3254at3041           -            397   4.2e-09   34.8  17.6   1   4    0.0022      0.18    9.7   0.2   195   233    11    48     4    55 0.85 -
PRW58221.1           -            370 3254at3041           -            397   4.2e-09   34.8  17.6   2   4     3e-07   2.5e-05   22.4   2.7   191   292    70   177    55   179 0.82 -
PRW58221.1           -            370 3254at3041           -            397   4.2e-09   34.8  17.6   3   4   0.00035     0.029   12.3   5.2   213   317   135   249   133   288 0.56 -
PRW58221.1           -            370 3254at3041           -            397   4.2e-09   34.8  17.6   4   4     0.037       3.1    5.6   0.5   196   269   212   289   204   315 0.70 -
PRW61015.1           -            813 3254at3041           -            397   4.8e-09   34.7   5.2   1   2     0.017       1.4    6.8   0.1   284   395    33   145    26   152 0.61 -
PRW61015.1           -            813 3254at3041           -            397   4.8e-09   34.7   5.2   2   2   4.3e-09   3.6e-07   28.5   0.2   189   263   203   275   197   342 0.81 -
PRW44887.1           -            560 3254at3041           -            397   9.9e-09   33.6   0.2   1   2       1.4   1.1e+02    0.5   0.0   330   356   334   360   328   373 0.85 -
PRW44887.1           -            560 3254at3041           -            397   9.9e-09   33.6   0.2   2   2   1.4e-09   1.2e-07   30.1   0.1   214   353   413   558   409   559 0.83 -
PRW57673.1           -            829 3254at3041           -            397   1.8e-08   32.8   1.0   1   3       1.8   1.5e+02    0.1   0.1   324   354   443   474   433   476 0.67 -
PRW57673.1           -            829 3254at3041           -            397   1.8e-08   32.8   1.0   2   3   5.6e-08   4.7e-06   24.8   0.0   240   363   565   696   560   714 0.77 -
PRW57673.1           -            829 3254at3041           -            397   1.8e-08   32.8   1.0   3   3     0.087       7.2    4.4   0.0   191   243   700   752   689   796 0.61 -
PRW60254.1           -            333 3254at3041           -            397   2.3e-08   32.4   6.3   1   3         5   4.2e+02   -1.4   0.0   209   243    77   111    44   121 0.73 -
PRW60254.1           -            333 3254at3041           -            397   2.3e-08   32.4   6.3   2   3   9.6e-10   7.9e-08   30.6   5.2   210   360   126   288   105   320 0.74 -
PRW60254.1           -            333 3254at3041           -            397   2.3e-08   32.4   6.3   3   3       3.3   2.8e+02   -0.8   0.0   244   268   304   329   302   330 0.84 -
PRW57155.1           -           1479 3254at3041           -            397   3.2e-08   31.9   0.2   1   4   0.00031     0.026   12.5   0.0   199   244   467   509   442   515 0.82 -
PRW57155.1           -           1479 3254at3041           -            397   3.2e-08   31.9   0.2   2   4    0.0005     0.042   11.8   0.1   215   272   672   726   653   727 0.87 -
PRW57155.1           -           1479 3254at3041           -            397   3.2e-08   31.9   0.2   3   4    0.0013      0.11   10.4   0.0   213   244   710   741   697   746 0.86 -
PRW57155.1           -           1479 3254at3041           -            397   3.2e-08   31.9   0.2   4   4       5.6   4.7e+02   -1.5   0.0   214   233   807   826   802   837 0.76 -
PRW58435.1           -            338 3254at3041           -            397   4.1e-08   31.6   0.1   1   2   1.2e-07   9.7e-06   23.8   0.0   252   356    26   128    19   170 0.79 -
PRW58435.1           -            338 3254at3041           -            397   4.1e-08   31.6   0.1   2   2     0.031       2.6    5.9   0.0   284   344   243   302   216   307 0.70 -
PRW32885.1           -            704 3254at3041           -            397   6.1e-08   31.0   0.0   1   2   1.8e-05    0.0015   16.6   0.0   284   356    67   139    61   147 0.90 -
PRW32885.1           -            704 3254at3041           -            397   6.1e-08   31.0   0.0   2   2   0.00046     0.038   11.9   0.0   194   356   208   243   165   274 0.73 -
PRW57315.1           -           1812 3254at3041           -            397   7.8e-08   30.7   1.0   1   5   1.9e-05    0.0016   16.5   0.1   318   395  1108  1191  1099  1193 0.80 -
PRW57315.1           -           1812 3254at3041           -            397   7.8e-08   30.7   1.0   2   5       1.1        91    0.8   0.0   294   364  1228  1300  1216  1332 0.73 -
PRW57315.1           -           1812 3254at3041           -            397   7.8e-08   30.7   1.0   3   5       1.2        97    0.7   0.0   217   238  1333  1354  1327  1359 0.86 -
PRW57315.1           -           1812 3254at3041           -            397   7.8e-08   30.7   1.0   4   5       5.9   4.9e+02   -1.6   0.0   215   228  1421  1434  1411  1446 0.58 -
PRW57315.1           -           1812 3254at3041           -            397   7.8e-08   30.7   1.0   5   5     0.028       2.3    6.0   0.0   321   363  1535  1577  1519  1593 0.83 -
PRW20660.1           -            280 3254at3041           -            397   2.5e-07   29.0   1.2   1   2   5.6e-07   4.6e-05   21.5   0.3   238   310    41   119    21   205 0.69 -
PRW20660.1           -            280 3254at3041           -            397   2.5e-07   29.0   1.2   2   2     0.025       2.1    6.2   0.0   233   272   231   269   193   278 0.55 -
PRW59913.1           -           1530 3254at3041           -            397   2.6e-07   28.9   4.5   1   5      0.26        22    2.9   0.1   274   347   213   283   180   308 0.44 -
PRW59913.1           -           1530 3254at3041           -            397   2.6e-07   28.9   4.5   2   5     0.055       4.6    5.1   0.0   328   395   457   524   425   526 0.70 -
PRW59913.1           -           1530 3254at3041           -            397   2.6e-07   28.9   4.5   3   5   1.2e-06    0.0001   20.4   0.2   212   394   467   657   453   660 0.76 -
PRW59913.1           -           1530 3254at3041           -            397   2.6e-07   28.9   4.5   4   5       1.9   1.6e+02    0.0   0.0   263   330  1259  1286  1228  1385 0.63 -
PRW59913.1           -           1530 3254at3041           -            397   2.6e-07   28.9   4.5   5   5       2.7   2.2e+02   -0.5   0.1   354   394  1443  1482  1405  1485 0.80 -
PRW57254.1           -            347 3254at3041           -            397   3.7e-07   28.4   0.9   1   2     0.015       1.2    6.9   0.2   296   366    41   112    25   124 0.59 -
PRW57254.1           -            347 3254at3041           -            397   3.7e-07   28.4   0.9   2   2   3.2e-06   0.00027   19.0   0.1   211   355   124   274   107   287 0.75 -
PRW61122.1           -            793 3254at3041           -            397   5.1e-07   28.0   0.1   1   3         1        84    0.9   0.0   213   271    50   115    39   168 0.64 -
PRW61122.1           -            793 3254at3041           -            397   5.1e-07   28.0   0.1   2   3   0.00016     0.013   13.4   0.1   232   346   172   292   148   303 0.77 -
PRW61122.1           -            793 3254at3041           -            397   5.1e-07   28.0   0.1   3   3    0.0031      0.25    9.2   0.0   314   361   495   541   462   546 0.81 -
PRW59011.1           -            798 3254at3041           -            397   5.8e-07   27.8   0.0   1   2   2.4e-05     0.002   16.2   0.0   191   269   442   518   438   553 0.82 -
PRW59011.1           -            798 3254at3041           -            397   5.8e-07   27.8   0.0   2   2    0.0035      0.29    9.0   0.0   213   352   600   739   589   750 0.80 -
PRW20874.1           -            517 3254at3041           -            397   6.6e-07   27.6   1.2   1   3   1.6e-05    0.0014   16.7   0.0   297   357   240   299   229   306 0.86 -
PRW20874.1           -            517 3254at3041           -            397   6.6e-07   27.6   1.2   2   3     0.022       1.8    6.4   0.1   196   270   307   376   302   392 0.78 -
PRW20874.1           -            517 3254at3041           -            397   6.6e-07   27.6   1.2   3   3       4.2   3.5e+02   -1.1   0.0   212   230   424   442   409   446 0.70 -
PRW33703.1           -            805 3254at3041           -            397   1.3e-06   26.6   0.0   1   1   1.7e-07   1.4e-05   23.3   0.0   196   316    52   172    42   269 0.88 -
PRW20712.1           -            515 3254at3041           -            397   1.3e-06   26.6   0.2   1   2   1.2e-05   0.00097   17.2   0.2   281   355   117   195    65   207 0.74 -
PRW20712.1           -            515 3254at3041           -            397   1.3e-06   26.6   0.2   2   2     0.022       1.9    6.4   0.0   214   301   254   351   233   383 0.67 -
PRW58556.1           -            980 3254at3041           -            397   1.4e-06   26.6   0.1   1   3     0.003      0.25    9.2   0.0   194   235   613   653   588   707 0.76 -
PRW58556.1           -            980 3254at3041           -            397   1.4e-06   26.6   0.1   2   3      0.11       8.9    4.1   0.0   319   373   805   859   791   875 0.80 -
PRW58556.1           -            980 3254at3041           -            397   1.4e-06   26.6   0.1   3   3     0.003      0.25    9.3   0.0   297   357   909   977   900   979 0.74 -
PRW61418.1           -            370 3254at3041           -            397   2.6e-06   25.6   0.2   1   1   4.5e-08   3.8e-06   25.1   0.2   213   332   204   333   186   367 0.76 -
PRW32536.1           -            510 3254at3041           -            397   3.1e-06   25.4   0.4   1   2     0.052       4.3    5.2   0.0   215   267   170   221   162   230 0.63 -
PRW32536.1           -            510 3254at3041           -            397   3.1e-06   25.4   0.4   2   2   6.3e-06   0.00052   18.1   0.1   287   354   435   500   420   507 0.72 -
PRW32537.1           -            510 3254at3041           -            397   3.1e-06   25.4   0.4   1   2     0.052       4.3    5.2   0.0   215   267   170   221   162   230 0.63 -
PRW32537.1           -            510 3254at3041           -            397   3.1e-06   25.4   0.4   2   2   6.3e-06   0.00052   18.1   0.1   287   354   435   500   420   507 0.72 -
PRW58271.1           -            456 3254at3041           -            397   3.3e-06   25.3   0.7   1   3      0.31        26    2.6   0.0   168   222    14    71    11    91 0.85 -
PRW58271.1           -            456 3254at3041           -            397   3.3e-06   25.3   0.7   2   3   1.7e-06   0.00014   19.9   0.1   274   396    98   222    94   223 0.85 -
PRW58271.1           -            456 3254at3041           -            397   3.3e-06   25.3   0.7   3   3       6.8   5.6e+02   -1.8   0.0   317   356   284   321   271   353 0.71 -
PRW56246.1           -            786 3254at3041           -            397   5.6e-06   24.5   0.0   1   3     0.068       5.7    4.8   0.0   212   250   310   353   302   358 0.79 -
PRW56246.1           -            786 3254at3041           -            397   5.6e-06   24.5   0.0   2   3       5.5   4.6e+02   -1.5   0.0   341   394   358   410   349   413 0.53 -
PRW56246.1           -            786 3254at3041           -            397   5.6e-06   24.5   0.0   3   3   2.1e-05    0.0017   16.3   0.0   195   315   525   640   499   662 0.67 -
PRW55973.1           -            422 3254at3041           -            397   6.5e-06   24.3   0.2   1   2   0.00064     0.053   11.5   0.2   212   284    41   111    28   114 0.76 -
PRW55973.1           -            422 3254at3041           -            397   6.5e-06   24.3   0.2   2   2    0.0074      0.61    8.0   0.0   188   272   245   330   223   338 0.72 -
PRW45092.1           -            408 3254at3041           -            397   7.9e-06   24.1   0.0   1   2     0.043       3.6    5.4   0.0   235   272    10    46     5    53 0.86 -
PRW45092.1           -            408 3254at3041           -            397   7.9e-06   24.1   0.0   2   2   2.4e-05     0.002   16.2   0.0   297   354   344   400   336   402 0.89 -
PRW20425.1           -            432 3254at3041           -            397   1.1e-05   23.6   0.1   1   2      0.88        73    1.1   0.0   288   342   224   277   204   283 0.69 -
PRW20425.1           -            432 3254at3041           -            397   1.1e-05   23.6   0.1   2   2   1.1e-06   8.8e-05   20.6   0.0   284   395   262   374   254   376 0.80 -
PRW33905.1           -            639 3254at3041           -            397   1.2e-05   23.4   1.5   1   3      0.14        12    3.8   0.1   337   388     6    58     1    67 0.73 -
PRW33905.1           -            639 3254at3041           -            397   1.2e-05   23.4   1.5   2   3    0.0031      0.26    9.2   0.3   302   359    98   154    78   197 0.75 -
PRW33905.1           -            639 3254at3041           -            397   1.2e-05   23.4   1.5   3   3     0.014       1.2    7.0   0.0   202   231   298   324   263   356 0.68 -
PRW44385.1           -           1049 3254at3041           -            397   1.3e-05   23.3   0.0   1   1   3.8e-07   3.2e-05   22.1   0.0   196   294   400   504   389   516 0.64 -
PRW45201.1           -            478 3254at3041           -            397   1.6e-05   23.1   0.1   1   2       2.2   1.8e+02   -0.2   0.0   333   394   143   163   123   174 0.65 -
PRW45201.1           -            478 3254at3041           -            397   1.6e-05   23.1   0.1   2   2   2.4e-06    0.0002   19.4   0.0   238   332   304   404   257   464 0.72 -
PRW57681.1           -            473 3254at3041           -            397   1.9e-05   22.8   4.9   1   3   0.00051     0.042   11.8   0.0   318   373   202   258   188   269 0.76 -
PRW57681.1           -            473 3254at3041           -            397   1.9e-05   22.8   4.9   2   3    0.0011     0.093   10.7   0.9   333   379   377   423   370   439 0.81 -
PRW57681.1           -            473 3254at3041           -            397   1.9e-05   22.8   4.9   3   3       1.3   1.1e+02    0.5   0.0   189   229   433   471   428   472 0.79 -
PRW59452.1           -           1635 3254at3041           -            397   2.8e-05   22.3   1.7   1   3   0.00015     0.012   13.6   0.0   231   355    32   165    17   167 0.79 -
PRW59452.1           -           1635 3254at3041           -            397   2.8e-05   22.3   1.7   2   3   0.00051     0.043   11.8   0.0   213   328    56   182    53   218 0.71 -
PRW59452.1           -           1635 3254at3041           -            397   2.8e-05   22.3   1.7   3   3     0.046       3.8    5.4   0.0   199   266   500   567   464   580 0.81 -
PRW56987.1           -            262 3254at3041           -            397   2.9e-05   22.2   0.6   1   2   3.7e-06    0.0003   18.8   0.0   193   259    62   126    37   135 0.77 -
PRW56987.1           -            262 3254at3041           -            397   2.9e-05   22.2   0.6   2   2      0.29        24    2.7   0.2   214   242   124   153   120   173 0.81 -
PRW56243.1           -           3077 3254at3041           -            397     4e-05   21.7   0.0   1   1   4.8e-07     4e-05   21.7   0.0   217   313  1822  1917  1804  1933 0.89 -
PRW44244.1           -            338 3254at3041           -            397     4e-05   21.7   2.8   1   2     0.027       2.3    6.1   0.1   213   231   157   175   153   179 0.87 -
PRW44244.1           -            338 3254at3041           -            397     4e-05   21.7   2.8   2   2     0.012      0.97    7.3   0.2   327   367   208   248   200   270 0.71 -
PRW60676.1           -            872 3254at3041           -            397   5.3e-05   21.4   0.0   1   1   5.5e-06   0.00046   18.3   0.0   244   384   224   373   207   377 0.77 -
PRW57205.1           -           1844 3254at3041           -            397   5.3e-05   21.4   0.1   1   2     0.074       6.1    4.7   0.0   215   260    29    81    23    88 0.74 -
PRW57205.1           -           1844 3254at3041           -            397   5.3e-05   21.4   0.1   2   2   0.00017     0.014   13.4   0.1   185   275   112   203    85   211 0.78 -
PRW44429.1           -            824 3254at3041           -            397   5.5e-05   21.3   3.8   1   4     0.011       0.9    7.4   0.2   320   395   500   576   495   578 0.69 -
PRW44429.1           -            824 3254at3041           -            397   5.5e-05   21.3   3.8   2   4      0.02       1.6    6.5   0.1   222   282   570   626   559   630 0.87 -
PRW44429.1           -            824 3254at3041           -            397   5.5e-05   21.3   3.8   3   4     0.053       4.4    5.2   0.0   215   240   650   675   628   685 0.81 -
PRW44429.1           -            824 3254at3041           -            397   5.5e-05   21.3   3.8   4   4      0.47        39    2.0   0.0   288   395   705   812   680   814 0.66 -
PRW59540.1           -           1099 3254at3041           -            397   8.7e-05   20.6   0.1   1   2      0.46        38    2.0   0.1   215   233   635   653   632   667 0.81 -
PRW59540.1           -           1099 3254at3041           -            397   8.7e-05   20.6   0.1   2   2   2.8e-05    0.0023   15.9   0.0   237   276   716   755   708   817 0.90 -
PRW20427.1           -            479 3254at3041           -            397    0.0001   20.4   0.1   1   2      0.45        37    2.1   0.0   326   354    27    54    11    64 0.48 -
PRW20427.1           -            479 3254at3041           -            397    0.0001   20.4   0.1   2   2   3.3e-05    0.0027   15.7   0.0   208   270   166   229   156   241 0.87 -
PRW57088.1           -           1505 3254at3041           -            397   0.00011   20.3   2.0   1   2     0.015       1.3    6.9   0.2   301   354  1246  1300  1235  1302 0.80 -
PRW57088.1           -           1505 3254at3041           -            397   0.00011   20.3   2.0   2   2   0.00028     0.023   12.6   0.2   286   396  1326  1438  1310  1439 0.76 -
PRW39135.1           -            651 3254at3041           -            397   0.00016   19.7   0.3   1   3         4   3.3e+02   -1.0   0.0   330   353   172   195   150   197 0.74 -
PRW39135.1           -            651 3254at3041           -            397   0.00016   19.7   0.3   2   3   0.00083     0.069   11.1   0.0   319   366   218   267   214   292 0.75 -
PRW39135.1           -            651 3254at3041           -            397   0.00016   19.7   0.3   3   3     0.052       4.4    5.2   0.0   214   313   314   417   310   443 0.69 -
PRW51107.1           -            870 3254at3041           -            397   0.00034   18.7   0.0   1   1   7.2e-06    0.0006   17.9   0.0   202   275    54   126    36   164 0.86 -
PRW57644.1           -           1686 3254at3041           -            397   0.00052   18.1  10.8   1   2     8e-05    0.0066   14.4   0.2   194   354   660   816   646   818 0.73 -
PRW57644.1           -           1686 3254at3041           -            397   0.00052   18.1  10.8   2   2      0.03       2.5    6.0   0.0   251   354   847   954   839   962 0.82 -
PRW44237.1           -            326 3254at3041           -            397    0.0011   17.1   0.0   1   2       1.4   1.1e+02    0.5   0.0   313   354    18    61     8    84 0.73 -
PRW44237.1           -            326 3254at3041           -            397    0.0011   17.1   0.0   2   2    0.0005     0.042   11.8   0.0   301   395   230   325   143   325 0.85 -
PRW32940.1           -           1020 3254at3041           -            397    0.0015   16.6   0.6   1   3    0.0023      0.19    9.7   0.3   187   268   613   701   600   704 0.64 -
PRW32940.1           -           1020 3254at3041           -            397    0.0015   16.6   0.6   2   3      0.17        14    3.5   0.1   195   227   672   703   659   720 0.83 -
PRW32940.1           -           1020 3254at3041           -            397    0.0015   16.6   0.6   3   3      0.51        42    1.9   0.0   297   322   872   897   865   910 0.82 -
PRW58113.1           -            559 3254at3041           -            397    0.0021   16.1   0.0   1   2   0.00014     0.011   13.7   0.0   294   356    92   154    56   162 0.84 -
PRW58113.1           -            559 3254at3041           -            397    0.0021   16.1   0.0   2   2       3.6     3e+02   -0.9   0.0   197   209   167   179   159   223 0.57 -
PRW33253.1           -            918 3254at3041           -            397    0.0022   16.0   0.9   1   3     0.048         4    5.3   0.1   305   395    89   178    13   180 0.78 -
PRW33253.1           -            918 3254at3041           -            397    0.0022   16.0   0.9   2   3    0.0064      0.53    8.2   0.0   209   293   256   335   208   358 0.68 -
PRW33253.1           -            918 3254at3041           -            397    0.0022   16.0   0.9   3   3       7.6   6.3e+02   -2.0   0.0    22    69   780   828   765   843 0.62 -
PRW20532.1           -            370 3254at3041           -            397    0.0039   15.2   0.0   1   2    0.0066      0.55    8.1   0.0   300   354    95   154    79   186 0.78 -
PRW20532.1           -            370 3254at3041           -            397    0.0039   15.2   0.0   2   2     0.089       7.4    4.4   0.0   243   268   335   360   326   366 0.88 -
PRW56762.1           -            814 3254at3041           -            397    0.0045   15.0   0.1   1   2      0.62        52    1.6   0.0   375   396   115   136    63   137 0.77 -
PRW56762.1           -            814 3254at3041           -            397    0.0045   15.0   0.1   2   2    0.0043      0.36    8.7   0.0   215   271   162   218   152   236 0.77 -
PRW32515.1           -           1758 3254at3041           -            397    0.0075   14.3   1.2   1   3       2.3     2e+02   -0.3   0.0   291   340  1355  1406  1335  1423 0.78 -
PRW32515.1           -           1758 3254at3041           -            397    0.0075   14.3   1.2   2   3       9.3   7.7e+02   -2.2   0.0   206   237  1475  1507  1472  1516 0.76 -
PRW32515.1           -           1758 3254at3041           -            397    0.0075   14.3   1.2   3   3   0.00074     0.061   11.3   0.1   312   394  1627  1718  1620  1721 0.73 -
PRW58464.1           -            769 3254at3041           -            397     0.028   12.4   0.1   1   2       5.1   4.2e+02   -1.4   0.0   322   356   448   481   436   516 0.55 -
PRW58464.1           -            769 3254at3041           -            397     0.028   12.4   0.1   2   2    0.0013      0.11   10.4   0.0   296   357   612   676   605   710 0.78 -
PRW32988.1           -            133 3254at3041           -            397     0.048   11.6   0.5   1   1   0.00076     0.063   11.2   0.4    25    74    26    73    21   112 0.75 -
PRW50831.1           -            333 3254at3041           -            397     0.052   11.5   0.0   1   1    0.0014      0.11   10.4   0.0   200   277   204   279   193   328 0.67 -
PRW55930.1           -            384 3254at3041           -            397     0.064   11.2   0.0   1   2      0.01      0.87    7.5   0.0   247   347    82   185    69   232 0.59 -
PRW55930.1           -            384 3254at3041           -            397     0.064   11.2   0.0   2   2      0.68        57    1.5   0.0   254   282   330   358   313   370 0.86 -
PRW33737.1           -            562 3254at3041           -            397     0.099   10.6   0.0   1   1    0.0036       0.3    9.0   0.0   293   369   375   451   367   462 0.81 -
PRW58624.1           -            681 3254at3041           -            397      0.16    9.9   0.0   1   3     0.002      0.16    9.9   0.0   270   316   203   249   198   262 0.90 -
PRW58624.1           -            681 3254at3041           -            397      0.16    9.9   0.0   2   3       3.3   2.7e+02   -0.8   0.0   295   324   340   369   333   394 0.66 -
PRW58624.1           -            681 3254at3041           -            397      0.16    9.9   0.0   3   3         2   1.7e+02   -0.1   0.0   286   311   487   512   469   574 0.82 -
PRW44562.1           -            395 3254at3041           -            397         1    7.2   3.9   1   2      0.48        40    2.0   0.1   320   395   144   222   135   233 0.58 -
PRW44562.1           -            395 3254at3041           -            397         1    7.2   3.9   2   2     0.037       3.1    5.7   1.1   326   373   251   298   237   319 0.66 -
PRW45083.1           -           2097 3254at3041           -            397       1.1    7.1  18.4   1   2   0.00083     0.069   11.1   0.1   236   352   544   666   539   674 0.50 -
PRW45083.1           -           2097 3254at3041           -            397       1.1    7.1  18.4   2   2     0.015       1.3    6.9   0.0   287   353   927   992   920   998 0.57 -
#
# Program:         hmmsearch
# Version:         3.1b2 (February 2015)
# Pipeline mode:   SEARCH
# Query file:      /Users/catrionaharrison/Documents/Bioinformatics/rp2/Data/genomes/busco/busco_downloads/lineages/chlorophyta_odb10/hmms/3254at3041.hmm
# Target file:     /Users/catrionaharrison/Documents/Bioinformatics/rp2/Data/genomes/busco/data/chlorella_sorokiniana.prot.fasta
# Option settings: hmmsearch --domtblout /Users/catrionaharrison/Documents/Bioinformatics/rp2/Data/genomes/busco/Busco_sorokiniana/run_chlorophyta_odb10/hmmer_output/initial_run_results/3254at3041.out --cpu 1 /Users/catrionaharrison/Documents/Bioinformatics/rp2/Data/genomes/busco/busco_downloads/lineages/chlorophyta_odb10/hmms/3254at3041.hmm /Users/catrionaharrison/Documents/Bioinformatics/rp2/Data/genomes/busco/data/chlorella_sorokiniana.prot.fasta 
# Current dir:     /Users/catrionaharrison/Documents/Bioinformatics/rp2/Data/genomes/busco
# Date:            Fri Jul 22 14:32:20 2022
# [ok]
