#                                                                            --- full sequence --- -------------- this domain -------------   hmm coord   ali coord   env coord
# target name        accession   tlen query name           accession   qlen   E-value  score  bias   #  of  c-Evalue  i-Evalue  score  bias  from    to  from    to  from    to  acc description of target
#------------------- ---------- ----- -------------------- ---------- ----- --------- ------ ----- --- --- --------- --------- ------ ----- ----- ----- ----- ----- ----- ----- ---- ---------------------
PRW59947.1           -           1373 3391at3041           -            293  6.5e-146  484.3   0.1   1   1  8.2e-149  1.1e-145  483.6   0.1     1   289   571   892   571   896 0.93 -
PRW60062.1           -            495 3391at3041           -            293     1e-06   27.4   0.1   1   1   1.2e-09   1.6e-06   26.8   0.1   186   292   110   215    86   216 0.81 -
PRW45269.1           -            469 3391at3041           -            293   2.2e-05   23.1   2.9   1   2      0.17   2.2e+02    0.1   0.0    68   114    69   128    64   136 0.65 -
PRW45269.1           -            469 3391at3041           -            293   2.2e-05   23.1   2.9   2   2   4.8e-08   6.2e-05   21.6   0.8   141   292   187   352   180   353 0.64 -
PRW20369.1           -            311 3391at3041           -            293   3.7e-05   22.3   0.4   1   1   3.8e-08   4.9e-05   21.9   0.4   177   291   171   289   118   291 0.74 -
PRW59942.1           -            395 3391at3041           -            293   5.3e-05   21.8   3.2   1   1   6.4e-08   8.4e-05   21.1   3.2   197   280   282   362   272   373 0.75 -
PRW60137.1           -           1284 3391at3041           -            293   0.00022   19.8   0.0   1   1   3.6e-07   0.00047   18.7   0.0   187   292   299   422   281   423 0.76 -
PRW58482.1           -            739 3391at3041           -            293    0.0021   16.5   0.0   1   1   3.3e-06    0.0043   15.5   0.0   229   290   263   325   203   328 0.63 -
PRW57376.1           -            362 3391at3041           -            293     0.032   12.7   0.0   1   1   3.7e-05     0.048   12.1   0.0   240   273   249   282   203   299 0.69 -
#
# Program:         hmmsearch
# Version:         3.1b2 (February 2015)
# Pipeline mode:   SEARCH
# Query file:      /Users/catrionaharrison/Documents/Bioinformatics/rp2/Data/genomes/busco/busco_downloads/lineages/chlorophyta_odb10/hmms/3391at3041.hmm
# Target file:     /Users/catrionaharrison/Documents/Bioinformatics/rp2/Data/genomes/busco/data/chlorella_sorokiniana.prot.fasta
# Option settings: hmmsearch --domtblout /Users/catrionaharrison/Documents/Bioinformatics/rp2/Data/genomes/busco/Busco_sorokiniana/run_chlorophyta_odb10/hmmer_output/initial_run_results/3391at3041.out --cpu 1 /Users/catrionaharrison/Documents/Bioinformatics/rp2/Data/genomes/busco/busco_downloads/lineages/chlorophyta_odb10/hmms/3391at3041.hmm /Users/catrionaharrison/Documents/Bioinformatics/rp2/Data/genomes/busco/data/chlorella_sorokiniana.prot.fasta 
# Current dir:     /Users/catrionaharrison/Documents/Bioinformatics/rp2/Data/genomes/busco
# Date:            Fri Jul 22 14:33:08 2022
# [ok]
