#                                                                            --- full sequence --- -------------- this domain -------------   hmm coord   ali coord   env coord
# target name        accession   tlen query name           accession   qlen   E-value  score  bias   #  of  c-Evalue  i-Evalue  score  bias  from    to  from    to  from    to  acc description of target
#------------------- ---------- ----- -------------------- ---------- ----- --------- ------ ----- --- --- --------- --------- ------ ----- ----- ----- ----- ----- ----- ----- ---- ---------------------
PRW56586.1           -            240 3554at3041           -            173  4.1e-104  344.8   0.7   1   1    2e-107  5.2e-104  344.4   0.7     5   173    70   239    66   239 0.98 -
PRW51027.1           -           1401 3554at3041           -            173    0.0003   19.7   0.3   1   1   2.4e-07   0.00062   18.7   0.3    71   136   201   270   174   284 0.75 -
PRW56960.1           -            677 3554at3041           -            173     0.002   17.0   5.5   1   3      0.48   1.3e+03   -1.9   0.0    80   111   119   150   111   155 0.86 -
PRW56960.1           -            677 3554at3041           -            173     0.002   17.0   5.5   2   3    0.0056        15    4.4   0.1    94   126   175   205   171   215 0.80 -
PRW56960.1           -            677 3554at3041           -            173     0.002   17.0   5.5   3   3     1e-05     0.026   13.4   1.0    73    99   233   259   217   284 0.82 -
PRW60751.1           -           2054 3554at3041           -            173      0.11   11.3   1.6   1   2   9.5e-05      0.25   10.2   0.3    73    97   682   706   676   715 0.89 -
PRW60751.1           -           2054 3554at3041           -            173      0.11   11.3   1.6   2   2      0.27     7e+02   -1.0   0.0   113   127   744   758   724   776 0.77 -
#
# Program:         hmmsearch
# Version:         3.1b2 (February 2015)
# Pipeline mode:   SEARCH
# Query file:      /Users/catrionaharrison/Documents/Bioinformatics/rp2/Data/genomes/busco/busco_downloads/lineages/chlorophyta_odb10/hmms/3554at3041.hmm
# Target file:     /Users/catrionaharrison/Documents/Bioinformatics/rp2/Data/genomes/busco/data/chlorella_sorokiniana.prot.fasta
# Option settings: hmmsearch --domtblout /Users/catrionaharrison/Documents/Bioinformatics/rp2/Data/genomes/busco/Busco_sorokiniana/run_chlorophyta_odb10/hmmer_output/initial_run_results/3554at3041.out --cpu 1 /Users/catrionaharrison/Documents/Bioinformatics/rp2/Data/genomes/busco/busco_downloads/lineages/chlorophyta_odb10/hmms/3554at3041.hmm /Users/catrionaharrison/Documents/Bioinformatics/rp2/Data/genomes/busco/data/chlorella_sorokiniana.prot.fasta 
# Current dir:     /Users/catrionaharrison/Documents/Bioinformatics/rp2/Data/genomes/busco
# Date:            Fri Jul 22 14:33:57 2022
# [ok]
