#                                                                            --- full sequence --- -------------- this domain -------------   hmm coord   ali coord   env coord
# target name        accession   tlen query name           accession   qlen   E-value  score  bias   #  of  c-Evalue  i-Evalue  score  bias  from    to  from    to  from    to  acc description of target
#------------------- ---------- ----- -------------------- ---------- ----- --------- ------ ----- --- --- --------- --------- ------ ----- ----- ----- ----- ----- ----- ----- ---- ---------------------
PRW32832.1           -            644 3644at3041           -            300  3.3e-117  389.9   9.2   1   3   2.9e-27   2.1e-24   85.2   0.1     2    63   204   270   203   282 0.86 -
PRW32832.1           -            644 3644at3041           -            300  3.3e-117  389.9   9.2   2   3   3.3e-67   2.4e-64  216.3   0.2    59   236   298   498   290   505 0.88 -
PRW32832.1           -            644 3644at3041           -            300  3.3e-117  389.9   9.2   3   3   1.6e-29   1.2e-26   92.6   1.1   236   300   529   593   525   593 0.96 -
PRW61609.1           -            614 3644at3041           -            300   3.3e-21   74.7   1.4   1   2     6e-17   4.5e-14   51.3   0.4    38   188   172   364   161   368 0.68 -
PRW61609.1           -            614 3644at3041           -            300   3.3e-21   74.7   1.4   2   2   1.2e-07   9.1e-05   20.7   0.0   237   285   510   563   503   568 0.84 -
PRW61158.1           -            725 3644at3041           -            300   1.6e-07   29.8   0.0   1   3    0.0045       3.3    5.8   0.0   108   166   257   313   243   333 0.80 -
PRW61158.1           -            725 3644at3041           -            300   1.6e-07   29.8   0.0   2   3   2.1e-07   0.00015   20.0   0.0   105   169   451   514   432   540 0.81 -
PRW61158.1           -            725 3644at3041           -            300   1.6e-07   29.8   0.0   3   3      0.38   2.8e+02   -0.6   0.0    52    96   563   612   557   625 0.69 -
PRW59346.1           -            535 3644at3041           -            300   1.2e-06   26.9   0.3   1   1   3.6e-09   2.7e-06   25.8   0.3   108   169   253   312   233   367 0.87 -
PRW56927.1           -            392 3644at3041           -            300   2.4e-05   22.6   0.1   1   2     3e-07   0.00022   19.5   0.1   109   169   100   158    84   169 0.77 -
PRW56927.1           -            392 3644at3041           -            300   2.4e-05   22.6   0.1   2   2      0.16   1.2e+02    0.7   0.0    27    95   195   264   185   268 0.60 -
PRW59814.1           -            580 3644at3041           -            300   0.00013   20.2   0.0   1   2   6.9e-07   0.00052   18.3   0.0    59   126   224   293   214   310 0.83 -
PRW59814.1           -            580 3644at3041           -            300   0.00013   20.2   0.0   2   2      0.63   4.7e+02   -1.3   0.0   159   183   445   468   440   481 0.69 -
PRW59379.1           -           1003 3644at3041           -            300   0.00019   19.7   0.1   1   1   4.6e-07   0.00034   18.9   0.1   105   170   546   610   541   651 0.80 -
PRW20978.1           -            636 3644at3041           -            300    0.0002   19.6   1.3   1   2     0.099        73    1.3   0.0    60   134   196   276   188   283 0.62 -
PRW20978.1           -            636 3644at3041           -            300    0.0002   19.6   1.3   2   2   1.8e-06    0.0013   16.9   0.5   107   167   281   336   268   356 0.82 -
PRW56064.1           -            693 3644at3041           -            300   0.00046   18.4   0.1   1   1   1.3e-06   0.00093   17.4   0.1   106   167   255   314   225   333 0.82 -
PRW45451.1           -            617 3644at3041           -            300    0.0016   16.7   0.0   1   1   3.8e-06    0.0028   15.8   0.0    97   130   174   208   148   259 0.76 -
PRW61150.1           -            630 3644at3041           -            300    0.0031   15.7   0.1   1   1     1e-05    0.0074   14.5   0.1   103   187   299   382   277   399 0.74 -
PRW59110.1           -            489 3644at3041           -            300    0.0049   15.1   0.0   1   1   1.4e-05      0.01   14.0   0.0   108   167   277   333   258   345 0.82 -
PRW57278.1           -            681 3644at3041           -            300    0.0073   14.5   0.0   1   1   1.6e-05     0.012   13.8   0.0    99   167   304   367   253   390 0.78 -
PRW58204.1           -            360 3644at3041           -            300     0.017   13.3   0.0   1   1   3.4e-05     0.025   12.7   0.0   107   143   175   209   138   232 0.79 -
#
# Program:         hmmsearch
# Version:         3.1b2 (February 2015)
# Pipeline mode:   SEARCH
# Query file:      /Users/catrionaharrison/Documents/Bioinformatics/rp2/Data/genomes/busco/busco_downloads/lineages/chlorophyta_odb10/hmms/3644at3041.hmm
# Target file:     /Users/catrionaharrison/Documents/Bioinformatics/rp2/Data/genomes/busco/data/chlorella_sorokiniana.prot.fasta
# Option settings: hmmsearch --domtblout /Users/catrionaharrison/Documents/Bioinformatics/rp2/Data/genomes/busco/Busco_sorokiniana/run_chlorophyta_odb10/hmmer_output/initial_run_results/3644at3041.out --cpu 1 /Users/catrionaharrison/Documents/Bioinformatics/rp2/Data/genomes/busco/busco_downloads/lineages/chlorophyta_odb10/hmms/3644at3041.hmm /Users/catrionaharrison/Documents/Bioinformatics/rp2/Data/genomes/busco/data/chlorella_sorokiniana.prot.fasta 
# Current dir:     /Users/catrionaharrison/Documents/Bioinformatics/rp2/Data/genomes/busco
# Date:            Fri Jul 22 14:34:17 2022
# [ok]
