#                                                                            --- full sequence --- -------------- this domain -------------   hmm coord   ali coord   env coord
# target name        accession   tlen query name           accession   qlen   E-value  score  bias   #  of  c-Evalue  i-Evalue  score  bias  from    to  from    to  from    to  acc description of target
#------------------- ---------- ----- -------------------- ---------- ----- --------- ------ ----- --- --- --------- --------- ------ ----- ----- ----- ----- ----- ----- ----- ---- ---------------------
PRW57227.1           -            725 366at3041            -            429  5.3e-179  594.7   8.6   1   2  6.4e-161  6.7e-158  525.1   4.7     1   326   110   490   110   519 0.90 -
PRW57227.1           -            725 366at3041            -            429  5.3e-179  594.7   8.6   2   2   1.5e-22   1.6e-19   69.2   0.1   332   418   534   642   526   652 0.83 -
PRW44467.1           -           1338 366at3041            -            429   1.5e-33  115.4  29.8   1   5   2.9e-06     0.003   15.6   3.7    20   136   519   640   499   643 0.65 -
PRW44467.1           -           1338 366at3041            -            429   1.5e-33  115.4  29.8   2   5   1.8e-12   1.9e-09   36.0   0.6    18   119   644   751   641   774 0.82 -
PRW44467.1           -           1338 366at3041            -            429   1.5e-33  115.4  29.8   3   5   2.3e-13   2.4e-10   38.9   0.3    28   114   790   880   779   887 0.82 -
PRW44467.1           -           1338 366at3041            -            429   1.5e-33  115.4  29.8   4   5   6.2e-12   6.4e-09   34.3   4.9    41   270   891  1138   885  1139 0.71 -
PRW44467.1           -           1338 366at3041            -            429   1.5e-33  115.4  29.8   5   5     0.001         1    7.2   0.1    19    92  1079  1155  1075  1161 0.81 -
PRW59294.1           -           2090 366at3041            -            429   2.7e-19   68.4   0.1   1   2   1.9e-11     2e-08   32.7   0.0    59   229  1663  1846  1653  1847 0.76 -
PRW59294.1           -           2090 366at3041            -            429   2.7e-19   68.4   0.1   2   2   2.7e-12   2.8e-09   35.4   0.1    25   196  1796  1977  1788  1988 0.76 -
PRW33767.1           -            332 366at3041            -            429   3.3e-12   45.1  12.0   1   2     3e-08   3.1e-05   22.1   1.9    12    93    48   133    40   149 0.83 Chlorella sorokiniana strain 1602 contig_15, whole genome shotgun sequence.
PRW33767.1           -            332 366at3041            -            429   3.3e-12   45.1  12.0   2   2   7.6e-10   7.9e-07   27.4   3.4    20   175   141   313   136   331 0.72 Chlorella sorokiniana strain 1602 contig_15, whole genome shotgun sequence.
PRW39186.1           -            358 366at3041            -            429   5.6e-08   31.1   0.8   1   2   4.5e-06    0.0046   14.9   0.2    26   114    11   102     4   110 0.74 -
PRW39186.1           -            358 366at3041            -            429   5.6e-08   31.1   0.8   2   2   6.2e-06    0.0064   14.5   0.0    56   156   153   213   131   220 0.56 -
PRW57386.1           -           1555 366at3041            -            429   5.6e-06   24.5   0.3   1   1   9.5e-09   9.9e-06   23.7   0.3    38   114   997  1073   981  1082 0.90 -
PRW61305.1           -           1729 366at3041            -            429   3.2e-05   22.1   2.1   1   3      0.52   5.4e+02   -1.8   0.3   221   240  1103  1122  1096  1148 0.86 -
PRW61305.1           -           1729 366at3041            -            429   3.2e-05   22.1   2.1   2   3       2.7   2.8e+03   -4.1   0.0   125   152  1242  1269  1241  1278 0.83 -
PRW61305.1           -           1729 366at3041            -            429   3.2e-05   22.1   2.1   3   3   3.6e-08   3.7e-05   21.8   0.0    19   157  1303  1443  1283  1448 0.80 -
PRW45235.1           -            601 366at3041            -            429   0.00019   19.5  17.5   1   4   1.3e-06    0.0014   16.7   4.0   128   230    44   152    16   161 0.76 -
PRW45235.1           -            601 366at3041            -            429   0.00019   19.5  17.5   2   4     1e-05     0.011   13.8   0.3    46   149   172   279   136   293 0.59 -
PRW45235.1           -            601 366at3041            -            429   0.00019   19.5  17.5   3   4       3.1   3.2e+03   -4.3   0.1   217   236   336   355   331   359 0.84 -
PRW45235.1           -            601 366at3041            -            429   0.00019   19.5  17.5   4   4         2     2e+03   -3.7   0.3   136   164   386   414   374   440 0.50 -
PRW50783.1           -            592 366at3041            -            429   0.00039   18.5   4.8   1   2   2.6e-06    0.0027   15.7   1.6   138   265    45   185    26   187 0.74 -
PRW50783.1           -            592 366at3041            -            429   0.00039   18.5   4.8   2   2     0.019        19    3.0   0.1    17   111   171   279   163   289 0.65 -
PRW60023.1           -           1147 366at3041            -            429    0.0044   15.0  15.2   1   2   2.9e-06     0.003   15.6   5.4   152   264   601   726   551   763 0.64 -
PRW60023.1           -           1147 366at3041            -            429    0.0044   15.0  15.2   2   2    0.0096       9.9    4.0   2.2   198   246   959  1011   941  1039 0.69 -
#
# Program:         hmmsearch
# Version:         3.1b2 (February 2015)
# Pipeline mode:   SEARCH
# Query file:      /Users/catrionaharrison/Documents/Bioinformatics/rp2/Data/genomes/busco/busco_downloads/lineages/chlorophyta_odb10/hmms/366at3041.hmm
# Target file:     /Users/catrionaharrison/Documents/Bioinformatics/rp2/Data/genomes/busco/data/chlorella_sorokiniana.prot.fasta
# Option settings: hmmsearch --domtblout /Users/catrionaharrison/Documents/Bioinformatics/rp2/Data/genomes/busco/Busco_sorokiniana/run_chlorophyta_odb10/hmmer_output/initial_run_results/366at3041.out --cpu 1 /Users/catrionaharrison/Documents/Bioinformatics/rp2/Data/genomes/busco/busco_downloads/lineages/chlorophyta_odb10/hmms/366at3041.hmm /Users/catrionaharrison/Documents/Bioinformatics/rp2/Data/genomes/busco/data/chlorella_sorokiniana.prot.fasta 
# Current dir:     /Users/catrionaharrison/Documents/Bioinformatics/rp2/Data/genomes/busco
# Date:            Fri Jul 22 14:34:23 2022
# [ok]
