#                                                                            --- full sequence --- -------------- this domain -------------   hmm coord   ali coord   env coord
# target name        accession   tlen query name           accession   qlen   E-value  score  bias   #  of  c-Evalue  i-Evalue  score  bias  from    to  from    to  from    to  acc description of target
#------------------- ---------- ----- -------------------- ---------- ----- --------- ------ ----- --- --- --------- --------- ------ ----- ----- ----- ----- ----- ----- ----- ---- ---------------------
PRW33008.1           -            494 3692at3041           -            248   1.2e-99  331.6  27.1   1   1     2e-99   1.4e-96  321.6  27.1     2   244   123   426   122   446 0.83 -
PRW58470.1           -            496 3692at3041           -            248   3.9e-48  162.9   1.1   1   1     2e-50   1.4e-47  161.1   1.1     7   211   146   386   139   409 0.75 -
PRW45227.1           -           1580 3692at3041           -            248   1.2e-46  158.0   0.0   1   1   1.1e-48   7.5e-46  155.4   0.0     9   224   519   786   513   810 0.67 -
PRW45049.1           -            921 3692at3041           -            248   3.7e-19   67.9   1.3   1   3      0.28   1.9e+02    0.1   0.0     2    36   427   462   426   472 0.82 -
PRW45049.1           -            921 3692at3041           -            248   3.7e-19   67.9   1.3   2   3      0.82   5.7e+02   -1.5   0.0    71    91   554   574   538   583 0.81 -
PRW45049.1           -            921 3692at3041           -            248   3.7e-19   67.9   1.3   3   3     3e-20     2e-17   62.2   0.9    98   209   607   734   594   744 0.77 -
PRW50904.1           -           3093 3692at3041           -            248   4.8e-07   28.3   0.1   1   1   1.5e-09     1e-06   27.2   0.1   100   201  1847  1955  1833  1983 0.80 -
PRW50905.1           -           3094 3692at3041           -            248   4.8e-07   28.3   0.1   1   1   1.5e-09     1e-06   27.2   0.1   100   201  1848  1956  1834  1984 0.80 -
PRW58134.1           -            446 3692at3041           -            248   1.1e-05   23.9   0.1   1   2   0.00031      0.21    9.8   0.1   112   151    91   129    73   138 0.80 -
PRW58134.1           -            446 3692at3041           -            248   1.1e-05   23.9   0.1   2   2   6.8e-05     0.047   11.9   0.0   167   191   163   187   143   253 0.81 -
PRW60895.1           -            444 3692at3041           -            248   1.6e-05   23.2   0.1   1   2   0.00012     0.081   11.2   0.0   102   142   117   157   100   173 0.75 -
PRW60895.1           -            444 3692at3041           -            248   1.6e-05   23.2   0.1   2   2   0.00035      0.24    9.6   0.0   161   184   295   318   291   387 0.86 -
PRW58748.1           -            496 3692at3041           -            248   3.4e-05   22.2   0.1   1   3      0.67   4.7e+02   -1.2   0.0     7    32    33    58    30    82 0.80 -
PRW58748.1           -            496 3692at3041           -            248   3.4e-05   22.2   0.1   2   3    0.0005      0.35    9.1   0.0   103   147   236   279   229   286 0.85 -
PRW58748.1           -            496 3692at3041           -            248   3.4e-05   22.2   0.1   3   3   0.00038      0.26    9.5   0.0   162   204   404   448   402   461 0.77 -
PRW45738.1           -            579 3692at3041           -            248   0.00029   19.2   0.4   1   2      0.36   2.5e+02   -0.3   0.0    10    41   270   302   263   310 0.76 -
PRW45738.1           -            579 3692at3041           -            248   0.00029   19.2   0.4   2   2   7.4e-06    0.0051   15.1   0.5   105   187   473   569   444   576 0.61 -
PRW57186.1           -           1221 3692at3041           -            248    0.0018   16.6   0.2   1   1   4.8e-06    0.0033   15.7   0.2   101   190   260   356   238   387 0.73 -
PRW56353.1           -            644 3692at3041           -            248    0.0023   16.2   0.0   1   1   5.1e-06    0.0035   15.6   0.0   123   186   310   375   295   417 0.78 -
PRW56320.1           -            371 3692at3041           -            248    0.0027   16.0   0.7   1   2       2.3   1.6e+03   -2.9   0.2   232   240   231   239   220   244 0.55 -
PRW56320.1           -            371 3692at3041           -            248    0.0027   16.0   0.7   2   2   1.8e-05     0.013   13.8   0.0   162   196   333   367   245   370 0.69 -
PRW56354.1           -            655 3692at3041           -            248     0.092   11.0   0.0   1   1   0.00024      0.16   10.1   0.0   123   185   310   385   295   428 0.72 -
PRW34059.1           -            450 3692at3041           -            248       1.2    7.3  11.8   1   3     0.024        16    3.6   6.6   199   245    71   117    56   121 0.76 -
PRW34059.1           -            450 3692at3041           -            248       1.2    7.3  11.8   2   3    0.0087         6    5.0   0.4   179   246   168   240   158   243 0.49 -
PRW34059.1           -            450 3692at3041           -            248       1.2    7.3  11.8   3   3      0.99   6.9e+02   -1.7   0.0   113   143   378   408   373   416 0.69 -
#
# Program:         hmmsearch
# Version:         3.1b2 (February 2015)
# Pipeline mode:   SEARCH
# Query file:      /Users/catrionaharrison/Documents/Bioinformatics/rp2/Data/genomes/busco/busco_downloads/lineages/chlorophyta_odb10/hmms/3692at3041.hmm
# Target file:     /Users/catrionaharrison/Documents/Bioinformatics/rp2/Data/genomes/busco/data/chlorella_sorokiniana.prot.fasta
# Option settings: hmmsearch --domtblout /Users/catrionaharrison/Documents/Bioinformatics/rp2/Data/genomes/busco/Busco_sorokiniana/run_chlorophyta_odb10/hmmer_output/initial_run_results/3692at3041.out --cpu 1 /Users/catrionaharrison/Documents/Bioinformatics/rp2/Data/genomes/busco/busco_downloads/lineages/chlorophyta_odb10/hmms/3692at3041.hmm /Users/catrionaharrison/Documents/Bioinformatics/rp2/Data/genomes/busco/data/chlorella_sorokiniana.prot.fasta 
# Current dir:     /Users/catrionaharrison/Documents/Bioinformatics/rp2/Data/genomes/busco
# Date:            Fri Jul 22 14:34:28 2022
# [ok]
