#                                                                            --- full sequence --- -------------- this domain -------------   hmm coord   ali coord   env coord
# target name        accession   tlen query name           accession   qlen   E-value  score  bias   #  of  c-Evalue  i-Evalue  score  bias  from    to  from    to  from    to  acc description of target
#------------------- ---------- ----- -------------------- ---------- ----- --------- ------ ----- --- --- --------- --------- ------ ----- ----- ----- ----- ----- ----- ----- ---- ---------------------
PRW56206.1           -           1164 3706at3041           -            351  3.2e-139  462.9   0.0   1   1    1e-141  1.2e-138  461.1   0.0     1   351   316   732   316   732 0.86 -
PRW56164.1           -           1082 3706at3041           -            351   1.6e-39  135.0   0.4   1   2   4.5e-41   5.1e-38  130.1   0.1    28   214    70   276    56   283 0.80 -
PRW56164.1           -           1082 3706at3041           -            351   1.6e-39  135.0   0.4   2   2     0.026        30    2.6   0.0   247   281   332   367   315   420 0.83 -
PRW20577.1           -           2124 3706at3041           -            351   2.1e-38  131.4   6.3   1   4   4.4e-10   5.1e-07   28.1   0.0    46   146  1037  1136  1034  1141 0.85 -
PRW20577.1           -           2124 3706at3041           -            351   2.1e-38  131.4   6.3   2   4   2.7e-12   3.1e-09   35.4   0.0   143   279  1161  1331  1148  1347 0.72 -
PRW20577.1           -           2124 3706at3041           -            351   2.1e-38  131.4   6.3   3   4   1.1e-13   1.3e-10   40.0   0.2    31   140  1511  1642  1507  1683 0.78 -
PRW20577.1           -           2124 3706at3041           -            351   2.1e-38  131.4   6.3   4   4   1.2e-08   1.4e-05   23.4   0.1   140   184  1745  1789  1740  1849 0.68 -
PRW56028.1           -           1317 3706at3041           -            351   1.7e-13   49.4   2.7   1   2     1e-07   0.00012   20.4   0.1    28   140     5   128     1   133 0.68 -
PRW56028.1           -           1317 3706at3041           -            351   1.7e-13   49.4   2.7   2   2   2.6e-10     3e-07   28.9   0.7   141   186   150   195   139   246 0.66 -
PRW56027.1           -           1338 3706at3041           -            351   1.7e-13   49.4   2.7   1   2     1e-07   0.00012   20.3   0.1    28   140     5   128     1   133 0.68 -
PRW56027.1           -           1338 3706at3041           -            351   1.7e-13   49.4   2.7   2   2   2.6e-10     3e-07   28.9   0.7   141   186   150   195   139   246 0.66 -
PRW33594.1           -           1013 3706at3041           -            351   3.3e-12   45.2   3.1   1   3   8.5e-06    0.0097   14.0   0.0    75   103   313   342   289   347 0.88 -
PRW33594.1           -           1013 3706at3041           -            351   3.3e-12   45.2   3.1   2   3     0.008       9.2    4.3   0.0   106   146   400   446   372   450 0.77 -
PRW33594.1           -           1013 3706at3041           -            351   3.3e-12   45.2   3.1   3   3   5.3e-09   6.1e-06   24.6   0.8   142   238   483   595   475   648 0.72 -
PRW58738.1           -           2498 3706at3041           -            351   1.8e-10   39.5   0.0   1   2   2.2e-07   0.00025   19.3   0.0    42   142  1877  2003  1873  2007 0.67 -
PRW58738.1           -           2498 3706at3041           -            351   1.8e-10   39.5   0.0   2   2     1e-06    0.0012   17.1   0.0   144   266  2053  2211  2047  2265 0.66 -
PRW58740.1           -           2507 3706at3041           -            351   1.8e-10   39.5   0.0   1   2   2.2e-07   0.00025   19.3   0.0    42   142  1886  2012  1882  2016 0.67 -
PRW58740.1           -           2507 3706at3041           -            351   1.8e-10   39.5   0.0   2   2     1e-06    0.0012   17.1   0.0   144   266  2062  2220  2056  2274 0.66 -
PRW58739.1           -           2533 3706at3041           -            351   1.9e-10   39.4   0.0   1   2   2.2e-07   0.00026   19.2   0.0    42   142  1912  2038  1908  2042 0.67 -
PRW58739.1           -           2533 3706at3041           -            351   1.9e-10   39.4   0.0   2   2     1e-06    0.0012   17.0   0.0   144   266  2088  2246  2082  2300 0.66 -
#
# Program:         hmmsearch
# Version:         3.1b2 (February 2015)
# Pipeline mode:   SEARCH
# Query file:      /Users/catrionaharrison/Documents/Bioinformatics/rp2/Data/genomes/busco/busco_downloads/lineages/chlorophyta_odb10/hmms/3706at3041.hmm
# Target file:     /Users/catrionaharrison/Documents/Bioinformatics/rp2/Data/genomes/busco/data/chlorella_sorokiniana.prot.fasta
# Option settings: hmmsearch --domtblout /Users/catrionaharrison/Documents/Bioinformatics/rp2/Data/genomes/busco/Busco_sorokiniana/run_chlorophyta_odb10/hmmer_output/initial_run_results/3706at3041.out --cpu 1 /Users/catrionaharrison/Documents/Bioinformatics/rp2/Data/genomes/busco/busco_downloads/lineages/chlorophyta_odb10/hmms/3706at3041.hmm /Users/catrionaharrison/Documents/Bioinformatics/rp2/Data/genomes/busco/data/chlorella_sorokiniana.prot.fasta 
# Current dir:     /Users/catrionaharrison/Documents/Bioinformatics/rp2/Data/genomes/busco
# Date:            Fri Jul 22 14:34:30 2022
# [ok]
