#                                                                            --- full sequence --- -------------- this domain -------------   hmm coord   ali coord   env coord
# target name        accession   tlen query name           accession   qlen   E-value  score  bias   #  of  c-Evalue  i-Evalue  score  bias  from    to  from    to  from    to  acc description of target
#------------------- ---------- ----- -------------------- ---------- ----- --------- ------ ----- --- --- --------- --------- ------ ----- ----- ----- ----- ----- ----- ----- ---- ---------------------
PRW20614.1           -            334 4047at3041           -            260    2e-147  488.6   0.0   1   1  5.9e-150  2.7e-147  488.2   0.0     5   260    65   332    61   332 0.95 -
PRW60874.1           -            513 4047at3041           -            260   3.7e-06   25.6   0.2   1   3   0.00011     0.051   12.1   0.0    79   142    32    99    10   155 0.73 -
PRW60874.1           -            513 4047at3041           -            260   3.7e-06   25.6   0.2   2   3    0.0003      0.13   10.7   0.0    97   175   284   368   266   376 0.79 -
PRW60874.1           -            513 4047at3041           -            260   3.7e-06   25.6   0.2   3   3       2.7   1.2e+03   -2.3   0.1   218   239   405   427   400   431 0.85 -
PRW58426.1           -            650 4047at3041           -            260   5.1e-05   21.9   0.0   1   1   2.2e-07   9.7e-05   21.0   0.0   101   161   430   488   412   535 0.89 -
PRW60674.1           -           1182 4047at3041           -            260   0.00021   19.9   0.2   1   1   9.6e-07   0.00044   18.9   0.2    76   184   631   744   625   762 0.80 -
PRW21012.1           -            325 4047at3041           -            260   0.00024   19.7   0.0   1   1   8.3e-07   0.00037   19.1   0.0    96   126   175   205   145   220 0.90 -
PRW21089.1           -            215 4047at3041           -            260   0.00041   19.0   0.0   1   1   1.2e-06   0.00056   18.5   0.0    91   137    43    90    34   121 0.81 -
PRW57174.1           -            307 4047at3041           -            260   0.00064   18.3   0.0   1   1     2e-06    0.0009   17.8   0.0    88   142   105   162    62   180 0.84 -
PRW18354.1           -            369 4047at3041           -            260    0.0013   17.3   0.1   1   1   4.7e-06    0.0021   16.6   0.1    96   170   160   240   156   245 0.69 -
PRW45128.1           -            641 4047at3041           -            260    0.0021   16.6   0.0   1   1   8.1e-06    0.0036   15.8   0.0   100   142   467   509   450   569 0.84 -
PRW45257.1           -            932 4047at3041           -            260    0.0026   16.3   0.0   1   2   3.6e-05     0.016   13.7   0.0    69   135   162   226   108   260 0.72 -
PRW45257.1           -            932 4047at3041           -            260    0.0026   16.3   0.0   2   2      0.81   3.7e+02   -0.6   0.0    49    71   563   589   513   609 0.63 -
PRW61310.1           -            421 4047at3041           -            260     0.003   16.1   0.0   1   1   1.1e-05    0.0049   15.4   0.0    77   183   176   290    97   297 0.68 -
PRW45119.1           -           3268 4047at3041           -            260    0.0034   15.9   0.1   1   2       5.9   2.7e+03   -3.4   0.5   107   171  1801  1858  1774  1878 0.54 -
PRW45119.1           -           3268 4047at3041           -            260    0.0034   15.9   0.1   2   2   7.6e-06    0.0034   15.9   0.1   100   136  2277  2313  2270  2335 0.86 -
PRW45120.1           -           3271 4047at3041           -            260    0.0034   15.9   0.1   1   2       5.9   2.7e+03   -3.4   0.5   107   171  1804  1861  1777  1881 0.54 -
PRW45120.1           -           3271 4047at3041           -            260    0.0034   15.9   0.1   2   2   7.6e-06    0.0034   15.9   0.1   100   136  2280  2316  2273  2338 0.86 -
PRW55956.1           -           1550 4047at3041           -            260    0.0038   15.8   0.3   1   1   2.1e-05    0.0096   14.5   0.3    97   139  1359  1401  1354  1417 0.88 -
PRW44303.1           -            369 4047at3041           -            260     0.005   15.4   0.0   1   1     2e-05     0.009   14.5   0.0    95   155    52   112    33   128 0.79 -
PRW18336.1           -            583 4047at3041           -            260     0.007   14.9   0.4   1   1   3.3e-05     0.015   13.8   0.4    96   142   263   310   254   326 0.84 -
PRW20499.1           -           1277 4047at3041           -            260    0.0083   14.7   0.0   1   1   3.5e-05     0.016   13.7   0.0    83   140   517   576   513   584 0.82 -
PRW20848.1           -           1182 4047at3041           -            260     0.015   13.9   0.3   1   1   7.5e-05     0.034   12.7   0.3    81   137   596   654   591   668 0.79 -
PRW60710.1           -            198 4047at3041           -            260     0.037   12.5   0.0   1   1   0.00011     0.048   12.2   0.0     7    52    91   137    85   165 0.84 -
PRW44457.1           -            203 4047at3041           -            260     0.043   12.3   0.1   1   1   0.00013     0.057   11.9   0.1    87   128    17    58     5    82 0.74 -
PRW57157.1           -           1311 4047at3041           -            260     0.072   11.6   0.7   1   2    0.0012      0.52    8.8   0.2   100   133   694   728   669   735 0.82 -
PRW57157.1           -           1311 4047at3041           -            260     0.072   11.6   0.7   2   2      0.52   2.4e+02    0.1   0.0   101   140  1140  1182  1131  1204 0.76 -
PRW33010.1           -           1289 4047at3041           -            260      0.12   10.9   1.0   1   2    0.0014      0.64    8.5   0.1    97   155   651   713   637   731 0.78 -
PRW33010.1           -           1289 4047at3041           -            260      0.12   10.9   1.0   2   2      0.64   2.9e+02   -0.2   0.1   201   237  1183  1219  1175  1234 0.86 -
PRW33011.1           -           1295 4047at3041           -            260      0.13   10.8   1.0   1   2    0.0014      0.64    8.5   0.1    97   155   657   719   643   737 0.78 -
PRW33011.1           -           1295 4047at3041           -            260      0.13   10.8   1.0   2   2      0.64   2.9e+02   -0.2   0.1   201   237  1189  1225  1181  1240 0.86 -
#
# Program:         hmmsearch
# Version:         3.1b2 (February 2015)
# Pipeline mode:   SEARCH
# Query file:      /Users/catrionaharrison/Documents/Bioinformatics/rp2/Data/genomes/busco/busco_downloads/lineages/chlorophyta_odb10/hmms/4047at3041.hmm
# Target file:     /Users/catrionaharrison/Documents/Bioinformatics/rp2/Data/genomes/busco/data/chlorella_sorokiniana.prot.fasta
# Option settings: hmmsearch --domtblout /Users/catrionaharrison/Documents/Bioinformatics/rp2/Data/genomes/busco/Busco_sorokiniana/run_chlorophyta_odb10/hmmer_output/initial_run_results/4047at3041.out --cpu 1 /Users/catrionaharrison/Documents/Bioinformatics/rp2/Data/genomes/busco/busco_downloads/lineages/chlorophyta_odb10/hmms/4047at3041.hmm /Users/catrionaharrison/Documents/Bioinformatics/rp2/Data/genomes/busco/data/chlorella_sorokiniana.prot.fasta 
# Current dir:     /Users/catrionaharrison/Documents/Bioinformatics/rp2/Data/genomes/busco
# Date:            Fri Jul 22 14:33:01 2022
# [ok]
