#                                                                            --- full sequence --- -------------- this domain -------------   hmm coord   ali coord   env coord
# target name        accession   tlen query name           accession   qlen   E-value  score  bias   #  of  c-Evalue  i-Evalue  score  bias  from    to  from    to  from    to  acc description of target
#------------------- ---------- ----- -------------------- ---------- ----- --------- ------ ----- --- --- --------- --------- ------ ----- ----- ----- ----- ----- ----- ----- ---- ---------------------
PRW58342.1           -            627 4202at3041           -            340  3.3e-154  511.9   2.7   1   1  3.2e-156    5e-154  511.3   2.7     2   316    31   373    30   394 0.93 -
PRW20497.1           -            363 4202at3041           -            340   9.3e-58  194.8   0.1   1   1     1e-59   1.6e-57  194.0   0.1     5   319    22   350    19   361 0.82 -
PRW20498.1           -            376 4202at3041           -            340   2.8e-55  186.6   1.0   1   1   1.3e-55   2.1e-53  180.4   1.0     5   319    22   363    19   374 0.78 -
PRW44849.1           -            360 4202at3041           -            340     3e-52  176.6  19.4   1   3   4.5e-29   7.3e-27   93.2   2.0     6    81     4    85     2   101 0.88 -
PRW44849.1           -            360 4202at3041           -            340     3e-52  176.6  19.4   2   3   1.6e-05    0.0026   15.7   0.2    77   128   158   210   145   218 0.67 -
PRW44849.1           -            360 4202at3041           -            340     3e-52  176.6  19.4   3   3   2.1e-25   3.3e-23   81.1   0.0   189   317   218   358   210   359 0.85 -
PRW61392.1           -            424 4202at3041           -            340   3.4e-50  169.9   4.6   1   3   3.5e-30   5.5e-28   96.9   1.0     6    82     4    88     2    99 0.83 -
PRW61392.1           -            424 4202at3041           -            340   3.4e-50  169.9   4.6   2   3    0.0011      0.18    9.7   0.0    79   127   219   271   199   280 0.70 -
PRW61392.1           -            424 4202at3041           -            340   3.4e-50  169.9   4.6   3   3   6.4e-20     1e-17   63.1   0.1   189   311   281   415   272   422 0.84 -
PRW61393.1           -            414 4202at3041           -            340   3.5e-50  169.8   6.6   1   3   3.3e-30   5.3e-28   96.9   1.0     6    82     4    88     2    99 0.83 -
PRW61393.1           -            414 4202at3041           -            340   3.5e-50  169.8   6.6   2   3   0.00032     0.051   11.5   0.0    74   127   207   261   192   271 0.77 -
PRW61393.1           -            414 4202at3041           -            340   3.5e-50  169.8   6.6   3   3   6.5e-20     1e-17   63.1   0.1   189   311   271   405   263   412 0.84 -
PRW61391.1           -            424 4202at3041           -            340   1.8e-47  161.0  15.4   1   3   3.5e-30   5.5e-28   96.9   1.0     6    82     4    88     2    99 0.83 -
PRW61391.1           -            424 4202at3041           -            340   1.8e-47  161.0  15.4   2   3   0.00034     0.054   11.4   0.0    74   127   217   271   202   280 0.77 -
PRW61391.1           -            424 4202at3041           -            340   1.8e-47  161.0  15.4   3   3   6.5e-20     1e-17   63.1   0.1   189   311   281   415   272   422 0.84 -
PRW20770.1           -           3916 4202at3041           -            340   1.3e-44  151.6  14.1   1   1   7.2e-45   1.1e-42  145.1  14.1     4   259    65   358    63   428 0.79 -
PRW60413.1           -            455 4202at3041           -            340   8.8e-25   86.3   0.3   1   1   9.5e-27   1.5e-24   85.6   0.3     3    82    29   113    27   124 0.84 -
PRW61303.1           -            930 4202at3041           -            340   1.9e-24   85.2   1.1   1   3   5.7e-21     9e-19   66.6   0.3     5    81   431   511   428   518 0.85 -
PRW61303.1           -            930 4202at3041           -            340   1.9e-24   85.2   1.1   2   3      0.35        56    1.5   0.0    92   123   574   605   551   613 0.71 -
PRW61303.1           -            930 4202at3041           -            340   1.9e-24   85.2   1.1   3   3   5.5e-05    0.0088   14.0   0.0   191   273   614   701   608   744 0.81 -
PRW57667.1           -            516 4202at3041           -            340   3.1e-23   81.2   0.9   1   1   3.4e-25   5.5e-23   80.4   0.9     5    82   130   208   127   215 0.85 -
PRW59959.1           -            362 4202at3041           -            340   1.1e-22   79.5   0.0   1   1   1.1e-24   1.8e-22   78.8   0.0     6   260    21   281    16   285 0.80 -
PRW59130.1           -            379 4202at3041           -            340   1.5e-21   75.7   0.0   1   1   1.6e-23   2.6e-21   74.9   0.0     3    95   134   230   132   241 0.79 -
PRW55997.1           -            787 4202at3041           -            340   1.8e-20   72.1   0.0   1   1   1.7e-22   2.8e-20   71.5   0.0     3    71   262   330   260   371 0.78 -
PRW34018.1           -            481 4202at3041           -            340     1e-18   66.4   0.1   1   1   9.2e-21   1.5e-18   65.9   0.1     5    87     5    90     1   111 0.80 -
PRW57170.1           -            299 4202at3041           -            340   2.2e-18   65.3   1.0   1   1   2.4e-20   3.8e-18   64.5   1.0     6    68     8    74     4   115 0.82 -
PRW61078.1           -            661 4202at3041           -            340   4.3e-18   64.4   0.1   1   1   3.9e-20   6.3e-18   63.8   0.1     2    79     5    89     4   119 0.83 -
PRW60794.1           -            940 4202at3041           -            340   6.4e-18   63.8   0.8   1   2   2.2e-15   3.5e-13   48.2   0.4     5    66   318   388   315   398 0.87 -
PRW60794.1           -            940 4202at3041           -            340   6.4e-18   63.8   0.8   2   2     1e-07   1.6e-05   23.0   0.0   188   240   469   519   441   528 0.78 -
PRW34025.1           -            718 4202at3041           -            340   1.4e-17   62.7   0.1   1   1     2e-19   3.2e-17   61.5   0.1     7    82     7    87     3   105 0.89 -
PRW34026.1           -            726 4202at3041           -            340   1.4e-17   62.6   0.1   1   1     2e-19   3.2e-17   61.5   0.1     7    82     7    87     3   105 0.89 -
PRW61266.1           -            688 4202at3041           -            340   7.8e-17   60.2   0.4   1   1   9.4e-19   1.5e-16   59.3   0.4     6    83   541   625   536   645 0.86 -
PRW45659.1           -            853 4202at3041           -            340   9.8e-17   59.9   0.0   1   1     9e-19   1.4e-16   59.3   0.0     3    74     3    78     1    95 0.87 -
PRW58799.1           -            267 4202at3041           -            340   5.9e-15   54.0   0.1   1   1   5.8e-17   9.2e-15   53.4   0.1     7    66     5    69     2    92 0.81 -
PRW44523.1           -            363 4202at3041           -            340   1.6e-13   49.3   0.2   1   1   1.7e-15   2.7e-13   48.6   0.2     3    65    75   140    73   149 0.88 -
PRW20890.1           -            642 4202at3041           -            340   1.8e-13   49.1   0.0   1   1   2.3e-15   3.6e-13   48.1   0.0     6    72   151   221   147   235 0.90 -
PRW45525.1           -            352 4202at3041           -            340   7.4e-12   43.8   1.0   1   1   6.6e-14   1.1e-11   43.3   1.0     7    66     4    69     1   133 0.79 -
PRW59135.1           -            845 4202at3041           -            340   2.4e-11   42.2   0.0   1   1   2.8e-13   4.5e-11   41.3   0.0     6    65   585   649   582   666 0.85 -
PRW60561.1           -            670 4202at3041           -            340   3.7e-11   41.5   0.2   1   1   5.1e-13   8.2e-11   40.4   0.2     3    65   112   186   110   215 0.85 -
PRW32846.1           -            796 4202at3041           -            340   5.1e-11   41.1   0.0   1   1   7.2e-13   1.2e-10   39.9   0.0     6    78   243   319   239   344 0.87 -
PRW59784.1           -            161 4202at3041           -            340   8.8e-11   40.3   0.0   1   1   7.2e-13   1.1e-10   39.9   0.0     5    65    12    79     8    85 0.82 -
PRW61080.1           -           4019 4202at3041           -            340     1e-10   40.1   0.0   1   1   1.5e-12   2.4e-10   38.9   0.0     8    74  3734  3806  3728  3819 0.73 -
PRW61079.1           -           4004 4202at3041           -            340     1e-10   40.1   0.0   1   1   1.5e-12   2.4e-10   38.9   0.0     8    74  3719  3791  3713  3804 0.73 -
PRW61082.1           -           4004 4202at3041           -            340     1e-10   40.1   0.0   1   1   1.5e-12   2.4e-10   38.9   0.0     8    74  3719  3791  3713  3804 0.73 -
PRW61081.1           -           4005 4202at3041           -            340     1e-10   40.1   0.0   1   1   1.5e-12   2.4e-10   38.9   0.0     8    74  3720  3792  3714  3805 0.73 -
PRW61293.1           -            654 4202at3041           -            340   6.3e-10   37.5   0.3   1   1     6e-12   9.6e-10   36.9   0.3     8    68    27    91    21   100 0.87 -
PRW20219.1           -            600 4202at3041           -            340   1.1e-09   36.7   0.0   1   1   1.1e-11   1.7e-09   36.1   0.0     2    68    42   111    41   139 0.81 -
PRW32898.1           -           1799 4202at3041           -            340     7e-09   34.1   0.1   1   1   8.8e-11   1.4e-08   33.1   0.1     5    62  1729  1791  1725  1797 0.81 -
PRW61135.1           -           1067 4202at3041           -            340   8.3e-09   33.8   0.1   1   1   8.3e-11   1.3e-08   33.2   0.1    16    65   501   559   480   564 0.73 -
PRW59069.1           -           1053 4202at3041           -            340   2.6e-08   32.2   0.0   1   1   2.5e-10   4.1e-08   31.5   0.0     6    64   968  1035   963  1038 0.82 -
PRW59068.1           -           1054 4202at3041           -            340   2.6e-08   32.2   0.0   1   1   2.5e-10   4.1e-08   31.5   0.0     6    64   969  1036   964  1039 0.82 -
PRW57663.1           -             77 4202at3041           -            340     9e-08   30.4   0.1   1   1   6.3e-10     1e-07   30.3   0.1     9    55    20    66    12    71 0.90 -
PRW60461.1           -            243 4202at3041           -            340   9.8e-08   30.3   0.5   1   1   8.4e-10   1.3e-07   29.8   0.5     4    69    40   108    37   121 0.86 -
PRW32569.1           -            442 4202at3041           -            340   1.7e-07   29.5   0.0   1   1   2.4e-09   3.8e-07   28.4   0.0     8    60     4    65     2    87 0.86 -
PRW32847.1           -            818 4202at3041           -            340   1.9e-07   29.3   0.0   1   2   3.1e-07   4.9e-05   21.4   0.0     6    47   243   284   239   289 0.93 -
PRW32847.1           -            818 4202at3041           -            340   1.9e-07   29.3   0.0   2   2      0.03       4.7    5.0   0.0    47    78   310   341   303   366 0.82 -
PRW57043.1           -            269 4202at3041           -            340   6.3e-07   27.6   0.2   1   1   6.9e-09   1.1e-06   26.8   0.2    18    76    88   150    79   201 0.79 -
PRW59804.1           -            674 4202at3041           -            340   1.7e-06   26.2   0.1   1   1   2.1e-08   3.4e-06   25.2   0.1     8    69   369   433   364   441 0.88 -
PRW57486.1           -            492 4202at3041           -            340   2.4e-06   25.7   0.1   1   1   2.5e-08   3.9e-06   25.0   0.1    10    55    50   100    45   112 0.86 -
PRW44555.1           -            361 4202at3041           -            340   5.5e-06   24.5   0.9   1   1   5.5e-08   8.8e-06   23.9   0.9    10    90   132   219   127   239 0.73 -
PRW39258.1           -           1851 4202at3041           -            340   6.1e-06   24.4   0.2   1   2   9.4e-07   0.00015   19.8   0.0     7    39   753   785   748   791 0.92 -
PRW39258.1           -           1851 4202at3041           -            340   6.1e-06   24.4   0.2   2   2      0.22        36    2.1   0.0    44    82   819   855   812   881 0.70 -
PRW58536.1           -            613 4202at3041           -            340   8.3e-06   24.0   0.0   1   1   8.4e-08   1.3e-05   23.3   0.0    18    54    22    58    17    64 0.92 -
PRW61112.1           -            281 4202at3041           -            340     1e-05   23.6   0.0   1   1   1.1e-07   1.7e-05   22.9   0.0     9    55     6    58     2    79 0.85 -
PRW61111.1           -            284 4202at3041           -            340   1.1e-05   23.6   0.0   1   1   1.1e-07   1.7e-05   22.9   0.0     9    55     6    58     2    79 0.85 -
PRW60270.1           -            171 4202at3041           -            340   1.6e-05   23.0   0.0   1   1   1.3e-07     2e-05   22.7   0.0     8    54    11    60     6    69 0.82 -
PRW58304.1           -           1103 4202at3041           -            340   1.7e-05   22.9   0.9   1   1   1.6e-07   2.6e-05   22.3   0.9     7    69     8    76     2   105 0.86 -
PRW60703.1           -           1586 4202at3041           -            340     2e-05   22.7   0.0   1   1   2.2e-07   3.5e-05   21.9   0.0     9    55    12    61     2    70 0.84 -
PRW39113.1           -            292 4202at3041           -            340   0.00042   18.3   0.0   1   1   4.8e-06   0.00077   17.5   0.0     7    55   236   287   231   290 0.84 -
PRW60396.1           -            233 4202at3041           -            340    0.0011   16.9   0.0   1   2     0.022       3.6    5.4   0.0    18    39    57    78    45    83 0.79 -
PRW60396.1           -            233 4202at3041           -            340    0.0011   16.9   0.0   2   2    0.0014      0.23    9.4   0.0    42    65   114   137   106   161 0.88 -
PRW33332.1           -            580 4202at3041           -            340    0.0012   16.8   0.0   1   1   1.7e-05    0.0027   15.7   0.0     7    41   520   554   514   578 0.75 -
PRW60801.1           -           2871 4202at3041           -            340    0.0076   14.2   0.0   1   1   9.7e-05     0.016   13.2   0.0    16    82  1347  1416  1339  1421 0.84 -
PRW45564.1           -            169 4202at3041           -            340     0.023   12.6   0.0   1   1   0.00016     0.026   12.5   0.0     4    77     5    91     2   138 0.67 -
PRW61389.1           -            261 4202at3041           -            340     0.036   12.0   0.0   1   1    0.0003     0.049   11.6   0.0     8    54    48    91    42    95 0.88 -
PRW39149.1           -           4383 4202at3041           -            340     0.036   12.0   0.0   1   1   0.00039     0.062   11.2   0.0    19    55  1677  1714  1661  1717 0.84 -
PRW61359.1           -            190 4202at3041           -            340      0.61    7.9  11.9   1   2   8.7e-05     0.014   13.4   2.5   164   196   101   134    90   160 0.75 -
PRW61359.1           -            190 4202at3041           -            340      0.61    7.9  11.9   2   2      0.64     1e+02    0.6   1.8   166   182   163   180   139   185 0.73 -
PRW32857.1           -            306 4202at3041           -            340      0.95    7.3   7.7   1   1    0.0097       1.6    6.6   7.7   136   190   237   292   221   296 0.83 -
PRW57819.1           -            827 4202at3041           -            340         4    5.3  10.5   1   1     0.039       6.3    4.6  10.5   106   184   740   815   709   820 0.69 -
#
# Program:         hmmsearch
# Version:         3.1b2 (February 2015)
# Pipeline mode:   SEARCH
# Query file:      /Users/catrionaharrison/Documents/Bioinformatics/rp2/Data/genomes/busco/busco_downloads/lineages/chlorophyta_odb10/hmms/4202at3041.hmm
# Target file:     /Users/catrionaharrison/Documents/Bioinformatics/rp2/Data/genomes/busco/data/chlorella_sorokiniana.prot.fasta
# Option settings: hmmsearch --domtblout /Users/catrionaharrison/Documents/Bioinformatics/rp2/Data/genomes/busco/Busco_sorokiniana/run_chlorophyta_odb10/hmmer_output/initial_run_results/4202at3041.out --cpu 1 /Users/catrionaharrison/Documents/Bioinformatics/rp2/Data/genomes/busco/busco_downloads/lineages/chlorophyta_odb10/hmms/4202at3041.hmm /Users/catrionaharrison/Documents/Bioinformatics/rp2/Data/genomes/busco/data/chlorella_sorokiniana.prot.fasta 
# Current dir:     /Users/catrionaharrison/Documents/Bioinformatics/rp2/Data/genomes/busco
# Date:            Fri Jul 22 14:33:55 2022
# [ok]
