#                                                                            --- full sequence --- -------------- this domain -------------   hmm coord   ali coord   env coord
# target name        accession   tlen query name           accession   qlen   E-value  score  bias   #  of  c-Evalue  i-Evalue  score  bias  from    to  from    to  from    to  acc description of target
#------------------- ---------- ----- -------------------- ---------- ----- --------- ------ ----- --- --- --------- --------- ------ ----- ----- ----- ----- ----- ----- ----- ---- ---------------------
PRW57699.1           -            340 4302at3041           -            249  6.3e-118  391.7   2.6   1   1  4.7e-119  5.6e-117  388.6   2.6     1   249     8   302     8   302 0.88 -
PRW33538.1           -           2043 4302at3041           -            249   7.7e-36  122.8  25.4   1   7   0.00073     0.086   11.3   0.1    50    90   486   526   477   532 0.90 -
PRW33538.1           -           2043 4302at3041           -            249   7.7e-36  122.8  25.4   2   7   2.5e-10     3e-08   32.4   0.5     5    94   528   614   524   650 0.86 -
PRW33538.1           -           2043 4302at3041           -            249   7.7e-36  122.8  25.4   3   7    0.0063      0.74    8.2   0.2    60   121   626   692   615   693 0.54 -
PRW33538.1           -           2043 4302at3041           -            249   7.7e-36  122.8  25.4   4   7   2.2e-09   2.7e-07   29.3   0.8    20    97   670   748   658   759 0.88 -
PRW33538.1           -           2043 4302at3041           -            249   7.7e-36  122.8  25.4   5   7   9.6e-10   1.1e-07   30.5   0.3    25   165   759   913   751   942 0.81 -
PRW33538.1           -           2043 4302at3041           -            249   7.7e-36  122.8  25.4   6   7   4.6e-08   5.5e-06   25.0   0.3    52   149   963  1065   955  1078 0.83 -
PRW33538.1           -           2043 4302at3041           -            249   7.7e-36  122.8  25.4   7   7     0.054       6.3    5.2   0.1    20    68  1098  1149  1088  1162 0.82 -
PRW60889.1           -           2929 4302at3041           -            249   1.9e-24   85.5  16.1   1   4   1.1e-14   1.3e-12   46.7   0.1     8   124   135   253   107   305 0.84 -
PRW60889.1           -           2929 4302at3041           -            249   1.9e-24   85.5  16.1   2   4   2.1e-05    0.0025   16.3   0.2    28   124   490   596   486   627 0.81 -
PRW60889.1           -           2929 4302at3041           -            249   1.9e-24   85.5  16.1   3   4   9.6e-07   0.00011   20.7   0.2    17    95   620   698   607   709 0.85 -
PRW60889.1           -           2929 4302at3041           -            249   1.9e-24   85.5  16.1   4   4    0.0032      0.37    9.2   2.3    24    89   711   777   698   789 0.86 -
PRW60888.1           -           2944 4302at3041           -            249   1.9e-24   85.5  16.1   1   4   1.1e-14   1.3e-12   46.7   0.1     8   124   135   253   107   305 0.84 -
PRW60888.1           -           2944 4302at3041           -            249   1.9e-24   85.5  16.1   2   4   2.1e-05    0.0025   16.3   0.2    28   124   490   596   486   627 0.81 -
PRW60888.1           -           2944 4302at3041           -            249   1.9e-24   85.5  16.1   3   4   9.6e-07   0.00011   20.7   0.2    17    95   620   698   607   709 0.85 -
PRW60888.1           -           2944 4302at3041           -            249   1.9e-24   85.5  16.1   4   4    0.0032      0.38    9.2   2.3    24    89   711   777   698   789 0.86 -
PRW45076.1           -            330 4302at3041           -            249   1.9e-23   82.2   1.3   1   3     4e-17   4.7e-15   54.7   0.0     3   105     3   102     1   131 0.94 -
PRW45076.1           -            330 4302at3041           -            249   1.9e-23   82.2   1.3   2   3   4.6e-05    0.0055   15.2   0.1   127   189   152   219   142   229 0.77 -
PRW45076.1           -            330 4302at3041           -            249   1.9e-23   82.2   1.3   3   3    0.0021      0.24    9.8   0.0   212   247   277   315   252   317 0.83 -
PRW59665.1           -            977 4302at3041           -            249   9.6e-23   79.9  10.5   1   6   1.8e-05    0.0022   16.5   0.0   186   248    70   136    27   137 0.79 -
PRW59665.1           -            977 4302at3041           -            249   9.6e-23   79.9  10.5   2   6   3.8e-08   4.5e-06   25.3   0.0     8    83   148   221   144   230 0.87 -
PRW59665.1           -            977 4302at3041           -            249   9.6e-23   79.9  10.5   3   6      0.13        15    3.9   0.0   120   161   448   489   432   493 0.60 -
PRW59665.1           -            977 4302at3041           -            249   9.6e-23   79.9  10.5   4   6    0.0025      0.29    9.5   0.1   199   248   510   562   503   563 0.82 -
PRW59665.1           -            977 4302at3041           -            249   9.6e-23   79.9  10.5   5   6   4.3e-08   5.1e-06   25.1   0.2    19   127   593   706   581   715 0.90 -
PRW59665.1           -            977 4302at3041           -            249   9.6e-23   79.9  10.5   6   6    0.0035      0.41    9.0   0.1   198   248   688   741   679   744 0.75 -
PRW61184.1           -            314 4302at3041           -            249   5.4e-19   67.6   7.3   1   4     0.021       2.4    6.5   0.0    68    96     5    33     2    68 0.65 -
PRW61184.1           -            314 4302at3041           -            249   5.4e-19   67.6   7.3   2   4   2.3e-05    0.0028   16.2   0.0    41   123    63   149    35   156 0.81 -
PRW61184.1           -            314 4302at3041           -            249   5.4e-19   67.6   7.3   3   4    0.0001     0.012   14.1   0.0    21    83   169   238   152   246 0.83 -
PRW61184.1           -            314 4302at3041           -            249   5.4e-19   67.6   7.3   4   4   4.4e-10   5.2e-08   31.6   1.6    50   101   247   300   240   312 0.85 -
PRW56898.1           -            632 4302at3041           -            249   2.9e-18   65.2   0.2   1   2   3.1e-12   3.7e-10   38.7   0.1    11   129   340   462   329   463 0.85 -
PRW56898.1           -            632 4302at3041           -            249   2.9e-18   65.2   0.2   2   2   1.2e-09   1.4e-07   30.2   0.0    73   245   443   625   437   628 0.80 -
PRW59298.1           -            663 4302at3041           -            249   5.7e-18   64.3  10.4   1   3   1.9e-08   2.3e-06   26.3   1.1    21   120   196   300   180   303 0.87 -
PRW59298.1           -            663 4302at3041           -            249   5.7e-18   64.3  10.4   2   3   1.4e-10   1.7e-08   33.2   0.2    23   127   282   391   281   405 0.86 -
PRW59298.1           -            663 4302at3041           -            249   5.7e-18   64.3  10.4   3   3   7.7e-05    0.0091   14.5   0.2    22    84   407   469   392   480 0.90 -
PRW56627.1           -           1718 4302at3041           -            249   3.4e-16   58.4  16.1   1   6   1.4e-10   1.6e-08   33.3   2.3    23   128    79   189    63   196 0.88 -
PRW56627.1           -           1718 4302at3041           -            249   3.4e-16   58.4  16.1   2   6    0.0025       0.3    9.5   0.0   197   248   169   225   167   226 0.88 -
PRW56627.1           -           1718 4302at3041           -            249   3.4e-16   58.4  16.1   3   6     0.096        11    4.3   0.0    20    84   249   322   234   331 0.72 -
PRW56627.1           -           1718 4302at3041           -            249   3.4e-16   58.4  16.1   4   6   0.00099      0.12   10.8   0.2   185   248   450   517   439   518 0.79 -
PRW56627.1           -           1718 4302at3041           -            249   3.4e-16   58.4  16.1   5   6       1.4   1.7e+02    0.5   0.0   105   124   575   594   567   617 0.88 -
PRW56627.1           -           1718 4302at3041           -            249   3.4e-16   58.4  16.1   6   6    0.0023      0.28    9.6   0.8   193   248   681   742   666   743 0.81 -
PRW45142.1           -            473 4302at3041           -            249   1.1e-15   56.8   6.2   1   3     0.013       1.6    7.2   0.0   220   248   128   159   121   160 0.85 -
PRW45142.1           -            473 4302at3041           -            249   1.1e-15   56.8   6.2   2   3   2.3e-06   0.00027   19.5   0.1    11    96   183   267   172   275 0.89 -
PRW45142.1           -            473 4302at3041           -            249   1.1e-15   56.8   6.2   3   3   1.3e-09   1.5e-07   30.1   1.6    10   131   310   436   301   471 0.73 -
PRW60195.1           -            317 4302at3041           -            249   9.6e-15   53.7   4.5   1   2   1.2e-12   1.4e-10   40.1   0.8     7   179    31   220    28   231 0.79 -
PRW60195.1           -            317 4302at3041           -            249   9.6e-15   53.7   4.5   2   2   0.00018     0.021   13.3   0.2    20   104   209   296   202   316 0.81 -
PRW57875.1           -            699 4302at3041           -            249   1.1e-14   53.4   7.2   1   4   2.7e-07   3.2e-05   22.5   0.0   174   248   340   425   322   426 0.77 -
PRW57875.1           -            699 4302at3041           -            249   1.1e-14   53.4   7.2   2   4    0.0026      0.31    9.5   0.0   204   249   420   470   417   470 0.83 -
PRW57875.1           -            699 4302at3041           -            249   1.1e-14   53.4   7.2   3   4     1e-05    0.0012   17.3   0.2   196   248   456   511   451   512 0.91 -
PRW57875.1           -            699 4302at3041           -            249   1.1e-14   53.4   7.2   4   4   5.1e-05     0.006   15.0   0.7     8    85   523   598   516   605 0.86 -
PRW05847.1           -            527 4302at3041           -            249   1.7e-14   52.9   7.7   1   4       1.5   1.8e+02    0.4   0.3    65    82   279   296   214   308 0.71 -
PRW05847.1           -            527 4302at3041           -            249   1.7e-14   52.9   7.7   2   4   8.4e-08     1e-05   24.2   2.2    25   122   281   382   251   384 0.84 -
PRW05847.1           -            527 4302at3041           -            249   1.7e-14   52.9   7.7   3   4   1.1e-12   1.4e-10   40.1   0.3    22   126   319   428   305   431 0.90 -
PRW05847.1           -            527 4302at3041           -            249   1.7e-14   52.9   7.7   4   4      0.01       1.2    7.5   0.0     5    82   431   507   427   510 0.85 -
PRW56172.1           -            504 4302at3041           -            249   2.3e-14   52.4  10.9   1   4     0.034         4    5.8   0.1   211   249   133   174   116   174 0.77 -
PRW56172.1           -            504 4302at3041           -            249   2.3e-14   52.4  10.9   2   4   0.00048     0.056   11.9   0.0   218   248   181   214   174   215 0.84 -
PRW56172.1           -            504 4302at3041           -            249   2.3e-14   52.4  10.9   3   4   1.1e-09   1.3e-07   30.4   0.2     5    97   223   313   219   339 0.84 -
PRW56172.1           -            504 4302at3041           -            249   2.3e-14   52.4  10.9   4   4     0.015       1.7    7.0   2.6    53    85   354   386   309   399 0.78 -
PRW20811.1           -           1552 4302at3041           -            249   3.4e-14   51.9   5.0   1   3   4.8e-08   5.6e-06   25.0   0.3    23   120    27   135    13   139 0.84 -
PRW20811.1           -           1552 4302at3041           -            249   3.4e-14   51.9   5.0   2   3   6.6e-09   7.8e-07   27.8   0.0     7   125   148   268   145   274 0.92 -
PRW20811.1           -           1552 4302at3041           -            249   3.4e-14   51.9   5.0   3   3        10   1.2e+03   -2.3   0.0   236   248   302   314   297   315 0.85 -
PRW20813.1           -           1572 4302at3041           -            249   3.5e-14   51.9   5.0   1   2   4.9e-08   5.7e-06   24.9   0.3    23   120    27   135    13   139 0.84 -
PRW20813.1           -           1572 4302at3041           -            249   3.5e-14   51.9   5.0   2   2   6.7e-09     8e-07   27.8   0.0     7   125   148   268   145   274 0.92 -
PRW20571.1           -            854 4302at3041           -            249   7.1e-14   50.9  11.3   1   5   1.6e-05    0.0019   16.7   0.1    50   126   137   214   125   223 0.78 -
PRW20571.1           -            854 4302at3041           -            249   7.1e-14   50.9  11.3   2   5   5.4e-05    0.0064   15.0   0.1   195   248   234   288   215   289 0.65 -
PRW20571.1           -            854 4302at3041           -            249   7.1e-14   50.9  11.3   3   5   9.4e-06    0.0011   17.5   1.0    48   128   295   376   289   390 0.79 -
PRW20571.1           -            854 4302at3041           -            249   7.1e-14   50.9  11.3   4   5   0.00045     0.053   12.0   0.1   195   248   354   408   335   409 0.83 -
PRW20571.1           -            854 4302at3041           -            249   7.1e-14   50.9  11.3   5   5     0.066       7.8    4.8   0.1   108   227   396   426   370   450 0.46 -
PRW58221.1           -            370 4302at3041           -            249   1.3e-13   50.0  11.7   1   3    0.0018      0.21   10.0   0.0   213   248     4    42     1    43 0.89 -
PRW58221.1           -            370 4302at3041           -            249   1.3e-13   50.0  11.7   2   3   4.5e-08   5.3e-06   25.1   2.0     7   102    74   172    68   175 0.83 -
PRW58221.1           -            370 4302at3041           -            249   1.3e-13   50.0  11.7   3   3   4.6e-07   5.4e-05   21.8   2.6     5   120   161   290   157   314 0.74 -
PRW58545.1           -           1712 4302at3041           -            249   7.1e-13   47.6   0.2   1   2   3.3e-08   3.9e-06   25.5   0.0    52   181   628   771   623   782 0.78 -
PRW58545.1           -           1712 4302at3041           -            249   7.1e-13   47.6   0.2   2   2   3.4e-06    0.0004   18.9   0.0   195   248   818   876   814   877 0.89 -
PRW33530.1           -            316 4302at3041           -            249   3.6e-12   45.3   7.2   1   5    0.0042       0.5    8.8   0.3    53    95    12    53     9    59 0.86 -
PRW33530.1           -            316 4302at3041           -            249   3.6e-12   45.3   7.2   2   5      0.29        34    2.7   0.0    63   117    66   122    54   154 0.64 -
PRW33530.1           -            316 4302at3041           -            249   3.6e-12   45.3   7.2   3   5   0.00024     0.028   12.9   0.0   195   234   172   211   158   215 0.91 -
PRW33530.1           -            316 4302at3041           -            249   3.6e-12   45.3   7.2   4   5   1.8e-06   0.00021   19.8   0.2   198   248   217   270   211   271 0.87 -
PRW33530.1           -            316 4302at3041           -            249   3.6e-12   45.3   7.2   5   5       2.2   2.6e+02   -0.1   0.0    50    83   279   312   272   315 0.75 -
PRW57584.1           -           1073 4302at3041           -            249   1.8e-11   43.0   2.1   1   3    0.0027      0.32    9.4   0.1   196   233   109   146    47   150 0.88 -
PRW57584.1           -           1073 4302at3041           -            249   1.8e-11   43.0   2.1   2   3   0.00081     0.095   11.1   0.0   199   248   154   208   148   209 0.86 -
PRW57584.1           -           1073 4302at3041           -            249   1.8e-11   43.0   2.1   3   3   1.6e-06   0.00018   20.0   0.0   196   248   239   294   222   295 0.90 -
PRW44412.1           -            830 4302at3041           -            249   2.3e-11   42.6   2.1   1   4      0.13        15    3.9   0.0    19    60    20    63     7    73 0.67 -
PRW44412.1           -            830 4302at3041           -            249   2.3e-11   42.6   2.1   2   4   8.4e-05    0.0099   14.3   0.0   196   248    80   134    72   135 0.93 -
PRW44412.1           -            830 4302at3041           -            249   2.3e-11   42.6   2.1   3   4      0.12        15    4.0   0.0   213   248   136   173   134   174 0.82 -
PRW44412.1           -            830 4302at3041           -            249   2.3e-11   42.6   2.1   4   4   2.6e-05     0.003   16.0   0.6    28   121   199   292   193   316 0.83 -
PRW20812.1           -           1582 4302at3041           -            249   2.7e-11   42.4   7.4   1   2   3.3e-05    0.0039   15.7   0.7    23    94    27   104    17   146 0.76 -
PRW20812.1           -           1582 4302at3041           -            249   2.7e-11   42.4   7.4   2   2   7.1e-09   8.4e-07   27.7   0.1     7   125   158   278   156   284 0.92 -
PRW44244.1           -            338 4302at3041           -            249   1.3e-10   40.2   0.0   1   2   3.8e-07   4.5e-05   22.0   0.0   197   248   119   171    80   173 0.80 -
PRW44244.1           -            338 4302at3041           -            249   1.3e-10   40.2   0.0   2   2   3.8e-05    0.0045   15.5   0.0   217   248   202   234   195   235 0.87 -
PRW58160.1           -           1385 4302at3041           -            249   1.4e-10   40.1   5.3   1   4    0.0014      0.16   10.4   0.2   205   248    33    79    26    80 0.91 -
PRW58160.1           -           1385 4302at3041           -            249   1.4e-10   40.1   5.3   2   4   3.6e-06   0.00043   18.8   0.1   195   248    65   121    62   123 0.92 -
PRW58160.1           -           1385 4302at3041           -            249   1.4e-10   40.1   5.3   3   4      0.15        18    3.7   0.0   217   248   129   163   121   164 0.62 -
PRW58160.1           -           1385 4302at3041           -            249   1.4e-10   40.1   5.3   4   4   8.4e-05    0.0099   14.3   0.1   196   248   226   283   206   328 0.87 -
PRW59690.1           -            779 4302at3041           -            249   2.2e-10   39.4   2.2   1   2   0.00014     0.017   13.6   0.1    22   106   488   582   478   582 0.71 -
PRW59690.1           -            779 4302at3041           -            249   2.2e-10   39.4   2.2   2   2   5.3e-09   6.2e-07   28.1   0.8     8    93   570   652   568   662 0.93 -
PRW56720.1           -            429 4302at3041           -            249   2.6e-10   39.2  14.4   1   4   4.7e-05    0.0055   15.2   0.9    46   121    68   155    62   157 0.84 -
PRW56720.1           -            429 4302at3041           -            249   2.6e-10   39.2  14.4   2   4   3.5e-08   4.1e-06   25.4   2.2     7   113   123   231   118   245 0.84 -
PRW56720.1           -            429 4302at3041           -            249   2.6e-10   39.2  14.4   3   4   0.00079     0.093   11.1   0.2     6   126   250   379   245   382 0.72 -
PRW56720.1           -            429 4302at3041           -            249   2.6e-10   39.2  14.4   4   4       0.1        12    4.3   0.1    41    89   373   421   363   428 0.73 -
PRW33193.1           -            452 4302at3041           -            249   2.8e-10   39.1  13.5   1   4     0.056       6.6    5.1   0.1    23    63   125   163   119   195 0.61 -
PRW33193.1           -            452 4302at3041           -            249   2.8e-10   39.1  13.5   2   4       3.6   4.3e+02   -0.8   0.2    50    76   204   230   147   244 0.54 -
PRW33193.1           -            452 4302at3041           -            249   2.8e-10   39.1  13.5   3   4     1e-06   0.00012   20.6   1.0    52   120   285   357   281   363 0.82 -
PRW33193.1           -            452 4302at3041           -            249   2.8e-10   39.1  13.5   4   4   8.4e-07   9.9e-05   20.9   0.6    47   120   367   445   357   448 0.77 -
PRW59321.1           -           1005 4302at3041           -            249   2.8e-10   39.1   1.4   1   5      0.23        27    3.1   0.0   183   234   141   195   125   202 0.74 -
PRW59321.1           -           1005 4302at3041           -            249   2.8e-10   39.1   1.4   2   5    0.0015      0.18   10.2   0.1   194   247   444   500   421   502 0.75 -
PRW59321.1           -           1005 4302at3041           -            249   2.8e-10   39.1   1.4   3   5   5.7e-06   0.00068   18.2   0.0   184   248   518   587   506   588 0.78 -
PRW59321.1           -           1005 4302at3041           -            249   2.8e-10   39.1   1.4   4   5       9.5   1.1e+03   -2.2   0.0    22    56   610   644   600   673 0.82 -
PRW59321.1           -           1005 4302at3041           -            249   2.8e-10   39.1   1.4   5   5       1.2   1.4e+02    0.7   0.0   105   136   676   707   667   718 0.80 -
PRW58546.1           -           1719 4302at3041           -            249   2.9e-10   39.0   0.2   1   2   1.5e-05    0.0018   16.8   0.0    52   179   628   776   623   790 0.70 -
PRW58546.1           -           1719 4302at3041           -            249   2.9e-10   39.0   0.2   2   2   3.3e-06   0.00038   19.0   0.0   195   248   825   883   815   884 0.89 -
PRW20642.1           -            365 4302at3041           -            249   3.5e-10   38.7   5.4   1   4       1.6   1.8e+02    0.4   0.2    59   105     4    53     2    65 0.70 -
PRW20642.1           -            365 4302at3041           -            249   3.5e-10   38.7   5.4   2   4     5e-09   5.8e-07   28.2   0.1   196   248    71   126    65   128 0.90 -
PRW20642.1           -            365 4302at3041           -            249   3.5e-10   38.7   5.4   3   4    0.0013      0.15   10.5   0.1    44   130   129   220   126   242 0.79 -
PRW20642.1           -            365 4302at3041           -            249   3.5e-10   38.7   5.4   4   4       3.3   3.9e+02   -0.7   0.0   195   245   241   293   210   297 0.62 -
PRW20638.1           -            806 4302at3041           -            249   3.7e-10   38.7   4.0   1   3     0.068       8.1    4.8   0.2    72   111    21    64     4    69 0.83 -
PRW20638.1           -            806 4302at3041           -            249   3.7e-10   38.7   4.0   2   3       1.4   1.7e+02    0.5   0.0    70   105    97   134    86   134 0.76 -
PRW20638.1           -            806 4302at3041           -            249   3.7e-10   38.7   4.0   3   3   7.9e-11   9.3e-09   34.1   0.3     7   115   122   232   115   262 0.86 -
PRW20739.1           -            509 4302at3041           -            249   1.3e-09   36.8  10.3   1   3   1.3e-09   1.5e-07   30.1   0.4    50   156   193   314   186   319 0.72 -
PRW20739.1           -            509 4302at3041           -            249   1.3e-09   36.8  10.3   2   3   0.00012     0.015   13.8   0.1   196   248   297   352   283   353 0.84 -
PRW20739.1           -            509 4302at3041           -            249   1.3e-09   36.8  10.3   3   3   9.7e-05     0.011   14.1   0.8    52   155   321   438   317   460 0.66 -
PRW60702.1           -            588 4302at3041           -            249   2.9e-09   35.7   1.8   1   4   0.00086       0.1   11.0   0.0    91   124    29    64    16    69 0.78 -
PRW60702.1           -            588 4302at3041           -            249   2.9e-09   35.7   1.8   2   4    0.0021      0.24    9.8   0.1    27    96    94   164    81   181 0.82 -
PRW60702.1           -            588 4302at3041           -            249   2.9e-09   35.7   1.8   3   4      0.01       1.2    7.5   0.0    72   103   222   253   211   268 0.75 -
PRW60702.1           -            588 4302at3041           -            249   2.9e-09   35.7   1.8   4   4      0.22        26    3.2   0.1    60    84   269   293   260   300 0.85 -
PRW57454.1           -            635 4302at3041           -            249   3.3e-09   35.5   0.8   1   3    0.0021      0.25    9.8   0.3    53   127   265   347   260   394 0.75 -
PRW57454.1           -            635 4302at3041           -            249   3.3e-09   35.5   0.8   2   3      0.92   1.1e+02    1.1   0.0   149   179   433   463   399   475 0.69 -
PRW57454.1           -            635 4302at3041           -            249   3.3e-09   35.5   0.8   3   3   1.7e-06    0.0002   19.9   0.0   194   247   568   626   559   628 0.86 -
PRW60529.1           -            317 4302at3041           -            249   4.3e-09   35.2   2.7   1   3     0.048       5.6    5.3   0.0   117   153    53    88    40    94 0.71 -
PRW60529.1           -            317 4302at3041           -            249   4.3e-09   35.2   2.7   2   3   9.7e-08   1.1e-05   24.0   0.4     8   125   102   224    94   229 0.84 -
PRW60529.1           -            317 4302at3041           -            249   4.3e-09   35.2   2.7   3   3   0.00031     0.037   12.5   0.1    68   134   204   277   185   284 0.71 -
PRW32897.1           -            512 4302at3041           -            249     1e-08   34.0   0.2   1   2   0.00093      0.11   10.9   0.0   111   163   232   284   224   322 0.85 -
PRW32897.1           -            512 4302at3041           -            249     1e-08   34.0   0.2   2   2   1.6e-06   0.00019   20.0   0.3    28   191   300   488   295   502 0.77 -
PRW45083.1           -           2097 4302at3041           -            249   2.4e-08   32.8   1.5   1   4   9.7e-06    0.0011   17.4   0.0   185   248   552   619   535   620 0.78 -
PRW45083.1           -           2097 4302at3041           -            249   2.4e-08   32.8   1.5   2   4     0.029       3.5    6.0   0.0   218   248   633   667   627   668 0.83 -
PRW45083.1           -           2097 4302at3041           -            249   2.4e-08   32.8   1.5   3   4      0.25        29    3.0   0.0   219   248   850   882   805   883 0.79 -
PRW45083.1           -           2097 4302at3041           -            249   2.4e-08   32.8   1.5   4   4      0.62        73    1.7   0.0   133   232   930   972   920  1002 0.56 -
PRW20303.1           -            450 4302at3041           -            249   1.2e-07   30.4   0.4   1   2     0.004      0.47    8.9   0.0   197   248    82   136    62   138 0.61 -
PRW20303.1           -            450 4302at3041           -            249   1.2e-07   30.4   0.4   2   2   2.5e-05    0.0029   16.1   0.2    78   248   181   357   165   358 0.66 -
PRW56246.1           -            786 4302at3041           -            249   1.5e-07   30.1   1.5   1   3   2.6e-06   0.00031   19.3   0.2   201   248   322   370   313   371 0.90 -
PRW56246.1           -            786 4302at3041           -            249   1.5e-07   30.1   1.5   2   3    0.0087         1    7.7   0.0     9   125   527   640   519   650 0.69 -
PRW56246.1           -            786 4302at3041           -            249   1.5e-07   30.1   1.5   3   3       3.6   4.3e+02   -0.8   0.0    53    78   674   699   670   708 0.81 -
PRW58435.1           -            338 4302at3041           -            249   3.8e-07   28.8   0.0   1   1   1.2e-08   1.4e-06   27.0   0.0    24   248    27   268    18   269 0.82 -
PRW20323.1           -            750 4302at3041           -            249     4e-07   28.7   2.5   1   3   4.9e-06   0.00058   18.4   0.1   192   248   226   285   204   286 0.83 -
PRW20323.1           -            750 4302at3041           -            249     4e-07   28.7   2.5   2   3       1.3   1.5e+02    0.7   0.0   159   194   300   335   292   346 0.80 -
PRW20323.1           -            750 4302at3041           -            249     4e-07   28.7   2.5   3   3     0.022       2.6    6.4   0.1    23    83   355   414   345   500 0.69 -
PRW56745.1           -            539 4302at3041           -            249   5.2e-07   28.3   0.3   1   2   8.4e-07    0.0001   20.9   0.0    70   134   313   383   294   415 0.83 -
PRW56745.1           -            539 4302at3041           -            249   5.2e-07   28.3   0.3   2   2      0.11        13    4.1   0.2    47    98   467   519   424   533 0.66 -
PRW59588.1           -            442 4302at3041           -            249   8.3e-07   27.7   5.9   1   2     1e-05    0.0012   17.4   1.1   134   249   156   284   130   284 0.68 -
PRW59588.1           -            442 4302at3041           -            249   8.3e-07   27.7   5.9   2   2   0.00045     0.053   11.9   0.3    16    83   304   373   290   379 0.69 -
PRW20874.1           -            517 4302at3041           -            249   9.7e-07   27.5   2.7   1   3   7.8e-05    0.0092   14.4   0.1   181   248   224   295   158   296 0.85 -
PRW20874.1           -            517 4302at3041           -            249   9.7e-07   27.5   2.7   2   3    0.0048      0.57    8.6   0.0   187   248   314   376   296   378 0.72 -
PRW20874.1           -            517 4302at3041           -            249   9.7e-07   27.5   2.7   3   3      0.38        45    2.4   0.0   224   248   415   439   402   440 0.89 -
PRW51107.1           -            870 4302at3041           -            249   2.9e-06   25.9   0.0   1   1     7e-08   8.3e-06   24.4   0.0    22   104    59   142    47   164 0.85 -
PRW57155.1           -           1479 4302at3041           -            249   3.1e-06   25.8   0.3   1   3    0.0066      0.78    8.1   0.0   196   247   479   530   454   532 0.85 -
PRW57155.1           -           1479 4302at3041           -            249   3.1e-06   25.8   0.3   2   3    0.0041      0.48    8.8   0.0   199   248   674   724   659   725 0.87 -
PRW57155.1           -           1479 4302at3041           -            249   3.1e-06   25.8   0.3   3   3    0.0014      0.16   10.4   0.0    74   249   675   865   674   865 0.56 -
PRW60634.1           -            648 4302at3041           -            249   6.5e-06   24.8   0.7   1   3     0.012       1.5    7.2   0.2   216   249   121   156   112   156 0.84 -
PRW60634.1           -            648 4302at3041           -            249   6.5e-06   24.8   0.7   2   3   0.00045     0.053   12.0   0.1   185   226   169   212   159   234 0.73 -
PRW60634.1           -            648 4302at3041           -            249   6.5e-06   24.8   0.7   3   3      0.76        90    1.4   0.0   104   126   303   325   298   329 0.90 -
PRW56161.1           -            705 4302at3041           -            249   1.5e-05   23.6   1.8   1   2     0.014       1.7    7.0   0.2    70   121   388   447   376   462 0.52 -
PRW56161.1           -            705 4302at3041           -            249   1.5e-05   23.6   1.8   2   2   6.6e-05    0.0078   14.7   0.1   191   247   470   529   447   531 0.77 -
PRW20367.1           -            877 4302at3041           -            249   2.9e-05   22.7   1.2   1   2      0.02       2.3    6.6   0.0    51    84   448   481   438   487 0.87 -
PRW20367.1           -            877 4302at3041           -            249   2.9e-05   22.7   1.2   2   2   0.00012     0.014   13.9   0.3    51   247   541   749   537   751 0.62 -
PRW57254.1           -            347 4302at3041           -            249   3.5e-05   22.4   0.1   1   2       3.6   4.3e+02   -0.8   0.0   125   156    28    59    25    79 0.80 -
PRW57254.1           -            347 4302at3041           -            249   3.5e-05   22.4   0.1   2   2   2.2e-06   0.00026   19.5   0.1    73   153    89   180    67   193 0.79 -
PRW45460.1           -            561 4302at3041           -            249   3.6e-05   22.3   2.8   1   1   2.6e-06    0.0003   19.3   2.2     7   153   268   428   261   516 0.84 -
PRW45473.1           -            764 4302at3041           -            249   3.8e-05   22.2   5.2   1   4     0.023       2.7    6.4   0.0    47    89   448   490   419   497 0.75 -
PRW45473.1           -            764 4302at3041           -            249   3.8e-05   22.2   5.2   2   4   0.00042     0.049   12.1   0.1   108   183   472   562   471   571 0.69 -
PRW45473.1           -            764 4302at3041           -            249   3.8e-05   22.2   5.2   3   4      0.13        15    3.9   0.0    68   126   595   661   582   668 0.66 -
PRW45473.1           -            764 4302at3041           -            249   3.8e-05   22.2   5.2   4   4         2   2.4e+02    0.0   0.6    57    86   674   704   669   725 0.72 -
PRW57681.1           -            473 4302at3041           -            249   9.2e-05   21.0   0.8   1   3    0.0026      0.31    9.4   0.2    51    94   204   247   193   263 0.84 -
PRW57681.1           -            473 4302at3041           -            249   9.2e-05   21.0   0.8   2   3       2.3   2.8e+02   -0.2   0.0   106   128   383   405   377   411 0.65 -
PRW57681.1           -            473 4302at3041           -            249   9.2e-05   21.0   0.8   3   3    0.0038      0.45    8.9   0.0   184   248   403   469   386   470 0.76 -
PRW45092.1           -            408 4302at3041           -            249   9.2e-05   21.0   0.0   1   2      0.38        45    2.4   0.0   219   248    12    44     6    52 0.67 -
PRW45092.1           -            408 4302at3041           -            249   9.2e-05   21.0   0.0   2   2   2.6e-05     0.003   16.0   0.0   196   247   344   398   335   400 0.91 -
PRW44887.1           -            560 4302at3041           -            249   0.00011   20.8   2.1   1   3      0.39        46    2.3   0.3    46    83   324   357   316   361 0.78 -
PRW44887.1           -            560 4302at3041           -            249   0.00011   20.8   2.1   2   3   6.9e-05    0.0081   14.6   0.0   193   248   410   469   401   476 0.76 -
PRW44887.1           -            560 4302at3041           -            249   0.00011   20.8   2.1   3   3       1.4   1.7e+02    0.5   0.0   196   248   505   558   497   559 0.68 -
PRW44429.1           -            824 4302at3041           -            249   0.00013   20.5   1.7   1   3     0.001      0.12   10.8   0.2    47   101   496   550   490   566 0.85 -
PRW44429.1           -            824 4302at3041           -            249   0.00013   20.5   1.7   2   3     0.018       2.1    6.7   0.0   205   248   571   614   566   615 0.82 -
PRW44429.1           -            824 4302at3041           -            249   0.00013   20.5   1.7   3   3       5.3   6.2e+02   -1.4   0.0   230   248   689   707   658   708 0.58 -
PRW61015.1           -            813 4302at3041           -            249   0.00015   20.3   0.7   1   3       7.3   8.6e+02   -1.8   0.0    53    88    28    63    26    85 0.77 -
PRW61015.1           -            813 4302at3041           -            249   0.00015   20.3   0.7   2   3       1.2   1.4e+02    0.7   0.0    70   124    88   148    67   157 0.54 -
PRW61015.1           -            813 4302at3041           -            249   0.00015   20.3   0.7   3   3   2.5e-05    0.0029   16.1   0.1    55   135   170   255   162   326 0.81 -
PRW58966.1           -           1037 4302at3041           -            249   0.00018   20.0   8.1   1   3       1.6   1.9e+02    0.3   0.1   194   210   664   680   542   688 0.61 -
PRW58966.1           -           1037 4302at3041           -            249   0.00018   20.0   8.1   2   3   1.7e-05     0.002   16.6   1.2     5    95   686   778   682   786 0.80 -
PRW58966.1           -           1037 4302at3041           -            249   0.00018   20.0   8.1   3   3     0.059         7    5.0   0.0   204   248   963  1011   940  1012 0.80 -
PRW58967.1           -           1037 4302at3041           -            249   0.00018   20.0   8.1   1   3       1.6   1.9e+02    0.3   0.1   194   210   664   680   542   688 0.61 -
PRW58967.1           -           1037 4302at3041           -            249   0.00018   20.0   8.1   2   3   1.7e-05     0.002   16.6   1.2     5    95   686   778   682   786 0.80 -
PRW58967.1           -           1037 4302at3041           -            249   0.00018   20.0   8.1   3   3     0.059         7    5.0   0.0   204   248   963  1011   940  1012 0.80 -
PRW56987.1           -            262 4302at3041           -            249   0.00029   19.4   0.9   1   4       5.1   6.1e+02   -1.3   0.0    71    84    23    36     8    53 0.72 -
PRW56987.1           -            262 4302at3041           -            249   0.00029   19.4   0.9   2   4      0.02       2.4    6.6   0.0   218   248    62    95    43    96 0.65 -
PRW56987.1           -            262 4302at3041           -            249   0.00029   19.4   0.9   3   4   5.2e-05    0.0061   15.0   0.1   198   249    84   138    81   138 0.88 -
PRW56987.1           -            262 4302at3041           -            249   0.00029   19.4   0.9   4   4       9.9   1.2e+03   -2.3   0.0   226   248   213   238   206   239 0.67 -
PRW33703.1           -            805 4302at3041           -            249   0.00046   18.7   2.1   1   2   1.4e-05    0.0017   16.9   0.0     8   153    52   200    46   210 0.83 -
PRW33703.1           -            805 4302at3041           -            249   0.00046   18.7   2.1   2   2       2.3   2.7e+02   -0.2   0.0   107   121   217   231   215   236 0.87 -
PRW20712.1           -            515 4302at3041           -            249    0.0007   18.1   0.2   1   3       3.1   3.6e+02   -0.6   0.0   193   213    28    48    12    86 0.63 -
PRW20712.1           -            515 4302at3041           -            249    0.0007   18.1   0.2   2   3     0.036       4.3    5.7   0.1   202   248   104   146    98   147 0.77 -
PRW20712.1           -            515 4302at3041           -            249    0.0007   18.1   0.2   3   3      0.03       3.6    6.0   0.0   126   158   241   273   165   310 0.85 -
PRW59922.1           -            583 4302at3041           -            249   0.00088   17.8   3.4   1   3   0.00011     0.013   14.0   0.3   135   248   233   351   192   352 0.64 -
PRW59922.1           -            583 4302at3041           -            249   0.00088   17.8   3.4   2   3       1.3   1.5e+02    0.6   0.0    22   151   381   399   363   411 0.58 -
PRW59922.1           -            583 4302at3041           -            249   0.00088   17.8   3.4   3   3      0.66        78    1.6   0.1   198   247   474   527   444   529 0.63 -
PRW59923.1           -            585 4302at3041           -            249   0.00089   17.8   3.4   1   3   0.00011     0.013   14.0   0.3   135   248   235   353   194   354 0.64 -
PRW59923.1           -            585 4302at3041           -            249   0.00089   17.8   3.4   2   3       1.3   1.5e+02    0.6   0.0    22   151   383   401   365   413 0.58 -
PRW59923.1           -            585 4302at3041           -            249   0.00089   17.8   3.4   3   3      0.67        79    1.6   0.1   198   247   476   529   446   531 0.63 -
PRW32950.1           -            457 4302at3041           -            249    0.0015   17.1   0.6   1   3     0.088        10    4.5   0.0    76   131   158   219   143   233 0.76 -
PRW32950.1           -            457 4302at3041           -            249    0.0015   17.1   0.6   2   3    0.0045      0.53    8.7   0.0   197   248   236   291   222   292 0.85 -
PRW32950.1           -            457 4302at3041           -            249    0.0015   17.1   0.6   3   3       3.4     4e+02   -0.7   0.0   222   247   396   424   356   440 0.64 -
PRW32949.1           -            358 4302at3041           -            249    0.0015   17.0   0.3   1   3     0.069       8.1    4.8   0.0    76   130   158   218   142   226 0.78 -
PRW32949.1           -            358 4302at3041           -            249    0.0015   17.0   0.3   2   3    0.0031      0.36    9.2   0.0   197   248   236   291   221   292 0.85 -
PRW32949.1           -            358 4302at3041           -            249    0.0015   17.0   0.3   3   3     0.018       2.1    6.7   0.1     7    87   260   340   255   342 0.70 -
PRW57352.1           -           1500 4302at3041           -            249    0.0016   17.0   4.9   1   3     0.035       4.2    5.7   0.1   189   247   420   492   409   495 0.50 -
PRW57352.1           -           1500 4302at3041           -            249    0.0016   17.0   4.9   2   3    0.0013      0.15   10.5   0.4     3    83   517   594   515   620 0.88 -
PRW57352.1           -           1500 4302at3041           -            249    0.0016   17.0   4.9   3   3       5.2   6.1e+02   -1.4   0.0    21    36   732   747   724   751 0.87 -
PRW58237.1           -           1102 4302at3041           -            249    0.0031   16.0   0.1   1   2      0.47        55    2.1   0.0   221   248   521   551   512   556 0.76 -
PRW58237.1           -           1102 4302at3041           -            249    0.0031   16.0   0.1   2   2    0.0011      0.13   10.7   0.0   197   248   580   634   569   635 0.86 -
PRW59865.1           -            319 4302at3041           -            249    0.0035   15.8   4.3   1   3     0.087        10    4.5   0.2   194   237    37    83    13   100 0.64 -
PRW59865.1           -            319 4302at3041           -            249    0.0035   15.8   4.3   2   3       0.1        12    4.2   0.3   124   153    69   100    37   154 0.58 -
PRW59865.1           -            319 4302at3041           -            249    0.0035   15.8   4.3   3   3    0.0013      0.15   10.5   0.3    48   118   190   265   155   279 0.77 -
PRW55973.1           -            422 4302at3041           -            249    0.0048   15.4   0.6   1   3    0.0073      0.86    8.0   0.0    27    88    42   102    33   110 0.53 -
PRW55973.1           -            422 4302at3041           -            249    0.0048   15.4   0.6   2   3     0.078       9.2    4.6   0.1   194   234   220   266   207   285 0.69 -
PRW55973.1           -            422 4302at3041           -            249    0.0048   15.4   0.6   3   3       7.6     9e+02   -1.9   0.0   221   246   297   326   286   354 0.63 -
PRW57205.1           -           1844 4302at3041           -            249    0.0049   15.3   1.5   1   2      0.22        26    3.2   0.0   194   234    26    73     5    91 0.54 -
PRW57205.1           -           1844 4302at3041           -            249    0.0049   15.3   1.5   2   2    0.0015      0.18   10.2   0.2    13    83   128   198   116   209 0.82 -
PRW33905.1           -            639 4302at3041           -            249    0.0069   14.9   9.4   1   3      0.56        66    1.8   0.0   138   161     8    31     3    38 0.70 -
PRW33905.1           -            639 4302at3041           -            249    0.0069   14.9   9.4   2   3   0.00065     0.077   11.4   0.1    66   122    89   150    72   163 0.85 -
PRW33905.1           -            639 4302at3041           -            249    0.0069   14.9   9.4   3   3     0.037       4.4    5.7   0.1    50    83   287   320   272   330 0.60 -
PRW32885.1           -            704 4302at3041           -            249     0.007   14.8   0.2   1   3     0.061       7.2    5.0   0.0   185   248    70   136    63   137 0.87 -
PRW32885.1           -            704 4302at3041           -            249     0.007   14.8   0.2   2   3      0.11        12    4.2   0.0   217   248   158   192   152   193 0.85 -
PRW32885.1           -            704 4302at3041           -            249     0.007   14.8   0.2   3   3      0.71        84    1.5   0.0   221   248   209   240   198   242 0.68 -
PRW59452.1           -           1635 4302at3041           -            249    0.0077   14.7   1.1   1   4      0.07       8.3    4.8   0.0   219   248    38    70    32    73 0.76 -
PRW59452.1           -           1635 4302at3041           -            249    0.0077   14.7   1.1   2   4     0.003      0.36    9.2   0.1   196   239    57   101    54   115 0.82 -
PRW59452.1           -           1635 4302at3041           -            249    0.0077   14.7   1.1   3   4       3.3   3.8e+02   -0.7   0.0   106   124   197   215   177   220 0.64 -
PRW59452.1           -           1635 4302at3041           -            249    0.0077   14.7   1.1   4   4       2.3   2.7e+02   -0.2   0.1   194   248   512   571   492   572 0.78 -
PRW20425.1           -            432 4302at3041           -            249     0.012   14.1   0.1   1   1     0.002      0.24    9.8   0.1   195   248   274   330   261   331 0.74 -
PRW56243.1           -           3077 4302at3041           -            249     0.014   13.9   0.1   1   2   0.00094      0.11   10.9   0.0   126   248  1761  1874  1746  1875 0.80 -
PRW56243.1           -           3077 4302at3041           -            249     0.014   13.9   0.1   2   2       4.9   5.8e+02   -1.3   0.0   181   234  1980  2033  1962  2048 0.67 -
PRW58657.1           -           1344 4302at3041           -            249     0.016   13.6  10.1   1   4      0.55        65    1.8   0.0   207   247    39    95    26    97 0.56 -
PRW58657.1           -           1344 4302at3041           -            249     0.016   13.6  10.1   2   4       0.4        47    2.3   0.0   197   248   204   264   201   271 0.63 -
PRW58657.1           -           1344 4302at3041           -            249     0.016   13.6  10.1   3   4       6.1   7.2e+02   -1.6   1.5    50    87   424   461   393   481 0.63 -
PRW58657.1           -           1344 4302at3041           -            249     0.016   13.6  10.1   4   4   0.00081     0.096   11.1   0.1     9    84   678   763   673   799 0.77 -
PRW61004.1           -            449 4302at3041           -            249     0.017   13.6   0.6   1   1   0.00023     0.027   12.9   0.6   154   202   343   391   322   401 0.83 -
PRW39197.1           -           1821 4302at3041           -            249     0.018   13.5   5.4   1   5    0.0044      0.52    8.7   0.1    52    93    13    53     3    56 0.88 -
PRW39197.1           -           1821 4302at3041           -            249     0.018   13.5   5.4   2   5    0.0029      0.34    9.3   0.3   197   248    32    90    29    91 0.74 -
PRW39197.1           -           1821 4302at3041           -            249     0.018   13.5   5.4   3   5     0.057       6.7    5.1   0.4    51    85    56    92    47   119 0.61 -
PRW39197.1           -           1821 4302at3041           -            249     0.018   13.5   5.4   4   5         8   9.4e+02   -2.0   0.0    14    45   158   188   151   197 0.83 -
PRW39197.1           -           1821 4302at3041           -            249     0.018   13.5   5.4   5   5       2.1   2.4e+02   -0.0   0.0   200   248   188   248   181   249 0.62 -
PRW39198.1           -           1816 4302at3041           -            249     0.018   13.5   5.4   1   5    0.0044      0.52    8.7   0.1    52    93    13    53     3    56 0.88 -
PRW39198.1           -           1816 4302at3041           -            249     0.018   13.5   5.4   2   5    0.0029      0.34    9.3   0.3   197   248    32    90    29    91 0.74 -
PRW39198.1           -           1816 4302at3041           -            249     0.018   13.5   5.4   3   5     0.057       6.7    5.1   0.4    51    85    56    92    47   119 0.61 -
PRW39198.1           -           1816 4302at3041           -            249     0.018   13.5   5.4   4   5         8   9.4e+02   -2.0   0.0    14    45   158   188   151   197 0.83 -
PRW39198.1           -           1816 4302at3041           -            249     0.018   13.5   5.4   5   5       2.1   2.4e+02   -0.0   0.0   200   248   188   248   181   249 0.62 -
PRW59011.1           -            798 4302at3041           -            249     0.018   13.5   0.1   1   2    0.0047      0.56    8.6   0.0    51   104   445   498   442   514 0.90 -
PRW59011.1           -            798 4302at3041           -            249     0.018   13.5   0.1   2   2      0.44        52    2.2   0.0   192   247   680   739   644   741 0.69 -
PRW50831.1           -            333 4302at3041           -            249     0.018   13.5   0.1   1   1   0.00037     0.044   12.2   0.1    11   105   156   252   151   257 0.92 -
PRW33737.1           -            562 4302at3041           -            249     0.027   12.9   0.0   1   2      0.84        99    1.2   0.0    98   137   233   276   218   305 0.78 -
PRW33737.1           -            562 4302at3041           -            249     0.027   12.9   0.0   2   2     0.004      0.47    8.8   0.0   122   161   362   401   353   447 0.81 -
PRW60258.1           -            560 4302at3041           -            249     0.042   12.3   0.4   1   2      0.41        48    2.3   0.0    17    61   219   263   216   268 0.83 -
PRW60258.1           -            560 4302at3041           -            249     0.042   12.3   0.4   2   2    0.0087         1    7.7   0.2   195   232   270   308   260   319 0.83 -
PRW58464.1           -            769 4302at3041           -            249     0.078   11.4   0.0   1   3      0.27        31    2.9   0.0   179   211   448   480   440   493 0.75 -
PRW58464.1           -            769 4302at3041           -            249     0.078   11.4   0.0   2   3         3   3.5e+02   -0.6   0.0   130   161   555   586   541   592 0.82 -
PRW58464.1           -            769 4302at3041           -            249     0.078   11.4   0.0   3   3     0.094        11    4.4   0.0    95   208   645   765   611   767 0.71 -
PRW20427.1           -            479 4302at3041           -            249      0.13   10.6   5.4   1   2      0.19        23    3.3   1.1    57    88    84   115    79   131 0.89 -
PRW20427.1           -            479 4302at3041           -            249      0.13   10.6   5.4   2   2    0.0046      0.54    8.6   0.1   196   234   172   210   160   229 0.78 -
#
# Program:         hmmsearch
# Version:         3.1b2 (February 2015)
# Pipeline mode:   SEARCH
# Query file:      /Users/catrionaharrison/Documents/Bioinformatics/rp2/Data/genomes/busco/busco_downloads/lineages/chlorophyta_odb10/hmms/4302at3041.hmm
# Target file:     /Users/catrionaharrison/Documents/Bioinformatics/rp2/Data/genomes/busco/data/chlorella_sorokiniana.prot.fasta
# Option settings: hmmsearch --domtblout /Users/catrionaharrison/Documents/Bioinformatics/rp2/Data/genomes/busco/Busco_sorokiniana/run_chlorophyta_odb10/hmmer_output/initial_run_results/4302at3041.out --cpu 1 /Users/catrionaharrison/Documents/Bioinformatics/rp2/Data/genomes/busco/busco_downloads/lineages/chlorophyta_odb10/hmms/4302at3041.hmm /Users/catrionaharrison/Documents/Bioinformatics/rp2/Data/genomes/busco/data/chlorella_sorokiniana.prot.fasta 
# Current dir:     /Users/catrionaharrison/Documents/Bioinformatics/rp2/Data/genomes/busco
# Date:            Fri Jul 22 14:34:40 2022
# [ok]
