#                                                                            --- full sequence --- -------------- this domain -------------   hmm coord   ali coord   env coord
# target name        accession   tlen query name           accession   qlen   E-value  score  bias   #  of  c-Evalue  i-Evalue  score  bias  from    to  from    to  from    to  acc description of target
#------------------- ---------- ----- -------------------- ---------- ----- --------- ------ ----- --- --- --------- --------- ------ ----- ----- ----- ----- ----- ----- ----- ---- ---------------------
PRW60017.1           -           2036 443at3041            -            595  6.7e-198  658.1  40.8   1   6   5.6e-20     2e-17   62.1   0.1     2    73   391   478   390   489 0.80 -
PRW60017.1           -           2036 443at3041            -            595  6.7e-198  658.1  40.8   2   6   8.3e-90     3e-87  292.7  30.2    79   242   596   764   585   780 0.95 -
PRW60017.1           -           2036 443at3041            -            595  6.7e-198  658.1  40.8   3   6   9.9e-09   3.5e-06   24.9   0.0   264   320   899   971   878  1005 0.67 -
PRW60017.1           -           2036 443at3041            -            595  6.7e-198  658.1  40.8   4   6   6.3e-07   0.00022   19.0   0.0   351   410  1459  1535  1454  1570 0.78 -
PRW60017.1           -           2036 443at3041            -            595  6.7e-198  658.1  40.8   5   6    0.0001     0.036   11.7   0.0   411   443  1605  1637  1590  1642 0.85 -
PRW60017.1           -           2036 443at3041            -            595  6.7e-198  658.1  40.8   6   6     2e-76   7.1e-74  248.5   0.1   439   593  1680  1836  1676  1838 0.96 -
PRW39193.1           -           2006 443at3041            -            595   4.2e-82  275.7  30.2   1   2   3.9e-41   1.4e-38  131.9  24.7    93   247  1067  1219  1064  1240 0.87 -
PRW39193.1           -           2006 443at3041            -            595   4.2e-82  275.7  30.2   2   2   1.5e-45   5.3e-43  146.5   0.2   446   594  1543  1699  1530  1700 0.87 -
PRW51115.1           -            737 443at3041            -            595   1.6e-41  141.7   0.0   1   1   8.8e-44   3.1e-41  140.7   0.0   453   594   588   734   565   735 0.86 -
PRW57375.1           -            546 443at3041            -            595   1.1e-29  102.5  18.5   1   2   7.3e-17   2.6e-14   51.8   9.4    93   166   318   392   308   399 0.87 -
PRW57375.1           -            546 443at3041            -            595   1.1e-29  102.5  18.5   2   2   3.6e-18   1.3e-15   56.1   1.6   166   239   415   491   401   506 0.90 -
PRW60593.1           -           1583 443at3041            -            595   1.6e-27   95.4   0.2   1   1   6.7e-30   2.4e-27   94.8   0.2   454   594   187   329   175   330 0.88 -
PRW60114.1           -           1582 443at3041            -            595   7.6e-25   86.6  14.6   1   2   1.4e-11   5.1e-09   34.3   4.7    92   142   828   876   808   885 0.86 -
PRW60114.1           -           1582 443at3041            -            595   7.6e-25   86.6  14.6   2   2   1.6e-18   5.6e-16   57.3   2.3   145   239   909  1013   903  1085 0.90 -
PRW59719.1           -           1515 443at3041            -            595   3.6e-24   84.3   0.0   1   2   1.9e-05    0.0067   14.1   0.0   464   523   455   508   428   519 0.78 -
PRW59719.1           -           1515 443at3041            -            595   3.6e-24   84.3   0.0   2   2     9e-22   3.2e-19   68.0   0.0   517   594   532   616   527   617 0.89 -
PRW57331.1           -           2259 443at3041            -            595   1.1e-21   76.2   0.0   1   1   5.5e-24     2e-21   75.3   0.0   468   594  1079  1213  1076  1214 0.87 -
PRW58352.1           -           2574 443at3041            -            595   3.8e-17   61.2   0.0   1   1   1.5e-19   5.3e-17   60.7   0.0   468   594  2428  2567  2423  2568 0.83 -
PRW33231.1           -           2971 443at3041            -            595     1e-11   43.2   6.3   1   2   3.3e-11   1.2e-08   33.1   0.1     5    73  1771  1849  1768  1863 0.80 -
PRW33231.1           -           2971 443at3041            -            595     1e-11   43.2   6.3   2   2   0.00018     0.065   10.9   3.1   163   231  2485  2554  2476  2571 0.85 -
PRW33232.1           -           2980 443at3041            -            595     1e-11   43.2   6.3   1   2   3.3e-11   1.2e-08   33.1   0.1     5    73  1780  1858  1777  1872 0.80 -
PRW33232.1           -           2980 443at3041            -            595     1e-11   43.2   6.3   2   2   0.00018     0.065   10.8   3.1   163   231  2494  2563  2485  2580 0.85 -
PRW58999.1           -           1396 443at3041            -            595   9.1e-10   36.8   1.1   1   1     4e-12   1.4e-09   36.1   1.1   519   594   796   875   792   876 0.90 -
PRW61086.1           -            731 443at3041            -            595   1.3e-07   29.7   0.0   1   1   5.1e-10   1.8e-07   29.2   0.0     5    61   140   205   137   227 0.74 -
PRW59071.1           -            421 443at3041            -            595   3.2e-07   28.4   0.0   1   1   1.2e-09   4.4e-07   27.9   0.0    19    73    62   131    54   149 0.73 -
PRW59799.1           -           2026 443at3041            -            595   3.1e-06   25.1   0.9   1   1   1.5e-08   5.5e-06   24.3   0.9   520   594  1310  1388  1305  1389 0.90 -
PRW56393.1           -            885 443at3041            -            595   8.8e-06   23.6   0.4   1   2      0.11        39    1.7   0.0   455   493   668   706   662   726 0.85 -
PRW56393.1           -            885 443at3041            -            595   8.8e-06   23.6   0.4   2   2   3.7e-07   0.00013   19.7   0.2   526   593   760   832   747   834 0.78 -
PRW60639.1           -            732 443at3041            -            595   0.00031   18.5   0.0   1   1   1.3e-06   0.00046   17.9   0.0   466   573   610   717   605   725 0.79 -
PRW56093.1           -           1379 443at3041            -            595   0.00069   17.4   4.5   1   1   3.9e-06    0.0014   16.3   4.5    21   162   479   610   471   616 0.77 -
PRW56092.1           -           1380 443at3041            -            595   0.00069   17.4   4.5   1   1   3.9e-06    0.0014   16.3   4.5    21   162   479   610   471   616 0.77 -
PRW21068.1           -           2766 443at3041            -            595    0.0013   16.5   6.9   1   1   6.3e-06    0.0023   15.7   6.9    92   143  2708  2755  2701  2761 0.83 -
PRW21066.1           -           2774 443at3041            -            595    0.0013   16.5   6.9   1   1   6.3e-06    0.0023   15.7   6.9    92   143  2716  2763  2709  2769 0.83 -
PRW21067.1           -           2771 443at3041            -            595    0.0013   16.5   6.9   1   1   6.3e-06    0.0023   15.7   6.9    92   143  2713  2760  2706  2766 0.83 -
PRW58010.1           -           1082 443at3041            -            595    0.0075   13.9   6.0   1   1   3.2e-05     0.011   13.4   6.0    87   146   109   165    85   169 0.81 -
PRW20814.1           -           2705 443at3041            -            595     0.026   12.2   8.1   1   1   0.00011     0.039   11.6   8.1   160   242    30   112     1   137 0.73 -
PRW60186.1           -            921 443at3041            -            595      0.07   10.7   0.0   1   1    0.0003      0.11   10.1   0.0   534   574   324   364   314   371 0.85 -
PRW59613.1           -            601 443at3041            -            595     0.084   10.5   3.0   1   2     0.036        13    3.3   0.2     4    30     7    36     4    42 0.75 -
PRW59613.1           -            601 443at3041            -            595     0.084   10.5   3.0   2   2    0.0019      0.68    7.5   0.2    35    76    63   103    56   121 0.81 -
PRW20556.1           -           1562 443at3041            -            595      0.13    9.9   0.7   1   1   0.00064      0.23    9.0   0.7    88   140   936   988   915   993 0.82 -
PRW60577.1           -           1585 443at3041            -            595       1.7    6.2   6.4   1   1    0.0071       2.5    5.6   6.4    90   141  1447  1492  1439  1500 0.87 -
PRW59317.1           -           1545 443at3041            -            595       2.4    5.7  16.8   1   3   3.6e-05     0.013   13.2   1.0    92   144   443   495   418   504 0.87 -
PRW59317.1           -           1545 443at3041            -            595       2.4    5.7  16.8   2   3       3.5   1.3e+03   -3.3   0.3   409   452   522   564   510   573 0.64 -
PRW59317.1           -           1545 443at3041            -            595       2.4    5.7  16.8   3   3     0.082        30    2.1   3.0   198   229  1407  1442  1395  1463 0.54 -
#
# Program:         hmmsearch
# Version:         3.1b2 (February 2015)
# Pipeline mode:   SEARCH
# Query file:      /Users/catrionaharrison/Documents/Bioinformatics/rp2/Data/genomes/busco/busco_downloads/lineages/chlorophyta_odb10/hmms/443at3041.hmm
# Target file:     /Users/catrionaharrison/Documents/Bioinformatics/rp2/Data/genomes/busco/data/chlorella_sorokiniana.prot.fasta
# Option settings: hmmsearch --domtblout /Users/catrionaharrison/Documents/Bioinformatics/rp2/Data/genomes/busco/Busco_sorokiniana/run_chlorophyta_odb10/hmmer_output/initial_run_results/443at3041.out --cpu 1 /Users/catrionaharrison/Documents/Bioinformatics/rp2/Data/genomes/busco/busco_downloads/lineages/chlorophyta_odb10/hmms/443at3041.hmm /Users/catrionaharrison/Documents/Bioinformatics/rp2/Data/genomes/busco/data/chlorella_sorokiniana.prot.fasta 
# Current dir:     /Users/catrionaharrison/Documents/Bioinformatics/rp2/Data/genomes/busco
# Date:            Fri Jul 22 14:35:32 2022
# [ok]
