#                                                                            --- full sequence --- -------------- this domain -------------   hmm coord   ali coord   env coord
# target name        accession   tlen query name           accession   qlen   E-value  score  bias   #  of  c-Evalue  i-Evalue  score  bias  from    to  from    to  from    to  acc description of target
#------------------- ---------- ----- -------------------- ---------- ----- --------- ------ ----- --- --- --------- --------- ------ ----- ----- ----- ----- ----- ----- ----- ---- ---------------------
PRW60039.1           -            204 4855at3041           -            171  2.1e-107  355.7   0.3   1   1  5.2e-110  2.5e-107  355.5   0.3     1   164     9   176     9   193 0.96 -
PRW58406.1           -            212 4855at3041           -            171     4e-68  227.9   0.6   1   1   9.9e-71   4.7e-68  227.7   0.6     1   167    10   181    10   185 0.94 -
PRW59514.1           -            746 4855at3041           -            171   3.1e-54  182.7   0.5   1   1   9.6e-57   4.5e-54  182.1   0.5     1   160   540   703   540   713 0.95 -
PRW60842.1           -            206 4855at3041           -            171   1.7e-51  173.7   0.2   1   1   4.3e-54   2.1e-51  173.5   0.2     2   157    15   175    14   185 0.91 -
PRW57533.1           -            222 4855at3041           -            171   5.1e-45  152.7   0.1   1   1   1.3e-47   6.1e-45  152.4   0.1     1   161    14   179    14   191 0.90 -
PRW20493.1           -            351 4855at3041           -            171   1.5e-39  134.9   0.8   1   1   4.4e-42   2.1e-39  134.4   0.8     2   158    12   172    11   181 0.94 -
PRW18403.1           -            171 4855at3041           -            171   1.7e-38  131.4   0.1   1   1   4.7e-41   2.2e-38  131.1   0.1    47   164     7   127     2   131 0.94 -
PRW39096.1           -            494 4855at3041           -            171   1.1e-36  125.5   0.0   1   1   3.4e-39   1.6e-36  125.0   0.0     3   168    13   182    11   185 0.91 -
PRW44240.1           -            428 4855at3041           -            171   3.2e-35  120.8   0.1   1   1   9.6e-38   4.6e-35  120.3   0.1     1   157     8   175     8   183 0.86 -
PRW20941.1           -            200 4855at3041           -            171   4.3e-35  120.3   0.0   1   1   1.1e-37   5.1e-35  120.1   0.0     3   158    32   193    30   196 0.91 -
PRW60009.1           -           1336 4855at3041           -            171   2.3e-22   78.9   0.0   1   1   9.1e-25   4.3e-22   78.1   0.0     2   157    15   171    14   175 0.91 -
PRW57470.1           -            234 4855at3041           -            171   6.6e-14   51.4   0.0   1   1   1.8e-16   8.5e-14   51.0   0.0     2   122    35   153    34   164 0.88 -
PRW60366.1           -            202 4855at3041           -            171   7.2e-12   44.8   0.0   1   2    0.0002     0.095   11.8   0.0     2    45     6    49     5    51 0.94 -
PRW60366.1           -            202 4855at3041           -            171   7.2e-12   44.8   0.0   2   2   2.8e-10   1.3e-07   30.9   0.0    51   121    93   162    89   179 0.90 -
PRW60970.1           -           1010 4855at3041           -            171   2.2e-11   43.2   0.0   1   1   7.3e-14   3.5e-11   42.6   0.0     3   118    25   138    23   186 0.84 -
PRW56446.1           -            185 4855at3041           -            171   1.8e-08   33.7   0.0   1   1   4.7e-11   2.2e-08   33.4   0.0     3   118    19   132    17   146 0.76 -
PRW56576.1           -            182 4855at3041           -            171     4e-08   32.6   0.0   1   1     1e-10   4.8e-08   32.3   0.0     3   118    18   130    16   151 0.78 -
PRW60925.1           -           1130 4855at3041           -            171   4.2e-08   32.5   0.0   1   1   1.6e-10   7.7e-08   31.6   0.0     3   134   444   570   442   576 0.77 -
PRW45742.1           -            185 4855at3041           -            171   4.1e-07   29.3   0.0   1   1   9.2e-10   4.4e-07   29.2   0.0     2   119    17   131    16   179 0.81 -
PRW44304.1           -            458 4855at3041           -            171     2e-06   27.0   0.0   1   1   7.6e-09   3.6e-06   26.2   0.0     4   119    19   131    16   154 0.75 -
PRW56257.1           -            194 4855at3041           -            171    0.0002   20.5   0.0   1   1   6.3e-07    0.0003   20.0   0.0    49   122    64   138    21   156 0.85 -
PRW58413.1           -            203 4855at3041           -            171   0.00037   19.7   0.0   1   1   1.1e-06   0.00053   19.2   0.0     2    98    18   117    17   179 0.70 -
PRW57365.1           -            369 4855at3041           -            171     0.046   12.8   0.6   1   2   0.00072      0.34   10.0   0.0     4    96     8    96     6   113 0.65 -
PRW57365.1           -            369 4855at3041           -            171     0.046   12.8   0.6   2   2       5.4   2.6e+03   -2.6   0.2   140   156   242   258   238   262 0.82 -
#
# Program:         hmmsearch
# Version:         3.1b2 (February 2015)
# Pipeline mode:   SEARCH
# Query file:      /Users/catrionaharrison/Documents/Bioinformatics/rp2/Data/genomes/busco/busco_downloads/lineages/chlorophyta_odb10/hmms/4855at3041.hmm
# Target file:     /Users/catrionaharrison/Documents/Bioinformatics/rp2/Data/genomes/busco/data/chlorella_sorokiniana.prot.fasta
# Option settings: hmmsearch --domtblout /Users/catrionaharrison/Documents/Bioinformatics/rp2/Data/genomes/busco/Busco_sorokiniana/run_chlorophyta_odb10/hmmer_output/initial_run_results/4855at3041.out --cpu 1 /Users/catrionaharrison/Documents/Bioinformatics/rp2/Data/genomes/busco/busco_downloads/lineages/chlorophyta_odb10/hmms/4855at3041.hmm /Users/catrionaharrison/Documents/Bioinformatics/rp2/Data/genomes/busco/data/chlorella_sorokiniana.prot.fasta 
# Current dir:     /Users/catrionaharrison/Documents/Bioinformatics/rp2/Data/genomes/busco
# Date:            Fri Jul 22 14:36:01 2022
# [ok]
