#                                                                            --- full sequence --- -------------- this domain -------------   hmm coord   ali coord   env coord
# target name        accession   tlen query name           accession   qlen   E-value  score  bias   #  of  c-Evalue  i-Evalue  score  bias  from    to  from    to  from    to  acc description of target
#------------------- ---------- ----- -------------------- ---------- ----- --------- ------ ----- --- --- --------- --------- ------ ----- ----- ----- ----- ----- ----- ----- ---- ---------------------
PRW57353.1           -            267 4927at3041           -            209   5.7e-95  316.0   1.4   1   2   5.7e-12   1.2e-09   37.3   0.1     1    38    12    55    12    74 0.89 -
PRW57353.1           -            267 4927at3041           -            209   5.7e-95  316.0   1.4   2   2   1.1e-85   2.2e-83  278.2   0.1    33   209    77   263    71   263 0.93 -
PRW44528.1           -            294 4927at3041           -            209     2e-31  108.3   5.1   1   2   0.00048     0.098   11.4   0.6     3    31    47    75    45   111 0.61 -
PRW44528.1           -            294 4927at3041           -            209     2e-31  108.3   5.1   2   2   5.7e-31   1.2e-28   99.3   0.6    33   207   111   292    99   293 0.87 -
PRW58729.1           -           1141 4927at3041           -            209   2.3e-31  108.2   0.1   1   1     2e-33   4.1e-31  107.4   0.1    35   204   948  1126   931  1131 0.84 -
PRW44575.1           -            316 4927at3041           -            209   2.7e-31  108.0   0.2   1   2   0.00013     0.027   13.2   0.1     1    50    42    87    42    91 0.91 -
PRW44575.1           -            316 4927at3041           -            209   2.7e-31  108.0   0.2   2   2   4.2e-29   8.5e-27   93.2   0.0    15   205    92   289    87   292 0.85 -
PRW58408.1           -            585 4927at3041           -            209   9.5e-31  106.2   0.9   1   2     6e-05     0.012   14.3   0.4     1    47   320   362   320   376 0.83 -
PRW58408.1           -            585 4927at3041           -            209   9.5e-31  106.2   0.9   2   2   1.7e-28   3.6e-26   91.2   0.0     9   204   364   567   359   571 0.82 -
PRW58257.1           -            189 4927at3041           -            209   3.1e-26   91.4   0.1   1   1   1.8e-26   3.7e-24   84.6   0.1    47   207     8   187     2   188 0.83 -
PRW59949.1           -            259 4927at3041           -            209   5.8e-26   90.5   3.1   1   2   0.00063      0.13   11.0   0.5     3    35    12    44    10    66 0.77 -
PRW59949.1           -            259 4927at3041           -            209   5.8e-26   90.5   3.1   2   2   3.8e-25   7.7e-23   80.3   0.1    45   205    87   254    68   257 0.88 -
PRW51056.1           -            279 4927at3041           -            209   1.9e-25   88.8   0.5   1   2    0.0057       1.2    7.9   0.2     4    22    29    47    27    56 0.87 -
PRW51056.1           -            279 4927at3041           -            209   1.9e-25   88.8   0.5   2   2   9.5e-25   1.9e-22   79.0   0.0    37   209    96   278    71   278 0.85 -
PRW32640.1           -            691 4927at3041           -            209     3e-25   88.2   1.2   1   1     3e-27   6.1e-25   87.2   1.2    35   205   288   471   271   474 0.82 -
PRW60823.1           -            768 4927at3041           -            209   1.8e-24   85.7   4.6   1   2      0.04       8.1    5.1   0.4     3    26   497   520   495   547 0.79 -
PRW60823.1           -            768 4927at3041           -            209   1.8e-24   85.7   4.6   2   2   6.2e-24   1.3e-21   76.3   0.4    30   206   559   766   544   767 0.74 -
PRW44424.1           -            247 4927at3041           -            209   2.3e-23   82.0   0.0   1   1     2e-25   4.1e-23   81.2   0.0    54   205    69   230    45   233 0.83 -
PRW61474.1           -            223 4927at3041           -            209   2.4e-20   72.2   0.0   1   1   1.7e-22   3.6e-20   71.6   0.0    47   204     9   179     2   183 0.85 -
PRW57639.1           -            322 4927at3041           -            209   3.2e-19   68.5   0.0   1   2      0.01       2.1    7.1   0.1     4    31     2    31     1    64 0.75 -
PRW57639.1           -            322 4927at3041           -            209   3.2e-19   68.5   0.0   2   2   7.7e-19   1.6e-16   59.7   0.0    36   206    66   242    47   244 0.85 -
PRW57640.1           -            319 4927at3041           -            209   3.4e-19   68.4   0.0   1   2     0.011       2.3    6.9   0.1     4    31     2    31     1    61 0.78 -
PRW57640.1           -            319 4927at3041           -            209   3.4e-19   68.4   0.0   2   2   8.8e-19   1.8e-16   59.5   0.0    40   206    67   239    52   241 0.85 -
PRW20344.1           -            814 4927at3041           -            209   2.2e-18   65.8   2.1   1   2    0.0029       0.6    8.8   0.4     3    45   520   558   518   568 0.81 -
PRW20344.1           -            814 4927at3041           -            209   2.2e-18   65.8   2.1   2   2   1.4e-17   2.8e-15   55.6   0.1    33   206   581   789   565   792 0.69 -
PRW20345.1           -            814 4927at3041           -            209   2.2e-18   65.8   2.1   1   2    0.0029       0.6    8.8   0.4     3    45   520   558   518   568 0.81 -
PRW20345.1           -            814 4927at3041           -            209   2.2e-18   65.8   2.1   2   2   1.4e-17   2.8e-15   55.6   0.1    33   206   581   789   565   792 0.69 -
PRW58222.1           -           1094 4927at3041           -            209   7.7e-15   54.2   1.2   1   3     0.049       9.9    4.8   0.1     5    39   421   456   418   476 0.69 -
PRW58222.1           -           1094 4927at3041           -            209   7.7e-15   54.2   1.2   2   3   1.1e-08   2.2e-06   26.5   0.0    46   157   495   620   483   629 0.76 -
PRW58222.1           -           1094 4927at3041           -            209   7.7e-15   54.2   1.2   3   3   2.7e-06   0.00056   18.7   0.0   167   204   652   689   645   692 0.92 -
PRW60450.1           -           1093 4927at3041           -            209   2.5e-14   52.5   0.3   1   1   2.4e-16   4.8e-14   51.6   0.3    44   209   176   351   162   351 0.84 -
PRW59487.1           -            276 4927at3041           -            209   1.6e-12   46.6   0.7   1   2    0.0012      0.24   10.1   0.3     2    58    19    81    18    86 0.75 -
PRW59487.1           -            276 4927at3041           -            209   1.6e-12   46.6   0.7   2   2   3.3e-11   6.8e-09   34.8   0.0    50   155   100   210    82   219 0.85 -
PRW33864.1           -            346 4927at3041           -            209   2.6e-10   39.4   0.2   1   2     0.086        18    4.0   0.1     6    26     3    23     1    50 0.74 -
PRW33864.1           -            346 4927at3041           -            209   2.6e-10   39.4   0.2   2   2   6.9e-11   1.4e-08   33.7   0.0    22   160    54   194    36   202 0.80 -
PRW55919.1           -            239 4927at3041           -            209   1.1e-09   37.3   0.2   1   2   5.9e-05     0.012   14.3   0.1     2    27     2    27     1    65 0.69 -
PRW55919.1           -            239 4927at3041           -            209   1.1e-09   37.3   0.2   2   2   4.6e-07   9.4e-05   21.2   0.0    45   155    77   198    61   202 0.77 -
PRW57827.1           -           1918 4927at3041           -            209   1.4e-08   33.7   0.1   1   2      0.51     1e+02    1.5   0.0     5    26     3    24     1    52 0.82 -
PRW57827.1           -           1918 4927at3041           -            209   1.4e-08   33.7   0.1   2   2   1.3e-09   2.7e-07   29.5   0.0    35   157    68   202    51   211 0.74 -
PRW32520.1           -            341 4927at3041           -            209     1e-07   30.9   0.1   1   2   0.00061      0.12   11.0   0.1     8    37    56    91    53   100 0.81 -
PRW32520.1           -            341 4927at3041           -            209     1e-07   30.9   0.1   2   2   5.7e-06    0.0012   17.7   0.0    18   167   110   268   105   295 0.73 -
PRW58638.1           -            546 4927at3041           -            209   1.1e-07   30.8   0.1   1   2    0.0053       1.1    8.0   0.0     5    48   251   300   247   316 0.66 -
PRW58638.1           -            546 4927at3041           -            209   1.1e-07   30.8   0.1   2   2   7.3e-07   0.00015   20.6   0.0    46   157   324   444   315   472 0.71 -
PRW32860.1           -            390 4927at3041           -            209   1.4e-07   30.5   0.3   1   3    0.0024      0.49    9.1   0.1     2    26    17    41    16    65 0.83 -
PRW32860.1           -            390 4927at3041           -            209   1.4e-07   30.5   0.3   2   3   7.1e-06    0.0014   17.4   0.0    48   157    99   221    89   253 0.78 -
PRW32860.1           -            390 4927at3041           -            209   1.4e-07   30.5   0.3   3   3       1.4   2.9e+02    0.0   0.0   124   159   333   368   313   377 0.83 -
PRW50804.1           -            650 4927at3041           -            209   3.9e-07   29.0   0.9   1   1   4.9e-07   9.9e-05   21.2   0.9     4   156     6   195     4   210 0.64 -
PRW57412.1           -            274 4927at3041           -            209   4.5e-07   28.8   0.4   1   3     0.013       2.7    6.7   0.0     5    23     3    21     1    40 0.87 -
PRW57412.1           -            274 4927at3041           -            209   4.5e-07   28.8   0.4   2   3   0.00063      0.13   11.0   0.0    49   131    85   173    70   184 0.78 -
PRW57412.1           -            274 4927at3041           -            209   4.5e-07   28.8   0.4   3   3    0.0048      0.98    8.1   0.1   116   156   191   231   174   233 0.93 -
PRW57061.1           -           1343 4927at3041           -            209   7.2e-07   28.1   6.6   1   4     0.047       9.5    4.9   0.2     4    42     2    36     1    55 0.79 -
PRW57061.1           -           1343 4927at3041           -            209   7.2e-07   28.1   6.6   2   4       6.1   1.3e+03   -2.0   0.0    35    85    65   115    40   122 0.81 -
PRW57061.1           -           1343 4927at3041           -            209   7.2e-07   28.1   6.6   3   4   6.4e-08   1.3e-05   24.0   0.2   100   205   156   266   151   268 0.84 -
PRW57061.1           -           1343 4927at3041           -            209   7.2e-07   28.1   6.6   4   4       1.6   3.3e+02   -0.1   0.1    73   111   430   469   423   481 0.74 -
PRW56950.1           -            554 4927at3041           -            209   8.9e-07   27.8   0.4   1   2     0.011       2.2    6.9   0.3     8    36   228   262   223   292 0.68 -
PRW56950.1           -            554 4927at3041           -            209   8.9e-07   27.8   0.4   2   2   2.6e-06   0.00052   18.8   0.0    44   156   300   425   283   461 0.75 -
PRW56949.1           -            589 4927at3041           -            209   1.4e-06   27.2   0.3   1   2     0.012       2.4    6.8   0.3     8    29   228   248   223   291 0.68 -
PRW56949.1           -            589 4927at3041           -            209   1.4e-06   27.2   0.3   2   2     4e-06   0.00082   18.2   0.0    43   155   299   424   282   430 0.75 -
PRW57982.1           -            364 4927at3041           -            209   4.7e-06   25.5   1.7   1   2    0.0023      0.46    9.2   0.1     5    40    70   111    67   130 0.69 -
PRW57982.1           -            364 4927at3041           -            209   4.7e-06   25.5   1.7   2   2   3.2e-05    0.0064   15.2   0.2    50   157   148   263   124   268 0.72 -
PRW20715.1           -            281 4927at3041           -            209   6.2e-06   25.1   0.6   1   2     0.013       2.7    6.7   0.1     7    25    72    90    68   133 0.88 -
PRW20715.1           -            281 4927at3041           -            209   6.2e-06   25.1   0.6   2   2     9e-06    0.0018   17.0   0.1   116   158   222   264   149   274 0.82 -
PRW33035.1           -            306 4927at3041           -            209     1e-05   24.4   0.2   1   2    0.0033      0.67    8.7   0.1     6    26    40    60    36   105 0.69 -
PRW33035.1           -            306 4927at3041           -            209     1e-05   24.4   0.2   2   2   7.8e-05     0.016   14.0   0.0    39   154   105   225   100   248 0.86 -
PRW45034.1           -            345 4927at3041           -            209   3.8e-05   22.5   0.0   1   2     0.013       2.6    6.7   0.1     5    39    39    79    36    93 0.71 -
PRW45034.1           -            345 4927at3041           -            209   3.8e-05   22.5   0.0   2   2   6.9e-05     0.014   14.1   0.0    29   154   103   233    80   244 0.78 -
PRW60445.1           -            353 4927at3041           -            209   4.6e-05   22.2   0.0   1   2       1.3   2.7e+02    0.2   0.0     7    48    85   132    81   140 0.71 -
PRW60445.1           -            353 4927at3041           -            209   4.6e-05   22.2   0.0   2   2   1.2e-06   0.00025   19.8   0.0    30   139   143   259   135   313 0.73 -
PRW44626.1           -            337 4927at3041           -            209   0.00029   19.6   0.0   1   2      0.56   1.1e+02    1.4   0.0     4    31    39    66    37    97 0.71 -
PRW44626.1           -            337 4927at3041           -            209   0.00029   19.6   0.0   2   2   1.8e-05    0.0036   16.1   0.0    36   147   107   223    98   230 0.78 -
PRW58590.1           -            716 4927at3041           -            209   0.00043   19.1   0.5   1   2     0.027       5.5    5.6   0.1     2    23   428   449   427   464 0.85 -
PRW58590.1           -            716 4927at3041           -            209   0.00043   19.1   0.5   2   2   0.00051       0.1   11.3   0.0    37   106   502   570   491   631 0.85 -
PRW20919.1           -            276 4927at3041           -            209   0.00048   18.9   1.4   1   2     0.024       4.8    5.9   0.2     4    26     6    28     4    58 0.72 -
PRW20919.1           -            276 4927at3041           -            209   0.00048   18.9   1.4   2   2   0.00022     0.046   12.5   0.2    47   115    86   152    43   209 0.75 -
PRW58591.1           -            749 4927at3041           -            209   0.00049   18.9   0.5   1   2     0.029       5.8    5.6   0.1     2    23   461   482   460   497 0.85 -
PRW58591.1           -            749 4927at3041           -            209   0.00049   18.9   0.5   2   2   0.00055      0.11   11.2   0.0    37   106   535   603   524   664 0.85 -
PRW58142.1           -            396 4927at3041           -            209   0.00052   18.8   0.0   1   1   5.1e-06     0.001   17.8   0.0     5   184    22   223    19   232 0.68 -
PRW20889.1           -            305 4927at3041           -            209   0.00087   18.1   0.0   1   2      0.07        14    4.3   0.1     5    27    49    71    46   183 0.79 -
PRW20889.1           -            305 4927at3041           -            209   0.00087   18.1   0.0   2   2    0.0005       0.1   11.3   0.0   117   161   216   262   193   273 0.81 -
PRW56818.1           -            313 4927at3041           -            209     0.001   17.8   0.4   1   2    0.0012      0.25   10.1   0.8     3    53    24    80    22    83 0.78 -
PRW56818.1           -            313 4927at3041           -            209     0.001   17.8   0.4   2   2    0.0032      0.66    8.7   0.0     5   108    50   166    47   174 0.71 -
PRW61076.1           -            344 4927at3041           -            209     0.006   15.3   0.1   1   2     0.051        10    4.8   0.1     5    26    39    60    36    80 0.84 -
PRW61076.1           -            344 4927at3041           -            209     0.006   15.3   0.1   2   2    0.0044      0.89    8.2   0.0    50    90   123   163   108   177 0.88 -
PRW56829.1           -            293 4927at3041           -            209    0.0072   15.1   0.5   1   2     0.043       8.8    5.0   0.5     3    25     4    26     2    41 0.86 -
PRW56829.1           -            293 4927at3041           -            209    0.0072   15.1   0.5   2   2    0.0065       1.3    7.7   0.0    78   160   138   223    73   269 0.78 -
PRW05888.1           -           1089 4927at3041           -            209    0.0079   14.9   0.0   1   1   0.00012     0.024   13.4   0.0    82   156   132   211    78   217 0.76 -
PRW05889.1           -           1094 4927at3041           -            209     0.008   14.9   0.0   1   1   0.00012     0.024   13.4   0.0    82   156   132   211    78   217 0.76 -
PRW60501.1           -           1553 4927at3041           -            209      0.01   14.5   0.2   1   2     0.002       0.4    9.4   0.2     3    26   455   478   454   505 0.81 -
PRW60501.1           -           1553 4927at3041           -            209      0.01   14.5   0.2   2   2      0.41        84    1.8   0.0    50   106   537   596   524   604 0.74 -
PRW20638.1           -            806 4927at3041           -            209     0.013   14.2   0.4   1   1    0.0015       0.3    9.8   0.4     6   146   659   792   655   802 0.63 -
PRW60609.1           -            237 4927at3041           -            209     0.014   14.2   0.5   1   2     0.023       4.8    5.9   0.2     2    29     2    29     1    43 0.85 -
PRW60609.1           -            237 4927at3041           -            209     0.014   14.2   0.5   2   2     0.014       2.8    6.6   0.0    69   145   104   185    66   189 0.65 -
PRW05915.1           -            309 4927at3041           -            209     0.015   14.0   0.2   1   2   0.00056      0.11   11.2   0.3     3    35    20    58    18    78 0.71 -
PRW05915.1           -            309 4927at3041           -            209     0.015   14.0   0.2   2   2       1.5     3e+02   -0.0   0.0    50   107   100   161    77   169 0.68 -
PRW50959.1           -            361 4927at3041           -            209     0.046   12.5   0.5   1   3     0.043       8.8    5.0   0.1     2    22    38    58    37    85 0.83 -
PRW50959.1           -            361 4927at3041           -            209     0.046   12.5   0.5   2   3      0.11        23    3.6   0.0    49    92   119   160    77   198 0.76 -
PRW50959.1           -            361 4927at3041           -            209     0.046   12.5   0.5   3   3       1.2   2.5e+02    0.3   0.0   118   156   238   278   232   283 0.72 -
#
# Program:         hmmsearch
# Version:         3.1b2 (February 2015)
# Pipeline mode:   SEARCH
# Query file:      /Users/catrionaharrison/Documents/Bioinformatics/rp2/Data/genomes/busco/busco_downloads/lineages/chlorophyta_odb10/hmms/4927at3041.hmm
# Target file:     /Users/catrionaharrison/Documents/Bioinformatics/rp2/Data/genomes/busco/data/chlorella_sorokiniana.prot.fasta
# Option settings: hmmsearch --domtblout /Users/catrionaharrison/Documents/Bioinformatics/rp2/Data/genomes/busco/Busco_sorokiniana/run_chlorophyta_odb10/hmmer_output/initial_run_results/4927at3041.out --cpu 1 /Users/catrionaharrison/Documents/Bioinformatics/rp2/Data/genomes/busco/busco_downloads/lineages/chlorophyta_odb10/hmms/4927at3041.hmm /Users/catrionaharrison/Documents/Bioinformatics/rp2/Data/genomes/busco/data/chlorella_sorokiniana.prot.fasta 
# Current dir:     /Users/catrionaharrison/Documents/Bioinformatics/rp2/Data/genomes/busco
# Date:            Fri Jul 22 14:36:08 2022
# [ok]
