#                                                                            --- full sequence --- -------------- this domain -------------   hmm coord   ali coord   env coord
# target name        accession   tlen query name           accession   qlen   E-value  score  bias   #  of  c-Evalue  i-Evalue  score  bias  from    to  from    to  from    to  acc description of target
#------------------- ---------- ----- -------------------- ---------- ----- --------- ------ ----- --- --- --------- --------- ------ ----- ----- ----- ----- ----- ----- ----- ---- ---------------------
PRW59294.1           -           2090 510at3041            -            450  1.9e-251  833.3  16.4   1   2   2.3e-14   1.6e-11   42.5   5.4     2    41  1566  1605  1565  1616 0.92 -
PRW59294.1           -           2090 510at3041            -            450  1.9e-251  833.3  16.4   2   2  5.2e-243  3.6e-240  796.1   3.3    35   446  1621  2063  1612  2067 0.95 -
PRW39354.1           -            553 510at3041            -            450   6.1e-43  146.0   0.0   1   1   2.3e-45   1.6e-42  144.6   0.0    53   435   115   550   104   552 0.77 -
PRW44467.1           -           1338 510at3041            -            450   8.6e-36  122.4  11.2   1   7   0.00019      0.13    9.7   0.0    73   149   519   594   497   601 0.90 -
PRW44467.1           -           1338 510at3041            -            450   8.6e-36  122.4  11.2   2   7   3.4e-11   2.4e-08   32.0   0.1    76   154   606   684   593   705 0.90 -
PRW44467.1           -           1338 510at3041            -            450   8.6e-36  122.4  11.2   3   7   1.6e-07   0.00011   19.9   0.1    95   153   712   773   689   797 0.78 -
PRW44467.1           -           1338 510at3041            -            450   8.6e-36  122.4  11.2   4   7   3.5e-06    0.0024   15.5   0.1    98   150   806   859   786   866 0.89 -
PRW44467.1           -           1338 510at3041            -            450   8.6e-36  122.4  11.2   5   7   3.1e-09   2.2e-06   25.5   0.0    68   169   862   965   857   977 0.81 -
PRW44467.1           -           1338 510at3041            -            450   8.6e-36  122.4  11.2   6   7   4.4e-05     0.031   11.8   0.0    75   152   913   989   911   994 0.87 -
PRW44467.1           -           1338 510at3041            -            450   8.6e-36  122.4  11.2   7   7   5.1e-08   3.5e-05   21.5   0.3    78   160  1000  1082   992  1095 0.88 -
PRW57227.1           -            725 510at3041            -            450   4.6e-15   54.1   0.0   1   2     1e-10     7e-08   30.4   0.0    63   170   175   284   145   288 0.89 -
PRW57227.1           -            725 510at3041            -            450   4.6e-15   54.1   0.0   2   2   1.1e-08   7.5e-06   23.8   0.0    74   183   270   379   268   388 0.59 -
PRW34081.1           -           2363 510at3041            -            450   1.6e-12   45.8   0.1   1   1   4.1e-15   2.8e-12   44.9   0.1    50   224   164   345   153   372 0.87 -
PRW33767.1           -            332 510at3041            -            450   2.4e-06   25.4   2.6   1   2   1.1e-07   7.5e-05   20.4   1.0    72   371    55   158    21   185 0.54 Chlorella sorokiniana strain 1602 contig_15, whole genome shotgun sequence.
PRW33767.1           -            332 510at3041            -            450   2.4e-06   25.4   2.6   2   2     0.034        23    2.3   0.0   116   148   280   312   261   330 0.72 Chlorella sorokiniana strain 1602 contig_15, whole genome shotgun sequence.
PRW39186.1           -            358 510at3041            -            450   2.8e-05   21.9   0.3   1   2     0.024        16    2.8   0.2   122   166    11    54     6   104 0.83 -
PRW39186.1           -            358 510at3041            -            450   2.8e-05   21.9   0.3   2   2   1.2e-06   0.00086   17.0   0.0    76   135   160   218   133   225 0.90 -
PRW61305.1           -           1729 510at3041            -            450    0.0003   18.4   0.0   1   2    0.0028         2    5.9   0.0    74   154  1261  1342  1245  1358 0.86 -
PRW61305.1           -           1729 510at3041            -            450    0.0003   18.4   0.0   2   2   0.00016      0.11   10.0   0.0    77   168  1350  1441  1344  1446 0.72 -
PRW39158.1           -            857 510at3041            -            450   0.00042   18.0   5.9   1   4    0.0018       1.2    6.5   0.1   123   154    48    79    23   101 0.81 -
PRW39158.1           -            857 510at3041            -            450   0.00042   18.0   5.9   2   4      0.51   3.5e+02   -1.5   0.0    95   133   210   248   171   270 0.75 -
PRW39158.1           -            857 510at3041            -            450   0.00042   18.0   5.9   3   4     0.012       8.6    3.8   0.0    71   129   274   331   259   364 0.74 -
PRW39158.1           -            857 510at3041            -            450   0.00042   18.0   5.9   4   4   0.00048      0.33    8.4   0.3   114   173   360   419   333   454 0.72 -
PRW20709.1           -            582 510at3041            -            450   0.00079   17.1   1.7   1   2   4.1e-06    0.0028   15.2   0.4    42   221   125   303   119   339 0.84 -
PRW20709.1           -            582 510at3041            -            450   0.00079   17.1   1.7   2   2       0.2   1.4e+02   -0.2   0.0    72   108   505   540   492   580 0.74 -
PRW60023.1           -           1147 510at3041            -            450   0.00096   16.8   5.4   1   4    0.0091       6.3    4.2   0.0    78   163   552   638   548   647 0.82 -
PRW60023.1           -           1147 510at3041            -            450   0.00096   16.8   5.4   2   4    0.0001      0.07   10.7   0.4    80   155   641   713   634   727 0.85 -
PRW60023.1           -           1147 510at3041            -            450   0.00096   16.8   5.4   3   4   0.00012     0.081   10.4   1.2    72   158   673   761   653   778 0.82 -
PRW60023.1           -           1147 510at3041            -            450   0.00096   16.8   5.4   4   4      0.13        91    0.4   0.1    80   149   942  1011   934  1025 0.79 -
PRW45487.1           -            371 510at3041            -            450    0.0027   15.3   0.0   1   1   8.4e-06    0.0058   14.2   0.0   274   425   109   259    95   280 0.81 -
PRW61517.1           -           1122 510at3041            -            450     0.019   12.6   0.2   1   3   0.00026      0.18    9.3   0.0    63   153   452   542   419   597 0.83 -
PRW61517.1           -           1122 510at3041            -            450     0.019   12.6   0.2   2   3       1.7   1.1e+03   -3.2   0.0   349   396   761   809   669   852 0.56 -
PRW61517.1           -           1122 510at3041            -            450     0.019   12.6   0.2   3   3      0.37   2.6e+02   -1.1   0.0    90   148   986  1043   968  1062 0.71 -
PRW33261.1           -            947 510at3041            -            450     0.067   10.7   0.1   1   2      0.13        91    0.4   0.0   194   254    84   139    68   143 0.83 -
PRW33261.1           -            947 510at3041            -            450     0.067   10.7   0.1   2   2   0.00079      0.55    7.7   0.0   225   286   828   890   801   922 0.81 -
PRW32515.1           -           1758 510at3041            -            450      0.19    9.2   0.6   1   3     0.067        47    1.4   0.0    39   156   533   657   528   681 0.71 -
PRW32515.1           -           1758 510at3041            -            450      0.19    9.2   0.6   2   3     0.008       5.6    4.4   0.0   110   150   720   760   706   766 0.83 -
PRW32515.1           -           1758 510at3041            -            450      0.19    9.2   0.6   3   3      0.39   2.7e+02   -1.2   0.1    22    47  1311  1336  1307  1351 0.83 -
#
# Program:         hmmsearch
# Version:         3.1b2 (February 2015)
# Pipeline mode:   SEARCH
# Query file:      /Users/catrionaharrison/Documents/Bioinformatics/rp2/Data/genomes/busco/busco_downloads/lineages/chlorophyta_odb10/hmms/510at3041.hmm
# Target file:     /Users/catrionaharrison/Documents/Bioinformatics/rp2/Data/genomes/busco/data/chlorella_sorokiniana.prot.fasta
# Option settings: hmmsearch --domtblout /Users/catrionaharrison/Documents/Bioinformatics/rp2/Data/genomes/busco/Busco_sorokiniana/run_chlorophyta_odb10/hmmer_output/initial_run_results/510at3041.out --cpu 1 /Users/catrionaharrison/Documents/Bioinformatics/rp2/Data/genomes/busco/busco_downloads/lineages/chlorophyta_odb10/hmms/510at3041.hmm /Users/catrionaharrison/Documents/Bioinformatics/rp2/Data/genomes/busco/data/chlorella_sorokiniana.prot.fasta 
# Current dir:     /Users/catrionaharrison/Documents/Bioinformatics/rp2/Data/genomes/busco
# Date:            Fri Jul 22 14:36:54 2022
# [ok]
