#                                                                            --- full sequence --- -------------- this domain -------------   hmm coord   ali coord   env coord
# target name        accession   tlen query name           accession   qlen   E-value  score  bias   #  of  c-Evalue  i-Evalue  score  bias  from    to  from    to  from    to  acc description of target
#------------------- ---------- ----- -------------------- ---------- ----- --------- ------ ----- --- --- --------- --------- ------ ----- ----- ----- ----- ----- ----- ----- ---- ---------------------
PRW56065.1           -           1201 5240at3041           -            236     5e-88  294.0   6.1   1   4   1.4e-77   1.4e-74  249.9   2.0     1   180    59   272    59   277 0.91 -
PRW56065.1           -           1201 5240at3041           -            236     5e-88  294.0   6.1   2   4   2.1e-14   2.2e-11   43.1   0.0   179   236   361   435   347   435 0.82 -
PRW56065.1           -           1201 5240at3041           -            236     5e-88  294.0   6.1   3   4         5   5.2e+03   -4.0   0.1     7    19   576   588   572   590 0.79 -
PRW56065.1           -           1201 5240at3041           -            236     5e-88  294.0   6.1   4   4       2.5   2.6e+03   -3.0   0.0   160   191  1070  1101  1065  1116 0.79 -
PRW59349.1           -            407 5240at3041           -            236   1.3e-60  204.2   4.5   1   2     2e-58   2.1e-55  187.1   4.2     2   180     7   211     6   217 0.86 -
PRW59349.1           -            407 5240at3041           -            236   1.3e-60  204.2   4.5   2   2   2.4e-05     0.025   13.4   0.0   178   219   306   351   290   360 0.82 -
PRW21134.1           -            504 5240at3041           -            236   1.9e-55  187.3   3.5   1   2   4.5e-54   4.6e-51  172.9   1.7     2   181    91   302    90   312 0.83 -
PRW21134.1           -            504 5240at3041           -            236   1.9e-55  187.3   3.5   2   2   9.4e-05     0.097   11.5   0.0   178   223   417   466   406   488 0.73 -
PRW21133.1           -            514 5240at3041           -            236   1.7e-54  184.2   3.6   1   2   4.6e-54   4.7e-51  172.9   1.7     2   181    91   302    90   312 0.83 -
PRW21133.1           -            514 5240at3041           -            236   1.7e-54  184.2   3.6   2   2   0.00072      0.75    8.6   0.0   181   223   430   476   404   498 0.68 -
PRW58648.1           -            310 5240at3041           -            236   1.4e-49  168.1   6.9   1   2   2.6e-45   2.7e-42  144.2   6.5    28   181     1   180     1   191 0.86 -
PRW58648.1           -            310 5240at3041           -            236   1.4e-49  168.1   6.9   2   2   4.5e-07   0.00047   19.1   0.0   178   224   211   261   195   287 0.82 -
PRW56723.1           -            897 5240at3041           -            236   3.9e-43  147.0   1.3   1   2   3.4e-41   3.5e-38  130.8   2.4     2   162   354   546   353   556 0.82 -
PRW56723.1           -            897 5240at3041           -            236   3.9e-43  147.0   1.3   2   2   5.4e-05     0.056   12.3   0.0   179   219   740   785   697   812 0.79 -
PRW20325.1           -            587 5240at3041           -            236   4.8e-38  130.3   0.0   1   2   1.8e-31   1.8e-28   99.0   0.1     1   122    35   175    35   184 0.80 -
PRW20325.1           -            587 5240at3041           -            236   4.8e-38  130.3   0.0   2   2     4e-10   4.1e-07   29.1   0.0   123   191   203   274   195   279 0.86 -
PRW34073.1           -           1048 5240at3041           -            236   4.8e-34  117.2   2.0   1   2   2.2e-26   2.2e-23   82.3   1.8     2   122    22   161    21   165 0.79 -
PRW34073.1           -           1048 5240at3041           -            236   4.8e-34  117.2   2.0   2   2   3.4e-11   3.5e-08   32.6   0.0   123   191   189   260   184   268 0.85 -
PRW32484.1           -            858 5240at3041           -            236   4.3e-24   84.7   6.3   1   4   9.7e-11     1e-07   31.1   0.1     2    43    10    50     9    56 0.90 -
PRW32484.1           -            858 5240at3041           -            236   4.3e-24   84.7   6.3   2   4   1.4e-10   1.4e-07   30.6   0.0    48   118    75   157    63   163 0.76 -
PRW32484.1           -            858 5240at3041           -            236   4.3e-24   84.7   6.3   3   4    0.0043       4.4    6.1   0.1   123   142   189   208   184   215 0.87 -
PRW32484.1           -            858 5240at3041           -            236   4.3e-24   84.7   6.3   4   4   1.5e-06    0.0015   17.4   0.1   127   178   216   269   210   277 0.86 -
PRW57517.1           -            702 5240at3041           -            236   1.2e-14   53.7   0.3   1   2   1.1e-06    0.0011   17.9   0.0     1    41   227   268   227   276 0.84 -
PRW57517.1           -            702 5240at3041           -            236   1.2e-14   53.7   0.3   2   2   2.2e-11   2.3e-08   33.2   0.2    51   141   304   409   291   433 0.81 -
#
# Program:         hmmsearch
# Version:         3.1b2 (February 2015)
# Pipeline mode:   SEARCH
# Query file:      /Users/catrionaharrison/Documents/Bioinformatics/rp2/Data/genomes/busco/busco_downloads/lineages/chlorophyta_odb10/hmms/5240at3041.hmm
# Target file:     /Users/catrionaharrison/Documents/Bioinformatics/rp2/Data/genomes/busco/data/chlorella_sorokiniana.prot.fasta
# Option settings: hmmsearch --domtblout /Users/catrionaharrison/Documents/Bioinformatics/rp2/Data/genomes/busco/Busco_sorokiniana/run_chlorophyta_odb10/hmmer_output/initial_run_results/5240at3041.out --cpu 1 /Users/catrionaharrison/Documents/Bioinformatics/rp2/Data/genomes/busco/busco_downloads/lineages/chlorophyta_odb10/hmms/5240at3041.hmm /Users/catrionaharrison/Documents/Bioinformatics/rp2/Data/genomes/busco/data/chlorella_sorokiniana.prot.fasta 
# Current dir:     /Users/catrionaharrison/Documents/Bioinformatics/rp2/Data/genomes/busco
# Date:            Fri Jul 22 14:37:13 2022
# [ok]
