#                                                                            --- full sequence --- -------------- this domain -------------   hmm coord   ali coord   env coord
# target name        accession   tlen query name           accession   qlen   E-value  score  bias   #  of  c-Evalue  i-Evalue  score  bias  from    to  from    to  from    to  acc description of target
#------------------- ---------- ----- -------------------- ---------- ----- --------- ------ ----- --- --- --------- --------- ------ ----- ----- ----- ----- ----- ----- ----- ---- ---------------------
PRW45742.1           -            185 5588at3041           -            141   1.4e-75  251.1   0.2   1   2   9.7e-68   4.6e-65  217.0   0.0     1   121    17   140    17   152 0.95 -
PRW45742.1           -            185 5588at3041           -            141   1.4e-75  251.1   0.2   2   2   7.6e-11   3.6e-08   32.6   0.0   113   141   154   182   150   182 0.94 -
PRW56576.1           -            182 5588at3041           -            141   3.3e-45  152.6   0.0   1   2     3e-44   1.4e-41  140.8   0.0     2   122    18   140    17   152 0.91 -
PRW56576.1           -            182 5588at3041           -            141   3.3e-45  152.6   0.0   2   2   0.00063       0.3   10.2   0.0   112   137   153   178   144   180 0.85 -
PRW60925.1           -           1130 5588at3041           -            141   7.7e-45  151.4   0.4   1   2   6.6e-44   3.1e-41  139.7   0.1     1   122   443   567   443   584 0.93 -
PRW60925.1           -           1130 5588at3041           -            141   7.7e-45  151.4   0.4   2   2    0.0011       0.5    9.4   0.0   113   137   605   629   599   632 0.89 -
PRW56446.1           -            185 5588at3041           -            141   1.4e-44  150.6   0.0   1   1   1.2e-43   5.8e-41  138.8   0.0     1   138    18   181    18   184 0.77 -
PRW44304.1           -            458 5588at3041           -            141   2.7e-38  130.2   0.1   1   2     6e-39   2.8e-36  123.6   0.0     1   117    17   136    17   156 0.90 -
PRW44304.1           -            458 5588at3041           -            141   2.7e-38  130.2   0.1   2   2     0.036        17    4.5   0.0   105   135   149   176   145   180 0.81 -
PRW57470.1           -            234 5588at3041           -            141   1.3e-36  124.8   0.1   1   2   5.1e-36   2.4e-33  114.2   0.1     2   119    36   157    35   175 0.87 -
PRW57470.1           -            234 5588at3041           -            141   1.3e-36  124.8   0.1   2   2    0.0014      0.67    9.0   0.0   115   136   175   196   163   199 0.84 -
PRW58413.1           -            203 5588at3041           -            141   7.9e-30  102.8   0.0   1   2   3.7e-30   1.7e-27   95.2   0.0     1   119    18   146    18   158 0.88 -
PRW58413.1           -            203 5588at3041           -            141   7.9e-30  102.8   0.0   2   2     0.014       6.5    5.8   0.0   112   137   163   188   151   191 0.82 -
PRW56257.1           -            194 5588at3041           -            141   7.4e-27   93.1   0.0   1   2   3.6e-28   1.7e-25   88.7   0.0     2   114    22   137    21   150 0.92 -
PRW56257.1           -            194 5588at3041           -            141   7.4e-27   93.1   0.0   2   2      0.14        66    2.6   0.0   114   135   171   192   163   193 0.87 -
PRW60970.1           -           1010 5588at3041           -            141     1e-26   92.7   0.0   1   1   3.5e-29   1.6e-26   92.0   0.0     2   118    25   145    24   168 0.88 -
PRW60842.1           -            206 5588at3041           -            141   5.2e-10   38.5   0.1   1   1   1.5e-12     7e-10   38.1   0.1     2   118    16   140    15   161 0.84 -
PRW60039.1           -            204 5588at3041           -            141   7.4e-10   38.0   0.8   1   1     4e-12   1.9e-09   36.7   0.8     2   114    11   130    10   175 0.82 -
PRW57533.1           -            222 5588at3041           -            141   1.6e-09   37.0   0.2   1   1   1.2e-11   5.5e-09   35.2   0.2     1   125    15   147    15   181 0.85 -
PRW58406.1           -            212 5588at3041           -            141   1.7e-08   33.6   0.5   1   2   6.9e-11   3.3e-08   32.7   0.3     1   128    11   146    11   158 0.76 -
PRW58406.1           -            212 5588at3041           -            141   1.7e-08   33.6   0.5   2   2       2.8   1.3e+03   -1.7   0.0   115   139   152   176   148   177 0.84 -
PRW45401.1           -            242 5588at3041           -            141   3.1e-07   29.5   0.0   1   1   6.4e-09     3e-06   26.3   0.0    40   112    81   156    31   173 0.69 -
PRW20493.1           -            351 5588at3041           -            141   1.1e-06   27.8   0.2   1   2   6.4e-09     3e-06   26.3   0.2     3   129    14   147    12   158 0.82 -
PRW20493.1           -            351 5588at3041           -            141   1.1e-06   27.8   0.2   2   2       3.9   1.8e+03   -2.1   0.0    28    41   153   166   147   171 0.78 -
PRW18403.1           -            171 5588at3041           -            141   1.2e-06   27.6   0.0   1   1   3.5e-09   1.7e-06   27.2   0.0    37   127     5    94     2   108 0.81 -
PRW39096.1           -            494 5588at3041           -            141   6.9e-05   21.9   0.0   1   1   2.3e-07   0.00011   21.3   0.0     3   111    14   128    12   141 0.86 -
PRW60009.1           -           1336 5588at3041           -            141   0.00012   21.1   0.0   1   1   5.3e-07   0.00025   20.1   0.0     2    77    16    99    15   133 0.82 -
PRW59514.1           -            746 5588at3041           -            141   0.00021   20.4   0.1   1   1   8.2e-07   0.00039   19.5   0.1     2   116   542   663   541   701 0.75 -
PRW44240.1           -            428 5588at3041           -            141    0.0025   16.9   0.0   1   1   9.2e-06    0.0044   16.1   0.0     2   112    10   131     9   142 0.68 -
PRW20941.1           -            200 5588at3041           -            141    0.0026   16.8   0.0   1   2   1.3e-05    0.0063   15.6   0.0    38   113    77   151    31   177 0.65 -
PRW20941.1           -            200 5588at3041           -            141    0.0026   16.8   0.0   2   2       1.1   5.4e+02   -0.4   0.0   104   136   163   194   136   195 0.69 -
PRW59346.1           -            535 5588at3041           -            141     0.024   13.7   0.0   1   1   9.7e-05     0.046   12.8   0.0     1    44   251   294   251   306 0.88 -
#
# Program:         hmmsearch
# Version:         3.1b2 (February 2015)
# Pipeline mode:   SEARCH
# Query file:      /Users/catrionaharrison/Documents/Bioinformatics/rp2/Data/genomes/busco/busco_downloads/lineages/chlorophyta_odb10/hmms/5588at3041.hmm
# Target file:     /Users/catrionaharrison/Documents/Bioinformatics/rp2/Data/genomes/busco/data/chlorella_sorokiniana.prot.fasta
# Option settings: hmmsearch --domtblout /Users/catrionaharrison/Documents/Bioinformatics/rp2/Data/genomes/busco/Busco_sorokiniana/run_chlorophyta_odb10/hmmer_output/initial_run_results/5588at3041.out --cpu 1 /Users/catrionaharrison/Documents/Bioinformatics/rp2/Data/genomes/busco/busco_downloads/lineages/chlorophyta_odb10/hmms/5588at3041.hmm /Users/catrionaharrison/Documents/Bioinformatics/rp2/Data/genomes/busco/data/chlorella_sorokiniana.prot.fasta 
# Current dir:     /Users/catrionaharrison/Documents/Bioinformatics/rp2/Data/genomes/busco
# Date:            Fri Jul 22 14:36:13 2022
# [ok]
