#                                                                            --- full sequence --- -------------- this domain -------------   hmm coord   ali coord   env coord
# target name        accession   tlen query name           accession   qlen   E-value  score  bias   #  of  c-Evalue  i-Evalue  score  bias  from    to  from    to  from    to  acc description of target
#------------------- ---------- ----- -------------------- ---------- ----- --------- ------ ----- --- --- --------- --------- ------ ----- ----- ----- ----- ----- ----- ----- ---- ---------------------
PRW44450.1           -            316 5599at3041           -            194  7.6e-103  341.3   0.0   1   1  1.3e-104  9.9e-103  341.0   0.0     4   185    13   203     5   214 0.95 -
PRW59583.1           -            448 5599at3041           -            194   1.8e-48  163.9  38.7   1   5   7.5e-05    0.0057   15.5   0.1    72   129   133   193   127   195 0.74 -
PRW59583.1           -            448 5599at3041           -            194   1.8e-48  163.9  38.7   2   5   3.7e-17   2.8e-15   55.6   1.9    60   140   191   270   178   272 0.88 -
PRW59583.1           -            448 5599at3041           -            194   1.8e-48  163.9  38.7   3   5   8.1e-15   6.2e-13   48.0   4.0    67   141   228   304   226   314 0.91 -
PRW59583.1           -            448 5599at3041           -            194   1.8e-48  163.9  38.7   4   5   2.5e-12   1.9e-10   39.9   5.5    69   140   263   337   260   337 0.92 -
PRW59583.1           -            448 5599at3041           -            194   1.8e-48  163.9  38.7   5   5   7.6e-17   5.8e-15   54.6   1.4    54   149   318   413   314   419 0.88 -
PRW58900.1           -           2059 5599at3041           -            194   6.7e-48  162.1  42.2   1  12      0.38        29    3.4   0.1    69    97   344   372   339   395 0.87 -
PRW58900.1           -           2059 5599at3041           -            194   6.7e-48  162.1  42.2   2  12     1e-08   7.8e-07   28.1   0.6    70   151   462   547   456   549 0.87 -
PRW58900.1           -           2059 5599at3041           -            194   6.7e-48  162.1  42.2   3  12     0.035       2.7    6.8   0.1   118   147   547   576   544   581 0.86 -
PRW58900.1           -           2059 5599at3041           -            194   6.7e-48  162.1  42.2   4  12   0.00035     0.027   13.3   0.0    66   124   631   691   610   701 0.86 -
PRW58900.1           -           2059 5599at3041           -            194   6.7e-48  162.1  42.2   5  12   1.4e-09     1e-07   30.9   1.0    66   144   929  1009   923  1014 0.91 -
PRW58900.1           -           2059 5599at3041           -            194   6.7e-48  162.1  42.2   6  12       1.7   1.3e+02    1.3   0.1    70   165  1032  1135  1024  1145 0.68 -
PRW58900.1           -           2059 5599at3041           -            194   6.7e-48  162.1  42.2   7  12       4.5   3.4e+02   -0.1   0.0   112   144  1123  1155  1109  1161 0.85 -
PRW58900.1           -           2059 5599at3041           -            194   6.7e-48  162.1  42.2   8  12    0.0063      0.48    9.2   0.0    69   121  1178  1232  1170  1247 0.81 -
PRW58900.1           -           2059 5599at3041           -            194   6.7e-48  162.1  42.2   9  12    0.0017      0.13   11.0   0.3    67   149  1255  1337  1251  1337 0.83 -
PRW58900.1           -           2059 5599at3041           -            194   6.7e-48  162.1  42.2  10  12   1.4e-05    0.0011   17.8   1.6    71   149  1289  1370  1280  1375 0.78 -
PRW58900.1           -           2059 5599at3041           -            194   6.7e-48  162.1  42.2  11  12   7.3e-17   5.6e-15   54.6   0.9    29   164  1382  1508  1374  1512 0.89 -
PRW58900.1           -           2059 5599at3041           -            194   6.7e-48  162.1  42.2  12  12     3e-05    0.0023   16.8   0.0    55   134  1507  1585  1501  1603 0.61 -
PRW33718.1           -            916 5599at3041           -            194   1.3e-46  157.8  19.1   1   8   1.2e-05   0.00088   18.1   0.0    37   102    27    90    20    93 0.87 -
PRW33718.1           -            916 5599at3041           -            194   1.3e-46  157.8  19.1   2   8   1.3e-10     1e-08   34.2   2.2    66   149    88   173    85   177 0.86 -
PRW33718.1           -            916 5599at3041           -            194   1.3e-46  157.8  19.1   3   8   2.3e-08   1.8e-06   26.9   0.0    59   136   182   259   172   260 0.87 -
PRW33718.1           -            916 5599at3041           -            194   1.3e-46  157.8  19.1   4   8   8.1e-12   6.2e-10   38.2   0.2    71   144   258   333   253   337 0.94 -
PRW33718.1           -            916 5599at3041           -            194   1.3e-46  157.8  19.1   5   8     1e-10   7.6e-09   34.6   0.1    66   150   319   405   318   406 0.89 -
PRW33718.1           -            916 5599at3041           -            194   1.3e-46  157.8  19.1   6   8   0.00026      0.02   13.7   0.0    36    95   391   450   387   458 0.90 -
PRW33718.1           -            916 5599at3041           -            194   1.3e-46  157.8  19.1   7   8      0.26        20    3.9   0.0   103   142   481   521   470   566 0.88 -
PRW33718.1           -            916 5599at3041           -            194   1.3e-46  157.8  19.1   8   8    0.0023      0.18   10.6   0.0   108   139   629   660   620   676 0.83 -
PRW61521.1           -            550 5599at3041           -            194   3.1e-45  153.4  22.5   1   6   1.8e-09   1.4e-07   30.5   0.2    66   149    88   173    78   174 0.83 -
PRW61521.1           -            550 5599at3041           -            194   3.1e-45  153.4  22.5   2   6   7.5e-12   5.7e-10   38.3   0.1    68   140   156   230   155   231 0.91 -
PRW61521.1           -            550 5599at3041           -            194   3.1e-45  153.4  22.5   3   6   2.4e-12   1.8e-10   39.9   2.6    69   144   223   300   218   301 0.86 -
PRW61521.1           -            550 5599at3041           -            194   3.1e-45  153.4  22.5   4   6   7.5e-10   5.7e-08   31.8   0.7    71   146   291   369   289   374 0.84 -
PRW61521.1           -            550 5599at3041           -            194   3.1e-45  153.4  22.5   5   6     6e-10   4.6e-08   32.1   1.5    31   143   354   471   352   478 0.82 -
PRW61521.1           -            550 5599at3041           -            194   3.1e-45  153.4  22.5   6   6   4.3e-05    0.0033   16.2   0.0    99   148   493   543   476   547 0.80 -
PRW58385.1           -            678 5599at3041           -            194   5.4e-45  152.6  27.9   1   7   1.2e-11     9e-10   37.7   9.2    32   149    17   133    11   145 0.87 -
PRW58385.1           -            678 5599at3041           -            194   5.4e-45  152.6  27.9   2   7   0.00038     0.029   13.2   0.0    51    99   135   181   131   184 0.80 -
PRW58385.1           -            678 5599at3041           -            194   5.4e-45  152.6  27.9   3   7   9.3e-16   7.1e-14   51.0   0.7    31   149   149   267   146   269 0.89 -
PRW58385.1           -            678 5599at3041           -            194   5.4e-45  152.6  27.9   4   7   9.8e-13   7.5e-11   41.2   0.1    68   149   250   334   247   335 0.91 -
PRW58385.1           -            678 5599at3041           -            194   5.4e-45  152.6  27.9   5   7   3.1e-08   2.4e-06   26.5   0.3    69   150   318   401   315   408 0.94 -
PRW58385.1           -            678 5599at3041           -            194   5.4e-45  152.6  27.9   6   7   2.1e-07   1.6e-05   23.8   0.0    65   146   412   498   406   503 0.89 -
PRW58385.1           -            678 5599at3041           -            194   5.4e-45  152.6  27.9   7   7      0.63        48    2.7   0.0    62    92   548   578   525   583 0.85 -
PRW56655.1           -           2248 5599at3041           -            194   7.3e-43  145.6  25.0   1   7      0.55        42    2.9   0.1   113   151     4    43     2    47 0.83 -
PRW56655.1           -           2248 5599at3041           -            194   7.3e-43  145.6  25.0   2   7   5.9e-12   4.5e-10   38.6   3.5    35   151    27   147    16   150 0.87 -
PRW56655.1           -           2248 5599at3041           -            194   7.3e-43  145.6  25.0   3   7   1.7e-07   1.3e-05   24.1   1.1    60   137   154   229   145   243 0.78 -
PRW56655.1           -           2248 5599at3041           -            194   7.3e-43  145.6  25.0   4   7   3.1e-05    0.0024   16.7   0.0    36    97   258   317   251   321 0.82 -
PRW56655.1           -           2248 5599at3041           -            194   7.3e-43  145.6  25.0   5   7   6.4e-10   4.9e-08   32.0   0.7    68   145   322   404   317   409 0.83 -
PRW56655.1           -           2248 5599at3041           -            194   7.3e-43  145.6  25.0   6   7   9.9e-07   7.6e-05   21.6   1.1    68   144   358   436   355   442 0.88 -
PRW56655.1           -           2248 5599at3041           -            194   7.3e-43  145.6  25.0   7   7   1.9e-11   1.5e-09   36.9   0.1    38   146   430   538   429   554 0.79 -
PRW60552.1           -           4002 5599at3041           -            194   9.6e-39  132.2  11.4   1   5   1.6e-07   1.2e-05   24.1   0.1    35   145  3311  3423  3299  3428 0.86 -
PRW60552.1           -           4002 5599at3041           -            194   9.6e-39  132.2  11.4   2   5   2.7e-11   2.1e-09   36.5   0.5    65   147  3433  3517  3423  3521 0.84 -
PRW60552.1           -           4002 5599at3041           -            194   9.6e-39  132.2  11.4   3   5   1.2e-11   9.3e-10   37.6   0.1    57   144  3529  3618  3516  3630 0.78 -
PRW60552.1           -           4002 5599at3041           -            194   9.6e-39  132.2  11.4   4   5   3.3e-07   2.5e-05   23.1   0.2    49   124  3658  3736  3630  3742 0.73 -
PRW60552.1           -           4002 5599at3041           -            194   9.6e-39  132.2  11.4   5   5   2.6e-05     0.002   16.9   0.0    46   149  3725  3833  3719  3837 0.78 -
PRW60551.1           -           4031 5599at3041           -            194     1e-38  132.1  11.4   1   6   1.6e-07   1.2e-05   24.2   0.1    35   146  3340  3453  3328  3458 0.86 -
PRW60551.1           -           4031 5599at3041           -            194     1e-38  132.1  11.4   2   6   2.8e-11   2.1e-09   36.5   0.6    65   147  3462  3546  3452  3550 0.84 -
PRW60551.1           -           4031 5599at3041           -            194     1e-38  132.1  11.4   3   6   1.2e-11   9.3e-10   37.6   0.1    57   144  3558  3647  3545  3659 0.78 -
PRW60551.1           -           4031 5599at3041           -            194     1e-38  132.1  11.4   4   6   1.1e-08   8.6e-07   27.9   0.5    38   148  3606  3721  3605  3722 0.83 -
PRW60551.1           -           4031 5599at3041           -            194     1e-38  132.1  11.4   5   6   3.3e-07   2.5e-05   23.1   0.2    49   124  3687  3765  3659  3771 0.73 -
PRW60551.1           -           4031 5599at3041           -            194     1e-38  132.1  11.4   6   6   2.6e-05     0.002   17.0   0.0    46   149  3754  3862  3748  3868 0.79 -
PRW60553.1           -           3994 5599at3041           -            194   5.7e-38  129.7  11.2   1   5   1.7e-07   1.3e-05   24.1   0.1    36   145  3312  3423  3300  3428 0.86 -
PRW60553.1           -           3994 5599at3041           -            194   5.7e-38  129.7  11.2   2   5   2.6e-11     2e-09   36.5   0.5    64   147  3432  3517  3422  3521 0.84 -
PRW60553.1           -           3994 5599at3041           -            194   5.7e-38  129.7  11.2   3   5   1.3e-11     1e-09   37.5   0.1    57   144  3529  3618  3518  3631 0.79 -
PRW60553.1           -           3994 5599at3041           -            194   5.7e-38  129.7  11.2   4   5   3.5e-06   0.00027   19.8   0.2    49   112  3658  3721  3630  3726 0.74 -
PRW60553.1           -           3994 5599at3041           -            194   5.7e-38  129.7  11.2   5   5   0.00017     0.013   14.3   0.0    63   149  3733  3825  3723  3829 0.81 -
PRW58881.1           -            437 5599at3041           -            194   3.6e-32  110.8  11.0   1   4   6.7e-11   5.1e-09   35.2   0.1    36   140    13   118     9   130 0.80 -
PRW58881.1           -            437 5599at3041           -            194   3.6e-32  110.8  11.0   2   4   0.00066     0.051   12.4   0.0    42   130   139   228   130   236 0.77 -
PRW58881.1           -            437 5599at3041           -            194   3.6e-32  110.8  11.0   3   4   9.2e-11     7e-09   34.7   0.3    71   145   252   328   249   332 0.92 -
PRW58881.1           -            437 5599at3041           -            194   3.6e-32  110.8  11.0   4   4   1.3e-09   9.9e-08   31.0   1.3    52   142   335   425   329   432 0.83 -
PRW60512.1           -           1708 5599at3041           -            194   3.9e-32  110.6  13.5   1   9    0.0011     0.084   11.7   0.0    69   140     7    82     3    92 0.70 -
PRW60512.1           -           1708 5599at3041           -            194   3.9e-32  110.6  13.5   2   9   0.00019     0.014   14.2   0.0   108   150   179   222   173   228 0.86 -
PRW60512.1           -           1708 5599at3041           -            194   3.9e-32  110.6  13.5   3   9      0.68        52    2.5   0.0    67    94   236   263   224   270 0.83 -
PRW60512.1           -           1708 5599at3041           -            194   3.9e-32  110.6  13.5   4   9   0.00014      0.01   14.6   0.0    67   145   269   350   263   358 0.84 -
PRW60512.1           -           1708 5599at3041           -            194   3.9e-32  110.6  13.5   5   9   4.6e-08   3.5e-06   25.9   0.0    49   146   354   451   348   454 0.85 -
PRW60512.1           -           1708 5599at3041           -            194   3.9e-32  110.6  13.5   6   9   4.5e-05    0.0034   16.2   0.3    69   145   405   487   405   495 0.80 -
PRW60512.1           -           1708 5599at3041           -            194   3.9e-32  110.6  13.5   7   9   0.00077     0.059   12.2   0.2    47   141   454   550   451   555 0.80 -
PRW60512.1           -           1708 5599at3041           -            194   3.9e-32  110.6  13.5   8   9   5.3e-06   0.00041   19.2   0.5    64   148   504   589   497   594 0.86 -
PRW60512.1           -           1708 5599at3041           -            194   3.9e-32  110.6  13.5   9   9   2.6e-06    0.0002   20.2   0.3    46   136   934  1025   902  1043 0.80 -
PRW20701.1           -            353 5599at3041           -            194   3.7e-31  107.5  14.4   1   4   5.5e-09   4.2e-07   28.9   0.4    46   132     5    90     1    93 0.80 -
PRW20701.1           -            353 5599at3041           -            194   3.7e-31  107.5  14.4   2   4     6e-11   4.6e-09   35.4   0.5    66   128    89   153    86   155 0.92 -
PRW20701.1           -            353 5599at3041           -            194   3.7e-31  107.5  14.4   3   4     4e-13   3.1e-11   42.5   0.3    70   169   126   220   123   234 0.80 -
PRW20701.1           -            353 5599at3041           -            194   3.7e-31  107.5  14.4   4   4   3.2e-08   2.5e-06   26.4   0.6    61   145   248   335   242   349 0.80 -
PRW56453.1           -            340 5599at3041           -            194   3.6e-29  101.0  11.7   1   5   1.8e-09   1.4e-07   30.5   1.1    30   101     4    74     1    76 0.86 -
PRW56453.1           -            340 5599at3041           -            194   3.6e-29  101.0  11.7   2   5   5.9e-12   4.5e-10   38.6   0.2    67   143    73   152    70   157 0.86 -
PRW56453.1           -            340 5599at3041           -            194   3.6e-29  101.0  11.7   3   5   6.6e-07     5e-05   22.2   0.0    69   140   109   185   104   188 0.83 -
PRW56453.1           -            340 5599at3041           -            194   3.6e-29  101.0  11.7   4   5   5.9e-07   4.5e-05   22.3   0.0    84   140   160   219   156   224 0.83 -
PRW56453.1           -            340 5599at3041           -            194   3.6e-29  101.0  11.7   5   5     4e-05    0.0031   16.3   0.1    76   146   220   291   218   297 0.82 -
PRW60055.1           -            435 5599at3041           -            194   1.3e-28   99.1  10.7   1   4     0.014         1    8.1   0.4    73   145    29   106    18   125 0.66 -
PRW60055.1           -            435 5599at3041           -            194   1.3e-28   99.1  10.7   2   4   1.4e-15   1.1e-13   50.4   0.4    49   149   113   213   105   235 0.85 -
PRW60055.1           -            435 5599at3041           -            194   1.3e-28   99.1  10.7   3   4    0.0077      0.59    8.9   0.4    73   169   269   365   250   368 0.71 -
PRW60055.1           -            435 5599at3041           -            194   1.3e-28   99.1  10.7   4   4   6.4e-12   4.9e-10   38.5   0.0    49   126   353   430   347   432 0.85 -
PRW32541.1           -            627 5599at3041           -            194     3e-25   88.1  14.2   1   5     2e-09   1.6e-07   30.4   0.0    59   151   164   260   152   264 0.83 -
PRW32541.1           -            627 5599at3041           -            194     3e-25   88.1  14.2   2   5   1.4e-06   0.00011   21.1   0.9    50   150   259   359   256   361 0.82 -
PRW32541.1           -            627 5599at3041           -            194     3e-25   88.1  14.2   3   5   9.7e-07   7.4e-05   21.6   0.8    68   149   341   425   337   426 0.90 -
PRW32541.1           -            627 5599at3041           -            194     3e-25   88.1  14.2   4   5   2.2e-07   1.7e-05   23.7   0.6    68   125   408   467   402   494 0.85 -
PRW32541.1           -            627 5599at3041           -            194     3e-25   88.1  14.2   5   5   1.1e-05   0.00082   18.2   0.2    48   132   521   599   510   613 0.86 -
PRW45709.1           -            489 5599at3041           -            194   7.8e-25   86.8  21.8   1   4   1.5e-07   1.2e-05   24.2   1.5    33   138    10   121     4   125 0.85 -
PRW45709.1           -            489 5599at3041           -            194   7.8e-25   86.8  21.8   2   4   1.8e-10   1.4e-08   33.8   0.7    60   147    74   162    68   164 0.84 -
PRW45709.1           -            489 5599at3041           -            194   7.8e-25   86.8  21.8   3   4   1.2e-08   9.3e-07   27.8   0.4    72   141   119   189   118   194 0.86 -
PRW45709.1           -            489 5599at3041           -            194   7.8e-25   86.8  21.8   4   4   1.2e-11   8.9e-10   37.7   0.7    39   150   154   265   152   267 0.88 -
PRW33014.1           -            375 5599at3041           -            194     9e-24   83.3  15.1   1   4   1.4e-07   1.1e-05   24.4   0.6   106   150    91   135    74   146 0.87 -
PRW33014.1           -            375 5599at3041           -            194     9e-24   83.3  15.1   2   4   1.1e-09   8.6e-08   31.2   0.2    65   125   147   209   137   213 0.90 -
PRW33014.1           -            375 5599at3041           -            194     9e-24   83.3  15.1   3   4   2.6e-08     2e-06   26.8   0.6    64   144   211   295   208   301 0.82 -
PRW33014.1           -            375 5599at3041           -            194     9e-24   83.3  15.1   4   4   1.7e-05    0.0013   17.5   0.3    66   141   281   359   279   368 0.82 -
PRW59812.1           -            763 5599at3041           -            194   6.7e-23   80.5  20.5   1   4       7.3   5.5e+02   -0.8   0.1    72    96   436   461   420   465 0.85 -
PRW59812.1           -            763 5599at3041           -            194   6.7e-23   80.5  20.5   2   4   1.1e-13   8.1e-12   44.3   1.8    69   149   468   550   462   554 0.90 -
PRW59812.1           -            763 5599at3041           -            194   6.7e-23   80.5  20.5   3   4   2.8e-11   2.1e-09   36.4   1.4    52   149   553   650   544   662 0.85 -
PRW59812.1           -            763 5599at3041           -            194   6.7e-23   80.5  20.5   4   4   2.7e-07   2.1e-05   23.4   0.6    70   149   635   716   635   727 0.90 -
PRW20575.1           -           1353 5599at3041           -            194   1.3e-21   76.3  15.2   1   3   5.9e-09   4.5e-07   28.9   0.5    75   150    22   101    13   126 0.86 -
PRW20575.1           -           1353 5599at3041           -            194   1.3e-21   76.3  15.2   2   3   9.1e-12     7e-10   38.0   2.0    66   144   310   391   306   399 0.88 -
PRW20575.1           -           1353 5599at3041           -            194   1.3e-21   76.3  15.2   3   3   2.4e-05    0.0018   17.1   0.6    83   140   407   466   402   471 0.89 -
PRW32544.1           -            433 5599at3041           -            194   3.8e-21   74.8   1.5   1   3   3.4e-10   2.6e-08   32.9   0.0    72   150   134   209   114   210 0.90 -
PRW32544.1           -            433 5599at3041           -            194   3.8e-21   74.8   1.5   2   3   1.8e-08   1.3e-06   27.3   0.3    71   136   194   261   192   261 0.91 -
PRW32544.1           -            433 5599at3041           -            194   3.8e-21   74.8   1.5   3   3   9.3e-07   7.1e-05   21.7   0.0    69   133   258   329   254   338 0.80 -
PRW33536.1           -           2144 5599at3041           -            194   3.8e-21   74.8  12.7   1   4   0.00083     0.063   12.1   0.0   106   148    18    60     2    62 0.89 -
PRW33536.1           -           2144 5599at3041           -            194   3.8e-21   74.8  12.7   2   4   2.5e-06   0.00019   20.3   1.1    66   131    73   141    66   159 0.78 -
PRW33536.1           -           2144 5599at3041           -            194   3.8e-21   74.8  12.7   3   4   8.2e-06   0.00063   18.6   0.2    49    98   159   206   147   213 0.84 -
PRW33536.1           -           2144 5599at3041           -            194   3.8e-21   74.8  12.7   4   4     2e-08   1.5e-06   27.2   2.1    61   145   552   640   549   646 0.87 -
PRW50966.1           -            336 5599at3041           -            194   1.7e-20   72.6  16.3   1   5   6.1e-11   4.7e-09   35.3   2.4    72   148     6    84     2    86 0.92 -
PRW50966.1           -            336 5599at3041           -            194   1.7e-20   72.6  16.3   2   5     2e-09   1.5e-07   30.4   4.2    65   149    65   151    60   153 0.90 -
PRW50966.1           -            336 5599at3041           -            194   1.7e-20   72.6  16.3   3   5   3.3e-06   0.00025   19.9   0.4    70   133   103   168    98   175 0.87 -
PRW50966.1           -            336 5599at3041           -            194   1.7e-20   72.6  16.3   4   5   7.7e-05    0.0059   15.4   0.1    72   104   172   205   167   215 0.81 -
PRW50966.1           -            336 5599at3041           -            194   1.7e-20   72.6  16.3   5   5     0.011      0.85    8.4   0.0    83   120   233   272   223   281 0.78 -
PRW57080.1           -            396 5599at3041           -            194   7.8e-20   70.5   8.1   1   3       4.1   3.2e+02   -0.0   0.0   119   141    44    66    21    73 0.80 -
PRW57080.1           -            396 5599at3041           -            194   7.8e-20   70.5   8.1   2   3   3.2e-14   2.5e-12   46.0   0.3    52   149    75   175    70   183 0.85 -
PRW57080.1           -            396 5599at3041           -            194   7.8e-20   70.5   8.1   3   3     2e-08   1.5e-06   27.1   0.5    58   148   184   273   173   290 0.86 -
PRW45119.1           -           3268 5599at3041           -            194   1.7e-19   69.4  47.4   1   9   0.00098     0.075   11.8   0.6    63   150   493   585   458   600 0.79 -
PRW45119.1           -           3268 5599at3041           -            194   1.7e-19   69.4  47.4   2   9   2.1e-05    0.0016   17.3   0.3    67   149   636   722   629   724 0.83 -
PRW45119.1           -           3268 5599at3041           -            194   1.7e-19   69.4  47.4   3   9     0.018       1.4    7.7   0.0    68    90   705   727   698   740 0.88 -
PRW45119.1           -           3268 5599at3041           -            194   1.7e-19   69.4  47.4   4   9     0.038       2.9    6.6   0.3    67   129  1094  1159  1089  1166 0.75 -
PRW45119.1           -           3268 5599at3041           -            194   1.7e-19   69.4  47.4   5   9     0.039         3    6.6   2.3    31   145  1218  1337  1207  1344 0.69 -
PRW45119.1           -           3268 5599at3041           -            194   1.7e-19   69.4  47.4   6   9   2.7e-06   0.00021   20.2   0.3    66   149  1696  1784  1654  1787 0.78 -
PRW45119.1           -           3268 5599at3041           -            194   1.7e-19   69.4  47.4   7   9   0.00017     0.013   14.3   2.6    47   148  1816  1920  1789  1925 0.76 -
PRW45119.1           -           3268 5599at3041           -            194   1.7e-19   69.4  47.4   8   9     2e-06   0.00015   20.6   0.5    28   148  1900  2023  1894  2026 0.85 -
PRW45119.1           -           3268 5599at3041           -            194   1.7e-19   69.4  47.4   9   9   2.5e-05    0.0019   17.0   1.1    65   143  1970  2052  1942  2063 0.80 -
PRW45120.1           -           3271 5599at3041           -            194   1.7e-19   69.4  47.4   1   9   0.00098     0.075   11.8   0.6    63   150   493   585   458   600 0.79 -
PRW45120.1           -           3271 5599at3041           -            194   1.7e-19   69.4  47.4   2   9   2.1e-05    0.0016   17.3   0.3    67   149   636   722   629   724 0.83 -
PRW45120.1           -           3271 5599at3041           -            194   1.7e-19   69.4  47.4   3   9     0.018       1.4    7.7   0.0    68    90   705   727   698   740 0.88 -
PRW45120.1           -           3271 5599at3041           -            194   1.7e-19   69.4  47.4   4   9     0.039       2.9    6.6   0.3    67   129  1094  1159  1089  1166 0.75 -
PRW45120.1           -           3271 5599at3041           -            194   1.7e-19   69.4  47.4   5   9     0.034       2.6    6.8   2.0    31   145  1218  1337  1208  1344 0.69 -
PRW45120.1           -           3271 5599at3041           -            194   1.7e-19   69.4  47.4   6   9   2.7e-06   0.00021   20.2   0.3    66   149  1699  1787  1657  1790 0.78 -
PRW45120.1           -           3271 5599at3041           -            194   1.7e-19   69.4  47.4   7   9   0.00017     0.013   14.3   2.6    47   148  1819  1923  1792  1928 0.76 -
PRW45120.1           -           3271 5599at3041           -            194   1.7e-19   69.4  47.4   8   9     2e-06   0.00015   20.6   0.5    28   148  1903  2026  1897  2029 0.85 -
PRW45120.1           -           3271 5599at3041           -            194   1.7e-19   69.4  47.4   9   9   2.5e-05    0.0019   17.0   1.1    65   143  1973  2055  1945  2066 0.80 -
PRW20824.1           -            171 5599at3041           -            194   7.1e-19   67.4   0.0   1   2     1e-05   0.00078   18.3   0.0    36    99    16    76     6    80 0.85 -
PRW20824.1           -            171 5599at3041           -            194   7.1e-19   67.4   0.0   2   2   5.9e-15   4.5e-13   48.4   0.0    66   141    76   153    73   165 0.90 -
PRW33132.1           -            551 5599at3041           -            194     1e-18   66.9  23.3   1   6     0.053         4    6.2   1.9    89   147    65   129    37   138 0.66 -
PRW33132.1           -            551 5599at3041           -            194     1e-18   66.9  23.3   2   6   1.9e-07   1.5e-05   23.9   1.8    49   140   136   234   130   244 0.77 -
PRW33132.1           -            551 5599at3041           -            194     1e-18   66.9  23.3   3   6   0.00031     0.024   13.5   0.3    85   166   247   331   243   341 0.64 -
PRW33132.1           -            551 5599at3041           -            194     1e-18   66.9  23.3   4   6    0.0037      0.29    9.9   0.0   104   147   347   390   323   396 0.79 -
PRW33132.1           -            551 5599at3041           -            194     1e-18   66.9  23.3   5   6    0.0012     0.091   11.5   0.3    78   146   426   500   393   503 0.66 -
PRW33132.1           -            551 5599at3041           -            194     1e-18   66.9  23.3   6   6   0.00042     0.032   13.0   0.1    87   140   472   531   466   542 0.70 -
PRW33038.1           -           1372 5599at3041           -            194   2.9e-18   65.4   2.9   1   2   9.9e-14   7.6e-12   44.4   0.0    29   144   573   688   562   689 0.86 -
PRW33038.1           -           1372 5599at3041           -            194   2.9e-18   65.4   2.9   2   2   2.1e-08   1.6e-06   27.0   2.7    66   146   674   756   667   766 0.90 -
PRW58075.1           -            441 5599at3041           -            194   8.2e-18   63.9   7.6   1   4   1.6e-11   1.2e-09   37.2   1.2    20   149    11   148     4   156 0.75 -
PRW58075.1           -            441 5599at3041           -            194   8.2e-18   63.9   7.6   2   4     0.017       1.3    7.8   0.1   112   149   144   181   139   190 0.72 -
PRW58075.1           -            441 5599at3041           -            194   8.2e-18   63.9   7.6   3   4   5.8e-06   0.00044   19.1   0.3    63   142   159   243   150   247 0.82 -
PRW58075.1           -            441 5599at3041           -            194   8.2e-18   63.9   7.6   4   4   1.1e-06   8.4e-05   21.4   0.1    66   150   195   284   190   293 0.84 -
PRW57737.1           -            294 5599at3041           -            194   2.6e-17   62.3  21.0   1   4   1.6e-09   1.2e-07   30.7   0.4    65   148    50   136    15   140 0.83 -
PRW57737.1           -            294 5599at3041           -            194   2.6e-17   62.3  21.0   2   4   6.6e-08     5e-06   25.4   4.6    57   140   109   194   107   206 0.86 -
PRW57737.1           -            294 5599at3041           -            194   2.6e-17   62.3  21.0   3   4   3.7e-05    0.0028   16.5   1.5    66   144   151   239   143   239 0.77 -
PRW57737.1           -            294 5599at3041           -            194   2.6e-17   62.3  21.0   4   4   2.6e-06    0.0002   20.2   0.0    86   149   212   277   204   285 0.86 -
PRW21097.1           -           2458 5599at3041           -            194   4.5e-17   61.5   8.9   1   4    0.0009     0.069   11.9   0.0    73   129   889   947   886   954 0.87 -
PRW21097.1           -           2458 5599at3041           -            194   4.5e-17   61.5   8.9   2   4   1.2e-05   0.00093   18.0   0.1    72   123   985  1038   977  1040 0.89 -
PRW21097.1           -           2458 5599at3041           -            194   4.5e-17   61.5   8.9   3   4   4.7e-10   3.6e-08   32.4   0.2    65   141  1046  1123  1040  1128 0.91 -
PRW21097.1           -           2458 5599at3041           -            194   4.5e-17   61.5   8.9   4   4       1.3        98    1.6   0.4   111   143  1126  1158  1118  1162 0.84 -
PRW21098.1           -           2458 5599at3041           -            194   4.5e-17   61.5   8.9   1   4    0.0009     0.069   11.9   0.0    73   129   889   947   886   954 0.87 -
PRW21098.1           -           2458 5599at3041           -            194   4.5e-17   61.5   8.9   2   4   1.2e-05   0.00093   18.0   0.1    72   123   985  1038   977  1040 0.89 -
PRW21098.1           -           2458 5599at3041           -            194   4.5e-17   61.5   8.9   3   4   4.7e-10   3.6e-08   32.4   0.2    65   141  1046  1123  1040  1128 0.91 -
PRW21098.1           -           2458 5599at3041           -            194   4.5e-17   61.5   8.9   4   4       1.3        98    1.6   0.4   111   143  1126  1158  1118  1162 0.84 -
PRW57847.1           -            384 5599at3041           -            194   8.4e-17   60.6   8.6   1   4   4.1e-07   3.2e-05   22.8   0.0    78   141    17    84     2    93 0.79 -
PRW57847.1           -            384 5599at3041           -            194   8.4e-17   60.6   8.6   2   4   1.3e-09   9.9e-08   31.0   1.8    67   145   149   229   144   234 0.89 -
PRW57847.1           -            384 5599at3041           -            194   8.4e-17   60.6   8.6   3   4   5.1e-08   3.9e-06   25.8   2.5    69   145   184   262   180   267 0.83 -
PRW57847.1           -            384 5599at3041           -            194   8.4e-17   60.6   8.6   4   4     0.016       1.2    7.9   0.1    52    96   236   277   232   298 0.69 -
PRW56961.1           -            971 5599at3041           -            194   9.2e-17   60.5  19.1   1   7    0.0016      0.12   11.2   1.5    71   132    79   143    70   168 0.76 -
PRW56961.1           -            971 5599at3041           -            194   9.2e-17   60.5  19.1   2   7   3.4e-06   0.00026   19.8   0.2    37   125   199   299   190   335 0.75 -
PRW56961.1           -            971 5599at3041           -            194   9.2e-17   60.5  19.1   3   7     0.017       1.3    7.7   0.1    37   108   361   435   346   446 0.63 -
PRW56961.1           -            971 5599at3041           -            194   9.2e-17   60.5  19.1   4   7       0.7        53    2.5   0.0    68    98   543   572   505   580 0.82 -
PRW56961.1           -            971 5599at3041           -            194   9.2e-17   60.5  19.1   5   7      0.13        10    4.9   0.0   114   149   789   824   762   832 0.86 -
PRW56961.1           -            971 5599at3041           -            194   9.2e-17   60.5  19.1   6   7   9.5e-05    0.0073   15.1   0.1    66   139   805   882   788   894 0.78 -
PRW56961.1           -            971 5599at3041           -            194   9.2e-17   60.5  19.1   7   7   2.3e-05    0.0017   17.1   2.6    33   145   843   957   832   961 0.77 -
PRW56411.1           -            423 5599at3041           -            194   9.6e-17   60.4   8.0   1   3   1.9e-07   1.5e-05   23.9   0.4    75   145    23    96    13   106 0.86 -
PRW56411.1           -            423 5599at3041           -            194   9.6e-17   60.4   8.0   2   3   1.3e-09   9.9e-08   31.0   0.3    70   145   155   232   122   236 0.88 -
PRW56411.1           -            423 5599at3041           -            194   9.6e-17   60.4   8.0   3   3   2.4e-07   1.8e-05   23.6   0.3    72   149   190   269   189   274 0.84 -
PRW59808.1           -            958 5599at3041           -            194   2.1e-16   59.3  10.4   1   4    0.0024      0.19   10.5   0.0   107   150   615   658   608   670 0.88 -
PRW59808.1           -            958 5599at3041           -            194   2.1e-16   59.3  10.4   2   4    0.0039       0.3    9.9   0.4    68   120   685   740   676   754 0.81 -
PRW59808.1           -            958 5599at3041           -            194   2.1e-16   59.3  10.4   3   4   4.1e-09   3.1e-07   29.4   2.7    69   139   754   826   745   831 0.90 -
PRW59808.1           -            958 5599at3041           -            194   2.1e-16   59.3  10.4   4   4    0.0013       0.1   11.4   0.0   110   146   832   868   828   871 0.93 -
PRW59698.1           -            579 5599at3041           -            194   2.7e-16   59.0   1.4   1   4     0.024       1.8    7.3   0.0   101   131   347   378   339   384 0.77 -
PRW59698.1           -            579 5599at3041           -            194   2.7e-16   59.0   1.4   2   4     0.023       1.7    7.4   0.0   111   147   416   452   404   455 0.84 -
PRW59698.1           -            579 5599at3041           -            194   2.7e-16   59.0   1.4   3   4    0.0095      0.72    8.6   0.0    38    91   443   496   441   506 0.88 -
PRW59698.1           -            579 5599at3041           -            194   2.7e-16   59.0   1.4   4   4     2e-10   1.5e-08   33.6   0.4    61   104   504   547   496   569 0.86 -
PRW44628.1           -            838 5599at3041           -            194   3.5e-16   58.6   0.1   1   3       4.5   3.4e+02   -0.1   0.0   114   137   196   219   190   221 0.87 -
PRW44628.1           -            838 5599at3041           -            194   3.5e-16   58.6   0.1   2   3   6.6e-12     5e-10   38.5   0.1    36   147   644   755   640   760 0.85 -
PRW44628.1           -            838 5599at3041           -            194   3.5e-16   58.6   0.1   3   3     1e-05   0.00079   18.3   0.0    76   149   748   823   748   833 0.91 -
PRW45403.1           -            739 5599at3041           -            194   4.1e-16   58.3   5.1   1   3       1.5   1.2e+02    1.4   0.0    40    95    21    75    11    80 0.77 -
PRW45403.1           -            739 5599at3041           -            194   4.1e-16   58.3   5.1   2   3   2.9e-09   2.2e-07   29.9   2.1    68   129   280   343   273   353 0.91 -
PRW45403.1           -            739 5599at3041           -            194   4.1e-16   58.3   5.1   3   3   2.6e-07     2e-05   23.5   0.0    36   120   356   442   346   487 0.85 -
PRW45402.1           -            741 5599at3041           -            194   4.6e-16   58.2   5.1   1   3       1.5   1.2e+02    1.4   0.0    40    95    21    75    11    80 0.77 -
PRW45402.1           -            741 5599at3041           -            194   4.6e-16   58.2   5.1   2   3   2.9e-09   2.2e-07   29.9   2.1    68   129   282   345   275   355 0.91 -
PRW45402.1           -            741 5599at3041           -            194   4.6e-16   58.2   5.1   3   3   2.7e-07     2e-05   23.5   0.0    36   120   358   444   348   489 0.85 -
PRW58523.1           -           1853 5599at3041           -            194   2.1e-15   56.0   6.3   1   4   0.00037     0.028   13.2   0.0    72   122    41    93    38   107 0.84 -
PRW58523.1           -           1853 5599at3041           -            194   2.1e-15   56.0   6.3   2   4   3.4e-08   2.6e-06   26.4   1.7    69   144   126   204   121   211 0.87 -
PRW58523.1           -           1853 5599at3041           -            194   2.1e-15   56.0   6.3   3   4    0.0013     0.099   11.4   0.0    71   130   247   308   240   321 0.79 -
PRW58523.1           -           1853 5599at3041           -            194   2.1e-15   56.0   6.3   4   4      0.42        32    3.2   0.0    71   127   398   453   372   461 0.84 -
PRW59272.1           -           1372 5599at3041           -            194   2.6e-15   55.7   0.1   1   3   2.9e-07   2.2e-05   23.3   0.0    61   108   550   598   519   614 0.76 -
PRW59272.1           -           1372 5599at3041           -            194   2.6e-15   55.7   0.1   2   3     7e-06   0.00053   18.8   0.0    19   149   614   757   603   761 0.79 -
PRW59272.1           -           1372 5599at3041           -            194   2.6e-15   55.7   0.1   3   3    0.0061      0.47    9.2   0.0    76   132   770   828   766   845 0.88 -
PRW56000.1           -            392 5599at3041           -            194   2.7e-15   55.7  10.5   1   4      0.41        31    3.3   0.1   123   149    77   103    57   109 0.69 -
PRW56000.1           -            392 5599at3041           -            194   2.7e-15   55.7  10.5   2   4   6.2e-09   4.7e-07   28.8   3.4    44   145    98   199    89   205 0.73 -
PRW56000.1           -            392 5599at3041           -            194   2.7e-15   55.7  10.5   3   4   0.00011    0.0086   14.9   0.0    69   149   187   271   184   281 0.84 -
PRW56000.1           -            392 5599at3041           -            194   2.7e-15   55.7  10.5   4   4   1.5e-05    0.0012   17.7   0.1    66   147   286   370   276   375 0.81 -
PRW55904.1           -            251 5599at3041           -            194   3.2e-15   55.4   0.0   1   2     2e-13   1.5e-11   43.4   0.0    65   145    36   130    17   138 0.77 -
PRW55904.1           -            251 5599at3041           -            194   3.2e-15   55.4   0.0   2   2    0.0054      0.41    9.4   0.0   110   142   137   170   133   181 0.81 -
PRW58247.1           -            562 5599at3041           -            194   5.1e-13   48.3   0.7   1   3   1.1e-09   8.4e-08   31.2   0.1    38   144    14   120     4   125 0.87 -
PRW58247.1           -            562 5599at3041           -            194   5.1e-13   48.3   0.7   2   3      0.19        14    4.4   0.0   116   145   126   155   122   161 0.86 -
PRW58247.1           -            562 5599at3041           -            194   5.1e-13   48.3   0.7   3   3    0.0063      0.48    9.2   0.0    67    95   174   202   170   233 0.86 -
PRW18334.1           -            257 5599at3041           -            194   8.7e-13   47.5   0.9   1   1   2.2e-14   1.7e-12   46.6   0.9    55   148   125   218   118   229 0.83 -
PRW57708.1           -            157 5599at3041           -            194   5.4e-12   44.9   0.0   1   1   1.8e-13   1.4e-11   43.6   0.0    71   149    66   146    48   151 0.88 -
PRW33315.1           -            657 5599at3041           -            194   9.2e-12   44.1   3.8   1   3   1.2e-06   8.9e-05   21.4   0.8    25   126    35   135    17   155 0.78 -
PRW33315.1           -            657 5599at3041           -            194   9.2e-12   44.1   3.8   2   3      0.16        12    4.6   0.2    73    98   242   265   234   301 0.53 -
PRW33315.1           -            657 5599at3041           -            194   9.2e-12   44.1   3.8   3   3     5e-05    0.0038   16.0   0.0    67   141   303   383   287   393 0.84 -
PRW58006.1           -            264 5599at3041           -            194   2.3e-11   42.8   5.6   1   2     2e-11   1.5e-09   36.9   1.8    31   141     6   115     3   127 0.83 -
PRW58006.1           -            264 5599at3041           -            194   2.3e-11   42.8   5.6   2   2     0.038       2.9    6.6   0.1    90   150   135   201   121   207 0.70 -
PRW33587.1           -            277 5599at3041           -            194   4.9e-11   41.8   4.5   1   3     1e-05   0.00078   18.3   0.5    72   149     2    81     1    83 0.79 -
PRW33587.1           -            277 5599at3041           -            194   4.9e-11   41.8   4.5   2   3   0.00039      0.03   13.1   0.1    66   122    96   156    82   160 0.78 -
PRW33587.1           -            277 5599at3041           -            194   4.9e-11   41.8   4.5   3   3    0.0012     0.091   11.5   0.1    56    92   159   195   148   202 0.84 -
PRW56528.1           -            174 5599at3041           -            194   6.6e-11   41.4   1.5   1   1   1.1e-12   8.4e-11   41.0   1.5    35   150     9   123     1   128 0.86 -
PRW39137.1           -            848 5599at3041           -            194   1.3e-10   40.4   1.3   1   2   4.8e-07   3.7e-05   22.6   0.0    66   121   113   171   107   186 0.79 -
PRW39137.1           -            848 5599at3041           -            194   1.3e-10   40.4   1.3   2   2    0.0001    0.0077   15.0   0.0    61   103   200   242   182   248 0.89 -
PRW56279.1           -           1146 5599at3041           -            194   1.6e-10   40.1   3.3   1   2   9.8e-08   7.4e-06   24.9   0.1    90   147   933   995   911  1000 0.79 -
PRW56279.1           -           1146 5599at3041           -            194   1.6e-10   40.1   3.3   2   2   0.00012    0.0094   14.8   0.4    66   149  1014  1101  1008  1132 0.88 -
PRW56072.1           -            723 5599at3041           -            194   1.9e-10   39.8   8.6   1   4   1.5e-05    0.0011   17.8   0.1   107   149   469   511   456   513 0.89 -
PRW56072.1           -            723 5599at3041           -            194   1.9e-10   39.8   8.6   2   4    0.0014      0.11   11.3   0.2    71   141   554   628   519   638 0.73 -
PRW56072.1           -            723 5599at3041           -            194   1.9e-10   39.8   8.6   3   4    0.0024      0.18   10.5   0.1    68   132   584   653   576   668 0.69 -
PRW56072.1           -            723 5599at3041           -            194   1.9e-10   39.8   8.6   4   4   0.00063     0.048   12.4   0.4    66    96   690   720   673   722 0.79 -
PRW20634.1           -            626 5599at3041           -            194   2.7e-10   39.4   2.3   1   2   1.6e-09   1.2e-07   30.7   0.2    34   150   321   440   310   456 0.81 -
PRW20634.1           -            626 5599at3041           -            194   2.7e-10   39.4   2.3   2   2    0.0087      0.66    8.7   0.2    63   103   451   491   444   516 0.75 -
PRW59566.1           -            827 5599at3041           -            194   4.2e-10   38.7   0.1   1   2   1.9e-07   1.4e-05   23.9   0.0    38   123   620   704   601   722 0.80 -
PRW59566.1           -            827 5599at3041           -            194   4.2e-10   38.7   0.1   2   2   0.00072     0.055   12.3   0.1    73   144   717   791   708   801 0.76 -
PRW50893.1           -            306 5599at3041           -            194   5.2e-10   38.4   5.7   1   2   4.7e-08   3.6e-06   25.9   1.1    37   121     5    88     3   104 0.83 -
PRW50893.1           -            306 5599at3041           -            194   5.2e-10   38.4   5.7   2   2   0.00014     0.011   14.6   0.4    66   104   103   141    90   172 0.81 -
PRW57671.1           -            530 5599at3041           -            194   6.9e-10   38.0   2.4   1   1   1.5e-11   1.2e-09   37.3   2.4    38   149    12   122     3   155 0.86 -
PRW57890.1           -            405 5599at3041           -            194   7.6e-10   37.9   0.2   1   1   1.8e-11   1.4e-09   37.1   0.2    36   148    44   158    38   168 0.83 -
PRW57889.1           -            411 5599at3041           -            194   7.6e-10   37.9   0.2   1   1   1.8e-11   1.4e-09   37.0   0.2    36   148    44   158    38   168 0.83 -
PRW20680.1           -           1331 5599at3041           -            194   9.1e-10   37.6  11.5   1   5    0.0026      0.19   10.5   0.1   112   139   762   789   757   793 0.87 -
PRW20680.1           -           1331 5599at3041           -            194   9.1e-10   37.6  11.5   2   5       5.1   3.9e+02   -0.3   0.1   110   148   918   956   911   968 0.87 -
PRW20680.1           -           1331 5599at3041           -            194   9.1e-10   37.6  11.5   3   5       1.1        82    1.9   0.0   114   144   981  1011   978  1016 0.89 -
PRW20680.1           -           1331 5599at3041           -            194   9.1e-10   37.6  11.5   4   5   1.1e-07   8.1e-06   24.7   0.5    44   142  1015  1122  1012  1130 0.75 -
PRW20680.1           -           1331 5599at3041           -            194   9.1e-10   37.6  11.5   5   5      0.48        37    3.0   0.1   117   174  1129  1183  1124  1187 0.75 -
PRW20613.1           -            284 5599at3041           -            194   1.2e-09   37.3   0.0   1   1   2.2e-11   1.7e-09   36.7   0.0    38   120   161   241   155   268 0.88 -
PRW39258.1           -           1851 5599at3041           -            194   1.6e-09   36.9   0.5   1   2   4.1e-09   3.1e-07   29.4   0.2    33   141  1579  1686  1566  1691 0.84 -
PRW39258.1           -           1851 5599at3041           -            194   1.6e-09   36.9   0.5   2   2     0.055       4.2    6.1   0.0    73   140  1684  1754  1678  1764 0.72 -
PRW45106.1           -            478 5599at3041           -            194   3.6e-09   35.7   2.7   1   2   1.6e-06   0.00012   21.0   0.2    72   144   339   419   334   426 0.75 -
PRW45106.1           -            478 5599at3041           -            194   3.6e-09   35.7   2.7   2   2   3.4e-07   2.6e-05   23.1   0.2    71   136   377   444   373   460 0.85 -
PRW45693.1           -            565 5599at3041           -            194   1.7e-08   33.5   0.3   1   1   3.5e-10   2.7e-08   32.9   0.3    26   142   318   436   310   452 0.83 -
PRW57988.1           -           1088 5599at3041           -            194     2e-08   33.3   0.2   1   1   1.4e-09     1e-07   30.9   0.1    28   150   858   991   849   994 0.74 -
PRW20646.1           -            912 5599at3041           -            194   3.1e-08   32.6   5.1   1   2   4.6e-06   0.00035   19.4   0.7    34    95   567   624   539   630 0.67 -
PRW20646.1           -            912 5599at3041           -            194   3.1e-08   32.6   5.1   2   2   0.00014     0.011   14.6   0.3    72   133   643   710   634   714 0.79 -
PRW33750.1           -            332 5599at3041           -            194     5e-08   32.0   2.0   1   2   1.8e-07   1.4e-05   24.0   0.1    35   148    77   197    69   201 0.75 -
PRW33750.1           -            332 5599at3041           -            194     5e-08   32.0   2.0   2   2   0.00027     0.021   13.6   0.8    69   141   182   256   172   271 0.80 -
PRW59036.1           -            670 5599at3041           -            194   5.1e-08   31.9   5.3   1   2   5.1e-07   3.9e-05   22.5   0.6    69   148   412   493   395   500 0.76 -
PRW59036.1           -            670 5599at3041           -            194   5.1e-08   31.9   5.3   2   2    0.0016      0.12   11.1   0.4    68   142   517   600   503   608 0.69 -
PRW56053.1           -            629 5599at3041           -            194   6.3e-08   31.6  17.0   1   3   4.9e-05    0.0038   16.1   0.0    67   149   215   302   204   304 0.78 -
PRW56053.1           -            629 5599at3041           -            194   6.3e-08   31.6  17.0   2   3   5.4e-05    0.0041   15.9   3.9    65   146   282   367   275   373 0.80 -
PRW56053.1           -            629 5599at3041           -            194   6.3e-08   31.6  17.0   3   3       1.2        95    1.7   0.3    61    95   481   517   461   523 0.79 -
PRW59132.1           -           1322 5599at3041           -            194   6.5e-08   31.6   3.4   1   1   1.1e-09     8e-08   31.3   1.5    56   148   654   749   617   752 0.78 -
PRW57961.1           -            811 5599at3041           -            194   6.6e-08   31.6   0.3   1   2       5.4   4.2e+02   -0.4   0.0   100   132   110   142    66   146 0.74 -
PRW57961.1           -            811 5599at3041           -            194   6.6e-08   31.6   0.3   2   2   3.5e-09   2.7e-07   29.6   0.2    48   141   125   219   100   239 0.82 -
PRW57617.1           -            246 5599at3041           -            194     7e-08   31.5   3.8   1   2   7.1e-06   0.00054   18.8   0.2    62    98    43    79    32   108 0.84 -
PRW57617.1           -            246 5599at3041           -            194     7e-08   31.5   3.8   2   2    0.0015      0.11   11.2   0.2    28    94   138   213   129   217 0.76 -
PRW33659.1           -            246 5599at3041           -            194   7.6e-08   31.4   0.0   1   1   1.6e-09   1.2e-07   30.7   0.0    39   131    30   125    13   140 0.78 -
PRW33658.1           -            244 5599at3041           -            194   8.6e-08   31.2   0.0   1   1   1.9e-09   1.4e-07   30.5   0.0    39   129    30   123    13   137 0.79 -
PRW57859.1           -            884 5599at3041           -            194   8.9e-08   31.1   0.9   1   1     3e-09   2.3e-07   29.8   0.9    25   146   728   855   721   868 0.85 -
PRW56241.1           -            225 5599at3041           -            194     1e-07   30.9   2.2   1   2   2.9e-06   0.00022   20.1   1.3    68   146    45   126    25   137 0.81 -
PRW56241.1           -            225 5599at3041           -            194     1e-07   30.9   2.2   2   2     0.005      0.38    9.5   0.0   100   136   147   184   143   193 0.78 -
PRW56242.1           -            225 5599at3041           -            194     1e-07   30.9   2.2   1   2   2.9e-06   0.00022   20.1   1.3    68   146    45   126    25   137 0.81 -
PRW56242.1           -            225 5599at3041           -            194     1e-07   30.9   2.2   2   2     0.005      0.38    9.5   0.0   100   136   147   184   143   193 0.78 -
PRW20973.1           -            857 5599at3041           -            194   1.2e-07   30.8   0.0   1   1   2.4e-08   1.9e-06   26.8   0.0    34   142   704   806   691   813 0.73 -
PRW57507.1           -            292 5599at3041           -            194   1.7e-07   30.2   0.8   1   1   3.9e-09     3e-07   29.4   0.8    65   141   186   264   159   276 0.76 -
PRW33560.1           -           1460 5599at3041           -            194   2.5e-07   29.7  16.8   1   6      0.49        37    3.0   0.1    25   120   905  1006   895  1017 0.71 -
PRW33560.1           -           1460 5599at3041           -            194   2.5e-07   29.7  16.8   2   6      0.34        26    3.6   0.0    67    91  1025  1049  1019  1059 0.90 -
PRW33560.1           -           1460 5599at3041           -            194   2.5e-07   29.7  16.8   3   6    0.0014      0.11   11.3   2.1    69   149  1104  1187  1098  1189 0.86 -
PRW33560.1           -           1460 5599at3041           -            194   2.5e-07   29.7  16.8   4   6     0.012      0.91    8.3   0.9    68   121  1136  1192  1131  1219 0.78 -
PRW33560.1           -           1460 5599at3041           -            194   2.5e-07   29.7  16.8   5   6      0.08       6.1    5.6   0.1    71   138  1173  1247  1169  1259 0.75 -
PRW33560.1           -           1460 5599at3041           -            194   2.5e-07   29.7  16.8   6   6     2e-05    0.0015   17.3   0.1    67   140  1274  1349  1263  1395 0.78 -
PRW45187.1           -            379 5599at3041           -            194   4.5e-07   28.8   8.9   1   5      0.81        62    2.3   0.0   103   126    19    43    15    73 0.75 -
PRW45187.1           -            379 5599at3041           -            194   4.5e-07   28.8   8.9   2   5       1.6   1.3e+02    1.3   0.0    64    91    83   110    77   118 0.84 -
PRW45187.1           -            379 5599at3041           -            194   4.5e-07   28.8   8.9   3   5   0.00021     0.016   14.0   0.5    64   144   117   201   112   207 0.77 -
PRW45187.1           -            379 5599at3041           -            194   4.5e-07   28.8   8.9   4   5      0.35        27    3.5   0.2    67   100   222   255   205   269 0.81 -
PRW45187.1           -            379 5599at3041           -            194   4.5e-07   28.8   8.9   5   5     0.026         2    7.2   0.0    67   143   278   361   267   369 0.66 -
PRW34055.1           -            886 5599at3041           -            194   5.1e-07   28.7   0.0   1   1   1.2e-08   9.2e-07   27.8   0.0    65   143    48   130     5   136 0.82 -
PRW33131.1           -            294 5599at3041           -            194   6.9e-07   28.3   0.9   1   2     9e-09   6.9e-07   28.3   0.9    37   137     6   109     4   123 0.86 -
PRW33131.1           -            294 5599at3041           -            194   6.9e-07   28.3   0.9   2   2       7.1   5.4e+02   -0.8   0.1   118   142   148   172   102   181 0.61 -
PRW60479.1           -            195 5599at3041           -            194   7.5e-07   28.1   6.2   1   3   0.00087     0.066   12.0   0.2    86   131     3    56     1    67 0.80 -
PRW60479.1           -            195 5599at3041           -            194   7.5e-07   28.1   6.2   2   3   1.2e-05    0.0009   18.1   0.2    68    97    72   101    60   107 0.91 -
PRW60479.1           -            195 5599at3041           -            194   7.5e-07   28.1   6.2   3   3       8.6   6.6e+02   -1.0   0.1    66    94   150   178   136   187 0.51 -
PRW57831.1           -            966 5599at3041           -            194   1.3e-06   27.3   0.7   1   1   3.3e-08   2.5e-06   26.4   0.3    69   144    43   121    30   127 0.82 -
PRW50850.1           -            391 5599at3041           -            194     2e-06   26.7   0.1   1   1   4.4e-08   3.4e-06   26.0   0.1    30    96    26    89     8   117 0.85 -
PRW56688.1           -           1459 5599at3041           -            194   2.1e-06   26.7   0.3   1   1   5.1e-08   3.9e-06   25.8   0.3    62   141    95   178    91   187 0.86 -
PRW20814.1           -           2705 5599at3041           -            194   2.2e-06   26.6   0.0   1   1   7.7e-08   5.9e-06   25.2   0.0    64   140  1595  1675  1581  1682 0.85 -
PRW50750.1           -            534 5599at3041           -            194   2.3e-06   26.5   4.1   1   2    0.0006     0.046   12.5   2.6    40   125    50   135    30   144 0.54 -
PRW50750.1           -            534 5599at3041           -            194   2.3e-06   26.5   4.1   2   2   8.1e-05    0.0062   15.3   0.5    36   102   113   183   111   192 0.81 -
PRW20255.1           -            330 5599at3041           -            194   6.7e-06   25.0   0.2   1   1   1.5e-07   1.1e-05   24.3   0.2    72   179     9   119     3   160 0.86 Chlorella sorokiniana strain 1602 contig_25, whole genome shotgun sequence.
PRW34030.1           -           1197 5599at3041           -            194   6.8e-06   25.0  21.6   1   5   3.1e-06   0.00024   20.0   0.5    61   127   204   273   169   316 0.71 -
PRW34030.1           -           1197 5599at3041           -            194   6.8e-06   25.0  21.6   2   5      0.47        36    3.1   0.0    68   144   322   402   294   403 0.81 -
PRW34030.1           -           1197 5599at3041           -            194   6.8e-06   25.0  21.6   3   5    0.0025      0.19   10.5   1.5    61   144   383   480   353   486 0.72 -
PRW34030.1           -           1197 5599at3041           -            194   6.8e-06   25.0  21.6   4   5       2.2   1.7e+02    0.9   0.0    67    98   467   498   462   526 0.80 -
PRW34030.1           -           1197 5599at3041           -            194   6.8e-06   25.0  21.6   5   5     0.049       3.7    6.3   0.5    57   148   560   655   536   668 0.72 -
PRW45223.1           -            812 5599at3041           -            194   1.2e-05   24.2   0.5   1   2   1.6e-07   1.2e-05   24.2   0.5    37   146   526   641   507   646 0.82 -
PRW45223.1           -            812 5599at3041           -            194   1.2e-05   24.2   0.5   2   2         3   2.3e+02    0.5   1.0    67   119   660   716   650   752 0.65 -
PRW44936.1           -            520 5599at3041           -            194   1.7e-05   23.7   3.8   1   2   0.00035     0.026   13.3   0.0   108   154     3    49     1    53 0.79 -
PRW44936.1           -            520 5599at3041           -            194   1.7e-05   23.7   3.8   2   2    0.0044      0.33    9.7   2.3    78   125    58   111    43   139 0.70 -
PRW21035.1           -            762 5599at3041           -            194   2.4e-05   23.2   1.3   1   2   2.2e-06   0.00017   20.5   0.0    67   139   107   187   101   213 0.85 -
PRW21035.1           -            762 5599at3041           -            194   2.4e-05   23.2   1.3   2   2       4.7   3.6e+02   -0.2   0.0    38    95   419   475   412   487 0.78 -
PRW21036.1           -            780 5599at3041           -            194   2.8e-05   23.0   1.4   1   2   2.2e-06   0.00017   20.4   0.0    67   139   107   187   101   213 0.85 -
PRW21036.1           -            780 5599at3041           -            194   2.8e-05   23.0   1.4   2   2       4.9   3.7e+02   -0.2   0.0    38    94   419   474   412   486 0.78 -
PRW45093.1           -            176 5599at3041           -            194   3.3e-05   22.8   0.0   1   1   5.8e-07   4.4e-05   22.4   0.0    71   149    21   104    11   129 0.83 -
PRW45340.1           -           1084 5599at3041           -            194   3.6e-05   22.6   0.0   1   1   1.1e-06   8.3e-05   21.5   0.0    38   143   234   338   203   343 0.63 -
PRW33323.1           -            658 5599at3041           -            194     4e-05   22.5   5.7   1   2      0.36        28    3.4   0.3    31    87    28    86    17    89 0.70 -
PRW33323.1           -            658 5599at3041           -            194     4e-05   22.5   5.7   2   2   1.6e-06   0.00012   20.9   2.4    47   149    86   196    81   202 0.77 -
PRW39346.1           -           1030 5599at3041           -            194   5.3e-05   22.1   3.7   1   2     1e-06   7.8e-05   21.5   0.2    63   142    71   159    52   179 0.82 -
PRW39346.1           -           1030 5599at3041           -            194   5.3e-05   22.1   3.7   2   2       3.8   2.9e+02    0.1   0.5    66    95   225   254   218   313 0.79 -
PRW45505.1           -            420 5599at3041           -            194   6.1e-05   21.9   0.5   1   2      0.12       8.8    5.1   0.1   110   150   148   190   133   197 0.77 -
PRW45505.1           -            420 5599at3041           -            194   6.1e-05   21.9   0.5   2   2   0.00019     0.015   14.1   0.0    66    97   203   234   196   241 0.90 -
PRW56082.1           -           2391 5599at3041           -            194   6.3e-05   21.9   4.6   1   3     0.047       3.6    6.3   0.0    96   149   514   569   506   576 0.72 -
PRW56082.1           -           2391 5599at3041           -            194   6.3e-05   21.9   4.6   2   3     0.011      0.84    8.4   0.1    95   132   597   635   563   656 0.71 -
PRW56082.1           -           2391 5599at3041           -            194   6.3e-05   21.9   4.6   3   3     0.063       4.8    5.9   0.3    68   120   876   929   853   935 0.72 -
PRW61238.1           -            542 5599at3041           -            194   0.00012   20.9   1.7   1   2     0.001     0.078   11.8   0.0   100   141    41    83    34    91 0.86 -
PRW61238.1           -            542 5599at3041           -            194   0.00012   20.9   1.7   2   2     0.021       1.6    7.5   1.0    52    93    94   132    87   138 0.84 -
PRW57578.1           -            325 5599at3041           -            194   0.00031   19.6   4.3   1   2   6.5e-06    0.0005   18.9   0.2    66   120    79   135    39   142 0.67 -
PRW57578.1           -            325 5599at3041           -            194   0.00031   19.6   4.3   2   2       4.6   3.5e+02   -0.2   0.2    69    90   219   240   210   244 0.73 -
PRW56848.1           -            459 5599at3041           -            194   0.00041   19.2   9.1   1   5      0.34        26    3.5   0.0   115   140     1    26     1    34 0.89 -
PRW56848.1           -            459 5599at3041           -            194   0.00041   19.2   9.1   2   5      0.46        35    3.1   0.1    65    95    95   125    85   127 0.71 -
PRW56848.1           -            459 5599at3041           -            194   0.00041   19.2   9.1   3   5      0.86        65    2.2   0.4    73    92   196   215   160   215 0.88 -
PRW56848.1           -            459 5599at3041           -            194   0.00041   19.2   9.1   4   5     0.029       2.3    7.0   0.3    68    97   222   251   196   289 0.61 -
PRW56848.1           -            459 5599at3041           -            194   0.00041   19.2   9.1   5   5      0.22        17    4.2   0.1    71   137   308   377   296   385 0.71 -
PRW57268.1           -            664 5599at3041           -            194   0.00046   19.0   0.0   1   2      0.14        11    4.8   0.0   108   149    54    95    43   114 0.89 -
PRW57268.1           -            664 5599at3041           -            194   0.00046   19.0   0.0   2   2    0.0042      0.32    9.8   0.1    68   143   143   224   135   230 0.72 -
PRW59026.1           -            490 5599at3041           -            194   0.00053   18.8   0.2   1   1   1.9e-05    0.0014   17.4   0.2    45   104    22    80     6   111 0.72 -
PRW59791.1           -            286 5599at3041           -            194   0.00085   18.2   2.3   1   3       2.9   2.2e+02    0.5   0.0    82   132    91   143    84   162 0.72 -
PRW59791.1           -            286 5599at3041           -            194   0.00085   18.2   2.3   2   3     0.011      0.84    8.4   0.3    62    92   174   204   150   238 0.68 -
PRW59791.1           -            286 5599at3041           -            194   0.00085   18.2   2.3   3   3     0.061       4.7    6.0   0.1    68   105   249   284   241   285 0.85 -
PRW20239.1           -           1370 5599at3041           -            194   0.00088   18.1   1.7   1   1   2.1e-05    0.0016   17.3   1.7    65   149   508   597   493   609 0.77 -
PRW58347.1           -            529 5599at3041           -            194   0.00089   18.1   2.1   1   2    0.0017      0.13   11.0   1.3    66   136   364   448   359   455 0.66 -
PRW58347.1           -            529 5599at3041           -            194   0.00089   18.1   2.1   2   2       2.5   1.9e+02    0.7   0.0   117   145   483   513   473   526 0.61 -
PRW56802.1           -           2145 5599at3041           -            194   0.00097   18.0   0.3   1   1   2.5e-05    0.0019   17.0   0.3    56   119   431   495   413   501 0.75 -
PRW56801.1           -           2152 5599at3041           -            194   0.00097   18.0   0.3   1   1   2.5e-05    0.0019   17.0   0.3    56   119   438   502   420   508 0.75 -
PRW59066.1           -           2459 5599at3041           -            194    0.0011   17.8   0.1   1   1    0.0001    0.0076   15.1   0.1    65   143   248   319   230   329 0.85 -
PRW59067.1           -           2459 5599at3041           -            194    0.0011   17.8   0.1   1   1    0.0001    0.0076   15.1   0.1    65   143   248   319   230   329 0.85 -
PRW56085.1           -            530 5599at3041           -            194    0.0021   16.9   0.0   1   1   7.6e-05    0.0058   15.4   0.0    96   141    40    87    35   119 0.75 -
PRW57216.1           -            443 5599at3041           -            194    0.0025   16.6   9.1   1   4      0.11       8.3    5.2   0.2   126   150    72    96    54   124 0.75 -
PRW57216.1           -            443 5599at3041           -            194    0.0025   16.6   9.1   2   4       0.1         8    5.2   2.3    31   149    77   202    69   215 0.59 -
PRW57216.1           -            443 5599at3041           -            194    0.0025   16.6   9.1   3   4     0.002      0.15   10.8   0.2    68   150   185   275   164   276 0.75 -
PRW57216.1           -            443 5599at3041           -            194    0.0025   16.6   9.1   4   4    0.0014      0.11   11.3   0.2    58   109   247   300   233   307 0.79 -
PRW59139.1           -            497 5599at3041           -            194    0.0033   16.2   0.6   1   1     8e-05    0.0061   15.4   0.6    38   135     9   112     4   123 0.84 -
PRW57695.1           -           1191 5599at3041           -            194    0.0036   16.1   0.5   1   1   9.7e-05    0.0074   15.1   0.5    70   144   329   404   301   412 0.75 -
PRW60077.1           -            284 5599at3041           -            194    0.0048   15.7   0.0   1   1   0.00011    0.0081   15.0   0.0   100   165   166   223   156   244 0.72 -
PRW33529.1           -            847 5599at3041           -            194    0.0097   14.7   3.2   1   3       1.4   1.1e+02    1.5   0.0   114   149   256   292   230   300 0.75 -
PRW33529.1           -            847 5599at3041           -            194    0.0097   14.7   3.2   2   3       6.6   5.1e+02   -0.7   0.3    73    94   411   432   409   438 0.89 -
PRW33529.1           -            847 5599at3041           -            194    0.0097   14.7   3.2   3   3    0.0047      0.36    9.6   0.0    66   129   544   617   529   623 0.59 -
PRW59333.1           -            168 5599at3041           -            194      0.01   14.7   0.1   1   1   0.00026      0.02   13.7   0.1    82   141    97   152    74   162 0.58 -
PRW58228.1           -            390 5599at3041           -            194     0.011   14.5   1.2   1   3       1.6   1.2e+02    1.4   0.1    75   112   150   189   146   203 0.76 -
PRW58228.1           -            390 5599at3041           -            194     0.011   14.5   1.2   2   3     0.009      0.69    8.7   0.0    80   150   192   267   182   280 0.79 -
PRW58228.1           -            390 5599at3041           -            194     0.011   14.5   1.2   3   3       1.7   1.3e+02    1.2   0.1    71    92   287   308   277   320 0.84 -
PRW60211.1           -            399 5599at3041           -            194     0.014   14.2   0.3   1   2       7.9     6e+02   -0.9   0.1    73    94    15    37     5    78 0.64 -
PRW60211.1           -            399 5599at3041           -            194     0.014   14.2   0.3   2   2   0.00069     0.053   12.3   0.0    68    98   116   146   110   178 0.86 -
PRW05897.1           -            700 5599at3041           -            194     0.018   13.9   0.0   1   2   0.00079      0.06   12.1   0.0    63   140   415   496   410   507 0.80 -
PRW05897.1           -            700 5599at3041           -            194     0.018   13.9   0.0   2   2      0.27        21    3.8   0.0    69   148   455   538   445   542 0.81 -
PRW60891.1           -            508 5599at3041           -            194     0.018   13.8   0.0   1   1   0.00039      0.03   13.1   0.0    65   124   103   164    64   174 0.82 -
PRW60892.1           -            508 5599at3041           -            194     0.018   13.8   0.0   1   1   0.00039      0.03   13.1   0.0    65   124   103   164    64   174 0.82 -
PRW58474.1           -             74 5599at3041           -            194      0.02   13.7   0.4   1   1   0.00042     0.032   13.0   0.4    63    91    24    52     3    61 0.75 -
PRW59361.1           -            226 5599at3041           -            194     0.023   13.5   1.2   1   2     0.036       2.8    6.7   0.1    67   137     8    47     2    99 0.68 Chlorella sorokiniana strain 1602 contig_4, whole genome shotgun sequence.
PRW59361.1           -            226 5599at3041           -            194     0.023   13.5   1.2   2   2     0.067       5.1    5.8   0.2    84   114   109   144    60   168 0.67 Chlorella sorokiniana strain 1602 contig_4, whole genome shotgun sequence.
PRW60074.1           -           1680 5599at3041           -            194     0.032   13.0   1.4   1   1   0.00066     0.051   12.4   0.0    33    97    38   100     4   105 0.90 -
PRW34070.1           -            463 5599at3041           -            194     0.038   12.8   0.4   1   1       1.4   1.1e+02    1.5   0.0   112   128   172   188   166   202 0.83 -
PRW45173.1           -            834 5599at3041           -            194     0.046   12.5   0.0   1   1    0.0018      0.14   10.9   0.0    39    96   350   408   328   418 0.61 -
PRW57003.1           -           1547 5599at3041           -            194     0.055   12.2   6.4   1   1   0.00019     0.015   14.1   1.4   107   149   193   235   167   273 0.80 -
PRW57373.1           -            134 5599at3041           -            194     0.086   11.6   0.8   1   2      0.18        13    4.5   0.0    30    93     8    68     3    82 0.83 -
PRW57373.1           -            134 5599at3041           -            194     0.086   11.6   0.8   2   2     0.061       4.6    6.0   0.2    68    96   105   133    87   133 0.92 -
PRW61551.1           -            320 5599at3041           -            194      0.89    8.3   6.4   1   2     0.088       6.7    5.5   0.7    71   131    11    70     2    82 0.83 -
PRW61551.1           -            320 5599at3041           -            194      0.89    8.3   6.4   2   2     0.062       4.7    5.9   0.6    69    96   104   131    86   158 0.80 -
PRW56966.1           -           2746 5599at3041           -            194       7.7    5.3  10.9   1   2       1.4   1.1e+02    1.5   0.1    67   149  1562  1651  1539  1654 0.74 -
PRW56966.1           -           2746 5599at3041           -            194       7.7    5.3  10.9   2   2     0.056       4.3    6.1   4.8    75   144  1658  1731  1651  1744 0.71 -
#
# Program:         hmmsearch
# Version:         3.1b2 (February 2015)
# Pipeline mode:   SEARCH
# Query file:      /Users/catrionaharrison/Documents/Bioinformatics/rp2/Data/genomes/busco/busco_downloads/lineages/chlorophyta_odb10/hmms/5599at3041.hmm
# Target file:     /Users/catrionaharrison/Documents/Bioinformatics/rp2/Data/genomes/busco/data/chlorella_sorokiniana.prot.fasta
# Option settings: hmmsearch --domtblout /Users/catrionaharrison/Documents/Bioinformatics/rp2/Data/genomes/busco/Busco_sorokiniana/run_chlorophyta_odb10/hmmer_output/initial_run_results/5599at3041.out --cpu 1 /Users/catrionaharrison/Documents/Bioinformatics/rp2/Data/genomes/busco/busco_downloads/lineages/chlorophyta_odb10/hmms/5599at3041.hmm /Users/catrionaharrison/Documents/Bioinformatics/rp2/Data/genomes/busco/data/chlorella_sorokiniana.prot.fasta 
# Current dir:     /Users/catrionaharrison/Documents/Bioinformatics/rp2/Data/genomes/busco
# Date:            Fri Jul 22 14:36:19 2022
# [ok]
