#                                                                            --- full sequence --- -------------- this domain -------------   hmm coord   ali coord   env coord
# target name        accession   tlen query name           accession   qlen   E-value  score  bias   #  of  c-Evalue  i-Evalue  score  bias  from    to  from    to  from    to  acc description of target
#------------------- ---------- ----- -------------------- ---------- ----- --------- ------ ----- --- --- --------- --------- ------ ----- ----- ----- ----- ----- ----- ----- ---- ---------------------
PRW34002.1           -            427 6190at3041           -            321    4e-136  452.6   0.4   1   1  1.3e-138  8.7e-136  451.5   0.4     1   308     1   359     1   371 0.93 -
PRW57437.1           -            277 6190at3041           -            321   4.1e-17   61.5   0.0   1   1     7e-20   4.6e-17   61.4   0.0    24   163    37   177    17   245 0.88 -
PRW59925.1           -            198 6190at3041           -            321   4.1e-15   55.0   3.4   1   2   1.7e-06    0.0011   17.4   0.4    61   103    46    88    35    95 0.84 -
PRW59925.1           -            198 6190at3041           -            321   4.1e-15   55.0   3.4   2   2   1.3e-14   8.5e-12   44.1   0.9    51   160    80   196    78   197 0.85 -
PRW21078.1           -           1272 6190at3041           -            321   1.6e-14   53.0  15.4   1   4   5.5e-05     0.036   12.5   0.2    34   127    55   149    36   157 0.81 -
PRW21078.1           -           1272 6190at3041           -            321   1.6e-14   53.0  15.4   2   4    0.0003      0.19   10.0   0.1    33   101   151   216   145   223 0.73 -
PRW21078.1           -           1272 6190at3041           -            321   1.6e-14   53.0  15.4   3   4   5.9e-15   3.9e-12   45.2   0.5    19   151   201   332   200   338 0.89 -
PRW21078.1           -           1272 6190at3041           -            321   1.6e-14   53.0  15.4   4   4         7   4.5e+03   -4.3   3.0   165   225   838   903   825   908 0.62 -
PRW59455.1           -            460 6190at3041           -            321   9.9e-13   47.1   0.3   1   2   7.3e-06    0.0047   15.4   0.0    44   118    66   146    42   149 0.86 -
PRW59455.1           -            460 6190at3041           -            321   9.9e-13   47.1   0.3   2   2   5.4e-12   3.5e-09   35.5   0.3    81   161   130   211   119   257 0.83 -
PRW59187.1           -            599 6190at3041           -            321   2.1e-05   23.1   5.2   1   4   4.5e-05     0.029   12.7   0.2    46   124    21    98     5   103 0.78 -
PRW59187.1           -            599 6190at3041           -            321   2.1e-05   23.1   5.2   2   4   6.9e-05     0.045   12.1   1.6    45   119    89   170    85   187 0.68 -
PRW59187.1           -            599 6190at3041           -            321   2.1e-05   23.1   5.2   3   4   1.8e-07   0.00011   20.7   1.1    64   219   176   329   165   351 0.71 -
PRW59187.1           -            599 6190at3041           -            321   2.1e-05   23.1   5.2   4   4       1.6   1.1e+03   -2.2   1.5   184   216   475   507   441   519 0.60 -
PRW44614.1           -            577 6190at3041           -            321   6.5e-05   21.5   0.1   1   1   2.2e-07   0.00014   20.3   0.1    19   121   429   533   416   539 0.84 -
PRW57204.1           -            304 6190at3041           -            321    0.0004   18.9   7.3   1   2     0.011       7.4    4.9   0.3    80   121    38    80    24    89 0.72 -
PRW57204.1           -            304 6190at3041           -            321    0.0004   18.9   7.3   2   2   1.8e-06    0.0012   17.3   4.5    60   171    62   175    60   300 0.82 -
PRW58737.1           -           1881 6190at3041           -            321    0.0017   16.8   0.1   1   6       8.5   5.5e+03   -4.6   3.2   185   210    25    50     7    84 0.48 -
PRW58737.1           -           1881 6190at3041           -            321    0.0017   16.8   0.1   2   6   2.3e-05     0.015   13.7   0.0    56   157   544   644   514   655 0.84 -
PRW58737.1           -           1881 6190at3041           -            321    0.0017   16.8   0.1   3   6    0.0024       1.5    7.1   0.0    61   125   688   756   669   762 0.82 -
PRW58737.1           -           1881 6190at3041           -            321    0.0017   16.8   0.1   4   6   0.00014     0.089   11.2   0.0   131   165   785   819   782   831 0.87 -
PRW58737.1           -           1881 6190at3041           -            321    0.0017   16.8   0.1   5   6       8.1   5.3e+03   -4.5   2.7   187   215  1702  1730  1659  1761 0.53 -
PRW58737.1           -           1881 6190at3041           -            321    0.0017   16.8   0.1   6   6      0.42   2.7e+02   -0.3   1.4   176   216  1839  1877  1829  1880 0.59 -
PRW57203.1           -            303 6190at3041           -            321    0.0022   16.5   9.7   1   2     0.013       8.2    4.7   0.2    80   121    38    80    24    87 0.76 -
PRW57203.1           -            303 6190at3041           -            321    0.0022   16.5   9.7   2   2   2.3e-05     0.015   13.7   9.6    57   171    59   175    40   300 0.82 -
PRW59053.1           -            482 6190at3041           -            321     0.004   15.6   0.0   1   2      0.68   4.4e+02   -1.0   0.0   115   158   291   332   288   369 0.65 -
PRW59053.1           -            482 6190at3041           -            321     0.004   15.6   0.0   2   2   2.5e-05     0.016   13.6   0.0    51   104   363   420   337   443 0.70 -
PRW39226.1           -            157 6190at3041           -            321     0.029   12.8   0.0   1   1   6.1e-05      0.04   12.3   0.0    42    96    47   102    37   143 0.81 -
PRW58491.1           -           1119 6190at3041           -            321     0.053   11.9   0.3   1   1   0.00015       0.1   11.0   0.3    59   125   197   258   178   264 0.75 -
PRW58490.1           -           1118 6190at3041           -            321     0.054   11.9   0.3   1   1   0.00015       0.1   11.0   0.3    59   125   197   258   178   264 0.75 -
PRW57280.1           -            850 6190at3041           -            321      0.15   10.4   4.3   1   3      0.67   4.3e+02   -1.0   0.7    86   122   460   494   435   529 0.83 -
PRW57280.1           -            850 6190at3041           -            321      0.15   10.4   4.3   2   3      0.27   1.7e+02    0.4   0.0    38    96   586   648   582   674 0.76 -
PRW57280.1           -            850 6190at3041           -            321      0.15   10.4   4.3   3   3   0.00037      0.24    9.7   0.0    76   119   691   733   671   746 0.80 -
PRW45156.1           -           2249 6190at3041           -            321       6.8    5.0  16.6   1   4       1.4     9e+02   -2.0   0.1    19    96   705   784   703   814 0.73 -
PRW45156.1           -           2249 6190at3041           -            321       6.8    5.0  16.6   2   4      0.82   5.3e+02   -1.2   0.1    45    98   800   855   773   861 0.65 -
PRW45156.1           -           2249 6190at3041           -            321       6.8    5.0  16.6   3   4   4.3e-05     0.028   12.8   0.5    12   126   879   995   864  1022 0.83 -
PRW45156.1           -           2249 6190at3041           -            321       6.8    5.0  16.6   4   4      0.36   2.3e+02   -0.1   3.7   180   212  1180  1212  1143  1242 0.60 -
#
# Program:         hmmsearch
# Version:         3.1b2 (February 2015)
# Pipeline mode:   SEARCH
# Query file:      /Users/catrionaharrison/Documents/Bioinformatics/rp2/Data/genomes/busco/busco_downloads/lineages/chlorophyta_odb10/hmms/6190at3041.hmm
# Target file:     /Users/catrionaharrison/Documents/Bioinformatics/rp2/Data/genomes/busco/data/chlorella_sorokiniana.prot.fasta
# Option settings: hmmsearch --domtblout /Users/catrionaharrison/Documents/Bioinformatics/rp2/Data/genomes/busco/Busco_sorokiniana/run_chlorophyta_odb10/hmmer_output/initial_run_results/6190at3041.out --cpu 1 /Users/catrionaharrison/Documents/Bioinformatics/rp2/Data/genomes/busco/busco_downloads/lineages/chlorophyta_odb10/hmms/6190at3041.hmm /Users/catrionaharrison/Documents/Bioinformatics/rp2/Data/genomes/busco/data/chlorella_sorokiniana.prot.fasta 
# Current dir:     /Users/catrionaharrison/Documents/Bioinformatics/rp2/Data/genomes/busco
# Date:            Fri Jul 22 14:37:41 2022
# [ok]
