#                                                                            --- full sequence --- -------------- this domain -------------   hmm coord   ali coord   env coord
# target name        accession   tlen query name           accession   qlen   E-value  score  bias   #  of  c-Evalue  i-Evalue  score  bias  from    to  from    to  from    to  acc description of target
#------------------- ---------- ----- -------------------- ---------- ----- --------- ------ ----- --- --- --------- --------- ------ ----- ----- ----- ----- ----- ----- ----- ---- ---------------------
PRW58738.1           -           2498 6211at3041           -            225   1.7e-65  219.9   0.4   1   3   3.7e-21   4.3e-18   64.9   0.0     5    97  1871  1984  1867  1991 0.75 -
PRW58738.1           -           2498 6211at3041           -            225   1.7e-65  219.9   0.4   2   3   1.7e-44     2e-41  141.2   0.1    59   184  2065  2217  2049  2230 0.85 -
PRW58738.1           -           2498 6211at3041           -            225   1.7e-65  219.9   0.4   3   3   0.00049      0.56    8.9   0.0   178   214  2243  2287  2233  2298 0.67 -
PRW58740.1           -           2507 6211at3041           -            225   1.7e-65  219.9   0.4   1   3   3.7e-21   4.3e-18   64.9   0.0     5    97  1880  1993  1876  2000 0.75 -
PRW58740.1           -           2507 6211at3041           -            225   1.7e-65  219.9   0.4   2   3   1.7e-44     2e-41  141.2   0.1    59   184  2074  2226  2058  2239 0.85 -
PRW58740.1           -           2507 6211at3041           -            225   1.7e-65  219.9   0.4   3   3   0.00049      0.57    8.9   0.0   178   214  2252  2296  2242  2307 0.67 -
PRW58739.1           -           2533 6211at3041           -            225   1.8e-65  219.9   0.4   1   3   3.8e-21   4.4e-18   64.9   0.0     5    97  1906  2019  1902  2026 0.75 -
PRW58739.1           -           2533 6211at3041           -            225   1.8e-65  219.9   0.4   2   3   1.7e-44     2e-41  141.2   0.1    59   184  2100  2252  2084  2265 0.85 -
PRW58739.1           -           2533 6211at3041           -            225   1.8e-65  219.9   0.4   3   3    0.0005      0.57    8.9   0.0   178   214  2278  2322  2268  2333 0.67 -
PRW20577.1           -           2124 6211at3041           -            225     7e-29  100.2   6.7   1   4       0.4   4.7e+02   -0.6   0.1    42    67  1058  1086  1052  1090 0.77 -
PRW20577.1           -           2124 6211at3041           -            225     7e-29  100.2   6.7   2   4   7.9e-16   9.1e-13   47.5   0.1    41   181  1160  1319  1151  1336 0.77 -
PRW20577.1           -           2124 6211at3041           -            225     7e-29  100.2   6.7   3   4   2.4e-09   2.8e-06   26.2   0.1     1    57  1512  1564  1512  1589 0.82 -
PRW20577.1           -           2124 6211at3041           -            225     7e-29  100.2   6.7   4   4   4.6e-08   5.3e-05   22.1   0.0    62   183  1764  1909  1751  1915 0.77 -
PRW33594.1           -           1013 6211at3041           -            225   2.4e-26   91.9  11.2   1   3   1.3e-07   0.00015   20.6   0.0    40    68   309   340   298   353 0.84 -
PRW33594.1           -           1013 6211at3041           -            225   2.4e-26   91.9  11.2   2   3   4.4e-24   5.1e-21   74.5   2.3    49   195   487   662   467   689 0.74 -
PRW33594.1           -           1013 6211at3041           -            225   2.4e-26   91.9  11.2   3   3       2.9   3.4e+03   -3.5   0.6   172   202   792   822   788   834 0.71 -
PRW56028.1           -           1317 6211at3041           -            225   1.7e-06   27.0   3.2   1   2   0.00014      0.16   10.7   0.2     3    79    11    84     9   112 0.71 -
PRW56028.1           -           1317 6211at3041           -            225   1.7e-06   27.0   3.2   2   2   1.2e-05     0.013   14.2   0.3    62   111   168   224   144   292 0.68 -
PRW56027.1           -           1338 6211at3041           -            225   1.9e-06   26.8   3.3   1   2   0.00014      0.16   10.7   0.2     3    79    11    84     9   112 0.71 -
PRW56027.1           -           1338 6211at3041           -            225   1.9e-06   26.8   3.3   2   2   1.3e-05     0.015   14.1   0.3    62   111   168   224   146   291 0.68 -
PRW56206.1           -           1164 6211at3041           -            225   0.00014   20.7   0.0   1   4       6.2   7.1e+03   -4.5   3.9   172   210   245   283   236   292 0.53 -
PRW56206.1           -           1164 6211at3041           -            225   0.00014   20.7   0.0   2   4   1.2e-07   0.00014   20.7   0.0     1    67   363   432   363   441 0.77 -
PRW56206.1           -           1164 6211at3041           -            225   0.00014   20.7   0.0   3   4    0.0011       1.3    7.7   0.2   110   179   568   637   483   664 0.80 -
PRW56206.1           -           1164 6211at3041           -            225   0.00014   20.7   0.0   4   4       7.9   9.1e+03   -4.9   1.6   172   189   831   848   819   856 0.49 -
PRW56164.1           -           1082 6211at3041           -            225    0.0012   17.7  13.9   1   4   0.00046      0.54    9.0   0.0     4    66    77   136    74   138 0.66 -
PRW56164.1           -           1082 6211at3041           -            225    0.0012   17.7  13.9   2   4   1.4e-06    0.0016   17.2   0.0    61   123   205   274   175   280 0.74 -
PRW56164.1           -           1082 6211at3041           -            225    0.0012   17.7  13.9   3   4       2.8   3.2e+03   -3.4   0.1   145   178   319   351   315   366 0.72 -
PRW56164.1           -           1082 6211at3041           -            225    0.0012   17.7  13.9   4   4         9     1e+04   -6.7   5.3   179   206   888   912   876   936 0.41 -
#
# Program:         hmmsearch
# Version:         3.1b2 (February 2015)
# Pipeline mode:   SEARCH
# Query file:      /Users/catrionaharrison/Documents/Bioinformatics/rp2/Data/genomes/busco/busco_downloads/lineages/chlorophyta_odb10/hmms/6211at3041.hmm
# Target file:     /Users/catrionaharrison/Documents/Bioinformatics/rp2/Data/genomes/busco/data/chlorella_sorokiniana.prot.fasta
# Option settings: hmmsearch --domtblout /Users/catrionaharrison/Documents/Bioinformatics/rp2/Data/genomes/busco/Busco_sorokiniana/run_chlorophyta_odb10/hmmer_output/initial_run_results/6211at3041.out --cpu 1 /Users/catrionaharrison/Documents/Bioinformatics/rp2/Data/genomes/busco/busco_downloads/lineages/chlorophyta_odb10/hmms/6211at3041.hmm /Users/catrionaharrison/Documents/Bioinformatics/rp2/Data/genomes/busco/data/chlorella_sorokiniana.prot.fasta 
# Current dir:     /Users/catrionaharrison/Documents/Bioinformatics/rp2/Data/genomes/busco
# Date:            Fri Jul 22 14:37:45 2022
# [ok]
