#                                                                            --- full sequence --- -------------- this domain -------------   hmm coord   ali coord   env coord
# target name        accession   tlen query name           accession   qlen   E-value  score  bias   #  of  c-Evalue  i-Evalue  score  bias  from    to  from    to  from    to  acc description of target
#------------------- ---------- ----- -------------------- ---------- ----- --------- ------ ----- --- --- --------- --------- ------ ----- ----- ----- ----- ----- ----- ----- ---- ---------------------
PRW57134.1           -            813 6562at3041           -            428    3e-134  447.4  19.3   1   4     4e-26   1.2e-23   83.0   0.0     4    96   258   362   256   373 0.88 -
PRW57134.1           -            813 6562at3041           -            428    3e-134  447.4  19.3   2   4   6.6e-17     2e-14   52.6   0.2   103   168   399   483   393   485 0.79 -
PRW57134.1           -            813 6562at3041           -            428    3e-134  447.4  19.3   3   4     5e-37   1.5e-34  118.9   0.0   165   261   506   609   501   616 0.89 -
PRW57134.1           -            813 6562at3041           -            428    3e-134  447.4  19.3   4   4   3.8e-59   1.1e-56  191.8   8.7   259   428   632   809   624   809 0.95 -
PRW33606.1           -            595 6562at3041           -            428   4.1e-50  170.2  20.6   1   6    0.0014      0.42    8.7   0.1   102   141    47    86    27    93 0.81 -
PRW33606.1           -            595 6562at3041           -            428   4.1e-50  170.2  20.6   2   6   0.00059      0.17    9.9   0.0    63    92   101   130    96   133 0.92 -
PRW33606.1           -            595 6562at3041           -            428   4.1e-50  170.2  20.6   3   6     8e-09   2.4e-06   26.0   0.0   171   258   146   232   141   239 0.87 -
PRW33606.1           -            595 6562at3041           -            428   4.1e-50  170.2  20.6   4   6    0.0091       2.7    6.0   0.0    62    93   215   246   201   259 0.83 -
PRW33606.1           -            595 6562at3041           -            428   4.1e-50  170.2  20.6   5   6   3.6e-09   1.1e-06   27.1   0.0   166   259   256   348   249   366 0.87 -
PRW33606.1           -            595 6562at3041           -            428   4.1e-50  170.2  20.6   6   6     6e-30   1.8e-27   95.6  13.8   254   419   370   541   364   550 0.86 -
PRW33607.1           -            610 6562at3041           -            428   8.4e-48  162.5  22.2   1   7    0.0015      0.43    8.6   0.1   102   141    47    86    27    93 0.81 -
PRW33607.1           -            610 6562at3041           -            428   8.4e-48  162.5  22.2   2   7   0.00061      0.18    9.9   0.0    63    92   101   130    96   133 0.92 -
PRW33607.1           -            610 6562at3041           -            428   8.4e-48  162.5  22.2   3   7   8.3e-09   2.5e-06   25.9   0.0   171   258   146   232   141   239 0.87 -
PRW33607.1           -            610 6562at3041           -            428   8.4e-48  162.5  22.2   4   7     0.011       3.2    5.8   0.0    62    93   215   246   202   254 0.83 -
PRW33607.1           -            610 6562at3041           -            428   8.4e-48  162.5  22.2   5   7   4.2e-09   1.3e-06   26.9   0.0   166   259   256   348   249   355 0.87 -
PRW33607.1           -            610 6562at3041           -            428   8.4e-48  162.5  22.2   6   7   1.4e-12   4.1e-10   38.4   0.2   254   320   370   436   364   438 0.94 -
PRW33607.1           -            610 6562at3041           -            428   8.4e-48  162.5  22.2   7   7   4.8e-17   1.4e-14   53.1  10.8   307   419   438   556   436   565 0.81 -
PRW44423.1           -            325 6562at3041           -            428   1.2e-25   89.6   4.4   1   1   6.8e-28     2e-25   88.8   4.4   291   427   172   314   145   315 0.91 -
PRW56792.1           -           1727 6562at3041           -            428   7.4e-22   77.1   5.5   1   2     0.094        28    2.7   0.0    44    94    76   131    32   134 0.63 -
PRW56792.1           -           1727 6562at3041           -            428   7.4e-22   77.1   5.5   2   2   1.2e-23   3.7e-21   74.8   2.8   257   427   141   322   133   323 0.87 -
PRW59870.1           -            645 6562at3041           -            428   2.9e-18   65.2   7.2   1   1   2.2e-20   6.5e-18   64.1   7.2   277   423    70   211    32   215 0.82 -
PRW59778.1           -           1532 6562at3041           -            428     4e-12   45.0   2.5   1   1   2.8e-14   8.3e-12   43.9   2.5   285   421  1231  1368  1222  1374 0.85 -
PRW57130.1           -            756 6562at3041           -            428   5.2e-11   41.3  29.4   1   9      0.35     1e+02    0.8   0.1   353   391    91   129    85   153 0.80 -
PRW57130.1           -            756 6562at3041           -            428   5.2e-11   41.3  29.4   2   9   0.00023     0.068   11.3   0.4   353   395   159   201   149   219 0.85 -
PRW57130.1           -            756 6562at3041           -            428   5.2e-11   41.3  29.4   3   9   6.3e-06    0.0019   16.4   0.1   344   393   356   405   353   413 0.91 -
PRW57130.1           -            756 6562at3041           -            428   5.2e-11   41.3  29.4   4   9      0.15        44    2.0   0.0   349   392   429   472   424   477 0.92 -
PRW57130.1           -            756 6562at3041           -            428   5.2e-11   41.3  29.4   5   9   0.00066       0.2    9.8   0.6   348   392   462   506   445   509 0.93 -
PRW57130.1           -            756 6562at3041           -            428   5.2e-11   41.3  29.4   6   9      0.04        12    3.9   0.6   352   395   534   577   528   581 0.93 -
PRW57130.1           -            756 6562at3041           -            428   5.2e-11   41.3  29.4   7   9     0.077        23    3.0   0.3   349   392   599   642   595   644 0.93 -
PRW57130.1           -            756 6562at3041           -            428   5.2e-11   41.3  29.4   8   9    0.0007      0.21    9.7   0.0   348   393   666   711   660   715 0.92 -
PRW57130.1           -            756 6562at3041           -            428   5.2e-11   41.3  29.4   9   9     0.091        27    2.7   0.1   353   390   705   742   704   744 0.93 -
PRW59699.1           -            647 6562at3041           -            428   1.2e-10   40.1   6.9   1   3   4.1e-13   1.2e-10   40.1   6.9   288   417    16   136     7   147 0.84 -
PRW59699.1           -            647 6562at3041           -            428   1.2e-10   40.1   6.9   2   3       5.2   1.6e+03   -3.1   0.1    14    38   289   313   279   328 0.64 -
PRW59699.1           -            647 6562at3041           -            428   1.2e-10   40.1   6.9   3   3       8.3   2.5e+03   -3.7   0.5   385   417   394   426   389   433 0.81 -
PRW33316.1           -            282 6562at3041           -            428   3.5e-10   38.6  15.7   1   1   1.2e-12   3.5e-10   38.6  15.7   280   423    99   240    90   246 0.74 -
PRW44342.1           -            498 6562at3041           -            428   5.9e-10   37.8   7.1   1   1   1.8e-11   5.5e-09   34.7   7.1   282   414    18   141     7   149 0.82 -
PRW61388.1           -            328 6562at3041           -            428   1.2e-08   33.5   9.7   1   1   3.1e-10   9.2e-08   30.6   9.7   283   393   208   305   196   323 0.81 -
PRW61266.1           -            688 6562at3041           -            428   3.6e-08   32.0  33.1   1   4   0.00021     0.064   11.4   1.1   289   383     5    93     1   126 0.85 -
PRW61266.1           -            688 6562at3041           -            428   3.6e-08   32.0  33.1   2   4     0.011       3.1    5.8   2.9   288   407   187   292   183   309 0.73 -
PRW61266.1           -            688 6562at3041           -            428   3.6e-08   32.0  33.1   3   4      0.73   2.2e+02   -0.3   0.2   344   393   342   392   303   398 0.69 -
PRW61266.1           -            688 6562at3041           -            428   3.6e-08   32.0  33.1   4   4     1e-08     3e-06   25.6   9.3   283   414   409   532   404   540 0.78 -
PRW59193.1           -           1291 6562at3041           -            428   3.7e-08   31.9   0.7   1   1   2.3e-10   6.7e-08   31.1   0.7   283   400  1143  1271  1135  1290 0.83 -
PRW39258.1           -           1851 6562at3041           -            428   3.7e-08   31.9  15.2   1   2   1.1e-05    0.0033   15.6   1.2   281   421   242   377   235   383 0.80 -
PRW39258.1           -           1851 6562at3041           -            428   3.7e-08   31.9  15.2   2   2   5.9e-07   0.00017   19.8   7.0   283   401   606   715   599   745 0.78 -
PRW61451.1           -            838 6562at3041           -            428     4e-07   28.5   3.2   1   1   2.1e-09   6.2e-07   27.9   3.2   289   412     5   126     1   133 0.81 -
PRW56947.1           -            718 6562at3041           -            428   6.7e-07   27.8   7.4   1   1   1.4e-08   4.2e-06   25.1   7.4   282   394   583   681   576   701 0.85 -
PRW44875.1           -            600 6562at3041           -            428   8.6e-07   27.4   1.5   1   1   5.2e-08   1.6e-05   23.3   1.1   282   391   175   270   116   282 0.84 -
PRW58562.1           -            596 6562at3041           -            428   2.2e-06   26.1  28.6   1   3     0.002      0.59    8.2   1.3   288   393     3    95     1   127 0.53 -
PRW58562.1           -            596 6562at3041           -            428   2.2e-06   26.1  28.6   2   3     0.004       1.2    7.2  11.6   277   419   255   391   247   394 0.76 -
PRW58562.1           -            596 6562at3041           -            428   2.2e-06   26.1  28.6   3   3     8e-05     0.024   12.8   4.4   271   398   384   503   380   528 0.79 -
PRW59069.1           -           1053 6562at3041           -            428   5.3e-06   24.8  14.6   1   1   1.8e-08   5.3e-06   24.8  14.6   254   415   807   964   781   972 0.82 -
PRW59068.1           -           1054 6562at3041           -            428   5.3e-06   24.8  14.6   1   1   1.8e-08   5.3e-06   24.8  14.6   254   415   808   965   782   973 0.82 -
PRW33158.1           -            109 6562at3041           -            428   2.3e-05   22.7   0.0   1   1   8.7e-07   0.00026   19.3   0.1    50    93    39    85     9    89 0.64 -
PRW58678.1           -            865 6562at3041           -            428   3.3e-05   22.2   4.4   1   1   2.6e-07   7.6e-05   21.0   4.4   285   388    34   127    13   162 0.85 -
PRW32888.1           -           1081 6562at3041           -            428   5.7e-05   21.4   4.1   1   1   4.5e-07   0.00013   20.2   4.1   292   415   216   330   212   337 0.77 -
PRW44272.1           -            927 6562at3041           -            428   6.8e-05   21.2   6.7   1   4   0.00099      0.29    9.2   0.1   326   392    66   130    61   132 0.91 -
PRW44272.1           -            927 6562at3041           -            428   6.8e-05   21.2   6.7   2   4     0.064        19    3.2   1.9   366   422   142   205   140   210 0.72 -
PRW44272.1           -            927 6562at3041           -            428   6.8e-05   21.2   6.7   3   4   0.00021     0.062   11.4   2.7   287   416   529   650   512   660 0.76 -
PRW44272.1           -            927 6562at3041           -            428   6.8e-05   21.2   6.7   4   4   2.3e-07   6.8e-05   21.2   6.7   288   390   793   882   780   917 0.77 -
PRW57006.1           -            315 6562at3041           -            428   9.8e-05   20.7   5.3   1   1     2e-06   0.00058   18.1   5.3   278   426   132   266   127   269 0.84 -
PRW57027.1           -            743 6562at3041           -            428   0.00022   19.5   0.9   1   2     0.012       3.6    5.6   0.0   334   387   515   567   498   575 0.83 -
PRW57027.1           -            743 6562at3041           -            428   0.00022   19.5   0.9   2   2   0.00014     0.041   12.0   0.4   337   393   619   675   583   682 0.87 -
PRW57250.1           -            163 6562at3041           -            428   0.00029   19.1   8.6   1   1   7.1e-06    0.0021   16.2   8.6   286   404    30   139    25   155 0.78 -
PRW50961.1           -            137 6562at3041           -            428   0.00034   18.9   0.0   1   1   1.7e-06   0.00051   18.3   0.0   211   259    46    96    37   100 0.91 -
PRW60761.1           -           1119 6562at3041           -            428    0.0017   16.6  14.8   1   3   3.4e-05      0.01   14.0   1.9   332   406    27   107    16   125 0.82 -
PRW60761.1           -           1119 6562at3041           -            428    0.0017   16.6  14.8   2   3    0.0017       0.5    8.4   0.6   344   394   313   363   278   401 0.88 -
PRW60761.1           -           1119 6562at3041           -            428    0.0017   16.6  14.8   3   3      0.25        74    1.3   0.3   343   396   419   472   413   477 0.89 -
PRW60762.1           -           1153 6562at3041           -            428     0.002   16.3  14.8   1   3   3.6e-05     0.011   14.0   1.9   332   406    27   107    16   125 0.82 -
PRW60762.1           -           1153 6562at3041           -            428     0.002   16.3  14.8   2   3    0.0017      0.52    8.4   0.6   344   394   313   363   278   401 0.88 -
PRW60762.1           -           1153 6562at3041           -            428     0.002   16.3  14.8   3   3      0.26        77    1.2   0.3   343   396   419   472   413   477 0.89 -
PRW59066.1           -           2459 6562at3041           -            428     0.028   12.5   4.6   1   1   0.00018     0.054   11.6   4.6   286   405     3   119     1   139 0.85 -
PRW59067.1           -           2459 6562at3041           -            428     0.028   12.5   4.6   1   1   0.00018     0.054   11.6   4.6   286   405     3   119     1   139 0.85 -
PRW45709.1           -            489 6562at3041           -            428     0.064   11.4   4.4   1   1    0.0046       1.4    7.0   4.4   287   394   339   433   336   464 0.75 -
PRW57681.1           -            473 6562at3041           -            428     0.067   11.3   6.4   1   1   0.00035       0.1   10.7   6.4   291   409    29   146    15   157 0.74 -
#
# Program:         hmmsearch
# Version:         3.1b2 (February 2015)
# Pipeline mode:   SEARCH
# Query file:      /Users/catrionaharrison/Documents/Bioinformatics/rp2/Data/genomes/busco/busco_downloads/lineages/chlorophyta_odb10/hmms/6562at3041.hmm
# Target file:     /Users/catrionaharrison/Documents/Bioinformatics/rp2/Data/genomes/busco/data/chlorella_sorokiniana.prot.fasta
# Option settings: hmmsearch --domtblout /Users/catrionaharrison/Documents/Bioinformatics/rp2/Data/genomes/busco/Busco_sorokiniana/run_chlorophyta_odb10/hmmer_output/initial_run_results/6562at3041.out --cpu 1 /Users/catrionaharrison/Documents/Bioinformatics/rp2/Data/genomes/busco/busco_downloads/lineages/chlorophyta_odb10/hmms/6562at3041.hmm /Users/catrionaharrison/Documents/Bioinformatics/rp2/Data/genomes/busco/data/chlorella_sorokiniana.prot.fasta 
# Current dir:     /Users/catrionaharrison/Documents/Bioinformatics/rp2/Data/genomes/busco
# Date:            Fri Jul 22 14:37:00 2022
# [ok]
