#                                                                            --- full sequence --- -------------- this domain -------------   hmm coord   ali coord   env coord
# target name        accession   tlen query name           accession   qlen   E-value  score  bias   #  of  c-Evalue  i-Evalue  score  bias  from    to  from    to  from    to  acc description of target
#------------------- ---------- ----- -------------------- ---------- ----- --------- ------ ----- --- --- --------- --------- ------ ----- ----- ----- ----- ----- ----- ----- ---- ---------------------
PRW59801.1           -            413 7698at3041           -            225   9.8e-78  259.8  10.3   1   2   3.1e-39   6.4e-36  123.1   8.0     2   145   109   305   108   315 0.78 -
PRW59801.1           -            413 7698at3041           -            225   9.8e-78  259.8  10.3   2   2     3e-40   6.2e-37  126.4   0.0   132   225   315   412   309   412 0.93 -
PRW45374.1           -           1384 7698at3041           -            225   0.00073   18.2   0.0   1   3     0.058   1.2e+02    1.2   0.0   150   191   918   959   882   993 0.83 -
PRW45374.1           -           1384 7698at3041           -            225   0.00073   18.2   0.0   2   3    0.0025       5.2    5.6   0.0   159   205  1092  1140  1075  1161 0.84 -
PRW45374.1           -           1384 7698at3041           -            225   0.00073   18.2   0.0   3   3   0.00099       2.1    6.9   0.0   157   211  1209  1266  1168  1274 0.77 -
PRW58346.1           -            514 7698at3041           -            225    0.0014   17.3   0.0   1   1   1.2e-06    0.0025   16.4   0.0   156   218   438   503   426   508 0.84 -
PRW60470.1           -           1302 7698at3041           -            225    0.0043   15.7   0.0   1   1   5.1e-06     0.011   14.4   0.0   136   218   324   415   308   418 0.80 -
PRW20356.1           -            224 7698at3041           -            225     0.043   12.4   0.0   1   1   2.7e-05     0.056   12.0   0.0   157   224   147   220   105   221 0.76 -
#
# Program:         hmmsearch
# Version:         3.1b2 (February 2015)
# Pipeline mode:   SEARCH
# Query file:      /Users/catrionaharrison/Documents/Bioinformatics/rp2/Data/genomes/busco/busco_downloads/lineages/chlorophyta_odb10/hmms/7698at3041.hmm
# Target file:     /Users/catrionaharrison/Documents/Bioinformatics/rp2/Data/genomes/busco/data/chlorella_sorokiniana.prot.fasta
# Option settings: hmmsearch --domtblout /Users/catrionaharrison/Documents/Bioinformatics/rp2/Data/genomes/busco/Busco_sorokiniana/run_chlorophyta_odb10/hmmer_output/initial_run_results/7698at3041.out --cpu 1 /Users/catrionaharrison/Documents/Bioinformatics/rp2/Data/genomes/busco/busco_downloads/lineages/chlorophyta_odb10/hmms/7698at3041.hmm /Users/catrionaharrison/Documents/Bioinformatics/rp2/Data/genomes/busco/data/chlorella_sorokiniana.prot.fasta 
# Current dir:     /Users/catrionaharrison/Documents/Bioinformatics/rp2/Data/genomes/busco
# Date:            Fri Jul 22 14:39:48 2022
# [ok]
