#                                                                            --- full sequence --- -------------- this domain -------------   hmm coord   ali coord   env coord
# target name        accession   tlen query name           accession   qlen   E-value  score  bias   #  of  c-Evalue  i-Evalue  score  bias  from    to  from    to  from    to  acc description of target
#------------------- ---------- ----- -------------------- ---------- ----- --------- ------ ----- --- --- --------- --------- ------ ----- ----- ----- ----- ----- ----- ----- ---- ---------------------
PRW61461.1           -            324 7789at3041           -            189   4.5e-60  201.9   9.6   1   2   1.3e-56   3.3e-53  179.5   1.4     2   161    25   218    24   233 0.82 -
PRW61461.1           -            324 7789at3041           -            189   4.5e-60  201.9   9.6   2   2   2.8e-07   0.00072   18.6   1.8   163   189   286   312   228   312 0.76 -
PRW32608.1           -           1502 7789at3041           -            189   5.3e-07   28.9   0.4   1   2   5.3e-08   0.00014   21.0   0.1    85   138  1111  1164  1104  1181 0.91 -
PRW32608.1           -           1502 7789at3041           -            189   5.3e-07   28.9   0.4   2   2     0.003       7.9    5.5   0.0   155   186  1226  1257  1208  1260 0.80 -
PRW57757.1           -            526 7789at3041           -            189   2.9e-05   23.2   0.4   1   2   1.8e-06    0.0048   16.0   0.0    49   138   101   192    97   209 0.84 -
PRW57757.1           -            526 7789at3041           -            189   2.9e-05   23.2   0.4   2   2    0.0046        12    4.9   0.1   167   186   262   281   235   284 0.90 -
PRW32518.1           -            226 7789at3041           -            189   0.00026   20.1   0.1   1   3   5.5e-05      0.14   11.1   0.0    89   115    26    52     5    55 0.78 -
PRW32518.1           -            226 7789at3041           -            189   0.00026   20.1   0.1   2   3     0.056   1.5e+02    1.3   0.0   154   170   113   129    79   134 0.80 -
PRW32518.1           -            226 7789at3041           -            189   0.00026   20.1   0.1   3   3     0.012        31    3.5   0.1   170   184   145   159   141   163 0.84 -
#
# Program:         hmmsearch
# Version:         3.1b2 (February 2015)
# Pipeline mode:   SEARCH
# Query file:      /Users/catrionaharrison/Documents/Bioinformatics/rp2/Data/genomes/busco/busco_downloads/lineages/chlorophyta_odb10/hmms/7789at3041.hmm
# Target file:     /Users/catrionaharrison/Documents/Bioinformatics/rp2/Data/genomes/busco/data/chlorella_sorokiniana.prot.fasta
# Option settings: hmmsearch --domtblout /Users/catrionaharrison/Documents/Bioinformatics/rp2/Data/genomes/busco/Busco_sorokiniana/run_chlorophyta_odb10/hmmer_output/initial_run_results/7789at3041.out --cpu 1 /Users/catrionaharrison/Documents/Bioinformatics/rp2/Data/genomes/busco/busco_downloads/lineages/chlorophyta_odb10/hmms/7789at3041.hmm /Users/catrionaharrison/Documents/Bioinformatics/rp2/Data/genomes/busco/data/chlorella_sorokiniana.prot.fasta 
# Current dir:     /Users/catrionaharrison/Documents/Bioinformatics/rp2/Data/genomes/busco
# Date:            Fri Jul 22 14:40:22 2022
# [ok]
