#                                                                            --- full sequence --- -------------- this domain -------------   hmm coord   ali coord   env coord
# target name        accession   tlen query name           accession   qlen   E-value  score  bias   #  of  c-Evalue  i-Evalue  score  bias  from    to  from    to  from    to  acc description of target
#------------------- ---------- ----- -------------------- ---------- ----- --------- ------ ----- --- --- --------- --------- ------ ----- ----- ----- ----- ----- ----- ----- ---- ---------------------
PRW45437.1           -           1023 7868at3041           -            445  3.1e-139  463.9  66.4   1   8   7.3e-85   1.9e-81  273.5   4.1     2   177     3   184     2   189 0.95 -
PRW45437.1           -           1023 7868at3041           -            445  3.1e-139  463.9  66.4   2   8     1e-20   2.6e-17   62.1   1.6   169   229   204   274   185   283 0.81 -
PRW45437.1           -           1023 7868at3041           -            445  3.1e-139  463.9  66.4   3   8     0.018        47    1.9   0.4   218   242   312   336   282   341 0.73 -
PRW45437.1           -           1023 7868at3041           -            445  3.1e-139  463.9  66.4   4   8   4.4e-28   1.1e-24   86.3   4.2   261   351   414   522   363   526 0.85 -
PRW45437.1           -           1023 7868at3041           -            445  3.1e-139  463.9  66.4   5   8   5.7e-05      0.15   10.2   0.1   351   378   554   581   545   593 0.87 -
PRW45437.1           -           1023 7868at3041           -            445  3.1e-139  463.9  66.4   6   8     3e-15   7.8e-12   44.0   0.1   373   418   658   709   652   716 0.84 -
PRW45437.1           -           1023 7868at3041           -            445  3.1e-139  463.9  66.4   7   8   9.6e-08   0.00025   19.3   3.6   409   444   819   853   809   854 0.82 -
PRW45437.1           -           1023 7868at3041           -            445  3.1e-139  463.9  66.4   8   8         4     1e+04   -5.9   7.5    17    61   971  1016   958  1018 0.45 -
PRW59174.1           -            553 7868at3041           -            445   1.2e-10   40.1   0.0   1   1   1.2e-13   3.2e-10   38.7   0.0   267   328     6    68     2    78 0.89 -
PRW59173.1           -            568 7868at3041           -            445   1.3e-10   40.1   0.0   1   1   1.3e-13   3.3e-10   38.7   0.0   267   328     6    68     2    78 0.89 -
PRW56706.1           -            948 7868at3041           -            445   0.00011   20.5   2.2   1   1   9.2e-08   0.00024   19.4   2.2   118   190   249   327   229   380 0.68 -
#
# Program:         hmmsearch
# Version:         3.1b2 (February 2015)
# Pipeline mode:   SEARCH
# Query file:      /Users/catrionaharrison/Documents/Bioinformatics/rp2/Data/genomes/busco/busco_downloads/lineages/chlorophyta_odb10/hmms/7868at3041.hmm
# Target file:     /Users/catrionaharrison/Documents/Bioinformatics/rp2/Data/genomes/busco/data/chlorella_sorokiniana.prot.fasta
# Option settings: hmmsearch --domtblout /Users/catrionaharrison/Documents/Bioinformatics/rp2/Data/genomes/busco/Busco_sorokiniana/run_chlorophyta_odb10/hmmer_output/initial_run_results/7868at3041.out --cpu 1 /Users/catrionaharrison/Documents/Bioinformatics/rp2/Data/genomes/busco/busco_downloads/lineages/chlorophyta_odb10/hmms/7868at3041.hmm /Users/catrionaharrison/Documents/Bioinformatics/rp2/Data/genomes/busco/data/chlorella_sorokiniana.prot.fasta 
# Current dir:     /Users/catrionaharrison/Documents/Bioinformatics/rp2/Data/genomes/busco
# Date:            Fri Jul 22 14:40:34 2022
# [ok]
