#                                                                            --- full sequence --- -------------- this domain -------------   hmm coord   ali coord   env coord
# target name        accession   tlen query name           accession   qlen   E-value  score  bias   #  of  c-Evalue  i-Evalue  score  bias  from    to  from    to  from    to  acc description of target
#------------------- ---------- ----- -------------------- ---------- ----- --------- ------ ----- --- --- --------- --------- ------ ----- ----- ----- ----- ----- ----- ----- ---- ---------------------
PRW20512.1           -            689 8157at3041           -            269  1.6e-104  348.4   2.0   1   2   5.3e-24   9.1e-21   73.7   0.0     2    76   361   444   360   447 0.89 -
PRW20512.1           -            689 8157at3041           -            269  1.6e-104  348.4   2.0   2   2   6.9e-85   1.2e-81  273.3   1.2    74   269   462   677   450   677 0.92 -
PRW20513.1           -            689 8157at3041           -            269  1.6e-104  348.4   2.0   1   2   5.3e-24   9.1e-21   73.7   0.0     2    76   361   444   360   447 0.89 -
PRW20513.1           -            689 8157at3041           -            269  1.6e-104  348.4   2.0   2   2   6.9e-85   1.2e-81  273.3   1.2    74   269   462   677   450   677 0.92 -
PRW45432.1           -            462 8157at3041           -            269   1.3e-23   83.0   1.4   1   3     0.037        64    2.1   0.0     6    85    16    97    11   108 0.72 -
PRW45432.1           -            462 8157at3041           -            269   1.3e-23   83.0   1.4   2   3   5.1e-23   8.8e-20   70.5   0.4    80   225   214   368   203   378 0.86 -
PRW45432.1           -            462 8157at3041           -            269   1.3e-23   83.0   1.4   3   3    0.0007       1.2    7.7   0.0   229   258   400   429   382   439 0.87 -
PRW56233.1           -            335 8157at3041           -            269   2.2e-20   72.4   1.0   1   3      0.44   7.6e+02   -1.5   0.1    23    62    56    97    33   110 0.67 -
PRW56233.1           -            335 8157at3041           -            269   2.2e-20   72.4   1.0   2   3   1.3e-23   2.2e-20   72.4   1.0    80   202   137   268   117   278 0.88 -
PRW56233.1           -            335 8157at3041           -            269   2.2e-20   72.4   1.0   3   3     0.055        95    1.5   0.0   240   265   301   326   290   330 0.87 -
PRW20650.1           -            487 8157at3041           -            269   7.7e-13   47.7   2.2   1   1   6.3e-16   1.1e-12   47.2   2.2    95   267   286   471   226   473 0.77 -
PRW55925.1           -            822 8157at3041           -            269     1e-09   37.4   0.1   1   2      0.43   7.4e+02   -1.4   0.4    63   117   109   164    77   168 0.53 -
PRW55925.1           -            822 8157at3041           -            269     1e-09   37.4   0.1   2   2   6.1e-13     1e-09   37.4   0.1   126   263   213   358   188   362 0.79 -
#
# Program:         hmmsearch
# Version:         3.1b2 (February 2015)
# Pipeline mode:   SEARCH
# Query file:      /Users/catrionaharrison/Documents/Bioinformatics/rp2/Data/genomes/busco/busco_downloads/lineages/chlorophyta_odb10/hmms/8157at3041.hmm
# Target file:     /Users/catrionaharrison/Documents/Bioinformatics/rp2/Data/genomes/busco/data/chlorella_sorokiniana.prot.fasta
# Option settings: hmmsearch --domtblout /Users/catrionaharrison/Documents/Bioinformatics/rp2/Data/genomes/busco/Busco_sorokiniana/run_chlorophyta_odb10/hmmer_output/initial_run_results/8157at3041.out --cpu 1 /Users/catrionaharrison/Documents/Bioinformatics/rp2/Data/genomes/busco/busco_downloads/lineages/chlorophyta_odb10/hmms/8157at3041.hmm /Users/catrionaharrison/Documents/Bioinformatics/rp2/Data/genomes/busco/data/chlorella_sorokiniana.prot.fasta 
# Current dir:     /Users/catrionaharrison/Documents/Bioinformatics/rp2/Data/genomes/busco
# Date:            Fri Jul 22 14:38:26 2022
# [ok]
