#                                                                            --- full sequence --- -------------- this domain -------------   hmm coord   ali coord   env coord
# target name        accession   tlen query name           accession   qlen   E-value  score  bias   #  of  c-Evalue  i-Evalue  score  bias  from    to  from    to  from    to  acc description of target
#------------------- ---------- ----- -------------------- ---------- ----- --------- ------ ----- --- --- --------- --------- ------ ----- ----- ----- ----- ----- ----- ----- ---- ---------------------
PRW59333.1           -            168 8373at3041           -             98   3.7e-45  151.4   0.4   1   1     4e-47   4.9e-45  151.0   0.4     2    96    63   159    62   161 0.95 -
PRW61521.1           -            550 8373at3041           -             98   3.4e-17   61.7  12.0   1  10     0.016         2    8.0   0.0    51    89    92   130    85   132 0.85 -
PRW61521.1           -            550 8373at3041           -             98   3.4e-17   61.7  12.0   2  10   5.1e-05    0.0064   15.9   0.2    53    91   127   165   125   167 0.91 -
PRW61521.1           -            550 8373at3041           -             98   3.4e-17   61.7  12.0   3  10     0.021       2.6    7.6   0.0    55    86   161   193   160   196 0.77 -
PRW61521.1           -            550 8373at3041           -             98   3.4e-17   61.7  12.0   4  10     0.093        11    5.5   0.0    54    91   194   231   191   237 0.86 -
PRW61521.1           -            550 8373at3041           -             98   3.4e-17   61.7  12.0   5  10   0.00047     0.058   12.9   0.1    49    88   255   294   230   298 0.77 -
PRW61521.1           -            550 8373at3041           -             98   3.4e-17   61.7  12.0   6  10      0.26        32    4.1   0.0    57    88   296   327   292   333 0.83 -
PRW61521.1           -            550 8373at3041           -             98   3.4e-17   61.7  12.0   7  10       1.9   2.4e+02    1.3   0.0    66    92   338   365   332   370 0.79 -
PRW61521.1           -            550 8373at3041           -             98   3.4e-17   61.7  12.0   8  10      0.07       8.7    5.9   0.0    57    90   402   435   398   440 0.90 -
PRW61521.1           -            550 8373at3041           -             98   3.4e-17   61.7  12.0   9  10       6.8   8.4e+02   -0.5   0.0    62    90   440   468   432   476 0.77 -
PRW61521.1           -            550 8373at3041           -             98   3.4e-17   61.7  12.0  10  10      0.84     1e+02    2.4   0.0    68    91   513   536   478   541 0.84 -
PRW58881.1           -            437 8373at3041           -             98   4.2e-17   61.4  10.9   1   9     0.056         7    6.2   0.0    55    91    15    51    13    58 0.91 -
PRW58881.1           -            437 8373at3041           -             98   4.2e-17   61.4  10.9   2   9      0.01       1.3    8.6   0.0    66    92    59    85    50    91 0.87 -
PRW58881.1           -            437 8373at3041           -             98   4.2e-17   61.4  10.9   3   9    0.0052      0.64    9.5   0.0    58    91    85   119    80   128 0.75 -
PRW58881.1           -            437 8373at3041           -             98   4.2e-17   61.4  10.9   4   9       1.6   1.9e+02    1.6   0.0    57    82   205   230   200   236 0.86 -
PRW58881.1           -            437 8373at3041           -             98   4.2e-17   61.4  10.9   5   9    0.0001     0.013   15.0   0.2    56    90   256   290   252   298 0.89 -
PRW58881.1           -            437 8373at3041           -             98   4.2e-17   61.4  10.9   6   9       3.9   4.8e+02    0.3   0.0    62    86   295   319   287   332 0.73 -
PRW58881.1           -            437 8373at3041           -             98   4.2e-17   61.4  10.9   7   9      0.18        22    4.6   0.0    69    92   335   358   322   362 0.87 -
PRW58881.1           -            437 8373at3041           -             98   4.2e-17   61.4  10.9   8   9   3.5e-05    0.0043   16.5   0.2    54    91   353   390   351   394 0.94 -
PRW58881.1           -            437 8373at3041           -             98   4.2e-17   61.4  10.9   9   9       1.9   2.3e+02    1.3   0.1    71    91   404   424   389   433 0.78 -
PRW58385.1           -            678 8373at3041           -             98   5.9e-15   54.5  16.1   1   8      0.11        14    5.2   4.4    32    90    60   124    55   129 0.71 -
PRW58385.1           -            678 8373at3041           -             98   5.9e-15   54.5  16.1   2   8     0.032         4    7.0   0.0    54    88   155   189   138   193 0.85 -
PRW58385.1           -            678 8373at3041           -             98   5.9e-15   54.5  16.1   3   8      0.39        48    3.5   0.0    58    82   192   216   187   221 0.81 -
PRW58385.1           -            678 8373at3041           -             98   5.9e-15   54.5  16.1   4   8   0.00059     0.073   12.5   0.1    54    91   222   259   217   265 0.92 -
PRW58385.1           -            678 8373at3041           -             98   5.9e-15   54.5  16.1   5   8      0.26        32    4.1   0.0    54    87   289   322   270   327 0.88 -
PRW58385.1           -            678 8373at3041           -             98   5.9e-15   54.5  16.1   6   8    0.0024       0.3   10.6   0.0    39    89   334   390   324   393 0.71 -
PRW58385.1           -            678 8373at3041           -             98   5.9e-15   54.5  16.1   7   8      0.58        71    3.0   0.0    54    92   388   425   386   435 0.87 -
PRW58385.1           -            678 8373at3041           -             98   5.9e-15   54.5  16.1   8   8     0.022       2.7    7.5   0.0    56    91   458   493   440   498 0.85 -
PRW33718.1           -            916 8373at3041           -             98   1.1e-14   53.7  16.1   1  11      0.29        35    3.9   0.0    45    78    17    51     7    68 0.72 -
PRW33718.1           -            916 8373at3041           -             98   1.1e-14   53.7  16.1   2  11       1.1   1.4e+02    2.1   0.0    56    91    63    99    59   106 0.80 -
PRW33718.1           -            916 8373at3041           -             98   1.1e-14   53.7  16.1   3  11      0.49        61    3.2   0.0    56    83    97   124    77   126 0.85 -
PRW33718.1           -            916 8373at3041           -             98   1.1e-14   53.7  16.1   4  11   4.6e-08   5.6e-06   25.7   0.9    41    91   115   165   109   169 0.92 -
PRW33718.1           -            916 8373at3041           -             98   1.1e-14   53.7  16.1   5  11       2.5   3.1e+02    0.9   0.0    54    90   227   263   196   268 0.76 -
PRW33718.1           -            916 8373at3041           -             98   1.1e-14   53.7  16.1   6  11       3.9   4.9e+02    0.3   0.0    55    80   261   286   256   293 0.79 -
PRW33718.1           -            916 8373at3041           -             98   1.1e-14   53.7  16.1   7  11     0.018       2.3    7.8   0.0    54    91   293   330   289   337 0.92 -
PRW33718.1           -            916 8373at3041           -             98   1.1e-14   53.7  16.1   8  11     0.061       7.5    6.1   0.1    54    90   359   395   333   397 0.86 -
PRW33718.1           -            916 8373at3041           -             98   1.1e-14   53.7  16.1   9  11       1.4   1.7e+02    1.8   0.0    49    77   387   415   381   420 0.84 -
PRW33718.1           -            916 8373at3041           -             98   1.1e-14   53.7  16.1  10  11         6   7.5e+02   -0.3   0.0    55    89   484   518   480   527 0.85 -
PRW33718.1           -            916 8373at3041           -             98   1.1e-14   53.7  16.1  11  11      0.27        33    4.0   0.0    54    88   625   659   615   668 0.89 -
PRW59583.1           -            448 8373at3041           -             98   1.2e-13   50.4  13.2   1   7     0.048         6    6.4   0.0    57    87   137   167   134   175 0.78 -
PRW59583.1           -            448 8373at3041           -             98   1.2e-13   50.4  13.2   2   7      0.17        21    4.6   0.0    56    91   168   205   165   211 0.79 -
PRW59583.1           -            448 8373at3041           -             98   1.2e-13   50.4  13.2   3   7    0.0019      0.23   10.9   0.0    54    92   201   239   199   243 0.91 -
PRW59583.1           -            448 8373at3041           -             98   1.2e-13   50.4  13.2   4   7    0.0028      0.34   10.4   0.0    54    90   234   270   234   275 0.92 -
PRW59583.1           -            448 8373at3041           -             98   1.2e-13   50.4  13.2   5   7    0.0084         1    8.9   0.3    56    91   269   304   266   309 0.76 -
PRW59583.1           -            448 8373at3041           -             98   1.2e-13   50.4  13.2   6   7   0.00091      0.11   11.9   0.2    56    91   302   338   301   350 0.82 -
PRW59583.1           -            448 8373at3041           -             98   1.2e-13   50.4  13.2   7   7    0.0039      0.48    9.9   0.4    53    91   367   405   352   410 0.90 -
PRW56453.1           -            340 8373at3041           -             98     4e-13   48.6   5.0   1   6     0.084        10    5.6   0.1    54    91    46    83    24    85 0.85 -
PRW56453.1           -            340 8373at3041           -             98     4e-13   48.6   5.0   2   6     0.003      0.37   10.3   0.0    54    80    79   105    77   115 0.90 -
PRW56453.1           -            340 8373at3041           -             98     4e-13   48.6   5.0   3   6   2.9e-05    0.0036   16.7   0.0    56    91   115   150   110   156 0.92 -
PRW56453.1           -            340 8373at3041           -             98     4e-13   48.6   5.0   4   6     0.043       5.3    6.6   0.0    66    88   161   183   156   193 0.86 -
PRW56453.1           -            340 8373at3041           -             98     4e-13   48.6   5.0   5   6     0.017         2    7.9   0.0    67    90   196   219   193   224 0.84 -
PRW56453.1           -            340 8373at3041           -             98     4e-13   48.6   5.0   6   6       2.6   3.2e+02    0.9   0.1    57    77   253   273   237   286 0.79 -
PRW33132.1           -            551 8373at3041           -             98   5.4e-12   45.0  11.5   1  10      0.19        23    4.5   0.1    64    87   134   157    94   162 0.80 -
PRW33132.1           -            551 8373at3041           -             98   5.4e-12   45.0  11.5   2  10     0.043       5.4    6.6   0.0    60    88   167   195   164   202 0.88 -
PRW33132.1           -            551 8373at3041           -             98   5.4e-12   45.0  11.5   3  10       6.1   7.6e+02   -0.3   0.0    64    92   208   236   199   243 0.80 -
PRW33132.1           -            551 8373at3041           -             98   5.4e-12   45.0  11.5   4  10       1.4   1.8e+02    1.7   0.0    66    87   247   268   240   274 0.87 -
PRW33132.1           -            551 8373at3041           -             98   5.4e-12   45.0  11.5   5  10       1.9   2.4e+02    1.3   0.0    70    91   288   309   282   314 0.83 -
PRW33132.1           -            551 8373at3041           -             98   5.4e-12   45.0  11.5   6  10   0.00019     0.024   14.1   0.0    43    92   336   385   328   390 0.90 -
PRW33132.1           -            551 8373at3041           -             98   5.4e-12   45.0  11.5   7  10       1.3   1.6e+02    1.8   0.0    66    88   396   418   387   425 0.85 -
PRW33132.1           -            551 8373at3041           -             98   5.4e-12   45.0  11.5   8  10     0.064       7.9    6.0   0.0    58    92   425   459   411   464 0.86 -
PRW33132.1           -            551 8373at3041           -             98   5.4e-12   45.0  11.5   9  10      0.32        39    3.8   0.0    66    90   470   494   461   500 0.85 -
PRW33132.1           -            551 8373at3041           -             98   5.4e-12   45.0  11.5  10  10       3.6   4.4e+02    0.4   0.0    58    90   499   531   487   536 0.81 -
PRW33014.1           -            375 8373at3041           -             98   8.7e-11   41.2  11.8   1   7     0.012       1.4    8.4   0.1    55    91    90   126    88   131 0.90 -
PRW33014.1           -            375 8373at3041           -             98   8.7e-11   41.2  11.8   2   7      0.27        34    4.0   0.2    57    91   125   159   124   160 0.85 -
PRW33014.1           -            375 8373at3041           -             98   8.7e-11   41.2  11.8   3   7   0.00053     0.065   12.7   0.2    54    87   155   188   133   191 0.88 -
PRW33014.1           -            375 8373at3041           -             98   8.7e-11   41.2  11.8   4   7      0.12        15    5.1   0.0    55    90   188   223   187   230 0.76 -
PRW33014.1           -            375 8373at3041           -             98   8.7e-11   41.2  11.8   5   7       0.2        25    4.4   0.1    51    87   252   288   224   294 0.76 -
PRW33014.1           -            375 8373at3041           -             98   8.7e-11   41.2  11.8   6   7       3.1   3.9e+02    0.6   0.0    60    83   294   317   285   326 0.76 -
PRW33014.1           -            375 8373at3041           -             98   8.7e-11   41.2  11.8   7   7   0.00086      0.11   12.0   0.1    56    91   324   359   320   365 0.85 -
PRW59566.1           -            827 8373at3041           -             98     1e-10   40.9   0.0   1   4    0.0014      0.17   11.4   0.0    54    90   619   655   608   660 0.93 -
PRW59566.1           -            827 8373at3041           -             98     1e-10   40.9   0.0   2   4      0.41        50    3.4   0.0    54    87   652   685   651   693 0.82 -
PRW59566.1           -            827 8373at3041           -             98     1e-10   40.9   0.0   3   4     0.015       1.9    8.0   0.0    46    90   708   754   689   755 0.73 -
PRW59566.1           -            827 8373at3041           -             98     1e-10   40.9   0.0   4   4   3.3e-05    0.0041   16.6   0.0    55    93   752   790   750   794 0.92 -
PRW58900.1           -           2059 8373at3041           -             98   1.1e-10   40.9  13.7   1   9      0.39        49    3.5   0.0    54    91   533   570   530   574 0.91 -
PRW58900.1           -           2059 8373at3041           -             98   1.1e-10   40.9  13.7   2   9      0.13        16    5.0   0.0    56    90   640   674   632   680 0.84 -
PRW58900.1           -           2059 8373at3041           -             98   1.1e-10   40.9  13.7   3   9      0.53        66    3.1   0.0    53    93   935   975   908   980 0.75 -
PRW58900.1           -           2059 8373at3041           -             98   1.1e-10   40.9  13.7   4   9      0.35        43    3.7   0.0    55    87   970  1002   967  1007 0.89 -
PRW58900.1           -           2059 8373at3041           -             98   1.1e-10   40.9  13.7   5   9       8.2     1e+03   -0.7   0.1    57    89  1328  1360  1323  1367 0.83 -
PRW58900.1           -           2059 8373at3041           -             98   1.1e-10   40.9  13.7   6   9       0.3        37    3.9   0.0    57    91  1393  1427  1389  1431 0.90 -
PRW58900.1           -           2059 8373at3041           -             98   1.1e-10   40.9  13.7   7   9     0.043       5.3    6.6   0.1    39    90  1412  1459  1405  1462 0.81 -
PRW58900.1           -           2059 8373at3041           -             98   1.1e-10   40.9  13.7   8   9      0.16        19    4.8   0.0    57    88  1459  1490  1455  1494 0.84 -
PRW58900.1           -           2059 8373at3041           -             98   1.1e-10   40.9  13.7   9   9   0.00042     0.053   13.0   0.0    57    90  1492  1525  1488  1528 0.91 -
PRW58075.1           -            441 8373at3041           -             98   1.2e-10   40.7   0.9   1   4   0.00058     0.071   12.6   0.0    54    89   103   138    89   146 0.86 -
PRW58075.1           -            441 8373at3041           -             98   1.2e-10   40.7   0.9   2   4      0.45        55    3.3   0.0    63    91   145   173   136   178 0.84 -
PRW58075.1           -            441 8373at3041           -             98   1.2e-10   40.7   0.9   3   4     0.021       2.6    7.6   0.0    54    92   169   207   167   210 0.93 -
PRW58075.1           -            441 8373at3041           -             98   1.2e-10   40.7   0.9   4   4   7.3e-05    0.0091   15.5   0.0    52    90   236   274   218   280 0.89 -
PRW50966.1           -            336 8373at3041           -             98   1.7e-10   40.2   8.1   1   5   5.6e-06   0.00069   19.0   0.2    54    91     7    44     5    46 0.95 -
PRW50966.1           -            336 8373at3041           -             98   1.7e-10   40.2   8.1   2   5      0.12        14    5.2   0.1    54    90    40    76    39    80 0.90 -
PRW50966.1           -            336 8373at3041           -             98   1.7e-10   40.2   8.1   3   5   0.00017     0.021   14.3   0.2    54    90   106   142    76   145 0.78 -
PRW50966.1           -            336 8373at3041           -             98   1.7e-10   40.2   8.1   4   5      0.34        42    3.7   0.0    58    87   177   206   168   214 0.76 -
PRW50966.1           -            336 8373at3041           -             98   1.7e-10   40.2   8.1   5   5      0.99   1.2e+02    2.2   0.0    66    91   235   260   227   265 0.87 -
PRW33536.1           -           2144 8373at3041           -             98   7.2e-09   35.0   0.7   1   4      0.14        18    4.9   0.0    54    91    16    53    11    55 0.94 -
PRW33536.1           -           2144 8373at3041           -             98   7.2e-09   35.0   0.7   2   4      0.22        27    4.3   0.1    52    89    80   117    68   124 0.89 -
PRW33536.1           -           2144 8373at3041           -             98   7.2e-09   35.0   0.7   3   4     0.012       1.5    8.4   0.0    67    91   194   218   181   225 0.89 -
PRW33536.1           -           2144 8373at3041           -             98   7.2e-09   35.0   0.7   4   4    0.0016       0.2   11.1   0.0    51    92   596   637   584   641 0.90 -
PRW57847.1           -            384 8373at3041           -             98   1.5e-08   34.0   2.0   1   4    0.0012      0.14   11.6   0.0    67    90    26    49    20    55 0.86 -
PRW57847.1           -            384 8373at3041           -             98   1.5e-08   34.0   2.0   2   4    0.0015      0.18   11.3   0.1    54    91   155   192   146   196 0.91 -
PRW57847.1           -            384 8373at3041           -             98   1.5e-08   34.0   2.0   3   4      0.42        52    3.4   0.0    57    91   191   225   189   226 0.90 -
PRW57847.1           -            384 8373at3041           -             98   1.5e-08   34.0   2.0   4   4      0.11        13    5.3   0.1    56    91   223   258   219   264 0.84 -
PRW57080.1           -            396 8373at3041           -             98   1.6e-08   33.9   9.5   1   7     0.041       5.1    6.6   0.1    63    93    38    68    26    72 0.82 -
PRW57080.1           -            396 8373at3041           -             98   1.6e-08   33.9   9.5   2   7      0.55        68    3.0   0.1    68    90    74    97    69   104 0.79 -
PRW57080.1           -            396 8373at3041           -             98   1.6e-08   33.9   9.5   3   7      0.05       6.1    6.4   0.0    56    91    96   131    92   134 0.84 -
PRW57080.1           -            396 8373at3041           -             98   1.6e-08   33.9   9.5   4   7      0.61        75    2.9   0.0    66    83   138   155   130   159 0.83 -
PRW57080.1           -            396 8373at3041           -             98   1.6e-08   33.9   9.5   5   7      0.17        22    4.6   0.2    54    91   163   200   160   204 0.88 -
PRW57080.1           -            396 8373at3041           -             98   1.6e-08   33.9   9.5   6   7      0.38        47    3.5   0.0    54    87   196   229   195   234 0.89 -
PRW57080.1           -            396 8373at3041           -             98   1.6e-08   33.9   9.5   7   7    0.0037      0.46   10.0   0.0    61    91   236   266   229   270 0.90 -
PRW60512.1           -           1708 8373at3041           -             98   2.1e-08   33.5   4.8   1   6     0.049       6.1    6.4   0.0    57    88    14    45     9    50 0.89 -
PRW60512.1           -           1708 8373at3041           -             98   2.1e-08   33.5   4.8   2   6      0.35        43    3.7   0.0    56    91   211   246   208   251 0.92 -
PRW60512.1           -           1708 8373at3041           -             98   2.1e-08   33.5   4.8   3   6       0.8        99    2.5   0.0    56    91   244   279   241   284 0.89 -
PRW60512.1           -           1708 8373at3041           -             98   2.1e-08   33.5   4.8   4   6     0.062       7.6    6.1   0.0    57    91   378   413   375   419 0.81 -
PRW60512.1           -           1708 8373at3041           -             98   2.1e-08   33.5   4.8   5   6     0.011       1.3    8.5   0.0    66    91   937   962   920   969 0.79 -
PRW60512.1           -           1708 8373at3041           -             98   2.1e-08   33.5   4.8   6   6      0.48        59    3.2   0.0    55    91   959   995   958  1002 0.87 -
PRW20701.1           -            353 8373at3041           -             98   9.1e-08   31.5   6.3   1   5     0.031       3.8    7.1   0.1    55    91    30    66     2    75 0.75 -
PRW20701.1           -            353 8373at3041           -             98   9.1e-08   31.5   6.3   2   5   0.00011     0.013   14.9   0.1    53    91    95   133    66   137 0.87 -
PRW20701.1           -            353 8373at3041           -             98   9.1e-08   31.5   6.3   3   5      0.32        40    3.8   0.0    57    92   166   201   135   213 0.87 -
PRW20701.1           -            353 8373at3041           -             98   9.1e-08   31.5   6.3   4   5       3.7   4.6e+02    0.4   0.0    57    79   263   285   260   288 0.86 -
PRW20701.1           -            353 8373at3041           -             98   9.1e-08   31.5   6.3   5   5       1.1   1.4e+02    2.0   0.1    55    86   294   326   279   332 0.75 -
PRW44628.1           -            838 8373at3041           -             98   1.3e-07   31.0   0.0   1   5    0.0014      0.17   11.4   0.0    45    79   636   670   625   677 0.86 -
PRW44628.1           -            838 8373at3041           -             98   1.3e-07   31.0   0.0   2   5      0.88   1.1e+02    2.4   0.0    64    90   689   715   679   720 0.83 -
PRW44628.1           -            838 8373at3041           -             98   1.3e-07   31.0   0.0   3   5      0.25        31    4.1   0.0    66    87   724   745   712   750 0.74 -
PRW44628.1           -            838 8373at3041           -             98   1.3e-07   31.0   0.0   4   5     0.022       2.7    7.5   0.0    54    94   745   785   742   791 0.89 -
PRW44628.1           -            838 8373at3041           -             98   1.3e-07   31.0   0.0   5   5       6.6   8.2e+02   -0.4   0.0    62    92   786   816   780   821 0.81 -
PRW56411.1           -            423 8373at3041           -             98   2.2e-07   30.2   4.9   1   4   0.00083       0.1   12.1   0.0    57    94    24    61    23    65 0.88 -
PRW56411.1           -            423 8373at3041           -             98   2.2e-07   30.2   4.9   2   4      0.23        29    4.2   0.0    66    91    67    92    57    99 0.85 -
PRW56411.1           -            423 8373at3041           -             98   2.2e-07   30.2   4.9   3   4      0.11        14    5.2   0.1    54    82   158   186   150   197 0.85 -
PRW56411.1           -            423 8373at3041           -             98   2.2e-07   30.2   4.9   4   4     0.027       3.4    7.2   0.2    57    91   227   261   208   266 0.88 -
PRW59698.1           -            579 8373at3041           -             98   2.3e-07   30.2   4.0   1   4       1.6     2e+02    1.6   0.0    58    86   354   383   342   392 0.77 -
PRW59698.1           -            579 8373at3041           -             98   2.3e-07   30.2   4.0   2   4     0.038       4.7    6.7   0.0    57    90   412   445   405   448 0.86 -
PRW59698.1           -            579 8373at3041           -             98   2.3e-07   30.2   4.0   3   4     0.036       4.4    6.8   0.1    55    92   443   483   442   486 0.79 -
PRW59698.1           -            579 8373at3041           -             98   2.3e-07   30.2   4.0   4   4   6.1e-05    0.0075   15.7   0.2    54    91   516   553   504   559 0.92 -
PRW45709.1           -            489 8373at3041           -             98   2.5e-07   30.0   9.9   1   5      0.63        78    2.8   0.3    54    91    14    54     8    60 0.80 -
PRW45709.1           -            489 8373at3041           -             98   2.5e-07   30.0   9.9   2   5      0.16        20    4.7   0.1    66    90   132   155   120   157 0.77 -
PRW45709.1           -            489 8373at3041           -             98   2.5e-07   30.0   9.9   3   5    0.0073       0.9    9.0   0.1    56    92   154   190   151   196 0.93 -
PRW45709.1           -            489 8373at3041           -             98   2.5e-07   30.0   9.9   4   5      0.13        16    5.0   0.0    55    91   186   223   185   225 0.78 -
PRW45709.1           -            489 8373at3041           -             98   2.5e-07   30.0   9.9   5   5   9.3e-05     0.011   15.1   0.0    57    91   221   256   218   261 0.85 -
PRW60553.1           -           3994 8373at3041           -             98   2.6e-07   30.0   0.9   1   4      0.21        26    4.3   0.0    62    90  3356  3384  3348  3390 0.83 -
PRW60553.1           -           3994 8373at3041           -             98   2.6e-07   30.0   0.9   2   4   0.00058     0.071   12.6   0.0    29    88  3417  3476  3412  3484 0.91 -
PRW60553.1           -           3994 8373at3041           -             98   2.6e-07   30.0   0.9   3   4      0.17        21    4.7   0.0    54    90  3543  3579  3528  3584 0.86 -
PRW60553.1           -           3994 8373at3041           -             98   2.6e-07   30.0   0.9   4   4       2.6   3.2e+02    0.9   0.0    53    87  3609  3644  3596  3651 0.77 -
PRW60552.1           -           4002 8373at3041           -             98   6.4e-07   28.8   1.8   1   4      0.21        26    4.3   0.0    62    90  3356  3384  3348  3390 0.83 -
PRW60552.1           -           4002 8373at3041           -             98   6.4e-07   28.8   1.8   2   4   0.00058     0.072   12.6   0.0    29    88  3417  3476  3412  3484 0.91 -
PRW60552.1           -           4002 8373at3041           -             98   6.4e-07   28.8   1.8   3   4      0.17        21    4.7   0.0    54    90  3543  3579  3528  3584 0.86 -
PRW60552.1           -           4002 8373at3041           -             98   6.4e-07   28.8   1.8   4   4       2.6   3.2e+02    0.9   0.0    53    87  3609  3644  3596  3651 0.77 -
PRW60551.1           -           4031 8373at3041           -             98   6.6e-07   28.7   1.8   1   4      0.22        27    4.3   0.0    62    90  3385  3413  3377  3419 0.83 -
PRW60551.1           -           4031 8373at3041           -             98   6.6e-07   28.7   1.8   2   4   0.00058     0.072   12.6   0.0    29    88  3446  3505  3441  3513 0.91 -
PRW60551.1           -           4031 8373at3041           -             98   6.6e-07   28.7   1.8   3   4      0.17        21    4.6   0.0    54    90  3572  3608  3557  3613 0.86 -
PRW60551.1           -           4031 8373at3041           -             98   6.6e-07   28.7   1.8   4   4       2.6   3.2e+02    0.9   0.0    53    87  3638  3673  3625  3680 0.77 -
PRW56961.1           -            971 8373at3041           -             98   1.6e-06   27.5   9.2   1   6      0.95   1.2e+02    2.3   0.0    65    79   210   224   194   238 0.75 -
PRW56961.1           -            971 8373at3041           -             98   1.6e-06   27.5   9.2   2   6     0.059       7.3    6.1   0.2    54    79   240   265   230   282 0.80 -
PRW56961.1           -            971 8373at3041           -             98   1.6e-06   27.5   9.2   3   6       3.8   4.7e+02    0.3   0.0    42    90   388   435   374   441 0.72 -
PRW56961.1           -            971 8373at3041           -             98   1.6e-06   27.5   9.2   4   6      0.13        16    5.0   0.0    55    91   548   584   537   591 0.85 -
PRW56961.1           -            971 8373at3041           -             98   1.6e-06   27.5   9.2   5   6    0.0027      0.34   10.4   0.1    54    87   847   880   821   892 0.78 -
PRW56961.1           -            971 8373at3041           -             98   1.6e-06   27.5   9.2   6   6       6.5     8e+02   -0.4   0.0    68    91   929   953   914   957 0.74 -
PRW59812.1           -            763 8373at3041           -             98   2.7e-06   26.8   8.3   1   6   0.00012     0.015   14.8   0.2    55    90   473   508   471   510 0.94 -
PRW59812.1           -            763 8373at3041           -             98   2.7e-06   26.8   8.3   2   6      0.63        78    2.8   0.0    58    91   509   542   507   546 0.86 -
PRW59812.1           -            763 8373at3041           -             98   2.7e-06   26.8   8.3   3   6       1.2   1.4e+02    2.0   0.0    55    87   539   572   538   577 0.82 -
PRW59812.1           -            763 8373at3041           -             98   2.7e-06   26.8   8.3   4   6     0.054       6.6    6.3   0.1    56    89   574   607   570   612 0.84 -
PRW59812.1           -            763 8373at3041           -             98   2.7e-06   26.8   8.3   5   6       1.3   1.6e+02    1.9   0.0    54    91   638   675   637   681 0.88 -
PRW59812.1           -            763 8373at3041           -             98   2.7e-06   26.8   8.3   6   6       2.2   2.8e+02    1.1   0.0    55    91   672   708   671   712 0.82 -
PRW56655.1           -           2248 8373at3041           -             98   3.5e-06   26.4  15.2   1   6     0.014       1.7    8.1   0.1    54    83    29    58    26    74 0.77 -
PRW56655.1           -           2248 8373at3041           -             98   3.5e-06   26.4  15.2   2   6      0.29        36    3.9   0.5    54    90   100   136    67   143 0.84 -
PRW56655.1           -           2248 8373at3041           -             98   3.5e-06   26.4  15.2   3   6     0.019       2.3    7.7   0.1    54    92   167   205   152   210 0.91 -
PRW56655.1           -           2248 8373at3041           -             98   3.5e-06   26.4  15.2   4   6     0.011       1.4    8.4   0.0    50    91   255   297   229   301 0.80 -
PRW56655.1           -           2248 8373at3041           -             98   3.5e-06   26.4  15.2   5   6       3.2   3.9e+02    0.6   0.0    54    92   327   368   293   374 0.68 -
PRW56655.1           -           2248 8373at3041           -             98   3.5e-06   26.4  15.2   6   6       4.2   5.1e+02    0.2   0.0    64    90   406   432   396   438 0.83 -
PRW60055.1           -            435 8373at3041           -             98   4.2e-06   26.2   4.0   1   6       5.1   6.3e+02   -0.1   0.0    51    78    62    89    52   105 0.72 -
PRW60055.1           -            435 8373at3041           -             98   4.2e-06   26.2   4.0   2   6       2.4     3e+02    1.0   0.0    63    91   110   138    65   143 0.68 -
PRW60055.1           -            435 8373at3041           -             98   4.2e-06   26.2   4.0   3   6   0.00021     0.026   14.0   0.0    54    91   168   205   165   210 0.89 -
PRW60055.1           -            435 8373at3041           -             98   4.2e-06   26.2   4.0   4   6       4.4   5.4e+02    0.1   0.0    51    76   302   327   292   343 0.73 -
PRW60055.1           -            435 8373at3041           -             98   4.2e-06   26.2   4.0   5   6       3.1   3.9e+02    0.6   0.0    64    90   351   377   305   383 0.72 -
PRW60055.1           -            435 8373at3041           -             98   4.2e-06   26.2   4.0   6   6      0.46        56    3.3   0.0    54    76   408   430   405   433 0.90 -
PRW32541.1           -            627 8373at3041           -             98   4.7e-06   26.0   5.4   1   5       0.1        13    5.3   0.1    57    89   249   281   213   288 0.80 -
PRW32541.1           -            627 8373at3041           -             98   4.7e-06   26.0   5.4   2   5       3.2   3.9e+02    0.6   0.0    54    78   346   370   331   385 0.87 -
PRW32541.1           -            627 8373at3041           -             98   4.7e-06   26.0   5.4   3   5     0.096        12    5.5   0.1    54    87   413   446   380   461 0.87 -
PRW32541.1           -            627 8373at3041           -             98   4.7e-06   26.0   5.4   4   5     0.056       6.9    6.2   0.0    49    85   505   541   490   546 0.79 -
PRW32541.1           -            627 8373at3041           -             98   4.7e-06   26.0   5.4   5   5      0.33        41    3.7   0.0    57    80   546   569   541   590 0.70 -
PRW57890.1           -            405 8373at3041           -             98   5.4e-06   25.8   0.2   1   2   1.8e-05    0.0022   17.4   0.0    53    88    44    79    30    87 0.87 -
PRW57890.1           -            405 8373at3041           -             98   5.4e-06   25.8   0.2   2   2     0.066       8.1    6.0   0.0    57    92    81   116    78   122 0.85 -
PRW57889.1           -            411 8373at3041           -             98   5.7e-06   25.7   0.2   1   2   1.8e-05    0.0022   17.4   0.0    53    88    44    79    30    87 0.87 -
PRW57889.1           -            411 8373at3041           -             98   5.7e-06   25.7   0.2   2   2     0.067       8.3    6.0   0.0    57    92    81   116    78   122 0.85 -
PRW50850.1           -            391 8373at3041           -             98   1.7e-05   24.2   0.5   1   2   0.00034     0.042   13.3   0.2    54    91    33    70    28    72 0.92 -
PRW50850.1           -            391 8373at3041           -             98   1.7e-05   24.2   0.5   2   2    0.0004      0.05   13.1   0.0    54    91    66   103    64   110 0.91 -
PRW57831.1           -            966 8373at3041           -             98   2.3e-05   23.8   0.2   1   2     0.053       6.5    6.3   0.0    54    83    47    78    15    87 0.79 -
PRW57831.1           -            966 8373at3041           -             98   2.3e-05   23.8   0.2   2   2   7.2e-05    0.0089   15.5   0.0    57    92    84   119    80   121 0.84 -
PRW57507.1           -            292 8373at3041           -             98   2.9e-05   23.4   0.4   1   2    0.0011      0.13   11.7   0.0    57    90   197   230   193   235 0.87 -
PRW57507.1           -            292 8373at3041           -             98   2.9e-05   23.4   0.4   2   2    0.0064      0.79    9.2   0.2    66    90   239   263   229   268 0.86 -
PRW58006.1           -            264 8373at3041           -             98   2.9e-05   23.4   3.6   1   5      0.52        64    3.1   0.0    54    90    12    48     8    51 0.89 -
PRW58006.1           -            264 8373at3041           -             98   2.9e-05   23.4   3.6   2   5     0.035       4.3    6.9   0.0    58    92    49    83    45    87 0.83 -
PRW58006.1           -            264 8373at3041           -             98   2.9e-05   23.4   3.6   3   5    0.0091       1.1    8.7   0.1    56    90    80   114    78   121 0.89 -
PRW58006.1           -            264 8373at3041           -             98   2.9e-05   23.4   3.6   4   5       4.3   5.3e+02    0.2   0.0    66    90   130   155   126   157 0.81 -
PRW58006.1           -            264 8373at3041           -             98   2.9e-05   23.4   3.6   5   5     0.049         6    6.4   0.0    53    81   152   180   143   197 0.83 -
PRW39258.1           -           1851 8373at3041           -             98   3.5e-05   23.2   0.8   1   3   0.00098      0.12   11.8   0.1    30    87  1586  1649  1567  1661 0.74 -
PRW39258.1           -           1851 8373at3041           -             98   3.5e-05   23.2   0.8   2   3       1.9   2.3e+02    1.3   0.0    53    91  1683  1721  1674  1728 0.86 -
PRW39258.1           -           1851 8373at3041           -             98   3.5e-05   23.2   0.8   3   3      0.16        20    4.8   0.0    56    93  1719  1757  1715  1759 0.82 -
PRW20824.1           -            171 8373at3041           -             98     6e-05   22.5   0.1   1   2    0.0017      0.21   11.1   0.0    43    87    39    83    22    87 0.88 -
PRW20824.1           -            171 8373at3041           -             98     6e-05   22.5   0.1   2   2     0.027       3.4    7.2   0.0    53    90   115   152    87   155 0.74 -
PRW33750.1           -            332 8373at3041           -             98   8.8e-05   21.9   2.5   1   4     0.037       4.6    6.8   0.0    64    92   130   158   105   161 0.85 -
PRW33750.1           -            332 8373at3041           -             98   8.8e-05   21.9   2.5   2   4      0.25        31    4.1   0.1    56    91   155   190   153   194 0.89 -
PRW33750.1           -            332 8373at3041           -             98   8.8e-05   21.9   2.5   3   4     0.015       1.9    8.0   0.0    54    91   219   256   207   258 0.94 -
PRW33750.1           -            332 8373at3041           -             98   8.8e-05   21.9   2.5   4   4      0.61        75    2.9   0.0    32    69   277   313   262   317 0.79 -
PRW45505.1           -            420 8373at3041           -             98   0.00011   21.7   1.1   1   2     0.015       1.9    8.0   0.0    56    91   179   214   174   220 0.90 -
PRW45505.1           -            420 8373at3041           -             98   0.00011   21.7   1.1   2   2    0.0012      0.15   11.5   0.0    56    95   212   251   210   254 0.87 -
PRW58247.1           -            562 8373at3041           -             98   0.00013   21.4   0.0   1   4         2   2.4e+02    1.3   0.0    44    75     4    34     1    48 0.82 -
PRW58247.1           -            562 8373at3041           -             98   0.00013   21.4   0.0   2   4       3.7   4.6e+02    0.4   0.0    57    88    50    81    45    86 0.82 -
PRW58247.1           -            562 8373at3041           -             98   0.00013   21.4   0.0   3   4   0.00061     0.075   12.5   0.0    59    92    85   118    79   124 0.88 -
PRW58247.1           -            562 8373at3041           -             98   0.00013   21.4   0.0   4   4       3.1   3.8e+02    0.6   0.0    70    90   130   150   126   153 0.88 -
PRW59026.1           -            490 8373at3041           -             98   0.00016   21.1   0.7   1   2     0.063       7.8    6.0   0.1    60    91    20    52    12    53 0.88 -
PRW59026.1           -            490 8373at3041           -             98   0.00016   21.1   0.7   2   2   2.6e-05    0.0032   16.9   0.1    54    90    48    84    47    86 0.94 -
PRW18334.1           -            257 8373at3041           -             98   0.00017   21.0   2.8   1   2   0.00075     0.093   12.2   0.1    54    90   141   177   123   182 0.92 -
PRW18334.1           -            257 8373at3041           -             98   0.00017   21.0   2.8   2   2    0.0085       1.1    8.8   0.0    57    90   177   210   174   217 0.83 -
PRW57737.1           -            294 8373at3041           -             98   0.00018   20.9   0.7   1   4      0.64        79    2.8   0.0    56    91    60    95    28    97 0.88 -
PRW57737.1           -            294 8373at3041           -             98   0.00018   20.9   0.7   2   4      0.95   1.2e+02    2.3   0.0    54    89    91   127    62   135 0.69 -
PRW57737.1           -            294 8373at3041           -             98   0.00018   20.9   0.7   3   4    0.0015      0.19   11.2   0.2    53    92   157   196   139   199 0.92 -
PRW57737.1           -            294 8373at3041           -             98   0.00018   20.9   0.7   4   4       1.6     2e+02    1.5   0.0    56    89   234   267   211   272 0.59 -
PRW21035.1           -            762 8373at3041           -             98    0.0002   20.7   0.0   1   3       7.5   9.2e+02   -0.6   0.0    66    88    63    87    47    93 0.71 -
PRW21035.1           -            762 8373at3041           -             98    0.0002   20.7   0.0   2   3    0.0016       0.2   11.1   0.0    60    91   119   150   112   155 0.83 -
PRW21035.1           -            762 8373at3041           -             98    0.0002   20.7   0.0   3   3      0.27        33    4.0   0.0    66    88   164   186   159   192 0.87 -
PRW21036.1           -            780 8373at3041           -             98   0.00022   20.6   0.0   1   3       7.7   9.5e+02   -0.6   0.0    66    88    63    87    47    93 0.71 -
PRW21036.1           -            780 8373at3041           -             98   0.00022   20.6   0.0   2   3    0.0017      0.21   11.1   0.0    60    91   119   150   112   155 0.83 -
PRW21036.1           -            780 8373at3041           -             98   0.00022   20.6   0.0   3   3      0.27        34    4.0   0.0    66    88   164   186   159   192 0.87 -
PRW56279.1           -           1146 8373at3041           -             98   0.00032   20.1   1.1   1   3     0.023       2.8    7.5   0.0    67    90   965   988   949   991 0.81 -
PRW56279.1           -           1146 8373at3041           -             98   0.00032   20.1   1.1   2   3     0.031       3.8    7.0   0.1    55    81  1021  1048  1007  1061 0.83 -
PRW56279.1           -           1146 8373at3041           -             98   0.00032   20.1   1.1   3   3       2.3   2.8e+02    1.1   0.0    66    90  1068  1092  1058  1098 0.85 -
PRW33587.1           -            277 8373at3041           -             98   0.00044   19.7   2.1   1   4    0.0027      0.33   10.4   0.1    57    90     6    39     1    46 0.85 -
PRW33587.1           -            277 8373at3041           -             98   0.00044   19.7   2.1   2   4         2   2.5e+02    1.2   0.0    58    95    40    77    35    80 0.80 -
PRW33587.1           -            277 8373at3041           -             98   0.00044   19.7   2.1   3   4      0.12        15    5.1   0.0    54    86   103   136    91   143 0.79 -
PRW33587.1           -            277 8373at3041           -             98   0.00044   19.7   2.1   4   4       8.7   1.1e+03   -0.8   0.0    54    73   176   195   171   200 0.88 -
PRW57961.1           -            811 8373at3041           -             98    0.0007   19.0   0.1   1   2    0.0066      0.81    9.2   0.0    54    90   149   185   146   191 0.91 -
PRW57961.1           -            811 8373at3041           -             98    0.0007   19.0   0.1   2   2     0.033         4    7.0   0.0    60    93   187   221   181   225 0.76 -
PRW56241.1           -            225 8373at3041           -             98   0.00092   18.6   0.9   1   2     0.002      0.25   10.8   0.3    38    87    68   117    53   123 0.89 -
PRW56241.1           -            225 8373at3041           -             98   0.00092   18.6   0.9   2   2     0.064       7.9    6.0   0.0    56    91   154   189   139   196 0.85 -
PRW56242.1           -            225 8373at3041           -             98   0.00092   18.6   0.9   1   2     0.002      0.25   10.8   0.3    38    87    68   117    53   123 0.89 -
PRW56242.1           -            225 8373at3041           -             98   0.00092   18.6   0.9   2   2     0.064       7.9    6.0   0.0    56    91   154   189   139   196 0.85 -
PRW58347.1           -            529 8373at3041           -             98    0.0011   18.4   0.2   1   3      0.65        81    2.8   0.0    65    90   382   407   369   413 0.75 -
PRW58347.1           -            529 8373at3041           -             98    0.0011   18.4   0.2   2   3     0.012       1.5    8.3   0.0    65    90   427   452   420   458 0.84 -
PRW58347.1           -            529 8373at3041           -             98    0.0011   18.4   0.2   3   3       1.5   1.9e+02    1.6   0.0    67    90   483   506   478   511 0.87 -
PRW55904.1           -            251 8373at3041           -             98    0.0013   18.1   0.1   1   4       7.4   9.2e+02   -0.6   0.0    68    79    24    35    18    55 0.64 -
PRW55904.1           -            251 8373at3041           -             98    0.0013   18.1   0.1   2   4       5.8   7.1e+02   -0.2   0.0    67    83    57    73    41    89 0.73 -
PRW55904.1           -            251 8373at3041           -             98    0.0013   18.1   0.1   3   4   0.00052     0.064   12.7   0.0    64    90    99   125    79   131 0.88 -
PRW55904.1           -            251 8373at3041           -             98    0.0013   18.1   0.1   4   4       7.2   8.9e+02   -0.6   0.0    66    77   143   154   137   160 0.76 -
PRW57708.1           -            157 8373at3041           -             98    0.0014   18.1   0.1   1   2    0.0006     0.074   12.5   0.0    54    88    68   102    48   108 0.87 -
PRW57708.1           -            157 8373at3041           -             98    0.0014   18.1   0.1   2   2      0.25        31    4.1   0.0    62    88   109   135   101   141 0.77 -
PRW33205.1           -            253 8373at3041           -             98    0.0014   18.0   2.0   1   4       1.2   1.5e+02    1.9   0.1    70    91    56    77    51    84 0.90 -
PRW33205.1           -            253 8373at3041           -             98    0.0014   18.0   2.0   2   4   0.00088      0.11   12.0   0.2    48    88   110   150    76   156 0.65 -
PRW33205.1           -            253 8373at3041           -             98    0.0014   18.0   2.0   3   4       8.3     1e+03   -0.8   0.0    66    89   165   188   161   196 0.79 -
PRW33205.1           -            253 8373at3041           -             98    0.0014   18.0   2.0   4   4       5.2   6.4e+02   -0.1   0.0    65    91   202   228   194   232 0.82 -
PRW50750.1           -            534 8373at3041           -             98     0.002   17.6   1.0   1   3     0.003      0.37   10.3   0.1    57    91    50    84    38    89 0.90 -
PRW50750.1           -            534 8373at3041           -             98     0.002   17.6   1.0   2   3       1.4   1.7e+02    1.8   0.0    57    84   117   144   111   159 0.84 -
PRW50750.1           -            534 8373at3041           -             98     0.002   17.6   1.0   3   3       1.5   1.9e+02    1.6   0.0    56    78   156   178   148   194 0.79 -
PRW32544.1           -            433 8373at3041           -             98    0.0023   17.4   0.5   1   4       4.4   5.4e+02    0.1   0.0    66    78   147   159   135   167 0.79 -
PRW32544.1           -            433 8373at3041           -             98    0.0023   17.4   0.5   2   4     0.034       4.2    6.9   0.1    57    91   199   233   191   235 0.88 -
PRW32544.1           -            433 8373at3041           -             98    0.0023   17.4   0.5   3   4      0.11        14    5.2   0.0    53    89   228   264   227   277 0.89 -
PRW32544.1           -            433 8373at3041           -             98    0.0023   17.4   0.5   4   4       1.5   1.8e+02    1.7   0.0    31    94   304   367   299   371 0.80 -
PRW59808.1           -            958 8373at3041           -             98    0.0041   16.6   5.6   1   5         4   4.9e+02    0.3   0.0    54    77   645   668   616   674 0.88 -
PRW59808.1           -            958 8373at3041           -             98    0.0041   16.6   5.6   2   5         4     5e+02    0.2   0.0    54    91   690   728   680   732 0.86 -
PRW59808.1           -            958 8373at3041           -             98    0.0041   16.6   5.6   3   5    0.0076      0.94    9.0   0.3    55    93   758   797   751   802 0.85 -
PRW59808.1           -            958 8373at3041           -             98    0.0041   16.6   5.6   4   5      0.39        49    3.5   0.1    54    90   791   828   789   832 0.85 -
PRW59808.1           -            958 8373at3041           -             98    0.0041   16.6   5.6   5   5      0.38        47    3.5   0.0    68    91   840   863   834   867 0.90 -
PRW44936.1           -            520 8373at3041           -             98    0.0056   16.1   0.5   1   2    0.0067      0.83    9.2   0.0    56    87     1    32     1    38 0.88 -
PRW44936.1           -            520 8373at3041           -             98    0.0056   16.1   0.5   2   2      0.27        34    4.0   0.1    68    92    67    91    59    97 0.82 -
PRW57671.1           -            530 8373at3041           -             98     0.008   15.6   0.6   1   3      0.15        18    4.9   0.0    57    82    14    39    12    54 0.76 -
PRW57671.1           -            530 8373at3041           -             98     0.008   15.6   0.6   2   3       1.2   1.4e+02    2.0   0.0    58    88    48    79    43    86 0.71 -
PRW57671.1           -            530 8373at3041           -             98     0.008   15.6   0.6   3   3     0.058       7.2    6.1   0.0    65    93    88   116    75   119 0.85 -
PRW59036.1           -            670 8373at3041           -             98    0.0082   15.6   1.4   1   2     0.039       4.8    6.7   0.1    57    86   419   448   414   450 0.90 -
PRW59036.1           -            670 8373at3041           -             98    0.0082   15.6   1.4   2   2     0.024         3    7.4   0.0    54    90   449   485   447   488 0.81 -
PRW57578.1           -            325 8373at3041           -             98    0.0083   15.6   0.0   1   1   0.00048     0.059   12.8   0.0    47    91    79   123    71   127 0.88 -
PRW59272.1           -           1372 8373at3041           -             98     0.014   14.9   0.1   1   3       0.1        13    5.3   0.0    54    92   562   600   527   603 0.74 -
PRW59272.1           -           1372 8373at3041           -             98     0.014   14.9   0.1   2   3       2.7   3.4e+02    0.8   0.0    63    78   643   658   631   678 0.70 -
PRW59272.1           -           1372 8373at3041           -             98     0.014   14.9   0.1   3   3      0.56        70    3.0   0.1    65    87   680   702   666   706 0.82 -
PRW57988.1           -           1088 8373at3041           -             98     0.016   14.7   1.3   1   3      0.89   1.1e+02    2.4   0.0    57    84   839   864   835   874 0.72 -
PRW57988.1           -           1088 8373at3041           -             98     0.016   14.7   1.3   2   3       1.5   1.8e+02    1.7   0.1    64    81   919   936   892   948 0.79 -
PRW57988.1           -           1088 8373at3041           -             98     0.016   14.7   1.3   3   3     0.027       3.3    7.2   0.0    57    92   948   983   943   987 0.90 -
PRW33654.1           -            760 8373at3041           -             98     0.016   14.6   0.3   1   3      0.49        60    3.2   0.0    57    92    53    89    50    92 0.90 -
PRW33654.1           -            760 8373at3041           -             98     0.016   14.6   0.3   2   3      0.12        15    5.1   0.0    66    91   288   313   284   317 0.90 -
PRW33654.1           -            760 8373at3041           -             98     0.016   14.6   0.3   3   3       2.7   3.3e+02    0.8   0.0    67    87   336   356   332   361 0.86 -
PRW45735.1           -            782 8373at3041           -             98     0.019   14.4   0.8   1   2    0.0047      0.58    9.7   0.1    38    80   134   176   119   189 0.89 -
PRW45735.1           -            782 8373at3041           -             98     0.019   14.4   0.8   2   2       1.2   1.4e+02    2.0   0.0    55    76   273   293   269   299 0.82 -
PRW45093.1           -            176 8373at3041           -             98      0.02   14.4   0.0   1   2      0.97   1.2e+02    2.2   0.0    66    91    71    96    57   101 0.73 -
PRW45093.1           -            176 8373at3041           -             98      0.02   14.4   0.0   2   2    0.0024      0.29   10.6   0.0    58    92    96   130    91   135 0.84 -
PRW33315.1           -            657 8373at3041           -             98     0.022   14.2   1.0   1   2    0.0046      0.56    9.7   0.0    57    90    51    84    46    90 0.91 -
PRW33315.1           -            657 8373at3041           -             98     0.022   14.2   1.0   2   2       3.3   4.1e+02    0.5   0.0    56    92   244   282   239   298 0.79 -
PRW45403.1           -            739 8373at3041           -             98     0.024   14.1   0.1   1   3      0.62        77    2.8   0.1    54    88   285   319   281   323 0.84 -
PRW45403.1           -            739 8373at3041           -             98     0.024   14.1   0.1   2   3      0.61        76    2.9   0.0    30    90   333   393   329   397 0.88 -
PRW45403.1           -            739 8373at3041           -             98     0.024   14.1   0.1   3   3       1.1   1.3e+02    2.1   0.0    45    80   432   468   423   482 0.69 -
PRW45693.1           -            565 8373at3041           -             98     0.025   14.0   0.0   1   2     0.082        10    5.7   0.0    53    93   362   402   350   407 0.85 -
PRW45693.1           -            565 8373at3041           -             98     0.025   14.0   0.0   2   2     0.074       9.1    5.8   0.0    66    92   410   436   403   442 0.84 -
PRW45402.1           -            741 8373at3041           -             98     0.026   14.0   0.1   1   3      0.63        77    2.8   0.1    54    88   287   321   283   325 0.84 -
PRW45402.1           -            741 8373at3041           -             98     0.026   14.0   0.1   2   3      0.62        76    2.9   0.0    30    90   335   395   331   399 0.88 -
PRW45402.1           -            741 8373at3041           -             98     0.026   14.0   0.1   3   3       1.1   1.3e+02    2.1   0.0    45    80   434   470   425   484 0.69 -
PRW57268.1           -            664 8373at3041           -             98     0.028   13.9   0.0   1   3         1   1.2e+02    2.2   0.0    69    94   130   155   126   159 0.88 -
PRW57268.1           -            664 8373at3041           -             98     0.028   13.9   0.0   2   3      0.14        17    4.9   0.0    56    92   150   186   148   192 0.86 -
PRW57268.1           -            664 8373at3041           -             98     0.028   13.9   0.0   3   3      0.33        41    3.7   0.0    66    88   197   219   187   226 0.86 -
PRW59066.1           -           2459 8373at3041           -             98     0.032   13.7   0.1   1   1   0.00089      0.11   12.0   0.1    50    90   276   316   239   323 0.88 -
PRW59067.1           -           2459 8373at3041           -             98     0.032   13.7   0.1   1   1   0.00089      0.11   12.0   0.1    50    90   276   316   239   323 0.88 -
PRW33323.1           -            658 8373at3041           -             98     0.047   13.1   0.2   1   2       1.1   1.4e+02    2.0   0.0    67    88   127   148   118   155 0.84 -
PRW33323.1           -            658 8373at3041           -             98     0.047   13.1   0.2   2   2    0.0091       1.1    8.7   0.0    57    95   154   192   146   194 0.84 -
PRW56085.1           -            530 8373at3041           -             98     0.048   13.1   0.0   1   1    0.0019      0.24   10.9   0.0    55    88    50    84    42    94 0.83 -
PRW33038.1           -           1372 8373at3041           -             98     0.053   13.0   2.4   1   3       6.2   7.7e+02   -0.4   0.0    54    91   581   619   569   630 0.85 -
PRW33038.1           -           1372 8373at3041           -             98     0.053   13.0   2.4   2   3     0.094        12    5.5   0.0    54    90   648   684   633   690 0.87 -
PRW33038.1           -           1372 8373at3041           -             98     0.053   13.0   2.4   3   3      0.19        24    4.5   0.6    54    93   714   753   699   758 0.88 -
PRW20634.1           -            626 8373at3041           -             98     0.058   12.9   0.1   1   1     0.002      0.24   10.9   0.0    54    90   356   392   327   396 0.91 -
PRW61238.1           -            542 8373at3041           -             98     0.069   12.6   0.0   1   1    0.0012      0.15   11.5   0.0    51    91    43    83    36    88 0.94 -
PRW57617.1           -            246 8373at3041           -             98     0.073   12.5   0.1   1   2     0.055       6.8    6.2   0.0    54    80    54    80    35    93 0.82 -
PRW57617.1           -            246 8373at3041           -             98     0.073   12.5   0.1   2   2      0.77        95    2.6   0.0    54    79   147   172   118   180 0.78 -
PRW60479.1           -            195 8373at3041           -             98     0.074   12.5   1.4   1   2      0.17        21    4.7   0.1    52    81    27    56     7    63 0.85 -
PRW60479.1           -            195 8373at3041           -             98     0.074   12.5   1.4   2   2     0.086        11    5.6   0.0    54    82    77   105    74   118 0.87 -
PRW56966.1           -           2746 8373at3041           -             98     0.077   12.5   0.9   1   2       4.8   5.9e+02    0.0   0.2    55    94  1655  1698  1641  1700 0.75 -
PRW56966.1           -           2746 8373at3041           -             98     0.077   12.5   0.9   2   2    0.0045      0.56    9.7   0.0    54    92  1724  1762  1712  1769 0.93 -
PRW56848.1           -            459 8373at3041           -             98      0.17   11.4   3.0   1   3      0.52        64    3.1   0.0    66    91     2    27     1    31 0.87 -
PRW56848.1           -            459 8373at3041           -             98      0.17   11.4   3.0   2   3       1.4   1.7e+02    1.8   0.1    50    77   223   250   195   260 0.75 -
PRW56848.1           -            459 8373at3041           -             98      0.17   11.4   3.0   3   3       0.4        50    3.5   0.1    55    89   345   379   343   386 0.87 -
PRW20575.1           -           1353 8373at3041           -             98      0.39   10.2   4.7   1   5      0.62        76    2.9   0.0    51    88    52    89    41   101 0.87 -
PRW20575.1           -           1353 8373at3041           -             98      0.39   10.2   4.7   2   5       8.3     1e+03   -0.8   0.0    58    90    92   124    87   126 0.81 -
PRW20575.1           -           1353 8373at3041           -             98      0.39   10.2   4.7   3   5       1.8   2.2e+02    1.4   0.1    54    91   317   354   315   359 0.87 -
PRW20575.1           -           1353 8373at3041           -             98      0.39   10.2   4.7   4   5       1.7   2.1e+02    1.5   0.1    42    79   338   375   326   389 0.76 -
PRW20575.1           -           1353 8373at3041           -             98      0.39   10.2   4.7   5   5      0.78        96    2.5   0.0    68    91   411   434   406   462 0.92 -
#
# Program:         hmmsearch
# Version:         3.1b2 (February 2015)
# Pipeline mode:   SEARCH
# Query file:      /Users/catrionaharrison/Documents/Bioinformatics/rp2/Data/genomes/busco/busco_downloads/lineages/chlorophyta_odb10/hmms/8373at3041.hmm
# Target file:     /Users/catrionaharrison/Documents/Bioinformatics/rp2/Data/genomes/busco/data/chlorella_sorokiniana.prot.fasta
# Option settings: hmmsearch --domtblout /Users/catrionaharrison/Documents/Bioinformatics/rp2/Data/genomes/busco/Busco_sorokiniana/run_chlorophyta_odb10/hmmer_output/initial_run_results/8373at3041.out --cpu 1 /Users/catrionaharrison/Documents/Bioinformatics/rp2/Data/genomes/busco/busco_downloads/lineages/chlorophyta_odb10/hmms/8373at3041.hmm /Users/catrionaharrison/Documents/Bioinformatics/rp2/Data/genomes/busco/data/chlorella_sorokiniana.prot.fasta 
# Current dir:     /Users/catrionaharrison/Documents/Bioinformatics/rp2/Data/genomes/busco
# Date:            Fri Jul 22 14:38:58 2022
# [ok]
