#                                                                            --- full sequence --- -------------- this domain -------------   hmm coord   ali coord   env coord
# target name        accession   tlen query name           accession   qlen   E-value  score  bias   #  of  c-Evalue  i-Evalue  score  bias  from    to  from    to  from    to  acc description of target
#------------------- ---------- ----- -------------------- ---------- ----- --------- ------ ----- --- --- --------- --------- ------ ----- ----- ----- ----- ----- ----- ----- ---- ---------------------
PRW20613.1           -            284 9476at3041           -            133   1.2e-56  189.7   3.8   1   1   3.5e-58   3.7e-56  188.1   3.8     1   133   123   269   123   269 0.91 -
PRW60512.1           -           1708 9476at3041           -            133   9.5e-30  102.7   6.6   1  11     0.059       6.3    6.1   0.0    41    95    27    83     5   100 0.73 -
PRW60512.1           -           1708 9476at3041           -            133   9.5e-30  102.7   6.6   2  11       4.2   4.5e+02    0.2   0.0    54    76   171   193   165   223 0.69 -
PRW60512.1           -           1708 9476at3041           -            133   9.5e-30  102.7   6.6   3  11      0.88        94    2.3   0.0    56    80   207   231   200   234 0.88 -
PRW60512.1           -           1708 9476at3041           -            133   9.5e-30  102.7   6.6   4  11   3.5e-05    0.0038   16.6   0.0    46    98   230   282   226   294 0.82 -
PRW60512.1           -           1708 9476at3041           -            133   9.5e-30  102.7   6.6   5  11   6.9e-05    0.0074   15.6   0.0    54   105   304   356   300   361 0.89 -
PRW60512.1           -           1708 9476at3041           -            133   9.5e-30  102.7   6.6   6  11   8.4e-05     0.009   15.4   0.0    42   102   359   420   349   427 0.81 -
PRW60512.1           -           1708 9476at3041           -            133   9.5e-30  102.7   6.6   7  11    0.0076      0.81    9.0   0.0    53    94   404   445   396   462 0.87 -
PRW60512.1           -           1708 9476at3041           -            133   9.5e-30  102.7   6.6   8  11      0.15        16    4.8   0.0    45    86   429   472   427   496 0.78 -
PRW60512.1           -           1708 9476at3041           -            133   9.5e-30  102.7   6.6   9  11       4.6   4.9e+02    0.0   0.0    41    73   460   494   447   527 0.60 -
PRW60512.1           -           1708 9476at3041           -            133   9.5e-30  102.7   6.6  10  11   1.5e-05    0.0016   17.8   0.0    43    92   531   580   505   590 0.86 -
PRW60512.1           -           1708 9476at3041           -            133   9.5e-30  102.7   6.6  11  11   0.00021     0.022   14.1   0.1    34   101   933  1001   920  1010 0.81 -
PRW33718.1           -            916 9476at3041           -            133   4.6e-27   94.0  17.3   1  12    0.0054      0.58    9.5   0.2    42    89    78   126    65   127 0.83 -
PRW33718.1           -            916 9476at3041           -            133   4.6e-27   94.0  17.3   2  12   8.8e-07   9.4e-05   21.8   0.4    53    94   123   164   116   177 0.89 -
PRW33718.1           -            916 9476at3041           -            133   4.6e-27   94.0  17.3   3  12   0.00084      0.09   12.1   0.1    42    84   179   221   169   224 0.90 -
PRW33718.1           -            916 9476at3041           -            133   4.6e-27   94.0  17.3   4  12      0.08       8.5    5.7   0.0    52    84   221   253   219   270 0.86 -
PRW33718.1           -            916 9476at3041           -            133   4.6e-27   94.0  17.3   5  12    0.0048      0.52    9.7   0.0    44    94   246   296   243   309 0.83 -
PRW33718.1           -            916 9476at3041           -            133   4.6e-27   94.0  17.3   6  12    0.0026      0.28   10.5   0.0    36    93   271   328   261   334 0.91 -
PRW33718.1           -            916 9476at3041           -            133   4.6e-27   94.0  17.3   7  12     0.067       7.2    6.0   0.0    51    94   319   362   307   374 0.83 -
PRW33718.1           -            916 9476at3041           -            133   4.6e-27   94.0  17.3   8  12   0.00092     0.098   12.0   0.1    47    95   348   396   336   405 0.84 -
PRW33718.1           -            916 9476at3041           -            133   4.6e-27   94.0  17.3   9  12   0.00038      0.04   13.2   0.1    42    91   376   425   370   446 0.88 -
PRW33718.1           -            916 9476at3041           -            133   4.6e-27   94.0  17.3  10  12       1.7   1.8e+02    1.4   0.1    54    81   424   451   409   462 0.79 -
PRW33718.1           -            916 9476at3041           -            133   4.6e-27   94.0  17.3  11  12     0.033       3.6    6.9   0.0    50    93   475   518   462   529 0.85 -
PRW33718.1           -            916 9476at3041           -            133   4.6e-27   94.0  17.3  12  12   0.00087     0.094   12.1   0.0    54    91   621   658   615   673 0.91 -
PRW61521.1           -            550 9476at3041           -            133   1.1e-25   89.5  11.4   1   8   1.5e-06   0.00016   21.0   0.6    19    96    81   166    73   168 0.86 -
PRW61521.1           -            550 9476at3041           -            133   1.1e-25   89.5  11.4   2   8   2.9e-06   0.00031   20.1   0.0    48   103   151   206   149   219 0.85 -
PRW61521.1           -            550 9476at3041           -            133   1.1e-25   89.5  11.4   3   8    0.0071      0.76    9.1   0.0    42    98   211   267   203   278 0.88 -
PRW61521.1           -            550 9476at3041           -            133   1.1e-25   89.5  11.4   4   8    0.0044      0.47    9.8   0.1    29    91   233   293   225   299 0.79 -
PRW61521.1           -            550 9476at3041           -            133   1.1e-25   89.5  11.4   5   8   5.8e-05    0.0062   15.9   0.0    43    96   311   365   302   379 0.85 -
PRW61521.1           -            550 9476at3041           -            133   1.1e-25   89.5  11.4   6   8   0.00016     0.017   14.4   0.1    53    94   394   435   379   436 0.93 -
PRW61521.1           -            550 9476at3041           -            133   1.1e-25   89.5  11.4   7   8   0.00017     0.018   14.4   0.0    43    96   417   470   416   480 0.90 -
PRW61521.1           -            550 9476at3041           -            133   1.1e-25   89.5  11.4   8   8    0.0021      0.22   10.8   0.0    51    96   492   537   480   548 0.87 -
PRW58900.1           -           2059 9476at3041           -            133   5.7e-23   80.7  39.5   1  15      0.87        93    2.4   0.0    48    82   338   372   311   381 0.90 -
PRW58900.1           -           2059 9476at3041           -            133   5.7e-23   80.7  39.5   2  15     0.078       8.4    5.7   0.1    56    95   463   503   460   516 0.85 -
PRW58900.1           -           2059 9476at3041           -            133   5.7e-23   80.7  39.5   3  15    0.0013      0.13   11.6   0.2    37    98   512   573   504   588 0.88 -
PRW58900.1           -           2059 9476at3041           -            133   5.7e-23   80.7  39.5   4  15         5   5.4e+02   -0.1   0.0    53    79   633   659   629   675 0.85 -
PRW58900.1           -           2059 9476at3041           -            133   5.7e-23   80.7  39.5   5  15       5.1   5.5e+02   -0.1   0.0    52    75   847   870   823   876 0.85 -
PRW58900.1           -           2059 9476at3041           -            133   5.7e-23   80.7  39.5   6  15      0.85        91    2.4   0.1    49    86   927   964   916   967 0.87 -
PRW58900.1           -           2059 9476at3041           -            133   5.7e-23   80.7  39.5   7  15   0.00044     0.048   13.0   0.6    51    93   962  1004   953  1011 0.89 -
PRW58900.1           -           2059 9476at3041           -            133   5.7e-23   80.7  39.5   8  15       3.4   3.6e+02    0.4   0.0    52   101  1030  1080  1023  1089 0.52 -
PRW58900.1           -           2059 9476at3041           -            133   5.7e-23   80.7  39.5   9  15         5   5.4e+02   -0.1   0.0    51    76  1063  1088  1055  1103 0.83 -
PRW58900.1           -           2059 9476at3041           -            133   5.7e-23   80.7  39.5  10  15      0.39        42    3.5   0.0    61   103  1118  1160  1084  1166 0.71 -
PRW58900.1           -           2059 9476at3041           -            133   5.7e-23   80.7  39.5  11  15       0.1        11    5.3   0.2    41    97  1131  1188  1105  1198 0.69 -
PRW58900.1           -           2059 9476at3041           -            133   5.7e-23   80.7  39.5  12  15   0.00095       0.1   11.9   0.2    44    96  1311  1363  1274  1380 0.79 -
PRW58900.1           -           2059 9476at3041           -            133   5.7e-23   80.7  39.5  13  15   2.1e-05    0.0022   17.3   0.1    50    99  1382  1431  1366  1443 0.88 -
PRW58900.1           -           2059 9476at3041           -            133   5.7e-23   80.7  39.5  14  15   0.00012     0.013   14.8   0.2    43    95  1441  1493  1432  1505 0.84 -
PRW58900.1           -           2059 9476at3041           -            133   5.7e-23   80.7  39.5  15  15   0.00079     0.085   12.2   0.2    43    95  1507  1559  1497  1573 0.83 -
PRW58881.1           -            437 9476at3041           -            133   2.4e-21   75.5   3.0   1   7       3.4   3.6e+02    0.5   0.0    67    95    23    51    13    64 0.57 -
PRW58881.1           -            437 9476at3041           -            133   2.4e-21   75.5   3.0   2   7   6.3e-06   0.00067   19.0   0.1    52    96    41    85    33    90 0.93 -
PRW58881.1           -            437 9476at3041           -            133   2.4e-21   75.5   3.0   3   7   3.4e-07   3.6e-05   23.1   0.0    38   103    60   127    55   131 0.85 -
PRW58881.1           -            437 9476at3041           -            133   2.4e-21   75.5   3.0   4   7     0.003      0.32   10.4   0.0    35    95   146   206   133   233 0.82 -
PRW58881.1           -            437 9476at3041           -            133   2.4e-21   75.5   3.0   5   7    0.0022      0.23   10.8   0.0    55    98   251   294   244   304 0.89 -
PRW58881.1           -            437 9476at3041           -            133   2.4e-21   75.5   3.0   6   7   2.8e-05     0.003   16.9   0.0    41    92   303   354   297   357 0.91 -
PRW58881.1           -            437 9476at3041           -            133   2.4e-21   75.5   3.0   7   7   4.4e-06   0.00047   19.5   0.5    43    95   338   390   337   403 0.94 -
PRW58385.1           -            678 9476at3041           -            133   2.6e-18   65.6  18.5   1   8      0.25        27    4.1   0.1    52    89    49    86    32   101 0.82 -
PRW58385.1           -            678 9476at3041           -            133   2.6e-18   65.6  18.5   2   8   0.00018     0.019   14.3   0.2    43    84   106   147   102   152 0.93 -
PRW58385.1           -            678 9476at3041           -            133   2.6e-18   65.6  18.5   3   8   0.00018     0.019   14.3   0.0    52    93   149   190   137   197 0.81 -
PRW58385.1           -            678 9476at3041           -            133   2.6e-18   65.6  18.5   4   8    0.0011      0.12   11.7   0.1    43    84   173   214   172   218 0.93 -
PRW58385.1           -            678 9476at3041           -            133   2.6e-18   65.6  18.5   5   8     0.044       4.7    6.6   0.6    44    95   207   259   199   270 0.80 -
PRW58385.1           -            678 9476at3041           -            133   2.6e-18   65.6  18.5   6   8   2.4e-05    0.0026   17.1   0.2    31   101   263   335   250   348 0.78 -
PRW58385.1           -            678 9476at3041           -            133   2.6e-18   65.6  18.5   7   8    0.0064      0.68    9.3   0.0    42   101   372   433   359   438 0.79 -
PRW58385.1           -            678 9476at3041           -            133   2.6e-18   65.6  18.5   8   8      0.08       8.6    5.7   0.0     8    77   438   508   434   519 0.82 -
PRW33014.1           -            375 9476at3041           -            133   3.9e-17   61.9   7.2   1   5   0.00022     0.023   14.0   0.1    53    96    84   127    79   138 0.87 -
PRW33014.1           -            375 9476at3041           -            133   3.9e-17   61.9   7.2   2   5   0.00027     0.029   13.7   0.1    41    90   138   187   128   192 0.87 -
PRW33014.1           -            375 9476at3041           -            133   3.9e-17   61.9   7.2   3   5    0.0032      0.34   10.2   0.1    45   104   175   233   174   236 0.88 -
PRW33014.1           -            375 9476at3041           -            133   3.9e-17   61.9   7.2   4   5   2.5e-07   2.6e-05   23.6   0.4    18    94   215   291   206   308 0.81 -
PRW33014.1           -            375 9476at3041           -            133   3.9e-17   61.9   7.2   5   5     0.005      0.53    9.6   0.0    40   100   305   364   294   369 0.81 -
PRW57737.1           -            294 9476at3041           -            133     2e-16   59.6   9.3   1   5   1.5e-07   1.6e-05   24.3   0.1    45    96    45    96    11   104 0.83 -
PRW57737.1           -            294 9476at3041           -            133     2e-16   59.6   9.3   2   5      0.11        12    5.2   0.0    51    79    84   112    81   120 0.81 -
PRW57737.1           -            294 9476at3041           -            133     2e-16   59.6   9.3   3   5   0.00031     0.033   13.5   0.2    52    96   119   163   109   163 0.90 -
PRW57737.1           -            294 9476at3041           -            133     2e-16   59.6   9.3   4   5     2e-05    0.0021   17.4   1.3    52    96   152   196   144   204 0.90 -
PRW57737.1           -            294 9476at3041           -            133     2e-16   59.6   9.3   5   5    0.0022      0.23   10.8   0.0    53    95   227   269   216   280 0.88 -
PRW20824.1           -            171 9476at3041           -            133     4e-16   58.6   0.7   1   3   4.7e-05    0.0051   16.2   0.0    42    85    34    77    26    79 0.92 -
PRW20824.1           -            171 9476at3041           -            133     4e-16   58.6   0.7   2   3   1.4e-10   1.5e-08   34.1   0.1    42   102    67   127    65   136 0.87 -
PRW20824.1           -            171 9476at3041           -            133     4e-16   58.6   0.7   3   3   1.3e-05    0.0013   18.0   0.1    42    81   100   139    97   149 0.89 -
PRW58075.1           -            441 9476at3041           -            133   1.6e-14   53.4   5.7   1   6       3.1   3.3e+02    0.6   0.0    49    71    21    43    12    53 0.77 -
PRW58075.1           -            441 9476at3041           -            133   1.6e-14   53.4   5.7   2   6   1.2e-07   1.2e-05   24.6   0.0    48    98    60   110    55   122 0.86 -
PRW58075.1           -            441 9476at3041           -            133   1.6e-14   53.4   5.7   3   6    0.0032      0.34   10.2   0.0    44    81   122   159   111   163 0.88 -
PRW58075.1           -            441 9476at3041           -            133   1.6e-14   53.4   5.7   4   6   6.6e-05    0.0071   15.7   0.1    43    94   154   205   153   208 0.93 -
PRW58075.1           -            441 9476at3041           -            133   1.6e-14   53.4   5.7   5   6     0.094        10    5.5   0.0    53    96   197   243   195   253 0.82 -
PRW58075.1           -            441 9476at3041           -            133   1.6e-14   53.4   5.7   6   6       1.2   1.2e+02    2.0   0.0    43    74   256   287   222   294 0.70 -
PRW20701.1           -            353 9476at3041           -            133   1.3e-13   50.4   6.0   1   6    0.0086      0.92    8.8   0.1    42    84    13    55     3    75 0.83 -
PRW20701.1           -            353 9476at3041           -            133   1.3e-13   50.4   6.0   2   6   4.3e-05    0.0046   16.3   0.3    42    99    79   137    57   148 0.86 -
PRW20701.1           -            353 9476at3041           -            133   1.3e-13   50.4   6.0   3   6   0.00023     0.024   14.0   0.0    58    94   163   199   142   216 0.70 -
PRW20701.1           -            353 9476at3041           -            133   1.3e-13   50.4   6.0   4   6   8.2e-05    0.0088   15.4   0.1    41    83   179   221   160   239 0.74 -
PRW20701.1           -            353 9476at3041           -            133   1.3e-13   50.4   6.0   5   6       5.3   5.7e+02   -0.2   0.0    55    82   257   284   250   290 0.84 -
PRW20701.1           -            353 9476at3041           -            133   1.3e-13   50.4   6.0   6   6     0.013       1.3    8.3   0.0    46    87   281   323   267   334 0.78 -
PRW60551.1           -           4031 9476at3041           -            133   2.6e-13   49.5   9.0   1   6     0.008      0.85    9.0   0.2    10   103  3358  3456  3351  3461 0.69 -
PRW60551.1           -           4031 9476at3041           -            133   2.6e-13   49.5   9.0   2   6     0.075         8    5.8   0.1    40    80  3486  3526  3472  3552 0.81 -
PRW60551.1           -           4031 9476at3041           -            133   2.6e-13   49.5   9.0   3   6   3.6e-05    0.0038   16.6   0.1    36    83  3583  3630  3575  3648 0.83 -
PRW60551.1           -           4031 9476at3041           -            133   2.6e-13   49.5   9.0   4   6       2.1   2.3e+02    1.1   0.1    42    78  3694  3730  3681  3742 0.88 -
PRW60551.1           -           4031 9476at3041           -            133   2.6e-13   49.5   9.0   5   6     0.012       1.3    8.3   0.0    34    99  3756  3821  3735  3828 0.83 -
PRW60551.1           -           4031 9476at3041           -            133   2.6e-13   49.5   9.0   6   6      0.19        21    4.5   0.0    39    83  3831  3875  3823  3883 0.88 -
PRW60552.1           -           4002 9476at3041           -            133   2.6e-13   49.5   9.0   1   6    0.0079      0.85    9.0   0.2    10   103  3329  3427  3322  3432 0.69 -
PRW60552.1           -           4002 9476at3041           -            133   2.6e-13   49.5   9.0   2   6      0.06       6.4    6.1   0.1    35    80  3450  3497  3438  3525 0.75 -
PRW60552.1           -           4002 9476at3041           -            133   2.6e-13   49.5   9.0   3   6   3.7e-05    0.0039   16.5   0.1    36    83  3554  3601  3546  3616 0.83 -
PRW60552.1           -           4002 9476at3041           -            133   2.6e-13   49.5   9.0   4   6       2.1   2.2e+02    1.1   0.1    42    78  3665  3701  3652  3713 0.88 -
PRW60552.1           -           4002 9476at3041           -            133   2.6e-13   49.5   9.0   5   6     0.012       1.3    8.3   0.0    34    99  3727  3792  3706  3799 0.83 -
PRW60552.1           -           4002 9476at3041           -            133   2.6e-13   49.5   9.0   6   6      0.19        20    4.5   0.0    39    83  3802  3846  3794  3854 0.88 -
PRW60553.1           -           3994 9476at3041           -            133   7.9e-13   47.9   8.8   1   7    0.0079      0.84    9.0   0.2    10   103  3329  3427  3322  3433 0.69 -
PRW60553.1           -           3994 9476at3041           -            133   7.9e-13   47.9   8.8   2   7     0.077       8.2    5.8   0.1    40    80  3457  3497  3443  3521 0.81 -
PRW60553.1           -           3994 9476at3041           -            133   7.9e-13   47.9   8.8   3   7   3.7e-05     0.004   16.5   0.1    36    83  3554  3601  3547  3617 0.83 -
PRW60553.1           -           3994 9476at3041           -            133   7.9e-13   47.9   8.8   4   7       1.2   1.2e+02    2.0   0.1    42    83  3665  3706  3652  3719 0.81 -
PRW60553.1           -           3994 9476at3041           -            133   7.9e-13   47.9   8.8   5   7     0.069       7.4    5.9   0.0    52    99  3737  3784  3722  3793 0.85 -
PRW60553.1           -           3994 9476at3041           -            133   7.9e-13   47.9   8.8   6   7      0.16        17    4.8   0.0    39    83  3794  3838  3787  3884 0.88 -
PRW60553.1           -           3994 9476at3041           -            133   7.9e-13   47.9   8.8   7   7       9.7     1e+03   -1.0   0.0    52   104  3841  3893  3835  3897 0.85 -
PRW58247.1           -            562 9476at3041           -            133     4e-12   45.6   0.0   1   2   4.3e-05    0.0046   16.3   0.0    41    98    63   120    50   129 0.88 -
PRW58247.1           -            562 9476at3041           -            133     4e-12   45.6   0.0   2   2   2.9e-08   3.1e-06   26.6   0.0    44    96   133   185   127   200 0.87 -
PRW56453.1           -            340 9476at3041           -            133   1.7e-11   43.6   6.0   1   5      0.12        13    5.2   0.1    41    79    28    67    11    72 0.81 -
PRW56453.1           -            340 9476at3041           -            133   1.7e-11   43.6   6.0   2   5     0.032       3.4    7.0   0.2    49    83    70   104    64   113 0.87 -
PRW56453.1           -            340 9476at3041           -            133   1.7e-11   43.6   6.0   3   5      0.84        90    2.4   0.0    58    92   113   147   109   154 0.79 -
PRW56453.1           -            340 9476at3041           -            133   1.7e-11   43.6   6.0   4   5   1.5e-06   0.00016   21.0   0.0    43    96   167   221   153   235 0.87 -
PRW56453.1           -            340 9476at3041           -            133   1.7e-11   43.6   6.0   5   5      0.04       4.3    6.7   0.3    53    94   245   285   233   299 0.82 -
PRW33536.1           -           2144 9476at3041           -            133   2.5e-11   43.1   5.9   1   5    0.0042      0.45    9.9   0.0    51    95     9    53     2    69 0.87 -
PRW33536.1           -           2144 9476at3041           -            133   2.5e-11   43.1   5.9   2   5     6e-05    0.0064   15.8   0.2    50    92    74   116    66   126 0.91 -
PRW33536.1           -           2144 9476at3041           -            133   2.5e-11   43.1   5.9   3   5    0.0047       0.5    9.7   0.0    41    88   163   211   150   232 0.78 -
PRW33536.1           -           2144 9476at3041           -            133   2.5e-11   43.1   5.9   4   5       2.8     3e+02    0.7   0.1    54    95   560   603   558   612 0.82 -
PRW33536.1           -           2144 9476at3041           -            133   2.5e-11   43.1   5.9   5   5     0.081       8.7    5.7   0.2    46    96   587   637   575   648 0.85 -
PRW33038.1           -           1372 9476at3041           -            133   2.8e-10   39.6   2.7   1   3     0.045       4.8    6.5   0.1    58    96   581   620   573   630 0.89 -
PRW33038.1           -           1372 9476at3041           -            133   2.8e-10   39.6   2.7   2   3     2e-07   2.1e-05   23.9   0.1    44   111   634   704   626   710 0.84 -
PRW33038.1           -           1372 9476at3041           -            133   2.8e-10   39.6   2.7   3   3     0.049       5.2    6.4   0.1    47    95   703   751   697   781 0.77 -
PRW59583.1           -            448 9476at3041           -            133     3e-10   39.6  11.8   1   5      0.42        45    3.4   0.1    42    88   151   198   145   201 0.84 -
PRW59583.1           -            448 9476at3041           -            133     3e-10   39.6  11.8   2   5   6.7e-05    0.0072   15.7   0.2    43   105   186   248   176   252 0.87 -
PRW59583.1           -            448 9476at3041           -            133     3e-10   39.6  11.8   3   5   0.00019      0.02   14.2   1.2    43    94   252   303   249   315 0.87 -
PRW59583.1           -            448 9476at3041           -            133     3e-10   39.6  11.8   4   5     0.003      0.32   10.3   0.1    41    94   317   371   306   372 0.88 -
PRW59583.1           -            448 9476at3041           -            133     3e-10   39.6  11.8   5   5    0.0082      0.88    8.9   0.0    41    82   351   392   349   412 0.87 -
PRW56655.1           -           2248 9476at3041           -            133     4e-10   39.1  15.5   1  10     0.004      0.43    9.9   0.2    41    83    12    54     6    61 0.88 -
PRW56655.1           -           2248 9476at3041           -            133     4e-10   39.1  15.5   2  10      0.38        41    3.5   0.0    53    82    61    91    56    96 0.85 -
PRW56655.1           -           2248 9476at3041           -            133     4e-10   39.1  15.5   3  10    0.0069      0.74    9.2   0.2    45    95    87   137    85   150 0.91 -
PRW56655.1           -           2248 9476at3041           -            133     4e-10   39.1  15.5   4  10     0.024       2.6    7.4   0.1    53    94   162   203   145   220 0.82 -
PRW56655.1           -           2248 9476at3041           -            133     4e-10   39.1  15.5   5  10       0.4        43    3.5   0.2    43    93   185   231   184   248 0.84 -
PRW56655.1           -           2248 9476at3041           -            133     4e-10   39.1  15.5   6  10      0.84        90    2.4   0.0    53    84   288   319   283   347 0.84 -
PRW56655.1           -           2248 9476at3041           -            133     4e-10   39.1  15.5   7  10      0.86        92    2.4   0.0    52    91   357   396   348   415 0.88 -
PRW56655.1           -           2248 9476at3041           -            133     4e-10   39.1  15.5   8  10       1.4   1.5e+02    1.7   0.1    48    96   419   467   401   483 0.80 -
PRW56655.1           -           2248 9476at3041           -            133     4e-10   39.1  15.5   9  10     0.047         5    6.5   0.1    50    97   454   501   445   518 0.85 -
PRW56655.1           -           2248 9476at3041           -            133     4e-10   39.1  15.5  10  10      0.34        36    3.7   0.0    54    96   491   534   474   547 0.83 -
PRW57847.1           -            384 9476at3041           -            133   4.7e-10   38.9   0.3   1   3    0.0043      0.46    9.8   0.0    43    90    31    79    14    87 0.86 -
PRW57847.1           -            384 9476at3041           -            133   4.7e-10   38.9   0.3   2   3   0.00021     0.022   14.1   0.0    34    97   132   194   122   203 0.83 -
PRW57847.1           -            384 9476at3041           -            133   4.7e-10   38.9   0.3   3   3    0.0016      0.17   11.2   0.2    47    91   210   254   201   273 0.86 -
PRW60055.1           -            435 9476at3041           -            133   2.3e-09   36.7   0.3   1   5    0.0018      0.19   11.1   0.0    43    94    83   137    70   149 0.80 -
PRW60055.1           -            435 9476at3041           -            133   2.3e-09   36.7   0.3   2   5     0.016       1.7    8.0   0.0    43    93   153   203   138   220 0.82 -
PRW60055.1           -            435 9476at3041           -            133   2.3e-09   36.7   0.3   3   5    0.0063      0.67    9.3   0.0    43    94   323   377   310   390 0.79 -
PRW60055.1           -            435 9476at3041           -            133   2.3e-09   36.7   0.3   4   5     0.095        10    5.5   0.0    43    84   359   401   358   407 0.81 -
PRW60055.1           -            435 9476at3041           -            133   2.3e-09   36.7   0.3   5   5      0.81        87    2.5   0.0    43    80   393   430   376   433 0.83 -
PRW59812.1           -            763 9476at3041           -            133   7.2e-09   35.1  14.3   1   5    0.0055      0.59    9.5   0.1    52    94   466   508   447   511 0.89 -
PRW59812.1           -            763 9476at3041           -            133   7.2e-09   35.1  14.3   2   5   0.00026     0.028   13.8   0.9    44    95   491   542   488   554 0.86 -
PRW59812.1           -            763 9476at3041           -            133   7.2e-09   35.1  14.3   3   5    0.0053      0.56    9.5   0.6    46    91   561   605   541   620 0.75 -
PRW59812.1           -            763 9476at3041           -            133   7.2e-09   35.1  14.3   4   5    0.0001     0.011   15.1   0.0    51    94   631   674   607   685 0.84 -
PRW59812.1           -            763 9476at3041           -            133   7.2e-09   35.1  14.3   5   5       3.8   4.1e+02    0.3   0.1    46    79   692   725   679   728 0.85 -
PRW59698.1           -            579 9476at3041           -            133     8e-09   34.9   4.0   1   3     0.035       3.7    6.9   0.1    46    85   339   378   294   392 0.77 -
PRW59698.1           -            579 9476at3041           -            133     8e-09   34.9   4.0   2   3      0.15        16    4.8   0.0    40    81   426   465   411   490 0.72 -
PRW59698.1           -            579 9476at3041           -            133     8e-09   34.9   4.0   3   3   8.3e-07   8.9e-05   21.8   0.3    43    96   500   554   472   568 0.84 -
PRW56528.1           -            174 9476at3041           -            133   1.1e-08   34.5   3.3   1   2   3.2e-10   3.4e-08   32.9   2.4    42   102    28    88    15    96 0.87 -
PRW56528.1           -            174 9476at3041           -            133   1.1e-08   34.5   3.3   2   2       3.1   3.3e+02    0.6   0.0    51    81   103   133    86   154 0.61 -
PRW50966.1           -            336 9476at3041           -            133   1.1e-08   34.5  10.2   1   4     0.014       1.4    8.2   0.2    48    82    30    64    10    67 0.86 -
PRW50966.1           -            336 9476at3041           -            133   1.1e-08   34.5  10.2   2   4    0.0015      0.16   11.3   0.2    43    82    58    97    48   101 0.79 -
PRW50966.1           -            336 9476at3041           -            133   1.1e-08   34.5  10.2   3   4    0.0077      0.82    9.0   0.1    55    94   103   142    96   153 0.90 -
PRW50966.1           -            336 9476at3041           -            133   1.1e-08   34.5  10.2   4   4   0.00085     0.091   12.1   0.1    55    93   170   208   164   227 0.80 -
PRW58006.1           -            264 9476at3041           -            133     2e-08   33.7   6.4   1   5   0.00045     0.048   13.0   0.3    53   102     7    56     3    63 0.84 -
PRW58006.1           -            264 9476at3041           -            133     2e-08   33.7   6.4   2   5   0.00033     0.035   13.4   0.0    46    84    33    71    31    74 0.89 -
PRW58006.1           -            264 9476at3041           -            133     2e-08   33.7   6.4   3   5    0.0056       0.6    9.5   0.0    53    95    73   115    70   131 0.88 -
PRW58006.1           -            264 9476at3041           -            133     2e-08   33.7   6.4   4   5     0.055       5.9    6.2   0.1    43    79   136   174   127   181 0.83 -
PRW58006.1           -            264 9476at3041           -            133     2e-08   33.7   6.4   5   5       1.5   1.6e+02    1.6   0.0    53    78   183   208   177   216 0.86 -
PRW45709.1           -            489 9476at3041           -            133     2e-08   33.6   8.8   1   4      0.18        19    4.6   0.3    46    87    37    80     7    81 0.80 -
PRW45709.1           -            489 9476at3041           -            133     2e-08   33.6   8.8   2   4    0.0031      0.34   10.3   0.3    42    82    68   110    26   135 0.73 -
PRW45709.1           -            489 9476at3041           -            133     2e-08   33.6   8.8   3   4    0.0017      0.18   11.2   0.2    42    92   137   186   123   194 0.85 -
PRW45709.1           -            489 9476at3041           -            133     2e-08   33.6   8.8   4   4   0.00033     0.035   13.4   0.1    41    94   202   255   196   267 0.88 -
PRW57080.1           -            396 9476at3041           -            133   5.4e-08   32.3   9.6   1   4       1.5   1.6e+02    1.6   0.2    43    83    47    85    40    91 0.79 -
PRW57080.1           -            396 9476at3041           -            133   5.4e-08   32.3   9.6   2   4   2.5e-06   0.00027   20.3   0.5    52    96    88   132    76   146 0.84 -
PRW57080.1           -            396 9476at3041           -            133   5.4e-08   32.3   9.6   3   4     0.012       1.3    8.3   0.2    47    94   152   199   138   212 0.85 -
PRW57080.1           -            396 9476at3041           -            133   5.4e-08   32.3   9.6   4   4     0.048       5.1    6.4   0.1    53    95   224   266   214   277 0.91 -
PRW59036.1           -            670 9476at3041           -            133   8.1e-08   31.7   0.8   1   3   9.6e-05      0.01   15.2   0.0    46    92   404   450   388   463 0.87 -
PRW59036.1           -            670 9476at3041           -            133   8.1e-08   31.7   0.8   2   3    0.0006     0.064   12.6   0.0    43    75   467   499   456   511 0.87 -
PRW59036.1           -            670 9476at3041           -            133   8.1e-08   31.7   0.8   3   3       5.2   5.6e+02   -0.2   0.1    51    77   515   541   502   573 0.72 -
PRW56000.1           -            392 9476at3041           -            133     1e-07   31.4   3.2   1   7       0.1        11    5.4   0.0    15    76    47   109    37   118 0.80 -
PRW56000.1           -            392 9476at3041           -            133     1e-07   31.4   3.2   2   7     0.002      0.21   10.9   0.1    49   102   116   170   110   185 0.84 -
PRW56000.1           -            392 9476at3041           -            133     1e-07   31.4   3.2   3   7       5.6     6e+02   -0.2   0.0    54    98   187   232   177   244 0.67 -
PRW56000.1           -            392 9476at3041           -            133     1e-07   31.4   3.2   4   7       0.6        64    2.9   0.0    55   100   222   268   210   277 0.74 -
PRW56000.1           -            392 9476at3041           -            133     1e-07   31.4   3.2   5   7      0.31        33    3.8   0.0    51    94   252   296   246   310 0.67 -
PRW56000.1           -            392 9476at3041           -            133     1e-07   31.4   3.2   6   7      0.82        88    2.4   0.0    50    76   285   311   267   322 0.83 -
PRW56000.1           -            392 9476at3041           -            133     1e-07   31.4   3.2   7   7     0.091       9.8    5.5   0.1    52    95   320   364   311   371 0.85 -
PRW33132.1           -            551 9476at3041           -            133   2.6e-07   30.1  24.1   1   9       4.5   4.8e+02    0.1   0.5    43    83    67   112    58   127 0.65 -
PRW33132.1           -            551 9476at3041           -            133   2.6e-07   30.1  24.1   2   9       2.3   2.4e+02    1.0   0.4    44    92   106   158    92   174 0.57 -
PRW33132.1           -            551 9476at3041           -            133   2.6e-07   30.1  24.1   3   9     0.019         2    7.7   0.0    42    92   141   195   129   196 0.85 -
PRW33132.1           -            551 9476at3041           -            133   2.6e-07   30.1  24.1   4   9   0.00057     0.061   12.7   0.3    42    93   178   233   168   245 0.80 -
PRW33132.1           -            551 9476at3041           -            133   2.6e-07   30.1  24.1   5   9   0.00045     0.048   13.0   0.5    42    95   252   309   238   316 0.81 -
PRW33132.1           -            551 9476at3041           -            133   2.6e-07   30.1  24.1   6   9      0.68        73    2.7   0.0    44    93   329   382   323   394 0.65 -
PRW33132.1           -            551 9476at3041           -            133   2.6e-07   30.1  24.1   7   9       0.3        32    3.9   0.1    40    95   362   421   349   433 0.74 -
PRW33132.1           -            551 9476at3041           -            133   2.6e-07   30.1  24.1   8   9      0.36        38    3.6   0.1    43    89   402   448   391   461 0.74 -
PRW33132.1           -            551 9476at3041           -            133   2.6e-07   30.1  24.1   9   9     0.019         2    7.7   0.1    42    94   475   531   464   545 0.78 -
PRW21097.1           -           2458 9476at3041           -            133   4.5e-07   29.3   0.4   1   3     0.058       6.2    6.2   0.0    44    84   908   948   901   958 0.86 -
PRW21097.1           -           2458 9476at3041           -            133   4.5e-07   29.3   0.4   2   3       4.6   4.9e+02    0.0   0.0    57   101   985  1029   979  1038 0.75 -
PRW21097.1           -           2458 9476at3041           -            133   4.5e-07   29.3   0.4   3   3   8.6e-06   0.00092   18.6   0.0    46    95  1042  1091  1011  1107 0.86 -
PRW21098.1           -           2458 9476at3041           -            133   4.5e-07   29.3   0.4   1   3     0.058       6.2    6.2   0.0    44    84   908   948   901   958 0.86 -
PRW21098.1           -           2458 9476at3041           -            133   4.5e-07   29.3   0.4   2   3       4.6   4.9e+02    0.0   0.0    57   101   985  1029   979  1038 0.75 -
PRW21098.1           -           2458 9476at3041           -            133   4.5e-07   29.3   0.4   3   3   8.6e-06   0.00092   18.6   0.0    46    95  1042  1091  1011  1107 0.86 -
PRW56072.1           -            723 9476at3041           -            133   4.9e-07   29.2   4.2   1   4    0.0035      0.37   10.1   0.0    56    98   464   506   459   521 0.86 -
PRW56072.1           -            723 9476at3041           -            133   4.9e-07   29.2   4.2   2   4       1.8   1.9e+02    1.4   0.0    56    95   554   593   517   605 0.75 -
PRW56072.1           -            723 9476at3041           -            133   4.9e-07   29.2   4.2   3   4     0.045       4.9    6.5   0.1    20    82   586   649   574   662 0.69 -
PRW56072.1           -            723 9476at3041           -            133   4.9e-07   29.2   4.2   4   4     0.003      0.32   10.3   0.5    43    82   682   721   675   722 0.90 -
PRW57617.1           -            246 9476at3041           -            133   5.4e-07   29.0   0.2   1   4    0.0046      0.49    9.7   0.0    39    79    35    75    24    81 0.89 -
PRW57617.1           -            246 9476at3041           -            133   5.4e-07   29.0   0.2   2   4       9.4     1e+03   -1.0   0.0    57    78    87   108    79   119 0.82 -
PRW57617.1           -            246 9476at3041           -            133   5.4e-07   29.0   0.2   3   4   0.00038      0.04   13.2   0.0    47    85   136   174   115   189 0.82 -
PRW57617.1           -            246 9476at3041           -            133   5.4e-07   29.0   0.2   4   4       3.5   3.8e+02    0.4   0.0    55    78   189   212   182   216 0.81 -
PRW33750.1           -            332 9476at3041           -            133   6.8e-07   28.7   1.2   1   2   0.00027     0.029   13.7   0.2    44    95   139   190   109   208 0.79 -
PRW33750.1           -            332 9476at3041           -            133   6.8e-07   28.7   1.2   2   2   0.00047     0.051   12.9   0.1    46    94   207   255   198   258 0.89 -
PRW56241.1           -            225 9476at3041           -            133   1.3e-06   27.7   0.1   1   2    0.0025      0.26   10.6   0.1    54    96    80   122    49   135 0.84 -
PRW56241.1           -            225 9476at3041           -            133   1.3e-06   27.7   0.1   2   2   0.00021     0.022   14.1   0.0    47    92   141   186   135   203 0.83 -
PRW56242.1           -            225 9476at3041           -            133   1.3e-06   27.7   0.1   1   2    0.0025      0.26   10.6   0.1    54    96    80   122    49   135 0.84 -
PRW56242.1           -            225 9476at3041           -            133   1.3e-06   27.7   0.1   2   2   0.00021     0.022   14.1   0.0    47    92   141   186   135   203 0.83 -
PRW56411.1           -            423 9476at3041           -            133   1.8e-06   27.3   1.9   1   4    0.0073      0.78    9.1   0.1    42    91    38    88    13   105 0.82 -
PRW56411.1           -            423 9476at3041           -            133   1.8e-06   27.3   1.9   2   4     0.093        10    5.5   0.0    52    94   152   194   131   207 0.80 -
PRW56411.1           -            423 9476at3041           -            133   1.8e-06   27.3   1.9   3   4    0.0059      0.63    9.4   0.0    56    94   222   260   199   266 0.89 -
PRW56411.1           -            423 9476at3041           -            133   1.8e-06   27.3   1.9   4   4     0.059       6.3    6.1   0.0    42    83   241   282   232   289 0.88 -
PRW57268.1           -            664 9476at3041           -            133   3.1e-06   26.5   0.1   1   3      0.88        95    2.3   0.0    39    73    64    98    37   113 0.63 -
PRW57268.1           -            664 9476at3041           -            133   3.1e-06   26.5   0.1   2   3   3.1e-06   0.00034   20.0   0.0    51    96   141   186   132   194 0.92 -
PRW57268.1           -            664 9476at3041           -            133   3.1e-06   26.5   0.1   3   3       8.2   8.8e+02   -0.8   0.0    73    94   200   221   192   235 0.65 -
PRW50893.1           -            306 9476at3041           -            133   3.6e-06   26.4   3.5   1   3       3.5   3.7e+02    0.4   0.0    57    80     4    27     2    32 0.88 -
PRW50893.1           -            306 9476at3041           -            133   3.6e-06   26.4   3.5   2   3     3e-06   0.00032   20.0   0.6    50   103    30    86    18    91 0.82 -
PRW50893.1           -            306 9476at3041           -            133   3.6e-06   26.4   3.5   3   3      0.08       8.5    5.7   0.1    39   103    91   155    76   159 0.82 -
PRW57708.1           -            157 9476at3041           -            133   3.8e-06   26.3   0.2   1   1   5.2e-08   5.6e-06   25.7   0.2    42    96    85   139    75   149 0.89 -
PRW45403.1           -            739 9476at3041           -            133     4e-06   26.2   0.2   1   2   0.00034     0.037   13.4   0.5    54    95   281   322   273   338 0.89 -
PRW45403.1           -            739 9476at3041           -            133     4e-06   26.2   0.2   2   2    0.0062      0.66    9.3   0.0    42    94   341   393   323   402 0.83 -
PRW45402.1           -            741 9476at3041           -            133     4e-06   26.2   0.2   1   2   0.00034     0.037   13.4   0.5    54    95   283   324   275   340 0.89 -
PRW45402.1           -            741 9476at3041           -            133     4e-06   26.2   0.2   2   2    0.0062      0.67    9.3   0.0    42    94   343   395   325   404 0.83 -
PRW61238.1           -            542 9476at3041           -            133     4e-06   26.2   0.1   1   2   0.00026     0.028   13.8   0.0    28    95    16    83     6    92 0.87 -
PRW61238.1           -            542 9476at3041           -            133     4e-06   26.2   0.1   2   2    0.0028       0.3   10.4   0.4    32    83    84   138    80   146 0.73 -
PRW57507.1           -            292 9476at3041           -            133   4.6e-06   26.0   1.5   1   2       5.7   6.1e+02   -0.3   0.0    65   119    51   105    12   116 0.74 -
PRW57507.1           -            292 9476at3041           -            133   4.6e-06   26.0   1.5   2   2   1.2e-07   1.2e-05   24.6   0.5    18    92   187   261   175   282 0.81 -
PRW45693.1           -            565 9476at3041           -            133   1.1e-05   24.8   0.2   1   2   4.6e-06   0.00049   19.4   0.2    47    87   352   392   326   402 0.90 -
PRW45693.1           -            565 9476at3041           -            133   1.1e-05   24.8   0.2   2   2      0.35        37    3.7   0.0    56   100   394   440   391   450 0.82 -
PRW44628.1           -            838 9476at3041           -            133   1.5e-05   24.3   0.0   1   3       0.1        11    5.4   0.0    56    82   677   703   672   715 0.90 -
PRW44628.1           -            838 9476at3041           -            133   1.5e-05   24.3   0.0   2   3    0.0074      0.79    9.1   0.0    43   104   730   791   723   801 0.91 -
PRW44628.1           -            838 9476at3041           -            133   1.5e-05   24.3   0.0   3   3     0.068       7.3    5.9   0.0    42    79   795   832   785   835 0.85 -
PRW44450.1           -            316 9476at3041           -            133   1.6e-05   24.3   0.0   1   1   3.7e-07   3.9e-05   23.0   0.0    40    96    65   127    52   141 0.81 -
PRW33315.1           -            657 9476at3041           -            133   2.5e-05   23.6   1.6   1   4   5.6e-05     0.006   15.9   0.1    45    94    35    84    32    95 0.92 -
PRW33315.1           -            657 9476at3041           -            133   2.5e-05   23.6   1.6   2   4       3.7     4e+02    0.3   0.0    47    78   102   133    88   139 0.84 -
PRW33315.1           -            657 9476at3041           -            133   2.5e-05   23.6   1.6   3   4       1.3   1.4e+02    1.8   0.0    57    95   241   281   237   302 0.47 -
PRW33315.1           -            657 9476at3041           -            133   2.5e-05   23.6   1.6   4   4       6.5   6.9e+02   -0.5   0.0    57    90   344   378   332   399 0.57 -
PRW57216.1           -            443 9476at3041           -            133   2.9e-05   23.4   0.8   1   3     0.013       1.4    8.2   0.1    45    95    70   121    51   135 0.84 -
PRW57216.1           -            443 9476at3041           -            133   2.9e-05   23.4   0.8   2   3       4.4   4.7e+02    0.1   0.0    54    96   186   229   183   242 0.73 -
PRW57216.1           -            443 9476at3041           -            133   2.9e-05   23.4   0.8   3   3    0.0015      0.16   11.3   0.0    53    90   257   295   248   312 0.85 -
PRW20575.1           -           1353 9476at3041           -            133   4.7e-05   22.7  13.0   1   4      0.36        39    3.6   0.0    45    95    42    92    24   124 0.73 -
PRW20575.1           -           1353 9476at3041           -            133   4.7e-05   22.7  13.0   2   4     0.041       4.4    6.6   0.4    51    90   310   349   306   354 0.89 -
PRW20575.1           -           1353 9476at3041           -            133   4.7e-05   22.7  13.0   3   4     0.026       2.8    7.3   0.5    42    86   334   378   328   391 0.85 -
PRW20575.1           -           1353 9476at3041           -            133   4.7e-05   22.7  13.0   4   4   9.5e-05      0.01   15.2   0.1    44    91   416   463   404   469 0.88 -
PRW58523.1           -           1853 9476at3041           -            133   6.7e-05   22.2   0.1   1   3     0.038       4.1    6.8   0.0    49    94   121   167   102   187 0.79 -
PRW58523.1           -           1853 9476at3041           -            133   6.7e-05   22.2   0.1   2   3      0.38        40    3.5   0.0    41    79   265   303   223   308 0.72 -
PRW58523.1           -           1853 9476at3041           -            133   6.7e-05   22.2   0.1   3   3     0.064       6.9    6.0   0.0    56    96   398   437   394   455 0.82 -
PRW34030.1           -           1197 9476at3041           -            133   8.3e-05   21.9   9.4   1   6       3.5   3.8e+02    0.4   0.0    52    75   174   197   168   205 0.88 -
PRW34030.1           -           1197 9476at3041           -            133   8.3e-05   21.9   9.4   2   6      0.22        24    4.3   0.1    51    78   209   236   199   264 0.74 -
PRW34030.1           -           1197 9476at3041           -            133   8.3e-05   21.9   9.4   3   6      0.26        28    4.0   0.0    55    81   356   382   346   393 0.86 -
PRW34030.1           -           1197 9476at3041           -            133   8.3e-05   21.9   9.4   4   6     0.061       6.6    6.1   0.1    51    82   466   497   437   506 0.83 -
PRW34030.1           -           1197 9476at3041           -            133   8.3e-05   21.9   9.4   5   6       5.3   5.7e+02   -0.2   0.0    47    92   565   611   559   614 0.70 -
PRW34030.1           -           1197 9476at3041           -            133   8.3e-05   21.9   9.4   6   6      0.12        13    5.1   0.0    52    95   604   648   597   663 0.71 -
PRW18334.1           -            257 9476at3041           -            133   0.00018   20.9   0.6   1   2     0.035       3.7    6.9   4.3    19    95   107   178    90   180 0.65 -
PRW18334.1           -            257 9476at3041           -            133   0.00018   20.9   0.6   2   2   1.7e-06   0.00018   20.9   0.6    45    96   161   212   158   222 0.89 -
PRW33560.1           -           1460 9476at3041           -            133   0.00027   20.3   1.5   1   5       5.9   6.3e+02   -0.3   0.1    51    93  1101  1143  1094  1152 0.56 -
PRW33560.1           -           1460 9476at3041           -            133   0.00027   20.3   1.5   2   5         4   4.3e+02    0.2   0.0    46    76  1129  1159  1122  1169 0.77 -
PRW33560.1           -           1460 9476at3041           -            133   0.00027   20.3   1.5   3   5    0.0093      0.99    8.7   0.0    55    96  1172  1217  1162  1232 0.75 -
PRW33560.1           -           1460 9476at3041           -            133   0.00027   20.3   1.5   4   5       3.2   3.5e+02    0.5   0.0    52    76  1240  1264  1225  1274 0.82 -
PRW33560.1           -           1460 9476at3041           -            133   0.00027   20.3   1.5   5   5      0.62        66    2.8   0.0    53    78  1275  1300  1268  1327 0.78 -
PRW57890.1           -            405 9476at3041           -            133   0.00029   20.2   0.1   1   1   5.5e-06   0.00059   19.2   0.1    41   103    61   123    50   153 0.90 -
PRW57889.1           -            411 9476at3041           -            133    0.0003   20.2   0.1   1   1   5.7e-06   0.00061   19.1   0.1    41   103    61   123    50   153 0.90 -
PRW59272.1           -           1372 9476at3041           -            133   0.00038   19.8   2.9   1   4     0.014       1.5    8.2   0.1    51    77   520   546   517   557 0.89 -
PRW59272.1           -           1372 9476at3041           -            133   0.00038   19.8   2.9   2   4       0.5        53    3.1   0.0    54    95   558   599   552   606 0.88 -
PRW59272.1           -           1372 9476at3041           -            133   0.00038   19.8   2.9   3   4      0.66        70    2.8   0.1    49    87   659   698   649   703 0.82 -
PRW59272.1           -           1372 9476at3041           -            133   0.00038   19.8   2.9   4   4       1.5   1.6e+02    1.6   0.0    54    93   764   802   731   820 0.73 -
PRW60479.1           -            195 9476at3041           -            133   0.00041   19.7   6.9   1   2     0.026       2.8    7.3   0.2    55    89    26    60     2    70 0.80 -
PRW60479.1           -            195 9476at3041           -            133   0.00041   19.7   6.9   2   2   4.7e-05     0.005   16.2   1.1    48    88    67   103    50   123 0.79 -
PRW32544.1           -            433 9476at3041           -            133   0.00055   19.3   0.8   1   3      0.88        94    2.3   0.0    43    84   181   222   174   225 0.83 -
PRW32544.1           -            433 9476at3041           -            133   0.00055   19.3   0.8   2   3   0.00039     0.041   13.2   0.0    44    95   215   266   210   285 0.84 -
PRW32544.1           -            433 9476at3041           -            133   0.00055   19.3   0.8   3   3       2.8     3e+02    0.7   0.1    54    79   296   321   289   336 0.85 -
PRW57988.1           -           1088 9476at3041           -            133   0.00055   19.3   0.6   1   1   2.3e-05    0.0025   17.2   0.0    43   109   927   999   916  1009 0.79 -
PRW59132.1           -           1322 9476at3041           -            133   0.00082   18.7   0.6   1   1   2.8e-05     0.003   16.9   0.6    42    97   689   744   678   758 0.86 -
PRW57671.1           -            530 9476at3041           -            133     0.001   18.4   2.3   1   2     0.089       9.5    5.6   0.1    44    87    30    74    19    76 0.81 -
PRW57671.1           -            530 9476at3041           -            133     0.001   18.4   2.3   2   2   6.4e-05    0.0068   15.7   1.4    43   101    63   120    61   128 0.90 -
PRW20997.1           -            770 9476at3041           -            133    0.0011   18.3   0.1   1   1   3.8e-05    0.0041   16.5   0.1    53    95   260   302   251   310 0.86 -
PRW59026.1           -            490 9476at3041           -            133    0.0011   18.3   0.1   1   1   4.4e-05    0.0047   16.3   0.1    42    93    32    83    17    92 0.89 -
PRW57578.1           -            325 9476at3041           -            133    0.0013   18.0   2.2   1   3    0.0026      0.28   10.5   0.1    47    96    75   124    51   134 0.91 -
PRW57578.1           -            325 9476at3041           -            133    0.0013   18.0   2.2   2   3         1   1.1e+02    2.1   0.0    51    81   168   198   156   201 0.87 -
PRW57578.1           -            325 9476at3041           -            133    0.0013   18.0   2.2   3   3      0.92        99    2.3   0.0    52    74   217   239   213   245 0.85 -
PRW33587.1           -            277 9476at3041           -            133    0.0014   17.9   1.4   1   5      0.91        97    2.3   0.1    53    94    31    72     1    87 0.67 -
PRW33587.1           -            277 9476at3041           -            133    0.0014   17.9   1.4   2   5      0.14        15    4.9   0.1    43    63    89   108    30   111 0.66 -
PRW33587.1           -            277 9476at3041           -            133    0.0014   17.9   1.4   3   5     0.063       6.7    6.1   0.0    44    72    90   117    53   128 0.70 -
PRW33587.1           -            277 9476at3041           -            133    0.0014   17.9   1.4   4   5      0.39        42    3.5   0.0    47    77   128   157   115   171 0.75 -
PRW33587.1           -            277 9476at3041           -            133    0.0014   17.9   1.4   5   5       0.5        54    3.1   0.0    52    76   170   194   159   199 0.84 -
PRW50750.1           -            534 9476at3041           -            133    0.0032   16.8   2.8   1   2    0.0024      0.26   10.6   0.3    42    95    64   118    36   131 0.82 -
PRW50750.1           -            534 9476at3041           -            133    0.0032   16.8   2.8   2   2      0.11        12    5.3   0.6    51    80   147   176   102   186 0.88 -
PRW61551.1           -            320 9476at3041           -            133    0.0039   16.5   0.5   1   1   0.00016     0.017   14.5   0.1    54    88    39    73    30    95 0.89 -
PRW58347.1           -            529 9476at3041           -            133    0.0041   16.4   0.8   1   2   0.00017     0.019   14.3   0.2    52    95   365   408   357   415 0.90 -
PRW58347.1           -            529 9476at3041           -            133    0.0041   16.4   0.8   2   2         9   9.7e+02   -0.9   0.0    65    90   423   448   417   454 0.80 -
PRW34055.1           -            886 9476at3041           -            133    0.0052   16.1   0.1   1   1   0.00011     0.012   15.0   0.1    37    88    35    86    16   110 0.78 -
PRW20680.1           -           1331 9476at3041           -            133    0.0054   16.1   2.2   1   4       2.9   3.1e+02    0.7   0.1    70    88   766   784   761   791 0.85 -
PRW20680.1           -           1331 9476at3041           -            133    0.0054   16.1   2.2   2   4      0.86        92    2.4   0.0    58    99   908   953   900   961 0.72 -
PRW20680.1           -           1331 9476at3041           -            133    0.0054   16.1   2.2   3   4       3.3   3.5e+02    0.5   0.0    47    96   993  1047   982  1068 0.69 -
PRW20680.1           -           1331 9476at3041           -            133    0.0054   16.1   2.2   4   4     0.025       2.6    7.4   0.0    41    94  1100  1152  1063  1158 0.80 -
PRW56082.1           -           2391 9476at3041           -            133     0.006   15.9   0.1   1   1   0.00016     0.017   14.5   0.1    41    92   864   916   850   940 0.86 -
PRW56966.1           -           2746 9476at3041           -            133     0.008   15.5   0.5   1   2      0.03       3.2    7.1   0.1    46    86  1555  1596  1522  1611 0.80 -
PRW56966.1           -           2746 9476at3041           -            133     0.008   15.5   0.5   2   2     0.083       8.8    5.7   0.1    45   104  1711  1771  1679  1776 0.82 -
PRW50850.1           -            391 9476at3041           -            133     0.008   15.5   0.1   1   1   0.00016     0.017   14.5   0.1    53   105    61   113    38   121 0.87 -
PRW33658.1           -            244 9476at3041           -            133    0.0086   15.4   0.1   1   1   0.00015     0.016   14.5   0.1    31    83    71   123    56   135 0.80 -
PRW33205.1           -            253 9476at3041           -            133    0.0086   15.4   7.7   1   4      0.11        12    5.2   0.1    42    66    57    81    43   104 0.78 -
PRW33205.1           -            253 9476at3041           -            133    0.0086   15.4   7.7   2   4     0.032       3.5    7.0   0.1    55    94   109   152   103   162 0.82 -
PRW33205.1           -            253 9476at3041           -            133    0.0086   15.4   7.7   3   4     0.083       8.8    5.7   0.0    44    93   135   188   134   202 0.79 -
PRW33205.1           -            253 9476at3041           -            133    0.0086   15.4   7.7   4   4      0.29        31    3.9   0.2    18    42   208   232   192   238 0.83 -
PRW45119.1           -           3268 9476at3041           -            133    0.0091   15.3  24.4   1   9      0.86        92    2.4   0.1    48    95   458   507   445   522 0.70 -
PRW45119.1           -           3268 9476at3041           -            133    0.0091   15.3  24.4   2   9         9   9.6e+02   -0.9   0.0    51    93   531   574   526   584 0.73 -
PRW45119.1           -           3268 9476at3041           -            133    0.0091   15.3  24.4   3   9      0.54        58    3.0   0.0    50    77   634   661   625   690 0.85 -
PRW45119.1           -           3268 9476at3041           -            133    0.0091   15.3  24.4   4   9       3.3   3.5e+02    0.5   0.0    53    77  1095  1119  1088  1152 0.72 -
PRW45119.1           -           3268 9476at3041           -            133    0.0091   15.3  24.4   5   9       7.3   7.8e+02   -0.6   0.0    51    82  1254  1285  1242  1309 0.79 -
PRW45119.1           -           3268 9476at3041           -            133    0.0091   15.3  24.4   6   9      0.54        57    3.0   0.5    51    76  1833  1858  1802  1871 0.71 -
PRW45119.1           -           3268 9476at3041           -            133    0.0091   15.3  24.4   7   9       5.6     6e+02   -0.2   0.0    55    89  1872  1907  1865  1924 0.74 -
PRW45119.1           -           3268 9476at3041           -            133    0.0091   15.3  24.4   8   9      0.62        66    2.8   0.0    52    84  1972  2004  1945  2025 0.81 -
PRW45119.1           -           3268 9476at3041           -            133    0.0091   15.3  24.4   9   9      0.29        31    3.9   0.0    52    99  2040  2091  2029  2093 0.78 -
PRW45120.1           -           3271 9476at3041           -            133    0.0095   15.3  24.5   1   9      0.86        92    2.4   0.1    48    95   458   507   445   522 0.70 -
PRW45120.1           -           3271 9476at3041           -            133    0.0095   15.3  24.5   2   9         9   9.6e+02   -0.9   0.0    51    93   531   574   526   584 0.73 -
PRW45120.1           -           3271 9476at3041           -            133    0.0095   15.3  24.5   3   9      0.54        58    3.0   0.0    50    77   634   661   625   690 0.85 -
PRW45120.1           -           3271 9476at3041           -            133    0.0095   15.3  24.5   4   9       3.3   3.6e+02    0.5   0.0    53    77  1095  1119  1088  1152 0.72 -
PRW45120.1           -           3271 9476at3041           -            133    0.0095   15.3  24.5   5   9       7.3   7.8e+02   -0.6   0.0    51    82  1254  1285  1242  1309 0.79 -
PRW45120.1           -           3271 9476at3041           -            133    0.0095   15.3  24.5   6   9      0.54        57    3.0   0.5    51    76  1836  1861  1805  1874 0.71 -
PRW45120.1           -           3271 9476at3041           -            133    0.0095   15.3  24.5   7   9       5.6     6e+02   -0.2   0.0    55    89  1875  1910  1868  1927 0.74 -
PRW45120.1           -           3271 9476at3041           -            133    0.0095   15.3  24.5   8   9      0.62        67    2.8   0.0    52    84  1975  2007  1948  2028 0.81 -
PRW45120.1           -           3271 9476at3041           -            133    0.0095   15.3  24.5   9   9      0.29        31    3.9   0.0    52    99  2043  2094  2032  2096 0.78 -
PRW45187.1           -            379 9476at3041           -            133     0.011   15.0   0.7   1   6      0.14        15    5.0   0.0    54    77    88   111    79   131 0.87 -
PRW45187.1           -            379 9476at3041           -            133     0.011   15.0   0.7   2   6         4   4.3e+02    0.2   0.0    56   103   124   172   117   182 0.77 -
PRW45187.1           -            379 9476at3041           -            133     0.011   15.0   0.7   3   6       7.4   7.9e+02   -0.6   0.0    54    96   156   199   151   217 0.73 -
PRW45187.1           -            379 9476at3041           -            133     0.011   15.0   0.7   4   6       3.1   3.3e+02    0.6   0.0    53    76   223   246   210   262 0.84 -
PRW45187.1           -            379 9476at3041           -            133     0.011   15.0   0.7   5   6       2.6   2.8e+02    0.8   0.0    53    75   279   301   268   309 0.86 -
PRW45187.1           -            379 9476at3041           -            133     0.011   15.0   0.7   6   6       3.7   3.9e+02    0.3   0.0    27    74   321   371   310   376 0.69 -
PRW56053.1           -            629 9476at3041           -            133     0.012   15.0  13.6   1   6       3.1   3.3e+02    0.6   0.0    43    80   206   243   188   252 0.83 -
PRW56053.1           -            629 9476at3041           -            133     0.012   15.0  13.6   2   6      0.12        13    5.2   0.8    56    99   288   332   277   343 0.82 -
PRW56053.1           -            629 9476at3041           -            133     0.012   15.0  13.6   3   6     0.057       6.1    6.2   1.8    53    95   319   362   311   371 0.86 -
PRW56053.1           -            629 9476at3041           -            133     0.012   15.0  13.6   4   6         2   2.1e+02    1.2   0.1    51    72   351   372   344   383 0.74 -
PRW56053.1           -            629 9476at3041           -            133     0.012   15.0  13.6   5   6     0.016       1.7    8.0   0.3    51    99   385   434   376   445 0.83 -
PRW56053.1           -            629 9476at3041           -            133     0.012   15.0  13.6   6   6      0.25        27    4.1   0.1    49    84   451   485   439   517 0.77 -
PRW59566.1           -            827 9476at3041           -            133     0.012   15.0   0.1   1   2     0.035       3.7    6.9   0.0    44    95   638   690   632   704 0.81 -
PRW59566.1           -            827 9476at3041           -            133     0.012   15.0   0.1   2   2     0.089       9.6    5.6   0.0    26    98   721   791   698   804 0.71 -
PRW33659.1           -            246 9476at3041           -            133     0.014   14.7   0.0   1   1   0.00025     0.027   13.8   0.0    31    81    71   121    56   134 0.77 -
PRW57831.1           -            966 9476at3041           -            133     0.016   14.6   0.1   1   1   0.00043     0.046   13.1   0.1    42    95    65   118    39   131 0.87 -
PRW45173.1           -            834 9476at3041           -            133     0.019   14.3   0.0   1   1   0.00036     0.039   13.3   0.0    39    78   362   405   337   415 0.79 -
PRW20255.1           -            330 9476at3041           -            133     0.027   13.8   0.3   1   2      0.16        17    4.8   0.0    57    88     9    40     2    49 0.86 Chlorella sorokiniana strain 1602 contig_25, whole genome shotgun sequence.
PRW20255.1           -            330 9476at3041           -            133     0.027   13.8   0.3   2   2      0.28        30    4.0   0.0    51   104    69   123    51   131 0.79 Chlorella sorokiniana strain 1602 contig_25, whole genome shotgun sequence.
PRW59808.1           -            958 9476at3041           -            133     0.032   13.6   5.4   1   5      0.85        91    2.4   0.1    47    84   634   671   620   683 0.82 -
PRW59808.1           -            958 9476at3041           -            133     0.032   13.6   5.4   2   5       1.3   1.4e+02    1.8   0.1    53    95   685   728   674   740 0.78 -
PRW59808.1           -            958 9476at3041           -            133     0.032   13.6   5.4   3   5     0.088       9.5    5.6   0.1    51    94   751   794   732   804 0.88 -
PRW59808.1           -            958 9476at3041           -            133     0.032   13.6   5.4   4   5     0.039       4.2    6.7   0.4    42    90   775   823   759   837 0.90 -
PRW59808.1           -            958 9476at3041           -            133     0.032   13.6   5.4   5   5         1   1.1e+02    2.1   0.1    43    95   809   863   793   869 0.76 -
PRW20814.1           -           2705 9476at3041           -            133     0.049   13.0   0.0   1   2     0.072       7.7    5.9   0.0    51    86  1597  1632  1564  1635 0.83 -
PRW20814.1           -           2705 9476at3041           -            133     0.049   13.0   0.0   2   2     0.016       1.7    8.0   0.0    42    96  1621  1677  1620  1682 0.85 -
PRW59791.1           -            286 9476at3041           -            133     0.052   12.9   0.0   1   3      0.95     1e+02    2.2   0.0    46    90   103   148    90   170 0.75 -
PRW59791.1           -            286 9476at3041           -            133     0.052   12.9   0.0   2   3       4.4   4.7e+02    0.1   0.0    57   103   184   231   178   238 0.66 -
PRW59791.1           -            286 9476at3041           -            133     0.052   12.9   0.0   3   3     0.047         5    6.5   0.0    53    84   249   281   244   285 0.82 -
PRW45093.1           -            176 9476at3041           -            133     0.053   12.9   0.3   1   2       6.1   6.5e+02   -0.4   0.0    56    76    21    41    19    46 0.87 -
PRW45093.1           -            176 9476at3041           -            133     0.053   12.9   0.3   2   2    0.0022      0.23   10.8   0.1    54    98    55    99    43   111 0.85 -
PRW56848.1           -            459 9476at3041           -            133      0.11   11.8   0.3   1   2       1.3   1.4e+02    1.8   0.0    70    95     2    27     1    36 0.72 -
PRW56848.1           -            459 9476at3041           -            133      0.11   11.8   0.3   2   2     0.027       2.9    7.2   0.1    46    78    91   123    86   126 0.89 -
PRW32541.1           -            627 9476at3041           -            133      0.25   10.7   8.8   1   3     0.015       1.6    8.1   0.1    52    95   207   250   196   268 0.77 -
PRW32541.1           -            627 9476at3041           -            133      0.25   10.7   8.8   2   3      0.62        66    2.8   0.3    44    84   399   439   362   458 0.76 -
PRW32541.1           -            627 9476at3041           -            133      0.25   10.7   8.8   3   3         5   5.3e+02   -0.1   0.0    43    79   528   564   512   582 0.68 -
PRW33323.1           -            658 9476at3041           -            133      0.26   10.6   1.8   1   2       0.8        86    2.5   0.2    43    84    56   102    26   123 0.79 -
PRW33323.1           -            658 9476at3041           -            133      0.26   10.6   1.8   2   2     0.029       3.1    7.2   0.1    64    96   157   189   127   202 0.80 -
PRW57853.1           -            817 9476at3041           -            133       6.6    6.1  23.3   1   7       3.1   3.3e+02    0.6   0.4    56   101   271   317   254   325 0.65 -
PRW57853.1           -            817 9476at3041           -            133       6.6    6.1  23.3   2   7      0.66        71    2.7   2.5    29    95   313   379   293   390 0.65 -
PRW57853.1           -            817 9476at3041           -            133       6.6    6.1  23.3   3   7       7.6   8.1e+02   -0.7   0.0    50    80   401   431   398   446 0.77 -
PRW57853.1           -            817 9476at3041           -            133       6.6    6.1  23.3   4   7       2.4   2.6e+02    0.9   0.0    51    82   436   467   428   489 0.78 -
PRW57853.1           -            817 9476at3041           -            133       6.6    6.1  23.3   5   7      0.62        66    2.8   0.2    51    78   504   531   498   540 0.82 -
PRW57853.1           -            817 9476at3041           -            133       6.6    6.1  23.3   6   7      0.21        22    4.4   0.1    49    78   536   565   528   574 0.82 -
PRW57853.1           -            817 9476at3041           -            133       6.6    6.1  23.3   7   7      0.14        15    4.9   0.0    51    93   572   614   566   620 0.83 -
#
# Program:         hmmsearch
# Version:         3.1b2 (February 2015)
# Pipeline mode:   SEARCH
# Query file:      /Users/catrionaharrison/Documents/Bioinformatics/rp2/Data/genomes/busco/busco_downloads/lineages/chlorophyta_odb10/hmms/9476at3041.hmm
# Target file:     /Users/catrionaharrison/Documents/Bioinformatics/rp2/Data/genomes/busco/data/chlorella_sorokiniana.prot.fasta
# Option settings: hmmsearch --domtblout /Users/catrionaharrison/Documents/Bioinformatics/rp2/Data/genomes/busco/Busco_sorokiniana/run_chlorophyta_odb10/hmmer_output/initial_run_results/9476at3041.out --cpu 1 /Users/catrionaharrison/Documents/Bioinformatics/rp2/Data/genomes/busco/busco_downloads/lineages/chlorophyta_odb10/hmms/9476at3041.hmm /Users/catrionaharrison/Documents/Bioinformatics/rp2/Data/genomes/busco/data/chlorella_sorokiniana.prot.fasta 
# Current dir:     /Users/catrionaharrison/Documents/Bioinformatics/rp2/Data/genomes/busco
# Date:            Fri Jul 22 14:39:38 2022
# [ok]
