#                                                                            --- full sequence --- -------------- this domain -------------   hmm coord   ali coord   env coord
# target name        accession   tlen query name           accession   qlen   E-value  score  bias   #  of  c-Evalue  i-Evalue  score  bias  from    to  from    to  from    to  acc description of target
#------------------- ---------- ----- -------------------- ---------- ----- --------- ------ ----- --- --- --------- --------- ------ ----- ----- ----- ----- ----- ----- ----- ---- ---------------------
PRW60746.1           -            832 9624at3041           -            482  4.7e-111  370.8  65.0   1   8      0.14   3.6e+02   -1.5   0.0     2    22    31    50    30    55 0.78 -
PRW60746.1           -            832 9624at3041           -            482  4.7e-111  370.8  65.0   2   8     2e-08   5.1e-05   21.1   0.0    24    66    77   120    70   122 0.91 -
PRW60746.1           -            832 9624at3041           -            482  4.7e-111  370.8  65.0   3   8   4.6e-53   1.2e-49  168.3   4.9    45   187   136   306   128   309 0.82 -
PRW60746.1           -            832 9624at3041           -            482  4.7e-111  370.8  65.0   4   8    0.0053        14    3.2   0.1   184   199   325   340   323   342 0.91 -
PRW60746.1           -            832 9624at3041           -            482  4.7e-111  370.8  65.0   5   8    0.0053        14    3.2   0.1   197   263   388   451   348   457 0.79 -
PRW60746.1           -            832 9624at3041           -            482  4.7e-111  370.8  65.0   6   8   1.8e-17   4.7e-14   50.9  10.2   226   321   469   579   467   606 0.83 -
PRW60746.1           -            832 9624at3041           -            482  4.7e-111  370.8  65.0   7   8   9.9e-44   2.6e-40  137.5  22.6   330   470   627   775   577   786 0.79 -
PRW60746.1           -            832 9624at3041           -            482  4.7e-111  370.8  65.0   8   8     0.075     2e+02   -0.6   0.7   438   469   796   827   790   830 0.87 -
PRW56977.1           -            412 9624at3041           -            482     0.018   12.7   0.0   1   1   1.3e-05     0.033   11.9   0.0    20   111   264   351   249   357 0.82 -
PRW33677.1           -            281 9624at3041           -            482     0.052   11.2  19.6   1   1   3.8e-05     0.099   10.3  19.6   313   414    72   171    22   176 0.81 -
PRW58837.1           -            305 9624at3041           -            482       1.1    6.9  16.2   1   2   5.8e-05      0.15    9.7  11.3   308   478    16   190     1   194 0.86 -
PRW58837.1           -            305 9624at3041           -            482       1.1    6.9  16.2   2   2    0.0069        18    2.8   0.2   433   471   166   204   165   214 0.84 -
#
# Program:         hmmsearch
# Version:         3.1b2 (February 2015)
# Pipeline mode:   SEARCH
# Query file:      /Users/catrionaharrison/Documents/Bioinformatics/rp2/Data/genomes/busco/busco_downloads/lineages/chlorophyta_odb10/hmms/9624at3041.hmm
# Target file:     /Users/catrionaharrison/Documents/Bioinformatics/rp2/Data/genomes/busco/data/chlorella_sorokiniana.prot.fasta
# Option settings: hmmsearch --domtblout /Users/catrionaharrison/Documents/Bioinformatics/rp2/Data/genomes/busco/Busco_sorokiniana/run_chlorophyta_odb10/hmmer_output/initial_run_results/9624at3041.out --cpu 1 /Users/catrionaharrison/Documents/Bioinformatics/rp2/Data/genomes/busco/busco_downloads/lineages/chlorophyta_odb10/hmms/9624at3041.hmm /Users/catrionaharrison/Documents/Bioinformatics/rp2/Data/genomes/busco/data/chlorella_sorokiniana.prot.fasta 
# Current dir:     /Users/catrionaharrison/Documents/Bioinformatics/rp2/Data/genomes/busco
# Date:            Fri Jul 22 14:39:50 2022
# [ok]
