#                                                                            --- full sequence --- -------------- this domain -------------   hmm coord   ali coord   env coord
# target name        accession   tlen query name           accession   qlen   E-value  score  bias   #  of  c-Evalue  i-Evalue  score  bias  from    to  from    to  from    to  acc description of target
#------------------- ---------- ----- -------------------- ---------- ----- --------- ------ ----- --- --- --------- --------- ------ ----- ----- ----- ----- ----- ----- ----- ---- ---------------------
PSC71442.1           -            254 10253at3041          -            164   2.8e-71  237.6   0.0   1   1   1.1e-73     4e-71  237.1   0.0     2   164    85   253    84   253 0.95 -
PSC76647.1           -            480 10253at3041          -            164   5.3e-19   67.6   0.0   1   2   6.2e-11   2.2e-08   33.1   0.0    36   105    40   107     7   139 0.87 -
PSC76647.1           -            480 10253at3041          -            164   5.3e-19   67.6   0.0   2   2   1.2e-10   4.3e-08   32.2   0.1    45   108   208   269   201   278 0.88 -
PSC75237.1           -            506 10253at3041          -            164   1.7e-15   56.3   0.8   1   3   9.4e-07   0.00034   19.5   0.0    35   104    34   107     3   115 0.76 -
PSC75237.1           -            506 10253at3041          -            164   1.7e-15   56.3   0.8   2   3   4.4e-10   1.6e-07   30.3   0.0    36   108   382   454   374   459 0.95 -
PSC75237.1           -            506 10253at3041          -            164   1.7e-15   56.3   0.8   3   3      0.12        42    2.9   0.1    39    59   462   482   457   496 0.80 -
PSC75146.1           -            153 10253at3041          -            164   6.3e-14   51.1   0.0   1   1   2.2e-16   7.8e-14   50.8   0.0    28   127    52   148    22   151 0.85 -
PSC75600.1           -            518 10253at3041          -            164   5.1e-12   44.9   0.1   1   2   1.5e-07   5.4e-05   22.1   0.0    33   107    39   115    13   130 0.77 -
PSC75600.1           -            518 10253at3041          -            164   5.1e-12   44.9   0.1   2   2   5.6e-07    0.0002   20.2   0.1    40   109   398   465   382   515 0.74 -
PSC74123.1           -           1451 10253at3041          -            164   6.3e-11   41.4   0.0   1   2   1.6e-05    0.0059   15.5   0.0    43    67   979  1003   955  1046 0.84 -
PSC74123.1           -           1451 10253at3041          -            164   6.3e-11   41.4   0.0   2   2     8e-08   2.9e-05   23.0   0.0    34   105  1142  1210  1111  1221 0.81 -
PSC67995.1           -             99 10253at3041          -            164   1.4e-09   37.0   0.0   1   1   4.4e-12   1.6e-09   36.8   0.0    34   106     2    73     1    85 0.89 -
PSC67951.1           -            390 10253at3041          -            164   3.7e-09   35.6   0.0   1   1     2e-11     7e-09   34.7   0.0    31   106   290   364   277   373 0.89 -
PSC67617.1           -            174 10253at3041          -            164   3.8e-09   35.6   0.5   1   1   1.8e-11   6.5e-09   34.8   0.1    36   122    72   157    47   164 0.81 -
PSC68084.1           -           1329 10253at3041          -            164   1.7e-08   33.5   0.0   1   1   1.1e-10   3.9e-08   32.3   0.0    31   106  1229  1303  1216  1312 0.89 -
PSC75196.1           -           3681 10253at3041          -            164   1.8e-08   33.4   0.0   1   1   1.3e-10   4.5e-08   32.1   0.0    37   105  2982  3050  2956  3061 0.90 -
PSC72182.1           -           1056 10253at3041          -            164   1.8e-08   33.4   0.2   1   2   2.5e-10   8.9e-08   31.1   0.0     6   110    19   127    14   136 0.77 -
PSC72182.1           -           1056 10253at3041          -            164   1.8e-08   33.4   0.2   2   2       5.4   1.9e+03   -2.5   0.0   132   156   580   604   556   609 0.75 -
PSC73042.1           -           1141 10253at3041          -            164   1.8e-07   30.2   0.0   1   1     5e-10   1.8e-07   30.2   0.0    13   126    45   156    36   167 0.78 -
PSC76638.1           -            394 10253at3041          -            164   5.8e-07   28.5   0.0   1   1     4e-09   1.5e-06   27.2   0.0    32   104   108   184    77   205 0.74 -
PSC75337.1           -            151 10253at3041          -            164     1e-06   27.7   0.0   1   1   3.6e-09   1.3e-06   27.4   0.0    14   103    25   116    13   126 0.70 -
PSC68630.1           -            349 10253at3041          -            164   1.2e-06   27.5   0.5   1   2   5.3e-08   1.9e-05   23.6   0.1    31   105     8    79     2    90 0.82 -
PSC68630.1           -            349 10253at3041          -            164   1.2e-06   27.5   0.5   2   2      0.25        91    1.8   0.1   107   135   231   258   227   282 0.75 -
PSC69231.1           -            161 10253at3041          -            164   1.3e-06   27.4   0.0   1   1   4.4e-09   1.6e-06   27.1   0.0     5   104    36   134    33   152 0.79 -
PSC72377.1           -           2107 10253at3041          -            164   8.3e-06   24.7   0.0   1   1   5.8e-08   2.1e-05   23.4   0.0    32   113  1867  1950  1852  1981 0.85 -
PSC74330.1           -            139 10253at3041          -            164   1.9e-05   23.6   0.0   1   1   6.1e-08   2.2e-05   23.4   0.0    37   107    37   107     7   116 0.84 -
PSC75035.1           -            461 10253at3041          -            164    0.0002   20.2   0.0   1   1   1.1e-06   0.00039   19.3   0.0    44   101   204   259   199   266 0.85 -
PSC71986.1           -            184 10253at3041          -            164   0.00043   19.2   0.6   1   2       1.1   3.9e+02   -0.2   0.0    17    58    32    73    16    91 0.69 -
PSC71986.1           -            184 10253at3041          -            164   0.00043   19.2   0.6   2   2   2.5e-06   0.00089   18.1   0.4    39    82    95   138    54   177 0.67 -
PSC67291.1           -            441 10253at3041          -            164   0.00049   19.0   0.0   1   1   2.6e-06   0.00094   18.1   0.0    40   112   344   416   323   426 0.81 -
PSC75285.1           -            690 10253at3041          -            164    0.0011   17.8   0.0   1   2   8.6e-05     0.031   13.1   0.0    39    80   504   546   466   584 0.69 -
PSC75285.1           -            690 10253at3041          -            164    0.0011   17.8   0.0   2   2      0.19        69    2.2   0.0    91   109   583   601   557   606 0.82 -
PSC71718.1           -            167 10253at3041          -            164    0.0046   15.8   0.0   1   1   1.5e-05    0.0054   15.6   0.0     7   107    14   117     9   144 0.69 -
PSC74492.1           -            489 10253at3041          -            164    0.0055   15.6   0.2   1   1   4.6e-05     0.016   14.0   0.0    43    84   136   177   122   211 0.85 -
PSC75479.1           -            543 10253at3041          -            164     0.011   14.6   0.0   1   1   6.8e-05     0.025   13.4   0.0    39   107   448   514   410   522 0.80 -
PSC76316.1           -            278 10253at3041          -            164     0.017   14.0   0.0   1   1   6.4e-05     0.023   13.5   0.0    44   119   146   221   133   262 0.81 -
PSC76599.1           -            185 10253at3041          -            164      0.04   12.7   0.1   1   1   0.00024     0.087   11.7   0.1    34    72    27    64     5   148 0.77 -
#
# Program:         hmmsearch
# Version:         3.1b2 (February 2015)
# Pipeline mode:   SEARCH
# Query file:      /Users/catrionaharrison/Documents/Bioinformatics/rp2/Data/genomes/busco/busco_downloads/lineages/chlorophyta_odb10/hmms/10253at3041.hmm
# Target file:     /Users/catrionaharrison/Documents/Bioinformatics/rp2/Data/genomes/busco/data/micractinium_conductrix.prot.fasta
# Option settings: hmmsearch --domtblout /Users/catrionaharrison/Documents/Bioinformatics/rp2/Data/genomes/busco/Busco_conductrix/run_chlorophyta_odb10/hmmer_output/initial_run_results/10253at3041.out --cpu 1 /Users/catrionaharrison/Documents/Bioinformatics/rp2/Data/genomes/busco/busco_downloads/lineages/chlorophyta_odb10/hmms/10253at3041.hmm /Users/catrionaharrison/Documents/Bioinformatics/rp2/Data/genomes/busco/data/micractinium_conductrix.prot.fasta 
# Current dir:     /Users/catrionaharrison/Documents/Bioinformatics/rp2/Data/genomes/busco
# Date:            Fri Jul 22 15:12:23 2022
# [ok]
