#                                                                            --- full sequence --- -------------- this domain -------------   hmm coord   ali coord   env coord
# target name        accession   tlen query name           accession   qlen   E-value  score  bias   #  of  c-Evalue  i-Evalue  score  bias  from    to  from    to  from    to  acc description of target
#------------------- ---------- ----- -------------------- ---------- ----- --------- ------ ----- --- --- --------- --------- ------ ----- ----- ----- ----- ----- ----- ----- ---- ---------------------
PSC71547.1           -            694 1080at3041           -            465  1.6e-258  857.0   1.2   1   1  1.2e-260  2.5e-258  856.3   1.2    12   465   171   670   166   670 0.93 -
PSC76053.1           -           3374 1080at3041           -            465  4.8e-177  588.4   0.8   1   1  3.6e-179  7.5e-177  587.7   0.8    66   465   392   815   381   815 0.94 -
PSC69213.1           -           1148 1080at3041           -            465  2.8e-144  480.3   6.6   1   1  9.9e-145  2.1e-142  474.2   6.6    66   464   675  1118   668  1119 0.90 -
PSC67652.1           -            633 1080at3041           -            465    3e-139  463.7   7.3   1   1    1e-139  2.1e-137  457.7   7.3    65   464   161   601   152   602 0.88 -
PSC71580.1           -           1382 1080at3041           -            465  3.1e-125  417.5   3.4   1   2       2.8   5.9e+02   -2.1   0.0    14    40   763   789   752   800 0.79 -
PSC71580.1           -           1382 1080at3041           -            465  3.1e-125  417.5   3.4   2   2  1.6e-127  3.3e-125  417.5   1.8    61   464   833  1271   818  1272 0.89 -
PSC74371.1           -            954 1080at3041           -            465  1.2e-113  379.4   6.7   1   1  5.8e-114  1.2e-111  372.7   6.7    65   465   402   854   394   854 0.85 -
PSC71455.1           -            825 1080at3041           -            465  2.2e-113  378.5   0.1   1   2   7.6e-60   1.6e-57  194.3   0.1    63   287   210   441   196   468 0.94 -
PSC71455.1           -            825 1080at3041           -            465  2.2e-113  378.5   0.1   2   2   4.5e-56   9.5e-54  181.9   0.0    65   286   485   716   474   725 0.91 -
PSC75856.1           -            721 1080at3041           -            465    7e-112  373.5   8.5   1   1  1.6e-113  3.3e-111  371.3   8.5    67   463   236   680   231   682 0.84 -
PSC72207.1           -           1120 1080at3041           -            465  8.7e-101  336.9   0.4   1   3   2.8e-32   5.9e-30  103.4   0.0    67   199   296   429   291   434 0.97 -
PSC72207.1           -           1120 1080at3041           -            465  8.7e-101  336.9   0.4   2   3   2.6e-19   5.4e-17   60.7   0.1   203   281   472   556   462   573 0.84 -
PSC72207.1           -           1120 1080at3041           -            465  8.7e-101  336.9   0.4   3   3   3.4e-52   7.1e-50  169.1   0.0    65   284   679   907   664   910 0.91 -
PSC72206.1           -           1122 1080at3041           -            465  8.7e-101  336.9   0.4   1   3   2.8e-32   5.9e-30  103.4   0.0    67   199   298   431   293   436 0.97 -
PSC72206.1           -           1122 1080at3041           -            465  8.7e-101  336.9   0.4   2   3   2.6e-19   5.5e-17   60.7   0.1   203   281   474   558   464   575 0.84 -
PSC72206.1           -           1122 1080at3041           -            465  8.7e-101  336.9   0.4   3   3   3.4e-52   7.1e-50  169.1   0.0    65   284   681   909   666   912 0.91 -
PSC75104.1           -            716 1080at3041           -            465   4.9e-97  324.6   4.1   1   1     2e-97   4.1e-95  318.2   4.1    66   465   250   692   235   692 0.83 -
PSC76774.1           -           1596 1080at3041           -            465   2.1e-92  309.3   4.2   1   2   1.5e-94   3.1e-92  308.8   2.9    65   407   333   700   318   707 0.88 -
PSC76774.1           -           1596 1080at3041           -            465   2.1e-92  309.3   4.2   2   2       1.6   3.4e+02   -1.3   0.0   413   464   744   795   733   796 0.87 -
PSC74189.1           -            619 1080at3041           -            465     1e-84  284.0   0.8   1   1   7.7e-87   1.6e-84  283.3   0.8    61   286   329   564   320   578 0.92 -
PSC72708.1           -            741 1080at3041           -            465   5.6e-83  278.2   4.0   1   3   2.5e-37   5.2e-35  120.1   0.3    65   290    95   325    77   330 0.92 -
PSC72708.1           -            741 1080at3041           -            465   5.6e-83  278.2   4.0   2   3   4.5e-49   9.5e-47  158.8   0.0    65   283   369   600   358   617 0.89 -
PSC72708.1           -            741 1080at3041           -            465   5.6e-83  278.2   4.0   3   3       3.3   6.9e+02   -2.3   0.1   410   450   681   721   663   724 0.84 -
PSC74064.1           -           1566 1080at3041           -            465   5.8e-75  251.8   0.3   1   1   3.2e-75   6.8e-73  245.0   0.3    65   355   273   584   263   727 0.85 -
PSC74873.1           -            535 1080at3041           -            465     2e-73  246.8   2.0   1   3   6.7e-11   1.4e-08   32.9   0.0   120   201    13    97     9   111 0.89 -
PSC74873.1           -            535 1080at3041           -            465     2e-73  246.8   2.0   2   3   2.6e-14   5.5e-12   44.2   0.2   203   280   129   212   123   218 0.88 -
PSC74873.1           -            535 1080at3041           -            465     2e-73  246.8   2.0   3   3   9.2e-52   1.9e-49  167.6   0.0    65   285   270   499   242   508 0.92 -
PSC71841.1           -           1361 1080at3041           -            465   1.2e-64  217.8   4.2   1   2     3e-40   6.3e-38  129.7   1.6    65   282   945  1175   932  1180 0.86 -
PSC71841.1           -           1361 1080at3041           -            465   1.2e-64  217.8   4.2   2   2   9.5e-28     2e-25   88.5   0.0    67   201  1219  1357  1211  1360 0.92 -
PSC75261.1           -           1266 1080at3041           -            465   1.6e-57  194.3   0.2   1   1   1.2e-59   2.5e-57  193.6   0.2    66   299   999  1242   964  1257 0.92 -
PSC75812.1           -            433 1080at3041           -            465   4.7e-57  192.8   0.2   1   1   3.1e-59   6.6e-57  192.3   0.2    46   280   152   400   144   422 0.84 -
PSC72521.1           -            422 1080at3041           -            465   1.6e-56  191.0   0.3   1   1     1e-58   2.1e-56  190.6   0.3    66   283   161   387   150   414 0.88 -
PSC69343.1           -           1271 1080at3041           -            465   4.8e-56  189.4   0.1   1   1   3.6e-58   7.6e-56  188.8   0.1    65   280  1008  1234   988  1253 0.90 -
PSC72117.1           -            660 1080at3041           -            465   6.4e-52  175.8   0.2   1   1   4.5e-54   9.5e-52  175.3   0.2    66   283   164   390   151   407 0.90 -
PSC74626.1           -            445 1080at3041           -            465   2.7e-50  170.5   0.2   1   1   1.8e-52   3.8e-50  170.0   0.2    67   282   187   412   174   431 0.91 -
PSC75793.1           -            414 1080at3041           -            465   1.2e-49  168.3   0.2   1   1   8.2e-52   1.7e-49  167.8   0.2    66   255   157   350   142   394 0.85 -
PSC70744.1           -           1105 1080at3041           -            465   3.1e-46  157.1   1.4   1   2    0.0021      0.45    8.2   0.3   104   170   479   548   472   557 0.77 -
PSC70744.1           -           1105 1080at3041           -            465   3.1e-46  157.1   1.4   2   2   1.1e-45   2.3e-43  147.6   0.0    61   282   788  1025   770  1042 0.84 -
PSC72097.1           -           1086 1080at3041           -            465   5.7e-45  152.9   7.7   1   3     0.042       8.7    3.9   0.0    96   123   402   430   379   485 0.84 -
PSC72097.1           -           1086 1080at3041           -            465   5.7e-45  152.9   7.7   2   3   0.00012     0.025   12.3   1.2   208   280   566   646   562   653 0.77 -
PSC72097.1           -           1086 1080at3041           -            465   5.7e-45  152.9   7.7   3   3   4.3e-43     9e-41  139.1   0.2    68   286   722   947   712   951 0.89 -
PSC69994.1           -           1815 1080at3041           -            465   7.7e-43  145.9   0.1   1   1   7.7e-45   1.6e-42  144.8   0.1    65   292  1474  1711  1470  1729 0.86 -
PSC71389.1           -           1622 1080at3041           -            465   1.4e-40  138.4   0.0   1   2   1.9e-42     4e-40  136.9   0.0    68   282   632   859   626   882 0.89 -
PSC71389.1           -           1622 1080at3041           -            465   1.4e-40  138.4   0.0   2   2         3   6.2e+02   -2.2   0.1    98   123   978  1002   975  1052 0.66 -
PSC69501.1           -           1594 1080at3041           -            465   1.6e-40  138.2   0.1   1   1   1.3e-42   2.7e-40  137.5   0.1    60   302   303   555   295   586 0.86 -
PSC75535.1           -            439 1080at3041           -            465   3.5e-40  137.1   0.0   1   1   2.5e-42   5.3e-40  136.5   0.0    64   280   124   348   108   380 0.84 -
PSC75359.1           -           1009 1080at3041           -            465   1.3e-38  131.9   0.1   1   1   9.7e-41     2e-38  131.3   0.1    68   291   599   830   594   876 0.87 -
PSC76075.1           -            880 1080at3041           -            465   2.4e-37  127.8   0.4   1   2       4.8     1e+03   -2.9   0.1   424   449    47    72    41    79 0.84 -
PSC76075.1           -            880 1080at3041           -            465   2.4e-37  127.8   0.4   2   2   2.8e-39   5.9e-37  126.5   0.0    67   285   582   811   562   818 0.86 -
PSC72884.1           -            727 1080at3041           -            465   8.5e-37  126.0   0.8   1   2   2.4e-33   5.1e-31  106.9   0.2    91   281   231   442   223   451 0.83 -
PSC72884.1           -            727 1080at3041           -            465   8.5e-37  126.0   0.8   2   2   3.9e-06   0.00081   17.2   0.0   105   173   525   594   518   668 0.79 -
PSC67310.1           -            998 1080at3041           -            465   1.4e-36  125.3   0.0   1   1     1e-38   2.1e-36  124.7   0.0    67   278   240   457   231   463 0.87 -
PSC75328.1           -            717 1080at3041           -            465   1.8e-31  108.4   0.3   1   1   1.3e-33   2.8e-31  107.8   0.3    67   284   176   407   160   429 0.82 -
PSC76681.1           -            445 1080at3041           -            465   2.9e-30  104.4   0.0   1   2   1.1e-30   2.3e-28   98.2   0.0    66   247    83   265    70   275 0.87 -
PSC76681.1           -            445 1080at3041           -            465   2.9e-30  104.4   0.0   2   2     0.038       7.9    4.1   0.0   254   278   341   365   338   374 0.84 -
PSC76379.1           -            574 1080at3041           -            465   5.4e-29  100.2   0.0   1   1   3.9e-31   8.3e-29   99.6   0.0    99   277   345   526   331   537 0.91 -
PSC76293.1           -            251 1080at3041           -            465   1.8e-27   95.2   0.2   1   1   9.5e-30     2e-27   95.1   0.2   117   282     1   184     1   234 0.84 -
PSC70654.1           -           1016 1080at3041           -            465   6.9e-17   60.3   0.2   1   1   5.2e-19   1.1e-16   59.7   0.2   101   295   697   908   690   926 0.82 -
PSC70197.1           -            593 1080at3041           -            465   3.3e-12   44.9   0.0   1   2     7e-14   1.5e-11   42.8   0.0    98   256   329   483   258   510 0.75 -
PSC70197.1           -            593 1080at3041           -            465   3.3e-12   44.9   0.0   2   2         1   2.1e+02   -0.6   0.0   240   277   512   550   495   564 0.73 -
PSC75729.1           -            461 1080at3041           -            465   1.4e-10   39.5   0.0   1   1   1.3e-12   2.8e-10   38.6   0.0   104   251   181   344   176   355 0.75 -
PSC69399.1           -            636 1080at3041           -            465   2.1e-05   22.5   0.0   1   1   1.9e-07     4e-05   21.5   0.0   104   175   285   362   259   373 0.78 -
PSC73636.1           -            743 1080at3041           -            465   4.4e-05   21.4   0.0   1   2   2.3e-06   0.00048   18.0   0.0   102   153   132   185    98   193 0.82 -
PSC73636.1           -            743 1080at3041           -            465   4.4e-05   21.4   0.0   2   2      0.37        77    0.8   0.0   162   176   322   336   303   345 0.75 -
PSC68558.1           -           1059 1080at3041           -            465   0.00051   17.9   0.0   1   1   4.1e-06   0.00086   17.1   0.0    75   175   502   611   489   619 0.70 -
PSC73753.1           -            456 1080at3041           -            465   0.00056   17.8   0.1   1   1   5.7e-06    0.0012   16.7   0.1   103   138    64   101    41   110 0.86 -
PSC76267.1           -           1247 1080at3041           -            465    0.0013   16.6   0.0   1   1   1.2e-05    0.0025   15.6   0.0    74   134   459   521   453   577 0.61 -
PSC71955.1           -            993 1080at3041           -            465    0.0028   15.4   0.2   1   1   2.5e-05    0.0052   14.6   0.2   101   140    66   107    57   121 0.82 -
PSC72689.1           -           1067 1080at3041           -            465     0.021   12.6   0.1   1   1   0.00017     0.035   11.9   0.1    99   174   415   491   410   500 0.72 -
#
# Program:         hmmsearch
# Version:         3.1b2 (February 2015)
# Pipeline mode:   SEARCH
# Query file:      /Users/catrionaharrison/Documents/Bioinformatics/rp2/Data/genomes/busco/busco_downloads/lineages/chlorophyta_odb10/hmms/1080at3041.hmm
# Target file:     /Users/catrionaharrison/Documents/Bioinformatics/rp2/Data/genomes/busco/data/micractinium_conductrix.prot.fasta
# Option settings: hmmsearch --domtblout /Users/catrionaharrison/Documents/Bioinformatics/rp2/Data/genomes/busco/Busco_conductrix/run_chlorophyta_odb10/hmmer_output/initial_run_results/1080at3041.out --cpu 1 /Users/catrionaharrison/Documents/Bioinformatics/rp2/Data/genomes/busco/busco_downloads/lineages/chlorophyta_odb10/hmms/1080at3041.hmm /Users/catrionaharrison/Documents/Bioinformatics/rp2/Data/genomes/busco/data/micractinium_conductrix.prot.fasta 
# Current dir:     /Users/catrionaharrison/Documents/Bioinformatics/rp2/Data/genomes/busco
# Date:            Fri Jul 22 15:12:59 2022
# [ok]
