#                                                                            --- full sequence --- -------------- this domain -------------   hmm coord   ali coord   env coord
# target name        accession   tlen query name           accession   qlen   E-value  score  bias   #  of  c-Evalue  i-Evalue  score  bias  from    to  from    to  from    to  acc description of target
#------------------- ---------- ----- -------------------- ---------- ----- --------- ------ ----- --- --- --------- --------- ------ ----- ----- ----- ----- ----- ----- ----- ---- ---------------------
PSC74924.1           -            941 1128at3041           -            426  2.7e-191  635.0   1.1   1   2  4.5e-112  6.8e-110  366.8   0.1     1   297    51   438    51   449 0.84 -
PSC74924.1           -            941 1128at3041           -            426  2.7e-191  635.0   1.1   2   2   1.7e-80   2.6e-78  262.8   0.2   293   426   491   626   487   626 0.98 -
PSC71972.1           -            159 1128at3041           -            426   1.7e-58  197.5   0.0   1   1   1.3e-60   1.9e-58  197.3   0.0   290   424    17   152     6   154 0.97 -
PSC71934.1           -            252 1128at3041           -            426   2.9e-46  157.2   0.1   1   1   2.5e-48   3.8e-46  156.8   0.1   323   424   143   245   128   247 0.96 -
PSC75890.1           -            325 1128at3041           -            426   1.5e-44  151.5   0.0   1   1   1.4e-46     2e-44  151.1   0.0   290   423    14   151    11   153 0.95 -
PSC74703.1           -           1063 1128at3041           -            426   2.8e-44  150.6   0.0   1   1   2.8e-46   4.2e-44  150.1   0.0   293   424   383   515   362   517 0.96 -
PSC72104.1           -            247 1128at3041           -            426   1.2e-41  141.9   0.0   1   1     1e-43   1.5e-41  141.6   0.0   295   423   104   239   100   242 0.89 -
PSC76324.1           -            234 1128at3041           -            426   2.4e-40  137.6   0.1   1   1   2.1e-42   3.1e-40  137.3   0.1   294   423    94   227    90   230 0.89 -
PSC76028.1           -            271 1128at3041           -            426   1.7e-39  134.9   0.0   1   1   1.4e-41   2.1e-39  134.6   0.0   294   424    59   192    53   194 0.91 -
PSC68358.1           -            703 1128at3041           -            426   3.3e-39  133.9   0.1   1   1   3.2e-41   4.8e-39  133.4   0.1   293   423   211   351   208   354 0.85 -
PSC69049.1           -            173 1128at3041           -            426   3.5e-38  130.5   0.3   1   1   2.6e-40   3.9e-38  130.4   0.3   296   420    28   162    21   168 0.80 -
PSC73928.1           -            213 1128at3041           -            426   6.1e-38  129.8   0.3   1   1   5.5e-40   8.3e-38  129.3   0.3   294   420    51   187    47   192 0.83 -
PSC70845.1           -            186 1128at3041           -            426   9.5e-35  119.2   0.1   1   1   8.1e-37   1.2e-34  118.9   0.1   290   410    36   165    29   176 0.83 -
PSC70565.1           -            524 1128at3041           -            426   7.9e-32  109.6   0.0   1   1   7.6e-34   1.1e-31  109.1   0.0   294   423    18   156    14   159 0.92 -
PSC77004.1           -            580 1128at3041           -            426   1.5e-30  105.4   0.1   1   1   1.6e-32   2.4e-30  104.8   0.1   291   398    27   135    18   158 0.92 -
PSC72208.1           -            253 1128at3041           -            426   5.3e-30  103.6   0.0   1   1   5.7e-32   8.6e-30  102.9   0.0   295   422    92   233    87   237 0.81 -
PSC68223.1           -           1084 1128at3041           -            426   9.8e-18   63.2   0.1   1   1     1e-19   1.5e-17   62.6   0.1   314   415   559   656   521   663 0.84 -
PSC68000.1           -            250 1128at3041           -            426   2.4e-13   48.7   0.0   1   1   1.9e-15   2.9e-13   48.4   0.0   293   415    53   181    46   196 0.87 -
PSC67992.1           -            555 1128at3041           -            426   1.9e-11   42.5   0.0   1   3   2.1e-07   3.2e-05   22.0   0.1    27    84   112   168    97   182 0.86 -
PSC67992.1           -            555 1128at3041           -            426   1.9e-11   42.5   0.0   2   3      0.41        62    1.2   0.0    59    86   185   212   173   220 0.85 -
PSC67992.1           -            555 1128at3041           -            426   1.9e-11   42.5   0.0   3   3   2.7e-05     0.004   15.0   0.0    28    87   240   298   235   308 0.87 -
PSC74259.1           -            316 1128at3041           -            426   1.7e-10   39.4   0.7   1   4     0.018       2.7    5.7   0.0    27    87    48   107    41   112 0.87 -
PSC74259.1           -            316 1128at3041           -            426   1.7e-10   39.4   0.7   2   4   0.00031     0.047   11.5   0.0    49   110   110   173   106   178 0.81 -
PSC74259.1           -            316 1128at3041           -            426   1.7e-10   39.4   0.7   3   4     0.021       3.1    5.5   0.0    27    92   175   237   160   254 0.80 -
PSC74259.1           -            316 1128at3041           -            426   1.7e-10   39.4   0.7   4   4   5.2e-05    0.0078   14.1   0.1    27    83   259   314   244   315 0.87 -
PSC69661.1           -           2031 1128at3041           -            426     2e-10   39.1   0.4   1   3   0.00044     0.066   11.0   0.0    27   105  1744  1829  1738  1833 0.76 -
PSC69661.1           -           2031 1128at3041           -            426     2e-10   39.1   0.4   2   3   8.2e-06    0.0012   16.7   0.0    26    89  1793  1856  1768  1858 0.79 -
PSC69661.1           -           2031 1128at3041           -            426     2e-10   39.1   0.4   3   3   1.9e-06   0.00028   18.8   0.0    49    95  1857  1904  1851  1915 0.87 -
PSC69662.1           -           2032 1128at3041           -            426     2e-10   39.1   0.4   1   3   0.00044     0.066   11.0   0.0    27   105  1745  1830  1739  1834 0.76 -
PSC69662.1           -           2032 1128at3041           -            426     2e-10   39.1   0.4   2   3   8.2e-06    0.0012   16.7   0.0    26    89  1794  1857  1769  1859 0.79 -
PSC69662.1           -           2032 1128at3041           -            426     2e-10   39.1   0.4   3   3   1.9e-06   0.00028   18.8   0.0    49    95  1858  1905  1852  1916 0.87 -
PSC69028.1           -            615 1128at3041           -            426   1.1e-09   36.7   0.7   1   3   6.4e-05    0.0096   13.8   0.1    26    88   160   220   150   227 0.87 -
PSC69028.1           -            615 1128at3041           -            426   1.1e-09   36.7   0.7   2   3     9e-07   0.00014   19.9   0.0    27    87   244   303   229   320 0.80 -
PSC69028.1           -            615 1128at3041           -            426   1.1e-09   36.7   0.7   3   3       1.6   2.5e+02   -0.7   0.0    23    78   325   380   322   387 0.61 -
PSC74299.1           -            314 1128at3041           -            426   1.4e-09   36.3   0.2   1   6      0.02       3.1    5.5   0.0    28    87     7    64     3    72 0.87 -
PSC74299.1           -            314 1128at3041           -            426   1.4e-09   36.3   0.2   2   6   0.00075      0.11   10.3   0.0    15    86    35   107    29   111 0.85 -
PSC74299.1           -            314 1128at3041           -            426   1.4e-09   36.3   0.2   3   6    0.0006      0.09   10.6   0.0    27    86    91   148    72   154 0.81 -
PSC74299.1           -            314 1128at3041           -            426   1.4e-09   36.3   0.2   4   6     0.016       2.5    5.8   0.0    28    83   133   188   113   194 0.85 -
PSC74299.1           -            314 1128at3041           -            426   1.4e-09   36.3   0.2   5   6    0.0048      0.71    7.6   0.0    48    90   201   244   177   253 0.80 -
PSC74299.1           -            314 1128at3041           -            426   1.4e-09   36.3   0.2   6   6   0.00032     0.048   11.5   0.0    25    95   222   291   201   307 0.80 -
PSC70582.1           -           1174 1128at3041           -            426   2.3e-09   35.6   0.3   1   4   0.00024     0.036   11.9   0.0    26    86   257   318   252   322 0.88 -
PSC70582.1           -           1174 1128at3041           -            426   2.3e-09   35.6   0.3   2   4      0.02         3    5.6   0.0    28    89   345   405   332   413 0.85 -
PSC70582.1           -           1174 1128at3041           -            426   2.3e-09   35.6   0.3   3   4    0.0034      0.51    8.1   0.0    26   103   641   726   610   737 0.71 -
PSC70582.1           -           1174 1128at3041           -            426   2.3e-09   35.6   0.3   4   4      0.11        17    3.1   0.0    18    83   769   834   756   845 0.70 -
PSC70581.1           -           1186 1128at3041           -            426   2.3e-09   35.6   0.3   1   4   0.00024     0.036   11.9   0.0    26    86   269   330   264   334 0.88 -
PSC70581.1           -           1186 1128at3041           -            426   2.3e-09   35.6   0.3   2   4      0.02       3.1    5.5   0.0    28    89   357   417   345   425 0.85 -
PSC70581.1           -           1186 1128at3041           -            426   2.3e-09   35.6   0.3   3   4    0.0034      0.51    8.1   0.0    26   103   653   738   622   749 0.71 -
PSC70581.1           -           1186 1128at3041           -            426   2.3e-09   35.6   0.3   4   4      0.12        18    3.0   0.0    18    83   781   846   768   854 0.69 -
PSC67813.1           -            316 1128at3041           -            426   6.1e-09   34.2   0.1   1   2   1.9e-06   0.00029   18.8   0.0    10    84    60   135    28   139 0.85 -
PSC67813.1           -            316 1128at3041           -            426   6.1e-09   34.2   0.1   2   2   0.00022     0.033   12.0   0.0    21    86   161   225   150   234 0.87 -
PSC71489.1           -            387 1128at3041           -            426   7.1e-09   34.0   0.1   1   3   0.00011     0.017   13.0   0.0    30    87    83   139    79   151 0.80 -
PSC71489.1           -            387 1128at3041           -            426   7.1e-09   34.0   0.1   2   3       0.3        45    1.7   0.0    54    88   147   182   142   191 0.72 -
PSC71489.1           -            387 1128at3041           -            426   7.1e-09   34.0   0.1   3   3   1.8e-05    0.0027   15.6   0.0    27    96   252   325   245   370 0.79 -
PSC67814.1           -            424 1128at3041           -            426   1.9e-08   32.6   0.1   1   2   3.2e-06   0.00048   18.1   0.0    10    84    60   135    30   139 0.85 -
PSC67814.1           -            424 1128at3041           -            426   1.9e-08   32.6   0.1   2   2   0.00031     0.047   11.5   0.0    22    86   162   225   154   265 0.88 -
PSC71246.1           -            985 1128at3041           -            426   2.4e-08   32.3   3.7   1   7       1.3     2e+02   -0.4   0.0   221   253    21    53    18    62 0.87 -
PSC71246.1           -            985 1128at3041           -            426   2.4e-08   32.3   3.7   2   7    0.0026      0.39    8.5   0.0    30    86    83   138    74   157 0.84 -
PSC71246.1           -            985 1128at3041           -            426   2.4e-08   32.3   3.7   3   7      0.28        42    1.8   0.0    28    85   175   231   170   233 0.84 -
PSC71246.1           -            985 1128at3041           -            426   2.4e-08   32.3   3.7   4   7      0.37        55    1.4   0.0    28    88   554   624   552   634 0.76 -
PSC71246.1           -            985 1128at3041           -            426   2.4e-08   32.3   3.7   5   7     0.036       5.4    4.7   0.0    51    85   629   663   606   672 0.86 -
PSC71246.1           -            985 1128at3041           -            426   2.4e-08   32.3   3.7   6   7   3.5e-05    0.0053   14.6   0.5    20    95   641   715   629   731 0.81 -
PSC71246.1           -            985 1128at3041           -            426   2.4e-08   32.3   3.7   7   7    0.0026      0.39    8.5   0.2    14    81   677   743   668   749 0.76 -
PSC74769.1           -            482 1128at3041           -            426   7.8e-08   30.6   1.3   1   4      0.81   1.2e+02    0.3   0.0    58    86   119   147   113   181 0.79 -
PSC74769.1           -            482 1128at3041           -            426   7.8e-08   30.6   1.3   2   4     0.084        13    3.5   0.0    28    94   221   285   216   294 0.82 -
PSC74769.1           -            482 1128at3041           -            426   7.8e-08   30.6   1.3   3   4    0.0047      0.71    7.6   0.0    28    84   340   396   338   400 0.90 -
PSC74769.1           -            482 1128at3041           -            426   7.8e-08   30.6   1.3   4   4   1.1e-07   1.7e-05   22.9   0.1    27    92   382   446   359   455 0.86 -
PSC70882.1           -            380 1128at3041           -            426   7.9e-08   30.5   0.4   1   3    0.0088       1.3    6.7   0.0    21   111    18   107     8   130 0.79 -
PSC70882.1           -            380 1128at3041           -            426   7.9e-08   30.5   0.4   2   3   6.3e-07   9.5e-05   20.4   0.2    27    95   160   227   150   257 0.82 -
PSC70882.1           -            380 1128at3041           -            426   7.9e-08   30.5   0.4   3   3       1.6   2.5e+02   -0.7   0.0    49    78   277   307   253   319 0.52 -
PSC74135.1           -            522 1128at3041           -            426   7.9e-08   30.5   0.2   1   4      0.47        71    1.0   0.0    53    87    32    65    24    74 0.83 -
PSC74135.1           -            522 1128at3041           -            426   7.9e-08   30.5   0.2   2   4    0.0001     0.015   13.1   0.0    28    87    97   156    92   175 0.87 -
PSC74135.1           -            522 1128at3041           -            426   7.9e-08   30.5   0.2   3   4   0.00092      0.14   10.0   0.0    28    69   223   265   216   273 0.79 -
PSC74135.1           -            522 1128at3041           -            426   7.9e-08   30.5   0.2   4   4      0.79   1.2e+02    0.3   0.0    28    41   286   299   283   308 0.79 -
PSC72149.1           -            358 1128at3041           -            426   9.9e-08   30.2   0.0   1   3    0.0012      0.18    9.6   0.0    26    86    78   138    69   150 0.84 -
PSC72149.1           -            358 1128at3041           -            426   9.9e-08   30.2   0.0   2   3    0.0026       0.4    8.5   0.0    27    90   165   226   141   233 0.83 -
PSC72149.1           -            358 1128at3041           -            426   9.9e-08   30.2   0.0   3   3    0.0031      0.47    8.2   0.0    58    86   236   264   229   268 0.91 -
PSC67815.1           -            864 1128at3041           -            426   1.5e-07   29.6   0.1   1   2   9.4e-06    0.0014   16.5   0.0    11    84    61   135    53   139 0.81 -
PSC67815.1           -            864 1128at3041           -            426   1.5e-07   29.6   0.1   2   2    0.0008      0.12   10.2   0.0    21    86   161   225   151   266 0.88 -
PSC67497.1           -            505 1128at3041           -            426     9e-07   27.0   0.5   1   3   0.00015     0.023   12.6   0.0    26    91   207   271   198   281 0.86 -
PSC67497.1           -            505 1128at3041           -            426     9e-07   27.0   0.5   2   3    0.0039      0.59    7.9   0.1    24   103   289   367   282   386 0.74 -
PSC67497.1           -            505 1128at3041           -            426     9e-07   27.0   0.5   3   3      0.11        16    3.2   0.0    52    83   449   480   402   485 0.73 -
PSC75061.1           -           1567 1128at3041           -            426   1.8e-06   26.1   0.0   1   1   1.8e-08   2.6e-06   25.5   0.0   369   418   167   219   151   225 0.84 -
PSC76836.1           -           1054 1128at3041           -            426   1.1e-05   23.4   0.0   1   3       2.3   3.4e+02   -1.2   0.0    35   102   272   338   259   397 0.65 -
PSC76836.1           -           1054 1128at3041           -            426   1.1e-05   23.4   0.0   2   3   0.00057     0.085   10.7   0.0    27    90   540   601   534   603 0.89 -
PSC76836.1           -           1054 1128at3041           -            426   1.1e-05   23.4   0.0   3   3    0.0011      0.16    9.8   0.0    48    96   600   649   596   655 0.91 -
PSC68551.1           -            317 1128at3041           -            426   1.9e-05   22.7   0.1   1   3      0.47        71    1.0   0.0    26    41    72    87    67    92 0.82 -
PSC68551.1           -            317 1128at3041           -            426   1.9e-05   22.7   0.1   2   3    0.0033      0.49    8.2   0.0    17    86   110   178    94   188 0.74 -
PSC68551.1           -            317 1128at3041           -            426   1.9e-05   22.7   0.1   3   3    0.0016      0.23    9.2   0.0    24    86   201   265   184   282 0.82 -
PSC76313.1           -            970 1128at3041           -            426   3.5e-05   21.8   0.1   1   5       4.3   6.5e+02   -2.1   0.0    57    80    52    75    42    80 0.84 -
PSC76313.1           -            970 1128at3041           -            426   3.5e-05   21.8   0.1   2   5      0.21        32    2.2   0.0    42    86   125   170   106   174 0.82 -
PSC76313.1           -            970 1128at3041           -            426   3.5e-05   21.8   0.1   3   5   0.00096      0.14    9.9   0.0    27    88   437   497   430   509 0.87 -
PSC76313.1           -            970 1128at3041           -            426   3.5e-05   21.8   0.1   4   5      0.32        49    1.6   0.0    52    87   546   582   521   600 0.78 -
PSC76313.1           -            970 1128at3041           -            426   3.5e-05   21.8   0.1   5   5      0.43        65    1.2   0.0    59   100   658   699   652   719 0.86 -
PSC71119.1           -            347 1128at3041           -            426   3.9e-05   21.7   0.2   1   3    0.0068         1    7.1   0.0    26    86    40   101    33   113 0.90 -
PSC71119.1           -            347 1128at3041           -            426   3.9e-05   21.7   0.2   2   3    0.0019      0.28    8.9   0.0    21    87   120   182   114   198 0.80 -
PSC71119.1           -            347 1128at3041           -            426   3.9e-05   21.7   0.2   3   3      0.27        41    1.8   0.0    27    45   258   276   245   302 0.88 -
PSC73673.1           -            914 1128at3041           -            426     5e-05   21.3   0.2   1   3     0.025       3.7    5.2   0.0    55    99   605   650   597   682 0.74 -
PSC73673.1           -            914 1128at3041           -            426     5e-05   21.3   0.2   2   3    0.0031      0.47    8.2   0.1    26    86   705   763   689   766 0.87 -
PSC73673.1           -            914 1128at3041           -            426     5e-05   21.3   0.2   3   3    0.0011      0.17    9.7   0.1    27    92   747   812   726   824 0.73 -
PSC74579.1           -            843 1128at3041           -            426   6.9e-05   20.9   0.6   1   3      0.06         9    4.0   0.0    42    86   386   431   376   433 0.84 -
PSC74579.1           -            843 1128at3041           -            426   6.9e-05   20.9   0.6   2   3       2.3   3.4e+02   -1.2   0.0    23    42   519   538   508   544 0.84 -
PSC74579.1           -            843 1128at3041           -            426   6.9e-05   20.9   0.6   3   3   7.4e-05     0.011   13.6   0.1    14   101   545   639   534   647 0.80 -
PSC75857.1           -            444 1128at3041           -            426   8.4e-05   20.6   0.1   1   2   1.3e-05    0.0019   16.1   0.0    49   130   110   188    99   197 0.76 -
PSC75857.1           -            444 1128at3041           -            426   8.4e-05   20.6   0.1   2   2      0.25        37    2.0   0.0    28    42   324   338   266   344 0.67 -
PSC71368.1           -           1233 1128at3041           -            426   9.9e-05   20.3   0.0   1   2   1.6e-05    0.0023   15.8   0.0    15    85    61   137    45   143 0.79 -
PSC71368.1           -           1233 1128at3041           -            426   9.9e-05   20.3   0.0   2   2      0.27        41    1.8   0.0    28    89   301   362   273   395 0.76 -
PSC69723.1           -            525 1128at3041           -            426   0.00019   19.4   0.0   1   3       0.3        45    1.7   0.0    30    86   326   381   320   387 0.78 -
PSC69723.1           -            525 1128at3041           -            426   0.00019   19.4   0.0   2   3    0.0071       1.1    7.0   0.0    56    94   392   431   384   436 0.85 -
PSC69723.1           -            525 1128at3041           -            426   0.00019   19.4   0.0   3   3     0.012       1.8    6.3   0.0    27    84   450   507   441   513 0.79 -
PSC69797.1           -            441 1128at3041           -            426   0.00029   18.8   0.0   1   2     0.005      0.76    7.5   0.0    25    87    88   155    81   163 0.81 -
PSC69797.1           -            441 1128at3041           -            426   0.00029   18.8   0.0   2   2    0.0022      0.33    8.7   0.0    28    82   362   415   352   417 0.87 -
PSC74984.1           -            676 1128at3041           -            426   0.00039   18.4   0.4   1   3    0.0012      0.19    9.5   0.1    25    89    27    92    23    99 0.88 -
PSC74984.1           -            676 1128at3041           -            426   0.00039   18.4   0.4   2   3       0.2        30    2.3   0.0    58    98   168   208   158   223 0.83 -
PSC74984.1           -            676 1128at3041           -            426   0.00039   18.4   0.4   3   3      0.12        18    3.0   0.0    28    86   223   280   207   285 0.73 -
PSC70372.1           -           1705 1128at3041           -            426    0.0005   18.0   0.2   1   3   1.8e-05    0.0027   15.6   0.1    27    85   190   247   178   251 0.86 -
PSC70372.1           -           1705 1128at3041           -            426    0.0005   18.0   0.2   2   3       8.4   1.3e+03   -3.1   0.0    26    43   279   296   276   299 0.86 -
PSC70372.1           -           1705 1128at3041           -            426    0.0005   18.0   0.2   3   3       3.9   5.8e+02   -2.0   0.0    26    42   638   654   626   658 0.78 -
PSC68064.1           -            644 1128at3041           -            426   0.00066   17.6   0.0   1   2       3.2   4.9e+02   -1.7   0.0    56    91   335   370   331   381 0.86 -
PSC68064.1           -            644 1128at3041           -            426   0.00066   17.6   0.0   2   2   1.7e-05    0.0025   15.7   0.0    28    86   394   458   376   462 0.85 -
PSC73893.1           -            915 1128at3041           -            426   0.00068   17.6   0.5   1   4       6.8     1e+03   -2.8   0.0    73   183   257   272   246   283 0.60 -
PSC73893.1           -            915 1128at3041           -            426   0.00068   17.6   0.5   2   4       4.1   6.2e+02   -2.1   0.0    58    82   448   472   444   474 0.84 -
PSC73893.1           -            915 1128at3041           -            426   0.00068   17.6   0.5   3   4    0.0039      0.59    7.9   0.0    51    84   705   739   684   742 0.79 -
PSC73893.1           -            915 1128at3041           -            426   0.00068   17.6   0.5   4   4     0.015       2.2    6.0   0.0    49    86   760   798   753   801 0.85 -
PSC74642.1           -           1040 1128at3041           -            426    0.0011   16.9   0.1   1   2    0.0021      0.31    8.8   0.0    23    87   109   174    89   186 0.78 -
PSC74642.1           -           1040 1128at3041           -            426    0.0011   16.9   0.1   2   2     0.022       3.3    5.4   0.0    27    99   201   272   183   323 0.62 -
PSC76831.1           -           1284 1128at3041           -            426    0.0013   16.6   0.0   1   4    0.0083       1.3    6.8   0.0    64    87   228   251   183   261 0.76 -
PSC76831.1           -           1284 1128at3041           -            426    0.0013   16.6   0.0   2   4         2     3e+02   -1.0   0.0    16    87   280   353   278   356 0.67 -
PSC76831.1           -           1284 1128at3041           -            426    0.0013   16.6   0.0   3   4     0.032       4.9    4.9   0.0    66    86   860   880   815   886 0.86 -
PSC76831.1           -           1284 1128at3041           -            426    0.0013   16.6   0.0   4   4       3.7   5.6e+02   -1.9   0.0    58    87   949   979   905   981 0.67 -
PSC74953.1           -           1321 1128at3041           -            426    0.0016   16.3   0.0   1   3      0.53        80    0.9   0.0    29    86   933   992   921  1001 0.82 -
PSC74953.1           -           1321 1128at3041           -            426    0.0016   16.3   0.0   2   3       4.2   6.4e+02   -2.1   0.0    30    86  1021  1076  1017  1083 0.67 -
PSC74953.1           -           1321 1128at3041           -            426    0.0016   16.3   0.0   3   3   0.00023     0.035   11.9   0.0    27    86  1145  1204  1130  1207 0.91 -
PSC75185.1           -           1495 1128at3041           -            426     0.003   15.4   0.0   1   3      0.64        96    0.6   0.0    30    86  1112  1170  1098  1179 0.83 -
PSC75185.1           -           1495 1128at3041           -            426     0.003   15.4   0.0   2   3       4.9   7.3e+02   -2.3   0.0    30    86  1199  1254  1195  1261 0.67 -
PSC75185.1           -           1495 1128at3041           -            426     0.003   15.4   0.0   3   3   0.00036     0.054   11.3   0.0    27    86  1323  1382  1308  1385 0.91 -
PSC75184.1           -           1499 1128at3041           -            426     0.003   15.4   0.0   1   3      0.64        96    0.6   0.0    30    86  1116  1174  1102  1183 0.83 -
PSC75184.1           -           1499 1128at3041           -            426     0.003   15.4   0.0   2   3       4.9   7.4e+02   -2.3   0.0    30    86  1203  1258  1199  1265 0.67 -
PSC75184.1           -           1499 1128at3041           -            426     0.003   15.4   0.0   3   3   0.00036     0.054   11.3   0.0    27    86  1327  1386  1312  1389 0.91 -
PSC68158.1           -            415 1128at3041           -            426      0.01   13.7   0.0   1   2     0.013       1.9    6.2   0.0   297   338   251   291   248   296 0.86 -
PSC68158.1           -            415 1128at3041           -            426      0.01   13.7   0.0   2   2     0.024       3.6    5.3   0.0   371   407   349   392   331   399 0.72 -
PSC67099.1           -            525 1128at3041           -            426     0.011   13.6   4.3   1   4   0.00016     0.023   12.5   0.1    27    90   251   314   239   320 0.86 -
PSC67099.1           -            525 1128at3041           -            426     0.011   13.6   4.3   2   4      0.41        62    1.2   0.1    27    84   336   392   314   403 0.66 -
PSC67099.1           -            525 1128at3041           -            426     0.011   13.6   4.3   3   4       0.4        60    1.3   0.1    15    63   363   411   351   436 0.66 -
PSC67099.1           -            525 1128at3041           -            426     0.011   13.6   4.3   4   4       4.8   7.3e+02   -2.3   0.1    29    40   512   523   459   524 0.64 -
PSC71637.1           -            490 1128at3041           -            426     0.015   13.1   0.0   1   1   0.00018     0.026   12.3   0.0    27    86   294   354   277   358 0.84 -
PSC73533.1           -            789 1128at3041           -            426     0.021   12.7   0.0   1   3       1.3     2e+02   -0.4   0.0    57    85    24    52    18    62 0.90 -
PSC73533.1           -            789 1128at3041           -            426     0.021   12.7   0.0   2   3     0.041       6.2    4.5   0.0    25    89    77   141    56   151 0.79 -
PSC73533.1           -            789 1128at3041           -            426     0.021   12.7   0.0   3   3     0.074        11    3.7   0.0    50    94   197   242   177   263 0.83 -
PSC76429.1           -            327 1128at3041           -            426     0.025   12.4   0.0   1   2    0.0099       1.5    6.6   0.0    70   105   125   160    99   206 0.64 -
PSC76429.1           -            327 1128at3041           -            426     0.025   12.4   0.0   2   2      0.08        12    3.6   0.0    64    92   204   232   192   248 0.71 -
PSC76546.1           -            327 1128at3041           -            426     0.029   12.2   0.0   1   1   0.00027     0.041   11.7   0.0   377   410   245   280   212   292 0.84 -
PSC71046.1           -           1453 1128at3041           -            426      0.04   11.7   0.0   1   2   0.00081      0.12   10.2   0.0    27    87   676   733   660   740 0.86 -
PSC71046.1           -           1453 1128at3041           -            426      0.04   11.7   0.0   2   2       6.2   9.3e+02   -2.6   0.0    27    42   815   830   810   834 0.85 -
PSC71469.1           -            533 1128at3041           -            426     0.045   11.6   0.0   1   1   0.00049     0.073   10.9   0.0    35    87   251   302   243   307 0.81 -
PSC74587.1           -            739 1128at3041           -            426     0.062   11.1   0.0   1   2       3.5   5.3e+02   -1.8   0.0    29    84   302   356   298   359 0.67 -
PSC74587.1           -            739 1128at3041           -            426     0.062   11.1   0.0   2   2    0.0015      0.23    9.3   0.0    28    94   396   461   393   468 0.83 -
PSC75649.1           -            807 1128at3041           -            426     0.076   10.8   0.0   1   2      0.16        23    2.6   0.0    23    91    23   100    17   121 0.67 -
PSC75649.1           -            807 1128at3041           -            426     0.076   10.8   0.0   2   2     0.027         4    5.2   0.0    28    84   199   252   184   261 0.85 -
PSC72112.1           -           1987 1128at3041           -            426      0.13   10.1   0.0   1   1    0.0018      0.27    9.0   0.0    26    85  1150  1214  1127  1217 0.78 -
PSC72139.1           -            587 1128at3041           -            426      0.16    9.7   0.0   1   2     0.012       1.8    6.3   0.0    27    79   407   458   384   460 0.50 -
PSC72139.1           -            587 1128at3041           -            426      0.16    9.7   0.0   2   2    0.0035      0.53    8.0   0.0    27    86   407   465   404   480 0.82 -
#
# Program:         hmmsearch
# Version:         3.1b2 (February 2015)
# Pipeline mode:   SEARCH
# Query file:      /Users/catrionaharrison/Documents/Bioinformatics/rp2/Data/genomes/busco/busco_downloads/lineages/chlorophyta_odb10/hmms/1128at3041.hmm
# Target file:     /Users/catrionaharrison/Documents/Bioinformatics/rp2/Data/genomes/busco/data/micractinium_conductrix.prot.fasta
# Option settings: hmmsearch --domtblout /Users/catrionaharrison/Documents/Bioinformatics/rp2/Data/genomes/busco/Busco_conductrix/run_chlorophyta_odb10/hmmer_output/initial_run_results/1128at3041.out --cpu 1 /Users/catrionaharrison/Documents/Bioinformatics/rp2/Data/genomes/busco/busco_downloads/lineages/chlorophyta_odb10/hmms/1128at3041.hmm /Users/catrionaharrison/Documents/Bioinformatics/rp2/Data/genomes/busco/data/micractinium_conductrix.prot.fasta 
# Current dir:     /Users/catrionaharrison/Documents/Bioinformatics/rp2/Data/genomes/busco
# Date:            Fri Jul 22 15:14:34 2022
# [ok]
