#                                                                            --- full sequence --- -------------- this domain -------------   hmm coord   ali coord   env coord
# target name        accession   tlen query name           accession   qlen   E-value  score  bias   #  of  c-Evalue  i-Evalue  score  bias  from    to  from    to  from    to  acc description of target
#------------------- ---------- ----- -------------------- ---------- ----- --------- ------ ----- --- --- --------- --------- ------ ----- ----- ----- ----- ----- ----- ----- ---- ---------------------
PSC74028.1           -            882 1240at3041           -            638  8.9e-249  826.3  13.7   1   4  3.3e-138  1.3e-135  452.5   0.0     6   312    16   382     4   386 0.87 -
PSC74028.1           -            882 1240at3041           -            638  8.9e-249  826.3  13.7   2   4   1.2e-45   4.6e-43  146.7   0.4   306   482   418   651   405   669 0.78 -
PSC74028.1           -            882 1240at3041           -            638  8.9e-249  826.3  13.7   3   4   1.8e-37   6.8e-35  119.7   2.9   479   578   672   788   658   797 0.84 -
PSC74028.1           -            882 1240at3041           -            638  8.9e-249  826.3  13.7   4   4   7.9e-33   3.1e-30  104.3   0.2   578   638   817   878   788   878 0.91 -
PSC75195.1           -           1777 1240at3041           -            638   3.6e-24   84.3   0.1   1   3   5.2e-12     2e-09   35.6   0.0   253   444   484   679   474   692 0.70 -
PSC75195.1           -           1777 1240at3041           -            638   3.6e-24   84.3   0.1   2   3     3e-11   1.2e-08   33.1   0.0   253   352   976  1072   966  1094 0.82 -
PSC75195.1           -           1777 1240at3041           -            638   3.6e-24   84.3   0.1   3   3    0.0001      0.04   11.4   0.0   253   281  1630  1660  1620  1678 0.86 -
PSC76595.1           -            513 1240at3041           -            638   1.1e-21   76.1   0.2   1   2   1.5e-14     6e-12   43.9   0.1   258   456   104   327    91   343 0.62 -
PSC76595.1           -            513 1240at3041           -            638   1.1e-21   76.1   0.2   2   2   1.1e-09   4.2e-07   27.9   0.0   582   621   431   471   423   479 0.90 -
PSC77008.1           -            915 1240at3041           -            638   3.9e-21   74.3   2.7   1   3   3.2e-11   1.2e-08   33.0   0.1   260   357    19   141    10   158 0.68 -
PSC77008.1           -            915 1240at3041           -            638   3.9e-21   74.3   2.7   2   3    0.0019      0.74    7.3   0.0   411   465   269   326   259   332 0.82 -
PSC77008.1           -            915 1240at3041           -            638   3.9e-21   74.3   2.7   3   3   7.5e-11   2.9e-08   31.7   0.2   580   623   335   379   325   388 0.87 -
PSC69532.1           -           2168 1240at3041           -            638     6e-15   53.8   0.1   1   3   1.3e-07   5.1e-05   21.0   0.0   261   347  1053  1156  1038  1180 0.66 -
PSC69532.1           -           2168 1240at3041           -            638     6e-15   53.8   0.1   2   3     0.077        30    2.0   0.0   414   467  1243  1296  1226  1305 0.77 -
PSC69532.1           -           2168 1240at3041           -            638     6e-15   53.8   0.1   3   3   1.5e-09   5.7e-07   27.5   0.2   575   638  1300  1368  1292  1368 0.87 -
PSC73309.1           -           2008 1240at3041           -            638   8.2e-15   53.4   2.5   1   3   2.6e-10     1e-07   29.9   0.0   263   349   968  1069   961  1080 0.73 -
PSC73309.1           -           2008 1240at3041           -            638   8.2e-15   53.4   2.5   2   3    0.0021      0.82    7.1   0.0   415   467  1152  1204  1138  1212 0.86 -
PSC73309.1           -           2008 1240at3041           -            638   8.2e-15   53.4   2.5   3   3   2.7e-05     0.011   13.4   1.5   582   636  1213  1271  1208  1274 0.80 -
PSC73310.1           -           2008 1240at3041           -            638   8.2e-15   53.4   2.5   1   3   2.6e-10     1e-07   29.9   0.0   263   349   968  1069   961  1080 0.73 -
PSC73310.1           -           2008 1240at3041           -            638   8.2e-15   53.4   2.5   2   3    0.0021      0.82    7.1   0.0   415   467  1152  1204  1138  1212 0.86 -
PSC73310.1           -           2008 1240at3041           -            638   8.2e-15   53.4   2.5   3   3   2.7e-05     0.011   13.4   1.5   582   636  1213  1271  1208  1274 0.80 -
PSC69068.1           -           1323 1240at3041           -            638   9.9e-15   53.1   2.2   1   4   3.9e-11   1.5e-08   32.7   0.0   251   353   176   295   170   316 0.67 -
PSC69068.1           -           1323 1240at3041           -            638   9.9e-15   53.1   2.2   2   4      0.12        48    1.3   0.0   425   468   392   442   376   451 0.72 -
PSC69068.1           -           1323 1240at3041           -            638   9.9e-15   53.1   2.2   3   4       1.3     5e+02   -2.1   0.4   472   513   670   711   664   717 0.64 -
PSC69068.1           -           1323 1240at3041           -            638   9.9e-15   53.1   2.2   4   4   5.3e-06     0.002   15.7   0.2   539   619   845   931   826   955 0.71 -
PSC69069.1           -           1328 1240at3041           -            638     1e-14   53.1   2.2   1   4     4e-11   1.5e-08   32.7   0.0   251   353   176   295   170   316 0.67 -
PSC69069.1           -           1328 1240at3041           -            638     1e-14   53.1   2.2   2   4      0.12        48    1.3   0.0   425   468   392   442   376   451 0.72 -
PSC69069.1           -           1328 1240at3041           -            638     1e-14   53.1   2.2   3   4       1.3   5.1e+02   -2.1   0.4   472   513   670   711   664   717 0.64 -
PSC69069.1           -           1328 1240at3041           -            638     1e-14   53.1   2.2   4   4   5.3e-06     0.002   15.7   0.2   539   619   845   931   826   955 0.71 -
PSC74502.1           -            965 1240at3041           -            638   1.8e-14   52.3   1.2   1   2   3.6e-11   1.4e-08   32.8   0.1   260   353   158   268   139   296 0.65 -
PSC74502.1           -            965 1240at3041           -            638   1.8e-14   52.3   1.2   2   2   3.8e-06    0.0015   16.2   0.1   583   625   883   925   870   941 0.79 -
PSC73213.1           -           1113 1240at3041           -            638   1.9e-14   52.2   0.8   1   3   2.7e-12     1e-09   36.5   0.0   258   453   171   381   163   401 0.72 -
PSC73213.1           -           1113 1240at3041           -            638   1.9e-14   52.2   0.8   2   3   3.6e-05     0.014   13.0   0.1   583   624   414   455   402   461 0.85 -
PSC73213.1           -           1113 1240at3041           -            638   1.9e-14   52.2   0.8   3   3      0.91   3.5e+02   -1.6   0.0   498   520   759   781   723   820 0.83 -
PSC68725.1           -           1496 1240at3041           -            638   3.8e-14   51.2   0.5   1   2   1.4e-12   5.6e-10   37.4   0.0   263   450   120   322   112   351 0.65 -
PSC68725.1           -           1496 1240at3041           -            638   3.8e-14   51.2   0.5   2   2     7e-05     0.027   12.0   0.1   579   611   347   379   332   390 0.88 -
PSC74217.1           -           2925 1240at3041           -            638   2.5e-13   48.5   0.1   1   2   7.9e-12   3.1e-09   35.0   0.0   252   470  1752  1995  1746  2011 0.74 -
PSC74217.1           -           2925 1240at3041           -            638   2.5e-13   48.5   0.1   2   2   0.00019     0.074   10.6   0.6   584   621  2016  2054  2008  2059 0.87 -
PSC74216.1           -           2926 1240at3041           -            638   2.5e-13   48.5   0.1   1   2   7.9e-12   3.1e-09   35.0   0.0   252   470  1752  1995  1746  2011 0.74 -
PSC74216.1           -           2926 1240at3041           -            638   2.5e-13   48.5   0.1   2   2   0.00019     0.074   10.6   0.6   584   621  2016  2054  2008  2059 0.87 -
PSC76356.1           -           1078 1240at3041           -            638   5.7e-13   47.3   0.1   1   3     5e-05     0.019   12.5   0.0   258   285   420   447   414   454 0.88 -
PSC76356.1           -           1078 1240at3041           -            638   5.7e-13   47.3   0.1   2   3   1.1e-05    0.0042   14.7   0.0   410   461   907   959   897   971 0.89 -
PSC76356.1           -           1078 1240at3041           -            638   5.7e-13   47.3   0.1   3   3   3.3e-06    0.0013   16.4   0.1   580   637   974  1041   963  1042 0.71 -
PSC76355.1           -           1080 1240at3041           -            638   5.8e-13   47.3   0.1   1   3     5e-05     0.019   12.5   0.0   258   285   422   449   416   456 0.88 -
PSC76355.1           -           1080 1240at3041           -            638   5.8e-13   47.3   0.1   2   3   1.1e-05    0.0042   14.7   0.0   410   461   909   961   899   973 0.89 -
PSC76355.1           -           1080 1240at3041           -            638   5.8e-13   47.3   0.1   3   3   3.4e-06    0.0013   16.4   0.1   580   637   976  1043   965  1044 0.71 -
PSC70187.1           -           2544 1240at3041           -            638     1e-12   46.5   6.3   1   3   6.2e-10   2.4e-07   28.7   0.0   260   363   305   426   294   432 0.67 -
PSC70187.1           -           2544 1240at3041           -            638     1e-12   46.5   6.3   2   3   0.00025     0.099   10.2   0.0   411   465   961  1017   910  1030 0.81 -
PSC70187.1           -           2544 1240at3041           -            638     1e-12   46.5   6.3   3   3   0.00058      0.23    9.0   0.0   574   637  1030  1099  1018  1100 0.73 -
PSC76079.1           -            525 1240at3041           -            638   1.1e-11   43.0   0.0   1   2     6e-10   2.3e-07   28.7   0.0   479   536   292   348   277   355 0.87 -
PSC76079.1           -            525 1240at3041           -            638   1.1e-11   43.0   0.0   2   2   6.6e-05     0.025   12.1   0.0   532   568   363   402   359   415 0.85 -
PSC70741.1           -            502 1240at3041           -            638   4.7e-10   37.7   2.8   1   4   0.00015     0.058   10.9   0.0   264   313    99   149    89   157 0.79 -
PSC70741.1           -            502 1240at3041           -            638   4.7e-10   37.7   2.8   2   4       1.5   5.7e+02   -2.3   0.2   489   524   257   292   235   320 0.57 -
PSC70741.1           -            502 1240at3041           -            638   4.7e-10   37.7   2.8   3   4    0.0091       3.5    5.0   0.0   412   467   373   428   349   440 0.81 -
PSC70741.1           -            502 1240at3041           -            638   4.7e-10   37.7   2.8   4   4   2.4e-07   9.3e-05   20.2   0.0   583   638   440   499   430   499 0.81 -
PSC73141.1           -            600 1240at3041           -            638   1.7e-06   25.9   0.0   1   1   6.4e-09   2.5e-06   25.4   0.0   477   536   168   227   156   255 0.86 -
PSC71207.1           -            520 1240at3041           -            638   2.1e-06   25.6   0.1   1   3     6e-06    0.0023   15.6   0.0   225   322   159   265   156   323 0.72 -
PSC71207.1           -            520 1240at3041           -            638   2.1e-06   25.6   0.1   2   3     0.028        11    3.4   0.0   413   461   385   435   358   454 0.71 -
PSC71207.1           -            520 1240at3041           -            638   2.1e-06   25.6   0.1   3   3     0.048        19    2.6   0.1   582   626   456   501   451   515 0.76 -
PSC68310.1           -            531 1240at3041           -            638   0.00031   18.4   0.1   1   2   8.1e-07   0.00031   18.4   0.1   471   539   218   285   213   308 0.78 -
PSC68310.1           -            531 1240at3041           -            638   0.00031   18.4   0.1   2   2       1.3     5e+02   -2.1   0.7   333   398   335   402   325   454 0.67 -
PSC69984.1           -           4594 1240at3041           -            638    0.0019   15.8   0.9   1   1   8.7e-06    0.0034   15.0   0.9   531   572  1449  1493  1427  1527 0.64 -
PSC73551.1           -           1310 1240at3041           -            638     0.018   12.6   0.0   1   1   7.1e-05     0.027   12.0   0.0   532   568  1268  1307  1264  1309 0.85 -
PSC70201.1           -            299 1240at3041           -            638     0.025   12.1   0.1   1   1   8.3e-05     0.032   11.8   0.1   531   566   259   297   253   298 0.77 -
PSC70670.1           -            238 1240at3041           -            638      0.12    9.9   0.0   1   1   0.00038      0.15    9.6   0.0   531   567   194   233   147   237 0.78 -
#
# Program:         hmmsearch
# Version:         3.1b2 (February 2015)
# Pipeline mode:   SEARCH
# Query file:      /Users/catrionaharrison/Documents/Bioinformatics/rp2/Data/genomes/busco/busco_downloads/lineages/chlorophyta_odb10/hmms/1240at3041.hmm
# Target file:     /Users/catrionaharrison/Documents/Bioinformatics/rp2/Data/genomes/busco/data/micractinium_conductrix.prot.fasta
# Option settings: hmmsearch --domtblout /Users/catrionaharrison/Documents/Bioinformatics/rp2/Data/genomes/busco/Busco_conductrix/run_chlorophyta_odb10/hmmer_output/initial_run_results/1240at3041.out --cpu 1 /Users/catrionaharrison/Documents/Bioinformatics/rp2/Data/genomes/busco/busco_downloads/lineages/chlorophyta_odb10/hmms/1240at3041.hmm /Users/catrionaharrison/Documents/Bioinformatics/rp2/Data/genomes/busco/data/micractinium_conductrix.prot.fasta 
# Current dir:     /Users/catrionaharrison/Documents/Bioinformatics/rp2/Data/genomes/busco
# Date:            Fri Jul 22 15:14:20 2022
# [ok]
