#                                                                            --- full sequence --- -------------- this domain -------------   hmm coord   ali coord   env coord
# target name        accession   tlen query name           accession   qlen   E-value  score  bias   #  of  c-Evalue  i-Evalue  score  bias  from    to  from    to  from    to  acc description of target
#------------------- ---------- ----- -------------------- ---------- ----- --------- ------ ----- --- --- --------- --------- ------ ----- ----- ----- ----- ----- ----- ----- ---- ---------------------
PSC74221.1           -           1624 1600at3041           -            471  1.1e-167  558.1  32.1   1   5   1.2e-18   6.1e-15   54.5   0.4     1    69   816   912   816   920 0.76 -
PSC74221.1           -           1624 1600at3041           -            471  1.1e-167  558.1  32.1   2   5   5.7e-79   2.9e-75  253.4   2.6    68   255   977  1185   972  1216 0.90 -
PSC74221.1           -           1624 1600at3041           -            471  1.1e-167  558.1  32.1   3   5     0.016        83    1.3   0.0   252   269  1221  1238  1209  1250 0.85 -
PSC74221.1           -           1624 1600at3041           -            471  1.1e-167  558.1  32.1   4   5   2.1e-82     1e-78  264.7   3.2   261   454  1254  1472  1250  1481 0.87 -
PSC74221.1           -           1624 1600at3041           -            471  1.1e-167  558.1  32.1   5   5      0.11   5.4e+02   -1.4   2.6   449   471  1505  1530  1497  1531 0.74 -
PSC74222.1           -           1625 1600at3041           -            471    2e-167  557.3  32.2   1   5   2.6e-18   1.3e-14   53.4   0.4     1    69   816   913   816   921 0.76 -
PSC74222.1           -           1625 1600at3041           -            471    2e-167  557.3  32.2   2   5   5.7e-79   2.9e-75  253.4   2.6    68   255   978  1186   973  1217 0.90 -
PSC74222.1           -           1625 1600at3041           -            471    2e-167  557.3  32.2   3   5     0.016        83    1.3   0.0   252   269  1222  1239  1210  1251 0.85 -
PSC74222.1           -           1625 1600at3041           -            471    2e-167  557.3  32.2   4   5   2.1e-82     1e-78  264.7   3.2   261   454  1255  1473  1251  1482 0.87 -
PSC74222.1           -           1625 1600at3041           -            471    2e-167  557.3  32.2   5   5      0.11   5.4e+02   -1.4   2.6   449   471  1506  1531  1498  1532 0.74 -
#
# Program:         hmmsearch
# Version:         3.1b2 (February 2015)
# Pipeline mode:   SEARCH
# Query file:      /Users/catrionaharrison/Documents/Bioinformatics/rp2/Data/genomes/busco/busco_downloads/lineages/chlorophyta_odb10/hmms/1600at3041.hmm
# Target file:     /Users/catrionaharrison/Documents/Bioinformatics/rp2/Data/genomes/busco/data/micractinium_conductrix.prot.fasta
# Option settings: hmmsearch --domtblout /Users/catrionaharrison/Documents/Bioinformatics/rp2/Data/genomes/busco/Busco_conductrix/run_chlorophyta_odb10/hmmer_output/initial_run_results/1600at3041.out --cpu 1 /Users/catrionaharrison/Documents/Bioinformatics/rp2/Data/genomes/busco/busco_downloads/lineages/chlorophyta_odb10/hmms/1600at3041.hmm /Users/catrionaharrison/Documents/Bioinformatics/rp2/Data/genomes/busco/data/micractinium_conductrix.prot.fasta 
# Current dir:     /Users/catrionaharrison/Documents/Bioinformatics/rp2/Data/genomes/busco
# Date:            Fri Jul 22 15:12:24 2022
# [ok]
