#                                                                            --- full sequence --- -------------- this domain -------------   hmm coord   ali coord   env coord
# target name        accession   tlen query name           accession   qlen   E-value  score  bias   #  of  c-Evalue  i-Evalue  score  bias  from    to  from    to  from    to  acc description of target
#------------------- ---------- ----- -------------------- ---------- ----- --------- ------ ----- --- --- --------- --------- ------ ----- ----- ----- ----- ----- ----- ----- ---- ---------------------
PSC71455.1           -            825 171at3041            -            669         0 1385.6  13.1   1   1         0         0 1368.2  13.1     1   669    23   779    23   779 0.94 -
PSC72207.1           -           1120 171at3041            -            669  6.2e-140  466.5   0.0   1   3   4.8e-48   9.6e-46  155.3   0.0   178   313   295   431   292   436 0.97 -
PSC72207.1           -           1120 171at3041            -            669  6.2e-140  466.5   0.0   2   3   1.2e-16   2.4e-14   51.5   0.5   313   380   470   557   463   582 0.76 -
PSC72207.1           -           1120 171at3041            -            669  6.2e-140  466.5   0.0   3   3   3.6e-77   7.2e-75  251.5   0.0   391   669   656   965   647   965 0.87 -
PSC72206.1           -           1122 171at3041            -            669  6.2e-140  466.5   0.0   1   3   4.8e-48   9.6e-46  155.3   0.0   178   313   297   433   294   438 0.97 -
PSC72206.1           -           1122 171at3041            -            669  6.2e-140  466.5   0.0   2   3   1.2e-16   2.4e-14   51.5   0.5   313   380   472   559   465   584 0.76 -
PSC72206.1           -           1122 171at3041            -            669  6.2e-140  466.5   0.0   3   3   3.6e-77   7.3e-75  251.5   0.0   391   669   658   967   649   967 0.87 -
PSC72708.1           -            741 171at3041            -            669  5.6e-124  413.8   0.0   1   2  3.2e-124  6.5e-122  407.0   0.0   177   628    95   603    90   617 0.86 -
PSC72708.1           -            741 171at3041            -            669  5.6e-124  413.8   0.0   2   2       7.7   1.5e+03   -4.0   0.0   634   666   637   669   634   670 0.85 -
PSC71841.1           -           1361 171at3041            -            669  3.6e-103  345.0   0.0   1   1  2.5e-104  4.9e-102  341.3   0.0   178   543   946  1356   941  1358 0.87 -
PSC74873.1           -            535 171at3041            -            669     7e-93  311.0   0.2   1   2   7.4e-17   1.5e-14   52.2   0.0   233   313    13    97     8   103 0.93 -
PSC74873.1           -            535 171at3041            -            669     7e-93  311.0   0.2   2   2   2.4e-75   4.8e-73  245.5   0.3   314   654   128   526   123   532 0.83 -
PSC72117.1           -            660 171at3041            -            669     2e-72  243.4   0.7   1   2   7.8e-49   1.6e-46  157.9   0.1   173   360   159   349   151   349 0.91 -
PSC72117.1           -            660 171at3041            -            669     2e-72  243.4   0.7   2   2   4.3e-29   8.7e-27   92.6   0.1   467   626   226   391   224   416 0.87 -
PSC70744.1           -           1105 171at3041            -            669   3.2e-69  232.8   0.0   1   2   7.7e-05     0.015   12.5   0.0   217   280   479   545   471   554 0.81 -
PSC70744.1           -           1105 171at3041            -            669   3.2e-69  232.8   0.0   2   2   5.7e-67   1.1e-64  217.8   0.0   391   636   768  1034   763  1050 0.86 -
PSC75261.1           -           1266 171at3041            -            669   2.4e-62  210.1   1.2   1   2   2.1e-18   4.3e-16   57.3   0.1   176   232   997  1053   987  1053 0.93 -
PSC75261.1           -           1266 171at3041            -            669   2.4e-62  210.1   1.2   2   2   7.6e-50   1.5e-47  161.2   0.2   444   631  1038  1232  1037  1249 0.90 -
PSC75812.1           -            433 171at3041            -            669     6e-62  208.8   4.8   1   2   7.5e-33   1.5e-30  105.0   0.4   179   291   177   289   160   293 0.93 -
PSC75812.1           -            433 171at3041            -            669     6e-62  208.8   4.8   2   2   1.9e-35   3.8e-33  113.6   0.4   465   642   236   417   234   428 0.91 -
PSC71580.1           -           1382 171at3041            -            669   3.5e-61  206.3   3.7   1   2   7.6e-27   1.5e-24   85.2   0.2   166   290   826   949   817   951 0.94 -
PSC71580.1           -           1382 171at3041            -            669   3.5e-61  206.3   3.7   2   2   6.1e-41   1.2e-38  131.8   0.4   454   634   886  1076   886  1110 0.87 -
PSC72097.1           -           1086 171at3041            -            669   1.1e-60  204.7   0.0   1   3   8.2e-06    0.0016   15.7   0.0   204   290   397   489   374   517 0.79 -
PSC72097.1           -           1086 171at3041            -            669   1.1e-60  204.7   0.0   2   3   7.1e-05     0.014   12.6   0.0   553   627   568   651   555   655 0.75 -
PSC72097.1           -           1086 171at3041            -            669   1.1e-60  204.7   0.0   3   3   3.5e-53   7.1e-51  172.2   0.0   417   627   722   946   693   956 0.86 -
PSC72521.1           -            422 171at3041            -            669   2.6e-58  196.8   1.3   1   2   6.1e-31   1.2e-28   98.7   0.1   173   258   156   241   132   243 0.95 -
PSC72521.1           -            422 171at3041            -            669   2.6e-58  196.8   1.3   2   2     8e-33   1.6e-30  105.0   0.2   467   630   223   392   222   414 0.87 -
PSC71389.1           -           1622 171at3041            -            669     5e-58  195.8   0.0   1   2   5.2e-57   1.1e-54  184.9   0.1   177   383   629   862   624   874 0.91 -
PSC71389.1           -           1622 171at3041            -            669     5e-58  195.8   0.0   2   2     0.034       6.9    3.7   0.0   210   282   977  1050   974  1059 0.83 -
PSC69343.1           -           1271 171at3041            -            669     4e-57  192.9   0.7   1   2     6e-28   1.2e-25   88.8   0.1   173   259  1004  1090   997  1092 0.96 -
PSC69343.1           -           1271 171at3041            -            669     4e-57  192.9   0.7   2   2   5.9e-35   1.2e-32  112.0   0.1   467   649  1071  1258  1068  1268 0.88 -
PSC75793.1           -            414 171at3041            -            669   4.5e-57  192.7   0.5   1   2   5.3e-37   1.1e-34  118.8   0.1   176   290   155   269   143   280 0.93 -
PSC75793.1           -            414 171at3041            -            669   4.5e-57  192.7   0.5   2   2     3e-23     6e-21   73.3   0.1   523   651   275   407   267   411 0.84 -
PSC74626.1           -            445 171at3041            -            669   5.7e-56  189.1   1.6   1   2   1.9e-39   3.9e-37  126.8   0.0   178   303   186   312   170   316 0.91 -
PSC74626.1           -            445 171at3041            -            669   5.7e-56  189.1   1.6   2   2   4.5e-20     9e-18   62.8   0.2   529   632   310   420   300   438 0.85 -
PSC69994.1           -           1815 171at3041            -            669   5.7e-56  189.0   0.1   1   2   4.7e-38   9.5e-36  122.2   0.0   177   337  1474  1641  1470  1643 0.89 -
PSC69994.1           -           1815 171at3041            -            669   5.7e-56  189.0   0.1   2   2   1.1e-23   2.2e-21   74.8   0.0   482   634  1553  1711  1553  1727 0.88 -
PSC69501.1           -           1594 171at3041            -            669   2.6e-53  180.2   0.1   1   2     2e-52   3.9e-50  169.8   0.0   180   361   311   499   302   504 0.92 -
PSC69501.1           -           1594 171at3041            -            669   2.6e-53  180.2   0.1   2   2    0.0016      0.31    8.2   0.0   356   386   515   545   505   595 0.77 -
PSC75104.1           -            716 171at3041            -            669   1.1e-52  178.2   0.4   1   1   5.5e-54   1.1e-51  174.9   0.3   418   646   254   492   253   512 0.88 -
PSC72884.1           -            727 171at3041            -            669   9.6e-52  175.1   2.5   1   4      0.54   1.1e+02   -0.2   0.0    58    83    53    78    38    96 0.83 -
PSC72884.1           -            727 171at3041            -            669   9.6e-52  175.1   2.5   2   4     1e-17     2e-15   55.1   0.1   183   273   209   301   197   305 0.89 -
PSC72884.1           -            727 171at3041            -            669   9.6e-52  175.1   2.5   3   4   4.1e-28   8.2e-26   89.4   0.1   501   665   310   483   301   487 0.88 -
PSC72884.1           -            727 171at3041            -            669   9.6e-52  175.1   2.5   4   4   2.2e-09   4.5e-07   27.5   0.0   207   286   514   594   503   632 0.87 -
PSC67652.1           -            633 171at3041            -            669   1.3e-50  171.3   0.4   1   1   2.3e-52   4.6e-50  169.5   0.3   418   630   166   393   158   404 0.90 -
PSC69213.1           -           1148 171at3041            -            669   7.7e-49  165.5   0.1   1   1   7.4e-51   1.5e-48  164.6   0.1   419   631   680   907   664   920 0.88 -
PSC74189.1           -            619 171at3041            -            669   5.9e-48  162.6   0.0   1   1   4.4e-50   8.9e-48  162.0   0.0   410   630   329   566   317   584 0.86 -
PSC74371.1           -            954 171at3041            -            669   1.1e-47  161.6   0.3   1   1   3.9e-49   7.9e-47  158.9   0.3   418   637   407   637   401   652 0.85 -
PSC75856.1           -            721 171at3041            -            669   2.7e-46  157.1   0.6   1   1   2.6e-47   5.1e-45  152.9   0.6   412   628   233   469   224   484 0.81 -
PSC71547.1           -            694 171at3041            -            669   1.3e-45  154.9   0.1   1   2     3e-27   6.1e-25   86.5   0.1   180   291   243   353   234   359 0.95 -
PSC71547.1           -            694 171at3041            -            669   1.3e-45  154.9   0.1   2   2   4.3e-21   8.7e-19   66.2   0.0   531   632   363   471   357   503 0.86 -
PSC76774.1           -           1596 171at3041            -            669   2.1e-44  150.8   0.3   1   1   1.5e-46   3.1e-44  150.3   0.3   177   367   333   529   314   541 0.90 -
PSC76053.1           -           3374 171at3041            -            669   3.6e-44  150.0   0.1   1   2     8e-25   1.6e-22   78.5   0.1   179   291   393   504   374   508 0.93 -
PSC76053.1           -           3374 171at3041            -            669   3.6e-44  150.0   0.1   2   2   5.1e-22     1e-19   69.3   0.0   524   632   508   623   504   657 0.84 -
PSC76075.1           -            880 171at3041            -            669   5.1e-43  146.3   0.1   1   2   8.8e-37   1.8e-34  118.0   0.0   177   335   580   742   567   744 0.90 -
PSC76075.1           -            880 171at3041            -            669   5.1e-43  146.3   0.1   2   2     1e-11   2.1e-09   35.2   0.0   544   629   720   813   716   861 0.79 -
PSC74064.1           -           1566 171at3041            -            669   7.5e-42  142.4   0.4   1   1   6.2e-42   1.3e-39  135.1   0.1   176   361   272   462   257   465 0.91 -
PSC67310.1           -            998 171at3041            -            669   4.2e-41  139.9   0.0   1   1   7.6e-08   1.5e-05   22.4   0.0   569   661   398   506   398   513 0.78 -
PSC75535.1           -            439 171at3041            -            669   3.1e-40  137.0   0.0   1   2   7.6e-42   1.5e-39  134.8   0.0   409   629   120   355   106   393 0.82 -
PSC75535.1           -            439 171at3041            -            669   3.1e-40  137.0   0.0   2   2      0.63   1.3e+02   -0.5   0.0   631   662   401   432   394   436 0.90 -
PSC75359.1           -           1009 171at3041            -            669   2.9e-39  133.8   0.0   1   1   1.6e-40   3.2e-38  130.4   0.0   179   383   598   824   587   859 0.80 -
PSC75328.1           -            717 171at3041            -            669   1.6e-37  128.1   0.0   1   1     3e-38     6e-36  122.9   0.0   164   357   166   359   160   422 0.80 -
PSC76681.1           -            445 171at3041            -            669   1.7e-35  121.4   0.0   1   2   5.5e-34   1.1e-31  108.8   0.0   176   354    81   260    72   271 0.88 -
PSC76681.1           -            445 171at3041            -            669   1.7e-35  121.4   0.0   2   2   0.00031     0.062   10.5   0.0   602   656   347   406   343   413 0.77 -
PSC76293.1           -            251 171at3041            -            669     2e-27   94.7   0.2   1   1   1.2e-28   2.4e-26   91.2   0.2   463   625    14   185     1   249 0.83 -
PSC76379.1           -            574 171at3041            -            669   5.2e-26   90.1   0.0   1   1   3.8e-28   7.7e-26   89.5   0.0   174   376   299   510   290   536 0.70 -
PSC75729.1           -            461 171at3041            -            669   2.7e-15   54.6   0.0   1   1   1.8e-17   3.7e-15   54.2   0.0   441   594   178   344   168   371 0.81 -
PSC70197.1           -            593 171at3041            -            669   7.3e-14   49.9   0.0   1   1   4.9e-16   9.9e-14   49.5   0.0   436   593   327   477   289   549 0.69 -
PSC70654.1           -           1016 171at3041            -            669   9.7e-14   49.5   0.0   1   1   1.5e-15     3e-13   47.9   0.0   442   590   698   853   688   861 0.58 -
PSC69399.1           -            636 171at3041            -            669   3.8e-05   21.1   0.0   1   1   2.9e-07   5.9e-05   20.5   0.0   443   520   284   367   263   392 0.46 -
PSC73636.1           -            743 171at3041            -            669   0.00051   17.4   0.1   1   2   6.2e-05     0.012   12.8   0.0   436   496   127   188    97   201 0.74 -
PSC73636.1           -            743 171at3041            -            669   0.00051   17.4   0.1   2   2      0.12        23    2.0   0.1   259   291   308   338   297   366 0.75 -
PSC71166.1           -            953 171at3041            -            669   0.00081   16.7   0.0   1   2    0.0012      0.23    8.6   0.0   219   297   268   359   251   484 0.71 -
PSC71166.1           -            953 171at3041            -            669   0.00081   16.7   0.0   2   2    0.0075       1.5    5.9   0.0   441   464   670   693   623   713 0.77 -
PSC67589.1           -           6117 171at3041            -            669   0.00095   16.5   0.1   1   4      0.26        52    0.8   0.0   216   244   366   394   346   400 0.82 -
PSC67589.1           -           6117 171at3041            -            669   0.00095   16.5   0.1   2   4      0.23        47    1.0   0.0   217   247   746   776   734   782 0.76 -
PSC67589.1           -           6117 171at3041            -            669   0.00095   16.5   0.1   3   4     0.023       4.7    4.3   0.0   218   250  1197  1229  1188  1252 0.90 -
PSC67589.1           -           6117 171at3041            -            669   0.00095   16.5   0.1   4   4     0.038       7.6    3.6   0.0   215   247  1968  2000  1958  2013 0.82 -
PSC67588.1           -           6118 171at3041            -            669   0.00095   16.5   0.1   1   4      0.26        52    0.8   0.0   216   244   366   394   346   400 0.82 -
PSC67588.1           -           6118 171at3041            -            669   0.00095   16.5   0.1   2   4      0.23        47    1.0   0.0   217   247   746   776   734   782 0.76 -
PSC67588.1           -           6118 171at3041            -            669   0.00095   16.5   0.1   3   4     0.023       4.7    4.3   0.0   218   250  1197  1229  1188  1252 0.90 -
PSC67588.1           -           6118 171at3041            -            669   0.00095   16.5   0.1   4   4     0.038       7.6    3.6   0.0   215   247  1968  2000  1958  2013 0.82 -
PSC71955.1           -            993 171at3041            -            669     0.012   12.8   0.1   1   1   0.00012     0.024   11.9   0.1   214   269    66   122    38   156 0.76 -
PSC73384.1           -           3472 171at3041            -            669     0.023   11.9   0.1   1   2   0.00042     0.084   10.1   0.1   216   287  2014  2097  2001  2113 0.78 -
PSC73384.1           -           3472 171at3041            -            669     0.023   11.9   0.1   2   2       1.5     3e+02   -1.7   0.0   441   464  2356  2379  2324  2383 0.80 -
PSC72689.1           -           1067 171at3041            -            669      0.13    9.5   0.0   1   1   0.00094      0.19    8.9   0.0   214   287   417   491   409   504 0.57 -
PSC71914.1           -            739 171at3041            -            669      0.13    9.4   0.0   1   1   0.00093      0.19    8.9   0.0   171   237   190   260   183   284 0.70 -
#
# Program:         hmmsearch
# Version:         3.1b2 (February 2015)
# Pipeline mode:   SEARCH
# Query file:      /Users/catrionaharrison/Documents/Bioinformatics/rp2/Data/genomes/busco/busco_downloads/lineages/chlorophyta_odb10/hmms/171at3041.hmm
# Target file:     /Users/catrionaharrison/Documents/Bioinformatics/rp2/Data/genomes/busco/data/micractinium_conductrix.prot.fasta
# Option settings: hmmsearch --domtblout /Users/catrionaharrison/Documents/Bioinformatics/rp2/Data/genomes/busco/Busco_conductrix/run_chlorophyta_odb10/hmmer_output/initial_run_results/171at3041.out --cpu 1 /Users/catrionaharrison/Documents/Bioinformatics/rp2/Data/genomes/busco/busco_downloads/lineages/chlorophyta_odb10/hmms/171at3041.hmm /Users/catrionaharrison/Documents/Bioinformatics/rp2/Data/genomes/busco/data/micractinium_conductrix.prot.fasta 
# Current dir:     /Users/catrionaharrison/Documents/Bioinformatics/rp2/Data/genomes/busco
# Date:            Fri Jul 22 15:12:45 2022
# [ok]
