#                                                                            --- full sequence --- -------------- this domain -------------   hmm coord   ali coord   env coord
# target name        accession   tlen query name           accession   qlen   E-value  score  bias   #  of  c-Evalue  i-Evalue  score  bias  from    to  from    to  from    to  acc description of target
#------------------- ---------- ----- -------------------- ---------- ----- --------- ------ ----- --- --- --------- --------- ------ ----- ----- ----- ----- ----- ----- ----- ---- ---------------------
PSC75316.1           -           1248 1825at3041           -            378  1.6e-149  496.9  24.4   1   4   1.3e-92   1.4e-90  303.0   2.8     1   208   673   893   673   897 0.95 -
PSC75316.1           -           1248 1825at3041           -            378  1.6e-149  496.9  24.4   2   4    0.0011      0.12   10.2   0.0   225   249   956   980   944   986 0.83 -
PSC75316.1           -           1248 1825at3041           -            378  1.6e-149  496.9  24.4   3   4   6.8e-36   7.3e-34  116.3   1.4   249   327  1051  1131  1046  1135 0.90 -
PSC75316.1           -           1248 1825at3041           -            378  1.6e-149  496.9  24.4   4   4   3.9e-25   4.2e-23   80.9   0.0   323   378  1150  1206  1142  1206 0.95 -
PSC76551.1           -           2270 1825at3041           -            378   4.6e-51  172.9  90.0   1   9     0.094        10    3.9   0.0    54   175   389   421   380   430 0.61 -
PSC76551.1           -           2270 1825at3041           -            378   4.6e-51  172.9  90.0   2   9     3e-12   3.2e-10   38.5  10.6    64   199   520   665   515   686 0.66 -
PSC76551.1           -           2270 1825at3041           -            378   4.6e-51  172.9  90.0   3   9   4.5e-09   4.8e-07   28.0  12.3    52   207   865  1032   812  1039 0.78 -
PSC76551.1           -           2270 1825at3041           -            378   4.6e-51  172.9  90.0   4   9     0.033       3.6    5.4   0.0    55   184  1037  1076  1027  1092 0.61 -
PSC76551.1           -           2270 1825at3041           -            378   4.6e-51  172.9  90.0   5   9    0.0057      0.62    7.9   0.1    23    72  1106  1155  1082  1178 0.81 -
PSC76551.1           -           2270 1825at3041           -            378   4.6e-51  172.9  90.0   6   9    0.0013      0.15   10.0   0.1    43    76  1171  1204  1156  1215 0.73 -
PSC76551.1           -           2270 1825at3041           -            378   4.6e-51  172.9  90.0   7   9   4.1e-12   4.4e-10   38.0   4.8    20   171  1232  1388  1227  1394 0.85 -
PSC76551.1           -           2270 1825at3041           -            378   4.6e-51  172.9  90.0   8   9   1.4e-07   1.5e-05   23.1   2.4    21   109  1394  1484  1385  1489 0.87 -
PSC76551.1           -           2270 1825at3041           -            378   4.6e-51  172.9  90.0   9   9   7.9e-16   8.5e-14   50.2   6.1    45   181  1486  1632  1482  1647 0.85 -
PSC69063.1           -            554 1825at3041           -            378   1.4e-47  161.4   7.6   1   3    0.0047      0.51    8.2   0.1    63   206     2   140     1   160 0.67 -
PSC69063.1           -            554 1825at3041           -            378   1.4e-47  161.4   7.6   2   3   4.1e-34   4.4e-32  110.4   1.2   207   309   201   320   188   355 0.79 -
PSC69063.1           -            554 1825at3041           -            378   1.4e-47  161.4   7.6   3   3   2.7e-14   2.9e-12   45.2   0.0   321   378   370   426   351   426 0.83 -
PSC76537.1           -            448 1825at3041           -            378   5.9e-36  123.2  11.9   1   4   7.7e-12   8.3e-10   37.1   0.0    33   142    15   127     4   132 0.87 -
PSC76537.1           -            448 1825at3041           -            378   5.9e-36  123.2  11.9   2   4     8e-13   8.7e-11   40.3   0.0     4    94   137   230   134   239 0.90 -
PSC76537.1           -            448 1825at3041           -            378   5.9e-36  123.2  11.9   3   4   4.1e-11   4.4e-09   34.7   1.7    62   181   250   379   246   381 0.84 -
PSC76537.1           -            448 1825at3041           -            378   5.9e-36  123.2  11.9   4   4   3.2e-05    0.0034   15.3   1.2   149   194   380   424   377   434 0.87 -
PSC74993.1           -           2047 1825at3041           -            378     1e-35  122.4  19.8   1   5      0.16        18    3.1   0.0    87   131    22    61     1    69 0.57 -
PSC74993.1           -           2047 1825at3041           -            378     1e-35  122.4  19.8   2   5   3.6e-13   3.8e-11   41.5   0.3    29   176   123   281   116   288 0.80 -
PSC74993.1           -           2047 1825at3041           -            378     1e-35  122.4  19.8   3   5   5.6e-12   6.1e-10   37.6   0.3    21   133   282   397   276   401 0.92 -
PSC74993.1           -           2047 1825at3041           -            378     1e-35  122.4  19.8   4   5   8.6e-12   9.3e-10   36.9   1.0    20   166   381   541   375   565 0.80 -
PSC74993.1           -           2047 1825at3041           -            378     1e-35  122.4  19.8   5   5   2.6e-06   0.00028   18.9   0.6    45   112   865   935   849   989 0.77 -
PSC73091.1           -            374 1825at3041           -            378   7.4e-29   99.8  17.6   1   4     4e-14   4.3e-12   44.6   1.1    25   108    83   169    71   172 0.91 -
PSC73091.1           -            374 1825at3041           -            378   7.4e-29   99.8  17.6   2   4   9.2e-07   9.9e-05   20.4   1.0    34   109   158   230   150   238 0.82 -
PSC73091.1           -            374 1825at3041           -            378   7.4e-29   99.8  17.6   3   4   2.9e-06   0.00031   18.8   0.2    35    90   219   276   212   283 0.79 -
PSC73091.1           -            374 1825at3041           -            378   7.4e-29   99.8  17.6   4   4   1.4e-09   1.6e-07   29.6   1.6    26   112   278   368   273   372 0.88 -
PSC73108.1           -            577 1825at3041           -            378   7.7e-25   86.6  23.8   1   3   1.2e-08   1.3e-06   26.6   3.3    19   101    69   154    57   191 0.80 -
PSC73108.1           -            577 1825at3041           -            378   7.7e-25   86.6  23.8   2   3     6e-12   6.5e-10   37.5   3.7    45   163   202   330   197   333 0.78 -
PSC73108.1           -            577 1825at3041           -            378   7.7e-25   86.6  23.8   3   3   1.2e-10   1.3e-08   33.2   4.1     4   166   292   471   292   480 0.57 -
PSC69496.1           -            300 1825at3041           -            378   4.5e-24   84.1   8.5   1   3   4.2e-12   4.5e-10   38.0   2.2     3   131     6   135     4   140 0.87 -
PSC69496.1           -            300 1825at3041           -            378   4.5e-24   84.1   8.5   2   3   8.5e-10   9.2e-08   30.4   0.1    22   131    91   206    90   208 0.84 -
PSC69496.1           -            300 1825at3041           -            378   4.5e-24   84.1   8.5   3   3   1.8e-10     2e-08   32.6   0.0    25   133   163   278   152   293 0.82 -
PSC68751.1           -            534 1825at3041           -            378   5.5e-22   77.2  35.5   1   5   1.5e-09   1.7e-07   29.5   3.1    25   133    53   175    41   178 0.78 -
PSC68751.1           -            534 1825at3041           -            378   5.5e-22   77.2  35.5   2   5   7.3e-07     8e-05   20.7   0.9    17    84   193   264   179   278 0.81 -
PSC68751.1           -            534 1825at3041           -            378   5.5e-22   77.2  35.5   3   5   7.1e-13   7.7e-11   40.5   5.9    16   136   289   423   282   426 0.79 -
PSC68751.1           -            534 1825at3041           -            378   5.5e-22   77.2  35.5   4   5      0.11        12    3.7   0.6    43    75   431   464   421   468 0.76 -
PSC68751.1           -            534 1825at3041           -            378   5.5e-22   77.2  35.5   5   5       3.6   3.9e+02   -1.3   0.1    44   195   480   507   474   525 0.50 -
PSC70051.1           -           1008 1825at3041           -            378   3.7e-20   71.2  16.2   1   3   9.8e-07   0.00011   20.3   0.0    35    90    20    75     3    78 0.79 -
PSC70051.1           -           1008 1825at3041           -            378   3.7e-20   71.2  16.2   2   3   4.4e-18   4.7e-16   57.7   5.5    21   197    72   256    71   268 0.83 -
PSC70051.1           -           1008 1825at3041           -            378   3.7e-20   71.2  16.2   3   3       3.9   4.2e+02   -1.4   1.4   198   253   555   610   462   622 0.79 -
PSC72550.1           -            404 1825at3041           -            378   2.4e-19   68.5   4.8   1   1   5.1e-21   5.5e-19   67.3   4.8   228   319   120   223   111   240 0.77 -
PSC74435.1           -            853 1825at3041           -            378   1.3e-18   66.1  14.9   1   2   8.8e-13   9.6e-11   40.2   5.5    22   175     5   174     3   182 0.78 -
PSC74435.1           -            853 1825at3041           -            378   1.3e-18   66.1  14.9   2   2   1.4e-09   1.6e-07   29.6   1.9    44   154   217   332   207   385 0.84 -
PSC73003.1           -            572 1825at3041           -            378   1.5e-18   65.9   7.6   1   2       4.2   4.5e+02   -1.5   0.0   227   248    72    93    53    97 0.74 -
PSC73003.1           -            572 1825at3041           -            378   1.5e-18   65.9   7.6   2   2   1.4e-20   1.5e-18   65.9   7.6   256   327   120   190   112   195 0.87 -
PSC69820.1           -            610 1825at3041           -            378   2.4e-17   61.9  20.8   1   2   1.7e-17   1.8e-15   55.7  13.4     1   204   348   558   348   564 0.82 -
PSC69820.1           -            610 1825at3041           -            378   2.4e-17   61.9  20.8   2   2     2e-06   0.00021   19.3   0.7    57   120   500   567   493   585 0.77 -
PSC67610.1           -            353 1825at3041           -            378   1.4e-16   59.4   5.1   1   2   2.9e-09   3.1e-07   28.6   0.7     3    92    10   102     8   106 0.89 -
PSC67610.1           -            353 1825at3041           -            378   1.4e-16   59.4   5.1   2   2   5.7e-11   6.1e-09   34.3   0.4    23   112    99   191    96   206 0.81 -
PSC67999.1           -           1373 1825at3041           -            378   1.9e-16   59.0  15.4   1   4   0.00016     0.017   13.0   2.0    36   111    19    97     5   124 0.81 -
PSC67999.1           -           1373 1825at3041           -            378   1.9e-16   59.0  15.4   2   4       3.2   3.5e+02   -1.2   0.0    23    60   107   144    97   175 0.78 -
PSC67999.1           -           1373 1825at3041           -            378   1.9e-16   59.0  15.4   3   4   2.3e-10   2.4e-08   32.3   0.4    21    88   424   491   403   515 0.87 -
PSC67999.1           -           1373 1825at3041           -            378   1.9e-16   59.0  15.4   4   4   6.4e-07   6.9e-05   20.9   0.5    45   123   530   613   504   619 0.72 -
PSC69533.1           -            171 1825at3041           -            378     2e-16   58.9   0.0   1   2   2.4e-07   2.6e-05   22.3   0.0     1    78    17    95    17    96 0.93 -
PSC69533.1           -            171 1825at3041           -            378     2e-16   58.9   0.0   2   2   6.8e-13   7.4e-11   40.6   0.0    28    91    78   141    73   145 0.93 -
PSC73598.1           -            492 1825at3041           -            378     2e-16   58.9  13.0   1   3   6.1e-06   0.00066   17.7   4.1    88   177    41   141     3   149 0.58 -
PSC73598.1           -            492 1825at3041           -            378     2e-16   58.9  13.0   2   3   5.7e-10   6.2e-08   30.9   0.1    29   104   147   226   140   229 0.87 -
PSC73598.1           -            492 1825at3041           -            378     2e-16   58.9  13.0   3   3   7.4e-08     8e-06   24.0   0.4    21    89   206   273   204   280 0.81 -
PSC71423.1           -            436 1825at3041           -            378   2.6e-16   58.5  11.6   1   2   1.3e-12   1.4e-10   39.6   5.3    16   130   255   371   239   371 0.88 -
PSC71423.1           -            436 1825at3041           -            378   2.6e-16   58.5  11.6   2   2   5.8e-09   6.3e-07   27.6   1.6     2    76   339   414   338   428 0.89 -
PSC75247.1           -            296 1825at3041           -            378   4.5e-16   57.7   0.5   1   1   5.4e-18   5.9e-16   57.3   0.5   251   330   107   183    63   218 0.86 -
PSC76146.1           -            776 1825at3041           -            378   1.9e-15   55.6   4.5   1   1     4e-17   4.3e-15   54.5   4.5    22   207   567   762   550   768 0.82 -
PSC75427.1           -            835 1825at3041           -            378   3.1e-14   51.7   9.4   1   2   3.5e-13   3.8e-11   41.5   6.3    66   205     7   154     2   158 0.84 -
PSC75427.1           -            835 1825at3041           -            378   3.1e-14   51.7   9.4   2   2   0.00099      0.11   10.4   0.0    27    67   167   207   159   237 0.76 -
PSC75428.1           -            835 1825at3041           -            378   3.1e-14   51.7   9.4   1   2   3.5e-13   3.8e-11   41.5   6.3    66   205     7   154     2   158 0.84 -
PSC75428.1           -            835 1825at3041           -            378   3.1e-14   51.7   9.4   2   2   0.00099      0.11   10.4   0.0    27    67   167   207   159   237 0.76 -
PSC71358.1           -            178 1825at3041           -            378   2.9e-13   48.5   2.3   1   1   4.2e-15   4.5e-13   47.8   2.3     5    88    15    99    11   140 0.87 -
PSC71100.1           -           2989 1825at3041           -            378   3.3e-13   48.3  13.2   1   2     7e-10   7.5e-08   30.7   4.4     3    91  2646  2735  2644  2738 0.92 -
PSC71100.1           -           2989 1825at3041           -            378   3.3e-13   48.3  13.2   2   2   1.3e-07   1.4e-05   23.2   2.2    24   107  2734  2822  2732  2830 0.93 -
PSC73367.1           -            333 1825at3041           -            378   3.5e-13   48.2   5.4   1   1   2.1e-14   2.3e-12   45.5   5.3    32   164   108   252    81   264 0.59 -
PSC73616.1           -            934 1825at3041           -            378   6.7e-13   47.3   7.0   1   3    0.0022      0.24    9.2   0.1   149   176    48    75    36    83 0.88 -
PSC73616.1           -            934 1825at3041           -            378   6.7e-13   47.3   7.0   2   3     3e-10   3.3e-08   31.8   1.8    27    93   443   509   437   516 0.92 -
PSC73616.1           -            934 1825at3041           -            378   6.7e-13   47.3   7.0   3   3     0.011       1.2    6.9   0.0    86   175   541   574   514   613 0.66 -
PSC73617.1           -            927 1825at3041           -            378   1.1e-12   46.6   8.5   1   4    0.0022      0.24    9.3   0.1   149   176    48    75    36    83 0.88 -
PSC73617.1           -            927 1825at3041           -            378   1.1e-12   46.6   8.5   2   4   3.2e-10   3.5e-08   31.8   2.0    27    93   443   509   437   516 0.92 -
PSC73617.1           -            927 1825at3041           -            378   1.1e-12   46.6   8.5   3   4     0.016       1.7    6.4   0.0   143   175   542   574   521   588 0.61 -
PSC73617.1           -            927 1825at3041           -            378   1.1e-12   46.6   8.5   4   4       5.6     6e+02   -1.9   0.0    78   104   618   648   590   661 0.52 -
PSC73681.1           -            226 1825at3041           -            378   3.1e-12   45.1   5.8   1   1   3.5e-14   3.8e-12   44.8   5.8     4   159    11   176     8   187 0.83 -
PSC72679.1           -            290 1825at3041           -            378   4.2e-12   44.6   1.2   1   1   5.1e-14   5.5e-12   44.3   1.2     3   147    19   171    17   186 0.82 Micractinium conductrix strain SAG 241.80 contig_9, whole genome shotgun sequence.
PSC74032.1           -           1165 1825at3041           -            378     6e-12   44.1   5.3   1   1   1.3e-13   1.4e-11   42.9   5.3   243   323   148   226   107   243 0.76 -
PSC74033.1           -           1219 1825at3041           -            378   6.5e-12   44.0   5.3   1   1   1.4e-13   1.5e-11   42.8   5.3   243   323   148   226   107   243 0.76 -
PSC74050.1           -            316 1825at3041           -            378   1.2e-11   43.2   9.8   1   2   1.1e-13   1.2e-11   43.2   9.8   253   313    66   127    19   145 0.86 -
PSC74050.1           -            316 1825at3041           -            378   1.2e-11   43.2   9.8   2   2       1.7   1.9e+02   -0.3   0.8   158   226   154   226   127   258 0.52 -
PSC67319.1           -            535 1825at3041           -            378   1.2e-11   43.1   0.1   1   1   1.7e-13   1.9e-11   42.5   0.1    48   131   155   242   136   252 0.84 -
PSC73049.1           -            423 1825at3041           -            378   1.4e-11   43.0   0.1   1   1   1.9e-13   2.1e-11   42.4   0.1    33   111    56   136    40   160 0.81 -
PSC73048.1           -            424 1825at3041           -            378   1.4e-11   43.0   0.1   1   1   1.9e-13   2.1e-11   42.4   0.1    33   111    56   136    40   160 0.81 -
PSC70714.1           -           1950 1825at3041           -            378   5.1e-11   41.1  26.7   1   4       6.7   7.2e+02   -2.2   0.1   211   263  1091  1139  1075  1153 0.76 -
PSC70714.1           -           1950 1825at3041           -            378   5.1e-11   41.1  26.7   2   4   2.5e-06   0.00027   19.0   3.0    62   186  1495  1631  1485  1640 0.81 -
PSC70714.1           -           1950 1825at3041           -            378   5.1e-11   41.1  26.7   3   4   2.5e-07   2.7e-05   22.3   3.1   123   204  1628  1717  1624  1730 0.75 -
PSC70714.1           -           1950 1825at3041           -            378   5.1e-11   41.1  26.7   4   4   0.00011     0.012   13.5   2.1     2   100  1738  1843  1737  1850 0.81 -
PSC75853.1           -           1177 1825at3041           -            378   1.5e-10   39.6   5.6   1   4      0.27        29    2.4   0.1   153   202    28    75    21    88 0.72 -
PSC75853.1           -           1177 1825at3041           -            378   1.5e-10   39.6   5.6   2   4     1e-06   0.00011   20.3   0.1    33    99   100   170    87   176 0.87 -
PSC75853.1           -           1177 1825at3041           -            378   1.5e-10   39.6   5.6   3   4   3.7e-05     0.004   15.1   0.0    19    87   206   274   196   277 0.89 -
PSC75853.1           -           1177 1825at3041           -            378   1.5e-10   39.6   5.6   4   4       1.2   1.3e+02    0.3   0.3   132   177   362   409   348   433 0.80 -
PSC77021.1           -            190 1825at3041           -            378     2e-10   39.1   6.1   1   1   1.3e-11   1.4e-09   36.4   4.4     3   127    36   169    34   171 0.84 -
PSC76274.1           -           1198 1825at3041           -            378   2.2e-10   39.0   0.1   1   1   2.1e-12   2.2e-10   39.0   0.1     5   100  1084  1184  1080  1196 0.85 -
PSC68771.1           -            279 1825at3041           -            378   2.5e-10   38.8   6.2   1   2   1.6e-07   1.8e-05   22.9   0.2     3    86    10    94     8    99 0.90 -
PSC68771.1           -            279 1825at3041           -            378   2.5e-10   38.8   6.2   2   2   3.1e-06   0.00034   18.6   1.4   151   205   104   157    96   165 0.80 -
PSC72651.1           -            697 1825at3041           -            378   4.4e-10   38.0   1.0   1   1   5.7e-12   6.2e-10   37.5   1.0     4   137    11   148     8   172 0.82 -
PSC71983.1           -            827 1825at3041           -            378   9.7e-10   36.9   2.3   1   3      0.36        39    2.0   0.1   152   207    53   111    43   115 0.84 -
PSC71983.1           -            827 1825at3041           -            378   9.7e-10   36.9   2.3   2   3   2.4e-06   0.00026   19.0   0.0    23    87   110   175   107   191 0.89 -
PSC71983.1           -            827 1825at3041           -            378   9.7e-10   36.9   2.3   3   3   5.2e-05    0.0056   14.6   0.1   142   181   199   238   190   253 0.84 -
PSC71927.1           -            886 1825at3041           -            378   1.3e-09   36.5   1.3   1   2   4.6e-05    0.0049   14.8   0.3    57   120   692   757   667   769 0.74 -
PSC71927.1           -            886 1825at3041           -            378   1.3e-09   36.5   1.3   2   2   1.2e-06   0.00013   20.0   0.0    44   102   780   842   767   856 0.80 -
PSC72014.1           -           1003 1825at3041           -            378   1.8e-09   36.0  27.9   1   3   6.4e-07   6.9e-05   20.9   9.6     4   184    34   225    31   239 0.74 -
PSC72014.1           -           1003 1825at3041           -            378   1.8e-09   36.0  27.9   2   3    0.0001     0.011   13.7   0.2   147   175   241   269   236   279 0.90 -
PSC72014.1           -           1003 1825at3041           -            378   1.8e-09   36.0  27.9   3   3   0.00077     0.084   10.8   4.8   147   209   281   342   274   350 0.77 -
PSC69223.1           -            869 1825at3041           -            378   3.2e-09   35.2   4.3   1   1   7.7e-11   8.4e-09   33.8   4.2    44   162   339   467   295   485 0.79 -
PSC72695.1           -            227 1825at3041           -            378   3.8e-09   34.9   2.2   1   1   1.6e-10   1.7e-08   32.8   1.6    88   202    76   201    63   214 0.75 -
PSC72683.1           -            277 1825at3041           -            378   4.1e-09   34.8   5.5   1   2   1.4e-06   0.00015   19.8   1.2    31    88   158   215   140   217 0.82 -
PSC72683.1           -            277 1825at3041           -            378   4.1e-09   34.8   5.5   2   2   7.1e-06   0.00077   17.5   0.2   145   193   216   263   214   268 0.88 -
PSC70341.1           -            266 1825at3041           -            378     8e-09   33.9   3.4   1   1   6.3e-10   6.9e-08   30.8   3.3    35   160     5   140     1   157 0.51 Micractinium conductrix strain SAG 241.80 contig_20, whole genome shotgun sequence.
PSC67696.1           -            426 1825at3041           -            378     1e-08   33.5   1.2   1   1   1.6e-10   1.7e-08   32.8   1.2    11   105    10   107     5   115 0.94 -
PSC68600.1           -            636 1825at3041           -            378   1.9e-08   32.6   0.9   1   2   1.8e-10   1.9e-08   32.6   0.9    28    87   197   256   193   261 0.94 -
PSC68600.1           -            636 1825at3041           -            378   1.9e-08   32.6   0.9   2   2    0.0053      0.58    8.0   0.1   137   177   285   329   274   341 0.77 -
PSC72326.1           -           1024 1825at3041           -            378   2.1e-08   32.5  29.4   1   5       3.1   3.3e+02   -1.1   0.1   152   193   183   228   172   231 0.64 -
PSC72326.1           -           1024 1825at3041           -            378   2.1e-08   32.5  29.4   2   5       0.5        54    1.5   0.1    61    91   340   370   294   403 0.74 -
PSC72326.1           -           1024 1825at3041           -            378   2.1e-08   32.5  29.4   3   5   1.8e-05     0.002   16.1   1.7    29   123   430   532   426   538 0.82 -
PSC72326.1           -           1024 1825at3041           -            378   2.1e-08   32.5  29.4   4   5      0.55        60    1.4   0.3    30    83   641   694   612   741 0.73 -
PSC72326.1           -           1024 1825at3041           -            378   2.1e-08   32.5  29.4   5   5   1.5e-08   1.6e-06   26.3   6.6    17   200   808  1008   796  1017 0.72 -
PSC76538.1           -           1635 1825at3041           -            378   3.3e-08   31.8   7.2   1   2   6.3e-07   6.8e-05   20.9   0.6    26    90  1449  1513  1427  1517 0.88 -
PSC76538.1           -           1635 1825at3041           -            378   3.3e-08   31.8   7.2   2   2   6.3e-05    0.0068   14.3   1.3   147   197  1514  1563  1510  1588 0.81 -
PSC68913.1           -            514 1825at3041           -            378   3.5e-08   31.7   0.1   1   1   6.6e-10   7.2e-08   30.7   0.1    27   108    79   162    56   171 0.84 -
PSC71083.1           -            561 1825at3041           -            378   1.1e-07   30.1   9.1   1   2   2.3e-06   0.00024   19.1   1.1    20   173   320   477   295   488 0.79 -
PSC71083.1           -            561 1825at3041           -            378   1.1e-07   30.1   9.1   2   2   4.6e-06   0.00049   18.1   3.9    63   207   388   548   387   556 0.70 -
PSC73620.1           -            613 1825at3041           -            378   1.2e-07   30.0   0.1   1   1   1.7e-09   1.8e-07   29.4   0.1     2    87    38   128    37   160 0.86 -
PSC74691.1           -            632 1825at3041           -            378   1.7e-07   29.5   7.4   1   3       2.2   2.4e+02   -0.6   0.2   153   181    41    69    29    78 0.71 -
PSC74691.1           -            632 1825at3041           -            378   1.7e-07   29.5   7.4   2   3   2.1e-07   2.3e-05   22.5   1.9    49   176    68   195    54   202 0.85 -
PSC74691.1           -            632 1825at3041           -            378   1.7e-07   29.5   7.4   3   3    0.0068      0.74    7.7   0.1   147   206   213   277   208   284 0.82 -
PSC75245.1           -            295 1825at3041           -            378   1.7e-07   29.5  15.5   1   2   1.3e-08   1.4e-06   26.5   2.4    30   107     2    82     1    83 0.85 -
PSC75245.1           -            295 1825at3041           -            378   1.7e-07   29.5  15.5   2   2    0.0044      0.47    8.3   0.1    25    88    96   156    90   175 0.79 -
PSC75657.1           -            641 1825at3041           -            378   2.6e-07   28.9   9.3   1   3     0.032       3.4    5.4   0.1    53   100   371   421   360   428 0.60 -
PSC75657.1           -            641 1825at3041           -            378   2.6e-07   28.9   9.3   2   3   8.5e-05    0.0092   13.9   1.0    24   121   408   515   404   518 0.82 -
PSC75657.1           -            641 1825at3041           -            378   2.6e-07   28.9   9.3   3   3   1.2e-05    0.0013   16.7   0.4   143   206   516   579   513   590 0.90 -
PSC74413.1           -            290 1825at3041           -            378   3.4e-07   28.5   9.7   1   3   6.5e-05    0.0071   14.3   1.4    19    84    86   152    14   181 0.73 -
PSC74413.1           -            290 1825at3041           -            378   3.4e-07   28.5   9.7   2   3   1.1e-07   1.2e-05   23.4   2.9    53   187    87   224    83   233 0.79 -
PSC74413.1           -            290 1825at3041           -            378   3.4e-07   28.5   9.7   3   3      0.03       3.3    5.5   0.1    63    89   236   262   223   285 0.67 -
PSC73191.1           -            781 1825at3041           -            378   5.1e-07   27.9   7.1   1   2   7.1e-07   7.6e-05   20.8   1.6     6   130    83   217    78   220 0.70 -
PSC73191.1           -            781 1825at3041           -            378   5.1e-07   27.9   7.1   2   2   2.3e-06   0.00025   19.1   0.3     3    87   153   238   151   245 0.79 -
PSC68202.1           -           3664 1825at3041           -            378   9.1e-07   27.1  23.4   1   2     6e-05    0.0065   14.4   9.8    63   176  1728  1863  1721  1868 0.62 -
PSC68202.1           -           3664 1825at3041           -            378   9.1e-07   27.1  23.4   2   2     1e-07   1.1e-05   23.5  19.7    14   197  1778  1996  1771  2002 0.70 -
PSC68314.1           -            801 1825at3041           -            378   1.5e-06   26.4   0.5   1   1     3e-08   3.2e-06   25.3   0.5    37   111   234   310   225   321 0.89 -
PSC68233.1           -            766 1825at3041           -            378   1.6e-06   26.3  12.3   1   2   2.4e-06   0.00026   19.0   1.3    56   185    35   174     7   185 0.77 -
PSC68233.1           -            766 1825at3041           -            378   1.6e-06   26.3  12.3   2   2   3.9e-05    0.0042   15.0   0.1    19    75   186   242   181   260 0.84 -
PSC70745.1           -            780 1825at3041           -            378   1.9e-06   26.1   0.8   1   1   2.8e-08     3e-06   25.4   0.8     3    98   171   269   169   272 0.90 -
PSC75948.1           -            216 1825at3041           -            378   2.4e-06   25.7  10.0   1   1   1.5e-06   0.00016   19.7  10.1    19   196     8   181     1   192 0.70 -
PSC67690.1           -            631 1825at3041           -            378   2.9e-06   25.5  11.4   1   3         8   8.7e+02   -2.5   0.1   299   319   250   270   239   297 0.57 -
PSC67690.1           -            631 1825at3041           -            378   2.9e-06   25.5  11.4   2   3     6e-07   6.5e-05   21.0   0.7    99   175   415   497   400   504 0.58 -
PSC67690.1           -            631 1825at3041           -            378   2.9e-06   25.5  11.4   3   3   0.00031     0.033   12.1   0.3   136   198   487   552   486   563 0.76 -
PSC74058.1           -            556 1825at3041           -            378   4.1e-06   24.9   1.5   1   3      0.17        18    3.1   0.1    12    86    46   115    42   121 0.72 -
PSC74058.1           -            556 1825at3041           -            378   4.1e-06   24.9   1.5   2   3   3.8e-08   4.1e-06   24.9   1.5     4   101    98   194    95   204 0.85 -
PSC74058.1           -            556 1825at3041           -            378   4.1e-06   24.9   1.5   3   3      0.35        38    2.0   2.4   153   200   206   253   189   264 0.76 -
PSC72798.1           -            180 1825at3041           -            378   1.2e-05   23.4   5.5   1   2    0.0018      0.19    9.6   0.3    42    91    17    69     8    70 0.73 Micractinium conductrix strain SAG 241.80 contig_9, whole genome shotgun sequence.
PSC72798.1           -            180 1825at3041           -            378   1.2e-05   23.4   5.5   2   2   1.5e-05    0.0016   16.4   0.9    24    71    68   115    66   170 0.66 Micractinium conductrix strain SAG 241.80 contig_9, whole genome shotgun sequence.
PSC70866.1           -            542 1825at3041           -            378   1.9e-05   22.8   0.0   1   1     3e-07   3.2e-05   22.0   0.0     7    87    28   113    23   121 0.85 -
PSC73454.1           -           2136 1825at3041           -            378   1.9e-05   22.8   4.9   1   4   0.00038     0.041   11.8   0.0    18    85   830   899   811   910 0.73 -
PSC73454.1           -           2136 1825at3041           -            378   1.9e-05   22.8   4.9   2   4     0.048       5.2    4.9   0.5    28    72   948   992   918  1057 0.65 -
PSC73454.1           -           2136 1825at3041           -            378   1.9e-05   22.8   4.9   3   4      0.41        45    1.8   0.2    48    87  1010  1050   993  1106 0.43 -
PSC73454.1           -           2136 1825at3041           -            378   1.9e-05   22.8   4.9   4   4     0.078       8.5    4.2   0.1    44    87  1083  1126  1063  1143 0.71 -
PSC75861.1           -            496 1825at3041           -            378   3.6e-05   21.8   2.6   1   2   3.3e-07   3.6e-05   21.8   2.6    31    90    77   136    42   163 0.74 -
PSC75861.1           -            496 1825at3041           -            378   3.6e-05   21.8   2.6   2   2       7.9   8.5e+02   -2.4   3.5    49   186   277   319   239   366 0.54 -
PSC70206.1           -            656 1825at3041           -            378   4.1e-05   21.7   0.1   1   1   7.6e-07   8.3e-05   20.7   0.1    22   103    45   131    34   140 0.86 -
PSC74228.1           -            728 1825at3041           -            378   4.7e-05   21.5   0.4   1   1   1.2e-06   0.00013   20.0   0.4    27    92   243   308   212   314 0.78 -
PSC70914.1           -            175 1825at3041           -            378   7.1e-05   20.9   2.7   1   1   7.2e-07   7.8e-05   20.7   2.7    63   128    83   150    22   162 0.75 -
PSC71058.1           -            268 1825at3041           -            378   7.6e-05   20.8  10.1   1   1   1.5e-06   0.00016   19.7  10.1    42   185    23   177     5   199 0.73 -
PSC71059.1           -            268 1825at3041           -            378   7.6e-05   20.8  10.1   1   1   1.5e-06   0.00016   19.7  10.1    42   185    23   177     5   199 0.73 -
PSC76416.1           -            763 1825at3041           -            378   0.00012   20.2   0.1   1   1   1.9e-06    0.0002   19.4   0.1    30    87   563   620   531   652 0.80 -
PSC71609.1           -           1917 1825at3041           -            378   0.00012   20.1   0.3   1   2      0.61        66    1.2   0.3    30   104   579   669   557   683 0.60 -
PSC71609.1           -           1917 1825at3041           -            378   0.00012   20.1   0.3   2   2   1.1e-06   0.00012   20.1   0.3    17    75   879   936   870   949 0.78 -
PSC71608.1           -           1918 1825at3041           -            378   0.00012   20.1   0.3   1   2      0.62        67    1.2   0.3    30   104   579   669   557   683 0.60 -
PSC71608.1           -           1918 1825at3041           -            378   0.00012   20.1   0.3   2   2   1.1e-06   0.00012   20.1   0.3    17    75   879   936   870   949 0.78 -
PSC72252.1           -            286 1825at3041           -            378   0.00067   17.7   2.4   1   1   1.7e-05    0.0018   16.2   1.6     2    85    43   128    42   139 0.84 -
PSC75312.1           -            223 1825at3041           -            378    0.0017   16.3   0.0   1   1   3.4e-05    0.0037   15.2   0.0    91   166    84   165    73   168 0.70 -
PSC72841.1           -           1133 1825at3041           -            378    0.0021   16.0   3.9   1   1   4.4e-05    0.0047   14.9   3.9    32   133   498   602   447   635 0.61 -
PSC71741.1           -            733 1825at3041           -            378    0.0027   15.7   0.0   1   2   0.00095       0.1   10.5   0.0    91   133   107   148    97   174 0.90 -
PSC71741.1           -            733 1825at3041           -            378    0.0027   15.7   0.0   2   2      0.21        23    2.7   0.1   148   186   380   418   372   434 0.85 -
PSC70319.1           -            279 1825at3041           -            378    0.0056   14.6   2.8   1   2     0.022       2.4    6.0   0.2     3    87    10    92     8    98 0.75 Micractinium conductrix strain SAG 241.80 contig_20, whole genome shotgun sequence.
PSC70319.1           -            279 1825at3041           -            378    0.0056   14.6   2.8   2   2    0.0028       0.3    8.9   0.2   153   194   103   143    99   159 0.77 Micractinium conductrix strain SAG 241.80 contig_20, whole genome shotgun sequence.
PSC72948.1           -            960 1825at3041           -            378    0.0057   14.6   0.1   1   1   0.00015     0.016   13.1   0.1     8   106   628   728   621   753 0.76 -
PSC71861.1           -            605 1825at3041           -            378     0.011   13.7   0.0   1   1   0.00022     0.024   12.5   0.0    17    91   291   366   281   400 0.82 -
PSC67461.1           -            560 1825at3041           -            378     0.012   13.6  12.9   1   3       3.4   3.7e+02   -1.2   0.2   205   242   263   300   254   309 0.79 -
PSC67461.1           -            560 1825at3041           -            378     0.012   13.6  12.9   2   3      0.85        92    0.7   0.2   146   174   430   459   423   463 0.79 -
PSC67461.1           -            560 1825at3041           -            378     0.012   13.6  12.9   3   3   4.4e-05    0.0048   14.9   7.6   142   206   460   523   432   535 0.68 -
PSC75489.1           -            374 1825at3041           -            378     0.016   13.1   8.6   1   3       2.2   2.4e+02   -0.6   0.0    80    99    29    48    11    55 0.73 -
PSC75489.1           -            374 1825at3041           -            378     0.016   13.1   8.6   2   3   7.8e-05    0.0084   14.0   2.2    39   105   113   181    75   197 0.57 -
PSC75489.1           -            374 1825at3041           -            378     0.016   13.1   8.6   3   3       1.4   1.5e+02    0.1   0.1    51    68   273   290   263   308 0.83 -
PSC70507.1           -           1075 1825at3041           -            378     0.052   11.4   0.0   1   1   0.00082     0.089   10.7   0.0    26    85    93   151    66   174 0.78 -
PSC75847.1           -            572 1825at3041           -            378     0.063   11.2  13.7   1   3      0.49        53    1.6   0.1   146   172   151   177   140   213 0.77 -
PSC75847.1           -            572 1825at3041           -            378     0.063   11.2  13.7   2   3   0.00095       0.1   10.5   3.3    25   180   221   384   196   395 0.60 -
PSC75847.1           -            572 1825at3041           -            378     0.063   11.2  13.7   3   3     0.099        11    3.8   1.2    91   135   366   410   356   456 0.55 -
PSC75490.1           -            960 1825at3041           -            378     0.064   11.1   0.0   1   1    0.0011      0.12   10.2   0.0    26    84   100   157    84   167 0.85 -
PSC76577.1           -           1806 1825at3041           -            378     0.099   10.5   3.9   1   1   0.00026     0.028   12.3   0.5    64   158  1017  1122  1012  1141 0.68 -
#
# Program:         hmmsearch
# Version:         3.1b2 (February 2015)
# Pipeline mode:   SEARCH
# Query file:      /Users/catrionaharrison/Documents/Bioinformatics/rp2/Data/genomes/busco/busco_downloads/lineages/chlorophyta_odb10/hmms/1825at3041.hmm
# Target file:     /Users/catrionaharrison/Documents/Bioinformatics/rp2/Data/genomes/busco/data/micractinium_conductrix.prot.fasta
# Option settings: hmmsearch --domtblout /Users/catrionaharrison/Documents/Bioinformatics/rp2/Data/genomes/busco/Busco_conductrix/run_chlorophyta_odb10/hmmer_output/initial_run_results/1825at3041.out --cpu 1 /Users/catrionaharrison/Documents/Bioinformatics/rp2/Data/genomes/busco/busco_downloads/lineages/chlorophyta_odb10/hmms/1825at3041.hmm /Users/catrionaharrison/Documents/Bioinformatics/rp2/Data/genomes/busco/data/micractinium_conductrix.prot.fasta 
# Current dir:     /Users/catrionaharrison/Documents/Bioinformatics/rp2/Data/genomes/busco
# Date:            Fri Jul 22 15:13:25 2022
# [ok]
