#                                                                            --- full sequence --- -------------- this domain -------------   hmm coord   ali coord   env coord
# target name        accession   tlen query name           accession   qlen   E-value  score  bias   #  of  c-Evalue  i-Evalue  score  bias  from    to  from    to  from    to  acc description of target
#------------------- ---------- ----- -------------------- ---------- ----- --------- ------ ----- --- --- --------- --------- ------ ----- ----- ----- ----- ----- ----- ----- ---- ---------------------
PSC69315.1           -           1026 1927at3041           -            257  1.8e-101  337.6   4.8   1   3     2e-63   8.7e-62  207.5   1.2     2   141    57   220    56   223 0.86 -
PSC69315.1           -           1026 1927at3041           -            257  1.8e-101  337.6   4.8   2   3   2.4e-34   1.1e-32  112.2   0.0   141   211   240   311   234   319 0.94 -
PSC69315.1           -           1026 1927at3041           -            257  1.8e-101  337.6   4.8   3   3     3e-05    0.0013   16.8   0.0   215   257   350   404   335   404 0.84 -
PSC69314.1           -           1074 1927at3041           -            257  2.1e-101  337.3   4.8   1   3   2.1e-63   9.2e-62  207.4   1.1     2   141    57   220    56   223 0.86 -
PSC69314.1           -           1074 1927at3041           -            257  2.1e-101  337.3   4.8   2   3   2.5e-34   1.1e-32  112.1   0.0   141   211   240   311   234   319 0.94 -
PSC69314.1           -           1074 1927at3041           -            257  2.1e-101  337.3   4.8   3   3   3.2e-05    0.0014   16.8   0.0   215   257   350   404   335   404 0.84 -
PSC74284.1           -            683 1927at3041           -            257   9.4e-72  240.2   0.0   1   2   7.5e-71   3.3e-69  231.8   0.0     2   211   356   578   355   587 0.90 -
PSC74284.1           -            683 1927at3041           -            257   9.4e-72  240.2   0.0   2   2     0.053       2.3    6.2   0.0   213   240   617   644   610   657 0.84 -
PSC68206.1           -            672 1927at3041           -            257   3.4e-64  215.4   0.0   1   2   1.1e-61   4.8e-60  201.8   0.0     2   210    67   287    66   291 0.90 -
PSC68206.1           -            672 1927at3041           -            257   3.4e-64  215.4   0.0   2   2    0.0014      0.06   11.4   0.0   215   240   319   344   307   357 0.85 -
PSC74650.1           -            895 1927at3041           -            257   3.4e-64  215.4   0.0   1   2     4e-64   1.8e-62  209.8   0.0     2   211   615   836   614   847 0.89 -
PSC74650.1           -            895 1927at3041           -            257   3.4e-64  215.4   0.0   2   2      0.41        18    3.3   0.0   215   239   866   890   855   892 0.89 -
PSC74119.1           -            317 1927at3041           -            257   2.4e-58  196.3   0.0   1   2   2.7e-56   1.2e-54  184.1   0.0     2   212    10   242     9   257 0.84 -
PSC74119.1           -            317 1927at3041           -            257   2.4e-58  196.3   0.0   2   2    0.0032      0.14   10.2   0.0   215   239   270   294   256   301 0.88 -
PSC70416.1           -            881 1927at3041           -            257   2.6e-56  189.6   0.1   1   2   1.9e-54   8.5e-53  178.1   0.0     2   207    39   257    38   260 0.91 -
PSC70416.1           -            881 1927at3041           -            257   2.6e-56  189.6   0.1   2   2    0.0064      0.28    9.2   0.0   212   239   290   317   270   326 0.84 -
PSC71610.1           -            428 1927at3041           -            257     2e-55  186.7   0.0   1   2     2e-54   8.9e-53  178.0   0.0     2   210    10   228     9   239 0.90 -
PSC71610.1           -            428 1927at3041           -            257     2e-55  186.7   0.0   2   2     0.042       1.9    6.5   0.0   215   238   262   285   251   301 0.87 -
PSC70855.1           -            654 1927at3041           -            257   9.3e-51  171.4   0.0   1   2   2.4e-48   1.1e-46  158.1   0.0     2   208   312   535   311   547 0.84 -
PSC70855.1           -            654 1927at3041           -            257   9.3e-51  171.4   0.0   2   2    0.0018     0.079   11.0   0.0   213   240   568   595   554   609 0.78 -
PSC69605.1           -            396 1927at3041           -            257   2.2e-49  166.9   3.3   1   2   3.7e-48   1.6e-46  157.5   0.8     2   207    19   240    18   262 0.88 -
PSC69605.1           -            396 1927at3041           -            257   2.2e-49  166.9   3.3   2   2    0.0088      0.39    8.8   0.1   213   241   274   302   252   314 0.78 -
PSC71749.1           -            543 1927at3041           -            257   1.5e-47  160.8   0.0   1   2   2.2e-46   9.7e-45  151.7   0.0     2   208    22   246    21   261 0.87 -
PSC71749.1           -            543 1927at3041           -            257   1.5e-47  160.8   0.0   2   2     0.025       1.1    7.3   0.0   199   238   264   304   244   320 0.81 -
PSC68202.1           -           3664 1927at3041           -            257   2.5e-47  160.2   0.0   1   2   5.6e-47   2.5e-45  153.6   0.0     2   206  1319  1550  1318  1563 0.78 -
PSC68202.1           -           3664 1927at3041           -            257   2.5e-47  160.2   0.0   2   2      0.24        10    4.1   0.0   203   237  1590  1624  1576  1636 0.80 -
PSC75018.1           -            929 1927at3041           -            257   1.1e-44  151.4   0.0   1   2   2.3e-43     1e-41  141.7   0.0    12   210   574   782   558   786 0.84 -
PSC75018.1           -            929 1927at3041           -            257   1.1e-44  151.4   0.0   2   2     0.024       1.1    7.3   0.0   214   239   812   837   797   852 0.84 -
PSC74124.1           -            430 1927at3041           -            257   9.8e-37  125.4   0.1   1   2   5.9e-37   2.6e-35  120.8   0.1     2   208   100   318    99   328 0.80 -
PSC74124.1           -            430 1927at3041           -            257   9.8e-37  125.4   0.1   2   2       0.7        31    2.5   0.0   213   237   349   373   333   380 0.82 -
PSC74122.1           -            592 1927at3041           -            257   1.4e-36  124.9   0.0   1   1   1.3e-37     6e-36  122.9   0.0     1   239     9   240     9   254 0.83 -
PSC74689.1           -            697 1927at3041           -            257   1.4e-33  115.1   2.1   1   4   9.1e-06    0.0004   18.5   0.1     2    76    10    88     9    92 0.73 -
PSC74689.1           -            697 1927at3041           -            257   1.4e-33  115.1   2.1   2   4   7.1e-09   3.2e-07   28.7   0.0   106   142    86   124    79   127 0.82 -
PSC74689.1           -            697 1927at3041           -            257   1.4e-33  115.1   2.1   3   4   6.6e-20   2.9e-18   64.9   0.0   138   208   137   209   128   224 0.85 -
PSC74689.1           -            697 1927at3041           -            257   1.4e-33  115.1   2.1   4   4       3.3   1.5e+02    0.3   0.1   214   255   243   286   228   288 0.77 -
PSC67849.1           -           1021 1927at3041           -            257   1.7e-32  111.5   0.0   1   2     2e-18   8.8e-17   60.0   0.0    27   247   315   551   288   561 0.69 -
PSC67849.1           -           1021 1927at3041           -            257   1.7e-32  111.5   0.0   2   2   3.8e-15   1.7e-13   49.3   0.0     4   235   675   926   672   939 0.68 -
PSC69602.1           -            316 1927at3041           -            257   2.9e-32  110.8   0.1   1   3   1.5e-12   6.6e-11   40.8   0.0    36   140    15   115     5   124 0.78 -
PSC69602.1           -            316 1927at3041           -            257   2.9e-32  110.8   0.1   2   3   1.1e-19     5e-18   64.1   0.0   146   212   170   237   164   249 0.92 -
PSC69602.1           -            316 1927at3041           -            257   2.9e-32  110.8   0.1   3   3       1.1        48    1.9   0.1   214   239   267   292   253   307 0.83 -
PSC71172.1           -           2127 1927at3041           -            257   8.5e-30  102.7   0.3   1   2   1.4e-27     6e-26   90.1   0.0    61   209  1870  2028  1801  2060 0.80 -
PSC71172.1           -           2127 1927at3041           -            257   8.5e-30  102.7   0.3   2   2    0.0024      0.11   10.6   0.1   213   240  2088  2115  2067  2125 0.76 -
PSC71171.1           -           2190 1927at3041           -            257   9.2e-30  102.6   0.3   1   2   1.4e-27   6.3e-26   90.0   0.0    61   209  1933  2091  1864  2123 0.80 -
PSC71171.1           -           2190 1927at3041           -            257   9.2e-30  102.6   0.3   2   2    0.0025      0.11   10.6   0.1   213   240  2151  2178  2130  2188 0.76 -
PSC70383.1           -            579 1927at3041           -            257   1.5e-28   98.6   0.1   1   1   5.6e-30   2.5e-28   97.9   0.1     3   240    44   288    42   302 0.77 -
PSC70617.1           -            841 1927at3041           -            257   8.5e-28   96.1   0.4   1   2   2.9e-28   1.3e-26   92.3   0.1     2   200    56   259    55   273 0.80 -
PSC70617.1           -            841 1927at3041           -            257   8.5e-28   96.1   0.4   2   2       1.3        58    1.7   0.0   215   239   309   333   298   341 0.88 -
PSC70082.1           -           2427 1927at3041           -            257   1.1e-27   95.8   0.0   1   2   3.1e-16   1.4e-14   52.8   0.0     1   182   619   805   619   865 0.79 -
PSC70082.1           -           2427 1927at3041           -            257   1.1e-27   95.8   0.0   2   2   1.7e-12   7.3e-11   40.6   0.0    90   182  1752  1849  1658  1886 0.85 -
PSC75958.1           -           1112 1927at3041           -            257   3.4e-27   94.2   0.0   1   2   2.9e-13   1.3e-11   43.1   0.0   102   182   134   222   123   234 0.86 -
PSC75958.1           -           1112 1927at3041           -            257   3.4e-27   94.2   0.0   2   2   8.7e-15   3.8e-13   48.1   0.0   101   183   869   959   854   972 0.87 -
PSC67293.1           -           1019 1927at3041           -            257   4.8e-27   93.7   0.0   1   1   1.9e-28   8.2e-27   92.9   0.0     2   203   656   869   655   884 0.81 -
PSC72353.1           -            389 1927at3041           -            257   3.7e-26   90.8   0.0   1   1   1.4e-27   6.4e-26   90.0   0.0     2   239   129   373   128   381 0.80 -
PSC73282.1           -           1485 1927at3041           -            257   6.5e-26   90.0   0.0   1   1   2.2e-27   9.9e-26   89.4   0.0     3   230    17   249    15   270 0.78 -
PSC73989.1           -            386 1927at3041           -            257   1.5e-24   85.5   0.0   1   1     5e-26   2.2e-24   85.0   0.0    25   239    91   313    77   332 0.82 -
PSC76041.1           -           1617 1927at3041           -            257   2.5e-23   81.5   0.0   1   1   9.2e-25   4.1e-23   80.8   0.0    60   233  1125  1305  1076  1316 0.77 -
PSC71205.1           -           1491 1927at3041           -            257   3.1e-23   81.2   0.0   1   2   3.5e-13   1.5e-11   42.9   0.1     4   140   804   942   801   945 0.67 -
PSC71205.1           -           1491 1927at3041           -            257   3.1e-23   81.2   0.0   2   2   4.5e-11     2e-09   35.9   0.0   147   235  1046  1133  1040  1142 0.84 -
PSC74845.1           -           5705 1927at3041           -            257   4.9e-23   80.5   0.0   1   1   2.2e-24   9.6e-23   79.6   0.0     2   183    43   241    42   294 0.77 -
PSC74948.1           -            800 1927at3041           -            257   5.7e-23   80.3   0.0   1   1   1.8e-24   8.1e-23   79.8   0.0    16   239    40   269    19   279 0.79 -
PSC74949.1           -            801 1927at3041           -            257   5.7e-23   80.3   0.0   1   1   1.8e-24   8.1e-23   79.8   0.0    16   239    40   269    19   279 0.79 -
PSC74103.1           -           1086 1927at3041           -            257   1.1e-22   79.4   0.0   1   1     4e-24   1.8e-22   78.7   0.0     2   212   139   368   138   387 0.75 -
PSC75756.1           -            512 1927at3041           -            257     2e-22   78.6   0.0   1   1   8.2e-24   3.6e-22   77.7   0.0     2   239    35   282    34   298 0.77 -
PSC67989.1           -           2067 1927at3041           -            257   2.3e-22   78.4   0.0   1   3   6.6e-13   2.9e-11   41.9   0.0     3   140    46   201    44   204 0.71 -
PSC67989.1           -           2067 1927at3041           -            257   2.3e-22   78.4   0.0   2   3   1.6e-09   7.1e-08   30.8   0.0   139   181   270   312   237   333 0.88 -
PSC67989.1           -           2067 1927at3041           -            257   2.3e-22   78.4   0.0   3   3       1.6        70    1.4   0.0   213   237   405   429   396   439 0.86 -
PSC67990.1           -           2068 1927at3041           -            257   2.3e-22   78.4   0.0   1   3   6.6e-13   2.9e-11   41.9   0.0     3   140    46   201    44   204 0.71 -
PSC67990.1           -           2068 1927at3041           -            257   2.3e-22   78.4   0.0   2   3   1.6e-09   7.1e-08   30.8   0.0   139   181   270   312   237   333 0.88 -
PSC67990.1           -           2068 1927at3041           -            257   2.3e-22   78.4   0.0   3   3       1.6        70    1.4   0.0   213   237   405   429   396   439 0.86 -
PSC73666.1           -           1333 1927at3041           -            257   2.8e-22   78.1   0.0   1   1   1.4e-23   6.2e-22   76.9   0.0     2   245   832  1109   831  1113 0.74 -
PSC74338.1           -           1739 1927at3041           -            257   4.3e-22   77.5   0.0   1   1   1.6e-23     7e-22   76.7   0.0     2   202   111   326   110   353 0.80 -
PSC71739.1           -            919 1927at3041           -            257   1.5e-21   75.7   0.0   1   1     9e-23     4e-21   74.3   0.0     3   241   438   705   436   715 0.73 -
PSC77050.1           -            488 1927at3041           -            257   1.3e-20   72.6   0.0   1   1   4.4e-22   1.9e-20   72.0   0.0    88   199    85   203    78   244 0.79 -
PSC68466.1           -            758 1927at3041           -            257   2.2e-20   71.8   0.0   1   1   7.9e-22   3.5e-20   71.2   0.0    91   234   123   273    87   294 0.77 -
PSC69411.1           -            865 1927at3041           -            257   3.3e-20   71.3   0.0   1   1   4.7e-21   2.1e-19   68.7   0.0    92   196   647   761   561   774 0.69 -
PSC73894.1           -           1214 1927at3041           -            257   1.2e-19   69.5   0.0   1   1   4.1e-21   1.8e-19   68.8   0.0     2   230   193   430   192   435 0.76 -
PSC76263.1           -           3166 1927at3041           -            257   1.4e-19   69.2   0.0   1   2   5.9e-08   2.6e-06   25.7   0.0     2   159  1810  1982  1809  1990 0.71 -
PSC76263.1           -           3166 1927at3041           -            257   1.4e-19   69.2   0.0   2   2   1.1e-12   5.1e-11   41.2   0.0     2   183  2383  2578  2382  2589 0.75 -
PSC71935.1           -            729 1927at3041           -            257   3.4e-19   67.9   0.0   1   1   5.1e-20   2.3e-18   65.3   0.0    15   234    96   332    77   345 0.75 -
PSC69649.1           -           1483 1927at3041           -            257   4.3e-19   67.6   0.0   1   3      0.16       7.1    4.6   0.0     2    50   362   417   361   429 0.79 -
PSC69649.1           -           1483 1927at3041           -            257   4.3e-19   67.6   0.0   2   3   1.5e-13   6.7e-12   44.0   0.0    67   141   683   757   669   760 0.86 -
PSC69649.1           -           1483 1927at3041           -            257   4.3e-19   67.6   0.0   3   3   0.00012    0.0051   14.9   0.0   142   244   786   886   777   894 0.88 -
PSC69648.1           -           1485 1927at3041           -            257   4.3e-19   67.6   0.0   1   3      0.16       7.2    4.6   0.0     2    50   364   419   363   431 0.79 -
PSC69648.1           -           1485 1927at3041           -            257   4.3e-19   67.6   0.0   2   3   1.5e-13   6.7e-12   44.0   0.0    67   141   685   759   671   762 0.86 -
PSC69648.1           -           1485 1927at3041           -            257   4.3e-19   67.6   0.0   3   3   0.00012    0.0051   14.9   0.0   142   244   788   888   779   896 0.88 -
PSC71591.1           -           1052 1927at3041           -            257   4.7e-19   67.5   0.0   1   1   2.2e-20   9.8e-19   66.4   0.0     2   234    25   267    24   274 0.74 -
PSC75806.1           -           1310 1927at3041           -            257   4.9e-19   67.4   0.0   1   1     2e-20     9e-19   66.6   0.0     4   247    23   286    20   292 0.76 -
PSC75761.1           -            604 1927at3041           -            257   7.6e-19   66.8   0.0   1   1   2.8e-20   1.2e-18   66.1   0.0     3   183   302   487   300   509 0.72 -
PSC74088.1           -            415 1927at3041           -            257   8.6e-19   66.6   0.6   1   1   4.8e-19   2.1e-17   62.1   0.6    45   240   100   314    85   333 0.69 -
PSC72762.1           -           1909 1927at3041           -            257   5.1e-18   64.1   0.0   1   1   3.1e-18   1.4e-16   59.4   0.0     2   203   108   337   107   349 0.77 -
PSC67867.1           -           2324 1927at3041           -            257   5.3e-18   64.0   0.0   1   1     2e-19   8.9e-18   63.3   0.0    66   236   519   699   497   714 0.79 -
PSC67730.1           -            667 1927at3041           -            257   6.6e-18   63.7   0.0   1   1   2.6e-19   1.1e-17   62.9   0.0     2   232    40   278    39   284 0.67 -
PSC69607.1           -            502 1927at3041           -            257   7.8e-18   63.5   0.1   1   2   1.3e-12   5.9e-11   40.9   0.0     2   140    88   228    87   235 0.69 -
PSC69607.1           -            502 1927at3041           -            257   7.8e-18   63.5   0.1   2   2   2.4e-06    0.0001   20.5   0.0   149   199   292   341   283   370 0.89 -
PSC71226.1           -           1800 1927at3041           -            257   8.8e-18   63.3   0.0   1   1   3.5e-19   1.5e-17   62.5   0.0    67   231   677   848   660   858 0.82 -
PSC73241.1           -           1071 1927at3041           -            257   1.2e-17   62.8   0.0   1   1   4.4e-19     2e-17   62.2   0.0    92   196   889   999   881  1019 0.82 -
PSC70697.1           -            920 1927at3041           -            257   1.3e-17   62.8   0.0   1   1   7.8e-19   3.4e-17   61.4   0.0    92   236   113   275    77   287 0.80 -
PSC69530.1           -            657 1927at3041           -            257   1.5e-17   62.5   0.0   1   1   5.7e-19   2.5e-17   61.8   0.0    98   239   289   437   255   446 0.79 -
PSC68038.1           -           1887 1927at3041           -            257   3.9e-17   61.2   0.0   1   1   1.5e-18   6.6e-17   60.5   0.0    36   239   708   918   705   922 0.84 -
PSC70788.1           -            534 1927at3041           -            257   7.9e-17   60.2   0.0   1   1   2.4e-18   1.1e-16   59.7   0.0    63   240   161   348   120   366 0.79 -
PSC76682.1           -           2007 1927at3041           -            257   1.3e-16   59.4   0.0   1   4       3.7   1.6e+02    0.2   0.0     2    22   632   656   631   685 0.66 -
PSC76682.1           -           2007 1927at3041           -            257   1.3e-16   59.4   0.0   2   4   9.5e-07   4.2e-05   21.8   0.0    82   143   750   817   747   929 0.71 -
PSC76682.1           -           2007 1927at3041           -            257   1.3e-16   59.4   0.0   3   4         5   2.2e+02   -0.3   0.0     2    21  1629  1652  1628  1678 0.78 -
PSC76682.1           -           2007 1927at3041           -            257   1.3e-16   59.4   0.0   4   4   1.4e-09   6.3e-08   31.0   0.0   100   201  1799  1914  1785  1932 0.76 -
PSC72461.1           -            907 1927at3041           -            257   1.7e-16   59.1   0.0   1   1   2.1e-17   9.5e-16   56.7   0.0     2   240    47   298    46   315 0.74 -
PSC72211.1           -            549 1927at3041           -            257   2.1e-16   58.8   0.0   1   2     0.058       2.6    6.1   0.0     2    51   150   202   149   208 0.76 -
PSC72211.1           -            549 1927at3041           -            257   2.1e-16   58.8   0.0   2   2   3.4e-15   1.5e-13   49.4   0.0   101   182   253   344   238   365 0.74 -
PSC72692.1           -            277 1927at3041           -            257   2.6e-16   58.5   0.0   1   1   7.5e-18   3.3e-16   58.2   0.0    59   200    40   188    11   205 0.81 -
PSC70004.1           -            496 1927at3041           -            257     3e-16   58.3   0.0   1   1   1.2e-17   5.4e-16   57.4   0.0    96   239   130   283    59   291 0.81 -
PSC70880.1           -            338 1927at3041           -            257   7.2e-16   57.0   0.0   1   1     3e-17   1.3e-15   56.2   0.0    91   246   125   291    29   299 0.82 -
PSC75074.1           -           1394 1927at3041           -            257   7.6e-16   57.0   0.0   1   1   4.5e-17     2e-15   55.6   0.0    69   237   802   992   791  1000 0.73 -
PSC72848.1           -            338 1927at3041           -            257   1.2e-15   56.3   0.0   1   1   3.5e-17   1.6e-15   55.9   0.0    81   234    94   268    42   281 0.79 -
PSC76714.1           -            593 1927at3041           -            257   1.7e-15   55.8   0.0   1   1   9.5e-17   4.2e-15   54.5   0.0     2   182   216   415   215   463 0.75 -
PSC68183.1           -            370 1927at3041           -            257     2e-15   55.6   0.0   1   1   9.1e-17     4e-15   54.6   0.0   103   239     3   149     1   159 0.83 -
PSC76822.1           -           1023 1927at3041           -            257   2.3e-15   55.4   0.0   1   1   1.2e-16   5.5e-15   54.1   0.0    84   235   784   949   715   972 0.75 -
PSC76834.1           -           1091 1927at3041           -            257   2.3e-15   55.4   0.0   1   1   8.9e-17   3.9e-15   54.6   0.0    88   180   517   617   425   672 0.74 -
PSC68252.1           -           1903 1927at3041           -            257   3.1e-15   55.0   0.0   1   1   1.2e-16   5.5e-15   54.2   0.0    67   240   272   459   265   468 0.76 -
PSC71564.1           -            915 1927at3041           -            257     6e-15   54.0   0.1   1   4   2.6e-07   1.1e-05   23.6   0.0   100   142   202   248   192   252 0.84 -
PSC71564.1           -            915 1927at3041           -            257     6e-15   54.0   0.1   2   4      0.82        36    2.3   0.0   150   179   330   358   314   367 0.84 -
PSC71564.1           -            915 1927at3041           -            257     6e-15   54.0   0.1   3   4     6e-06   0.00027   19.1   0.0    99   142   656   705   554   708 0.86 -
PSC71564.1           -            915 1927at3041           -            257     6e-15   54.0   0.1   4   4      0.45        20    3.2   0.0   147   180   791   823   779   886 0.74 -
PSC73227.1           -            824 1927at3041           -            257   8.3e-15   53.6   0.0   1   1     5e-16   2.2e-14   52.2   0.0     6   186   585   775   576   784 0.77 -
PSC68117.1           -            531 1927at3041           -            257   1.3e-14   52.9   0.0   1   1   9.2e-16   4.1e-14   51.3   0.0   102   189   358   452   339   511 0.77 -
PSC76744.1           -            684 1927at3041           -            257   2.5e-14   52.0   0.0   1   1   9.2e-16   4.1e-14   51.3   0.0    36   239   137   348   130   353 0.78 -
PSC69449.1           -           2270 1927at3041           -            257   2.7e-14   51.9   0.0   1   1   1.1e-15     5e-14   51.0   0.0     3   238   764   995   762  1013 0.68 -
PSC72028.1           -           1749 1927at3041           -            257   3.5e-14   51.5   0.0   1   1   1.4e-15     6e-14   50.8   0.0    71   186  1133  1257  1064  1297 0.84 -
PSC68747.1           -            554 1927at3041           -            257   3.7e-14   51.5   0.0   1   1   1.5e-15   6.6e-14   50.6   0.0    95   246   191   369   178   381 0.73 -
PSC68021.1           -           1295 1927at3041           -            257   7.6e-14   50.4   0.0   1   1   7.8e-15   3.5e-13   48.3   0.0    64   232    66   250    43   265 0.81 -
PSC68022.1           -           1299 1927at3041           -            257   7.6e-14   50.4   0.0   1   1   7.8e-15   3.5e-13   48.3   0.0    64   232    66   250    43   265 0.81 -
PSC75327.1           -           1288 1927at3041           -            257   1.1e-13   49.9   0.0   1   1   1.8e-14     8e-13   47.1   0.0    67   239  1023  1225  1014  1231 0.72 -
PSC68500.1           -            745 1927at3041           -            257   1.6e-13   49.3   0.0   1   1   9.8e-15   4.4e-13   47.9   0.0    88   182   524   623   438   629 0.72 -
PSC69867.1           -           1771 1927at3041           -            257   1.7e-13   49.2   0.0   1   2   4.7e-14   2.1e-12   45.7   0.0    45   141  1074  1166  1032  1170 0.78 -
PSC69867.1           -           1771 1927at3041           -            257   1.7e-13   49.2   0.0   2   2       2.2        98    0.9   0.0   145   187  1190  1240  1177  1270 0.71 -
PSC74454.1           -            369 1927at3041           -            257   2.9e-13   48.5   0.0   1   1   1.1e-14   4.9e-13   47.8   0.0    10   239    40   283    25   297 0.69 -
PSC68562.1           -           1685 1927at3041           -            257   3.1e-13   48.4   0.0   1   1   1.2e-14   5.3e-13   47.6   0.0    85   182  1314  1416  1282  1427 0.84 -
PSC75784.1           -            817 1927at3041           -            257   3.9e-13   48.1   0.0   1   2   1.1e-08   4.8e-07   28.1   0.0    68   139   470   545   459   555 0.78 -
PSC75784.1           -            817 1927at3041           -            257   3.9e-13   48.1   0.0   2   2   1.7e-05   0.00077   17.6   0.0   133   232   635   733   628   740 0.83 -
PSC72025.1           -            665 1927at3041           -            257   5.5e-13   47.6   0.0   1   2     1e-11   4.5e-10   38.1   0.0     2   139    20   161    19   170 0.64 -
PSC72025.1           -            665 1927at3041           -            257   5.5e-13   47.6   0.0   2   2     0.031       1.4    7.0   0.0   159   239   205   285   201   300 0.75 -
PSC73594.1           -           1677 1927at3041           -            257   6.8e-13   47.3   0.0   1   3   0.00046      0.02   13.0   0.0     2   137   180   326   179   331 0.69 -
PSC73594.1           -           1677 1927at3041           -            257   6.8e-13   47.3   0.0   2   3   3.3e-09   1.5e-07   29.8   0.0   132   188   350   410   345   442 0.77 -
PSC73594.1           -           1677 1927at3041           -            257   6.8e-13   47.3   0.0   3   3       4.1   1.8e+02    0.0   0.0   218   246   485   513   477   518 0.82 -
PSC72943.1           -            714 1927at3041           -            257   6.8e-13   47.3   0.1   1   3   0.00056     0.025   12.7   0.0    82   129   226   272   207   285 0.80 -
PSC72943.1           -            714 1927at3041           -            257   6.8e-13   47.3   0.1   2   3   1.5e-09   6.8e-08   30.9   0.0   141   239   318   420   295   432 0.76 -
PSC72943.1           -            714 1927at3041           -            257   6.8e-13   47.3   0.1   3   3         8   3.5e+02   -0.9   0.0   153   199   473   520   461   538 0.79 -
PSC73546.1           -            943 1927at3041           -            257   1.3e-12   46.4   0.0   1   1     1e-13   4.5e-12   44.6   0.0    95   181   777   871   670   919 0.68 -
PSC70705.1           -           1142 1927at3041           -            257   1.3e-12   46.4   0.0   1   1   8.8e-14   3.9e-12   44.8   0.0   100   193   120   232    58   253 0.81 -
PSC72637.1           -            698 1927at3041           -            257   1.7e-12   46.0   0.0   1   2       9.6   4.3e+02   -1.2   0.0     2    21   356   379   355   386 0.72 -
PSC72637.1           -            698 1927at3041           -            257   1.7e-12   46.0   0.0   2   2   1.4e-13   6.4e-12   44.1   0.0   100   236   522   672   504   680 0.79 -
PSC76654.1           -            783 1927at3041           -            257   2.2e-12   45.6   0.0   1   2     2e-07   8.7e-06   24.0   0.0    91   140   432   481   401   502 0.82 -
PSC76654.1           -            783 1927at3041           -            257   2.2e-12   45.6   0.0   2   2   5.5e-06   0.00024   19.3   0.0   147   233   566   651   558   661 0.84 -
PSC73235.1           -            659 1927at3041           -            257   2.2e-12   45.6   0.0   1   1   8.7e-14   3.9e-12   44.8   0.0    28   190   142   310   130   370 0.69 -
PSC73574.1           -            585 1927at3041           -            257   2.4e-12   45.5   0.0   1   2    0.0015     0.068   11.2   0.0    61   127   257   327   191   338 0.67 -
PSC73574.1           -            585 1927at3041           -            257   2.4e-12   45.5   0.0   2   2   9.2e-10   4.1e-08   31.6   0.0   131   187   359   419   344   446 0.84 -
PSC73573.1           -            589 1927at3041           -            257   2.4e-12   45.5   0.0   1   2    0.0016     0.069   11.2   0.0    61   127   261   331   195   342 0.67 -
PSC73573.1           -            589 1927at3041           -            257   2.4e-12   45.5   0.0   2   2   9.3e-10   4.1e-08   31.6   0.0   131   187   363   423   348   450 0.84 -
PSC75773.1           -            855 1927at3041           -            257   3.4e-12   45.0   0.0   1   2   9.3e-13   4.1e-11   41.4   0.0    95   208   186   312   178   356 0.75 -
PSC75773.1           -            855 1927at3041           -            257   3.4e-12   45.0   0.0   2   2         2        88    1.0   0.0   216   239   394   417   389   425 0.87 -
PSC72995.1           -            708 1927at3041           -            257   3.4e-12   45.0   0.0   1   1   1.7e-13   7.6e-12   43.9   0.0    95   239    28   194     1   211 0.78 -
PSC73799.1           -            406 1927at3041           -            257   3.5e-12   45.0   0.0   1   2     0.023         1    7.4   0.0   121   140   134   153   122   160 0.92 -
PSC73799.1           -            406 1927at3041           -            257   3.5e-12   45.0   0.0   2   2   7.6e-11   3.4e-09   35.2   0.0   137   234   246   340   241   349 0.89 -
PSC74081.1           -            862 1927at3041           -            257   3.6e-12   44.9   0.0   1   1   1.4e-13   6.1e-12   44.2   0.0    99   240   177   328   120   341 0.81 -
PSC68985.1           -            669 1927at3041           -            257   4.3e-12   44.7   0.0   1   2    0.0016     0.071   11.2   0.0    69   126   148   209   133   214 0.78 -
PSC68985.1           -            669 1927at3041           -            257   4.3e-12   44.7   0.0   2   2   1.7e-09   7.4e-08   30.8   0.0   132   190   363   425   356   449 0.82 -
PSC71424.1           -           1315 1927at3041           -            257   4.3e-12   44.7   0.0   1   1   1.8e-13   7.9e-12   43.8   0.0   100   239   715   869   698   880 0.74 -
PSC71778.1           -           1440 1927at3041           -            257   5.8e-12   44.3   0.0   1   1   3.4e-13   1.5e-11   42.9   0.0   100   183   776   867   765   915 0.82 -
PSC75446.1           -           1252 1927at3041           -            257   7.2e-12   43.9   0.0   1   1   2.7e-13   1.2e-11   43.2   0.0    92   196   127   239    50   251 0.76 -
PSC69176.1           -            422 1927at3041           -            257   9.2e-12   43.6   0.0   1   1   4.5e-13     2e-11   42.5   0.0    93   240   149   323    58   334 0.70 -
PSC73406.1           -           1256 1927at3041           -            257     1e-11   43.4   0.0   1   1   3.7e-13   1.7e-11   42.8   0.0     1   181   675   857   675   900 0.80 -
PSC74049.1           -            999 1927at3041           -            257   1.1e-11   43.3   0.0   1   1   4.3e-13   1.9e-11   42.5   0.0    36   239    84   301    73   313 0.71 -
PSC71845.1           -           1235 1927at3041           -            257   1.7e-11   42.7   0.0   1   1     1e-12   4.6e-11   41.3   0.0   100   234  1038  1181  1003  1199 0.75 -
PSC68918.1           -           3969 1927at3041           -            257     2e-11   42.5   0.0   1   1   9.2e-13   4.1e-11   41.5   0.0     4   241  3632  3891  3629  3901 0.65 -
PSC73768.1           -            624 1927at3041           -            257   2.1e-11   42.4   0.1   1   1   4.3e-12   1.9e-10   39.3   0.1     2   183   374   567   373   608 0.73 -
PSC67948.1           -           1071 1927at3041           -            257   2.2e-11   42.3   0.0   1   1   7.8e-13   3.5e-11   41.7   0.0    71   247   133   327    69   336 0.74 -
PSC67947.1           -           1072 1927at3041           -            257   2.2e-11   42.3   0.0   1   1   7.8e-13   3.5e-11   41.7   0.0    71   247   133   327    69   336 0.74 -
PSC71036.1           -            722 1927at3041           -            257   2.6e-11   42.1   0.0   1   2   5.1e-12   2.3e-10   39.0   0.0    69   182   440   563   430   590 0.80 -
PSC71036.1           -            722 1927at3041           -            257   2.6e-11   42.1   0.0   2   2       3.3   1.5e+02    0.3   0.0   215   239   646   670   637   680 0.88 -
PSC70160.1           -            720 1927at3041           -            257   4.7e-11   41.3   0.0   1   1   1.9e-12   8.3e-11   40.5   0.0    95   239   355   521   337   531 0.67 -
PSC74495.1           -            300 1927at3041           -            257   7.7e-11   40.6   0.0   1   1   2.5e-12   1.1e-10   40.0   0.0    97   238    27   189    16   201 0.76 -
PSC73922.1           -           1279 1927at3041           -            257     1e-10   40.2   0.1   1   2       2.4     1e+02    0.8   0.0     2    15   897   910   896   921 0.74 -
PSC73922.1           -           1279 1927at3041           -            257     1e-10   40.2   0.1   2   2   2.3e-11     1e-09   36.9   0.0   102   202  1011  1118   972  1163 0.75 -
PSC73739.1           -           1592 1927at3041           -            257   1.1e-10   40.1   0.0   1   1   4.4e-12     2e-10   39.2   0.0    89   182   701   801   607   875 0.67 -
PSC67771.1           -            946 1927at3041           -            257   1.1e-10   40.1   0.0   1   1   5.2e-12   2.3e-10   39.0   0.0   102   182   779   871   770   912 0.85 -
PSC76222.1           -            770 1927at3041           -            257   1.1e-10   40.0   0.0   1   1     4e-12   1.8e-10   39.4   0.0    66   200   448   584   382   612 0.81 -
PSC73017.1           -           1302 1927at3041           -            257   1.6e-10   39.6   0.0   1   1   7.4e-12   3.3e-10   38.5   0.0     2   194  1038  1240  1037  1266 0.64 -
PSC69573.1           -            739 1927at3041           -            257   1.7e-10   39.4   0.0   1   1   6.8e-12     3e-10   38.6   0.0    47   239    90   295    67   301 0.68 -
PSC75138.1           -           1479 1927at3041           -            257   2.4e-10   39.0   0.1   1   1   2.2e-11   9.9e-10   36.9   0.1   101   198   527   645   484   687 0.69 -
PSC70863.1           -           1078 1927at3041           -            257   2.5e-10   38.9   0.0   1   1   1.2e-11   5.3e-10   37.8   0.0   102   199   797   904   754   919 0.73 -
PSC71657.1           -            561 1927at3041           -            257   3.4e-10   38.5   0.0   1   2   9.5e-06   0.00042   18.5   0.0   100   141   288   335   280   338 0.82 -
PSC71657.1           -            561 1927at3041           -            257   3.4e-10   38.5   0.0   2   2   1.7e-05   0.00077   17.6   0.0   140   186   430   475   425   492 0.90 -
PSC72396.1           -           1544 1927at3041           -            257   3.7e-10   38.3   0.0   1   1   2.2e-11   9.8e-10   36.9   0.0   103   181  1384  1477  1366  1504 0.83 -
PSC73896.1           -           1513 1927at3041           -            257   3.7e-10   38.3   0.0   1   1   2.4e-11     1e-09   36.9   0.0   102   183   943  1037   877  1066 0.75 -
PSC73895.1           -           1520 1927at3041           -            257   3.7e-10   38.3   0.0   1   1   2.4e-11   1.1e-09   36.8   0.0   102   183   950  1044   884  1073 0.75 -
PSC75716.1           -            483 1927at3041           -            257   5.3e-10   37.8   0.1   1   1   2.1e-11   9.1e-10   37.1   0.1   102   183   338   424   331   431 0.83 -
PSC72577.1           -           1147 1927at3041           -            257   5.8e-10   37.7   0.0   1   1   3.9e-11   1.7e-09   36.1   0.0   101   182   587   678   580   719 0.80 -
PSC72578.1           -           1147 1927at3041           -            257   5.8e-10   37.7   0.0   1   1   3.9e-11   1.7e-09   36.1   0.0   101   182   587   678   580   719 0.80 -
PSC71399.1           -           1217 1927at3041           -            257   7.1e-10   37.4   0.0   1   2   1.1e-06   4.7e-05   21.6   0.0    92   154   571   642   562   647 0.72 -
PSC71399.1           -           1217 1927at3041           -            257   7.1e-10   37.4   0.0   2   2   0.00033     0.014   13.5   0.0   157   236   666   748   657   758 0.81 -
PSC67166.1           -            941 1927at3041           -            257   7.2e-10   37.4   0.0   1   1   2.7e-11   1.2e-09   36.7   0.0    93   180   118   218    59   231 0.80 -
PSC73728.1           -            776 1927at3041           -            257   1.2e-09   36.7   0.0   1   1   5.5e-11   2.5e-09   35.6   0.0    29   232    22   234     7   252 0.71 -
PSC74167.1           -            448 1927at3041           -            257   1.2e-09   36.6   0.0   1   1   4.8e-11   2.1e-09   35.8   0.0   103   202   187   295   169   307 0.79 -
PSC77015.1           -            989 1927at3041           -            257   1.3e-09   36.6   0.0   1   1   5.5e-11   2.4e-09   35.7   0.0    96   229   499   642   470   658 0.77 -
PSC73133.1           -            623 1927at3041           -            257   1.7e-09   36.2   0.0   1   1   3.1e-10   1.4e-08   33.2   0.0     2   241    16   269    15   278 0.67 -
PSC76747.1           -           1270 1927at3041           -            257   2.2e-09   35.8   0.0   1   1   1.3e-10   5.6e-09   34.5   0.0     2   202   901  1122   900  1159 0.68 -
PSC70592.1           -            832 1927at3041           -            257   2.4e-09   35.7   0.0   1   2      0.38        17    3.4   0.0     2    31   492   532   491   558 0.65 -
PSC70592.1           -            832 1927at3041           -            257   2.4e-09   35.7   0.0   2   2   2.7e-09   1.2e-07   30.1   0.0    98   213   636   764   626   790 0.73 -
PSC76913.1           -           1569 1927at3041           -            257   2.6e-09   35.6   0.0   1   1   1.1e-10     5e-09   34.6   0.0   103   198  1368  1475  1359  1489 0.79 -
PSC70242.1           -           1699 1927at3041           -            257   3.5e-09   35.1   0.1   1   2       4.1   1.8e+02    0.0   0.0     1    14  1285  1298  1285  1313 0.77 -
PSC70242.1           -           1699 1927at3041           -            257   3.5e-09   35.1   0.1   2   2     5e-10   2.2e-08   32.5   0.0   102   180  1404  1491  1387  1540 0.79 -
PSC72543.1           -            529 1927at3041           -            257   4.5e-09   34.8   0.0   1   2       1.3        55    1.7   0.0     3    46    36    84    34    86 0.84 -
PSC72543.1           -            529 1927at3041           -            257   4.5e-09   34.8   0.0   2   2   1.6e-09   7.2e-08   30.8   0.0   115   240   137   268   129   276 0.83 -
PSC76957.1           -            966 1927at3041           -            257   4.8e-09   34.7   0.0   1   2      0.84        37    2.3   0.0     2    37   655   693   654   713 0.64 -
PSC76957.1           -            966 1927at3041           -            257   4.8e-09   34.7   0.0   2   2   2.8e-09   1.3e-07   30.0   0.0   100   202   822   938   806   954 0.75 -
PSC69274.1           -            969 1927at3041           -            257   5.6e-09   34.5   0.0   1   1   3.6e-10   1.6e-08   33.0   0.0     2   185   687   895   686   924 0.66 -
PSC67765.1           -           1536 1927at3041           -            257   5.7e-09   34.4   0.1   1   1   2.9e-10   1.3e-08   33.3   0.1    88   139  1331  1382  1323  1389 0.91 -
PSC72144.1           -           1381 1927at3041           -            257     6e-09   34.4   0.3   1   2       1.5        66    1.5   0.0     1    14   947   960   947   972 0.77 -
PSC72144.1           -           1381 1927at3041           -            257     6e-09   34.4   0.3   2   2   1.7e-09   7.7e-08   30.7   0.0   103   180  1071  1157  1052  1165 0.78 -
PSC71262.1           -            513 1927at3041           -            257     7e-09   34.1   0.0   1   1   2.5e-10   1.1e-08   33.5   0.0   101   192   302   402   272   431 0.85 -
PSC67926.1           -            809 1927at3041           -            257   8.9e-09   33.8   0.1   1   2   1.1e-05   0.00049   18.3   0.1   100   140   195   236   187   244 0.88 -
PSC67926.1           -            809 1927at3041           -            257   8.9e-09   33.8   0.1   2   2   0.00037     0.017   13.3   0.0   145   201   261   318   253   363 0.80 -
PSC72792.1           -            624 1927at3041           -            257     1e-08   33.6   0.0   1   1     4e-10   1.8e-08   32.8   0.0   102   182   487   574   475   616 0.82 -
PSC70418.1           -            859 1927at3041           -            257   1.1e-08   33.5   0.0   1   1   6.4e-10   2.8e-08   32.2   0.0   104   229   576   714   564   742 0.74 -
PSC69656.1           -            615 1927at3041           -            257   1.2e-08   33.4   0.1   1   2       1.7        76    1.3   0.1     2    23   241   266   240   277 0.76 -
PSC69656.1           -            615 1927at3041           -            257   1.2e-08   33.4   0.1   2   2   3.6e-09   1.6e-07   29.7   0.0    97   232   435   584   419   591 0.72 -
PSC73919.1           -           1303 1927at3041           -            257   1.5e-08   33.0   0.0   1   2      0.12       5.4    5.0   0.0     2    64   952  1021   951  1025 0.84 -
PSC73919.1           -           1303 1927at3041           -            257   1.5e-08   33.0   0.0   2   2   6.3e-08   2.8e-06   25.6   0.0   100   194  1133  1242  1104  1259 0.74 -
PSC72410.1           -            766 1927at3041           -            257     2e-08   32.6   0.0   1   1   1.2e-09   5.5e-08   31.2   0.0   103   212   590   705   580   735 0.77 -
PSC70618.1           -            717 1927at3041           -            257   2.7e-08   32.2   0.0   1   1     1e-09   4.5e-08   31.5   0.0    97   230   509   642   499   656 0.76 -
PSC73233.1           -            812 1927at3041           -            257   4.5e-08   31.5   0.0   1   2   0.00034     0.015   13.4   0.0    45   126    36   112    24   129 0.75 -
PSC73233.1           -            812 1927at3041           -            257   4.5e-08   31.5   0.0   2   2   7.8e-05    0.0035   15.5   0.0   130   235   149   264   144   278 0.73 -
PSC76706.1           -           1865 1927at3041           -            257   4.6e-08   31.5   0.0   1   1   2.6e-09   1.1e-07   30.2   0.0    95   186   507   603   496   647 0.77 -
PSC67135.1           -            661 1927at3041           -            257   6.1e-08   31.1   0.0   1   2   3.6e-08   1.6e-06   26.4   0.0    94   158   277   340   269   351 0.83 -
PSC67135.1           -            661 1927at3041           -            257   6.1e-08   31.1   0.0   2   2       2.4     1e+02    0.8   0.0   215   241   448   474   443   486 0.84 -
PSC74722.1           -            366 1927at3041           -            257   6.1e-08   31.1   0.1   1   1   6.5e-09   2.9e-07   28.9   0.1   101   246    35   175    19   180 0.80 -
PSC69101.1           -            662 1927at3041           -            257   6.2e-08   31.1   0.0   1   2   3.6e-08   1.6e-06   26.4   0.0    94   158   278   341   270   352 0.83 -
PSC69101.1           -            662 1927at3041           -            257   6.2e-08   31.1   0.0   2   2       2.4   1.1e+02    0.8   0.0   215   241   449   475   444   487 0.84 -
PSC74771.1           -            293 1927at3041           -            257   6.5e-08   31.0   0.0   1   1   4.4e-09   1.9e-07   29.4   0.0   103   185   155   243   137   286 0.82 -
PSC73234.1           -            776 1927at3041           -            257   6.9e-08   30.9   0.0   1   2   0.00032     0.014   13.5   0.0    45   126    36   112    24   129 0.75 -
PSC73234.1           -            776 1927at3041           -            257   6.9e-08   30.9   0.0   2   2   0.00012    0.0052   14.9   0.0   130   234   149   263   144   269 0.72 -
PSC76704.1           -           2591 1927at3041           -            257   7.5e-08   30.8   0.0   1   1   3.8e-09   1.7e-07   29.6   0.0    95   186  1233  1329  1222  1373 0.77 -
PSC69880.1           -           2363 1927at3041           -            257   8.7e-08   30.6   0.0   1   2   2.6e-07   1.1e-05   23.6   0.0   100   185  1275  1366  1255  1414 0.80 -
PSC69880.1           -           2363 1927at3041           -            257   8.7e-08   30.6   0.0   2   2      0.23        10    4.1   0.0   150   190  2111  2150  2075  2188 0.84 -
PSC73251.1           -           1350 1927at3041           -            257   8.8e-08   30.5   0.0   1   1   3.5e-09   1.6e-07   29.7   0.0    97   234  1153  1305  1137  1313 0.78 -
PSC74357.1           -           1056 1927at3041           -            257   1.1e-07   30.2   0.1   1   1     6e-09   2.7e-07   29.0   0.0    99   199   474   586   467   592 0.83 -
PSC74168.1           -            446 1927at3041           -            257   1.2e-07   30.1   0.0   1   2       2.4   1.1e+02    0.8   0.0     2    14   186   198   185   209 0.84 -
PSC74168.1           -            446 1927at3041           -            257   1.2e-07   30.1   0.0   2   2   2.6e-08   1.1e-06   26.9   0.0   104   180   296   381   288   392 0.74 -
PSC68135.1           -            190 1927at3041           -            257   1.3e-07   30.0   0.0   1   1   5.4e-09   2.4e-07   29.1   0.0   115   182   112   186   101   188 0.85 -
PSC75913.1           -           1429 1927at3041           -            257   1.3e-07   30.0   0.0   1   1   5.9e-09   2.6e-07   29.0   0.0    99   184  1108  1198  1093  1257 0.85 -
PSC75912.1           -           1496 1927at3041           -            257   1.4e-07   29.9   0.0   1   1   6.3e-09   2.8e-07   28.9   0.0    99   184  1175  1265  1160  1323 0.85 -
PSC69555.1           -            938 1927at3041           -            257   2.8e-07   28.9   0.1   1   2      0.56        25    2.8   0.1   222   246   442   466   417   471 0.89 -
PSC69555.1           -            938 1927at3041           -            257   2.8e-07   28.9   0.1   2   2   2.9e-07   1.3e-05   23.5   0.0   106   180   790   870   780   879 0.83 -
PSC67144.1           -           1218 1927at3041           -            257   3.7e-07   28.5   0.0   1   1   1.6e-08   7.3e-07   27.5   0.0   103   181  1076  1160  1067  1168 0.84 -
PSC73115.1           -           1070 1927at3041           -            257   4.1e-07   28.3   0.0   1   1   3.1e-08   1.4e-06   26.6   0.0    96   187   570   675   462   717 0.69 -
PSC72443.1           -           1370 1927at3041           -            257   4.7e-07   28.2   0.0   1   1   2.2e-08   9.8e-07   27.1   0.0    41   229   538   756   488   763 0.61 -
PSC69706.1           -            907 1927at3041           -            257   1.3e-06   26.7   0.0   1   2       6.8     3e+02   -0.7   0.0     2    37   564   602   563   622 0.58 -
PSC69706.1           -            907 1927at3041           -            257   1.3e-06   26.7   0.0   2   2   1.4e-07   6.4e-06   24.4   0.0    99   203   714   832   702   864 0.80 -
PSC75499.1           -            531 1927at3041           -            257   1.7e-06   26.3   0.0   1   1   6.3e-08   2.8e-06   25.6   0.0    98   186   134   230   121   295 0.77 -
PSC67738.1           -            849 1927at3041           -            257   1.7e-06   26.3   0.0   1   1   3.3e-07   1.5e-05   23.2   0.0   113   199   163   268   118   310 0.76 -
PSC69548.1           -            556 1927at3041           -            257   1.7e-06   26.3   0.0   1   1   1.2e-07   5.3e-06   24.7   0.0    97   195   150   256   136   276 0.81 -
PSC75745.1           -           1121 1927at3041           -            257   2.1e-06   26.1   0.0   1   2   7.5e-06   0.00033   18.8   0.0    94   139   198   249   160   260 0.78 -
PSC75745.1           -           1121 1927at3041           -            257   2.1e-06   26.1   0.0   2   2      0.16       7.1    4.6   0.0   165   228   308   370   304   388 0.70 -
PSC74773.1           -            744 1927at3041           -            257   2.1e-06   26.0   0.0   1   1   9.5e-08   4.2e-06   25.0   0.0   101   185   604   694   588   736 0.84 -
PSC73307.1           -            427 1927at3041           -            257   4.3e-06   25.0   0.2   1   1     2e-07   8.9e-06   24.0   0.1    88   163    98   180    76   186 0.77 -
PSC73791.1           -           1306 1927at3041           -            257   5.1e-06   24.8   0.0   1   1   2.1e-07   9.5e-06   23.9   0.0   115   180   689   763   681   805 0.80 -
PSC73738.1           -           1589 1927at3041           -            257   5.5e-06   24.7   0.0   1   1   2.3e-07     1e-05   23.8   0.0    89   182   701   798   607   872 0.66 -
PSC74662.1           -           1280 1927at3041           -            257   5.9e-06   24.6   0.0   1   1   2.3e-07     1e-05   23.8   0.0   102   179   744   835   694   868 0.76 -
PSC67354.1           -           3505 1927at3041           -            257   6.8e-06   24.4   0.0   1   2   2.4e-06   0.00011   20.4   0.0   102   186   777   868   764   873 0.80 -
PSC67354.1           -           3505 1927at3041           -            257   6.8e-06   24.4   0.0   2   2       2.1        92    1.0   0.0   155   182  2113  2139  2065  2145 0.67 -
PSC68256.1           -           1025 1927at3041           -            257   8.4e-06   24.1   0.0   1   1   3.3e-07   1.5e-05   23.3   0.0    91   142   174   226   151   247 0.81 -
PSC77000.1           -           1882 1927at3041           -            257   1.5e-05   23.2   0.0   1   1     6e-07   2.7e-05   22.4   0.0   103   185  1744  1832  1718  1837 0.81 -
PSC76999.1           -           2005 1927at3041           -            257   1.7e-05   23.1   0.0   1   1   6.5e-07   2.9e-05   22.3   0.0   103   185  1867  1955  1841  1960 0.81 -
PSC70507.1           -           1075 1927at3041           -            257   1.8e-05   23.0   0.0   1   1   2.7e-05    0.0012   17.0   0.0   103   194   298   421   291   461 0.71 -
PSC69147.1           -           1370 1927at3041           -            257     2e-05   22.8   0.0   1   2     0.083       3.7    5.6   0.0     2    51   274   328   273   342 0.81 -
PSC69147.1           -           1370 1927at3041           -            257     2e-05   22.8   0.0   2   2   0.00011    0.0049   15.0   0.0    99   140  1161  1208  1146  1212 0.80 -
PSC68084.1           -           1329 1927at3041           -            257   2.2e-05   22.7   0.0   1   1   9.2e-07   4.1e-05   21.8   0.0   116   180   651   724   637   766 0.79 -
PSC67189.1           -            520 1927at3041           -            257   2.6e-05   22.5   0.0   1   1   8.6e-07   3.8e-05   21.9   0.0   100   185   346   437   331   444 0.83 -
PSC67188.1           -            547 1927at3041           -            257   2.8e-05   22.4   0.0   1   1   9.4e-07   4.1e-05   21.8   0.0   100   185   373   464   358   471 0.83 -
PSC72746.1           -            935 1927at3041           -            257   2.9e-05   22.3   0.0   1   1   1.2e-06   5.1e-05   21.5   0.0   101   181   721   812   709   822 0.69 -
PSC72745.1           -            936 1927at3041           -            257   2.9e-05   22.3   0.0   1   1   1.2e-06   5.1e-05   21.5   0.0   101   181   722   813   710   823 0.69 -
PSC76349.1           -           2476 1927at3041           -            257   3.5e-05   22.0   0.0   1   1   1.9e-06   8.4e-05   20.8   0.0   162   229  1972  2044  1968  2054 0.80 -
PSC72507.1           -           1285 1927at3041           -            257   4.8e-05   21.6   0.0   1   1   1.9e-06   8.2e-05   20.8   0.0    99   183   998  1094   877  1138 0.79 -
PSC72506.1           -           1286 1927at3041           -            257   4.8e-05   21.6   0.0   1   1   1.9e-06   8.2e-05   20.8   0.0    99   183   999  1095   878  1139 0.79 -
PSC72112.1           -           1987 1927at3041           -            257   5.1e-05   21.5   0.0   1   2     0.032       1.4    6.9   0.0    96   127   131   162    93   175 0.74 -
PSC72112.1           -           1987 1927at3041           -            257   5.1e-05   21.5   0.0   2   2   0.00085     0.038   12.1   0.0   163   235   225   302   219   314 0.69 -
PSC74872.1           -            501 1927at3041           -            257   5.4e-05   21.4   0.0   1   2       1.6        70    1.4   0.0   100   127   216   245   191   251 0.77 -
PSC74872.1           -            501 1927at3041           -            257   5.4e-05   21.4   0.0   2   2   2.1e-05   0.00093   17.4   0.0   143   186   387   432   376   490 0.72 -
PSC71930.1           -           1546 1927at3041           -            257   5.6e-05   21.4   0.0   1   1   2.1e-06   9.5e-05   20.6   0.0    97   142  1330  1377  1324  1381 0.86 -
PSC71652.1           -           1090 1927at3041           -            257   6.1e-05   21.2   0.0   1   1   3.3e-06   0.00015   20.0   0.0    98   143   830   881   728   884 0.77 -
PSC71653.1           -           1093 1927at3041           -            257   6.1e-05   21.2   0.0   1   1   3.3e-06   0.00015   20.0   0.0    98   143   833   884   731   887 0.77 -
PSC74070.1           -            916 1927at3041           -            257   9.3e-05   20.6   0.0   1   2    0.0066      0.29    9.2   0.0    94   138   197   242   185   246 0.85 -
PSC74070.1           -            916 1927at3041           -            257   9.3e-05   20.6   0.0   2   2    0.0079      0.35    8.9   0.0   148   191   274   318   265   348 0.79 -
PSC76870.1           -           1158 1927at3041           -            257   0.00011   20.4   0.0   1   1     4e-06   0.00018   19.7   0.0    71   234   958  1138   955  1152 0.73 -
PSC70996.1           -            465 1927at3041           -            257   0.00024   19.3   1.5   1   1   2.2e-05   0.00099   17.3   0.2   101   182   346   416   340   460 0.82 -
PSC68897.1           -           2195 1927at3041           -            257   0.00033   18.8   0.0   1   2       2.1        95    0.9   0.1     2    19   274   295   273   299 0.68 -
PSC68897.1           -           2195 1927at3041           -            257   0.00033   18.8   0.0   2   2   0.00011    0.0047   15.0   0.0   101   236   506   658   489   663 0.69 -
PSC70459.1           -           1072 1927at3041           -            257    0.0004   18.6   0.1   1   1   2.4e-05    0.0011   17.2   0.1   104   182   552   636   543   704 0.83 -
PSC67566.1           -            398 1927at3041           -            257    0.0009   17.4   0.0   1   1     3e-05    0.0013   16.8   0.0     2   140    26   174    25   181 0.76 -
PSC76759.1           -           1214 1927at3041           -            257    0.0022   16.2   0.0   1   1   8.8e-05    0.0039   15.3   0.0    92   238   198   348   153   357 0.75 -
PSC71514.1           -            855 1927at3041           -            257    0.0026   15.9   0.0   1   1   0.00022    0.0099   14.0   0.0    86   140   386   446   357   473 0.78 -
PSC69721.1           -           1019 1927at3041           -            257      0.01   13.9   0.0   1   2      0.01      0.45    8.5   0.0    92   125   195   228   128   233 0.80 -
PSC69721.1           -           1019 1927at3041           -            257      0.01   13.9   0.0   2   2      0.56        25    2.9   0.0   132   184   259   318   255   372 0.69 -
PSC70012.1           -           1074 1927at3041           -            257     0.013   13.6   0.0   1   1   0.00052     0.023   12.8   0.0   104   185   521   610   507   631 0.80 -
PSC73999.1           -           1462 1927at3041           -            257     0.013   13.6   0.2   1   1     0.003      0.14   10.3   0.0    85   186   961  1078   955  1136 0.71 -
PSC75885.1           -            706 1927at3041           -            257     0.015   13.4   0.1   1   1   0.00099     0.044   11.9   0.0    71   162   117   219   104   224 0.68 -
PSC75884.1           -            707 1927at3041           -            257     0.015   13.4   0.1   1   1   0.00099     0.044   11.9   0.0    71   162   118   220   105   225 0.68 -
PSC73365.1           -            524 1927at3041           -            257     0.041   12.0   0.0   1   1    0.0027      0.12   10.4   0.0    69   126   267   325   194   334 0.74 -
PSC73366.1           -            528 1927at3041           -            257     0.042   11.9   0.0   1   1    0.0028      0.12   10.4   0.0    69   126   271   329   198   338 0.74 -
PSC71659.1           -            586 1927at3041           -            257     0.071   11.2   0.0   1   1    0.0033      0.15   10.1   0.0   103   138   428   463   419   466 0.92 -
PSC68597.1           -           1058 1927at3041           -            257     0.084   10.9   0.0   1   1    0.0031      0.14   10.2   0.0   105   171   980  1052   971  1055 0.76 -
PSC71993.1           -           1444 1927at3041           -            257     0.086   10.9   0.0   1   1    0.0041      0.18    9.9   0.0    99   126  1253  1280  1240  1289 0.90 -
PSC74756.1           -           1061 1927at3041           -            257     0.092   10.8   0.1   1   2      0.13       5.8    4.9   0.0   103   128   862   887   856   892 0.87 -
PSC74756.1           -           1061 1927at3041           -            257     0.092   10.8   0.1   2   2      0.61        27    2.7   0.0   130   184   929   991   925  1042 0.67 -
PSC74755.1           -           1062 1927at3041           -            257     0.092   10.8   0.1   1   2      0.13       5.8    4.9   0.0   103   128   863   888   857   893 0.87 -
PSC74755.1           -           1062 1927at3041           -            257     0.092   10.8   0.1   2   2      0.61        27    2.7   0.0   130   184   930   992   926  1043 0.67 -
PSC72001.1           -           1581 1927at3041           -            257     0.097   10.7   0.0   1   1    0.0045       0.2    9.7   0.0    99   126  1390  1417  1378  1426 0.90 -
PSC70998.1           -           1277 1927at3041           -            257      0.11   10.6   0.0   1   1    0.0041      0.18    9.9   0.0   142   177   346   381   338   386 0.88 -
#
# Program:         hmmsearch
# Version:         3.1b2 (February 2015)
# Pipeline mode:   SEARCH
# Query file:      /Users/catrionaharrison/Documents/Bioinformatics/rp2/Data/genomes/busco/busco_downloads/lineages/chlorophyta_odb10/hmms/1927at3041.hmm
# Target file:     /Users/catrionaharrison/Documents/Bioinformatics/rp2/Data/genomes/busco/data/micractinium_conductrix.prot.fasta
# Option settings: hmmsearch --domtblout /Users/catrionaharrison/Documents/Bioinformatics/rp2/Data/genomes/busco/Busco_conductrix/run_chlorophyta_odb10/hmmer_output/initial_run_results/1927at3041.out --cpu 1 /Users/catrionaharrison/Documents/Bioinformatics/rp2/Data/genomes/busco/busco_downloads/lineages/chlorophyta_odb10/hmms/1927at3041.hmm /Users/catrionaharrison/Documents/Bioinformatics/rp2/Data/genomes/busco/data/micractinium_conductrix.prot.fasta 
# Current dir:     /Users/catrionaharrison/Documents/Bioinformatics/rp2/Data/genomes/busco
# Date:            Fri Jul 22 15:13:46 2022
# [ok]
