#                                                                            --- full sequence --- -------------- this domain -------------   hmm coord   ali coord   env coord
# target name        accession   tlen query name           accession   qlen   E-value  score  bias   #  of  c-Evalue  i-Evalue  score  bias  from    to  from    to  from    to  acc description of target
#------------------- ---------- ----- -------------------- ---------- ----- --------- ------ ----- --- --- --------- --------- ------ ----- ----- ----- ----- ----- ----- ----- ---- ---------------------
PSC72146.1           -            697 2531at3041           -            384  5.2e-140  465.9  12.0   1   4     0.005        17    3.4   0.0     1    33    49    96    49   104 0.66 -
PSC72146.1           -            697 2531at3041           -            384  5.2e-140  465.9  12.0   2   4   1.2e-42     4e-39  133.8   0.7    32   140   131   269   109   272 0.83 -
PSC72146.1           -            697 2531at3041           -            384  5.2e-140  465.9  12.0   3   4   8.3e-82   2.8e-78  262.7   0.3   147   331   329   550   323   554 0.86 -
PSC72146.1           -            697 2531at3041           -            384  5.2e-140  465.9  12.0   4   4   2.8e-23   9.3e-20   70.1   0.3   330   384   596   650   592   650 0.97 -
PSC69135.1           -            916 2531at3041           -            384   5.6e-12   44.4   0.0   1   1   2.6e-15   8.6e-12   43.8   0.0    26   128   106   228    93   238 0.74 -
PSC69466.1           -           1714 2531at3041           -            384   0.00022   19.4   0.0   1   2    0.0003         1    7.4   0.0   166   194   671   700   655   708 0.86 -
PSC69466.1           -           1714 2531at3041           -            384   0.00022   19.4   0.0   2   2   8.1e-05      0.27    9.3   0.0   284   336   886   941   865   951 0.75 -
#
# Program:         hmmsearch
# Version:         3.1b2 (February 2015)
# Pipeline mode:   SEARCH
# Query file:      /Users/catrionaharrison/Documents/Bioinformatics/rp2/Data/genomes/busco/busco_downloads/lineages/chlorophyta_odb10/hmms/2531at3041.hmm
# Target file:     /Users/catrionaharrison/Documents/Bioinformatics/rp2/Data/genomes/busco/data/micractinium_conductrix.prot.fasta
# Option settings: hmmsearch --domtblout /Users/catrionaharrison/Documents/Bioinformatics/rp2/Data/genomes/busco/Busco_conductrix/run_chlorophyta_odb10/hmmer_output/initial_run_results/2531at3041.out --cpu 1 /Users/catrionaharrison/Documents/Bioinformatics/rp2/Data/genomes/busco/busco_downloads/lineages/chlorophyta_odb10/hmms/2531at3041.hmm /Users/catrionaharrison/Documents/Bioinformatics/rp2/Data/genomes/busco/data/micractinium_conductrix.prot.fasta 
# Current dir:     /Users/catrionaharrison/Documents/Bioinformatics/rp2/Data/genomes/busco
# Date:            Fri Jul 22 15:16:07 2022
# [ok]
