#                                                                            --- full sequence --- -------------- this domain -------------   hmm coord   ali coord   env coord
# target name        accession   tlen query name           accession   qlen   E-value  score  bias   #  of  c-Evalue  i-Evalue  score  bias  from    to  from    to  from    to  acc description of target
#------------------- ---------- ----- -------------------- ---------- ----- --------- ------ ----- --- --- --------- --------- ------ ----- ----- ----- ----- ----- ----- ----- ---- ---------------------
PSC73893.1           -            915 2553at3041           -            471  6.4e-146  485.8  55.0   1   8   0.00098      0.13   10.0   0.5   299   358    52   120    20   144 0.79 -
PSC73893.1           -            915 2553at3041           -            471  6.4e-146  485.8  55.0   2   8   4.3e-07   5.7e-05   21.0   0.0    20    65   190   250   181   254 0.75 -
PSC73893.1           -            915 2553at3041           -            471  6.4e-146  485.8  55.0   3   8    0.0058      0.77    7.4   0.1   402   440   253   290   249   298 0.71 -
PSC73893.1           -            915 2553at3041           -            471  6.4e-146  485.8  55.0   4   8   1.2e-39   1.6e-37  128.4   9.1    71   171   297   420   291   424 0.87 -
PSC73893.1           -            915 2553at3041           -            471  6.4e-146  485.8  55.0   5   8   9.1e-24   1.2e-21   76.0   5.0   153   226   424   505   417   511 0.86 -
PSC73893.1           -            915 2553at3041           -            471  6.4e-146  485.8  55.0   6   8   3.4e-11   4.6e-09   34.6   0.2   222   275   537   606   531   615 0.74 -
PSC73893.1           -            915 2553at3041           -            471  6.4e-146  485.8  55.0   7   8   3.8e-70   5.1e-68  228.9   4.0   266   440   627   818   607   855 0.86 -
PSC73893.1           -            915 2553at3041           -            471  6.4e-146  485.8  55.0   8   8       1.8   2.4e+02   -0.8   0.0   455   471   896   912   889   912 0.88 -
PSC74769.1           -            482 2553at3041           -            471   1.5e-29  102.1  14.2   1   5   3.1e-06   0.00041   18.2   0.0   383   428   111   156    97   159 0.82 -
PSC74769.1           -            482 2553at3041           -            471   1.5e-29  102.1  14.2   2   5   3.7e-09   4.9e-07   27.9   6.1   301   418   157   276   156   278 0.83 -
PSC74769.1           -            482 2553at3041           -            471   1.5e-29  102.1  14.2   3   5   1.1e-08   1.4e-06   26.3   1.5   301   412   199   311   199   326 0.87 -
PSC74769.1           -            482 2553at3041           -            471   1.5e-29  102.1  14.2   4   5     3e-12     4e-10   38.1   0.2   331   421   348   442   339   448 0.87 -
PSC74769.1           -            482 2553at3041           -            471   1.5e-29  102.1  14.2   5   5   2.7e-05    0.0035   15.1   0.0   383   417   446   480   440   481 0.88 -
PSC70581.1           -           1186 2553at3041           -            471   5.7e-28   96.9  19.8   1   6   2.5e-07   3.2e-05   21.9   0.1   312   418   224   329   219   336 0.83 -
PSC70581.1           -           1186 2553at3041           -            471   5.7e-28   96.9  19.8   2   6   8.7e-06    0.0011   16.8   0.0   346   422   338   417   334   433 0.79 -
PSC70581.1           -           1186 2553at3041           -            471   5.7e-28   96.9  19.8   3   6       1.6   2.1e+02   -0.6   0.1   402   440   459   497   453   504 0.79 -
PSC70581.1           -           1186 2553at3041           -            471   5.7e-28   96.9  19.8   4   6   7.5e-06     0.001   17.0   0.4   324   430   568   681   559   690 0.77 -
PSC70581.1           -           1186 2553at3041           -            471   5.7e-28   96.9  19.8   5   6   1.9e-10   2.5e-08   32.1   0.9   342   419   684   764   680   768 0.84 -
PSC70581.1           -           1186 2553at3041           -            471   5.7e-28   96.9  19.8   6   6   1.3e-05    0.0018   16.1   0.2   344   437   770   866   764   892 0.78 -
PSC70582.1           -           1174 2553at3041           -            471   6.4e-28   96.7  20.0   1   6   2.4e-07   3.2e-05   21.9   0.1   312   418   212   317   207   324 0.83 -
PSC70582.1           -           1174 2553at3041           -            471   6.4e-28   96.7  20.0   2   6   8.6e-06    0.0011   16.8   0.0   346   422   326   405   322   421 0.79 -
PSC70582.1           -           1174 2553at3041           -            471   6.4e-28   96.7  20.0   3   6       1.6   2.1e+02   -0.6   0.1   402   440   447   485   441   492 0.79 -
PSC70582.1           -           1174 2553at3041           -            471   6.4e-28   96.7  20.0   4   6   7.4e-06   0.00099   17.0   0.4   324   430   556   669   547   678 0.77 -
PSC70582.1           -           1174 2553at3041           -            471   6.4e-28   96.7  20.0   5   6   1.9e-10   2.5e-08   32.1   0.9   342   419   672   752   668   756 0.84 -
PSC70582.1           -           1174 2553at3041           -            471   6.4e-28   96.7  20.0   6   6   1.3e-05    0.0017   16.1   0.2   344   437   758   854   752   880 0.78 -
PSC68890.1           -           1140 2553at3041           -            471   7.1e-26   90.0  16.5   1   2   6.9e-18   9.2e-16   56.6   8.4   295   419     8   138     5   148 0.88 -
PSC68890.1           -           1140 2553at3041           -            471   7.1e-26   90.0  16.5   2   2   9.3e-12   1.2e-09   36.4   1.1   300   416   150   275   143   316 0.83 -
PSC69028.1           -            615 2553at3041           -            471   9.8e-25   86.2   4.6   1   3   2.7e-09   3.6e-07   28.3   0.0   328   420   125   219   108   225 0.88 -
PSC69028.1           -            615 2553at3041           -            471   9.8e-25   86.2   4.6   2   3   3.2e-15   4.3e-13   47.8   0.2   299   426   226   352   220   355 0.90 -
PSC69028.1           -            615 2553at3041           -            471   9.8e-25   86.2   4.6   3   3   0.00032     0.043   11.6   0.2   386   418   354   387   350   413 0.85 -
PSC71246.1           -            985 2553at3041           -            471   2.4e-23   81.6   8.3   1   5      0.39        52    1.4   0.1   428   454    68    98    23   105 0.67 -
PSC71246.1           -            985 2553at3041           -            471   2.4e-23   81.6   8.3   2   5   3.7e-10   4.8e-08   31.2   0.1   300   428   105   241    99   250 0.83 -
PSC71246.1           -            985 2553at3041           -            471   2.4e-23   81.6   8.3   3   5   0.00013     0.018   12.8   0.0   297   418   452   568   443   588 0.80 -
PSC71246.1           -            985 2553at3041           -            471   2.4e-23   81.6   8.3   4   5   2.6e-11   3.4e-09   35.0   0.1   303   420   592   707   586   727 0.88 -
PSC71246.1           -            985 2553at3041           -            471   2.4e-23   81.6   8.3   5   5      0.21        28    2.3   0.1   169   198   714   743   708   749 0.67 -
PSC75373.1           -            472 2553at3041           -            471   1.5e-20   72.4  16.5   1   5   6.7e-05    0.0089   13.8   0.0   169   201   127   159   119   165 0.75 -
PSC75373.1           -            472 2553at3041           -            471   1.5e-20   72.4  16.5   2   5   2.7e-06   0.00036   18.4   0.1   159   219   170   230   161   233 0.83 -
PSC75373.1           -            472 2553at3041           -            471   1.5e-20   72.4  16.5   3   5   3.7e-11   4.9e-09   34.5   1.9   299   422   221   342   221   346 0.89 -
PSC75373.1           -            472 2553at3041           -            471   1.5e-20   72.4  16.5   4   5    0.0058      0.77    7.4   0.2   167   200   345   381   340   383 0.84 -
PSC75373.1           -            472 2553at3041           -            471   1.5e-20   72.4  16.5   5   5   0.00039     0.051   11.3   0.4   330   408   376   456   365   463 0.65 -
PSC67992.1           -            555 2553at3041           -            471   8.6e-20   69.9  12.3   1   4       4.6   6.1e+02   -2.1   0.0    74   100     4    30     2    43 0.76 -
PSC67992.1           -            555 2553at3041           -            471   8.6e-20   69.9  12.3   2   4   1.7e-10   2.3e-08   32.3   2.0   331   418    79   169    69   176 0.81 -
PSC67992.1           -            555 2553at3041           -            471   8.6e-20   69.9  12.3   3   4   2.5e-11   3.4e-09   35.0   0.9    88   214   178   309   169   314 0.83 -
PSC67992.1           -            555 2553at3041           -            471   8.6e-20   69.9  12.3   4   4     0.012       1.6    6.4   0.1   394   420   314   340   306   360 0.84 -
PSC72149.1           -            358 2553at3041           -            471   1.4e-18   65.9   0.0   1   3   1.1e-10   1.4e-08   32.9   0.0   344   428    59   147    53   199 0.52 -
PSC72149.1           -            358 2553at3041           -            471   1.4e-18   65.9   0.0   2   3   1.1e-06   0.00015   19.7   0.0   142   203   198   264   194   273 0.85 -
PSC72149.1           -            358 2553at3041           -            471   1.4e-18   65.9   0.0   3   3    0.0038       0.5    8.0   0.0   384   421   279   316   266   336 0.83 -
PSC69723.1           -            525 2553at3041           -            471   5.2e-18   64.1   9.7   1   4    0.0002     0.027   12.2   1.8   141   200   222   295   210   298 0.68 -
PSC69723.1           -            525 2553at3041           -            471   5.2e-18   64.1   9.7   2   4   1.1e-06   0.00015   19.7   2.4   311   418   271   380   270   386 0.84 -
PSC69723.1           -            525 2553at3041           -            471   5.2e-18   64.1   9.7   3   4   8.2e-12   1.1e-09   36.6   2.6    88   202   305   422   300   425 0.59 -
PSC69723.1           -            525 2553at3041           -            471   5.2e-18   64.1   9.7   4   4   3.5e-06   0.00046   18.1   0.0   334   418   419   508   419   522 0.86 -
PSC76416.1           -            763 2553at3041           -            471   8.4e-17   60.1   2.0   1   2     3e-15     4e-13   47.9   0.2   305   441   240   378   228   390 0.83 -
PSC76416.1           -            763 2553at3041           -            471   8.4e-17   60.1   2.0   2   2   0.00018     0.024   12.4   0.3   108   200   386   478   362   485 0.51 -
PSC76313.1           -            970 2553at3041           -            471   1.4e-16   59.3   7.9   1   4       1.5     2e+02   -0.5   0.0   175   239    53   121    49   131 0.58 -
PSC76313.1           -            970 2553at3041           -            471   1.4e-16   59.3   7.9   2   4    0.0013      0.17    9.6   0.2   172   205   139   172    97   192 0.84 -
PSC76313.1           -            970 2553at3041           -            471   1.4e-16   59.3   7.9   3   4   1.5e-05     0.002   15.9   0.3   297   375   417   492   383   505 0.84 -
PSC76313.1           -            970 2553at3041           -            471   1.4e-16   59.3   7.9   4   4   2.5e-11   3.3e-09   35.0   0.1   307   422   512   626   509   638 0.84 -
PSC72094.1           -            957 2553at3041           -            471   1.8e-16   59.0   4.9   1   4   0.00067     0.088   10.5   0.1   387   469    10    92     2    94 0.67 -
PSC72094.1           -            957 2553at3041           -            471   1.8e-16   59.0   4.9   2   4   1.9e-11   2.6e-09   35.4   0.2   338   419   111   195   108   219 0.85 -
PSC72094.1           -            957 2553at3041           -            471   1.8e-16   59.0   4.9   3   4    0.0059      0.79    7.4   0.0   366   417   298   351   289   366 0.72 -
PSC72094.1           -            957 2553at3041           -            471   1.8e-16   59.0   4.9   4   4       4.1   5.5e+02   -2.0   0.1    23   451   636   659   621   666 0.55 -
PSC74299.1           -            314 2553at3041           -            471     2e-16   58.9   2.3   1   2   2.1e-07   2.7e-05   22.1   0.0   330   454    14   150     3   164 0.77 -
PSC74299.1           -            314 2553at3041           -            471     2e-16   58.9   2.3   2   2   4.6e-11   6.1e-09   34.1   2.3   306   421   164   284   159   313 0.74 -
PSC74579.1           -            843 2553at3041           -            471   4.8e-16   57.6   0.0   1   3   2.2e-06   0.00029   18.7   0.0   379   430   391   442   376   460 0.85 -
PSC74579.1           -            843 2553at3041           -            471   4.8e-16   57.6   0.0   2   3     1e-09   1.4e-07   29.7   0.0   340   436   500   602   475   623 0.82 -
PSC74579.1           -            843 2553at3041           -            471   4.8e-16   57.6   0.0   3   3     0.027       3.6    5.2   0.0   353   418   647   716   638   730 0.80 -
PSC74259.1           -            316 2553at3041           -            471   1.9e-15   55.6   0.8   1   4   0.00011     0.015   13.1   0.0   164   202    25    63    22    85 0.79 -
PSC74259.1           -            316 2553at3041           -            471   1.9e-15   55.6   0.8   2   4   2.3e-07     3e-05   22.0   0.1   332   434    58   170    57   191 0.72 -
PSC74259.1           -            316 2553at3041           -            471   1.9e-15   55.6   0.8   3   4    0.0094       1.2    6.8   0.0   349   419   202   275   189   282 0.80 -
PSC74259.1           -            316 2553at3041           -            471   1.9e-15   55.6   0.8   4   4   1.2e-05    0.0016   16.2   0.0   356   416   251   314   229   315 0.69 -
PSC74984.1           -            676 2553at3041           -            471   7.4e-15   53.7   0.1   1   2   3.3e-06   0.00044   18.1   0.1   381   434     5    60     2   100 0.78 -
PSC74984.1           -            676 2553at3041           -            471   7.4e-15   53.7   0.1   2   2   1.1e-10   1.4e-08   32.9   0.0   306   428   169   289   160   301 0.88 -
PSC75123.1           -           1298 2553at3041           -            471     4e-14   51.3   4.9   1   3      0.14        19    2.8   0.0    17    45   448   476   438   485 0.87 -
PSC75123.1           -           1298 2553at3041           -            471     4e-14   51.3   4.9   2   3   7.9e-05      0.01   13.6   0.0   346   418   502   579   492   586 0.75 -
PSC75123.1           -           1298 2553at3041           -            471     4e-14   51.3   4.9   3   3   9.9e-11   1.3e-08   33.0   1.9   300   422   589   710   583   729 0.85 -
PSC67813.1           -            316 2553at3041           -            471   4.1e-14   51.2   9.5   1   4   0.00018     0.024   12.4   0.1    83   118     6    47     2    51 0.78 -
PSC67813.1           -            316 2553at3041           -            471   4.1e-14   51.2   9.5   2   4    0.0012      0.16    9.7   0.1   166   200    58    92    46    99 0.88 -
PSC67813.1           -            316 2553at3041           -            471   4.1e-14   51.2   9.5   3   4   1.8e-06   0.00024   19.0   0.0   382   420   100   138    94   145 0.90 -
PSC67813.1           -            316 2553at3041           -            471   4.1e-14   51.2   9.5   4   4   0.00011     0.014   13.2   0.1    49   118   148   225   136   268 0.61 -
PSC73533.1           -            789 2553at3041           -            471   7.3e-14   50.4  10.0   1   3    0.0046      0.61    7.8   0.1   389   424    23    58    10    63 0.78 -
PSC73533.1           -            789 2553at3041           -            471   7.3e-14   50.4  10.0   2   3     6e-12     8e-10   37.1   1.6    48   200    63   231    59   233 0.68 -
PSC73533.1           -            789 2553at3041           -            471   7.3e-14   50.4  10.0   3   3   1.9e-08   2.5e-06   25.5   0.9   296   420   197   318   194   331 0.85 -
PSC67172.1           -            446 2553at3041           -            471   2.3e-13   48.7   4.5   1   2   1.6e-12   2.1e-10   39.0   0.6   317   437   188   310   172   335 0.78 -
PSC67172.1           -            446 2553at3041           -            471   2.3e-13   48.7   4.5   2   2   0.00074     0.098   10.4   0.2   153   200   361   414   347   422 0.63 -
PSC67814.1           -            424 2553at3041           -            471   2.9e-13   48.4   9.7   1   4   0.00026     0.034   11.9   0.1    83   118     6    47     2    54 0.78 -
PSC67814.1           -            424 2553at3041           -            471   2.9e-13   48.4   9.7   2   4    0.0017      0.22    9.2   0.1   166   201    58    93    46   100 0.88 -
PSC67814.1           -            424 2553at3041           -            471   2.9e-13   48.4   9.7   3   4     3e-06    0.0004   18.3   0.0   382   419   100   137    95   143 0.90 -
PSC67814.1           -            424 2553at3041           -            471   2.9e-13   48.4   9.7   4   4   0.00022      0.03   12.1   0.1    49   118   148   225   139   266 0.61 -
PSC72035.1           -            305 2553at3041           -            471     3e-13   48.4  10.3   1   4   1.2e-07   1.6e-05   22.9   0.0   355   418    23    91     5    95 0.82 -
PSC72035.1           -            305 2553at3041           -            471     3e-13   48.4  10.3   2   4     0.013       1.8    6.2   0.1   338   399    95   164    91   196 0.67 -
PSC72035.1           -            305 2553at3041           -            471     3e-13   48.4  10.3   3   4   4.2e-07   5.5e-05   21.1   0.4    62   123   187   255   177   265 0.83 -
PSC72035.1           -            305 2553at3041           -            471     3e-13   48.4  10.3   4   4      0.04       5.2    4.7   0.8   363   420   235   295   233   302 0.68 -
PSC67815.1           -            864 2553at3041           -            471   3.5e-13   48.1  11.5   1   4   0.00064     0.084   10.6   0.1    83   118     6    47     2    53 0.78 -
PSC67815.1           -            864 2553at3041           -            471   3.5e-13   48.1  11.5   2   4    0.0039      0.51    8.0   0.1   166   201    58    93    46   101 0.87 -
PSC67815.1           -            864 2553at3041           -            471   3.5e-13   48.1  11.5   3   4   3.1e-07     4e-05   21.5   0.4   346   420    61   138    61   146 0.80 -
PSC67815.1           -            864 2553at3041           -            471   3.5e-13   48.1  11.5   4   4   2.8e-05    0.0037   15.1   0.8    49   225   148   337   138   352 0.57 -
PSC67497.1           -            505 2553at3041           -            471   4.1e-13   47.9  11.7   1   3   8.7e-06    0.0011   16.8   1.8    76   123   176   229   163   235 0.68 -
PSC67497.1           -            505 2553at3041           -            471   4.1e-13   47.9  11.7   2   3   6.6e-09   8.7e-07   27.0   0.7   297   453   272   434   268   447 0.76 -
PSC67497.1           -            505 2553at3041           -            471   4.1e-13   47.9  11.7   3   3     0.012       1.6    6.4   0.0   392   420   456   484   450   493 0.85 -
PSC74642.1           -           1040 2553at3041           -            471     3e-12   45.0   0.1   1   3    0.0005     0.066   10.9   0.1   331   417    38   127    32   130 0.88 -
PSC74642.1           -           1040 2553at3041           -            471     3e-12   45.0   0.1   2   3   3.8e-11     5e-09   34.4   0.0   332   469   125   275   121   277 0.76 -
PSC74642.1           -           1040 2553at3041           -            471     3e-12   45.0   0.1   3   3   5.7e-06   0.00076   17.3   0.0   362   449   201   298   180   319 0.73 -
PSC68617.1           -           1241 2553at3041           -            471   3.2e-12   45.0   2.6   1   5    0.0051      0.67    7.6   0.0   377   419    39    81     1    88 0.75 -
PSC68617.1           -           1241 2553at3041           -            471   3.2e-12   45.0   2.6   2   5   0.00012     0.016   13.0   0.3   169   217    89   140    82   141 0.81 -
PSC68617.1           -           1241 2553at3041           -            471   3.2e-12   45.0   2.6   3   5   0.00021     0.028   12.2   0.6   365   418   110   164   110   173 0.79 -
PSC68617.1           -           1241 2553at3041           -            471   3.2e-12   45.0   2.6   4   5     0.043       5.6    4.6   0.1    89   420   209   243   197   250 0.64 -
PSC68617.1           -           1241 2553at3041           -            471   3.2e-12   45.0   2.6   5   5    0.0034      0.45    8.2   0.0   295   347   248   295   243   344 0.59 -
PSC75857.1           -            444 2553at3041           -            471   5.1e-12   44.3   0.1   1   4   1.3e-06   0.00018   19.4   0.0   168   201   113   146    99   190 0.70 -
PSC75857.1           -            444 2553at3041           -            471   5.1e-12   44.3   0.1   2   4      0.57        75    0.9   0.0   363   420   233   290   225   304 0.82 -
PSC75857.1           -            444 2553at3041           -            471   5.1e-12   44.3   0.1   3   4    0.0024      0.32    8.7   0.0   383   421   303   341   295   358 0.87 -
PSC75857.1           -            444 2553at3041           -            471   5.1e-12   44.3   0.1   4   4   0.00082      0.11   10.2   0.0   355   421   366   441   354   443 0.81 -
PSC71489.1           -            387 2553at3041           -            471   7.6e-12   43.7   7.1   1   3     5e-10   6.7e-08   30.7   0.1   309   420    23   139    18   144 0.79 -
PSC71489.1           -            387 2553at3041           -            471   7.6e-12   43.7   7.1   2   3   3.5e-05    0.0047   14.7   0.2   298   422   145   271   141   314 0.79 -
PSC71489.1           -            387 2553at3041           -            471   7.6e-12   43.7   7.1   3   3       3.7   4.9e+02   -1.8   0.3   165   183   352   370   332   378 0.45 -
PSC69138.1           -            331 2553at3041           -            471   8.4e-12   43.6   0.0   1   2   4.6e-05    0.0061   14.4   0.0   347   435    15   113     4   135 0.75 -
PSC69138.1           -            331 2553at3041           -            471   8.4e-12   43.6   0.0   2   2   7.1e-09   9.4e-07   26.9   0.0   331   464   173   317   168   322 0.85 -
PSC74641.1           -            621 2553at3041           -            471   9.3e-12   43.4   2.1   1   3   1.7e-07   2.2e-05   22.4   0.0   353   421   214   286   182   298 0.79 -
PSC74641.1           -            621 2553at3041           -            471   9.3e-12   43.4   2.1   2   3   0.00016     0.021   12.6   1.2   103   194   313   407   299   417 0.51 -
PSC74641.1           -            621 2553at3041           -            471   9.3e-12   43.4   2.1   3   3    0.0005     0.066   11.0   0.0   296   418   379   499   377   508 0.83 -
PSC69661.1           -           2031 2553at3041           -            471   1.2e-11   43.1   0.2   1   3     0.071       9.4    3.8   0.0   395   420  1736  1761  1714  1772 0.84 -
PSC69661.1           -           2031 2553at3041           -            471   1.2e-11   43.1   0.2   2   3   2.3e-05     0.003   15.4   0.0   379   420  1770  1811  1764  1819 0.90 -
PSC69661.1           -           2031 2553at3041           -            471   1.2e-11   43.1   0.2   3   3   8.7e-07   0.00012   20.0   0.0   347   421  1820  1897  1813  1912 0.88 -
PSC69662.1           -           2032 2553at3041           -            471   1.2e-11   43.1   0.2   1   3     0.071       9.4    3.8   0.0   395   420  1737  1762  1715  1773 0.84 -
PSC69662.1           -           2032 2553at3041           -            471   1.2e-11   43.1   0.2   2   3   2.3e-05     0.003   15.4   0.0   379   420  1771  1812  1765  1820 0.90 -
PSC69662.1           -           2032 2553at3041           -            471   1.2e-11   43.1   0.2   3   3   8.7e-07   0.00012   20.0   0.0   347   421  1821  1898  1814  1913 0.88 -
PSC71368.1           -           1233 2553at3041           -            471   2.3e-11   42.1   0.3   1   3   0.00031     0.041   11.6   0.0   361   418    79   137    59   145 0.83 -
PSC71368.1           -           1233 2553at3041           -            471   2.3e-11   42.1   0.3   2   3   0.00069     0.091   10.5   0.2   329   409   179   262   171   283 0.83 -
PSC71368.1           -           1233 2553at3041           -            471   2.3e-11   42.1   0.3   3   3   1.2e-05    0.0015   16.3   0.0   352   420   288   360   263   370 0.79 -
PSC70882.1           -            380 2553at3041           -            471   4.3e-11   41.3   1.2   1   4    0.0041      0.54    7.9   0.0   387   419     8    40     4    47 0.86 -
PSC70882.1           -            380 2553at3041           -            471   4.3e-11   41.3   1.2   2   4    0.0022      0.29    8.8   0.1   386   447    49   111    43   137 0.78 -
PSC70882.1           -            380 2553at3041           -            471   4.3e-11   41.3   1.2   3   4   3.2e-05    0.0043   14.9   0.2   345   457   141   257   132   272 0.72 -
PSC70882.1           -            380 2553at3041           -            471   4.3e-11   41.3   1.2   4   4     0.027       3.6    5.2   0.0   168   201   280   313   270   317 0.74 -
PSC71192.1           -            416 2553at3041           -            471   1.8e-10   39.2   4.2   1   4    0.0067      0.89    7.2   0.0   384   431   175   223   171   233 0.83 -
PSC71192.1           -            416 2553at3041           -            471   1.8e-10   39.2   4.2   2   4      0.23        30    2.2   0.0    88   116   227   260   220   267 0.63 -
PSC71192.1           -            416 2553at3041           -            471   1.8e-10   39.2   4.2   3   4   7.4e-09   9.7e-07   26.9   0.2   332   419   256   352   249   362 0.78 -
PSC71192.1           -            416 2553at3041           -            471   1.8e-10   39.2   4.2   4   4     0.084        11    3.6   0.2   170   201   375   407   372   414 0.76 -
PSC69797.1           -            441 2553at3041           -            471   2.1e-10   39.0  12.3   1   3   1.2e-06   0.00016   19.6   0.0   343   420    68   155    66   172 0.73 -
PSC69797.1           -            441 2553at3041           -            471   2.1e-10   39.0  12.3   2   3    0.0022      0.29    8.8   1.2   144   203   174   238   169   265 0.77 -
PSC69797.1           -            441 2553at3041           -            471   2.1e-10   39.0  12.3   3   3   0.00041     0.054   11.2   2.5   103   199   316   415   289   418 0.82 -
PSC75478.1           -           1839 2553at3041           -            471   3.2e-10   38.4   3.9   1   4   0.00015      0.02   12.7   0.1   387   428   624   665   616   676 0.86 -
PSC75478.1           -           1839 2553at3041           -            471   3.2e-10   38.4   3.9   2   4    0.0064      0.84    7.3   0.2   164   195   713   744   669   752 0.78 -
PSC75478.1           -           1839 2553at3041           -            471   3.2e-10   38.4   3.9   3   4   0.00031     0.042   11.6   0.1   143   201   729   791   728   830 0.85 -
PSC75478.1           -           1839 2553at3041           -            471   3.2e-10   38.4   3.9   4   4   0.00078       0.1   10.3   0.0   384   422   934   973   909   982 0.61 -
PSC67962.1           -           1012 2553at3041           -            471   3.5e-09   34.9  29.6   1   4   5.2e-08   6.9e-06   24.1   2.0   301   420   135   246    98   255 0.74 -
PSC67962.1           -           1012 2553at3041           -            471   3.5e-09   34.9  29.6   2   4   3.8e-05    0.0051   14.6   1.2   147   238   226   324   224   327 0.78 -
PSC67962.1           -           1012 2553at3041           -            471   3.5e-09   34.9  29.6   3   4   4.7e-07   6.2e-05   20.9   6.9   299   467   293   462   290   466 0.75 -
PSC67962.1           -           1012 2553at3041           -            471   3.5e-09   34.9  29.6   4   4   0.00037     0.049   11.4  10.3    86   302   331   563   326   575 0.63 -
PSC72877.1           -            448 2553at3041           -            471   4.9e-09   34.5   0.7   1   3     1e-06   0.00014   19.8   0.0   373   424   145   196   109   240 0.73 -
PSC72877.1           -            448 2553at3041           -            471   4.9e-09   34.5   0.7   2   3      0.95   1.3e+02    0.1   0.0    69    95   355   382   337   388 0.66 -
PSC72877.1           -            448 2553at3041           -            471   4.9e-09   34.5   0.7   3   3   0.00027     0.036   11.8   0.2   379   428   395   444   348   447 0.77 -
PSC72059.1           -           1738 2553at3041           -            471   5.9e-09   34.2   1.8   1   4    0.0027      0.36    8.5   0.0   390   423    15    47     4    90 0.72 -
PSC72059.1           -           1738 2553at3041           -            471   5.9e-09   34.2   1.8   2   4    0.0013      0.17    9.6   0.2   163   417   113   153   109   166 0.57 -
PSC72059.1           -           1738 2553at3041           -            471   5.9e-09   34.2   1.8   3   4    0.0058      0.76    7.4   0.0   171   203   168   200   158   209 0.84 -
PSC72059.1           -           1738 2553at3041           -            471   5.9e-09   34.2   1.8   4   4      0.22        28    2.3   0.0   172   200   401   429   385   433 0.83 -
PSC73673.1           -            914 2553at3041           -            471   6.3e-09   34.1   9.7   1   3   2.2e-08   2.9e-06   25.3   2.9   251   449   556   760   540   761 0.73 -
PSC73673.1           -            914 2553at3041           -            471   6.3e-09   34.1   9.7   2   3   1.2e-06   0.00015   19.6   0.9    88   202   687   805   682   819 0.79 -
PSC73673.1           -            914 2553at3041           -            471   6.3e-09   34.1   9.7   3   3      0.35        47    1.6   0.2   152   369   838   885   810   892 0.52 -
PSC70372.1           -           1705 2553at3041           -            471   8.8e-09   33.6   6.7   1   5   8.5e-07   0.00011   20.1   0.2   343   420   169   249   163   255 0.76 -
PSC70372.1           -           1705 2553at3041           -            471   8.8e-09   33.6   6.7   2   5       1.3   1.8e+02   -0.4   0.0   169   208   261   301   255   304 0.60 -
PSC70372.1           -           1705 2553at3041           -            471   8.8e-09   33.6   6.7   3   5       2.9   3.8e+02   -1.5   0.0   395   418   452   475   446   488 0.76 -
PSC70372.1           -           1705 2553at3041           -            471   8.8e-09   33.6   6.7   4   5    0.0021      0.28    8.9   0.0   382   418   618   654   593   688 0.65 -
PSC70372.1           -           1705 2553at3041           -            471   8.8e-09   33.6   6.7   5   5      0.35        47    1.6   0.1   104   164   751   816   725   823 0.74 -
PSC71110.1           -            577 2553at3041           -            471   1.9e-08   32.5   6.8   1   3   0.00015     0.019   12.7   0.2   385   420    17    52     7    60 0.70 -
PSC71110.1           -            577 2553at3041           -            471   1.9e-08   32.5   6.8   2   3   0.00094      0.12   10.0   0.1   298   414    61   175    58   183 0.81 -
PSC71110.1           -            577 2553at3041           -            471   1.9e-08   32.5   6.8   3   3   0.00093      0.12   10.1   0.2   164   200   183   219   177   238 0.88 -
PSC72139.1           -            587 2553at3041           -            471   2.3e-08   32.2   1.2   1   3       4.1   5.5e+02   -2.0   0.0   390   418   340   371   329   373 0.77 -
PSC72139.1           -            587 2553at3041           -            471   2.3e-08   32.2   1.2   2   3   0.00012     0.016   13.0   0.0   167   201   387   421   383   424 0.90 -
PSC72139.1           -            587 2553at3041           -            471   2.3e-08   32.2   1.2   3   3   0.00032     0.042   11.6   2.1   293   363   425   493   421   573 0.77 -
PSC71593.1           -           2061 2553at3041           -            471   3.1e-08   31.8  10.9   1   3   3.9e-07   5.2e-05   21.2   0.2   387   457  1394  1474  1386  1484 0.72 -
PSC71593.1           -           2061 2553at3041           -            471   3.1e-08   31.8  10.9   2   3       4.9   6.5e+02   -2.2   0.0   400   432  1523  1555  1512  1562 0.75 -
PSC71593.1           -           2061 2553at3041           -            471   3.1e-08   31.8  10.9   3   3     1e-05    0.0013   16.6   0.4   139   201  1621  1691  1613  1700 0.82 -
PSC74135.1           -            522 2553at3041           -            471     6e-08   30.9   8.1   1   4   3.9e-08   5.2e-06   24.5   0.1   356   436    90   176    27   197 0.74 -
PSC74135.1           -            522 2553at3041           -            471     6e-08   30.9   8.1   2   4    0.0023      0.31    8.7   0.1   387   448   207   268   200   279 0.68 -
PSC74135.1           -            522 2553at3041           -            471     6e-08   30.9   8.1   3   4      0.77     1e+02    0.4   0.0   403   422   285   304   278   327 0.75 -
PSC74135.1           -            522 2553at3041           -            471     6e-08   30.9   8.1   4   4       7.8     1e+03   -2.9   0.4     3    36   335   370   333   380 0.63 -
PSC67099.1           -            525 2553at3041           -            471   9.6e-08   30.2   6.6   1   3   4.6e-05    0.0061   14.4   0.0   344   420   230   311   225   328 0.80 -
PSC67099.1           -            525 2553at3041           -            471   9.6e-08   30.2   6.6   2   3     0.039       5.1    4.7   0.1   381   424   356   399   333   418 0.59 -
PSC67099.1           -            525 2553at3041           -            471   9.6e-08   30.2   6.6   3   3   0.00021     0.027   12.2   0.6   353   416   456   523   425   524 0.81 -
PSC72719.1           -            499 2553at3041           -            471   5.5e-07   27.7   5.0   1   3       5.6   7.4e+02   -2.4   0.0    22    43   113   134   104   143 0.72 -
PSC72719.1           -            499 2553at3041           -            471   5.5e-07   27.7   5.0   2   3     1e-05    0.0014   16.5   0.3   363   449   176   266   160   281 0.71 -
PSC72719.1           -            499 2553at3041           -            471   5.5e-07   27.7   5.0   3   3   0.00014     0.019   12.7   0.1   327   419   392   491   330   495 0.82 -
PSC74587.1           -            739 2553at3041           -            471   6.3e-07   27.5  12.4   1   6       1.6   2.1e+02   -0.6   0.0    28    47   297   316   277   320 0.75 -
PSC74587.1           -            739 2553at3041           -            471   6.3e-07   27.5  12.4   2   6   4.7e-09   6.3e-07   27.5  12.4    88   201   324   451   316   458 0.81 -
PSC74587.1           -            739 2553at3041           -            471   6.3e-07   27.5  12.4   3   6   0.00023     0.031   12.0   0.4   297   347   417   462   415   478 0.85 -
PSC74587.1           -            739 2553at3041           -            471   6.3e-07   27.5  12.4   4   6       2.2   2.9e+02   -1.0   0.1   401   428   595   622   582   636 0.67 -
PSC74587.1           -            739 2553at3041           -            471   6.3e-07   27.5  12.4   5   6      0.86   1.1e+02    0.3   0.0   381   413   659   689   654   696 0.76 -
PSC74587.1           -            739 2553at3041           -            471   6.3e-07   27.5  12.4   6   6     0.032       4.2    5.0   0.1   167   203   701   736   697   738 0.84 -
PSC69197.1           -            922 2553at3041           -            471   6.7e-07   27.4   0.0   1   2    0.0085       1.1    6.9   0.0   350   434   106   191    94   200 0.73 -
PSC69197.1           -            922 2553at3041           -            471   6.7e-07   27.4   0.0   2   2   5.2e-06   0.00069   17.5   0.1   330   427   219   321   199   329 0.72 -
PSC69198.1           -            923 2553at3041           -            471   6.7e-07   27.4   0.0   1   2    0.0086       1.1    6.9   0.0   350   434   106   191    94   200 0.73 -
PSC69198.1           -            923 2553at3041           -            471   6.7e-07   27.4   0.0   2   2   5.2e-06   0.00069   17.5   0.1   330   427   219   321   199   329 0.72 -
PSC69242.1           -            923 2553at3041           -            471   6.7e-07   27.4   0.0   1   2    0.0086       1.1    6.9   0.0   350   434   106   191    94   200 0.73 -
PSC69242.1           -            923 2553at3041           -            471   6.7e-07   27.4   0.0   2   2   5.2e-06   0.00069   17.5   0.1   330   427   219   321   199   329 0.72 -
PSC72285.1           -            621 2553at3041           -            471   7.8e-07   27.2   1.7   1   3   0.00016     0.022   12.5   0.2   385   435   246   295   218   335 0.79 -
PSC72285.1           -            621 2553at3041           -            471   7.8e-07   27.2   1.7   2   3     0.068         9    3.9   0.0   382   449   411   485   406   492 0.65 -
PSC72285.1           -            621 2553at3041           -            471   7.8e-07   27.2   1.7   3   3    0.0059      0.78    7.4   0.2   327   375   560   611   541   618 0.49 -
PSC76556.1           -            770 2553at3041           -            471   3.2e-06   25.2   7.0   1   3   4.7e-06   0.00062   17.6   1.1   144   200    86   147    78   159 0.80 -
PSC76556.1           -            770 2553at3041           -            471   3.2e-06   25.2   7.0   2   3       8.6   1.1e+03   -3.0   0.1   172   196   177   203   171   208 0.49 -
PSC76556.1           -            770 2553at3041           -            471   3.2e-06   25.2   7.0   3   3    0.0011      0.14    9.8   0.0   384   421   299   336   264   355 0.72 -
PSC71119.1           -            347 2553at3041           -            471   4.9e-06   24.6   1.3   1   3   0.00024     0.032   12.0   0.4   353   425    30   107    20   113 0.59 -
PSC71119.1           -            347 2553at3041           -            471   4.9e-06   24.6   1.3   2   3    0.0001     0.014   13.2   0.1   372   450    95   179    92   188 0.75 -
PSC71119.1           -            347 2553at3041           -            471   4.9e-06   24.6   1.3   3   3       1.7   2.3e+02   -0.7   0.0   392   420   247   275   227   303 0.70 -
PSC68064.1           -            644 2553at3041           -            471   5.4e-06   24.4   0.8   1   3     0.004      0.54    8.0   0.0   176   237   338   407   327   413 0.71 -
PSC68064.1           -            644 2553at3041           -            471   5.4e-06   24.4   0.8   2   3    0.0011      0.14    9.8   0.0   168   203   423   458   412   471 0.87 -
PSC68064.1           -            644 2553at3041           -            471   5.4e-06   24.4   0.8   3   3      0.12        16    3.1   0.0   385   418   551   585   492   605 0.65 -
PSC71497.1           -            575 2553at3041           -            471   8.1e-06   23.9  17.1   1   3   0.00013     0.017   12.9   1.5   299   419    52   169    42   183 0.63 -
PSC71497.1           -            575 2553at3041           -            471   8.1e-06   23.9  17.1   2   3   1.6e-05    0.0022   15.8   3.5   107   202   266   360   263   368 0.82 -
PSC71497.1           -            575 2553at3041           -            471   8.1e-06   23.9  17.1   3   3      0.23        30    2.2   0.2   345   374   430   459   423   467 0.84 -
PSC75544.1           -            460 2553at3041           -            471   1.9e-05   22.7   4.3   1   2   1.4e-07   1.9e-05   22.7   4.3    76   201   122   247   110   322 0.72 -
PSC75544.1           -            460 2553at3041           -            471   1.9e-05   22.7   4.3   2   2       2.8   3.7e+02   -1.4   0.0   434   452   427   446   379   450 0.47 -
PSC76836.1           -           1054 2553at3041           -            471     8e-05   20.6   6.0   1   5       2.2   2.9e+02   -1.0   0.0   204   210   127   133    59   185 0.52 -
PSC76836.1           -           1054 2553at3041           -            471     8e-05   20.6   6.0   2   5     0.031         4    5.1   0.0   372   419   274   323   239   368 0.75 -
PSC76836.1           -           1054 2553at3041           -            471     8e-05   20.6   6.0   3   5     0.019       2.5    5.8   0.1   387   469   524   605   521   606 0.78 -
PSC76836.1           -           1054 2553at3041           -            471     8e-05   20.6   6.0   4   5    0.0026      0.34    8.6   0.3   169   200   605   636   583   646 0.89 -
PSC76836.1           -           1054 2553at3041           -            471     8e-05   20.6   6.0   5   5       4.2   5.6e+02   -2.0   0.0   209   232  1004  1027   999  1040 0.89 -
PSC74317.1           -            437 2553at3041           -            471   0.00011   20.1   0.0   1   2   4.6e-06   0.00061   17.7   0.0   361   425   279   344   252   361 0.80 -
PSC74317.1           -            437 2553at3041           -            471   0.00011   20.1   0.0   2   2      0.69        91    0.6   0.0   385   423   347   385   343   416 0.80 -
PSC76520.1           -            611 2553at3041           -            471   0.00013   19.9   0.2   1   2   4.3e-06   0.00057   17.8   0.1   349   421   234   317   210   335 0.75 -
PSC76520.1           -            611 2553at3041           -            471   0.00013   19.9   0.2   2   2       2.4   3.2e+02   -1.2   0.0   392   417   419   444   412   486 0.67 -
PSC76374.1           -            820 2553at3041           -            471   0.00017   19.5   2.0   1   2   4.9e-05    0.0064   14.3   0.1   169   203   464   498   461   521 0.89 -
PSC76374.1           -            820 2553at3041           -            471   0.00017   19.5   2.0   2   2     0.049       6.5    4.4   0.2   305   415   607   717   601   764 0.82 -
PSC69324.1           -            476 2553at3041           -            471   0.00029   18.7   0.0   1   3    0.0032      0.43    8.3   0.0   175   200    37    62    24    78 0.85 -
PSC69324.1           -            476 2553at3041           -            471   0.00029   18.7   0.0   2   3       4.9   6.5e+02   -2.2   0.0   400   419   141   160   124   175 0.70 -
PSC69324.1           -            476 2553at3041           -            471   0.00029   18.7   0.0   3   3     0.013       1.7    6.3   0.0   366   431   289   361   228   373 0.60 -
PSC71591.1           -           1052 2553at3041           -            471   0.00035   18.5   0.2   1   3       1.5     2e+02   -0.5   0.0   392   425   713   746   707   771 0.73 -
PSC71591.1           -           1052 2553at3041           -            471   0.00035   18.5   0.2   2   3   0.00065     0.086   10.6   0.0   163   449   787   864   724   869 0.53 -
PSC71591.1           -           1052 2553at3041           -            471   0.00035   18.5   0.2   3   3     0.046       6.1    4.5   0.1   331   390   954  1013   940  1019 0.88 -
PSC77059.1           -            411 2553at3041           -            471   0.00071   17.4   0.9   1   3       8.2   1.1e+03   -3.0   0.0   166   190    45    69    41    79 0.75 -
PSC77059.1           -            411 2553at3041           -            471   0.00071   17.4   0.9   2   3       1.6   2.1e+02   -0.6   0.1   305   322   109   126    98   141 0.76 -
PSC77059.1           -            411 2553at3041           -            471   0.00071   17.4   0.9   3   3   5.3e-06   0.00071   17.4   0.9    87   116   145   177   138   183 0.88 -
PSC74864.1           -            468 2553at3041           -            471   0.00084   17.2   7.8   1   5       1.4   1.9e+02   -0.5   0.1   431   461    46    76    35    85 0.77 -
PSC74864.1           -            468 2553at3041           -            471   0.00084   17.2   7.8   2   5       2.2   2.9e+02   -1.1   0.0     3    37    77   111    75   133 0.70 -
PSC74864.1           -            468 2553at3041           -            471   0.00084   17.2   7.8   3   5    0.0024      0.32    8.7   0.0   283   323   135   177   119   185 0.84 -
PSC74864.1           -            468 2553at3041           -            471   0.00084   17.2   7.8   4   5    0.0013      0.17    9.6   0.2   173   235   199   264   191   295 0.77 -
PSC74864.1           -            468 2553at3041           -            471   0.00084   17.2   7.8   5   5       1.5     2e+02   -0.5   0.1   403   431   299   327   280   334 0.73 -
PSC75543.1           -            669 2553at3041           -            471    0.0033   15.3   0.0   1   2     0.022       2.9    5.5   0.0   387   417   341   371   329   381 0.89 -
PSC75543.1           -            669 2553at3041           -            471    0.0033   15.3   0.0   2   2     0.007      0.92    7.2   0.0   347   405   543   604   533   621 0.69 -
PSC76521.1           -            388 2553at3041           -            471    0.0053   14.5   0.9   1   2    0.0003      0.04   11.7   0.2   169   417    58    90    51   113 0.59 -
PSC76521.1           -            388 2553at3041           -            471    0.0053   14.5   0.9   2   2       1.2   1.6e+02   -0.2   0.0   393   417   197   221   186   271 0.68 -
PSC76632.1           -            335 2553at3041           -            471    0.0054   14.5   0.4   1   3      0.83   1.1e+02    0.3   0.0   175   201    15    41    10    55 0.78 -
PSC76632.1           -            335 2553at3041           -            471    0.0054   14.5   0.4   2   3    0.0013      0.18    9.5   0.1   166   201    87   122    59   137 0.86 -
PSC76632.1           -            335 2553at3041           -            471    0.0054   14.5   0.4   3   3       1.8   2.3e+02   -0.8   0.0   396   423   246   273   220   301 0.58 -
PSC71469.1           -            533 2553at3041           -            471     0.011   13.5   0.4   1   2       3.3   4.4e+02   -1.7   0.0   137   386   108   146    84   176 0.57 -
PSC71469.1           -            533 2553at3041           -            471     0.011   13.5   0.4   2   2   0.00021     0.028   12.2   0.1   371   456   252   344   207   356 0.70 -
PSC74924.1           -            941 2553at3041           -            471     0.012   13.4   0.4   1   2    0.0019      0.25    9.0   0.1   349   419    70   143    60   152 0.67 -
PSC74924.1           -            941 2553at3041           -            471     0.012   13.4   0.4   2   2       0.3        40    1.8   0.0   393   420   264   291   246   306 0.69 -
PSC69674.1           -            630 2553at3041           -            471     0.048   11.4   0.1   1   3    0.0025      0.34    8.6   0.0   381   467    32   110    22   118 0.52 -
PSC69674.1           -            630 2553at3041           -            471     0.048   11.4   0.1   2   3       6.6   8.8e+02   -2.6   0.0   381   417   173   209   127   212 0.67 -
PSC69674.1           -            630 2553at3041           -            471     0.048   11.4   0.1   3   3       2.8   3.7e+02   -1.4   0.0   403   430   534   561   492   575 0.72 -
PSC71527.1           -            421 2553at3041           -            471     0.068   10.9   1.7   1   4      0.78     1e+02    0.4   0.0    18    44    31    57    22    73 0.76 -
PSC71527.1           -            421 2553at3041           -            471     0.068   10.9   1.7   2   4      0.29        39    1.8   0.0   170   206    69   101    59   113 0.70 -
PSC71527.1           -            421 2553at3041           -            471     0.068   10.9   1.7   3   4       1.3   1.8e+02   -0.4   0.0   144   181   216   253   204   285 0.72 -
PSC71527.1           -            421 2553at3041           -            471     0.068   10.9   1.7   4   4     0.069       9.2    3.9   0.0   170   195   297   323   287   334 0.82 -
PSC74438.1           -           1013 2553at3041           -            471      0.13   10.0   5.4   1   2    0.0091       1.2    6.8   3.5   386   453   115   197     8   210 0.69 -
PSC74438.1           -           1013 2553at3041           -            471      0.13   10.0   5.4   2   2       1.7   2.3e+02   -0.7   0.0   175   380   240   271   221   336 0.59 -
#
# Program:         hmmsearch
# Version:         3.1b2 (February 2015)
# Pipeline mode:   SEARCH
# Query file:      /Users/catrionaharrison/Documents/Bioinformatics/rp2/Data/genomes/busco/busco_downloads/lineages/chlorophyta_odb10/hmms/2553at3041.hmm
# Target file:     /Users/catrionaharrison/Documents/Bioinformatics/rp2/Data/genomes/busco/data/micractinium_conductrix.prot.fasta
# Option settings: hmmsearch --domtblout /Users/catrionaharrison/Documents/Bioinformatics/rp2/Data/genomes/busco/Busco_conductrix/run_chlorophyta_odb10/hmmer_output/initial_run_results/2553at3041.out --cpu 1 /Users/catrionaharrison/Documents/Bioinformatics/rp2/Data/genomes/busco/busco_downloads/lineages/chlorophyta_odb10/hmms/2553at3041.hmm /Users/catrionaharrison/Documents/Bioinformatics/rp2/Data/genomes/busco/data/micractinium_conductrix.prot.fasta 
# Current dir:     /Users/catrionaharrison/Documents/Bioinformatics/rp2/Data/genomes/busco
# Date:            Fri Jul 22 15:16:19 2022
# [ok]
