#                                                                            --- full sequence --- -------------- this domain -------------   hmm coord   ali coord   env coord
# target name        accession   tlen query name           accession   qlen   E-value  score  bias   #  of  c-Evalue  i-Evalue  score  bias  from    to  from    to  from    to  acc description of target
#------------------- ---------- ----- -------------------- ---------- ----- --------- ------ ----- --- --- --------- --------- ------ ----- ----- ----- ----- ----- ----- ----- ---- ---------------------
PSC74259.1           -            316 2687at3041           -            235  6.4e-102  339.2   7.0   1   1  1.8e-103  1.4e-101  338.1   7.0     1   235    33   314    33   314 0.89 -
PSC70582.1           -           1174 2687at3041           -            235   1.4e-35  122.1  14.0   1   5   1.9e-14   1.4e-12   46.8   0.1     3   113   245   367   243   369 0.88 -
PSC70582.1           -           1174 2687at3041           -            235   1.4e-35  122.1  14.0   2   5   2.8e-06   0.00021   20.1   0.1     1    78   329   406   329   417 0.94 -
PSC70582.1           -           1174 2687at3041           -            235   1.4e-35  122.1  14.0   3   5   5.5e-06   0.00041   19.1   0.1     7    75   590   659   581   671 0.84 -
PSC70582.1           -           1174 2687at3041           -            235   1.4e-35  122.1  14.0   4   5   2.1e-09   1.6e-07   30.3   0.1     1    87   679   765   679   769 0.95 -
PSC70582.1           -           1174 2687at3041           -            235   1.4e-35  122.1  14.0   5   5   2.1e-08   1.6e-06   27.0   0.2     3    77   765   840   763   873 0.85 -
PSC70581.1           -           1186 2687at3041           -            235   1.5e-35  122.0  14.0   1   5   1.9e-14   1.5e-12   46.8   0.1     3   113   257   379   255   381 0.88 -
PSC70581.1           -           1186 2687at3041           -            235   1.5e-35  122.0  14.0   2   5   2.8e-06   0.00021   20.1   0.1     1    78   341   418   341   429 0.94 -
PSC70581.1           -           1186 2687at3041           -            235   1.5e-35  122.0  14.0   3   5   5.5e-06   0.00042   19.1   0.1     7    75   602   671   593   683 0.84 -
PSC70581.1           -           1186 2687at3041           -            235   1.5e-35  122.0  14.0   4   5   2.1e-09   1.6e-07   30.3   0.1     1    87   691   777   691   781 0.95 -
PSC70581.1           -           1186 2687at3041           -            235   1.5e-35  122.0  14.0   5   5   2.1e-08   1.6e-06   27.0   0.2     3    77   777   852   775   885 0.85 -
PSC74769.1           -            482 2687at3041           -            235   1.3e-33  115.7   7.3   1   5   3.8e-10   2.8e-08   32.7   0.0     1    86   116   201   116   211 0.95 -
PSC74769.1           -            482 2687at3041           -            235   1.3e-33  115.7   7.3   2   5   1.7e-06   0.00013   20.8   0.5    19    96   223   301   217   314 0.86 -
PSC74769.1           -            482 2687at3041           -            235   1.3e-33  115.7   7.3   3   5     4e-07     3e-05   22.8   0.0    18    86   341   410   328   412 0.72 -
PSC74769.1           -            482 2687at3041           -            235   1.3e-33  115.7   7.3   4   5   6.3e-13   4.8e-11   41.8   0.0     1    86   367   452   367   454 0.96 -
PSC74769.1           -            482 2687at3041           -            235   1.3e-33  115.7   7.3   5   5   7.9e-09     6e-07   28.4   0.0     1    71   409   479   409   481 0.98 -
PSC67992.1           -            555 2687at3041           -            235   1.9e-33  115.1   8.4   1   4   1.5e-14   1.1e-12   47.2   1.8     1   109    97   215    97   219 0.89 -
PSC67992.1           -            555 2687at3041           -            235   1.9e-33  115.1   8.4   2   4     4e-09     3e-07   29.4   0.2     1    87   181   268   181   269 0.95 -
PSC67992.1           -            555 2687at3041           -            235   1.9e-33  115.1   8.4   3   4   1.3e-11   9.5e-10   37.6   0.0     3    89   226   312   224   315 0.96 -
PSC67992.1           -            555 2687at3041           -            235   1.9e-33  115.1   8.4   4   4   4.1e-08   3.1e-06   26.0   0.0     1    72   266   337   266   350 0.95 -
PSC67813.1           -            316 2687at3041           -            235   2.3e-33  114.8  14.7   1   4   7.8e-10   5.9e-08   31.7   0.1    11    88    26   109    14   111 0.81 -
PSC67813.1           -            316 2687at3041           -            235   2.3e-33  114.8  14.7   2   4   1.5e-14   1.1e-12   47.1   1.0     1   103    64   180    64   181 0.81 -
PSC67813.1           -            316 2687at3041           -            235   2.3e-33  114.8  14.7   3   4   1.1e-09   8.1e-08   31.2   0.2     4    97   109   206   107   208 0.84 -
PSC67813.1           -            316 2687at3041           -            235   2.3e-33  114.8  14.7   4   4   1.3e-10   9.7e-09   34.3   0.2     1   110   150   269   150   299 0.83 -
PSC71246.1           -            985 2687at3041           -            235   2.4e-27   95.2   9.4   1   7       1.1        86    1.7   0.0     7    39    23    54    19    60 0.87 -
PSC71246.1           -            985 2687at3041           -            235   2.4e-27   95.2   9.4   2   7   1.8e-11   1.3e-09   37.1   0.3     3    89    67   153    65   163 0.91 -
PSC71246.1           -            985 2687at3041           -            235   2.4e-27   95.2   9.4   3   7    0.0033      0.25   10.0   0.0    16    70   174   228   168   237 0.87 -
PSC71246.1           -            985 2687at3041           -            235   2.4e-27   95.2   9.4   4   7    0.0027      0.21   10.3   0.0     2    85   458   538   457   540 0.68 -
PSC71246.1           -            985 2687at3041           -            235   2.4e-27   95.2   9.4   5   7     0.076       5.8    5.5   0.0    10    73   505   568   500   573 0.86 -
PSC71246.1           -            985 2687at3041           -            235   2.4e-27   95.2   9.4   6   7   0.00062     0.047   12.4   0.0     3    86   593   676   591   678 0.93 -
PSC71246.1           -            985 2687at3041           -            235   2.4e-27   95.2   9.4   7   7   3.8e-06   0.00029   19.6   0.1     1    72   675   746   675   753 0.92 -
PSC67497.1           -            505 2687at3041           -            235   3.2e-27   94.7   2.7   1   2   5.4e-24   4.1e-22   78.0   3.3     2   210   194   436   193   450 0.81 -
PSC67497.1           -            505 2687at3041           -            235   3.2e-27   94.7   2.7   2   2    0.0033      0.25   10.0   0.0     3    32   454   483   452   496 0.87 -
PSC72149.1           -            358 2687at3041           -            235   7.2e-27   93.6   0.5   1   2     3e-16   2.3e-14   52.7   0.1     1   145    64   227    64   230 0.83 -
PSC72149.1           -            358 2687at3041           -            235   7.2e-27   93.6   0.5   2   2   3.8e-11   2.9e-09   36.0   0.0     1    88   233   328   233   334 0.85 -
PSC75373.1           -            472 2687at3041           -            235   1.6e-26   92.4   5.8   1   4     0.063       4.7    5.8   0.0    35    75   122   162   107   170 0.81 -
PSC75373.1           -            472 2687at3041           -            235   1.6e-26   92.4   5.8   2   4   2.5e-12   1.9e-10   39.9   0.3     1    87   224   310   224   313 0.92 -
PSC75373.1           -            472 2687at3041           -            235   1.6e-26   92.4   5.8   3   4   9.6e-14   7.3e-12   44.5   0.2     2    95   309   405   308   409 0.88 -
PSC75373.1           -            472 2687at3041           -            235   1.6e-26   92.4   5.8   4   4      0.42        32    3.1   0.0   185   210   404   429   401   440 0.79 -
PSC67099.1           -            525 2687at3041           -            235   2.7e-25   88.5   9.1   1   3   4.6e-14   3.5e-12   45.5   0.4     1    81   235   317   235   327 0.87 -
PSC67099.1           -            525 2687at3041           -            235   2.7e-25   88.5   9.1   2   3   4.5e-07   3.4e-05   22.6   0.1     6    83   325   402   320   439 0.79 -
PSC67099.1           -            525 2687at3041           -            235   2.7e-25   88.5   9.1   3   3   1.5e-07   1.1e-05   24.2   0.5   164   235   438   523   425   523 0.74 -
PSC71489.1           -            387 2687at3041           -            235     4e-25   87.9   9.3   1   2   1.2e-19   9.4e-18   63.8   1.6     3   125    67   200    64   231 0.85 -
PSC71489.1           -            387 2687at3041           -            235     4e-25   87.9   9.3   2   2   2.1e-08   1.6e-06   27.0   0.1     4    85   240   326   236   332 0.82 -
PSC73673.1           -            914 2687at3041           -            235   3.5e-23   81.5   7.3   1   4     0.001     0.079   11.6   0.0    36    82   598   645   569   649 0.61 -
PSC73673.1           -            914 2687at3041           -            235   3.5e-23   81.5   7.3   2   4   3.9e-09     3e-07   29.4   0.1     1    95   606   700   606   708 0.91 -
PSC73673.1           -            914 2687at3041           -            235   3.5e-23   81.5   7.3   3   4   1.1e-13   8.6e-12   44.3   1.2     4   124   651   783   648   787 0.81 -
PSC73673.1           -            914 2687at3041           -            235   3.5e-23   81.5   7.3   4   4   3.2e-07   2.4e-05   23.1   0.0     1    89   775   867   775   875 0.79 -
PSC75123.1           -           1298 2687at3041           -            235   6.9e-23   80.6   1.1   1   3      0.56        42    2.7   0.0    86   110   457   482   445   491 0.82 -
PSC75123.1           -           1298 2687at3041           -            235   6.9e-23   80.6   1.1   2   3   8.1e-11   6.1e-09   34.9   0.0     1    90   505   596   505   599 0.93 -
PSC75123.1           -           1298 2687at3041           -            235   6.9e-23   80.6   1.1   3   3   1.6e-12   1.2e-10   40.5   0.9     5   109   595   710   593   717 0.88 -
PSC69723.1           -            525 2687at3041           -            235   3.2e-22   78.4   1.3   1   3     0.082       6.2    5.4   0.0     3    86   218   309   216   312 0.73 -
PSC69723.1           -            525 2687at3041           -            235   3.2e-22   78.4   1.3   2   3     9e-13   6.8e-11   41.3   0.7     3   113   310   430   308   437 0.86 -
PSC69723.1           -            525 2687at3041           -            235   3.2e-22   78.4   1.3   3   3   6.4e-09   4.8e-07   28.7   0.0     2    71   435   506   434   510 0.90 -
PSC74299.1           -            314 2687at3041           -            235     1e-21   76.8   5.4   1   4   1.3e-08     1e-06   27.6   0.0    90   235     6   145     2   145 0.69 -
PSC74299.1           -            314 2687at3041           -            235     1e-21   76.8   5.4   2   4      0.04         3    6.5   0.0   183   220   124   158   112   178 0.61 -
PSC74299.1           -            314 2687at3041           -            235     1e-21   76.8   5.4   3   4       3.7   2.8e+02    0.0   0.0     6    35   165   194   160   201 0.46 -
PSC74299.1           -            314 2687at3041           -            235     1e-21   76.8   5.4   4   4   4.9e-12   3.7e-10   38.9   0.6     1    89   209   297   209   308 0.93 -
PSC67814.1           -            424 2687at3041           -            235   1.2e-21   76.6   3.5   1   3      0.58        44    2.6   0.0   181   209    21    49     8    56 0.63 -
PSC67814.1           -            424 2687at3041           -            235   1.2e-21   76.6   3.5   2   3   1.2e-14   9.4e-13   47.4   0.9     1   104    64   181    64   183 0.81 -
PSC67814.1           -            424 2687at3041           -            235   1.2e-21   76.6   3.5   3   3   2.2e-10   1.7e-08   33.5   0.2     1   110   150   269   150   301 0.82 -
PSC67815.1           -            864 2687at3041           -            235   2.4e-21   75.5   7.3   1   4   1.7e-11   1.3e-09   37.1   0.3     1    72    64   135    64   143 0.95 -
PSC67815.1           -            864 2687at3041           -            235   2.4e-21   75.5   7.3   2   4   1.7e-08   1.3e-06   27.3   0.2     1    87   106   196   106   197 0.86 -
PSC67815.1           -            864 2687at3041           -            235   2.4e-21   75.5   7.3   3   4   8.6e-10   6.5e-08   31.6   0.1     1   109   150   268   150   275 0.80 -
PSC67815.1           -            864 2687at3041           -            235   2.4e-21   75.5   7.3   4   4       3.5   2.7e+02    0.1   0.0    90   125   300   335   289   357 0.78 -
PSC67962.1           -           1012 2687at3041           -            235   1.1e-20   73.4  38.8   1   4   2.1e-10   1.6e-08   33.6   1.6    11   106   144   245   136   249 0.84 -
PSC67962.1           -           1012 2687at3041           -            235   1.1e-20   73.4  38.8   2   4   3.5e-08   2.7e-06   26.3   3.1    13   110   226   329   220   345 0.82 -
PSC67962.1           -           1012 2687at3041           -            235   1.1e-20   73.4  38.8   3   4   6.9e-09   5.2e-07   28.6   4.1    12   135   265   400   256   400 0.76 -
PSC67962.1           -           1012 2687at3041           -            235   1.1e-20   73.4  38.8   4   4     4e-09     3e-07   29.4   6.9     8   147   340   482   334   504 0.75 -
PSC76313.1           -            970 2687at3041           -            235   1.2e-19   70.0   2.0   1   5     0.037       2.8    6.6   0.0     2    65    92   161    91   190 0.73 -
PSC76313.1           -            970 2687at3041           -            235   1.2e-19   70.0   2.0   2   5   7.1e-07   5.3e-05   22.0   0.4     7   104   385   493   380   494 0.82 -
PSC76313.1           -            970 2687at3041           -            235   1.2e-19   70.0   2.0   3   5   6.6e-05     0.005   15.6   0.0     1    92   464   557   464   558 0.90 -
PSC76313.1           -            970 2687at3041           -            235   1.2e-19   70.0   2.0   4   5     1e-07   7.6e-06   24.8   0.0     1    75   550   624   550   635 0.94 -
PSC76313.1           -            970 2687at3041           -            235   1.2e-19   70.0   2.0   5   5     0.078       5.9    5.5   0.0    51    84   662   695   647   713 0.81 -
PSC69797.1           -            441 2687at3041           -            235   2.8e-19   68.8   8.8   1   4     0.029       2.2    6.9   0.2    33    75    64   107    60   113 0.79 -
PSC69797.1           -            441 2687at3041           -            235   2.8e-19   68.8   8.8   2   4   1.3e-05   0.00095   17.9   0.0    36    84   116   164   111   167 0.89 -
PSC69797.1           -            441 2687at3041           -            235   2.8e-19   68.8   8.8   3   4   9.2e-08     7e-06   24.9   0.0     3    86   167   252   165   261 0.91 -
PSC69797.1           -            441 2687at3041           -            235   2.8e-19   68.8   8.8   4   4   1.8e-10   1.4e-08   33.8   0.5     1   198   207   410   207   415 0.78 -
PSC69028.1           -            615 2687at3041           -            235   4.2e-19   68.2   7.0   1   3   1.3e-10     1e-08   34.2   0.2     1    91   146   235   146   239 0.94 -
PSC69028.1           -            615 2687at3041           -            235   4.2e-19   68.2   7.0   2   3    0.0025      0.19   10.4   0.1     1    44   229   272   229   275 0.89 -
PSC69028.1           -            615 2687at3041           -            235   4.2e-19   68.2   7.0   3   3   2.4e-09   1.8e-07   30.1   0.4     1   113   271   394   271   410 0.78 -
PSC67619.1           -           1096 2687at3041           -            235   8.8e-19   67.1   0.6   1   3   2.4e-06   0.00018   20.3   0.0    14   111   278   387   264   401 0.78 -
PSC67619.1           -           1096 2687at3041           -            235   8.8e-19   67.1   0.6   2   3   2.4e-06   0.00018   20.3   0.0    14   111   617   726   603   740 0.78 -
PSC67619.1           -           1096 2687at3041           -            235   8.8e-19   67.1   0.6   3   3   2.8e-06   0.00021   20.0   0.0    14   110   956  1064   942  1074 0.76 -
PSC70882.1           -            380 2687at3041           -            235   2.2e-18   65.8   1.9   1   3   5.1e-13   3.8e-11   42.1   0.2     1    84     9    92     9   104 0.94 -
PSC70882.1           -            380 2687at3041           -            235   2.2e-18   65.8   1.9   2   3   5.8e-06   0.00044   19.0   0.1    17    84   161   228   147   245 0.91 -
PSC70882.1           -            380 2687at3041           -            235   2.2e-18   65.8   1.9   3   3      0.57        43    2.7   0.0   167   203   275   311   250   322 0.76 -
PSC70372.1           -           1705 2687at3041           -            235   1.3e-17   63.4   1.3   1   4   3.1e-13   2.4e-11   42.8   0.1     1   112   175   302   175   310 0.81 -
PSC70372.1           -           1705 2687at3041           -            235   1.3e-17   63.4   1.3   2   4      0.82        62    2.2   0.0     9    30   453   474   446   480 0.61 -
PSC70372.1           -           1705 2687at3041           -            235   1.3e-17   63.4   1.3   3   4      0.29        22    3.6   0.0   172   204   620   652   616   656 0.78 -
PSC70372.1           -           1705 2687at3041           -            235   1.3e-17   63.4   1.3   4   4    0.0044      0.33    9.6   0.0    16    85   706   776   693   780 0.71 -
PSC69661.1           -           2031 2687at3041           -            235   1.4e-16   60.0   2.3   1   2   2.2e-05    0.0016   17.1   0.1     9    85  1737  1821  1731  1827 0.78 -
PSC69661.1           -           2031 2687at3041           -            235   1.4e-16   60.0   2.3   2   2   8.3e-13   6.3e-11   41.4   0.3     1    79  1822  1900  1822  1909 0.93 -
PSC69662.1           -           2032 2687at3041           -            235   1.4e-16   60.0   2.3   1   2   2.2e-05    0.0016   17.1   0.1     9    85  1738  1822  1732  1828 0.78 -
PSC69662.1           -           2032 2687at3041           -            235   1.4e-16   60.0   2.3   2   2   8.3e-13   6.3e-11   41.4   0.3     1    79  1823  1901  1823  1910 0.93 -
PSC68551.1           -            317 2687at3041           -            235   4.4e-16   58.3   5.2   1   4     0.016       1.2    7.8   0.0    86   107    69    90    55   103 0.81 -
PSC68551.1           -            317 2687at3041           -            235   4.4e-16   58.3   5.2   2   4   6.1e-11   4.6e-09   35.3   0.7     1   108   103   223   103   232 0.80 -
PSC68551.1           -            317 2687at3041           -            235   4.4e-16   58.3   5.2   3   4   3.7e-07   2.8e-05   22.9   0.2    41   108   187   267   183   285 0.68 -
PSC68551.1           -            317 2687at3041           -            235   4.4e-16   58.3   5.2   4   4    0.0001    0.0077   14.9   0.1     1    74   233   310   233   314 0.73 -
PSC68617.1           -           1241 2687at3041           -            235   6.7e-16   57.7   3.8   1   3   0.00015     0.011   14.4   0.0     5    85    12    92     8    95 0.90 -
PSC68617.1           -           1241 2687at3041           -            235   6.7e-16   57.7   3.8   2   3   7.2e-08   5.5e-06   25.3   0.2     3    74    94   165    92   172 0.95 -
PSC68617.1           -           1241 2687at3041           -            235   6.7e-16   57.7   3.8   3   3   2.6e-05     0.002   16.9   0.1     1    86   211   299   211   330 0.83 -
PSC69674.1           -            630 2687at3041           -            235   3.4e-15   55.4   1.5   1   3   4.5e-06   0.00034   19.4   0.1     1    87    39   133    39   140 0.84 -
PSC69674.1           -            630 2687at3041           -            235   3.4e-15   55.4   1.5   2   3    0.0039       0.3    9.8   0.0     8    74   138   211   131   217 0.69 -
PSC69674.1           -            630 2687at3041           -            235   3.4e-15   55.4   1.5   3   3   2.2e-07   1.7e-05   23.7   0.1   168   235   464   547   459   547 0.71 -
PSC74984.1           -            676 2687at3041           -            235   4.5e-15   55.0   0.7   1   3     0.066         5    5.7   0.2    87   133    26    70    21    92 0.80 -
PSC74984.1           -            676 2687at3041           -            235   4.5e-15   55.0   0.7   2   3       9.2     7e+02   -1.3   0.0    91   116   131   156   123   159 0.81 -
PSC74984.1           -            676 2687at3041           -            235   4.5e-15   55.0   0.7   3   3   1.1e-13   8.1e-12   44.3   0.1     2   111   166   285   165   302 0.85 -
PSC69138.1           -            331 2687at3041           -            235   6.8e-15   54.4   0.5   1   4    0.0015      0.11   11.2   0.0   137   205    22    91    13    96 0.67 -
PSC69138.1           -            331 2687at3041           -            235   6.8e-15   54.4   0.5   2   4    0.0076      0.58    8.8   0.0     1    84   103   190   103   196 0.80 -
PSC69138.1           -            331 2687at3041           -            235   6.8e-15   54.4   0.5   3   4   4.8e-07   3.7e-05   22.5   0.0     3    87   193   276   191   277 0.95 -
PSC69138.1           -            331 2687at3041           -            235   6.8e-15   54.4   0.5   4   4     3e-05    0.0023   16.7   0.0   158   205   256   303   254   324 0.93 -
PSC76416.1           -            763 2687at3041           -            235   1.1e-14   53.7   2.4   1   3   8.3e-08   6.3e-06   25.0   0.2     3    88   239   323   235   327 0.87 -
PSC76416.1           -            763 2687at3041           -            235   1.1e-14   53.7   2.4   2   3   4.7e-08   3.6e-06   25.9   0.0    19    88   295   365   291   372 0.89 -
PSC76416.1           -            763 2687at3041           -            235   1.1e-14   53.7   2.4   3   3   0.00017     0.013   14.2   0.1     1    96   362   461   362   481 0.80 -
PSC73533.1           -            789 2687at3041           -            235   1.7e-14   53.1   1.7   1   4      0.56        42    2.7   0.1    42    78    21    56     8    71 0.75 -
PSC73533.1           -            789 2687at3041           -            235   1.7e-14   53.1   1.7   2   4   2.1e-07   1.6e-05   23.7   0.0    14    76    77   140    63   151 0.88 -
PSC73533.1           -            789 2687at3041           -            235   1.7e-14   53.1   1.7   3   4   5.3e-06    0.0004   19.1   0.0     3    89   163   249   161   295 0.88 -
PSC73533.1           -            789 2687at3041           -            235   1.7e-14   53.1   1.7   4   4      0.31        23    3.6   0.0   188   211   393   416   380   428 0.61 -
PSC74415.1           -            769 2687at3041           -            235     2e-14   52.9   3.3   1   2   7.8e-14   5.9e-12   44.8   1.9     9   107    68   177    61   184 0.89 -
PSC74415.1           -            769 2687at3041           -            235     2e-14   52.9   3.3   2   2    0.0012     0.088   11.5   0.1    19   108   163   264   162   298 0.72 -
PSC74579.1           -            843 2687at3041           -            235   3.5e-14   52.1   0.1   1   3    0.0024      0.18   10.4   0.0     1    31   400   430   400   439 0.89 -
PSC74579.1           -            843 2687at3041           -            235   3.5e-14   52.1   0.1   2   3   3.3e-07   2.5e-05   23.1   0.2    29   124   495   599   491   618 0.82 -
PSC74579.1           -            843 2687at3041           -            235   3.5e-14   52.1   0.1   3   3   0.00028     0.021   13.5   0.0   150   209   660   719   657   725 0.79 -
PSC74642.1           -           1040 2687at3041           -            235     4e-14   51.9   1.7   1   3     0.013      0.99    8.0   0.1     4    52    59   107    56   110 0.90 -
PSC74642.1           -           1040 2687at3041           -            235     4e-14   51.9   1.7   2   3   5.4e-08   4.1e-06   25.7   0.1    10    88   107   187    99   197 0.86 -
PSC74642.1           -           1040 2687at3041           -            235     4e-14   51.9   1.7   3   3   5.4e-05    0.0041   15.9   0.1     1    74   184   259   184   266 0.87 -
PSC71110.1           -            577 2687at3041           -            235   7.3e-14   51.0   0.9   1   3    0.0035      0.27    9.9   0.1     1    79    20   103    20   112 0.81 -
PSC71110.1           -            577 2687at3041           -            235   7.3e-14   51.0   0.9   2   3   4.3e-07   3.3e-05   22.7   0.0     6    92   113   198   108   200 0.92 -
PSC71110.1           -            577 2687at3041           -            235   7.3e-14   51.0   0.9   3   3   4.9e-06   0.00037   19.3   0.0     1    82   191   272   191   277 0.95 -
PSC67172.1           -            446 2687at3041           -            235   9.3e-13   47.4   1.7   1   3   0.00067     0.051   12.3   0.1    22    89   151   219   142   247 0.76 -
PSC67172.1           -            446 2687at3041           -            235   9.3e-13   47.4   1.7   2   3   1.8e-06   0.00013   20.7   0.0    17    88   228   301   223   312 0.79 -
PSC67172.1           -            446 2687at3041           -            235   9.3e-13   47.4   1.7   3   3   0.00056     0.043   12.5   0.0    22   105   322   416   302   435 0.77 -
PSC68890.1           -           1140 2687at3041           -            235   1.3e-12   46.9  15.0   1   3   0.00068     0.051   12.2   0.3    37    77     9    49     5    60 0.84 -
PSC68890.1           -           1140 2687at3041           -            235   1.3e-12   46.9  15.0   2   3   4.3e-10   3.3e-08   32.5   4.7     3   106    65   183    63   198 0.79 -
PSC68890.1           -           1140 2687at3041           -            235   1.3e-12   46.9  15.0   3   3     0.039       2.9    6.5   0.0     1    34   199   232   199   274 0.88 -
PSC75478.1           -           1839 2687at3041           -            235   1.3e-12   46.9   3.1   1   3   0.00046     0.035   12.8   0.1    42    74   624   656   615   663 0.84 -
PSC75478.1           -           1839 2687at3041           -            235   1.3e-12   46.9   3.1   2   3   2.3e-07   1.8e-05   23.6   0.1     1   111   721   837   721   874 0.80 -
PSC75478.1           -           1839 2687at3041           -            235   1.3e-12   46.9   3.1   3   3    0.0079       0.6    8.8   0.1    15    75   910   971   899   979 0.86 -
PSC76836.1           -           1054 2687at3041           -            235   1.6e-12   46.6   3.6   1   6       4.3   3.3e+02   -0.2   0.0    39    73    91   125    61   130 0.70 -
PSC76836.1           -           1054 2687at3041           -            235   1.6e-12   46.6   3.6   2   6      0.38        29    3.3   0.0   192   211   156   175   141   218 0.61 -
PSC76836.1           -           1054 2687at3041           -            235   1.6e-12   46.6   3.6   3   6      0.93        71    2.0   0.0    85   105   302   322   266   334 0.84 -
PSC76836.1           -           1054 2687at3041           -            235   1.6e-12   46.6   3.6   4   6       1.9   1.5e+02    0.9   0.0     7    53   344   390   338   432 0.80 -
PSC76836.1           -           1054 2687at3041           -            235   1.6e-12   46.6   3.6   5   6    0.0011     0.082   11.6   0.0    87   123   537   573   529   580 0.82 -
PSC76836.1           -           1054 2687at3041           -            235   1.6e-12   46.6   3.6   6   6   4.1e-07   3.1e-05   22.8   0.0   149   211   581   643   563   673 0.82 -
PSC71591.1           -           1052 2687at3041           -            235   3.7e-12   45.5   0.1   1   1   7.9e-12     6e-10   38.2   0.1     5   211   713   965   709   998 0.75 -
PSC71192.1           -            416 2687at3041           -            235     4e-12   45.3   2.6   1   4     0.069       5.2    5.7   0.1   188   207   192   211   174   221 0.65 -
PSC71192.1           -            416 2687at3041           -            235     4e-12   45.3   2.6   2   4    0.0059      0.44    9.2   0.7    16    78   195   266   195   283 0.65 -
PSC71192.1           -            416 2687at3041           -            235     4e-12   45.3   2.6   3   4   4.5e-09   3.4e-07   29.2   0.0     1    74   276   352   276   359 0.87 -
PSC71192.1           -            416 2687at3041           -            235     4e-12   45.3   2.6   4   4       2.8   2.1e+02    0.4   0.0   168   206   369   408   361   412 0.72 -
PSC71593.1           -           2061 2687at3041           -            235   1.3e-11   43.6   1.9   1   3   4.5e-08   3.4e-06   25.9   0.4    42   109  1394  1472  1389  1504 0.75 -
PSC71593.1           -           2061 2687at3041           -            235   1.3e-11   43.6   1.9   2   3      0.15        11    4.6   0.0    89   109  1525  1545  1509  1553 0.83 -
PSC71593.1           -           2061 2687at3041           -            235   1.3e-11   43.6   1.9   3   3     0.003      0.22   10.2   0.0     8    75  1624  1694  1618  1700 0.82 -
PSC71368.1           -           1233 2687at3041           -            235   6.8e-11   41.3   0.1   1   3   0.00018     0.014   14.1   0.0    16    73    80   137    64   158 0.80 -
PSC71368.1           -           1233 2687at3041           -            235   6.8e-11   41.3   0.1   2   3    0.0046      0.35    9.5   0.0    25   110   181   277   171   323 0.54 -
PSC71368.1           -           1233 2687at3041           -            235   6.8e-11   41.3   0.1   3   3   0.00074     0.056   12.1   0.0     3    35   330   362   328   373 0.88 -
PSC71119.1           -            347 2687at3041           -            235     1e-10   40.7   2.9   1   2   6.6e-11     5e-09   35.2   2.0     4   235    29   271    27   271 0.71 -
PSC71119.1           -            347 2687at3041           -            235     1e-10   40.7   2.9   2   2      0.28        22    3.7   0.0    82   110   250   278   239   300 0.72 -
PSC74641.1           -            621 2687at3041           -            235   1.3e-10   40.4   3.3   1   4   1.4e-05    0.0011   17.8   0.2     3    74   212   284   210   306 0.85 -
PSC74641.1           -            621 2687at3041           -            235   1.3e-10   40.4   3.3   2   4       0.4        31    3.2   0.3   179   211   300   332   282   351 0.71 -
PSC74641.1           -            621 2687at3041           -            235   1.3e-10   40.4   3.3   3   4    0.0001    0.0078   14.9   0.1    16    87   358   428   349   440 0.80 -
PSC74641.1           -            621 2687at3041           -            235   1.3e-10   40.4   3.3   4   4       1.1        85    1.7   0.0     4    40   472   508   470   524 0.82 -
PSC76556.1           -            770 2687at3041           -            235   1.7e-10   40.0   0.2   1   3       4.7   3.6e+02   -0.3   0.0    59    84     9    34     2    40 0.77 -
PSC76556.1           -            770 2687at3041           -            235   1.7e-10   40.0   0.2   2   3     2e-05    0.0015   17.2   0.0     3    73    79   149    77   164 0.90 -
PSC76556.1           -            770 2687at3041           -            235   1.7e-10   40.0   0.2   3   3     9e-06   0.00068   18.4   0.0   165   210   292   337   282   347 0.89 -
PSC75018.1           -            929 2687at3041           -            235   1.7e-10   40.0   8.9   1   4      0.17        13    4.4   0.0   173   206   146   179   137   193 0.81 -
PSC75018.1           -            929 2687at3041           -            235   1.7e-10   40.0   8.9   2   4     2e-07   1.5e-05   23.8   0.2    50    89   222   261   214   266 0.89 -
PSC75018.1           -            929 2687at3041           -            235   1.7e-10   40.0   8.9   3   4   8.2e-05    0.0062   15.2   0.4     1    75   257   330   257   366 0.84 -
PSC75018.1           -            929 2687at3041           -            235   1.7e-10   40.0   8.9   4   4       2.8   2.1e+02    0.4   0.2    49    76   407   434   397   439 0.78 -
PSC71497.1           -            575 2687at3041           -            235   2.1e-09   36.5  10.9   1   2   0.00019     0.014   14.1   3.1    38   110    50   133    31   152 0.75 -
PSC71497.1           -            575 2687at3041           -            235   2.1e-09   36.5  10.9   2   2   4.7e-08   3.6e-06   25.9   0.2    26   115   271   370   262   409 0.66 -
PSC74587.1           -            739 2687at3041           -            235     3e-09   35.9   4.5   1   5    0.0011     0.083   11.6   0.0   148   207   299   358   283   372 0.81 -
PSC74587.1           -            739 2687at3041           -            235     3e-09   35.9   4.5   2   5     0.021       1.6    7.4   0.4    58   235   395   450   381   460 0.50 -
PSC74587.1           -            739 2687at3041           -            235     3e-09   35.9   4.5   3   5       1.5   1.1e+02    1.3   0.0   190   208   512   530   499   539 0.85 -
PSC74587.1           -            739 2687at3041           -            235     3e-09   35.9   4.5   4   5       1.4   1.1e+02    1.4   0.0   125   139   598   612   582   622 0.69 -
PSC74587.1           -            739 2687at3041           -            235     3e-09   35.9   4.5   5   5    0.0032      0.24   10.0   0.0    44   105   665   735   654   737 0.77 -
PSC76521.1           -            388 2687at3041           -            235   6.4e-09   34.9   3.7   1   4   1.3e-06   9.5e-05   21.2   0.0   143   211    23    96    20   105 0.80 -
PSC76521.1           -            388 2687at3041           -            235   6.4e-09   34.9   3.7   2   4       0.7        53    2.4   0.0    59    81   149   170   131   174 0.79 -
PSC76521.1           -            388 2687at3041           -            235   6.4e-09   34.9   3.7   3   4     0.028       2.2    6.9   0.1   126   171   254   298   248   301 0.78 -
PSC76521.1           -            388 2687at3041           -            235   6.4e-09   34.9   3.7   4   4      0.41        31    3.2   0.1   125   146   297   318   287   321 0.67 -
PSC71637.1           -            490 2687at3041           -            235   6.9e-09   34.7   3.8   1   3     0.064       4.9    5.8   0.1    42    74   167   200   138   207 0.75 -
PSC71637.1           -            490 2687at3041           -            235   6.9e-09   34.7   3.8   2   3   2.1e-07   1.6e-05   23.7   0.3    37   112   226   316   220   330 0.75 -
PSC71637.1           -            490 2687at3041           -            235   6.9e-09   34.7   3.8   3   3      0.14        11    4.6   0.0    43    75   322   355   313   361 0.65 -
PSC73589.1           -           1663 2687at3041           -            235   7.9e-09   34.6   4.2   1   2   0.00081     0.061   12.0   0.0    88   125   652   689   640   694 0.91 -
PSC73589.1           -           1663 2687at3041           -            235   7.9e-09   34.6   4.2   2   2   2.3e-06   0.00017   20.3   2.1     9    82   729   801   721   812 0.90 -
PSC69396.1           -            594 2687at3041           -            235   1.2e-08   34.0   0.2   1   3    0.0096      0.72    8.5   0.1     2    78   235   313   234   321 0.84 -
PSC69396.1           -            594 2687at3041           -            235   1.2e-08   34.0   0.2   2   3   1.8e-06   0.00013   20.7   0.0    25    84   350   408   341   421 0.83 -
PSC69396.1           -            594 2687at3041           -            235   1.2e-08   34.0   0.2   3   3       3.3   2.5e+02    0.2   0.0   177   206   558   587   507   590 0.77 -
PSC72139.1           -            587 2687at3041           -            235   1.4e-08   33.7   0.9   1   1   3.5e-10   2.7e-08   32.8   0.1     1    87   392   478   392   486 0.94 -
PSC74135.1           -            522 2687at3041           -            235   3.5e-08   32.4   3.3   1   3       6.3   4.8e+02   -0.7   0.1    43    76    32    66    18    72 0.61 -
PSC74135.1           -            522 2687at3041           -            235   3.5e-08   32.4   3.3   2   3   0.00034     0.026   13.2   0.0    14    79    94   160    76   183 0.74 -
PSC74135.1           -            522 2687at3041           -            235   3.5e-08   32.4   3.3   3   3   7.7e-05    0.0059   15.3   0.2    12    65   218   274   208   310 0.81 -
PSC72877.1           -            448 2687at3041           -            235   6.9e-08   31.5   0.0   1   2   2.7e-05     0.002   16.8   0.0     4    87   119   204   116   214 0.87 -
PSC72877.1           -            448 2687at3041           -            235   6.9e-08   31.5   0.0   2   2   0.00075     0.057   12.1   0.0    20    77   376   438   368   445 0.75 -
PSC71260.1           -            466 2687at3041           -            235   8.9e-08   31.1   1.8   1   3       5.5   4.2e+02   -0.5   0.0    58    74   183   199   156   208 0.51 -
PSC71260.1           -            466 2687at3041           -            235   8.9e-08   31.1   1.8   2   3   1.2e-05   0.00087   18.0   0.2    25    93   256   329   231   330 0.76 -
PSC71260.1           -            466 2687at3041           -            235   8.9e-08   31.1   1.8   3   3   7.3e-05    0.0055   15.4   0.1     1    74   321   399   321   403 0.84 -
PSC72094.1           -            957 2687at3041           -            235   9.4e-08   31.0   3.6   1   3     0.041       3.1    6.4   0.1    43    75    11    43     6    54 0.84 -
PSC72094.1           -            957 2687at3041           -            235   9.4e-08   31.0   3.6   2   3   2.7e-06   0.00021   20.1   0.8     1   105    64   194    64   205 0.69 -
PSC72094.1           -            957 2687at3041           -            235   9.4e-08   31.0   3.6   3   3       7.6   5.7e+02   -1.0   0.0    44   200   323   346   286   357 0.46 -
PSC75649.1           -            807 2687at3041           -            235   1.3e-07   30.5   8.2   1   1   3.3e-06   0.00025   19.8   8.2    57   235    78   290    13   290 0.60 -
PSC68064.1           -            644 2687at3041           -            235   1.5e-07   30.3   3.9   1   3       2.6     2e+02    0.5   0.0    10    57   240   291   236   327 0.65 -
PSC68064.1           -            644 2687at3041           -            235   1.5e-07   30.3   3.9   2   3   0.00033     0.025   13.3   0.5    52   108   343   411   330   418 0.77 -
PSC68064.1           -            644 2687at3041           -            235   1.5e-07   30.3   3.9   3   3     0.022       1.7    7.3   0.0   169   211   499   547   487   583 0.75 -
PSC73677.1           -            478 2687at3041           -            235   1.5e-07   30.3   8.3   1   3       1.9   1.4e+02    1.0   0.0    90   132    32    74    18    87 0.78 -
PSC73677.1           -            478 2687at3041           -            235   1.5e-07   30.3   8.3   2   3   7.8e-07   5.9e-05   21.9   2.5    12   107   122   230   110   244 0.76 -
PSC73677.1           -            478 2687at3041           -            235   1.5e-07   30.3   8.3   3   3     0.068       5.1    5.7   0.0     1    84   335   421   335   431 0.71 -
PSC72719.1           -            499 2687at3041           -            235   1.9e-07   30.0   0.8   1   3   9.6e-05    0.0073   15.0   0.2   142   198   168   224   115   236 0.90 -
PSC72719.1           -            499 2687at3041           -            235   1.9e-07   30.0   0.8   2   3      0.13       9.7    4.8   0.0   149   223   387   463   382   474 0.74 -
PSC72719.1           -            499 2687at3041           -            235   1.9e-07   30.0   0.8   3   3     0.032       2.4    6.8   0.0    88   105   473   490   464   497 0.83 -
PSC76520.1           -            611 2687at3041           -            235   2.9e-07   29.4   4.3   1   4   1.4e-05    0.0011   17.7   0.1   169   211   277   319   268   327 0.89 -
PSC76520.1           -            611 2687at3041           -            235   2.9e-07   29.4   4.3   2   4       1.3        97    1.5   0.0    60    81   373   393   356   396 0.79 -
PSC76520.1           -            611 2687at3041           -            235   2.9e-07   29.4   4.3   3   4     0.054       4.1    6.0   0.1   126   171   477   521   472   523 0.77 -
PSC76520.1           -            611 2687at3041           -            235   2.9e-07   29.4   4.3   4   4      0.55        42    2.7   0.1   125   146   520   541   509   558 0.71 -
PSC71046.1           -           1453 2687at3041           -            235     3e-07   29.4   2.5   1   3    0.0039       0.3    9.8   0.1    62   127   434   500   421   555 0.66 -
PSC71046.1           -           1453 2687at3041           -            235     3e-07   29.4   2.5   2   3   2.3e-05    0.0017   17.1   0.1    13    93   673   751   663   754 0.88 -
PSC71046.1           -           1453 2687at3041           -            235     3e-07   29.4   2.5   3   3       2.9   2.2e+02    0.4   0.0    91   109   816   834   808   874 0.66 -
PSC76171.1           -           1260 2687at3041           -            235   3.2e-07   29.3   0.3   1   4      0.25        19    3.8   0.0    42    74   132   165   120   171 0.68 -
PSC76171.1           -           1260 2687at3041           -            235   3.2e-07   29.3   0.3   2   4       6.3   4.8e+02   -0.7   0.0   195   212   205   222   193   237 0.64 -
PSC76171.1           -           1260 2687at3041           -            235   3.2e-07   29.3   0.3   3   4     2e-05    0.0015   17.3   0.0    24    79   257   314   235   321 0.81 -
PSC76171.1           -           1260 2687at3041           -            235   3.2e-07   29.3   0.3   4   4      0.74        56    2.3   0.0    89   161   695   768   689   784 0.70 -
PSC76172.1           -           1261 2687at3041           -            235   3.2e-07   29.3   0.3   1   4      0.25        19    3.8   0.0    42    74   132   165   120   171 0.68 -
PSC76172.1           -           1261 2687at3041           -            235   3.2e-07   29.3   0.3   2   4       6.3   4.8e+02   -0.7   0.0   195   212   205   222   193   237 0.64 -
PSC76172.1           -           1261 2687at3041           -            235   3.2e-07   29.3   0.3   3   4     2e-05    0.0015   17.3   0.0    24    79   257   314   235   321 0.81 -
PSC76172.1           -           1261 2687at3041           -            235   3.2e-07   29.3   0.3   4   4      0.74        56    2.3   0.0    89   161   695   768   689   784 0.70 -
PSC74924.1           -            941 2687at3041           -            235   4.4e-07   28.8   0.6   1   2   8.1e-06   0.00061   18.5   0.1     1   114    68   197    68   210 0.74 -
PSC74924.1           -            941 2687at3041           -            235   4.4e-07   28.8   0.6   2   2     0.018       1.4    7.6   0.1     2    82   204   298   203   306 0.62 -
PSC72035.1           -            305 2687at3041           -            235     5e-07   28.6  10.0   1   3     9e-06   0.00068   18.4   1.3    39   104    10    90     2   134 0.78 -
PSC72035.1           -            305 2687at3041           -            235     5e-07   28.6  10.0   2   3     0.087       6.6    5.4   0.1    91   110   184   203   178   209 0.79 -
PSC72035.1           -            305 2687at3041           -            235     5e-07   28.6  10.0   3   3     0.012      0.93    8.1   0.2    39    85   211   261   207   301 0.78 -
PSC75544.1           -            460 2687at3041           -            235   5.2e-07   28.6   4.9   1   2   8.3e-06   0.00063   18.5   3.6     1   205   135   340   135   345 0.71 -
PSC75544.1           -            460 2687at3041           -            235   5.2e-07   28.6   4.9   2   2       0.6        46    2.6   0.0    75   107   415   447   380   452 0.62 -
PSC71525.1           -            890 2687at3041           -            235   5.8e-07   28.4   2.2   1   3   0.00029     0.022   13.5   0.4    57   118   627   699   623   705 0.60 -
PSC71525.1           -            890 2687at3041           -            235   5.8e-07   28.4   2.2   2   3     0.028       2.2    6.9   0.1     4    77   700   774   697   783 0.80 -
PSC71525.1           -            890 2687at3041           -            235   5.8e-07   28.4   2.2   3   3     0.046       3.5    6.3   0.0   166   226   786   847   780   856 0.74 -
PSC69091.1           -            790 2687at3041           -            235     6e-07   28.4   0.1   1   3   0.00098     0.074   11.7   0.2    21    77   148   204   133   206 0.89 -
PSC69091.1           -            790 2687at3041           -            235     6e-07   28.4   0.1   2   3    0.0026       0.2   10.3   0.0   168   235   215   297   210   297 0.76 -
PSC69091.1           -            790 2687at3041           -            235     6e-07   28.4   0.1   3   3     0.028       2.1    7.0   0.0    77   110   271   304   254   311 0.78 -
PSC72059.1           -           1738 2687at3041           -            235   1.1e-06   27.5   1.4   1   2      0.14        11    4.7   0.0    56    76    25    45    12    60 0.65 -
PSC72059.1           -           1738 2687at3041           -            235   1.1e-06   27.5   1.4   2   2   2.9e-05    0.0022   16.7   0.4     1   106    61   200    61   212 0.72 -
PSC74438.1           -           1013 2687at3041           -            235   1.2e-06   27.5   6.6   1   5   0.00017     0.013   14.2   0.2    42    92    15    69     7    84 0.89 -
PSC74438.1           -           1013 2687at3041           -            235   1.2e-06   27.5   6.6   2   5     0.029       2.2    6.9   0.1   170   224   111   168   103   177 0.74 -
PSC74438.1           -           1013 2687at3041           -            235   1.2e-06   27.5   6.6   3   5      0.75        56    2.3   0.0   181   206   170   195   160   211 0.74 -
PSC74438.1           -           1013 2687at3041           -            235   1.2e-06   27.5   6.6   4   5      0.76        58    2.3   0.0    87   106   249   268   236   277 0.56 -
PSC74438.1           -           1013 2687at3041           -            235   1.2e-06   27.5   6.6   5   5       2.8   2.1e+02    0.4   0.0   180   196   286   302   274   314 0.86 -
PSC71428.1           -           1775 2687at3041           -            235   2.1e-06   26.6   8.2   1   4   7.7e-05    0.0059   15.3   0.1     1    74   342   421   337   432 0.73 -
PSC71428.1           -           1775 2687at3041           -            235   2.1e-06   26.6   8.2   2   4      0.38        29    3.3   0.0    12    88   562   637   553   645 0.83 -
PSC71428.1           -           1775 2687at3041           -            235   2.1e-06   26.6   8.2   3   4     0.084       6.3    5.4   0.0   155   212   704   761   697   786 0.79 -
PSC71428.1           -           1775 2687at3041           -            235   2.1e-06   26.6   8.2   4   4       4.2   3.2e+02   -0.2   0.1    49    84  1476  1511  1467  1526 0.66 -
PSC71469.1           -            533 2687at3041           -            235   5.1e-06   25.4   0.5   1   2       1.1        81    1.8   0.0     8    72   113   175   110   193 0.82 -
PSC71469.1           -            533 2687at3041           -            235   5.1e-06   25.4   0.5   2   2   1.2e-06   9.1e-05   21.3   0.0    15   104   243   338   228   356 0.73 -
PSC75543.1           -            669 2687at3041           -            235   5.6e-06   25.2   0.1   1   3      0.17        13    4.4   0.0     4    31   345   372   341   381 0.61 -
PSC75543.1           -            669 2687at3041           -            235   5.6e-06   25.2   0.1   2   3     0.048       3.6    6.2   0.0   170   206   486   523   459   529 0.82 -
PSC75543.1           -            669 2687at3041           -            235   5.6e-06   25.2   0.1   3   3    0.0028      0.21   10.2   0.1    87   123   555   591   543   616 0.80 -
PSC74953.1           -           1321 2687at3041           -            235   6.4e-06   25.0   3.9   1   2   3.3e-05    0.0025   16.6   3.1    40   145   957  1081   922  1158 0.79 -
PSC74953.1           -           1321 2687at3041           -            235   6.4e-06   25.0   3.9   2   2       0.1       7.7    5.1   0.0    18    73  1147  1203  1131  1208 0.64 -
PSC69197.1           -            922 2687at3041           -            235   1.3e-05   24.0   0.1   1   2    0.0065      0.49    9.0   0.0    14    86    76   148    65   183 0.75 -
PSC69197.1           -            922 2687at3041           -            235   1.3e-05   24.0   0.1   2   2    0.0016      0.12   11.0   0.0    21    81   216   277   203   309 0.76 -
PSC69198.1           -            923 2687at3041           -            235   1.3e-05   24.0   0.1   1   2    0.0061      0.46    9.1   0.0    14    86    76   148    65   185 0.74 -
PSC69198.1           -            923 2687at3041           -            235   1.3e-05   24.0   0.1   2   2    0.0016      0.12   11.0   0.0    21    81   216   277   203   309 0.76 -
PSC69242.1           -            923 2687at3041           -            235   1.3e-05   24.0   0.1   1   2    0.0061      0.46    9.1   0.0    14    86    76   148    65   185 0.74 -
PSC69242.1           -            923 2687at3041           -            235   1.3e-05   24.0   0.1   2   2    0.0016      0.12   11.0   0.0    21    81   216   277   203   309 0.76 -
PSC69213.1           -           1148 2687at3041           -            235   1.5e-05   23.8   1.9   1   3      0.13       9.6    4.8   0.0    39    74   219   254   169   266 0.72 -
PSC69213.1           -           1148 2687at3041           -            235   1.5e-05   23.8   1.9   2   3    0.0058      0.44    9.2   0.1    89   126   313   350   306   358 0.87 -
PSC69213.1           -           1148 2687at3041           -            235   1.5e-05   23.8   1.9   3   3      0.26        19    3.8   0.0     5    65   391   451   387   456 0.63 -
PSC72399.1           -            810 2687at3041           -            235   1.6e-05   23.7   0.2   1   1   1.4e-06   0.00011   21.0   0.1     3   105    99   212    97   235 0.67 -
PSC74914.1           -            355 2687at3041           -            235   3.4e-05   22.6   6.2   1   2   0.00036     0.027   13.1   0.8    23   150    33   180    23   193 0.60 -
PSC74914.1           -            355 2687at3041           -            235   3.4e-05   22.6   6.2   2   2     0.024       1.8    7.2   0.5    87   114   204   231   190   352 0.84 -
PSC72285.1           -            621 2687at3041           -            235   3.9e-05   22.5   3.4   1   3     0.066         5    5.8   0.0     2    30   250   278   249   284 0.89 -
PSC72285.1           -            621 2687at3041           -            235   3.9e-05   22.5   3.4   2   3     0.034       2.6    6.7   0.1   148   174   308   334   304   340 0.86 -
PSC72285.1           -            621 2687at3041           -            235   3.9e-05   22.5   3.4   3   3     0.034       2.6    6.7   0.1    59    90   555   587   540   613 0.54 -
PSC75185.1           -           1495 2687at3041           -            235   4.5e-05   22.3   7.8   1   2   3.5e-05    0.0026   16.5   3.1    40   145  1135  1259  1095  1338 0.79 -
PSC75185.1           -           1495 2687at3041           -            235   4.5e-05   22.3   7.8   2   2     0.079         6    5.5   0.0    17    73  1324  1381  1309  1385 0.73 -
PSC75184.1           -           1499 2687at3041           -            235   4.5e-05   22.2   7.8   1   2   3.5e-05    0.0026   16.5   3.1    40   145  1139  1263  1099  1342 0.79 -
PSC75184.1           -           1499 2687at3041           -            235   4.5e-05   22.2   7.8   2   2     0.079         6    5.5   0.0    17    73  1328  1385  1313  1389 0.73 -
PSC68711.1           -           1716 2687at3041           -            235   4.6e-05   22.2   0.0   1   2         3   2.3e+02    0.3   0.0   219   235  1396  1412  1390  1413 0.84 -
PSC68711.1           -           1716 2687at3041           -            235   4.6e-05   22.2   0.0   2   2   1.4e-05     0.001   17.8   0.0   113   235  1500  1630  1494  1630 0.82 -
PSC73154.1           -           1574 2687at3041           -            235     5e-05   22.1   1.9   1   3      0.38        29    3.3   0.0   125   143  1315  1333  1306  1366 0.80 -
PSC73154.1           -           1574 2687at3041           -            235     5e-05   22.1   1.9   2   3     0.044       3.3    6.3   0.0    87   107  1406  1426  1392  1435 0.89 -
PSC73154.1           -           1574 2687at3041           -            235     5e-05   22.1   1.9   3   3    0.0049      0.37    9.4   0.0    85   184  1450  1550  1441  1572 0.78 -
PSC70492.1           -            790 2687at3041           -            235   7.1e-05   21.6   2.4   1   3       5.2   3.9e+02   -0.5   0.0    53   178    33    67    24    80 0.49 -
PSC70492.1           -            790 2687at3041           -            235   7.1e-05   21.6   2.4   2   3   0.00041     0.031   13.0   0.1     2    98   174   276   173   282 0.71 -
PSC70492.1           -            790 2687at3041           -            235   7.1e-05   21.6   2.4   3   3      0.68        52    2.4   0.0   125   145   510   530   500   542 0.81 -
PSC75827.1           -           1836 2687at3041           -            235   0.00011   21.0   0.1   1   2    0.0014      0.11   11.2   0.0    17    77    88   148    85   165 0.78 -
PSC75827.1           -           1836 2687at3041           -            235   0.00011   21.0   0.1   2   2     0.066         5    5.8   0.0    89   115  1231  1257  1217  1271 0.71 -
PSC75476.1           -            833 2687at3041           -            235   0.00013   20.8   0.0   1   1   2.9e-06   0.00022   20.0   0.0     6    82    60   137    57   176 0.89 -
PSC74864.1           -            468 2687at3041           -            235   0.00013   20.8   0.3   1   2   0.00035     0.026   13.2   0.1   148   212   170   234   160   252 0.90 -
PSC74864.1           -            468 2687at3041           -            235   0.00013   20.8   0.3   2   2     0.098       7.4    5.2   0.0    58    76   299   317   289   330 0.83 -
PSC74467.1           -           1025 2687at3041           -            235   0.00033   19.4   0.7   1   3      0.43        33    3.1   0.0   148   208    56   119    37   155 0.65 -
PSC74467.1           -           1025 2687at3041           -            235   0.00033   19.4   0.7   2   3       4.5   3.4e+02   -0.3   0.1   176   210   169   203   145   215 0.82 -
PSC74467.1           -           1025 2687at3041           -            235   0.00033   19.4   0.7   3   3    0.0018      0.14   10.9   0.0     1    79   223   301   223   311 0.78 -
PSC74360.1           -            347 2687at3041           -            235   0.00047   18.9   0.6   1   2   0.00019     0.014   14.1   0.2    55   113   139   206   135   210 0.79 -
PSC74360.1           -            347 2687at3041           -            235   0.00047   18.9   0.6   2   2       0.6        46    2.6   0.0   186   206   269   289   229   291 0.56 -
PSC74361.1           -            377 2687at3041           -            235   0.00058   18.6   0.6   1   2   0.00021     0.016   13.9   0.2    55   113   169   236   165   240 0.79 -
PSC74361.1           -            377 2687at3041           -            235   0.00058   18.6   0.6   2   2      0.68        51    2.4   0.0   186   206   299   319   259   321 0.56 -
PSC71912.1           -            872 2687at3041           -            235   0.00066   18.4   2.7   1   1   0.00015     0.011   14.4   0.7    21   201   606   812   591   817 0.52 -
PSC75084.1           -            961 2687at3041           -            235   0.00078   18.2   3.3   1   2    0.0022      0.17   10.6   0.9    23   150    33   180    22   197 0.60 -
PSC75084.1           -            961 2687at3041           -            235   0.00078   18.2   3.3   2   2      0.11       8.3    5.0   0.0    88   113   205   230   199   275 0.88 -
PSC76443.1           -            598 2687at3041           -            235   0.00085   18.1   0.1   1   1   0.00027      0.02   13.6   0.0    18   105    33   136    25   148 0.70 -
PSC74295.1           -            308 2687at3041           -            235   0.00091   18.0   2.3   1   2   0.00015     0.012   14.4   1.8    86   205    43   166    13   173 0.83 -
PSC74295.1           -            308 2687at3041           -            235   0.00091   18.0   2.3   2   2     0.015       1.1    7.8   0.2    19    74   112   168    90   263 0.57 -
PSC69324.1           -            476 2687at3041           -            235   0.00092   18.0   0.1   1   4       2.6     2e+02    0.5   0.0    89   115    48    74    38    92 0.76 -
PSC69324.1           -            476 2687at3041           -            235   0.00092   18.0   0.1   2   4      0.45        34    3.0   0.0    59    86   145   172   137   206 0.84 -
PSC69324.1           -            476 2687at3041           -            235   0.00092   18.0   0.1   3   4      0.47        36    3.0   0.0   150   216   242   310   237   319 0.82 -
PSC69324.1           -            476 2687at3041           -            235   0.00092   18.0   0.1   4   4       0.1       7.6    5.2   0.0    59    83   332   356   324   373 0.65 -
PSC71527.1           -            421 2687at3041           -            235    0.0012   17.6   2.2   1   2    0.0062      0.47    9.1   0.1   148   210    43   104    34   126 0.75 -
PSC71527.1           -            421 2687at3041           -            235    0.0012   17.6   2.2   2   2     0.061       4.6    5.9   0.2    11    71   217   282   208   299 0.65 -
PSC67406.1           -           1413 2687at3041           -            235    0.0016   17.2   0.3   1   2   0.00019     0.014   14.1   0.0     3    78  1252  1330  1250  1369 0.82 -
PSC67406.1           -           1413 2687at3041           -            235    0.0016   17.2   0.3   2   2       6.3   4.8e+02   -0.7   0.0   184   207  1347  1370  1339  1377 0.83 -
PSC74814.1           -           1153 2687at3041           -            235    0.0016   17.2   0.0   1   1     4e-05    0.0031   16.3   0.0   148   212    52   115    46   131 0.89 -
PSC75857.1           -            444 2687at3041           -            235    0.0016   17.2   0.2   1   3    0.0076      0.57    8.8   0.0    33    75   107   149    97   159 0.87 -
PSC75857.1           -            444 2687at3041           -            235    0.0016   17.2   0.2   2   3      0.92        70    2.0   0.0   178   235   310   336   289   354 0.62 -
PSC75857.1           -            444 2687at3041           -            235    0.0016   17.2   0.2   3   3       1.7   1.3e+02    1.1   0.0    81   104   413   437   409   441 0.77 -
PSC76632.1           -            335 2687at3041           -            235    0.0018   17.0   0.1   1   3    0.0097      0.73    8.5   0.0     5   108    16   126    13   137 0.67 -
PSC76632.1           -            335 2687at3041           -            235    0.0018   17.0   0.1   2   3     0.029       2.2    6.9   0.0   114   153    91   137    58   171 0.53 -
PSC76632.1           -            335 2687at3041           -            235    0.0018   17.0   0.1   3   3      0.14        10    4.7   0.0    52    82   247   277   188   300 0.75 -
PSC76374.1           -            820 2687at3041           -            235    0.0018   17.0   0.4   1   2    0.0027       0.2   10.3   0.0    40    83   464   507   453   520 0.74 -
PSC76374.1           -            820 2687at3041           -            235    0.0018   17.0   0.4   2   2      0.55        41    2.7   0.0     3    68   692   758   690   785 0.79 -
PSC74892.1           -           1241 2687at3041           -            235    0.0022   16.7   0.1   1   4      0.29        22    3.6   0.0    11    50   111   149    99   154 0.79 -
PSC74892.1           -           1241 2687at3041           -            235    0.0022   16.7   0.1   2   4     0.073       5.6    5.6   0.0   126   147   158   179   154   197 0.78 -
PSC74892.1           -           1241 2687at3041           -            235    0.0022   16.7   0.1   3   4       4.6   3.5e+02   -0.3   0.0    67    80  1116  1129  1100  1146 0.64 -
PSC74892.1           -           1241 2687at3041           -            235    0.0022   16.7   0.1   4   4       8.1   6.2e+02   -1.1   0.0    59    72  1170  1183  1165  1200 0.72 -
PSC74317.1           -            437 2687at3041           -            235    0.0023   16.7   0.0   1   3       5.6   4.2e+02   -0.6   0.0   128   174   218   263   210   277 0.71 -
PSC74317.1           -            437 2687at3041           -            235    0.0023   16.7   0.0   2   3   0.00038     0.029   13.1   0.0   149   206   280   337   272   351 0.82 -
PSC74317.1           -            437 2687at3041           -            235    0.0023   16.7   0.0   3   3       8.2   6.2e+02   -1.1   0.0     1    32   350   381   348   386 0.78 -
PSC72392.1           -           1576 2687at3041           -            235    0.0024   16.6   4.1   1   3    0.0013     0.097   11.4   0.9    58   145   316   424   300   441 0.63 -
PSC72392.1           -           1576 2687at3041           -            235    0.0024   16.6   4.1   2   3       2.1   1.6e+02    0.8   0.1   204   235   428   462   403   462 0.70 -
PSC72392.1           -           1576 2687at3041           -            235    0.0024   16.6   4.1   3   3      0.13       9.8    4.8   0.2    19    90   452   526   433   539 0.60 -
PSC76625.1           -            443 2687at3041           -            235    0.0025   16.5   0.0   1   2   0.00056     0.042   12.5   0.0    13    84   118   191   115   255 0.82 -
PSC76625.1           -            443 2687at3041           -            235    0.0025   16.5   0.0   2   2       2.3   1.8e+02    0.7   0.0    56    76   276   296   262   299 0.80 -
PSC67980.1           -            700 2687at3041           -            235    0.0028   16.4   0.1   1   2    0.0017      0.13   11.0   0.0    70   168   442   539   438   550 0.67 -
PSC67980.1           -            700 2687at3041           -            235    0.0028   16.4   0.1   2   2       1.1        84    1.7   0.0   147   174   564   591   559   598 0.82 -
PSC76831.1           -           1284 2687at3041           -            235    0.0035   16.1   5.0   1   6       2.1   1.6e+02    0.8   0.0   187   206   185   204   172   216 0.81 -
PSC76831.1           -           1284 2687at3041           -            235    0.0035   16.1   5.0   2   6      0.12       8.9    4.9   0.0   126   146   236   256   221   260 0.71 -
PSC76831.1           -           1284 2687at3041           -            235    0.0035   16.1   5.0   3   6         8   6.1e+02   -1.1   0.0    75    75   384   384   321   425 0.53 -
PSC76831.1           -           1284 2687at3041           -            235    0.0035   16.1   5.0   4   6       3.1   2.4e+02    0.3   0.0   187   206   815   834   801   845 0.79 -
PSC76831.1           -           1284 2687at3041           -            235    0.0035   16.1   5.0   5   6       0.1       7.5    5.2   0.0   126   148   866   888   860   896 0.84 -
PSC76831.1           -           1284 2687at3041           -            235    0.0035   16.1   5.0   6   6       8.1   6.1e+02   -1.1   0.0   205   205  1006  1006   948  1046 0.50 -
PSC72112.1           -           1987 2687at3041           -            235    0.0036   16.0   1.3   1   4     0.026       1.9    7.1   0.1    75   108  1136  1169  1125  1178 0.82 -
PSC72112.1           -           1987 2687at3041           -            235    0.0036   16.0   1.3   2   4     0.045       3.4    6.3   0.2    77   109  1138  1170  1136  1220 0.70 -
PSC72112.1           -           1987 2687at3041           -            235    0.0036   16.0   1.3   3   4      0.63        48    2.5   0.0    62    80  1357  1375  1351  1387 0.80 -
PSC72112.1           -           1987 2687at3041           -            235    0.0036   16.0   1.3   4   4         3   2.3e+02    0.3   0.0    87   107  1570  1590  1562  1611 0.81 -
PSC73206.1           -            734 2687at3041           -            235      0.01   14.6   0.2   1   2     0.014       1.1    7.9   0.0   149   211   381   452   377   458 0.73 -
PSC73206.1           -            734 2687at3041           -            235      0.01   14.6   0.2   2   2      0.42        32    3.1   0.0     3    74   557   629   517   646 0.67 -
PSC76183.1           -            591 2687at3041           -            235     0.012   14.3   0.1   1   3       3.3   2.5e+02    0.2   0.0    90   109   214   233   197   254 0.60 -
PSC76183.1           -            591 2687at3041           -            235     0.012   14.3   0.1   2   3      0.82        62    2.2   0.0    42   223   305   352   291   362 0.64 -
PSC76183.1           -            591 2687at3041           -            235     0.012   14.3   0.1   3   3      0.03       2.3    6.9   0.0     4    44   417   457   415   486 0.87 -
PSC76184.1           -            592 2687at3041           -            235     0.012   14.3   0.1   1   3       3.4   2.5e+02    0.2   0.0    90   109   214   233   197   254 0.60 -
PSC76184.1           -            592 2687at3041           -            235     0.012   14.3   0.1   2   3      0.82        62    2.2   0.0    42   223   305   352   291   362 0.64 -
PSC76184.1           -            592 2687at3041           -            235     0.012   14.3   0.1   3   3      0.03       2.3    6.9   0.0     4    44   418   458   416   487 0.87 -
PSC67502.1           -           1144 2687at3041           -            235     0.012   14.3   0.1   1   1   0.00046     0.035   12.8   0.0    47   109   232   302   223   333 0.69 -
PSC70328.1           -            405 2687at3041           -            235     0.021   13.5   0.5   1   2       4.4   3.3e+02   -0.2   0.0    91   105   142   156   137   162 0.59 -
PSC70328.1           -            405 2687at3041           -            235     0.021   13.5   0.5   2   2    0.0097      0.74    8.5   0.1    36   107   221   307   187   318 0.68 -
PSC67630.1           -            799 2687at3041           -            235     0.026   13.2   3.0   1   4       0.1       7.9    5.1   0.0   181   208    26    53    14    58 0.80 -
PSC67630.1           -            799 2687at3041           -            235     0.026   13.2   3.0   2   4      0.39        30    3.2   0.0    66   105   237   288   228   298 0.56 -
PSC67630.1           -            799 2687at3041           -            235     0.026   13.2   3.0   3   4       9.8   7.4e+02   -1.4   0.0   179   207   396   424   390   427 0.82 -
PSC67630.1           -            799 2687at3041           -            235     0.026   13.2   3.0   4   4       1.7   1.3e+02    1.1   0.1    59   105   464   511   455   516 0.82 -
PSC69923.1           -            862 2687at3041           -            235     0.032   12.9   0.6   1   3         5   3.8e+02   -0.4   0.0   107   139   544   576   517   585 0.80 -
PSC69923.1           -            862 2687at3041           -            235     0.032   12.9   0.6   2   3       4.6   3.5e+02   -0.3   0.1   114   139   551   576   542   637 0.61 -
PSC69923.1           -            862 2687at3041           -            235     0.032   12.9   0.6   3   3    0.0037      0.28    9.8   0.0    78   132   710   764   704   805 0.76 -
PSC73893.1           -            915 2687at3041           -            235     0.032   12.9  11.9   1   5       5.7   4.3e+02   -0.6   0.1    57    71    77    91    36    98 0.85 -
PSC73893.1           -            915 2687at3041           -            235     0.032   12.9  11.9   2   5       4.3   3.2e+02   -0.2   0.2    59    71    79    91    74   148 0.64 -
PSC73893.1           -            915 2687at3041           -            235     0.032   12.9  11.9   3   5     0.029       2.2    6.9   0.0    85   112   249   276   207   295 0.83 -
PSC73893.1           -            915 2687at3041           -            235     0.032   12.9  11.9   4   5      0.14        11    4.7   0.0     3    34   712   743   675   756 0.74 -
PSC73893.1           -            915 2687at3041           -            235     0.032   12.9  11.9   5   5     0.026       1.9    7.1   0.2     4    76   713   800   710   826 0.73 -
PSC76845.1           -            542 2687at3041           -            235     0.033   12.9   1.6   1   3         9   6.8e+02   -1.2   0.0   185   201    66    82    55    87 0.67 -
PSC76845.1           -            542 2687at3041           -            235     0.033   12.9   1.6   2   3      0.54        41    2.8   0.0   150   204   119   172   105   176 0.82 -
PSC76845.1           -            542 2687at3041           -            235     0.033   12.9   1.6   3   3      0.03       2.3    6.9   0.0   175   209   193   228   180   245 0.74 -
PSC73014.1           -           1276 2687at3041           -            235     0.034   12.8   0.1   1   2      0.14        11    4.7   0.0     1    31   173   203   173   234 0.90 -
PSC73014.1           -           1276 2687at3041           -            235     0.034   12.8   0.1   2   2      0.17        13    4.4   0.0   191   211  1146  1166  1136  1177 0.67 -
PSC73489.1           -            330 2687at3041           -            235     0.038   12.7   0.0   1   2      0.26        20    3.8   0.0    90   115   178   203   152   214 0.77 -
PSC73489.1           -            330 2687at3041           -            235     0.038   12.7   0.0   2   2     0.034       2.6    6.7   0.0    55    91   217   253   204   304 0.84 -
PSC70222.1           -            499 2687at3041           -            235     0.039   12.6   0.0   1   2       7.9     6e+02   -1.1   0.0    86   210   102   125    92   150 0.54 -
PSC70222.1           -            499 2687at3041           -            235     0.039   12.6   0.0   2   2    0.0032      0.24   10.1   0.0     5    72   388   456   385   470 0.79 -
PSC67182.1           -           1136 2687at3041           -            235     0.047   12.4   0.0   1   1    0.0013     0.099   11.3   0.0    36   235   464   545   445   549 0.40 -
PSC74264.1           -            531 2687at3041           -            235     0.053   12.2   0.0   1   2     0.063       4.7    5.8   0.0     5    57   101   154    98   164 0.77 -
PSC74264.1           -            531 2687at3041           -            235     0.053   12.2   0.0   2   2      0.39        29    3.2   0.0    17    39   267   289   249   298 0.71 -
PSC69688.1           -            633 2687at3041           -            235     0.067   11.9   0.0   1   2       8.6   6.5e+02   -1.2   0.0   216   235   106   127    65   127 0.52 -
PSC69688.1           -            633 2687at3041           -            235     0.067   11.9   0.0   2   2    0.0054      0.41    9.3   0.0     1    33   151   183   149   211 0.85 -
PSC77059.1           -            411 2687at3041           -            235     0.088   11.5   2.6   1   3     0.092       6.9    5.3   0.0   170   208   143   180   126   207 0.79 -
PSC77059.1           -            411 2687at3041           -            235     0.088   11.5   2.6   2   3      0.89        67    2.0   0.0   192   206   164   178   161   277 0.60 -
PSC77059.1           -            411 2687at3041           -            235     0.088   11.5   2.6   3   3       0.2        15    4.2   0.0    45    79   289   321   253   327 0.61 -
PSC74749.1           -            477 2687at3041           -            235      0.11   11.2   1.8   1   2       2.6     2e+02    0.5   0.0    79   105   145   171   126   183 0.72 -
PSC74749.1           -            477 2687at3041           -            235      0.11   11.2   1.8   2   2      0.01      0.79    8.4   0.9   121   172   285   335   275   357 0.75 -
#
# Program:         hmmsearch
# Version:         3.1b2 (February 2015)
# Pipeline mode:   SEARCH
# Query file:      /Users/catrionaharrison/Documents/Bioinformatics/rp2/Data/genomes/busco/busco_downloads/lineages/chlorophyta_odb10/hmms/2687at3041.hmm
# Target file:     /Users/catrionaharrison/Documents/Bioinformatics/rp2/Data/genomes/busco/data/micractinium_conductrix.prot.fasta
# Option settings: hmmsearch --domtblout /Users/catrionaharrison/Documents/Bioinformatics/rp2/Data/genomes/busco/Busco_conductrix/run_chlorophyta_odb10/hmmer_output/initial_run_results/2687at3041.out --cpu 1 /Users/catrionaharrison/Documents/Bioinformatics/rp2/Data/genomes/busco/busco_downloads/lineages/chlorophyta_odb10/hmms/2687at3041.hmm /Users/catrionaharrison/Documents/Bioinformatics/rp2/Data/genomes/busco/data/micractinium_conductrix.prot.fasta 
# Current dir:     /Users/catrionaharrison/Documents/Bioinformatics/rp2/Data/genomes/busco
# Date:            Fri Jul 22 15:17:35 2022
# [ok]
