#                                                                            --- full sequence --- -------------- this domain -------------   hmm coord   ali coord   env coord
# target name        accession   tlen query name           accession   qlen   E-value  score  bias   #  of  c-Evalue  i-Evalue  score  bias  from    to  from    to  from    to  acc description of target
#------------------- ---------- ----- -------------------- ---------- ----- --------- ------ ----- --- --- --------- --------- ------ ----- ----- ----- ----- ----- ----- ----- ---- ---------------------
PSC74438.1           -           1013 2843at3041           -            356    2e-128  427.4   0.8   1   3   5.5e-84   3.8e-82  275.2   0.2    10   187    17   203     5   209 0.92 -
PSC74438.1           -           1013 2843at3041           -            356    2e-128  427.4   0.8   2   3   5.9e-43   4.1e-41  140.2   0.0   179   330   226   410   216   417 0.84 -
PSC74438.1           -           1013 2843at3041           -            356    2e-128  427.4   0.8   3   3    0.0092      0.64    8.0   0.0   329   356   444   481   421   481 0.75 -
PSC75373.1           -            472 2843at3041           -            356   1.6e-29  102.1   3.9   1   3   0.00024     0.017   13.2   0.0   186   220   128   162   119   166 0.88 -
PSC75373.1           -            472 2843at3041           -            356   1.6e-29  102.1   3.9   2   3   2.1e-14   1.5e-12   46.3   0.4   112   221   138   257   134   271 0.77 -
PSC75373.1           -            472 2843at3041           -            356   1.6e-29  102.1   3.9   3   3   1.1e-16   7.4e-15   53.9   0.4   117   273   277   440   259   447 0.83 -
PSC67992.1           -            555 2843at3041           -            356     1e-28   99.4   1.8   1   2   7.5e-13   5.2e-11   41.2   0.6   124   248    74   201    68   204 0.78 -
PSC67992.1           -            555 2843at3041           -            356     1e-28   99.4   1.8   2   2   3.1e-18   2.1e-16   58.9   0.0   119   253   195   333   192   342 0.81 -
PSC71246.1           -            985 2843at3041           -            356   2.3e-27   95.0   8.9   1   6   3.4e-13   2.4e-11   42.3   0.2   129   218    40   137    26   146 0.87 -
PSC71246.1           -            985 2843at3041           -            356   2.3e-27   95.0   8.9   2   6   1.4e-07   9.5e-06   23.9   0.3   150   256   108   229   107   234 0.77 -
PSC71246.1           -            985 2843at3041           -            356   2.3e-27   95.0   8.9   3   6    0.0003     0.021   12.9   0.0   186   267   455   535   439   540 0.84 -
PSC71246.1           -            985 2843at3041           -            356   2.3e-27   95.0   8.9   4   6      0.25        18    3.3   0.0   171   217   518   567   515   570 0.83 -
PSC71246.1           -            985 2843at3041           -            356   2.3e-27   95.0   8.9   5   6   2.3e-09   1.6e-07   29.7   0.0   153   261   595   708   579   713 0.86 -
PSC71246.1           -            985 2843at3041           -            356   2.3e-27   95.0   8.9   6   6      0.15        10    4.0   0.1   185   217   714   746   696   759 0.81 -
PSC70582.1           -           1174 2843at3041           -            356   4.8e-24   84.1   7.3   1   5      0.21        14    3.6   0.0   155   218   208   273   201   292 0.63 -
PSC70582.1           -           1174 2843at3041           -            356   4.8e-24   84.1   7.3   2   5   1.3e-10   9.1e-09   33.8   0.2   120   263   258   406   253   411 0.87 -
PSC70582.1           -           1174 2843at3041           -            356   4.8e-24   84.1   7.3   3   5    0.0013     0.087   10.9   0.0   185   233   368   418   359   428 0.81 -
PSC70582.1           -           1174 2843at3041           -            356   4.8e-24   84.1   7.3   4   5   7.4e-05    0.0051   14.9   0.1   163   238   598   677   585   685 0.76 -
PSC70582.1           -           1174 2843at3041           -            356   4.8e-24   84.1   7.3   5   5     8e-10   5.6e-08   31.2   0.7   117   276   691   854   681   863 0.77 -
PSC74769.1           -            482 2843at3041           -            356   5.3e-24   83.9   6.3   1   3     2e-10   1.4e-08   33.2   0.0   184   265   112   195   100   212 0.78 -
PSC74769.1           -            482 2843at3041           -            356   5.3e-24   83.9   6.3   2   3    0.0018      0.12   10.4   0.4   109   185   205   283   194   311 0.61 -
PSC74769.1           -            482 2843at3041           -            356   5.3e-24   83.9   6.3   3   3   5.7e-13     4e-11   41.6   0.3   120   251   339   474   317   481 0.82 -
PSC70581.1           -           1186 2843at3041           -            356   5.9e-24   83.8   7.5   1   5      0.21        15    3.5   0.0   155   218   220   285   213   304 0.63 -
PSC70581.1           -           1186 2843at3041           -            356   5.9e-24   83.8   7.5   2   5   6.5e-08   4.5e-06   25.0   0.1   120   219   270   372   266   380 0.89 -
PSC70581.1           -           1186 2843at3041           -            356   5.9e-24   83.8   7.5   3   5    0.0014       0.1   10.7   0.0   186   233   381   430   373   440 0.81 -
PSC70581.1           -           1186 2843at3041           -            356   5.9e-24   83.8   7.5   4   5   7.5e-05    0.0052   14.9   0.1   163   238   610   689   597   697 0.76 -
PSC70581.1           -           1186 2843at3041           -            356   5.9e-24   83.8   7.5   5   5   8.1e-10   5.6e-08   31.2   0.7   117   276   703   866   693   875 0.77 -
PSC72149.1           -            358 2843at3041           -            356   1.8e-23   82.2   0.0   1   3   1.3e-08   8.8e-07   27.3   0.0   153   227    68   146    64   158 0.85 -
PSC72149.1           -            358 2843at3041           -            356   1.8e-23   82.2   0.0   2   3     0.016       1.1    7.2   0.0   185   229   145   190   138   192 0.70 -
PSC72149.1           -            358 2843at3041           -            356   1.8e-23   82.2   0.0   3   3   9.1e-16   6.3e-14   50.8   0.1   124   269   169   324   165   349 0.80 -
PSC74259.1           -            316 2843at3041           -            356   1.9e-22   78.8   0.7   1   3     5e-09   3.4e-07   28.6   0.0   121   222    49   151    41   160 0.81 -
PSC74259.1           -            316 2843at3041           -            356   1.9e-22   78.8   0.7   2   3   1.3e-11   8.8e-10   37.2   0.1   144   258   156   274   151   283 0.79 -
PSC74259.1           -            316 2843at3041           -            356   1.9e-22   78.8   0.7   3   3    0.0021      0.14   10.2   0.0   183   216   281   314   263   315 0.79 -
PSC73673.1           -            914 2843at3041           -            356   2.1e-22   78.7   0.6   1   3   2.8e-05     0.002   16.3   0.0   182   257   600   677   588   688 0.76 -
PSC73673.1           -            914 2843at3041           -            356   2.1e-22   78.7   0.6   2   3   3.9e-05    0.0027   15.8   0.1   153   220   652   723   640   739 0.82 -
PSC73673.1           -            914 2843at3041           -            356   2.1e-22   78.7   0.6   3   3   3.4e-18   2.4e-16   58.8   0.5   111   277   697   874   690   879 0.82 -
PSC67815.1           -            864 2843at3041           -            356   1.3e-21   76.1   3.3   1   3   7.1e-12   4.9e-10   38.0   0.4   118   218    29   136    10   149 0.82 -
PSC67815.1           -            864 2843at3041           -            356   1.3e-21   76.1   3.3   2   3   8.4e-05    0.0058   14.7   0.0   187   270   149   236   142   242 0.83 -
PSC67815.1           -            864 2843at3041           -            356   1.3e-21   76.1   3.3   3   3     9e-07   6.2e-05   21.2   0.0   122   187   251   322   244   333 0.74 -
PSC71489.1           -            387 2843at3041           -            356   4.6e-21   74.3   2.3   1   4   2.9e-09     2e-07   29.4   0.2   152   218    68   137    57   146 0.77 -
PSC71489.1           -            387 2843at3041           -            356   4.6e-21   74.3   2.3   2   4     8e-12   5.6e-10   37.8   0.1   153   223   111   184   102   202 0.87 -
PSC71489.1           -            387 2843at3041           -            356   4.6e-21   74.3   2.3   3   4   1.2e-06   8.2e-05   20.8   0.0   162   263   207   319   194   324 0.70 -
PSC71489.1           -            387 2843at3041           -            356   4.6e-21   74.3   2.3   4   4       1.6   1.1e+02    0.7   0.0    16    39   290   315   275   342 0.77 -
PSC76313.1           -            970 2843at3041           -            356   6.2e-21   73.9   0.7   1   5      0.12         8    4.4   0.0   153   218    95   169    61   175 0.70 -
PSC76313.1           -            970 2843at3041           -            356   6.2e-21   73.9   0.7   2   5   1.2e-07   8.6e-06   24.0   0.0   148   220   378   454   371   468 0.88 -
PSC76313.1           -            970 2843at3041           -            356   6.2e-21   73.9   0.7   3   5    0.0063      0.44    8.6   0.0   188   221   464   497   458   503 0.89 -
PSC76313.1           -            970 2843at3041           -            356   6.2e-21   73.9   0.7   4   5   5.3e-10   3.7e-08   31.8   0.0   120   267   479   631   474   638 0.83 -
PSC76313.1           -            970 2843at3041           -            356   6.2e-21   73.9   0.7   5   5      0.11       7.7    4.5   0.0   233   270   659   696   645   708 0.87 -
PSC71428.1           -           1775 2843at3041           -            356   1.1e-19   69.7   0.1   1   6    0.0093      0.64    8.0   0.0   187   250   341   409   335   421 0.74 -
PSC71428.1           -           1775 2843at3041           -            356   1.1e-19   69.7   0.1   2   6    0.0026      0.18    9.8   0.0   164   220   566   624   533   640 0.79 -
PSC71428.1           -           1775 2843at3041           -            356   1.1e-19   69.7   0.1   3   6   3.1e-08   2.2e-06   26.0   0.0   118   225   654   762   647   789 0.85 -
PSC71428.1           -           1775 2843at3041           -            356   1.1e-19   69.7   0.1   4   6       1.9   1.3e+02    0.4   0.0   189   260   834   908   826   919 0.81 -
PSC71428.1           -           1775 2843at3041           -            356   1.1e-19   69.7   0.1   5   6     0.075       5.2    5.0   0.0   153   185  1474  1506  1463  1541 0.88 -
PSC71428.1           -           1775 2843at3041           -            356   1.1e-19   69.7   0.1   6   6     0.002      0.14   10.2   0.0   125   217  1671  1771  1657  1774 0.75 -
PSC67813.1           -            316 2843at3041           -            356   1.6e-19   69.3   2.8   1   3   1.4e-12   9.9e-11   40.3   0.6   118   218    29   136    10   144 0.81 -
PSC67813.1           -            316 2843at3041           -            356   1.6e-19   69.3   2.8   2   3   1.9e-05    0.0013   16.8   0.0   187   269   149   235   143   241 0.83 -
PSC67813.1           -            316 2843at3041           -            356   1.6e-19   69.3   2.8   3   3    0.0092      0.64    8.0   0.0   122   166   251   302   244   310 0.65 -
PSC74641.1           -            621 2843at3041           -            356   2.2e-19   68.7   4.8   1   2     6e-11   4.1e-09   35.0   1.0   113   266   219   381   206   382 0.85 -
PSC74641.1           -            621 2843at3041           -            356   2.2e-19   68.7   4.8   2   2   1.2e-13   8.1e-12   43.9   0.1   109   292   302   493   284   499 0.72 -
PSC74299.1           -            314 2843at3041           -            356   3.1e-19   68.3   3.2   1   2   4.5e-11   3.2e-09   35.3   0.0   120   220     6   108     2   137 0.81 -
PSC74299.1           -            314 2843at3041           -            356   3.1e-19   68.3   3.2   2   2   8.9e-10   6.2e-08   31.1   1.3   122   265   134   288   121   299 0.81 -
PSC67814.1           -            424 2843at3041           -            356   7.1e-19   67.1   2.7   1   2   2.4e-12   1.6e-10   39.6   0.5   118   218    29   136    10   146 0.81 -
PSC67814.1           -            424 2843at3041           -            356   7.1e-19   67.1   2.7   2   2   2.8e-05    0.0019   16.3   0.0   186   270   148   236   139   242 0.83 -
PSC69028.1           -            615 2843at3041           -            356   7.7e-19   67.0   8.0   1   2     2e-10   1.4e-08   33.2   0.3   148   279   103   240    94   242 0.86 -
PSC69028.1           -            615 2843at3041           -            356   7.7e-19   67.0   8.0   2   2   4.2e-14   2.9e-12   45.3   2.6   121   280   203   369   200   380 0.75 -
PSC76836.1           -           1054 2843at3041           -            356   9.5e-19   66.7   0.4   1   3     0.015         1    7.4   0.0   153   305    61   219    28   235 0.73 -
PSC76836.1           -           1054 2843at3041           -            356   9.5e-19   66.7   0.4   2   3   0.00024     0.017   13.2   0.0   151   218   249   322   239   340 0.80 -
PSC76836.1           -           1054 2843at3041           -            356   9.5e-19   66.7   0.4   3   3   3.7e-13   2.6e-11   42.2   0.1   118   247   538   669   523   683 0.79 -
PSC71912.1           -            872 2843at3041           -            356   1.6e-18   65.9   2.0   1   2   3.5e-11   2.5e-09   35.7   0.1   107   237   588   720   541   723 0.79 -
PSC71912.1           -            872 2843at3041           -            356   1.6e-18   65.9   2.0   2   2     4e-12   2.8e-10   38.8   0.2   111   223   635   748   626   757 0.77 -
PSC67099.1           -            525 2843at3041           -            356   5.8e-18   64.1   5.0   1   4   5.2e-10   3.6e-08   31.9   0.1   157   265   244   358   235   362 0.81 -
PSC67099.1           -            525 2843at3041           -            356   5.8e-18   64.1   5.0   2   4   1.9e-05    0.0013   16.9   0.1   161   265   333   443   320   453 0.72 -
PSC67099.1           -            525 2843at3041           -            356   5.8e-18   64.1   5.0   3   4    0.0011     0.079   11.0   0.0   227   271   451   495   442   500 0.86 -
PSC67099.1           -            525 2843at3041           -            356   5.8e-18   64.1   5.0   4   4    0.0025      0.17    9.9   0.3   109   134   499   524   493   524 0.92 -
PSC69723.1           -            525 2843at3041           -            356     2e-17   62.3   0.6   1   3   7.7e-06   0.00053   18.2   0.0   153   239   220   319   216   324 0.73 -
PSC69723.1           -            525 2843at3041           -            356     2e-17   62.3   0.6   2   3   0.00034     0.024   12.7   0.1   164   220   282   340   271   347 0.88 -
PSC69723.1           -            525 2843at3041           -            356     2e-17   62.3   0.6   3   3   6.3e-13   4.4e-11   41.5   0.1   113   246   317   453   313   481 0.81 -
PSC67619.1           -           1096 2843at3041           -            356   2.1e-17   62.2   8.8   1   6       9.5   6.6e+02   -1.9   0.0   120   135   123   138   111   145 0.86 -
PSC67619.1           -           1096 2843at3041           -            356   2.1e-17   62.2   8.8   2   6   1.2e-06   8.6e-05   20.8   0.1   120   222   280   385   263   395 0.85 -
PSC67619.1           -           1096 2843at3041           -            356   2.1e-17   62.2   8.8   3   6       9.5   6.6e+02   -1.9   0.0   120   135   462   477   450   484 0.86 -
PSC67619.1           -           1096 2843at3041           -            356   2.1e-17   62.2   8.8   4   6   1.2e-06   8.6e-05   20.8   0.1   120   222   619   724   602   734 0.85 -
PSC67619.1           -           1096 2843at3041           -            356   2.1e-17   62.2   8.8   5   6       9.5   6.6e+02   -1.9   0.0   120   135   801   816   789   823 0.86 -
PSC67619.1           -           1096 2843at3041           -            356   2.1e-17   62.2   8.8   6   6   5.3e-07   3.6e-05   22.0   0.2   120   226   958  1066   941  1080 0.83 -
PSC70372.1           -           1705 2843at3041           -            356   2.5e-17   62.0   1.5   1   5   1.4e-10   9.6e-09   33.8   0.3   146   221   172   250   168   270 0.88 -
PSC70372.1           -           1705 2843at3041           -            356   2.5e-17   62.0   1.5   2   5      0.26        18    3.2   0.0   114   221   274   298   262   325 0.67 -
PSC70372.1           -           1705 2843at3041           -            356   2.5e-17   62.0   1.5   3   5         2   1.4e+02    0.3   0.0   154   178   450   474   442   483 0.77 -
PSC70372.1           -           1705 2843at3041           -            356   2.5e-17   62.0   1.5   4   5     0.019       1.3    7.0   0.0   186   231   622   668   612   682 0.70 -
PSC70372.1           -           1705 2843at3041           -            356   2.5e-17   62.0   1.5   5   5     0.001     0.072   11.1   0.0    92   148   721   777   681   784 0.79 -
PSC74579.1           -            843 2843at3041           -            356   3.3e-17   61.6   0.1   1   4       2.1   1.5e+02    0.3   0.0   225   261   190   226   185   234 0.88 -
PSC74579.1           -            843 2843at3041           -            356   3.3e-17   61.6   0.1   2   4     0.037       2.5    6.0   0.0   187   219   399   431   387   443 0.86 -
PSC74579.1           -            843 2843at3041           -            356   3.3e-17   61.6   0.1   3   4    0.0014     0.094   10.8   0.0   167   230   488   549   487   556 0.87 -
PSC74579.1           -            843 2843at3041           -            356   3.3e-17   61.6   0.1   4   4   2.4e-12   1.7e-10   39.5   0.0    99   260   544   718   540   722 0.80 -
PSC68551.1           -            317 2843at3041           -            356   7.4e-17   60.4   4.6   1   3   0.00067     0.047   11.8   0.0    61   135    12    88     6    99 0.73 -
PSC68551.1           -            317 2843at3041           -            356   7.4e-17   60.4   4.6   2   3     0.044       3.1    5.8   0.2   188   218   103   134    93   150 0.65 -
PSC68551.1           -            317 2843at3041           -            356   7.4e-17   60.4   4.6   3   3   1.3e-13   8.8e-12   43.8   0.3   105   230   147   276   140   299 0.79 -
PSC73677.1           -            478 2843at3041           -            356   1.5e-16   59.4   2.9   1   3     0.014         1    7.4   0.0   180   222     8    51     4    93 0.78 -
PSC73677.1           -            478 2843at3041           -            356   1.5e-16   59.4   2.9   2   3   6.4e-11   4.4e-09   34.9   1.1   110   234   116   243   109   253 0.83 -
PSC73677.1           -            478 2843at3041           -            356   1.5e-16   59.4   2.9   3   3   8.9e-05    0.0062   14.7   0.0   166   225   312   372   259   385 0.87 -
PSC69797.1           -            441 2843at3041           -            356   3.9e-16   58.1   1.5   1   4   9.9e-10   6.9e-08   30.9   0.2   104   247    74   226    63   227 0.79 -
PSC69797.1           -            441 2843at3041           -            356   3.9e-16   58.1   1.5   2   4   0.00029      0.02   13.0   0.0   155   268   171   294   160   299 0.75 -
PSC69797.1           -            441 2843at3041           -            356   3.9e-16   58.1   1.5   3   4     0.012      0.86    7.6   0.0   190   247   301   365   295   366 0.66 -
PSC69797.1           -            441 2843at3041           -            356   3.9e-16   58.1   1.5   4   4   0.00046     0.032   12.3   0.0   187   250   345   410   336   415 0.73 -
PSC75123.1           -           1298 2843at3041           -            356   2.7e-15   55.3   9.2   1   3   0.00015      0.01   13.9   0.0   154   230   452   546   446   562 0.71 -
PSC75123.1           -           1298 2843at3041           -            356   2.7e-15   55.3   9.2   2   3   2.4e-09   1.6e-07   29.7   0.6   106   222   545   667   538   675 0.78 -
PSC75123.1           -           1298 2843at3041           -            356   2.7e-15   55.3   9.2   3   3   8.6e-11     6e-09   34.4   0.8   111   219   598   707   590   715 0.83 -
PSC69661.1           -           2031 2843at3041           -            356   2.1e-14   52.4   0.4   1   3   2.2e-11   1.5e-09   36.4   0.1   116   220  1740  1854  1723  1864 0.75 -
PSC69661.1           -           2031 2843at3041           -            356   2.1e-14   52.4   0.4   2   3   0.00064     0.045   11.8   0.0   187   221  1863  1897  1853  1904 0.86 -
PSC69661.1           -           2031 2843at3041           -            356   2.1e-14   52.4   0.4   3   3       6.4   4.5e+02   -1.3   0.0   171   216  1979  2028  1946  2029 0.70 -
PSC69662.1           -           2032 2843at3041           -            356   2.1e-14   52.3   0.4   1   3   2.2e-11   1.5e-09   36.4   0.1   116   220  1741  1855  1724  1865 0.75 -
PSC69662.1           -           2032 2843at3041           -            356   2.1e-14   52.3   0.4   2   3   0.00064     0.045   11.8   0.0   187   221  1864  1898  1854  1905 0.86 -
PSC69662.1           -           2032 2843at3041           -            356   2.1e-14   52.3   0.4   3   3       6.4   4.5e+02   -1.3   0.0   171   216  1980  2029  1947  2030 0.70 -
PSC71119.1           -            347 2843at3041           -            356   2.4e-14   52.2   0.9   1   2   8.2e-14   5.7e-12   44.4   1.0   119   257    40   179    29   192 0.84 -
PSC71119.1           -            347 2843at3041           -            356   2.4e-14   52.2   0.9   2   2     0.054       3.7    5.5   0.0   120   169   258   305   246   313 0.83 -
PSC74295.1           -            308 2843at3041           -            356   1.4e-13   49.7   0.0   1   2      0.35        25    2.8   0.0   163   185    46    68    25    97 0.80 -
PSC74295.1           -            308 2843at3041           -            356   1.4e-13   49.7   0.0   2   2   6.1e-14   4.2e-12   44.8   0.0   121   262   110   261   103   270 0.78 -
PSC67172.1           -            446 2843at3041           -            356   1.4e-13   49.6   1.5   1   4       8.6   5.9e+02   -1.7   0.0   117   140    65    88    63    96 0.82 -
PSC67172.1           -            446 2843at3041           -            356   1.4e-13   49.6   1.5   2   4   2.8e-11     2e-09   36.0   0.6   121   291   146   322   141   327 0.75 -
PSC67172.1           -            446 2843at3041           -            356   1.4e-13   49.6   1.5   3   4   2.3e-06   0.00016   19.9   0.1   186   280   254   354   248   368 0.77 -
PSC67172.1           -            446 2843at3041           -            356   1.4e-13   49.6   1.5   4   4    0.0039      0.27    9.3   0.1   184   217   382   415   344   420 0.75 -
PSC73533.1           -            789 2843at3041           -            356   1.4e-13   49.6   5.6   1   4    0.0067      0.47    8.5   0.1   187   219    21    53    14    76 0.88 -
PSC73533.1           -            789 2843at3041           -            356   1.4e-13   49.6   5.6   2   4     0.045       3.1    5.7   0.0   162   224    77   143    74   150 0.68 -
PSC73533.1           -            789 2843at3041           -            356   1.4e-13   49.6   5.6   3   4   1.6e-09   1.1e-07   30.2   0.1   148   253   160   270   152   288 0.84 -
PSC73533.1           -            789 2843at3041           -            356   1.4e-13   49.6   5.6   4   4      0.19        13    3.7   0.0   116   142   392   418   387   426 0.89 -
PSC68617.1           -           1241 2843at3041           -            356   1.9e-13   49.3   0.3   1   4    0.0043       0.3    9.1   0.0   158   224    17    86     6   101 0.78 -
PSC68617.1           -           1241 2843at3041           -            356   1.9e-13   49.3   0.3   2   4   0.00036     0.025   12.7   0.2   121   185   108   170    98   174 0.64 -
PSC68617.1           -           1241 2843at3041           -            356   1.9e-13   49.3   0.3   3   4   1.1e-06   7.5e-05   21.0   0.0   156   255   218   324   201   338 0.74 -
PSC68617.1           -           1241 2843at3041           -            356   1.9e-13   49.3   0.3   4   4         3   2.1e+02   -0.3   0.0   227   283   456   512   378   536 0.71 -
PSC74587.1           -            739 2843at3041           -            356   2.1e-13   49.1   2.9   1   4   0.00043      0.03   12.4   0.1   163   218   299   357   293   363 0.84 -
PSC74587.1           -            739 2843at3041           -            356   2.1e-13   49.1   2.9   2   4   9.7e-07   6.7e-05   21.1   0.1   150   225   381   459   365   473 0.85 -
PSC74587.1           -            739 2843at3041           -            356   2.1e-13   49.1   2.9   3   4      0.47        33    2.4   0.0   163   193   596   626   590   638 0.77 -
PSC74587.1           -            739 2843at3041           -            356   2.1e-13   49.1   2.9   4   4    0.0024      0.17    9.9   0.0   156   219   671   736   663   738 0.78 -
PSC75018.1           -            929 2843at3041           -            356   2.1e-13   49.1   1.5   1   4      0.04       2.8    5.9   0.0   186   218   147   179   138   188 0.85 -
PSC75018.1           -            929 2843at3041           -            356   2.1e-13   49.1   1.5   2   4   1.8e-08   1.3e-06   26.8   0.0   147   219   213   288   207   304 0.91 -
PSC75018.1           -            929 2843at3041           -            356   2.1e-13   49.1   1.5   3   4    0.0024      0.17    9.9   0.0   120   182   313   371   306   383 0.83 -
PSC75018.1           -            929 2843at3041           -            356   2.1e-13   49.1   1.5   4   4      0.65        45    1.9   0.0   123   169   419   470   404   474 0.71 -
PSC76416.1           -            763 2843at3041           -            356   5.2e-13   47.8   1.5   1   3   5.5e-05    0.0038   15.3   0.3   130   223   218   312   204   318 0.77 -
PSC76416.1           -            763 2843at3041           -            356   5.2e-13   47.8   1.5   2   3   8.6e-08   5.9e-06   24.6   0.1   186   289   318   427   314   438 0.82 -
PSC76416.1           -            763 2843at3041           -            356   5.2e-13   47.8   1.5   3   3     0.053       3.7    5.5   0.0   186   217   448   479   425   486 0.81 -
PSC70882.1           -            380 2843at3041           -            356   6.5e-13   47.5   0.5   1   3   5.1e-06   0.00035   18.7   0.0   155   243    15   107     2   129 0.81 -
PSC70882.1           -            380 2843at3041           -            356   6.5e-13   47.5   0.5   2   3   1.3e-06   9.3e-05   20.6   0.0   191   296   148   256   143   268 0.83 -
PSC70882.1           -            380 2843at3041           -            356   6.5e-13   47.5   0.5   3   3      0.08       5.6    4.9   0.0   234   255   290   311   277   322 0.81 -
PSC71260.1           -            466 2843at3041           -            356     1e-12   46.8  10.3   1   5       6.5   4.5e+02   -1.4   0.0   184   220   163   200   154   211 0.65 -
PSC71260.1           -            466 2843at3041           -            356     1e-12   46.8  10.3   2   5   5.1e-07   3.6e-05   22.0   0.9    55   138   234   311   219   317 0.82 -
PSC71260.1           -            466 2843at3041           -            356     1e-12   46.8  10.3   3   5   1.6e-06   0.00011   20.4   0.1   180   223   313   357   310   365 0.82 -
PSC71260.1           -            466 2843at3041           -            356     1e-12   46.8  10.3   4   5     0.013      0.88    7.6   0.0   109   135   372   398   357   403 0.83 -
PSC71260.1           -            466 2843at3041           -            356     1e-12   46.8  10.3   5   5       2.5   1.7e+02    0.0   0.0   274   291   438   455   428   461 0.77 -
PSC67497.1           -            505 2843at3041           -            356   1.1e-12   46.7   4.6   1   3   1.9e-08   1.3e-06   26.7   0.2   153   274   197   324   191   326 0.82 -
PSC67497.1           -            505 2843at3041           -            356   1.1e-12   46.7   4.6   2   3   1.7e-05    0.0012   17.0   0.5   163   249   291   382   287   388 0.75 -
PSC67497.1           -            505 2843at3041           -            356   1.1e-12   46.7   4.6   3   3    0.0072       0.5    8.4   0.1   116   188   413   491   388   496 0.50 -
PSC74415.1           -            769 2843at3041           -            356   1.7e-12   46.1   0.5   1   2   2.1e-08   1.4e-06   26.6   0.1   154   239    65   155    52   160 0.81 -
PSC74415.1           -            769 2843at3041           -            356   1.7e-12   46.1   0.5   2   2     6e-06   0.00042   18.5   0.1   111   261   151   305   140   312 0.75 -
PSC69091.1           -            790 2843at3041           -            356   1.9e-12   46.0   1.3   1   4   3.5e-09   2.5e-07   29.1   0.1   112   218   134   253   114   266 0.75 -
PSC69091.1           -            790 2843at3041           -            356   1.9e-12   46.0   1.3   2   4   0.00097     0.068   11.2   0.0   114   167   279   332   262   338 0.70 -
PSC69091.1           -            790 2843at3041           -            356   1.9e-12   46.0   1.3   3   4       1.8   1.2e+02    0.5   0.0   152   182   358   387   351   401 0.85 -
PSC69091.1           -            790 2843at3041           -            356   1.9e-12   46.0   1.3   4   4       9.1   6.3e+02   -1.8   0.0   290   312   652   674   642   685 0.85 -
PSC68064.1           -            644 2843at3041           -            356   3.3e-12   45.1   0.3   1   4       6.9   4.8e+02   -1.4   0.0   157   205   239   294   225   324 0.60 -
PSC68064.1           -            644 2843at3041           -            356   3.3e-12   45.1   0.3   2   4     4e-06   0.00028   19.1   0.1   147   221   332   411   318   419 0.84 -
PSC68064.1           -            644 2843at3041           -            356   3.3e-12   45.1   0.3   3   4   1.5e-05     0.001   17.2   0.0   187   241   426   480   413   491 0.88 -
PSC68064.1           -            644 2843at3041           -            356   3.3e-12   45.1   0.3   4   4      0.15        11    4.0   0.0   240   282   524   569   506   586 0.76 -
PSC74642.1           -           1040 2843at3041           -            356   4.8e-12   44.6   0.2   1   2    0.0014     0.095   10.7   0.1   120   245    29   158    13   163 0.79 -
PSC74642.1           -           1040 2843at3041           -            356   4.8e-12   44.6   0.2   2   2   9.9e-12   6.9e-10   37.5   0.0   121   288   114   290   108   301 0.81 -
PSC75478.1           -           1839 2843at3041           -            356   7.6e-12   44.0   0.7   1   4   0.00014    0.0097   14.0   0.0   187   222   624   659   601   673 0.87 -
PSC75478.1           -           1839 2843at3041           -            356   7.6e-12   44.0   0.7   2   4     9e-05    0.0063   14.6   0.0   186   258   719   792   711   812 0.76 -
PSC75478.1           -           1839 2843at3041           -            356   7.6e-12   44.0   0.7   3   4      0.02       1.4    6.9   0.0   159   292   811   962   798   963 0.67 -
PSC75478.1           -           1839 2843at3041           -            356   7.6e-12   44.0   0.7   4   4      0.08       5.5    4.9   0.1   110   136   944   970   935   975 0.87 -
PSC74953.1           -           1321 2843at3041           -            356   9.9e-12   43.6   0.5   1   3   1.1e-08   7.6e-07   27.5   0.1   127   266   938  1083   921  1088 0.78 -
PSC74953.1           -           1321 2843at3041           -            356   9.9e-12   43.6   0.5   2   3     0.034       2.3    6.2   0.0   190   268  1090  1170  1082  1175 0.87 -
PSC74953.1           -           1321 2843at3041           -            356   9.9e-12   43.6   0.5   3   3    0.0035      0.24    9.4   0.1   162   219  1143  1204  1133  1209 0.69 -
PSC71497.1           -            575 2843at3041           -            356   1.1e-11   43.5   1.8   1   2   0.00025     0.017   13.2   0.2   126   226    79   176    67   185 0.76 -
PSC71497.1           -            575 2843at3041           -            356   1.1e-11   43.5   1.8   2   2   3.9e-09   2.7e-07   29.0   0.1   125   259   266   402   263   411 0.75 -
PSC71192.1           -            416 2843at3041           -            356   1.3e-11   43.2   2.7   1   2     2e-10   1.4e-08   33.2   1.0   141   251   268   343   174   358 0.50 -
PSC71192.1           -            416 2843at3041           -            356   1.3e-11   43.2   2.7   2   2      0.37        26    2.8   0.0   186   218   375   408   370   414 0.71 -
PSC71368.1           -           1233 2843at3041           -            356   1.5e-11   43.0   0.1   1   2   0.00075     0.052   11.6   0.0   167   218    83   137    62   142 0.84 -
PSC71368.1           -           1233 2843at3041           -            356   1.5e-11   43.0   0.1   2   2   1.3e-08   9.4e-07   27.2   0.1    54   219   188   359   182   368 0.82 -
PSC71593.1           -           2061 2843at3041           -            356   1.5e-11   42.9   0.1   1   3    0.0024      0.16   10.0   0.0   186   262  1393  1472  1383  1489 0.63 -
PSC71593.1           -           2061 2843at3041           -            356   1.5e-11   42.9   0.1   2   3   0.00043      0.03   12.4   0.0   189   226  1511  1549  1504  1561 0.89 -
PSC71593.1           -           2061 2843at3041           -            356   1.5e-11   42.9   0.1   3   3   2.9e-05     0.002   16.3   0.0   156   226  1624  1699  1615  1732 0.81 -
PSC76556.1           -            770 2843at3041           -            356   1.6e-11   42.9   0.5   1   2   1.3e-06   8.8e-05   20.7   0.1   143   220    71   151    47   160 0.80 -
PSC76556.1           -            770 2843at3041           -            356   1.6e-11   42.9   0.5   2   2   2.9e-06    0.0002   19.5   0.0   186   230   301   344   285   351 0.90 -
PSC75185.1           -           1495 2843at3041           -            356   2.5e-11   42.3   0.6   1   3   1.1e-08   7.3e-07   27.6   0.1   125   266  1114  1261  1089  1265 0.78 -
PSC75185.1           -           1495 2843at3041           -            356   2.5e-11   42.3   0.6   2   3     0.096       6.7    4.7   0.0   190   264  1268  1344  1260  1353 0.85 -
PSC75185.1           -           1495 2843at3041           -            356   2.5e-11   42.3   0.6   3   3    0.0052      0.36    8.8   0.1   163   219  1322  1382  1312  1387 0.69 -
PSC75184.1           -           1499 2843at3041           -            356   2.5e-11   42.3   0.6   1   3     1e-08     7e-07   27.6   0.1   125   266  1118  1265  1093  1270 0.78 -
PSC75184.1           -           1499 2843at3041           -            356   2.5e-11   42.3   0.6   2   3     0.096       6.7    4.7   0.0   190   264  1272  1348  1264  1357 0.85 -
PSC75184.1           -           1499 2843at3041           -            356   2.5e-11   42.3   0.6   3   3    0.0047      0.33    9.0   0.1   163   219  1326  1386  1315  1391 0.69 -
PSC71110.1           -            577 2843at3041           -            356     3e-11   42.0   0.5   1   2   7.8e-08   5.4e-06   24.7   0.1   145   266    16   146    12   150 0.82 -
PSC71110.1           -            577 2843at3041           -            356     3e-11   42.0   0.5   2   2   3.6e-05    0.0025   15.9   0.0   148   280   148   286   146   305 0.80 -
PSC74135.1           -            522 2843at3041           -            356   3.7e-11   41.7   4.8   1   4       5.9   4.1e+02   -1.2   0.0    20    39    44    64    31    70 0.66 -
PSC74135.1           -            522 2843at3041           -            356   3.7e-11   41.7   4.8   2   4   4.1e-06   0.00029   19.0   0.0   157   253    91   190    70   219 0.67 -
PSC74135.1           -            522 2843at3041           -            356   3.7e-11   41.7   4.8   3   4   0.00083     0.058   11.5   0.0   183   220   203   239   184   254 0.72 -
PSC74135.1           -            522 2843at3041           -            356   3.7e-11   41.7   4.8   4   4    0.0013     0.087   10.9   0.8   206   331   288   412   278   419 0.67 -
PSC74984.1           -            676 2843at3041           -            356   4.1e-11   41.5   0.8   1   2      0.17        12    3.8   0.2   110   178    19    87     9   124 0.69 -
PSC74984.1           -            676 2843at3041           -            356   4.1e-11   41.5   0.8   2   2   3.2e-11   2.2e-09   35.9   0.0   145   268   161   289   129   303 0.76 -
PSC72285.1           -            621 2843at3041           -            356   6.6e-11   40.9   7.4   1   5   6.1e-08   4.2e-06   25.1   0.0   180   266   241   332   230   341 0.75 -
PSC72285.1           -            621 2843at3041           -            356   6.6e-11   40.9   7.4   2   5      0.22        16    3.5   0.1    57    83   364   390   356   398 0.86 -
PSC72285.1           -            621 2843at3041           -            356   6.6e-11   40.9   7.4   3   5       4.9   3.4e+02   -0.9   0.0   191   216   460   485   425   488 0.56 -
PSC72285.1           -            621 2843at3041           -            356   6.6e-11   40.9   7.4   4   5      0.75        52    1.7   0.0   146   181   537   572   532   583 0.90 -
PSC72285.1           -            621 2843at3041           -            356   6.6e-11   40.9   7.4   5   5     0.002      0.14   10.2   0.5   110   133   588   611   575   615 0.90 -
PSC73589.1           -           1663 2843at3041           -            356     2e-10   39.3   1.4   1   4      0.27        19    3.2   0.0   172   263   279   382   221   437 0.64 -
PSC73589.1           -           1663 2843at3041           -            356     2e-10   39.3   1.4   2   4   0.00011    0.0074   14.4   0.0   159   269   609   722   602   729 0.78 -
PSC73589.1           -           1663 2843at3041           -            356     2e-10   39.3   1.4   3   4   0.00017     0.012   13.7   0.2     9   135   680   792   675   797 0.88 -
PSC73589.1           -           1663 2843at3041           -            356     2e-10   39.3   1.4   4   4    0.0069      0.48    8.4   0.0   156   221   870   938   857   949 0.79 -
PSC75649.1           -            807 2843at3041           -            356   2.9e-10   38.8   4.4   1   4       3.3   2.3e+02   -0.4   0.0   187   217    12    41     7    81 0.76 -
PSC75649.1           -            807 2843at3041           -            356   2.9e-10   38.8   4.4   2   4   4.7e-08   3.3e-06   25.4   0.2   121   230    80   186    75   200 0.83 -
PSC75649.1           -            807 2843at3041           -            356   2.9e-10   38.8   4.4   3   4   0.00095     0.066   11.3   0.1   168   218   163   213   157   221 0.82 -
PSC75649.1           -            807 2843at3041           -            356   2.9e-10   38.8   4.4   4   4   0.00026     0.018   13.1   0.3   121   218   199   292   193   310 0.79 -
PSC69396.1           -            594 2843at3041           -            356   3.1e-10   38.7   0.0   1   3       1.3        89    1.0   0.0   144   186   229   269   219   300 0.77 -
PSC69396.1           -            594 2843at3041           -            356   3.1e-10   38.7   0.0   2   3   1.2e-09   8.6e-08   30.6   0.0   193   275   372   457   342   470 0.83 -
PSC69396.1           -            594 2843at3041           -            356   3.1e-10   38.7   0.0   3   3      0.35        25    2.8   0.0   190   255   512   584   500   591 0.63 -
PSC75857.1           -            444 2843at3041           -            356   3.9e-10   38.3   0.5   1   3     1e-05    0.0007   17.7   0.0   185   274   114   212   106   233 0.76 -
PSC75857.1           -            444 2843at3041           -            356   3.9e-10   38.3   0.5   2   3   5.3e-05    0.0037   15.4   0.1   158   270   267   399   253   415 0.61 -
PSC75857.1           -            444 2843at3041           -            356   3.9e-10   38.3   0.5   3   3         1        72    1.3   0.0   120   140   423   443   417   443 0.80 -
PSC71591.1           -           1052 2843at3041           -            356   4.7e-10   38.1   0.0   1   3    0.0049      0.34    8.9   0.0   168   221   684   742   676   790 0.75 -
PSC71591.1           -           1052 2843at3041           -            356   4.7e-10   38.1   0.0   2   3   3.2e-05    0.0022   16.1   0.0   187   259   795   867   786   871 0.90 -
PSC71591.1           -           1052 2843at3041           -            356   4.7e-10   38.1   0.0   3   3    0.0052      0.36    8.8   0.0   157   258   893  1002   887  1017 0.78 -
PSC67962.1           -           1012 2843at3041           -            356     1e-09   37.0  11.5   1   4   3.3e-08   2.3e-06   25.9   0.9   107   221   135   247   132   256 0.75 -
PSC67962.1           -           1012 2843at3041           -            356     1e-09   37.0  11.5   2   4   0.00011    0.0078   14.3   0.8   123   267   272   413   263   423 0.75 -
PSC67962.1           -           1012 2843at3041           -            356     1e-09   37.0  11.5   3   4    0.0099      0.69    7.9   0.4   124   217   353   443   344   466 0.59 -
PSC67962.1           -           1012 2843at3041           -            356     1e-09   37.0  11.5   4   4       3.3   2.3e+02   -0.4   0.0   175   213   713   751   706   783 0.83 -
PSC68890.1           -           1140 2843at3041           -            356     1e-09   36.9  12.7   1   3   1.9e-08   1.3e-06   26.7   6.6    55   216    13   180     5   192 0.81 -
PSC68890.1           -           1140 2843at3041           -            356     1e-09   36.9  12.7   2   3   0.00068     0.047   11.7   0.2   186   225   197   236   186   277 0.74 -
PSC68890.1           -           1140 2843at3041           -            356     1e-09   36.9  12.7   3   3       1.1        73    1.3   0.1   160   184   258   282   248   317 0.71 -
PSC70492.1           -            790 2843at3041           -            356   1.2e-09   36.7   0.2   1   4    0.0095      0.66    8.0   0.0   152   200    26    78    17   121 0.66 -
PSC70492.1           -            790 2843at3041           -            356   1.2e-09   36.7   0.2   2   4   1.8e-06   0.00013   20.2   0.0    93   215   161   290   138   293 0.81 -
PSC70492.1           -            790 2843at3041           -            356   1.2e-09   36.7   0.2   3   4       0.3        21    3.0   0.0   121   140   510   529   496   554 0.68 -
PSC70492.1           -            790 2843at3041           -            356   1.2e-09   36.7   0.2   4   4       7.3   5.1e+02   -1.5   0.0   189   208   625   644   583   653 0.73 -
PSC73945.1           -            607 2843at3041           -            356   1.8e-09   36.1   0.0   1   2   3.6e-10   2.5e-08   32.4   0.0   152   219    28   101    19   121 0.82 -
PSC73945.1           -            607 2843at3041           -            356   1.8e-09   36.1   0.0   2   2       1.3        88    1.0   0.0   236   285   374   431   350   448 0.61 -
PSC71469.1           -            533 2843at3041           -            356   2.2e-09   35.9   0.2   1   2      0.11       7.6    4.5   0.0   194   262   112   180    89   196 0.79 -
PSC71469.1           -            533 2843at3041           -            356   2.2e-09   35.9   0.2   2   2     3e-09   2.1e-07   29.4   0.1   119   222   200   304   172   319 0.84 -
PSC76171.1           -           1260 2843at3041           -            356   2.3e-09   35.8   0.0   1   3     0.055       3.8    5.5   0.0   164   220    89   166    82   175 0.53 -
PSC76171.1           -           1260 2843at3041           -            356   2.3e-09   35.8   0.0   2   3   0.00021     0.014   13.5   0.0   180   230   177   227   171   242 0.85 -
PSC76171.1           -           1260 2843at3041           -            356   2.3e-09   35.8   0.0   3   3    0.0036      0.25    9.4   0.1    34   125   257   342   242   358 0.65 -
PSC76172.1           -           1261 2843at3041           -            356   2.3e-09   35.8   0.0   1   3     0.055       3.8    5.5   0.0   164   220    89   166    82   175 0.53 -
PSC76172.1           -           1261 2843at3041           -            356   2.3e-09   35.8   0.0   2   3   0.00021     0.014   13.5   0.0   180   230   177   227   171   242 0.85 -
PSC76172.1           -           1261 2843at3041           -            356   2.3e-09   35.8   0.0   3   3    0.0036      0.25    9.4   0.1    34   125   257   342   242   358 0.65 -
PSC76831.1           -           1284 2843at3041           -            356   3.2e-09   35.3   3.8   1   6     0.047       3.3    5.7   0.1   112   181   181   251   162   260 0.73 -
PSC76831.1           -           1284 2843at3041           -            356   3.2e-09   35.3   3.8   2   6      0.27        19    3.2   0.0   106   222   321   355   312   372 0.64 -
PSC76831.1           -           1284 2843at3041           -            356   3.2e-09   35.3   3.8   3   6      0.18        12    3.8   0.0   188   217   384   414   377   425 0.59 -
PSC76831.1           -           1284 2843at3041           -            356   3.2e-09   35.3   3.8   4   6     0.014      0.94    7.5   0.1   109   192   808   892   796   902 0.73 -
PSC76831.1           -           1284 2843at3041           -            356   3.2e-09   35.3   3.8   5   6      0.31        21    3.0   0.0   191   222   949   981   935   992 0.68 -
PSC76831.1           -           1284 2843at3041           -            356   3.2e-09   35.3   3.8   6   6     0.046       3.2    5.7   0.0   187   218  1009  1041  1000  1054 0.72 -
PSC71525.1           -            890 2843at3041           -            356   3.8e-09   35.1   1.3   1   4      0.36        25    2.8   0.0    12    42   552   583   544   589 0.85 -
PSC71525.1           -            890 2843at3041           -            356   3.8e-09   35.1   1.3   2   4   1.7e-08   1.2e-06   26.9   0.1   111   237   619   747   599   755 0.84 -
PSC71525.1           -            890 2843at3041           -            356   3.8e-09   35.1   1.3   3   4      0.46        32    2.4   0.0   188   219   741   771   739   779 0.71 -
PSC71525.1           -            890 2843at3041           -            356   3.8e-09   35.1   1.3   4   4       5.3   3.7e+02   -1.0   0.0   106   134   850   878   844   887 0.52 -
PSC76845.1           -            542 2843at3041           -            356   1.2e-08   33.4   0.3   1   2   5.7e-07     4e-05   21.9   0.1   153   256    61   172    53   180 0.79 -
PSC76845.1           -            542 2843at3041           -            356   1.2e-08   33.4   0.3   2   2     0.011      0.75    7.8   0.0   117   228   207   322   204   327 0.70 -
PSC76632.1           -            335 2843at3041           -            356   1.3e-08   33.3   0.0   1   3     0.038       2.6    6.0   0.0   191   218    15    42     5    46 0.87 -
PSC76632.1           -            335 2843at3041           -            356   1.3e-08   33.3   0.0   2   3   1.2e-07   8.3e-06   24.1   0.0   117   221    24   126    17   170 0.82 -
PSC76632.1           -            335 2843at3041           -            356   1.3e-08   33.3   0.0   3   3     0.069       4.8    5.2   0.0   192   236   242   285   226   322 0.81 -
PSC72139.1           -            587 2843at3041           -            356   1.6e-08   33.0   0.0   1   2     2e-07   1.4e-05   23.4   0.0   153   249   396   500   359   522 0.78 -
PSC72139.1           -            587 2843at3041           -            356   1.6e-08   33.0   0.0   2   2     0.025       1.7    6.6   0.0   193   218   540   565   526   572 0.87 -
PSC69197.1           -            922 2843at3041           -            356   1.7e-08   33.0   0.1   1   2    0.0035      0.25    9.4   0.0   153   228   109   186   100   196 0.82 -
PSC69197.1           -            922 2843at3041           -            356   1.7e-08   33.0   0.1   2   2   4.4e-09   3.1e-07   28.8   0.1   110   256   152   308   141   312 0.70 -
PSC69198.1           -            923 2843at3041           -            356   1.7e-08   32.9   0.1   1   2    0.0035      0.25    9.4   0.0   153   228   109   186   100   196 0.82 -
PSC69198.1           -            923 2843at3041           -            356   1.7e-08   32.9   0.1   2   2   4.4e-09   3.1e-07   28.8   0.1   110   256   152   308   141   312 0.70 -
PSC69242.1           -            923 2843at3041           -            356   1.7e-08   32.9   0.1   1   2    0.0035      0.25    9.4   0.0   153   228   109   186   100   196 0.82 -
PSC69242.1           -            923 2843at3041           -            356   1.7e-08   32.9   0.1   2   2   4.4e-09   3.1e-07   28.8   0.1   110   256   152   308   141   312 0.70 -
PSC76374.1           -            820 2843at3041           -            356     3e-08   32.1   0.1   1   2   3.6e-06   0.00025   19.2   0.0   177   255   456   535   451   554 0.83 -
PSC76374.1           -            820 2843at3041           -            356     3e-08   32.1   0.1   2   2    0.0014     0.098   10.7   0.0    54   220   603   765   599   816 0.81 -
PSC73489.1           -            330 2843at3041           -            356   3.3e-08   32.0   0.1   1   1     4e-09   2.8e-07   29.0   0.1   150   240   164   260   133   322 0.75 -
PSC71527.1           -            421 2843at3041           -            356     4e-08   31.7   0.1   1   2   4.4e-05     0.003   15.7   0.0   154   220    34   102    26   115 0.82 -
PSC71527.1           -            421 2843at3041           -            356     4e-08   31.7   0.1   2   2   0.00028      0.02   13.0   0.0    14   178   212   382   199   396 0.79 -
PSC74914.1           -            355 2843at3041           -            356   4.1e-08   31.7   0.1   1   3     0.014         1    7.4   0.1   152   190    60    97    51   148 0.71 -
PSC74914.1           -            355 2843at3041           -            356   4.1e-08   31.7   0.1   2   3   4.2e-05    0.0029   15.7   0.0   160   220   160   224   144   235 0.84 -
PSC74914.1           -            355 2843at3041           -            356   4.1e-08   31.7   0.1   3   3     0.067       4.6    5.2   0.0   227   290   282   345   244   352 0.79 -
PSC73154.1           -           1574 2843at3041           -            356   4.1e-08   31.7   1.6   1   2      0.01      0.72    7.9   0.0   108   170  1163  1228  1151  1235 0.74 -
PSC73154.1           -           1574 2843at3041           -            356   4.1e-08   31.7   1.6   2   2   6.4e-07   4.5e-05   21.7   0.2   106   181  1395  1472  1390  1499 0.85 -
PSC73893.1           -            915 2843at3041           -            356   1.5e-07   29.8   6.0   1   5       8.9   6.1e+02   -1.8   0.0   125   133    83    91    73   145 0.69 -
PSC73893.1           -            915 2843at3041           -            356   1.5e-07   29.8   6.0   2   5     0.025       1.8    6.6   0.1   187   263   235   315   205   338 0.56 -
PSC73893.1           -            915 2843at3041           -            356   1.5e-07   29.8   6.0   3   5       3.2   2.2e+02   -0.3   0.0   151   178   386   413   330   425 0.64 -
PSC73893.1           -            915 2843at3041           -            356   1.5e-07   29.8   6.0   4   5   0.00063     0.044   11.9   0.1   173   220   692   742   676   746 0.79 -
PSC73893.1           -            915 2843at3041           -            356   1.5e-07   29.8   6.0   5   5    0.0068      0.47    8.5   0.0   156   198   774   816   762   825 0.83 -
PSC74317.1           -            437 2843at3041           -            356   2.6e-07   29.0   0.0   1   2   1.6e-05    0.0011   17.1   0.0   124   258   242   380   232   390 0.53 -
PSC74317.1           -            437 2843at3041           -            356   2.6e-07   29.0   0.0   2   2   9.9e-06   0.00069   17.8   0.0   110   206   313   410   299   430 0.64 -
PSC69688.1           -            633 2843at3041           -            356   2.8e-07   29.0   0.0   1   3    0.0009     0.062   11.4   0.0   181   219    40    83    36    91 0.85 -
PSC69688.1           -            633 2843at3041           -            356   2.8e-07   29.0   0.0   2   3       5.8     4e+02   -1.2   0.0   188   218    99   129    89   141 0.67 -
PSC69688.1           -            633 2843at3041           -            356   2.8e-07   29.0   0.0   3   3   0.00013    0.0093   14.1   0.0   186   253   149   215   114   218 0.78 -
PSC74924.1           -            941 2843at3041           -            356   3.7e-07   28.6   0.2   1   3   1.5e-05     0.001   17.2   0.1   150   223    69   147    63   193 0.74 -
PSC74924.1           -            941 2843at3041           -            356   3.7e-07   28.6   0.2   2   3     0.044       3.1    5.8   0.0   172   226   181   241   171   254 0.72 -
PSC74924.1           -            941 2843at3041           -            356   3.7e-07   28.6   0.2   3   3       1.1        76    1.2   0.0    12    39   262   290   250   297 0.78 -
PSC67406.1           -           1413 2843at3041           -            356   4.8e-07   28.2   0.0   1   2       8.4   5.8e+02   -1.7   0.0   165   183  1078  1096  1046  1101 0.79 -
PSC67406.1           -           1413 2843at3041           -            356   4.8e-07   28.2   0.0   2   2     3e-08   2.1e-06   26.1   0.0   110   225  1256  1376  1249  1384 0.85 -
PSC72877.1           -            448 2843at3041           -            356   7.7e-07   27.5   0.2   1   2   3.5e-07   2.4e-05   22.6   0.0   187   266   159   241   152   250 0.91 -
PSC72877.1           -            448 2843at3041           -            356   7.7e-07   27.5   0.2   2   2      0.47        33    2.4   0.1   124   184   377   439   348   446 0.61 -
PSC67502.1           -           1144 2843at3041           -            356   7.8e-07   27.5   0.0   1   2   1.1e-05   0.00077   17.6   0.0   153   220   232   300   227   312 0.82 -
PSC67502.1           -           1144 2843at3041           -            356   7.8e-07   27.5   0.0   2   2     0.019       1.3    7.0   0.0   183   217   314   348   306   359 0.88 -
PSC75543.1           -            669 2843at3041           -            356     1e-06   27.1   0.2   1   2     0.091       6.3    4.8   0.0   186   218   340   372   331   410 0.83 -
PSC75543.1           -            669 2843at3041           -            356     1e-06   27.1   0.2   2   2   2.9e-06    0.0002   19.6   0.1   123   233   462   589   452   619 0.73 -
PSC70580.1           -            346 2843at3041           -            356   1.1e-06   27.0   0.2   1   2    0.0075      0.52    8.3   0.0   155   219   121   191    60   200 0.59 -
PSC70580.1           -            346 2843at3041           -            356   1.1e-06   27.0   0.2   2   2   3.3e-05    0.0023   16.1   0.0   183   229   200   247   193   281 0.85 -
PSC71637.1           -            490 2843at3041           -            356   1.8e-06   26.3   2.3   1   3      0.29        20    3.1   0.0   187   221   231   266   223   275 0.74 -
PSC71637.1           -            490 2843at3041           -            356   1.8e-06   26.3   2.3   2   3   0.00011    0.0074   14.4   0.3   110   135   284   309   271   318 0.81 -
PSC71637.1           -            490 2843at3041           -            356   1.8e-06   26.3   2.3   3   3     0.041       2.9    5.9   0.0   109   142   327   360   319   385 0.76 -
PSC76520.1           -            611 2843at3041           -            356   2.6e-06   25.8   0.0   1   3   0.00067     0.046   11.8   0.1   112   178   242   313   224   329 0.79 -
PSC76520.1           -            611 2843at3041           -            356   2.6e-06   25.8   0.0   2   3         1        70    1.3   0.0   159   182   425   448   416   458 0.84 -
PSC76520.1           -            611 2843at3041           -            356   2.6e-06   25.8   0.0   3   3    0.0069      0.48    8.4   0.0   122   210   477   570   473   586 0.77 -
PSC74814.1           -           1153 2843at3041           -            356   2.7e-06   25.7   0.1   1   1   6.8e-08   4.7e-06   24.9   0.1   159   258    48   154    35   199 0.85 -
PSC69213.1           -           1148 2843at3041           -            356   3.1e-06   25.5   3.0   1   3         1        71    1.3   0.0   164   216   140   201   135   210 0.69 -
PSC69213.1           -           1148 2843at3041           -            356   3.1e-06   25.5   3.0   2   3    0.0016      0.11   10.5   0.0   153   221   304   374   290   386 0.80 -
PSC69213.1           -           1148 2843at3041           -            356   3.1e-06   25.5   3.0   3   3    0.0008     0.055   11.5   0.3   110   135   393   418   381   423 0.88 -
PSC69138.1           -            331 2843at3041           -            356   3.8e-06   25.2   1.1   1   4     0.035       2.5    6.1   0.2   106   136    60    93    15    96 0.81 -
PSC69138.1           -            331 2843at3041           -            356   3.8e-06   25.2   1.1   2   4    0.0021      0.15   10.1   0.2   152   228    65   145    58   191 0.64 -
PSC69138.1           -            331 2843at3041           -            356   3.8e-06   25.2   1.1   3   4     0.017       1.2    7.2   0.0   122   257   122   261   117   272 0.70 -
PSC69138.1           -            331 2843at3041           -            356   3.8e-06   25.2   1.1   4   4    0.0038      0.26    9.3   0.0   185   217   271   303   228   317 0.52 -
PSC72719.1           -            499 2843at3041           -            356   5.3e-06   24.7   0.1   1   3       6.8   4.7e+02   -1.4   0.0   234   256   113   135   103   160 0.67 -
PSC72719.1           -            499 2843at3041           -            356   5.3e-06   24.7   0.1   2   3   4.2e-05    0.0029   15.7   0.1   161   219   172   233   169   253 0.83 -
PSC72719.1           -            499 2843at3041           -            356   5.3e-06   24.7   0.1   3   3     0.048       3.3    5.7   0.0   155   218   423   490   383   494 0.80 -
PSC72392.1           -           1576 2843at3041           -            356   7.1e-06   24.3   0.6   1   2   0.00092     0.064   11.3   0.1   187   248   299   364   293   380 0.73 -
PSC72392.1           -           1576 2843at3041           -            356   7.1e-06   24.3   0.6   2   2    0.0012     0.082   11.0   0.1   112   221   395   512   386   535 0.66 -
PSC71021.1           -           2682 2843at3041           -            356   8.2e-06   24.1   0.0   1   2   3.3e-06   0.00023   19.4   0.0   131   264   527   680   512   688 0.67 -
PSC71021.1           -           2682 2843at3041           -            356   8.2e-06   24.1   0.0   2   2      0.61        42    2.0   0.0   109   201   737   832   725   849 0.75 -
PSC71020.1           -           2683 2843at3041           -            356   8.2e-06   24.1   0.0   1   2   3.3e-06   0.00023   19.4   0.0   131   264   527   680   512   688 0.67 -
PSC71020.1           -           2683 2843at3041           -            356   8.2e-06   24.1   0.0   2   2      0.61        42    2.0   0.0   109   201   737   832   725   849 0.75 -
PSC76521.1           -            388 2843at3041           -            356   8.7e-06   24.0   0.0   1   3    0.0068      0.47    8.5   0.0   152   178    64    90    22   106 0.84 -
PSC76521.1           -            388 2843at3041           -            356   8.7e-06   24.0   0.0   2   3      0.57        40    2.1   0.0   159   182   202   225   192   235 0.84 -
PSC76521.1           -            388 2843at3041           -            356   8.7e-06   24.0   0.0   3   3    0.0033      0.23    9.5   0.0   122   211   254   348   250   364 0.78 -
PSC76625.1           -            443 2843at3041           -            356   9.8e-06   23.9   0.2   1   4       9.2   6.4e+02   -1.8   0.0    52    85    40    77    27    84 0.69 -
PSC76625.1           -            443 2843at3041           -            356   9.8e-06   23.9   0.2   2   4   5.1e-05    0.0035   15.4   0.0   176   257   137   218   114   248 0.75 -
PSC76625.1           -            443 2843at3041           -            356   9.8e-06   23.9   0.2   3   4      0.38        26    2.7   0.0   181   217   257   292   215   295 0.80 -
PSC76625.1           -            443 2843at3041           -            356   9.8e-06   23.9   0.2   4   4       1.3        91    0.9   0.0   160   192   344   375   335   395 0.77 -
PSC76833.1           -            775 2843at3041           -            356   2.4e-05   22.6   0.1   1   3     0.032       2.2    6.2   0.0    43   189   138   288   134   301 0.75 -
PSC76833.1           -            775 2843at3041           -            356   2.4e-05   22.6   0.1   2   3      0.23        16    3.4   0.0   202   224   404   426   391   452 0.73 -
PSC76833.1           -            775 2843at3041           -            356   2.4e-05   22.6   0.1   3   3    0.0047      0.33    9.0   0.0   110   190   575   662   570   700 0.67 -
PSC72094.1           -            957 2843at3041           -            356   2.8e-05   22.4   5.5   1   5       1.6   1.1e+02    0.6   0.0    13    37    15    40    10    50 0.80 -
PSC72094.1           -            957 2843at3041           -            356   2.8e-05   22.4   5.5   2   5       3.5   2.4e+02   -0.5   0.0   188   218    64    94    58   101 0.66 -
PSC72094.1           -            957 2843at3041           -            356   2.8e-05   22.4   5.5   3   5    0.0001    0.0072   14.4   0.7   153   249   126   233   113   274 0.76 -
PSC72094.1           -            957 2843at3041           -            356   2.8e-05   22.4   5.5   4   5       0.1       7.2    4.6   0.0   166   214   296   348   289   355 0.76 -
PSC72094.1           -            957 2843at3041           -            356   2.8e-05   22.4   5.5   5   5       6.5   4.5e+02   -1.3   0.0   165   220   645   701   633   729 0.57 -
PSC75084.1           -            961 2843at3041           -            356   3.3e-05   22.1   0.2   1   2     0.062       4.3    5.3   0.1   152   189    60    96    51   137 0.70 -
PSC75084.1           -            961 2843at3041           -            356   3.3e-05   22.1   0.2   2   2   0.00017     0.012   13.7   0.0   160   220   160   224   143   232 0.84 -
PSC71923.1           -           1190 2843at3041           -            356   3.9e-05   21.9   0.0   1   2      0.46        32    2.4   0.0   199   278   651   732   645   741 0.77 -
PSC71923.1           -           1190 2843at3041           -            356   3.9e-05   21.9   0.0   2   2   2.1e-05    0.0014   16.7   0.0    53   142   932  1028   912  1075 0.78 -
PSC70931.1           -            546 2843at3041           -            356   5.1e-05   21.5   1.3   1   4       1.1        74    1.2   0.0   232   277    33    77    25    85 0.80 -
PSC70931.1           -            546 2843at3041           -            356   5.1e-05   21.5   1.3   2   4       7.5   5.2e+02   -1.6   0.0   206   246    95   140    82   152 0.67 -
PSC70931.1           -            546 2843at3041           -            356   5.1e-05   21.5   1.3   3   4   5.9e-05    0.0041   15.2   0.1    56    79   274   297   267   318 0.80 -
PSC70931.1           -            546 2843at3041           -            356   5.1e-05   21.5   1.3   4   4       4.4     3e+02   -0.8   0.0    49    76   354   381   343   405 0.69 -
PSC72399.1           -            810 2843at3041           -            356   5.5e-05   21.4   0.1   1   2     0.012      0.81    7.7   0.0   159   223    63   134    55   149 0.72 -
PSC72399.1           -            810 2843at3041           -            356   5.5e-05   21.4   0.1   2   2   2.3e-06   0.00016   19.8   0.1   121   218   115   212   108   260 0.77 -
PSC69324.1           -            476 2843at3041           -            356   7.3e-05   21.0   0.0   1   2      0.47        33    2.4   0.0   111   136    41    65    29    81 0.71 -
PSC69324.1           -            476 2843at3041           -            356   7.3e-05   21.0   0.0   2   2   4.1e-05    0.0028   15.8   0.0   155   291   233   381   177   384 0.78 -
PSC69170.1           -           1015 2843at3041           -            356   9.3e-05   20.6   0.1   1   2      0.11       7.5    4.5   0.0   154   216   122   189   111   213 0.61 -
PSC69170.1           -           1015 2843at3041           -            356   9.3e-05   20.6   0.1   2   2   0.00042     0.029   12.4   0.0   171   253   247   329   243   334 0.66 -
PSC75544.1           -            460 2843at3041           -            356   9.4e-05   20.6   1.9   1   2   0.00011    0.0073   14.4   0.5   120   220   150   250   127   264 0.64 -
PSC75544.1           -            460 2843at3041           -            356   9.4e-05   20.6   1.9   2   2       0.3        21    3.1   0.0   128   178   289   340   276   349 0.57 -
PSC72059.1           -           1738 2843at3041           -            356   9.9e-05   20.6   0.5   1   2     0.008      0.56    8.2   0.0   153   217    17    90     8    99 0.77 -
PSC72059.1           -           1738 2843at3041           -            356   9.9e-05   20.6   0.5   2   2    0.0034      0.24    9.4   0.1   153   219   128   200   120   210 0.84 -
PSC73329.1           -           1089 2843at3041           -            356    0.0001   20.5   0.0   1   2     0.019       1.3    7.0   0.0   164   221   119   186   112   212 0.76 -
PSC73329.1           -           1089 2843at3041           -            356    0.0001   20.5   0.0   2   2    0.0012     0.085   10.9   0.0   152   189   265   302   260   309 0.89 -
PSC76965.1           -           2033 2843at3041           -            356   0.00012   20.3   0.1   1   2    0.0011     0.078   11.0   0.0   153   220   612   688   606   730 0.76 -
PSC76965.1           -           2033 2843at3041           -            356   0.00012   20.3   0.1   2   2      0.03       2.1    6.3   0.0   152   217   846   920   829   970 0.75 -
PSC74864.1           -            468 2843at3041           -            356   0.00017   19.8   0.3   1   4       1.1        74    1.2   0.0   165   209    52    97    36   101 0.83 -
PSC74864.1           -            468 2843at3041           -            356   0.00017   19.8   0.3   2   4   0.00051     0.035   12.2   0.0   152   218   159   228   123   238 0.81 -
PSC74864.1           -            468 2843at3041           -            356   0.00017   19.8   0.3   3   4      0.32        22    2.9   0.0   155   198   204   250   196   270 0.71 -
PSC74864.1           -            468 2843at3041           -            356   0.00017   19.8   0.3   4   4      0.68        48    1.9   0.0   202   232   298   328   256   338 0.77 -
PSC70222.1           -            499 2843at3041           -            356   0.00019   19.6   0.6   1   4       1.1        75    1.2   0.0   237   288    16    67    10    89 0.58 -
PSC70222.1           -            499 2843at3041           -            356   0.00019   19.6   0.6   2   4     0.036       2.5    6.1   0.0   106   166    92   149    49   196 0.53 -
PSC70222.1           -            499 2843at3041           -            356   0.00019   19.6   0.6   3   4       9.5   6.6e+02   -1.9   0.0    59    70   227   238   217   253 0.78 -
PSC70222.1           -            499 2843at3041           -            356   0.00019   19.6   0.6   4   4    0.0081      0.56    8.2   0.0   234   291   390   450   385   453 0.82 -
PSC75827.1           -           1836 2843at3041           -            356   0.00021   19.5   1.0   1   4    0.0017      0.12   10.4   0.0   165   221    88   147    85   223 0.61 -
PSC75827.1           -           1836 2843at3041           -            356   0.00021   19.5   1.0   2   4       5.4   3.8e+02   -1.1   0.0   148   189  1056  1098  1022  1108 0.72 -
PSC75827.1           -           1836 2843at3041           -            356   0.00021   19.5   1.0   3   4       1.8   1.2e+02    0.5   0.1   161   186  1130  1155  1112  1161 0.77 -
PSC75827.1           -           1836 2843at3041           -            356   0.00021   19.5   1.0   4   4       0.4        28    2.6   0.0   115   138  1227  1250  1220  1269 0.74 -
PSC72112.1           -           1987 2843at3041           -            356   0.00028   19.0   0.5   1   3   0.00017     0.012   13.7   0.1   187   256  1135  1212  1128  1220 0.75 -
PSC72112.1           -           1987 2843at3041           -            356   0.00028   19.0   0.5   2   3      0.22        15    3.5   0.0   183   220  1179  1216  1173  1263 0.79 -
PSC72112.1           -           1987 2843at3041           -            356   0.00028   19.0   0.5   3   3       4.7   3.3e+02   -0.9   0.0   187   221  1556  1591  1548  1607 0.76 -
PSC71046.1           -           1453 2843at3041           -            356   0.00032   18.9   0.2   1   3         2   1.4e+02    0.3   0.0   187   223   448   481   434   490 0.75 -
PSC71046.1           -           1453 2843at3041           -            356   0.00032   18.9   0.2   2   3      0.17        12    3.8   0.0   165   220   677   733   656   752 0.55 -
PSC71046.1           -           1453 2843at3041           -            356   0.00032   18.9   0.2   3   3    0.0019      0.13   10.3   0.0   121   181   816   876   809   884 0.84 -
PSC74360.1           -            347 2843at3041           -            356    0.0004   18.6   0.2   1   1   2.2e-05    0.0015   16.7   0.2   111   243   133   273   120   287 0.77 -
PSC74361.1           -            377 2843at3041           -            356   0.00049   18.3   0.2   1   1   2.5e-05    0.0018   16.4   0.1   111   243   163   303   150   317 0.77 -
PSC70321.1           -           3116 2843at3041           -            356   0.00049   18.3   0.1   1   4       2.8   1.9e+02   -0.1   0.0   187   222    14    49     8    93 0.87 -
PSC70321.1           -           3116 2843at3041           -            356   0.00049   18.3   0.1   2   4       4.5   3.1e+02   -0.8   0.0   165   184   346   365   343   376 0.89 -
PSC70321.1           -           3116 2843at3041           -            356   0.00049   18.3   0.1   3   4       7.1   4.9e+02   -1.5   0.0    10    31   376   397   368   421 0.76 -
PSC70321.1           -           3116 2843at3041           -            356   0.00049   18.3   0.1   4   4   0.00033     0.023   12.8   0.0   149   218   424   496   418   512 0.85 -
PSC68833.1           -           1060 2843at3041           -            356   0.00051   18.2   0.8   1   2       1.7   1.2e+02    0.6   0.0   135   179   593   638   584   648 0.80 -
PSC68833.1           -           1060 2843at3041           -            356   0.00051   18.2   0.8   2   2   0.00011    0.0076   14.3   0.3   117   183   762   829   694   834 0.89 -
PSC74264.1           -            531 2843at3041           -            356   0.00054   18.1   0.0   1   2      0.04       2.8    5.9   0.0   190   251    99   163    88   175 0.73 -
PSC74264.1           -            531 2843at3041           -            356   0.00054   18.1   0.0   2   2    0.0032      0.22    9.5   0.0   115   142   261   288   248   299 0.80 -
PSC76183.1           -            591 2843at3041           -            356   0.00055   18.1   0.2   1   4       2.6   1.8e+02   -0.0   0.0   153   186   122   155   115   162 0.66 -
PSC76183.1           -            591 2843at3041           -            356   0.00055   18.1   0.2   2   4       4.8   3.3e+02   -0.9   0.0   119   140   213   234   197   241 0.69 -
PSC76183.1           -            591 2843at3041           -            356   0.00055   18.1   0.2   3   4     0.033       2.3    6.2   0.1   183   228   301   345   287   353 0.81 -
PSC76183.1           -            591 2843at3041           -            356   0.00055   18.1   0.2   4   4     0.081       5.6    4.9   0.0   190   229   416   454   384   479 0.73 -
PSC76184.1           -            592 2843at3041           -            356   0.00069   17.8   0.3   1   5       2.6   1.8e+02   -0.0   0.0   153   186   122   155   115   162 0.66 -
PSC76184.1           -            592 2843at3041           -            356   0.00069   17.8   0.3   2   5       4.8   3.3e+02   -0.9   0.0   119   140   213   234   197   241 0.69 -
PSC76184.1           -            592 2843at3041           -            356   0.00069   17.8   0.3   3   5     0.033       2.3    6.2   0.1   183   228   301   345   287   353 0.81 -
PSC76184.1           -            592 2843at3041           -            356   0.00069   17.8   0.3   4   5       4.7   3.3e+02   -0.9   0.0   111   140   362   391   352   398 0.85 -
PSC76184.1           -            592 2843at3041           -            356   0.00069   17.8   0.3   5   5      0.13       9.1    4.2   0.0   191   229   418   455   386   465 0.78 -
PSC69674.1           -            630 2843at3041           -            356   0.00072   17.7   0.3   1   4     0.037       2.6    6.0   0.0   186   218    37    69    29    87 0.66 -
PSC69674.1           -            630 2843at3041           -            356   0.00072   17.7   0.3   2   4      0.34        23    2.9   0.0   186   222   129   166   119   202 0.84 -
PSC69674.1           -            630 2843at3041           -            356   0.00072   17.7   0.3   3   4       4.8   3.4e+02   -0.9   0.0   149   183   238   271   227   282 0.77 -
PSC69674.1           -            630 2843at3041           -            356   0.00072   17.7   0.3   4   4       2.3   1.6e+02    0.1   0.0   239   267   486   514   467   551 0.69 -
PSC74467.1           -           1025 2843at3041           -            356   0.00086   17.5   0.1   1   2   0.00048     0.033   12.2   0.0   152   219   172   254   164   262 0.69 -
PSC74467.1           -           1025 2843at3041           -            356   0.00086   17.5   0.1   2   2      0.77        53    1.7   0.0   226   262   476   514   471   520 0.56 -
PSC76429.1           -            327 2843at3041           -            356    0.0028   15.8   0.1   1   2   0.00037     0.026   12.6   0.0   194   241   201   249   123   283 0.84 -
PSC76429.1           -            327 2843at3041           -            356    0.0028   15.8   0.1   2   2       1.9   1.3e+02    0.4   0.0    14    41   288   315   280   321 0.67 -
PSC69839.1           -            506 2843at3041           -            356    0.0034   15.5   0.0   1   1   7.3e-05    0.0051   14.9   0.0   125   216   108   211    93   219 0.69 -
PSC69923.1           -            862 2843at3041           -            356    0.0051   14.9   0.1   1   3      0.83        58    1.6   0.0   187   215   608   636   604   641 0.90 -
PSC69923.1           -            862 2843at3041           -            356    0.0051   14.9   0.1   2   3       1.9   1.3e+02    0.4   0.0   119   138   668   687   657   698 0.74 -
PSC69923.1           -            862 2843at3041           -            356    0.0051   14.9   0.1   3   3    0.0064      0.45    8.5   0.0   182   223   701   743   690   757 0.81 -
PSC69796.1           -            605 2843at3041           -            356    0.0053   14.9   0.2   1   2       1.3        90    1.0   0.0   187   224   125   162   118   197 0.73 -
PSC69796.1           -            605 2843at3041           -            356    0.0053   14.9   0.2   2   2    0.0018      0.12   10.4   0.2   156   244   227   323   219   346 0.65 -
PSC70979.1           -            728 2843at3041           -            356     0.006   14.7   0.0   1   1   0.00017     0.012   13.8   0.0     4   218   328   547   326   561 0.57 -
PSC70981.1           -            974 2843at3041           -            356      0.01   13.9   0.0   1   1   0.00028     0.019   13.0   0.0     4   218   574   793   572   807 0.57 -
PSC68050.1           -           1107 2843at3041           -            356     0.013   13.6   0.1   1   2     0.013      0.93    7.5   0.1   148   179   271   302   132   304 0.79 -
PSC68050.1           -           1107 2843at3041           -            356     0.013   13.6   0.1   2   2    0.0056      0.39    8.7   0.0   148   185   271   307   228   325 0.79 -
PSC70328.1           -            405 2843at3041           -            356     0.013   13.6   0.0   1   3       2.3   1.6e+02    0.1   0.0   163   182    69    88    57   104 0.73 -
PSC70328.1           -            405 2843at3041           -            356     0.013   13.6   0.0   2   3      0.45        31    2.5   0.0   121   136   142   157   139   166 0.79 -
PSC70328.1           -            405 2843at3041           -            356     0.013   13.6   0.0   3   3     0.036       2.5    6.1   0.0   186   228   272   315   263   355 0.77 -
PSC69947.1           -            613 2843at3041           -            356     0.013   13.6   0.6   1   2       6.9   4.8e+02   -1.4   0.0   204   221   428   444   411   459 0.68 -
PSC69947.1           -            613 2843at3041           -            356     0.013   13.6   0.6   2   2   0.00089     0.062   11.4   0.1   165   229   469   538   434   565 0.75 -
PSC71184.1           -           1719 2843at3041           -            356     0.013   13.6   0.0   1   1   0.00033     0.023   12.8   0.0   122   258  1502  1652  1498  1658 0.74 -
PSC76443.1           -            598 2843at3041           -            356     0.016   13.3   0.0   1   1    0.0018      0.12   10.4   0.0   114   181    68   138    63   148 0.72 -
PSC73014.1           -           1276 2843at3041           -            356      0.05   11.7   0.7   1   3       8.5   5.9e+02   -1.7   0.1   160   180    14    35     6    42 0.80 -
PSC73014.1           -           1276 2843at3041           -            356      0.05   11.7   0.7   2   3       0.2        14    3.6   0.0   185   220   170   205   163   221 0.78 -
PSC73014.1           -           1276 2843at3041           -            356      0.05   11.7   0.7   3   3      0.12       8.3    4.4   0.0   117   138  1143  1164  1135  1177 0.72 -
PSC70656.1           -            457 2843at3041           -            356     0.068   11.2   0.0   1   1    0.0023      0.16   10.0   0.0     9    70   120   181   114   192 0.88 -
PSC76752.1           -            664 2843at3041           -            356      0.11   10.6   0.2   1   3       3.2   2.2e+02   -0.3   0.1    54    69    86   101    77   104 0.82 -
PSC76752.1           -            664 2843at3041           -            356      0.11   10.6   0.2   2   3       2.9     2e+02   -0.2   0.0   165   179   240   254   237   267 0.68 -
PSC76752.1           -            664 2843at3041           -            356      0.11   10.6   0.2   3   3     0.068       4.7    5.2   0.0   117   220   396   416   386   430 0.63 -
#
# Program:         hmmsearch
# Version:         3.1b2 (February 2015)
# Pipeline mode:   SEARCH
# Query file:      /Users/catrionaharrison/Documents/Bioinformatics/rp2/Data/genomes/busco/busco_downloads/lineages/chlorophyta_odb10/hmms/2843at3041.hmm
# Target file:     /Users/catrionaharrison/Documents/Bioinformatics/rp2/Data/genomes/busco/data/micractinium_conductrix.prot.fasta
# Option settings: hmmsearch --domtblout /Users/catrionaharrison/Documents/Bioinformatics/rp2/Data/genomes/busco/Busco_conductrix/run_chlorophyta_odb10/hmmer_output/initial_run_results/2843at3041.out --cpu 1 /Users/catrionaharrison/Documents/Bioinformatics/rp2/Data/genomes/busco/busco_downloads/lineages/chlorophyta_odb10/hmms/2843at3041.hmm /Users/catrionaharrison/Documents/Bioinformatics/rp2/Data/genomes/busco/data/micractinium_conductrix.prot.fasta 
# Current dir:     /Users/catrionaharrison/Documents/Bioinformatics/rp2/Data/genomes/busco
# Date:            Fri Jul 22 15:18:02 2022
# [ok]
