#                                                                            --- full sequence --- -------------- this domain -------------   hmm coord   ali coord   env coord
# target name        accession   tlen query name           accession   qlen   E-value  score  bias   #  of  c-Evalue  i-Evalue  score  bias  from    to  from    to  from    to  acc description of target
#------------------- ---------- ----- -------------------- ---------- ----- --------- ------ ----- --- --- --------- --------- ------ ----- ----- ----- ----- ----- ----- ----- ---- ---------------------
PSC67849.1           -           1021 2983at3041           -            256  1.5e-179  593.5   0.0   1   2  7.2e-102  3.4e-100  333.4   0.0     1   251   287   555   287   560 0.91 -
PSC67849.1           -           1021 2983at3041           -            256  1.5e-179  593.5   0.0   2   2   9.5e-79   4.5e-77  257.6   0.0    11   245   684   936   671   947 0.88 -
PSC76822.1           -           1023 2983at3041           -            256  1.8e-140  465.4   0.0   1   1  5.5e-142  2.6e-140  464.9   0.0     1   250   702   964   702   968 0.95 -
PSC73728.1           -            776 2983at3041           -            256   6.9e-97  322.6   0.0   1   1   2.1e-98   9.7e-97  322.1   0.0    15   255     7   257     2   258 0.93 -
PSC74454.1           -            369 2983at3041           -            256   1.9e-81  272.0   0.0   1   1   5.2e-83   2.4e-81  271.6   0.0     3   248    26   293    24   300 0.86 -
PSC75806.1           -           1310 2983at3041           -            256   6.6e-74  247.2   0.0   1   1   2.3e-75   1.1e-73  246.5   0.0     2   246    20   285    19   291 0.89 -
PSC70383.1           -            579 2983at3041           -            256   1.5e-70  236.2   0.0   1   1   5.4e-72   2.5e-70  235.5   0.0     2   253    42   301    41   303 0.91 -
PSC68918.1           -           3969 2983at3041           -            256   9.7e-70  233.6   0.0   1   1   3.5e-71   1.6e-69  232.8   0.0     2   245  3629  3895  3628  3905 0.88 -
PSC72848.1           -            338 2983at3041           -            256   3.8e-68  228.4   0.0   1   1     1e-69   4.9e-68  228.0   0.0     2   247    20   281    19   289 0.85 -
PSC70880.1           -            338 2983at3041           -            256   3.9e-68  228.3   0.0   1   1     1e-69   4.9e-68  228.0   0.0     3   246    30   291    28   298 0.85 -
PSC67948.1           -           1071 2983at3041           -            256   1.9e-66  222.8   0.0   1   1     6e-68   2.8e-66  222.2   0.0     6   250    73   330    69   334 0.91 -
PSC67947.1           -           1072 2983at3041           -            256   1.9e-66  222.8   0.0   1   1     6e-68   2.8e-66  222.2   0.0     6   250    73   330    69   334 0.91 -
PSC69176.1           -            422 2983at3041           -            256   1.3e-59  200.4   0.0   1   1   5.8e-61   2.7e-59  199.3   0.0     4   250    52   333    46   338 0.78 -
PSC74495.1           -            300 2983at3041           -            256   2.8e-55  186.2   0.0   1   1   7.6e-57   3.6e-55  185.9   0.0    66   249     1   201     1   210 0.86 -
PSC67166.1           -            941 2983at3041           -            256   4.2e-53  179.1   0.0   1   2   3.6e-53   1.7e-51  173.8   0.0     3   184    30   224    28   232 0.86 -
PSC67166.1           -            941 2983at3041           -            256   4.2e-53  179.1   0.0   2   2       0.5        23    3.0   0.0   234   246   253   266   241   275 0.78 -
PSC71591.1           -           1052 2983at3041           -            256   8.1e-51  171.6   0.0   1   1   3.6e-52   1.7e-50  170.5   0.0     2   245    24   278    23   284 0.87 -
PSC76041.1           -           1617 2983at3041           -            256   6.1e-44  149.1   0.0   1   1   1.8e-45   8.5e-44  148.6   0.0     3   243  1066  1315  1064  1320 0.85 -
PSC74088.1           -            415 2983at3041           -            256   1.2e-43  148.0   0.0   1   1     4e-45   1.9e-43  147.5   0.0     2   242    43   316    42   326 0.80 -
PSC73989.1           -            386 2983at3041           -            256   1.7e-41  141.1   0.0   1   1   4.8e-43   2.3e-41  140.6   0.0     2   243    55   317    54   331 0.83 -
PSC72353.1           -            389 2983at3041           -            256   1.8e-39  134.4   0.0   1   1   4.8e-41   2.3e-39  134.1   0.0     2   245   128   379   127   387 0.85 -
PSC70004.1           -            496 2983at3041           -            256   4.3e-39  133.2   0.0   1   1   1.3e-40   6.1e-39  132.7   0.0     2   243    32   287    31   299 0.83 -
PSC71226.1           -           1800 2983at3041           -            256   7.6e-39  132.4   0.0   1   1   3.7e-40   1.8e-38  131.2   0.0     2   242   613   864   612   870 0.85 -
PSC68747.1           -            554 2983at3041           -            256   1.2e-38  131.7   0.0   1   1   3.9e-40   1.8e-38  131.1   0.0    54   250   146   373    87   379 0.77 -
PSC72461.1           -            907 2983at3041           -            256   1.3e-38  131.6   0.0   1   1   4.4e-40   2.1e-38  130.9   0.0     2   252    46   313    45   317 0.83 -
PSC75745.1           -           1121 2983at3041           -            256   4.5e-38  129.8   0.0   1   2   8.2e-25   3.9e-23   80.9   0.0    35   133   141   250   138   260 0.86 -
PSC75745.1           -           1121 2983at3041           -            256   4.5e-38  129.8   0.0   2   2   2.5e-14   1.2e-12   46.5   0.0   162   248   307   397   303   403 0.83 -
PSC69530.1           -            657 2983at3041           -            256   1.1e-37  128.6   0.0   1   1   3.2e-39   1.5e-37  128.1   0.0    44   245   237   443   205   449 0.84 -
PSC74081.1           -            862 2983at3041           -            256   1.1e-37  128.6   0.0   1   1   3.2e-39   1.5e-37  128.1   0.0     2   246    76   334    75   342 0.83 -
PSC74948.1           -            800 2983at3041           -            256   6.7e-37  126.0   0.0   1   1   1.9e-38   9.1e-37  125.6   0.0     2   239    19   269    18   278 0.85 -
PSC74949.1           -            801 2983at3041           -            256   6.7e-37  126.0   0.0   1   1   1.9e-38   9.1e-37  125.6   0.0     2   239    19   269    18   278 0.85 -
PSC71205.1           -           1491 2983at3041           -            256   9.3e-37  125.5   0.0   1   2   1.5e-23   6.9e-22   76.8   0.0     3   133   802   942   800   956 0.85 -
PSC71205.1           -           1491 2983at3041           -            256   9.3e-37  125.5   0.0   2   2   2.6e-14   1.2e-12   46.5   0.0   137   242  1038  1143  1019  1152 0.84 -
PSC68038.1           -           1887 2983at3041           -            256   1.3e-36  125.0   0.0   1   1   5.2e-38   2.4e-36  124.1   0.0    34   241   705   920   698   928 0.85 -
PSC72995.1           -            708 2983at3041           -            256   4.9e-34  116.6   0.0   1   1   2.5e-35   1.2e-33  115.3   0.0    74   241    14   196     1   211 0.84 -
PSC73894.1           -           1214 2983at3041           -            256   2.7e-33  114.2   0.0   1   1   8.3e-35   3.9e-33  113.7   0.0     3   232   193   431   191   449 0.80 -
PSC74103.1           -           1086 2983at3041           -            256   5.5e-33  113.2   0.0   1   1   1.6e-34   7.7e-33  112.7   0.0     3   241   139   399   137   406 0.80 -
PSC72692.1           -            277 2983at3041           -            256   8.2e-32  109.3   0.0   1   1   2.6e-33   1.2e-31  108.8   0.0    36   208    25   194     3   227 0.79 -
PSC73282.1           -           1485 2983at3041           -            256   1.6e-31  108.4   0.0   1   1     6e-33   2.8e-31  107.5   0.0     4   231    17   249    14   272 0.77 -
PSC75958.1           -           1112 2983at3041           -            256   2.1e-31  108.0   0.0   1   2   1.2e-15   5.5e-14   50.9   0.0     2   182    28   224    27   234 0.82 -
PSC75958.1           -           1112 2983at3041           -            256   2.1e-31  108.0   0.0   2   2   7.9e-17   3.7e-15   54.7   0.0     2   184   764   962   763   975 0.82 -
PSC76744.1           -            684 2983at3041           -            256   2.8e-31  107.5   0.0   1   1     1e-32   4.7e-31  106.8   0.0    35   242   135   351   128   357 0.87 -
PSC69607.1           -            502 2983at3041           -            256   4.1e-31  107.0   0.0   1   2   6.1e-20   2.8e-18   64.9   0.0     3   137    88   232    86   243 0.83 -
PSC69607.1           -            502 2983at3041           -            256   4.1e-31  107.0   0.0   2   2   2.6e-12   1.2e-10   39.9   0.0   141   231   286   375   280   393 0.77 -
PSC71935.1           -            729 2983at3041           -            256   4.8e-31  106.8   0.0   1   1   6.6e-32   3.1e-30  104.1   0.0     3   248    77   347    75   354 0.78 -
PSC67730.1           -            667 2983at3041           -            256   7.5e-31  106.2   0.0   1   1     2e-32   9.6e-31  105.8   0.0     3   181    40   227    38   290 0.82 -
PSC75327.1           -           1288 2983at3041           -            256   1.1e-30  105.7   0.0   1   1     5e-32   2.4e-30  104.5   0.0    36   241   998  1227   952  1235 0.76 -
PSC68206.1           -            672 2983at3041           -            256   7.6e-29   99.6   0.0   1   2   1.3e-28   5.9e-27   93.4   0.0     2   177    66   255    65   269 0.83 -
PSC68206.1           -            672 2983at3041           -            256   7.6e-29   99.6   0.0   2   2      0.26        12    3.9   0.0   207   243   312   347   296   356 0.80 -
PSC70082.1           -           2427 2983at3041           -            256   1.4e-28   98.8   0.0   1   2   1.1e-16   5.2e-15   54.3   0.0     2   186   619   811   618   838 0.83 -
PSC70082.1           -           2427 2983at3041           -            256   1.4e-28   98.8   0.0   2   2     5e-13   2.4e-11   42.3   0.0     2   185  1658  1854  1657  1884 0.79 -
PSC76654.1           -            783 2983at3041           -            256   3.2e-28   97.6   0.0   1   2   2.5e-15   1.2e-13   49.8   0.0     2   137   338   485   337   507 0.81 -
PSC76654.1           -            783 2983at3041           -            256   3.2e-28   97.6   0.0   2   2   5.1e-14   2.4e-12   45.5   0.0   136   242   557   664   551   671 0.84 -
PSC68252.1           -           1903 2983at3041           -            256   4.9e-28   96.9   0.0   1   1   1.6e-29   7.6e-28   96.3   0.0    44   245   254   464   220   470 0.80 -
PSC72943.1           -            714 2983at3041           -            256   2.2e-27   94.8   0.0   1   2   3.3e-09   1.6e-07   29.8   0.0     2   146   139   299   138   303 0.77 -
PSC72943.1           -            714 2983at3041           -            256   2.2e-27   94.8   0.0   2   2   1.5e-19   7.1e-18   63.6   0.0   124   242   300   423   298   440 0.83 -
PSC69548.1           -            556 2983at3041           -            256   3.1e-27   94.3   0.0   1   1   1.1e-28   5.1e-27   93.6   0.0     2   246    48   324    47   338 0.73 -
PSC68183.1           -            370 2983at3041           -            256   1.7e-26   91.9   0.0   1   1   5.2e-28   2.5e-26   91.4   0.0    96   244     3   154     1   164 0.87 -
PSC67867.1           -           2324 2983at3041           -            256   1.8e-26   91.8   0.0   1   1   5.7e-28   2.7e-26   91.2   0.0     2   234   455   696   454   710 0.84 -
PSC75761.1           -            604 2983at3041           -            256   1.9e-26   91.7   0.1   1   1   6.3e-28     3e-26   91.1   0.1     2   187   300   493   299   506 0.84 -
PSC68466.1           -            758 2983at3041           -            256   8.2e-26   89.7   0.0   1   1   2.7e-27   1.3e-25   89.0   0.0     2   234    28   272    27   293 0.79 -
PSC73235.1           -            659 2983at3041           -            256   1.7e-25   88.6   0.0   1   1   6.2e-27   2.9e-25   87.9   0.0    33   242   146   370   100   376 0.83 -
PSC75784.1           -            817 2983at3041           -            256   3.9e-25   87.4   0.0   1   2     1e-11   4.7e-10   38.0   0.0    17   132   421   545   396   563 0.78 -
PSC75784.1           -            817 2983at3041           -            256   3.9e-25   87.4   0.0   2   2   1.5e-14   6.8e-13   47.3   0.0   139   242   643   747   635   752 0.86 -
PSC70416.1           -            881 2983at3041           -            256     4e-25   87.4   0.0   1   2   7.5e-25   3.5e-23   81.0   0.0     2   178    38   229    37   252 0.77 -
PSC70416.1           -            881 2983at3041           -            256     4e-25   87.4   0.0   2   2      0.23        11    4.1   0.0   212   242   289   320   258   327 0.75 -
PSC71739.1           -            919 2983at3041           -            256   5.7e-25   86.9   0.0   1   1     2e-26   9.2e-25   86.2   0.0    35   240   480   702   469   713 0.83 -
PSC74845.1           -           5705 2983at3041           -            256   7.2e-25   86.6   0.0   1   1   2.3e-26   1.1e-24   86.0   0.0     1   244    41   301    41   307 0.82 -
PSC74284.1           -            683 2983at3041           -            256   6.5e-24   83.4   0.0   1   2   2.6e-23   1.2e-21   76.0   0.0     6   186   359   554   354   572 0.79 -
PSC74284.1           -            683 2983at3041           -            256   6.5e-24   83.4   0.0   2   2     0.092       4.3    5.4   0.0   211   249   614   654   608   659 0.83 -
PSC70697.1           -            920 2983at3041           -            256   7.2e-24   83.3   0.0   1   1   2.4e-25   1.1e-23   82.6   0.0    17   243    38   282    26   290 0.81 -
PSC73017.1           -           1302 2983at3041           -            256   8.2e-24   83.1   0.0   1   1   2.5e-25   1.2e-23   82.6   0.0     3   188  1038  1236  1036  1244 0.83 -
PSC71424.1           -           1315 2983at3041           -            256     1e-23   82.8   0.0   1   1   3.7e-25   1.7e-23   82.0   0.0    45   245   659   875   640   881 0.79 -
PSC73234.1           -            776 2983at3041           -            256   1.5e-23   82.2   0.0   1   2   6.3e-13     3e-11   41.9   0.0    36   121    25   114     4   119 0.86 -
PSC73234.1           -            776 2983at3041           -            256   1.5e-23   82.2   0.0   2   2   1.1e-11     5e-10   37.9   0.0   121   242   147   271   142   281 0.86 -
PSC69573.1           -            739 2983at3041           -            256   1.7e-23   82.0   0.0   1   1   5.6e-25   2.7e-23   81.4   0.0    35   233    75   288    27   304 0.76 -
PSC75138.1           -           1479 2983at3041           -            256   3.5e-23   81.1   0.0   1   1   2.4e-24   1.1e-22   79.4   0.0    19   230   441   675   436   690 0.72 -
PSC71610.1           -            428 2983at3041           -            256     1e-22   79.5   0.0   1   2   1.9e-22     9e-21   73.1   0.0     3   178    10   197     8   215 0.79 -
PSC71610.1           -            428 2983at3041           -            256     1e-22   79.5   0.0   2   2      0.19         9    4.3   0.0   209   246   255   293   246   297 0.81 -
PSC74124.1           -            430 2983at3041           -            256   1.8e-22   78.7   0.2   1   1   3.4e-23   1.6e-21   75.6   0.2     2   186    99   297    98   383 0.78 -
PSC74049.1           -            999 2983at3041           -            256   2.6e-22   78.2   0.0   1   1   8.4e-24     4e-22   77.6   0.0    31   243    79   305    35   318 0.83 -
PSC73233.1           -            812 2983at3041           -            256   2.8e-22   78.1   0.0   1   2   6.7e-13   3.2e-11   41.9   0.0    36   121    25   114     4   119 0.86 -
PSC73233.1           -            812 2983at3041           -            256   2.8e-22   78.1   0.0   2   2   2.3e-10   1.1e-08   33.6   0.0   121   234   147   262   142   279 0.85 -
PSC75756.1           -            512 2983at3041           -            256   2.9e-22   78.0   0.0   1   1   8.8e-24   4.2e-22   77.5   0.0    38   234    76   276    43   299 0.83 -
PSC70705.1           -           1142 2983at3041           -            256   3.4e-22   77.8   0.0   1   1   1.3e-23     6e-22   77.0   0.0    34   243    56   280    28   285 0.79 -
PSC77015.1           -            989 2983at3041           -            256   5.4e-22   77.1   0.0   1   1   1.9e-23   8.8e-22   76.4   0.0    16   183   421   597   406   611 0.83 -
PSC76263.1           -           3166 2983at3041           -            256   2.1e-21   75.2   0.0   1   2   2.2e-09   1.1e-07   30.3   0.0     3   154  1810  1979  1808  1988 0.75 -
PSC76263.1           -           3166 2983at3041           -            256   2.1e-21   75.2   0.0   2   2   4.1e-13   1.9e-11   42.5   0.0     3   183  2383  2580  2381  2588 0.76 -
PSC73799.1           -            406 2983at3041           -            256   3.2e-21   74.6   0.0   1   2     6e-05    0.0028   15.8   0.0     3    94    31   132    29   188 0.68 -
PSC73799.1           -            406 2983at3041           -            256   3.2e-21   74.6   0.0   2   2   7.3e-15   3.4e-13   48.3   0.0   141   241   252   350   245   354 0.86 -
PSC73133.1           -            623 2983at3041           -            256   3.5e-21   74.5   0.0   1   1   1.2e-22   5.5e-21   73.8   0.0     2   230    15   257    14   270 0.80 -
PSC70855.1           -            654 2983at3041           -            256   4.7e-21   74.0   0.0   1   2   5.3e-21   2.5e-19   68.4   0.0     2   185   311   512   310   541 0.74 -
PSC70855.1           -            654 2983at3041           -            256   4.7e-21   74.0   0.0   2   2      0.35        17    3.5   0.0   212   242   566   597   557   604 0.83 -
PSC72410.1           -            766 2983at3041           -            256   6.9e-21   73.5   0.0   1   1   2.2e-22     1e-20   72.9   0.0     2   191   482   687   481   704 0.76 -
PSC76834.1           -           1091 2983at3041           -            256   7.9e-21   73.3   0.0   1   1   2.4e-22   1.1e-20   72.8   0.0     2   173   425   612   424   630 0.81 -
PSC72396.1           -           1544 2983at3041           -            256     2e-20   72.0   0.0   1   1   6.8e-22   3.2e-20   71.3   0.0     2   186  1281  1484  1280  1490 0.79 -
PSC68021.1           -           1295 2983at3041           -            256   3.3e-20   71.3   0.0   1   1   1.2e-21   5.6e-20   70.5   0.0    10   250    20   268    14   273 0.82 -
PSC68022.1           -           1299 2983at3041           -            256   3.3e-20   71.3   0.0   1   1   1.2e-21   5.6e-20   70.5   0.0    10   250    20   268    14   273 0.82 -
PSC72025.1           -            665 2983at3041           -            256   6.5e-20   70.3   0.0   1   1   3.5e-21   1.7e-19   69.0   0.0     3   242    20   288    18   302 0.77 -
PSC74650.1           -            895 2983at3041           -            256   7.7e-19   66.8   0.0   1   2   1.4e-19   6.5e-18   63.8   0.0     3   180   615   806   613   827 0.78 -
PSC74650.1           -            895 2983at3041           -            256   7.7e-19   66.8   0.0   2   2       2.7   1.3e+02    0.6   0.0   211   241   861   892   852   894 0.82 -
PSC71749.1           -            543 2983at3041           -            256   8.8e-19   66.6   0.0   1   1   2.7e-20   1.3e-18   66.1   0.0     2   183    21   222    20   264 0.78 -
PSC68202.1           -           3664 2983at3041           -            256   8.9e-19   66.6   0.0   1   1   6.5e-20   3.1e-18   64.8   0.0     3   177  1319  1514  1317  1540 0.78 -
PSC75074.1           -           1394 2983at3041           -            256   1.2e-18   66.2   0.0   1   1   7.7e-20   3.6e-18   64.6   0.0    14   244   747   999   736  1007 0.79 -
PSC70618.1           -            717 2983at3041           -            256   1.4e-18   66.0   0.0   1   2      0.08       3.8    5.6   0.0     3    82   389   474   387   487 0.75 -
PSC70618.1           -            717 2983at3041           -            256   1.4e-18   66.0   0.0   2   2   9.3e-18   4.4e-16   57.8   0.0    78   242   497   659   492   669 0.84 -
PSC74122.1           -            592 2983at3041           -            256   1.8e-18   65.6   0.0   1   1   9.2e-20   4.3e-18   64.3   0.0     2   242     9   243     8   257 0.78 -
PSC70788.1           -            534 2983at3041           -            256   3.4e-18   64.7   0.0   1   1   9.8e-20   4.6e-18   64.3   0.0     2   243    99   351    98   364 0.76 -
PSC73666.1           -           1333 2983at3041           -            256   1.7e-17   62.4   0.0   1   1   5.8e-19   2.7e-17   61.7   0.0    79   240   931  1103   920  1110 0.81 -
PSC75499.1           -            531 2983at3041           -            256   2.4e-17   61.9   0.0   1   1   7.5e-19   3.5e-17   61.4   0.0    16   242    48   298    30   304 0.67 -
PSC69605.1           -            396 2983at3041           -            256   2.4e-17   61.9   0.0   1   2   5.4e-18   2.6e-16   58.5   0.0     2   183    18   217    17   233 0.77 -
PSC69605.1           -            396 2983at3041           -            256   2.4e-17   61.9   0.0   2   2         2        93    1.0   0.0   211   234   271   294   261   312 0.80 -
PSC71036.1           -            722 2983at3041           -            256   4.4e-17   61.1   0.0   1   1   2.5e-18   1.2e-16   59.7   0.0    82   191   463   574   427   579 0.89 -
PSC72211.1           -            549 2983at3041           -            256   6.8e-17   60.4   0.0   1   1   2.7e-18   1.3e-16   59.5   0.0     2   230   149   393   148   402 0.78 -
PSC75018.1           -            929 2983at3041           -            256   1.8e-16   59.0   0.0   1   2   6.5e-16   3.1e-14   51.7   0.0    11   184   569   757   557   769 0.73 -
PSC75018.1           -            929 2983at3041           -            256   1.8e-16   59.0   0.0   2   2      0.12       5.6    5.0   0.0   215   245   812   843   798   853 0.80 -
PSC69449.1           -           2270 2983at3041           -            256   1.8e-16   59.0   0.0   1   1     6e-18   2.8e-16   58.4   0.0     2   185   762   956   761   995 0.85 -
PSC75446.1           -           1252 2983at3041           -            256   1.8e-16   59.0   0.0   1   2   2.8e-17   1.3e-15   56.2   0.0    15   194    53   240    44   266 0.79 -
PSC75446.1           -           1252 2983at3041           -            256   1.8e-16   59.0   0.0   2   2       3.9   1.8e+02    0.0   0.0   122   166   488   533   465   539 0.78 -
PSC68500.1           -            745 2983at3041           -            256     3e-16   58.3   0.0   1   1   8.7e-18   4.1e-16   57.9   0.0     3   183   439   626   437   663 0.85 -
PSC71564.1           -            915 2983at3041           -            256   5.9e-16   57.4   0.3   1   4   0.00047     0.022   12.9   0.0    82   133   191   246    73   272 0.83 -
PSC71564.1           -            915 2983at3041           -            256   5.9e-16   57.4   0.3   2   4   0.00085      0.04   12.0   0.0   138   179   320   360   301   368 0.86 -
PSC71564.1           -            915 2983at3041           -            256   5.9e-16   57.4   0.3   3   4   0.00016    0.0075   14.4   0.0    64   132   620   702   613   708 0.69 -
PSC71564.1           -            915 2983at3041           -            256   5.9e-16   57.4   0.3   4   4   0.00093     0.044   11.9   0.0   137   177   783   822   770   837 0.81 -
PSC71399.1           -           1217 2983at3041           -            256   7.8e-16   57.0   0.0   1   2   1.2e-10   5.7e-09   34.5   0.0    13   156   489   646   482   655 0.73 -
PSC71399.1           -           1217 2983at3041           -            256   7.8e-16   57.0   0.0   2   2   2.8e-06   0.00013   20.2   0.0   162   249   673   761   664   765 0.88 -
PSC74119.1           -            317 2983at3041           -            256   8.2e-16   56.9   0.0   1   2   4.4e-15   2.1e-13   49.0   0.0     3   171    10   202     8   214 0.72 -
PSC74119.1           -            317 2983at3041           -            256   8.2e-16   56.9   0.0   2   2     0.067       3.1    5.8   0.0   212   242   266   297   257   308 0.79 -
PSC76747.1           -           1270 2983at3041           -            256     1e-15   56.6   0.0   1   1   3.4e-17   1.6e-15   55.9   0.0     3   187   901  1109   899  1161 0.77 -
PSC73739.1           -           1592 2983at3041           -            256   2.3e-15   55.4   0.0   1   1   7.6e-17   3.6e-15   54.8   0.0     2   183   607   804   606   827 0.81 -
PSC73922.1           -           1279 2983at3041           -            256   2.4e-15   55.3   0.0   1   1     9e-17   4.2e-15   54.5   0.0    37   188   945  1106   941  1132 0.76 -
PSC68117.1           -            531 2983at3041           -            256   2.5e-15   55.3   0.0   1   1   6.9e-17   3.2e-15   54.9   0.0     2   187   256   452   255   492 0.85 -
PSC77050.1           -            488 2983at3041           -            256   3.4e-15   54.9   0.0   1   1   1.1e-16   5.2e-15   54.3   0.0    81   175    86   180    75   201 0.89 -
PSC70617.1           -            841 2983at3041           -            256   4.3e-15   54.5   0.1   1   1   1.7e-16     8e-15   53.6   0.1    22   200    78   260    55   273 0.80 -
PSC74167.1           -            448 2983at3041           -            256   5.7e-15   54.1   0.0   1   1   1.9e-16   9.1e-15   53.5   0.0    32   187   115   282    94   299 0.80 -
PSC68562.1           -           1685 2983at3041           -            256   6.7e-15   53.9   0.0   1   1   2.1e-16   9.7e-15   53.4   0.0     3   184  1228  1420  1226  1449 0.84 -
PSC73227.1           -            824 2983at3041           -            256   7.8e-15   53.7   0.0   1   1   2.6e-16   1.2e-14   53.1   0.0     2   185   576   776   575   807 0.82 -
PSC74771.1           -            293 2983at3041           -            256   8.8e-15   53.5   0.0   1   1   2.8e-16   1.3e-14   52.9   0.0     3   180    52   239    50   277 0.84 -
PSC69411.1           -            865 2983at3041           -            256   1.1e-14   53.2   0.0   1   1   3.8e-16   1.8e-14   52.5   0.0     3   173   562   738   560   743 0.82 -
PSC71845.1           -           1235 2983at3041           -            256   1.2e-14   53.1   0.0   1   1   4.4e-16   2.1e-14   52.3   0.0    37   183   976  1132   932  1172 0.76 -
PSC72792.1           -            624 2983at3041           -            256   1.4e-14   52.9   0.0   1   1   4.3e-16     2e-14   52.3   0.0    43   186   426   580   418   619 0.77 -
PSC71778.1           -           1440 2983at3041           -            256   1.9e-14   52.4   0.0   1   1   6.3e-16     3e-14   51.8   0.0     2   184   672   870   671   876 0.80 -
PSC76714.1           -            593 2983at3041           -            256   2.8e-14   51.9   0.0   1   1   9.4e-16   4.4e-14   51.2   0.0     3   183   216   418   214   447 0.78 -
PSC67989.1           -           2067 2983at3041           -            256   3.5e-14   51.5   0.3   1   2   2.1e-12   9.7e-11   40.3   0.1    14   133    59   201    43   207 0.70 -
PSC67989.1           -           2067 2983at3041           -            256   3.5e-14   51.5   0.3   2   2     0.054       2.5    6.1   0.0   142   171   275   304   266   314 0.81 -
PSC67990.1           -           2068 2983at3041           -            256   3.5e-14   51.5   0.3   1   2   2.1e-12   9.7e-11   40.3   0.1    14   133    59   201    43   207 0.70 -
PSC67990.1           -           2068 2983at3041           -            256   3.5e-14   51.5   0.3   2   2     0.054       2.5    6.1   0.0   142   171   275   304   266   314 0.81 -
PSC70242.1           -           1699 2983at3041           -            256   5.4e-14   50.9   0.0   1   1   2.3e-15   1.1e-13   49.9   0.0    31   184  1332  1497  1284  1505 0.74 -
PSC69880.1           -           2363 2983at3041           -            256   6.4e-14   50.7   0.0   1   2   1.6e-11   7.4e-10   37.4   0.0     2   178  1173  1361  1172  1369 0.83 -
PSC69880.1           -           2363 2983at3041           -            256   6.4e-14   50.7   0.0   2   2    0.0021       0.1   10.7   0.0    11   120  1983  2101  1970  2144 0.76 -
PSC72144.1           -           1381 2983at3041           -            256   7.6e-14   50.4   0.0   1   1   3.6e-15   1.7e-13   49.3   0.0    35   183  1002  1162   996  1167 0.78 -
PSC76682.1           -           2007 2983at3041           -            256   2.1e-13   49.0   0.0   1   2     7e-06   0.00033   18.9   0.0    94   159   769   844   759   856 0.74 -
PSC76682.1           -           2007 2983at3041           -            256   2.1e-13   49.0   0.0   2   2   4.4e-08     2e-06   26.1   0.0    95   180  1801  1895  1793  1913 0.79 -
PSC75716.1           -            483 2983at3041           -            256   2.6e-13   48.7   0.0   1   1     8e-15   3.8e-13   48.2   0.0     3   183   232   426   230   433 0.77 -
PSC72028.1           -           1749 2983at3041           -            256   4.4e-13   47.9   0.0   1   1   1.4e-14   6.7e-13   47.3   0.0     2   184  1063  1257  1062  1265 0.80 -
PSC71262.1           -            513 2983at3041           -            256   5.7e-13   47.6   0.0   1   1   1.7e-14   8.1e-13   47.1   0.0     2   184   197   396   196   405 0.79 -
PSC72746.1           -            935 2983at3041           -            256   7.5e-13   47.2   0.0   1   1   2.2e-14   1.1e-12   46.7   0.0     3   187   625   820   623   830 0.80 -
PSC72745.1           -            936 2983at3041           -            256   7.5e-13   47.2   0.0   1   1   2.2e-14   1.1e-12   46.7   0.0     3   187   626   821   624   831 0.80 -
PSC69649.1           -           1483 2983at3041           -            256   1.8e-12   46.0   0.0   1   2       4.9   2.3e+02   -0.3   0.0     3    56   362   421   360   431 0.67 -
PSC69649.1           -           1483 2983at3041           -            256   1.8e-12   46.0   0.0   2   2   1.9e-11   9.1e-10   37.1   0.0    62   140   685   765   679   842 0.76 -
PSC69648.1           -           1485 2983at3041           -            256   1.8e-12   46.0   0.0   1   2       4.9   2.3e+02   -0.3   0.0     3    56   364   423   362   433 0.67 -
PSC69648.1           -           1485 2983at3041           -            256   1.8e-12   46.0   0.0   2   2   1.9e-11   9.1e-10   37.1   0.0    62   140   687   767   681   844 0.76 -
PSC70863.1           -           1078 2983at3041           -            256   2.5e-12   45.5   0.0   1   1   8.4e-14     4e-12   44.8   0.0    35   208   729   915   683   927 0.72 -
PSC69656.1           -            615 2983at3041           -            256   4.3e-12   44.7   0.0   1   2      0.95        45    2.0   0.0     3    57   241   299   239   305 0.78 -
PSC69656.1           -            615 2983at3041           -            256   4.3e-12   44.7   0.0   2   2   1.9e-12     9e-11   40.4   0.0    95   187   440   541   434   583 0.80 -
PSC70507.1           -           1075 2983at3041           -            256   5.8e-12   44.3   0.0   1   1   3.7e-13   1.8e-11   42.7   0.0     2   230   199   461   198   481 0.76 -
PSC73546.1           -            943 2983at3041           -            256     8e-12   43.8   0.0   1   1     3e-13   1.4e-11   43.0   0.0     3   182   670   874   668   881 0.77 -
PSC74689.1           -            697 2983at3041           -            256   1.1e-11   43.3   0.2   1   2     0.021      0.97    7.5   0.1     3    68    10    87     8    92 0.71 -
PSC74689.1           -            697 2983at3041           -            256   1.1e-11   43.3   0.2   2   2   1.4e-10   6.8e-09   34.2   0.0   104   182    93   183    79   196 0.70 -
PSC67144.1           -           1218 2983at3041           -            256   1.4e-11   43.0   0.0   1   1   4.4e-13   2.1e-11   42.5   0.0     2   174   973  1155   972  1166 0.81 -
PSC67771.1           -            946 2983at3041           -            256   1.6e-11   42.9   0.0   1   1   6.2e-13   2.9e-11   42.0   0.0    10   184   681   875   672   885 0.72 -
PSC72577.1           -           1147 2983at3041           -            256   2.3e-11   42.3   0.0   1   1   7.3e-13   3.4e-11   41.7   0.0     3   184   490   682   488   716 0.80 -
PSC72578.1           -           1147 2983at3041           -            256   2.3e-11   42.3   0.0   1   1   7.3e-13   3.4e-11   41.7   0.0     3   184   490   682   488   716 0.80 -
PSC73896.1           -           1513 2983at3041           -            256   2.5e-11   42.2   0.0   1   1     1e-12   4.7e-11   41.3   0.0    31   188   871  1044   861  1055 0.74 -
PSC73895.1           -           1520 2983at3041           -            256   2.5e-11   42.2   0.0   1   1     1e-12   4.8e-11   41.3   0.0    31   188   878  1051   868  1062 0.74 -
PSC69274.1           -            969 2983at3041           -            256   2.6e-11   42.2   0.0   1   2      0.59        28    2.7   0.0   162   172   144   154   109   160 0.85 -
PSC69274.1           -            969 2983at3041           -            256   2.6e-11   42.2   0.0   2   2   3.5e-11   1.6e-09   36.2   0.0    37   183   737   895   685   901 0.73 -
PSC67738.1           -            849 2983at3041           -            256   3.1e-11   41.9   0.0   1   1   1.3e-12   6.3e-11   40.9   0.0   105   189   162   260   112   296 0.75 -
PSC67293.1           -           1019 2983at3041           -            256   4.5e-11   41.3   0.0   1   1   1.4e-12   6.7e-11   40.8   0.0     3   187   656   856   654   867 0.80 -
PSC73241.1           -           1071 2983at3041           -            256   7.2e-11   40.7   0.0   1   1     3e-12   1.4e-10   39.7   0.0    92   187   896   992   889  1000 0.91 -
PSC73738.1           -           1589 2983at3041           -            256   7.4e-11   40.6   0.0   1   1   2.4e-12   1.1e-10   40.0   0.0     2   183   607   801   606   824 0.80 -
PSC70160.1           -            720 2983at3041           -            256     1e-10   40.2   0.0   1   1   3.2e-12   1.5e-10   39.7   0.0    45   187   308   463   258   513 0.78 -
PSC74773.1           -            744 2983at3041           -            256   1.1e-10   40.0   0.0   1   1   3.4e-12   1.6e-10   39.5   0.0     2   178   501   689   500   695 0.81 -
PSC69602.1           -            316 2983at3041           -            256   1.3e-10   39.8   0.0   1   2   2.6e-09   1.2e-07   30.1   0.0    32   135    10   117     2   124 0.86 -
PSC69602.1           -            316 2983at3041           -            256   1.3e-10   39.8   0.0   2   2     0.021      0.97    7.5   0.0   139   181   165   207   162   216 0.86 -
PSC69867.1           -           1771 2983at3041           -            256   1.6e-10   39.5   0.0   1   1   1.3e-11   5.9e-10   37.7   0.0     3   188  1032  1243  1030  1279 0.71 -
PSC73768.1           -            624 2983at3041           -            256     3e-10   38.7   0.0   1   1     1e-11   4.9e-10   38.0   0.0     3   183   374   569   372   579 0.78 -
PSC76913.1           -           1569 2983at3041           -            256   3.5e-10   38.4   0.0   1   1   1.4e-11   6.5e-10   37.5   0.0    64   184  1332  1463  1328  1471 0.78 -
PSC72637.1           -            698 2983at3041           -            256   5.5e-10   37.8   0.0   1   2      0.65        30    2.6   0.0     3    54   356   410   354   421 0.79 -
PSC72637.1           -            698 2983at3041           -            256   5.5e-10   37.8   0.0   2   2   3.7e-10   1.7e-08   32.9   0.0    95   179   524   617   511   628 0.81 -
PSC73919.1           -           1303 2983at3041           -            256   5.7e-10   37.7   0.0   1   2       0.5        24    2.9   0.0     2    57   951  1012   950  1021 0.75 -
PSC73919.1           -           1303 2983at3041           -            256   5.7e-10   37.7   0.0   2   2   5.3e-10   2.5e-08   32.4   0.0    56   193  1087  1243  1083  1258 0.74 -
PSC69315.1           -           1026 2983at3041           -            256   8.1e-10   37.2   0.0   1   1     2e-10   9.6e-09   33.7   0.0    81   191   167   292   149   309 0.78 -
PSC69314.1           -           1074 2983at3041           -            256     9e-10   37.1   0.0   1   1   2.2e-10     1e-08   33.6   0.0    81   191   167   292   149   309 0.78 -
PSC74168.1           -            446 2983at3041           -            256   1.2e-09   36.7   0.0   1   1   4.5e-11   2.1e-09   35.9   0.0    98   183   297   386   292   396 0.80 -
PSC71172.1           -           2127 2983at3041           -            256   1.4e-09   36.5   0.0   1   1   8.6e-11     4e-09   35.0   0.0    82   213  1902  2030  1828  2053 0.75 -
PSC71171.1           -           2190 2983at3041           -            256   1.5e-09   36.4   0.0   1   1   8.9e-11   4.2e-09   34.9   0.0    82   213  1965  2093  1891  2116 0.75 -
PSC67189.1           -            520 2983at3041           -            256   1.9e-09   36.0   0.0   1   1   6.1e-11   2.9e-09   35.5   0.0    35   187   281   440   271   446 0.82 -
PSC71652.1           -           1090 2983at3041           -            256   2.1e-09   35.9   0.0   1   2   5.2e-07   2.4e-05   22.6   0.0    17   133   732   878   722   890 0.64 -
PSC71652.1           -           1090 2983at3041           -            256   2.1e-09   35.9   0.0   2   2    0.0022       0.1   10.7   0.0   143   182   962  1000   954  1005 0.87 -
PSC71653.1           -           1093 2983at3041           -            256   2.1e-09   35.9   0.0   1   2   5.2e-07   2.4e-05   22.6   0.0    17   133   735   881   725   893 0.64 -
PSC71653.1           -           1093 2983at3041           -            256   2.1e-09   35.9   0.0   2   2    0.0022       0.1   10.7   0.0   143   182   965  1003   957  1008 0.87 -
PSC70459.1           -           1072 2983at3041           -            256   2.8e-09   35.5   0.0   1   1   8.5e-11     4e-09   35.0   0.0     2   182   446   638   445   659 0.82 -
PSC77000.1           -           1882 2983at3041           -            256   2.8e-09   35.5   0.0   1   1   1.2e-10   5.6e-09   34.5   0.0     2   177  1639  1826  1638  1835 0.79 -
PSC76999.1           -           2005 2983at3041           -            256   3.1e-09   35.3   0.0   1   1   1.3e-10     6e-09   34.4   0.0     2   177  1762  1949  1761  1958 0.79 -
PSC69697.1           -           1202 2983at3041           -            256   3.6e-09   35.1   0.0   1   1   1.7e-10   8.1e-09   34.0   0.0    30   182   970  1117   928  1133 0.75 -
PSC69696.1           -           1205 2983at3041           -            256   3.6e-09   35.1   0.0   1   1   1.7e-10   8.2e-09   34.0   0.0    30   182   973  1120   931  1136 0.75 -
PSC73574.1           -            585 2983at3041           -            256   5.2e-09   34.6   0.0   1   3      0.19       8.8    4.3   0.0    88   120   294   327   291   332 0.86 -
PSC73574.1           -            585 2983at3041           -            256   5.2e-09   34.6   0.0   2   3   5.3e-08   2.5e-06   25.8   0.0   124   187   359   421   330   444 0.85 -
PSC73574.1           -            585 2983at3041           -            256   5.2e-09   34.6   0.0   3   3       3.7   1.7e+02    0.1   0.0   216   247   494   526   485   527 0.86 -
PSC73573.1           -            589 2983at3041           -            256   5.3e-09   34.6   0.0   1   3      0.19       8.9    4.3   0.0    88   120   298   331   295   336 0.86 -
PSC73573.1           -            589 2983at3041           -            256   5.3e-09   34.6   0.0   2   3   5.4e-08   2.5e-06   25.8   0.0   124   187   363   425   334   448 0.85 -
PSC73573.1           -            589 2983at3041           -            256   5.3e-09   34.6   0.0   3   3       3.7   1.8e+02    0.1   0.0   216   247   498   530   489   531 0.86 -
PSC68135.1           -            190 2983at3041           -            256   6.8e-09   34.2   0.0   1   1   4.7e-10   2.2e-08   32.5   0.0    38   179    47   185    41   188 0.80 -
PSC67188.1           -            547 2983at3041           -            256   6.9e-09   34.2   0.0   1   1   2.2e-10     1e-08   33.6   0.0    38   187   311   467   305   473 0.81 -
PSC69147.1           -           1370 2983at3041           -            256   1.4e-08   33.2   0.0   1   2       0.1       4.7    5.2   0.0     3    59   274   336   272   341 0.70 -
PSC69147.1           -           1370 2983at3041           -            256   1.4e-08   33.2   0.0   2   2   5.9e-08   2.8e-06   25.7   0.0    92   185  1161  1265  1120  1272 0.83 -
PSC74662.1           -           1280 2983at3041           -            256   1.6e-08   33.0   0.0   1   1   5.3e-10   2.5e-08   32.4   0.0    95   185   744   844   681   875 0.82 -
PSC71657.1           -            561 2983at3041           -            256   2.4e-08   32.4   0.0   1   2   4.8e-05    0.0023   16.1   0.0    61   132   248   333   219   344 0.76 -
PSC71657.1           -            561 2983at3041           -            256   2.4e-08   32.4   0.0   2   2   0.00034     0.016   13.3   0.0   143   177   435   468   428   477 0.87 -
PSC76706.1           -           1865 2983at3041           -            256   3.8e-08   31.8   0.0   1   1   1.2e-09   5.7e-08   31.2   0.0     2   156   412   576   411   613 0.78 -
PSC76704.1           -           2591 2983at3041           -            256   5.5e-08   31.2   0.0   1   1   1.8e-09   8.6e-08   30.6   0.0     2   156  1138  1302  1137  1337 0.78 -
PSC76759.1           -           1214 2983at3041           -            256   5.8e-08   31.2   0.0   1   1   1.8e-09   8.4e-08   30.6   0.0     4   187   103   308   100   320 0.69 -
PSC75913.1           -           1429 2983at3041           -            256     1e-07   30.3   0.0   1   1   3.9e-09   1.8e-07   29.5   0.0    20   173  1028  1189  1016  1231 0.79 -
PSC75912.1           -           1496 2983at3041           -            256   1.1e-07   30.2   0.0   1   1   4.1e-09     2e-07   29.4   0.0    20   173  1095  1256  1083  1298 0.79 -
PSC69555.1           -            938 2983at3041           -            256   1.3e-07   30.0   0.0   1   1   4.4e-09   2.1e-07   29.4   0.0     2   174   684   866   683   873 0.82 -
PSC74357.1           -           1056 2983at3041           -            256   1.5e-07   29.8   0.0   1   1   5.2e-09   2.4e-07   29.1   0.0    62   197   435   586   426   603 0.72 -
PSC70996.1           -            465 2983at3041           -            256   1.6e-07   29.7   0.0   1   1   2.5e-07   1.2e-05   23.6   0.0    17   182   266   418   254   429 0.73 -
PSC72443.1           -           1370 2983at3041           -            256   1.6e-07   29.7   0.0   1   1   7.4e-09   3.5e-07   28.6   0.0    89   184   607   712   489   756 0.75 -
PSC69721.1           -           1019 2983at3041           -            256   1.8e-07   29.6   0.0   1   2   2.8e-05    0.0013   16.9   0.0    16   120   115   230   105   235 0.77 -
PSC69721.1           -           1019 2983at3041           -            256   1.8e-07   29.6   0.0   2   2    0.0027      0.13   10.4   0.0   121   179   255   315   248   329 0.84 -
PSC73115.1           -           1070 2983at3041           -            256   4.7e-07   28.2   0.0   1   1   2.1e-08   9.7e-07   27.2   0.0     3   179   463   669   461   681 0.70 -
PSC73594.1           -           1677 2983at3041           -            256   8.1e-07   27.4   0.0   1   3     0.037       1.7    6.7   0.0    62   123   252   319   178   334 0.56 -
PSC73594.1           -           1677 2983at3041           -            256   8.1e-07   27.4   0.0   2   3   2.7e-05    0.0013   16.9   0.0   124   190   349   415   336   442 0.77 -
PSC73594.1           -           1677 2983at3041           -            256   8.1e-07   27.4   0.0   3   3       7.2   3.4e+02   -0.8   0.0   214   247   480   514   462   522 0.81 -
PSC67135.1           -            661 2983at3041           -            256   1.3e-06   26.7   0.0   1   2   1.1e-07   5.2e-06   24.8   0.0    88   133   278   324   266   348 0.88 -
PSC67135.1           -            661 2983at3041           -            256   1.3e-06   26.7   0.0   2   2        10   4.7e+02   -1.3   0.0   216   248   448   481   417   488 0.71 -
PSC69101.1           -            662 2983at3041           -            256   1.3e-06   26.7   0.0   1   1   1.1e-07   5.3e-06   24.7   0.0    88   133   279   325   267   349 0.88 -
PSC73406.1           -           1256 2983at3041           -            256   1.4e-06   26.6   0.0   1   1   6.2e-08   2.9e-06   25.6   0.0     2   183   675   861   674   907 0.81 -
PSC73307.1           -            427 2983at3041           -            256   1.5e-06   26.5   0.0   1   1   4.6e-08   2.2e-06   26.0   0.0    72   186    90   216    13   278 0.70 -
PSC74872.1           -            501 2983at3041           -            256   1.9e-06   26.2   0.0   1   3       4.6   2.2e+02   -0.2   0.0    17    61   105   150    99   188 0.63 -
PSC74872.1           -            501 2983at3041           -            256   1.9e-06   26.2   0.0   2   3       3.1   1.5e+02    0.4   0.0    91   119   214   244   208   301 0.77 -
PSC74872.1           -            501 2983at3041           -            256   1.9e-06   26.2   0.0   3   3   9.9e-07   4.7e-05   21.6   0.0   145   232   391   482   381   500 0.73 -
PSC68985.1           -            669 2983at3041           -            256   2.2e-06   26.0   0.0   1   2     0.058       2.7    6.0   0.0    88   119   177   209   134   222 0.87 -
PSC68985.1           -            669 2983at3041           -            256   2.2e-06   26.0   0.0   2   2   3.1e-05    0.0015   16.7   0.0   123   190   361   426   341   449 0.84 -
PSC70592.1           -            832 2983at3041           -            256   2.3e-06   26.0   0.0   1   1     1e-07   4.8e-06   24.9   0.0    91   195   636   747   632   772 0.81 -
PSC67926.1           -            809 2983at3041           -            256   9.7e-06   23.9   0.0   1   1   5.1e-07   2.4e-05   22.6   0.0    93   199   195   317   192   360 0.81 -
PSC71701.1           -           1765 2983at3041           -            256     1e-05   23.8   0.0   1   1   4.3e-06    0.0002   19.6   0.0    13   179  1521  1691  1512  1697 0.67 -
PSC72762.1           -           1909 2983at3041           -            256   1.2e-05   23.6   0.0   1   1   2.8e-06   0.00013   20.2   0.0     3   188   108   324   106   336 0.67 -
PSC70418.1           -            859 2983at3041           -            256   2.3e-05   22.7   0.0   1   1   8.1e-07   3.8e-05   21.9   0.0    95   186   573   673   569   719 0.76 -
PSC74338.1           -           1739 2983at3041           -            256   2.3e-05   22.7   0.0   1   1   7.5e-07   3.5e-05   22.0   0.0    18   172   132   298   109   312 0.69 -
PSC74722.1           -            366 2983at3041           -            256   2.9e-05   22.3   0.0   1   1   7.7e-07   3.6e-05   22.0   0.0    96   180    37   121     1   131 0.83 -
PSC70012.1           -           1074 2983at3041           -            256   3.7e-05   22.0   0.0   1   1   1.2e-06   5.7e-05   21.4   0.0     2   178   415   605   414   612 0.78 -
PSC76957.1           -            966 2983at3041           -            256   5.3e-05   21.5   0.0   1   1   2.1e-06   9.8e-05   20.6   0.0    94   172   823   910   784   924 0.77 -
PSC72112.1           -           1987 2983at3041           -            256     7e-05   21.1   0.0   1   1   2.8e-06   0.00013   20.2   0.0    73   120   113   162    75   176 0.79 -
PSC75773.1           -            855 2983at3041           -            256   0.00011   20.5   0.0   1   1   3.9e-06   0.00018   19.7   0.0    88   174   186   280   138   296 0.83 -
PSC67765.1           -           1536 2983at3041           -            256   0.00012   20.3   0.0   1   1   4.7e-06   0.00022   19.4   0.0    91   154  1341  1408  1329  1418 0.83 -
PSC72507.1           -           1285 2983at3041           -            256   0.00012   20.3   0.0   1   1   5.8e-06   0.00027   19.1   0.0    92   184   998  1097   990  1141 0.80 -
PSC72506.1           -           1286 2983at3041           -            256   0.00012   20.3   0.0   1   1   5.8e-06   0.00027   19.1   0.0    92   184   999  1098   991  1142 0.80 -
PSC69706.1           -            907 2983at3041           -            256   0.00013   20.2   0.0   1   1   8.5e-06    0.0004   18.6   0.0    93   181   715   812   676   858 0.80 -
PSC73366.1           -            528 2983at3041           -            256    0.0003   19.0   0.0   1   2   0.00011    0.0054   14.9   0.0     3   119   199   329   197   335 0.69 -
PSC73366.1           -            528 2983at3041           -            256    0.0003   19.0   0.0   2   2       2.9   1.4e+02    0.4   0.0   123   174   355   408   348   417 0.83 -
PSC68597.1           -           1058 2983at3041           -            256   0.00033   18.9   0.0   1   1     1e-05   0.00048   18.3   0.0     3   168   880  1051   878  1054 0.77 -
PSC73365.1           -            524 2983at3041           -            256   0.00034   18.8   0.0   1   2   0.00011    0.0053   14.9   0.0     3   119   195   325   193   331 0.69 -
PSC73365.1           -            524 2983at3041           -            256   0.00034   18.8   0.0   2   2       2.9   1.4e+02    0.4   0.0   123   174   351   404   344   413 0.83 -
PSC73251.1           -           1350 2983at3041           -            256   0.00083   17.6   0.0   1   1     4e-05    0.0019   16.4   0.0    94   181  1157  1254  1151  1285 0.82 -
PSC73999.1           -           1462 2983at3041           -            256    0.0013   17.0   0.0   1   2   0.00012    0.0056   14.8   0.0    94   184   978  1079   959  1083 0.64 -
PSC73999.1           -           1462 2983at3041           -            256    0.0013   17.0   0.0   2   2        10   4.7e+02   -1.3   0.0   209   242  1139  1173  1134  1176 0.81 -
PSC76349.1           -           2476 2983at3041           -            256    0.0015   16.7   0.0   1   1   0.00019    0.0089   14.2   0.0   103   193  1876  2005  1860  2048 0.67 -
PSC68256.1           -           1025 2983at3041           -            256    0.0022   16.1   0.0   1   1   8.1e-05    0.0038   15.4   0.0    84   152   173   247   166   258 0.80 -
PSC71659.1           -            586 2983at3041           -            256    0.0024   16.1   0.0   1   1   0.00013     0.006   14.7   0.0    13   133   334   465   321   482 0.71 -
PSC73791.1           -           1306 2983at3041           -            256     0.017   13.3   0.0   1   1   0.00064      0.03   12.4   0.0   108   174   689   757   683   764 0.87 -
PSC74755.1           -           1062 2983at3041           -            256      0.02   13.0   0.0   1   2     0.016      0.75    7.9   0.0    46   120   811   887   807   891 0.85 -
PSC74755.1           -           1062 2983at3041           -            256      0.02   13.0   0.0   2   2      0.76        36    2.4   0.0   142   180   953   990   928  1001 0.79 -
#
# Program:         hmmsearch
# Version:         3.1b2 (February 2015)
# Pipeline mode:   SEARCH
# Query file:      /Users/catrionaharrison/Documents/Bioinformatics/rp2/Data/genomes/busco/busco_downloads/lineages/chlorophyta_odb10/hmms/2983at3041.hmm
# Target file:     /Users/catrionaharrison/Documents/Bioinformatics/rp2/Data/genomes/busco/data/micractinium_conductrix.prot.fasta
# Option settings: hmmsearch --domtblout /Users/catrionaharrison/Documents/Bioinformatics/rp2/Data/genomes/busco/Busco_conductrix/run_chlorophyta_odb10/hmmer_output/initial_run_results/2983at3041.out --cpu 1 /Users/catrionaharrison/Documents/Bioinformatics/rp2/Data/genomes/busco/busco_downloads/lineages/chlorophyta_odb10/hmms/2983at3041.hmm /Users/catrionaharrison/Documents/Bioinformatics/rp2/Data/genomes/busco/data/micractinium_conductrix.prot.fasta 
# Current dir:     /Users/catrionaharrison/Documents/Bioinformatics/rp2/Data/genomes/busco
# Date:            Fri Jul 22 15:19:09 2022
# [ok]
