#                                                                            --- full sequence --- -------------- this domain -------------   hmm coord   ali coord   env coord
# target name        accession   tlen query name           accession   qlen   E-value  score  bias   #  of  c-Evalue  i-Evalue  score  bias  from    to  from    to  from    to  acc description of target
#------------------- ---------- ----- -------------------- ---------- ----- --------- ------ ----- --- --- --------- --------- ------ ----- ----- ----- ----- ----- ----- ----- ---- ---------------------
PSC76155.1           -            987 3034at3041           -            468  4.7e-142  473.3  26.8   1   5       1.2   2.4e+03   -3.9   0.1     7    29   165   189   164   190 0.82 -
PSC76155.1           -            987 3034at3041           -            468  4.7e-142  473.3  26.8   2   5   2.4e-78   4.7e-75  252.3   4.4    26   214   210   421   199   424 0.90 -
PSC76155.1           -            987 3034at3041           -            468  4.7e-142  473.3  26.8   3   5   1.2e-27   2.5e-24   85.1   0.6   211   337   484   645   479   672 0.78 -
PSC76155.1           -            987 3034at3041           -            468  4.7e-142  473.3  26.8   4   5   4.6e-22   9.3e-19   66.8   0.1   332   388   673   729   661   742 0.90 -
PSC76155.1           -            987 3034at3041           -            468  4.7e-142  473.3  26.8   5   5   2.5e-26   5.1e-23   80.8   0.6   396   468   775   850   763   850 0.92 -
PSC70641.1           -            718 3034at3041           -            468   3.5e-48  163.8   0.5   1   4   1.2e-18   2.4e-15   55.5   0.6    89   209   111   246    25   257 0.75 -
PSC70641.1           -            718 3034at3041           -            468   3.5e-48  163.8   0.5   2   4      0.21   4.2e+02   -1.3   0.0   220   239   281   300   275   334 0.70 -
PSC70641.1           -            718 3034at3041           -            468   3.5e-48  163.8   0.5   3   4   2.3e-20   4.7e-17   61.1   0.0   243   394   331   487   316   493 0.88 -
PSC70641.1           -            718 3034at3041           -            468   3.5e-48  163.8   0.5   4   4   2.3e-14   4.7e-11   41.3   0.0   388   456   513   581   509   588 0.90 -
PSC73303.1           -           2182 3034at3041           -            468   9.9e-22   76.5  19.6   1   4   1.7e-09   3.5e-06   25.3   4.0    30   208     6   212     1   219 0.76 -
PSC73303.1           -           2182 3034at3041           -            468   9.9e-22   76.5  19.6   2   4   3.9e-06    0.0078   14.3   0.1   260   317   350   411   296   420 0.76 -
PSC73303.1           -           2182 3034at3041           -            468   9.9e-22   76.5  19.6   3   4   3.8e-10   7.7e-07   27.4   0.1   335   389   449   503   444   511 0.91 -
PSC73303.1           -           2182 3034at3041           -            468   9.9e-22   76.5  19.6   4   4   4.2e-07   0.00085   17.4   0.5   391   467   527   605   518   606 0.86 -
PSC75406.1           -           1807 3034at3041           -            468   1.5e-15   56.2   5.8   1   2   1.3e-10   2.7e-07   29.0   1.1   145   210   429   500   365   512 0.69 -
PSC75406.1           -           1807 3034at3041           -            468   1.5e-15   56.2   5.8   2   2   1.1e-10   2.3e-07   29.2   0.2   341   466  1077  1219  1061  1221 0.74 -
PSC71851.1           -           1541 3034at3041           -            468   1.4e-07   29.9  10.9   1   5     0.093   1.9e+02   -0.2   0.1   149   192   567   609   565   614 0.83 -
PSC71851.1           -           1541 3034at3041           -            468   1.4e-07   29.9  10.9   2   5   2.1e-05     0.043   11.8   0.1   241   316   947  1031   935  1051 0.70 -
PSC71851.1           -           1541 3034at3041           -            468   1.4e-07   29.9  10.9   3   5   4.9e-08   9.8e-05   20.5   0.0   328   384  1069  1125  1061  1138 0.87 -
PSC71851.1           -           1541 3034at3041           -            468   1.4e-07   29.9  10.9   4   5      0.59   1.2e+03   -2.9   1.2   136   179  1194  1237  1147  1242 0.60 -
PSC71851.1           -           1541 3034at3041           -            468   1.4e-07   29.9  10.9   5   5     0.051     1e+02    0.7   0.0   415   448  1377  1411  1374  1414 0.86 -
#
# Program:         hmmsearch
# Version:         3.1b2 (February 2015)
# Pipeline mode:   SEARCH
# Query file:      /Users/catrionaharrison/Documents/Bioinformatics/rp2/Data/genomes/busco/busco_downloads/lineages/chlorophyta_odb10/hmms/3034at3041.hmm
# Target file:     /Users/catrionaharrison/Documents/Bioinformatics/rp2/Data/genomes/busco/data/micractinium_conductrix.prot.fasta
# Option settings: hmmsearch --domtblout /Users/catrionaharrison/Documents/Bioinformatics/rp2/Data/genomes/busco/Busco_conductrix/run_chlorophyta_odb10/hmmer_output/initial_run_results/3034at3041.out --cpu 1 /Users/catrionaharrison/Documents/Bioinformatics/rp2/Data/genomes/busco/busco_downloads/lineages/chlorophyta_odb10/hmms/3034at3041.hmm /Users/catrionaharrison/Documents/Bioinformatics/rp2/Data/genomes/busco/data/micractinium_conductrix.prot.fasta 
# Current dir:     /Users/catrionaharrison/Documents/Bioinformatics/rp2/Data/genomes/busco
# Date:            Fri Jul 22 15:19:26 2022
# [ok]
