#                                                                            --- full sequence --- -------------- this domain -------------   hmm coord   ali coord   env coord
# target name        accession   tlen query name           accession   qlen   E-value  score  bias   #  of  c-Evalue  i-Evalue  score  bias  from    to  from    to  from    to  acc description of target
#------------------- ---------- ----- -------------------- ---------- ----- --------- ------ ----- --- --- --------- --------- ------ ----- ----- ----- ----- ----- ----- ----- ---- ---------------------
PSC71610.1           -            428 3208at3041           -            277  3.1e-129  429.0   0.0   1   1  8.6e-131  3.7e-129  428.7   0.0     1   276     2   303     2   304 0.91 -
PSC74650.1           -            895 3208at3041           -            277     2e-81  272.2   0.0   1   1   6.3e-83   2.7e-81  271.7   0.0     1   267   607   894   607   894 0.89 -
PSC74284.1           -            683 3208at3041           -            277   4.3e-78  261.2   0.0   1   1   1.6e-79   6.9e-78  260.6   0.0     2   269   349   650   348   655 0.87 -
PSC74119.1           -            317 3208at3041           -            277   1.5e-70  236.5   0.0   1   1   4.4e-72   1.9e-70  236.2   0.0     1   266     2   297     2   304 0.85 -
PSC68206.1           -            672 3208at3041           -            277   1.8e-70  236.3   0.0   1   1   5.5e-72   2.4e-70  235.8   0.0     2   274    60   354    59   357 0.89 -
PSC70416.1           -            881 3208at3041           -            277   9.5e-66  220.7   0.0   1   1   4.5e-67   1.9e-65  219.7   0.0     2   266    32   320    31   329 0.85 -
PSC75018.1           -            929 3208at3041           -            277   3.6e-63  212.3   0.0   1   1   1.2e-64   5.2e-63  211.8   0.0     7   269   556   843   551   851 0.85 -
PSC69605.1           -            396 3208at3041           -            277   8.9e-63  211.0   0.0   1   1   2.7e-64   1.2e-62  210.6   0.0     2   271    12   311    11   316 0.84 -
PSC68202.1           -           3664 3208at3041           -            277   1.5e-59  200.4   0.0   1   1   2.9e-59   1.3e-57  194.1   0.0     6   270  1316  1634  1311  1637 0.77 -
PSC74124.1           -            430 3208at3041           -            277   2.2e-58  196.6   0.0   1   1   6.8e-60     3e-58  196.2   0.0     2   267    93   379    92   391 0.82 -
PSC70855.1           -            654 3208at3041           -            277   1.1e-56  191.0   0.0   1   1   3.7e-58   1.6e-56  190.5   0.0     6   267   309   598   304   609 0.83 -
PSC67849.1           -           1021 3208at3041           -            277   7.2e-54  181.8   0.8   1   2   3.2e-26   1.4e-24   85.7   0.1     2   270   282   550   281   555 0.80 -
PSC67849.1           -           1021 3208at3041           -            277   7.2e-54  181.8   0.8   2   2   6.2e-26   2.7e-24   84.8   0.0     2   267   666   934   665   941 0.79 -
PSC69315.1           -           1026 3208at3041           -            277   7.6e-54  181.7   0.3   1   1   5.8e-54   2.5e-52  176.7   0.3     3   271    51   383    49   391 0.76 -
PSC69314.1           -           1074 3208at3041           -            277   8.8e-54  181.5   0.2   1   1   6.2e-54   2.7e-52  176.6   0.2     3   271    51   383    49   391 0.76 -
PSC71749.1           -            543 3208at3041           -            277   1.9e-53  180.4   0.0   1   1     6e-55   2.6e-53  180.0   0.0     2   267    15   309    14   321 0.82 -
PSC74689.1           -            697 3208at3041           -            277   1.1e-48  164.8   0.1   1   2   2.3e-14     1e-12   46.8   0.1     2    77     3    87     2    93 0.83 -
PSC74689.1           -            697 3208at3041           -            277   1.1e-48  164.8   0.1   2   2   1.8e-35   7.7e-34  116.1   0.0   111   270    94   275    88   279 0.85 -
PSC74122.1           -            592 3208at3041           -            277   3.3e-48  163.2   0.0   1   2   1.4e-42   6.1e-41  139.4   0.0     2   192     3   190     2   196 0.92 -
PSC74122.1           -            592 3208at3041           -            277   3.3e-48  163.2   0.0   2   2   9.2e-07     4e-05   21.9   0.0   231   267   208   244   192   253 0.83 -
PSC69602.1           -            316 3208at3041           -            277   5.1e-47  159.3   0.0   1   2   6.8e-19   2.9e-17   61.7   0.0    44   140    14   116     3   121 0.88 -
PSC69602.1           -            316 3208at3041           -            277   5.1e-47  159.3   0.0   2   2   3.2e-29   1.4e-27   95.5   0.0   150   272   170   302   163   305 0.84 -
PSC70617.1           -            841 3208at3041           -            277   7.6e-42  142.3   0.5   1   1   1.1e-42     5e-41  139.7   0.4     1   266    48   336    48   343 0.80 -
PSC70383.1           -            579 3208at3041           -            277   1.4e-39  134.9   0.2   1   2   6.3e-37   2.7e-35  120.8   0.1     2   194    36   240    35   253 0.85 -
PSC70383.1           -            579 3208at3041           -            277   1.4e-39  134.9   0.2   2   2   0.00092      0.04   12.1   0.0   237   271   261   295   256   300 0.89 -
PSC67989.1           -           2067 3208at3041           -            277   2.9e-37  127.3   0.4   1   3   1.2e-16     5e-15   54.4   0.1     2   140    38   202    37   209 0.76 -
PSC67989.1           -           2067 3208at3041           -            277   2.9e-37  127.3   0.4   2   3   1.3e-11   5.7e-10   37.8   0.0   141   208   268   337   256   345 0.86 -
PSC67989.1           -           2067 3208at3041           -            277   2.9e-37  127.3   0.4   3   3   3.1e-09   1.3e-07   30.0   0.0   196   270   357   438   351   442 0.76 -
PSC67990.1           -           2068 3208at3041           -            277   2.9e-37  127.3   0.4   1   3   1.2e-16     5e-15   54.4   0.1     2   140    38   202    37   209 0.76 -
PSC67990.1           -           2068 3208at3041           -            277   2.9e-37  127.3   0.4   2   3   1.3e-11   5.7e-10   37.8   0.0   141   208   268   337   256   345 0.86 -
PSC67990.1           -           2068 3208at3041           -            277   2.9e-37  127.3   0.4   3   3   3.1e-09   1.3e-07   30.0   0.0   196   270   357   438   351   442 0.76 -
PSC73282.1           -           1485 3208at3041           -            277   8.1e-37  125.8   0.0   1   1   2.8e-38   1.2e-36  125.3   0.0     3   199    10   216     8   260 0.86 -
PSC70082.1           -           2427 3208at3041           -            277   1.8e-34  118.1   0.2   1   2   1.5e-19   6.3e-18   63.9   0.0     8   182   619   801   613   846 0.82 -
PSC70082.1           -           2427 3208at3041           -            277   1.8e-34  118.1   0.2   2   2   6.6e-16   2.9e-14   51.9   0.1     8   182  1658  1845  1654  1853 0.78 -
PSC69411.1           -            865 3208at3041           -            277   3.1e-34  117.4   0.1   1   1   7.3e-35   3.2e-33  114.1   0.1     2   275   555   850   554   852 0.75 -
PSC75958.1           -           1112 3208at3041           -            277   1.1e-33  115.6   0.0   1   2   2.9e-16   1.3e-14   53.1   0.0     6   183    26   219    22   228 0.78 -
PSC75958.1           -           1112 3208at3041           -            277   1.1e-33  115.6   0.0   2   2   3.4e-18   1.5e-16   59.4   0.0     6   184   762   956   758   963 0.82 -
PSC73989.1           -            386 3208at3041           -            277   1.2e-32  112.1   0.0   1   2   8.7e-30   3.8e-28   97.4   0.0     2   215    49   284    48   286 0.83 -
PSC73989.1           -            386 3208at3041           -            277   1.2e-32  112.1   0.0   2   2   0.00019    0.0084   14.3   0.0   234   267   284   317   273   322 0.87 -
PSC71591.1           -           1052 3208at3041           -            277   5.5e-32  110.0   0.0   1   3   7.8e-31   3.4e-29  100.8   0.0     2   185    18   216    17   237 0.78 -
PSC71591.1           -           1052 3208at3041           -            277   5.5e-32  110.0   0.0   2   3      0.12       5.1    5.1   0.0   235   266   244   275   241   282 0.92 -
PSC71591.1           -           1052 3208at3041           -            277   5.5e-32  110.0   0.0   3   3         8   3.5e+02   -0.9   0.0   205   234   962   989   948  1019 0.67 -
PSC74948.1           -            800 3208at3041           -            277   4.6e-31  107.0   0.4   1   2   7.1e-31   3.1e-29  101.0   0.0     6   197    17   222    13   230 0.83 -
PSC74948.1           -            800 3208at3041           -            277   4.6e-31  107.0   0.4   2   2      0.27        12    4.0   0.1   241   274   247   280   238   285 0.83 -
PSC74949.1           -            801 3208at3041           -            277   4.6e-31  107.0   0.4   1   2   7.1e-31   3.1e-29  101.0   0.0     6   197    17   222    13   230 0.83 -
PSC74949.1           -            801 3208at3041           -            277   4.6e-31  107.0   0.4   2   2      0.27        12    4.0   0.1   241   274   247   280   238   285 0.83 -
PSC72353.1           -            389 3208at3041           -            277   1.6e-30  105.2   0.0   1   2   3.4e-30   1.5e-28   98.7   0.0     6   190   126   320   122   339 0.82 -
PSC72353.1           -            389 3208at3041           -            277   1.6e-30  105.2   0.0   2   2      0.18       7.9    4.5   0.0   238   272   348   383   333   388 0.73 -
PSC76041.1           -           1617 3208at3041           -            277   1.3e-29  102.2   0.0   1   2   7.6e-27   3.3e-25   87.8   0.0     3   189  1060  1260  1058  1282 0.81 -
PSC76041.1           -           1617 3208at3041           -            277   1.3e-29  102.2   0.0   2   2   0.00078     0.034   12.3   0.0   235   266  1283  1314  1277  1322 0.88 -
PSC75756.1           -            512 3208at3041           -            277   1.3e-29  102.2   0.0   1   1   5.8e-31   2.5e-29  101.3   0.0     8   204    34   244    29   296 0.81 -
PSC71172.1           -           2127 3208at3041           -            277   2.5e-29  101.3   0.4   1   2   5.1e-23   2.2e-21   75.2   0.0     2   205  1795  2021  1794  2047 0.77 -
PSC71172.1           -           2127 3208at3041           -            277   2.5e-29  101.3   0.4   2   2     2e-07   8.7e-06   24.1   0.1   238   271  2089  2122  2083  2126 0.90 -
PSC71171.1           -           2190 3208at3041           -            277   2.7e-29  101.2   0.4   1   2   5.3e-23   2.3e-21   75.2   0.0     2   205  1858  2084  1857  2110 0.77 -
PSC71171.1           -           2190 3208at3041           -            277   2.7e-29  101.2   0.4   2   2   2.1e-07     9e-06   24.0   0.1   238   271  2152  2185  2146  2189 0.90 -
PSC69880.1           -           2363 3208at3041           -            277   5.9e-29  100.1   0.0   1   2   3.4e-21   1.5e-19   69.2   0.0     8   193  1173  1370  1167  1383 0.83 -
PSC69880.1           -           2363 3208at3041           -            277   5.9e-29  100.1   0.0   2   2   1.9e-07   8.1e-06   24.2   0.0     8   184  1971  2141  1965  2150 0.64 -
PSC73235.1           -            659 3208at3041           -            277   2.1e-28   98.3   0.0   1   1     5e-28   2.2e-26   91.6   0.0    10   271   106   375    95   378 0.76 -
PSC70004.1           -            496 3208at3041           -            277   2.9e-28   97.8   0.1   1   2   7.5e-27   3.3e-25   87.8   0.0     2   213    26   252    25   257 0.79 -
PSC70004.1           -            496 3208at3041           -            277   2.9e-28   97.8   0.1   2   2     0.013      0.57    8.3   0.0   236   267   256   287   251   295 0.88 -
PSC74845.1           -           5705 3208at3041           -            277   3.3e-28   97.6   0.0   1   1   1.5e-29   6.3e-28   96.7   0.0     1   187    35   241    35   263 0.83 -
PSC74081.1           -            862 3208at3041           -            277   9.4e-28   96.1   0.0   1   2   3.7e-27   1.6e-25   88.8   0.0     2   215    70   298    69   303 0.84 -
PSC74081.1           -            862 3208at3041           -            277   9.4e-28   96.1   0.0   2   2     0.072       3.1    5.8   0.0   235   270   299   334   296   339 0.88 -
PSC75806.1           -           1310 3208at3041           -            277     1e-27   96.0   0.0   1   1   3.1e-28   1.3e-26   92.3   0.0     2   269    14   284    13   288 0.80 -
PSC74454.1           -            369 3208at3041           -            277   3.9e-27   94.1   0.0   1   2   1.6e-25     7e-24   83.4   0.0     2   179    19   210    18   225 0.85 -
PSC74454.1           -            369 3208at3041           -            277   3.9e-27   94.1   0.0   2   2    0.0093      0.41    8.7   0.0   235   268   255   288   233   297 0.86 -
PSC67867.1           -           2324 3208at3041           -            277   4.8e-27   93.8   0.0   1   1     2e-28   8.5e-27   93.0   0.0     8   211   455   672   448   718 0.82 -
PSC74088.1           -            415 3208at3041           -            277   5.5e-27   93.6   0.0   1   2   3.9e-23   1.7e-21   75.6   0.0     2   190    37   258    36   285 0.74 -
PSC74088.1           -            415 3208at3041           -            277   5.5e-27   93.6   0.0   2   2   6.2e-05    0.0027   15.9   0.0   235   267   285   317   276   326 0.89 -
PSC72461.1           -            907 3208at3041           -            277   6.3e-27   93.4   0.0   1   1   1.5e-26   6.6e-25   86.8   0.0     2   196    40   249    39   310 0.79 -
PSC67293.1           -           1019 3208at3041           -            277   1.7e-26   92.0   0.0   1   2   4.8e-25   2.1e-23   81.9   0.0     4   210   651   872   648   887 0.78 -
PSC67293.1           -           1019 3208at3041           -            277   1.7e-26   92.0   0.0   2   2     0.016      0.68    8.0   0.0   238   265   922   949   907   954 0.86 -
PSC76834.1           -           1091 3208at3041           -            277   2.7e-26   91.4   0.1   1   1   1.1e-27   4.6e-26   90.6   0.1     7   183   424   616   418   621 0.86 -
PSC74338.1           -           1739 3208at3041           -            277   3.1e-26   91.2   0.0   1   1   1.6e-27   6.7e-26   90.0   0.0     2   206   104   327   103   349 0.80 -
PSC68466.1           -            758 3208at3041           -            277   3.6e-26   90.9   0.0   1   1   1.4e-27   6.2e-26   90.2   0.0     7   189    27   222    22   239 0.87 -
PSC76822.1           -           1023 3208at3041           -            277   7.5e-26   89.9   0.0   1   1   1.3e-24   5.7e-23   80.4   0.0     2   273   697   963   696   965 0.81 -
PSC69548.1           -            556 3208at3041           -            277   9.5e-26   89.5   0.0   1   1   3.2e-27   1.4e-25   89.0   0.0     2   269    42   323    41   329 0.83 -
PSC74049.1           -            999 3208at3041           -            277   3.9e-25   87.5   0.0   1   1   1.3e-24   5.6e-23   80.4   0.0     2   268    29   306    28   315 0.69 -
PSC69176.1           -            422 3208at3041           -            277   4.8e-25   87.2   0.0   1   1   9.2e-26     4e-24   84.2   0.0     2   270    41   329    40   334 0.77 -
PSC70697.1           -            920 3208at3041           -            277     1e-24   86.2   0.0   1   2   6.9e-23     3e-21   74.8   0.0     2   184    14   215    13   230 0.83 -
PSC70697.1           -            920 3208at3041           -            277     1e-24   86.2   0.0   2   2    0.0062      0.27    9.3   0.1   239   271   254   286   232   292 0.84 -
PSC67730.1           -            667 3208at3041           -            277   1.1e-24   86.1   0.0   1   1   4.6e-26     2e-24   85.2   0.0     8   181    39   222    34   231 0.81 -
PSC69530.1           -            657 3208at3041           -            277   1.2e-24   85.9   0.0   1   2   8.4e-24   3.7e-22   77.8   0.0    22   190   205   386   196   394 0.81 -
PSC69530.1           -            657 3208at3041           -            277   1.2e-24   85.9   0.0   2   2     0.071       3.1    5.9   0.0   235   265   409   439   406   450 0.89 -
PSC73666.1           -           1333 3208at3041           -            277   1.9e-24   85.2   0.4   1   2   2.3e-22     1e-20   73.1   0.0     3   187   826  1046   825  1065 0.73 -
PSC73666.1           -           1333 3208at3041           -            277   1.9e-24   85.2   0.4   2   2    0.0064      0.28    9.3   0.2   229   274  1066  1112  1051  1117 0.75 -
PSC68021.1           -           1295 3208at3041           -            277     2e-24   85.2   0.0   1   2   1.1e-24   4.6e-23   80.7   0.0     2   201     3   217     2   230 0.84 -
PSC68021.1           -           1295 3208at3041           -            277     2e-24   85.2   0.0   2   2       1.1        46    2.0   0.0   236   273   230   267   224   272 0.82 -
PSC68022.1           -           1299 3208at3041           -            277     2e-24   85.2   0.0   1   2   1.1e-24   4.6e-23   80.7   0.0     2   201     3   217     2   230 0.84 -
PSC68022.1           -           1299 3208at3041           -            277     2e-24   85.2   0.0   2   2       1.1        46    2.0   0.0   236   273   230   267   224   272 0.82 -
PSC71205.1           -           1491 3208at3041           -            277   2.2e-24   85.1   0.1   1   3   2.3e-20     1e-18   66.5   0.0     9   141   802   943   794   950 0.81 -
PSC71205.1           -           1491 3208at3041           -            277   2.2e-24   85.1   0.1   2   3    0.0019     0.083   11.0   0.1   148   190  1043  1084  1030  1106 0.84 -
PSC71205.1           -           1491 3208at3041           -            277   2.2e-24   85.1   0.1   3   3      0.34        15    3.6   0.0   235   267  1109  1144  1098  1154 0.76 -
PSC75761.1           -            604 3208at3041           -            277   2.3e-24   85.0   0.0   1   1   7.9e-26   3.4e-24   84.4   0.0     7   192   299   493   294   509 0.83 -
PSC70880.1           -            338 3208at3041           -            277   2.3e-24   85.0   0.0   1   2   1.1e-22   4.6e-21   74.2   0.0     2   182    23   224    22   242 0.82 -
PSC70880.1           -            338 3208at3041           -            277   2.3e-24   85.0   0.0   2   2    0.0079      0.34    9.0   0.0   233   269   254   290   233   295 0.86 -
PSC69607.1           -            502 3208at3041           -            277   3.6e-24   84.4   0.1   1   2   6.2e-22   2.7e-20   71.6   0.0     6   139    85   228    80   239 0.83 -
PSC69607.1           -            502 3208at3041           -            277   3.6e-24   84.4   0.1   2   2    0.0023     0.099   10.8   0.0   151   189   290   327   284   390 0.87 -
PSC69573.1           -            739 3208at3041           -            277     5e-24   83.9   0.0   1   2   3.7e-22   1.6e-20   72.4   0.0     2   183    22   227    21   238 0.73 -
PSC69573.1           -            739 3208at3041           -            277     5e-24   83.9   0.0   2   2    0.0063      0.27    9.3   0.0   226   268   258   300   239   309 0.85 -
PSC76682.1           -           2007 3208at3041           -            277   5.9e-24   83.7   0.1   1   4     0.012      0.52    8.4   0.0     6    59   629   683   624   692 0.86 -
PSC76682.1           -           2007 3208at3041           -            277   5.9e-24   83.7   0.1   2   4   5.8e-09   2.5e-07   29.1   0.0   100   178   769   856   753   867 0.74 -
PSC76682.1           -           2007 3208at3041           -            277   5.9e-24   83.7   0.1   3   4       0.1       4.5    5.3   0.0     6    58  1626  1679  1621  1687 0.78 -
PSC76682.1           -           2007 3208at3041           -            277   5.9e-24   83.7   0.1   4   4   7.8e-11   3.4e-09   35.3   0.0   102   200  1802  1910  1790  1919 0.78 -
PSC71935.1           -            729 3208at3041           -            277     2e-23   82.0   0.2   1   2   3.3e-22   1.4e-20   72.6   0.0     7   189    75   285    70   300 0.77 -
PSC71935.1           -            729 3208at3041           -            277     2e-23   82.0   0.2   2   2     0.078       3.4    5.7   0.0   235   267   309   341   299   349 0.89 -
PSC72943.1           -            714 3208at3041           -            277   3.8e-23   81.0   0.2   1   2   2.5e-14   1.1e-12   46.7   0.0     1   145   132   292   132   299 0.75 -
PSC72943.1           -            714 3208at3041           -            277   3.8e-23   81.0   0.2   2   2   4.5e-09     2e-07   29.5   0.3   129   272   299   429   295   435 0.80 -
PSC76263.1           -           3166 3208at3041           -            277     4e-23   80.9   0.0   1   2   9.1e-11   3.9e-09   35.0   0.0     8   171  1809  1989  1805  1991 0.76 -
PSC76263.1           -           3166 3208at3041           -            277     4e-23   80.9   0.0   2   2   2.7e-13   1.2e-11   43.3   0.0     8   183  2382  2574  2378  2588 0.79 -
PSC71739.1           -            919 3208at3041           -            277   4.4e-23   80.8   0.0   1   1   1.7e-24   7.6e-23   80.0   0.0     2   192   430   649   429   701 0.77 -
PSC72762.1           -           1909 3208at3041           -            277   5.5e-23   80.5   0.1   1   2   2.2e-19   9.4e-18   63.3   0.0     6   205   105   336   100   347 0.75 -
PSC72762.1           -           1909 3208at3041           -            277   5.5e-23   80.5   0.1   2   2    0.0013     0.058   11.5   0.1   230   267   391   428   363   438 0.75 -
PSC68038.1           -           1887 3208at3041           -            277   6.2e-23   80.3   0.0   1   2   8.2e-22   3.6e-20   71.3   0.0    45   196   708   872   700   881 0.83 -
PSC68038.1           -           1887 3208at3041           -            277   6.2e-23   80.3   0.0   2   2      0.08       3.5    5.7   0.0   235   267   890   922   880   932 0.86 -
PSC71845.1           -           1235 3208at3041           -            277   9.7e-23   79.7   0.0   1   1   3.9e-24   1.7e-22   78.9   0.0     6   188   931  1132   929  1151 0.81 -
PSC72211.1           -            549 3208at3041           -            277   3.2e-22   78.0   0.0   1   2     3e-08   1.3e-06   26.8   0.0     4    63   145   204   142   218 0.88 -
PSC72211.1           -            549 3208at3041           -            277   3.2e-22   78.0   0.0   2   2   4.5e-15   1.9e-13   49.2   0.0   101   189   257   348   240   378 0.82 -
PSC68918.1           -           3969 3208at3041           -            277   1.2e-21   76.1   0.0   1   1   2.3e-22     1e-20   73.1   0.0     2   267  3623  3893  3622  3899 0.81 -
PSC71226.1           -           1800 3208at3041           -            277   1.2e-21   76.1   0.0   1   1   7.4e-23   3.2e-21   74.7   0.0     5   190   610   805   606   820 0.82 -
PSC72692.1           -            277 3208at3041           -            277   1.3e-21   75.9   0.0   1   1   3.9e-23   1.7e-21   75.6   0.0    33   201    13   186     1   198 0.81 -
PSC74103.1           -           1086 3208at3041           -            277   3.1e-21   74.7   0.0   1   1   1.1e-22   4.9e-21   74.1   0.0     3   202   133   354   132   379 0.76 -
PSC73594.1           -           1677 3208at3041           -            277   3.2e-21   74.7   0.0   1   3   8.3e-11   3.6e-09   35.2   0.0     2   139   173   329   172   334 0.78 -
PSC73594.1           -           1677 3208at3041           -            277   3.2e-21   74.7   0.0   2   3   6.3e-08   2.7e-06   25.7   0.0   131   196   350   414   344   446 0.89 -
PSC73594.1           -           1677 3208at3041           -            277   3.2e-21   74.7   0.0   3   3    0.0041      0.18    9.9   0.0   240   270   483   513   462   517 0.85 -
PSC72848.1           -            338 3208at3041           -            277   3.6e-21   74.5   0.1   1   1   1.9e-21   8.4e-20   70.0   0.1     2   201    14   226    13   286 0.75 -
PSC73241.1           -           1071 3208at3041           -            277   4.4e-21   74.3   0.0   1   1   1.5e-22   6.7e-21   73.6   0.0     2   197   783   996   782  1014 0.80 -
PSC73894.1           -           1214 3208at3041           -            277   6.7e-21   73.6   0.0   1   1   2.7e-22   1.2e-20   72.9   0.0     7   201   191   399   186   449 0.81 -
PSC70705.1           -           1142 3208at3041           -            277   2.5e-20   71.8   0.0   1   1   1.5e-21   6.4e-20   70.4   0.0     8   190    18   225    12   237 0.76 -
PSC75773.1           -            855 3208at3041           -            277   2.6e-20   71.7   0.0   1   2   7.7e-17   3.4e-15   54.9   0.0     2   205    76   306    75   316 0.68 -
PSC75773.1           -            855 3208at3041           -            277   2.6e-20   71.7   0.0   2   2   0.00016    0.0068   14.6   0.0   239   270   393   424   378   432 0.83 -
PSC70788.1           -            534 3208at3041           -            277   2.8e-20   71.6   0.0   1   2   5.7e-20   2.5e-18   65.2   0.0     7   181    98   284    93   295 0.80 -
PSC70788.1           -            534 3208at3041           -            277   2.8e-20   71.6   0.0   2   2       0.2       8.7    4.4   0.0   208   267   292   351   285   359 0.79 -
PSC68500.1           -            745 3208at3041           -            277   4.7e-20   70.9   0.0   1   1   2.3e-21   9.9e-20   69.8   0.0     8   182   438   619   434   624 0.87 -
PSC68747.1           -            554 3208at3041           -            277     6e-20   70.5   0.0   1   1   2.2e-21   9.6e-20   69.8   0.0    85   273   180   372    91   375 0.82 -
PSC67166.1           -            941 3208at3041           -            277   6.1e-20   70.5   0.0   1   1   2.8e-21   1.2e-19   69.5   0.0     2   183    23   217    22   227 0.82 -
PSC74771.1           -            293 3208at3041           -            277   6.5e-20   70.4   0.0   1   2   6.2e-20   2.7e-18   65.1   0.0     8   188    51   242    45   247 0.81 -
PSC74771.1           -            293 3208at3041           -            277   6.5e-20   70.4   0.0   2   2      0.64        28    2.7   0.0   235   260   258   283   253   287 0.88 -
PSC73133.1           -            623 3208at3041           -            277   7.4e-20   70.2   0.0   1   1   2.4e-21     1e-19   69.7   0.0     2   201     9   228     8   245 0.80 -
PSC68252.1           -           1903 3208at3041           -            277   1.1e-19   69.7   0.0   1   2   2.8e-17   1.2e-15   56.4   0.0     2   184   199   397   198   416 0.78 -
PSC68252.1           -           1903 3208at3041           -            277   1.1e-19   69.7   0.0   2   2    0.0019     0.081   11.0   0.0   234   267   429   462   418   472 0.87 -
PSC77050.1           -            488 3208at3041           -            277   2.2e-19   68.7   0.2   1   2      0.74        32    2.5   0.0     4    38    29    66    26    81 0.72 -
PSC77050.1           -            488 3208at3041           -            277   2.2e-19   68.7   0.2   2   2   1.1e-19   4.8e-18   64.3   0.1    92   189    91   188    73   204 0.85 -
PSC75074.1           -           1394 3208at3041           -            277   4.3e-19   67.7   0.0   1   1   3.5e-20   1.5e-18   65.9   0.0    12   197   739   950   727   975 0.76 -
PSC73227.1           -            824 3208at3041           -            277   4.4e-19   67.7   0.1   1   2   6.6e-20   2.9e-18   65.0   0.0     7   184   575   769   571   783 0.84 -
PSC73227.1           -            824 3208at3041           -            277   4.4e-19   67.7   0.1   2   2       5.1   2.2e+02   -0.2   0.0   235   261   788   814   784   816 0.89 -
PSC75327.1           -           1288 3208at3041           -            277   5.2e-19   67.4   0.0   1   2   3.7e-17   1.6e-15   56.0   0.0     3   192   947  1173   945  1183 0.74 -
PSC75327.1           -           1288 3208at3041           -            277   5.2e-19   67.4   0.0   2   2     0.011      0.47    8.6   0.0   234   265  1196  1227  1185  1235 0.87 -
PSC73574.1           -            585 3208at3041           -            277   6.9e-19   67.0   0.1   1   2   5.2e-08   2.3e-06   26.0   0.0     2   126   185   327   184   340 0.76 -
PSC73574.1           -            585 3208at3041           -            277   6.9e-19   67.0   0.1   2   2   1.3e-10   5.5e-09   34.6   0.1   130   272   359   527   353   532 0.70 -
PSC73573.1           -            589 3208at3041           -            277   7.1e-19   67.0   0.1   1   2   5.3e-08   2.3e-06   26.0   0.0     2   126   189   331   188   344 0.76 -
PSC73573.1           -            589 3208at3041           -            277   7.1e-19   67.0   0.1   2   2   1.3e-10   5.6e-09   34.5   0.1   130   272   363   531   357   536 0.70 -
PSC68183.1           -            370 3208at3041           -            277   9.3e-19   66.6   0.0   1   2   5.8e-16   2.5e-14   52.1   0.0   101   201     2   106     1   122 0.77 -
PSC68183.1           -            370 3208at3041           -            277   9.3e-19   66.6   0.0   2   2   0.00046      0.02   13.0   0.0   234   267   120   153   104   163 0.87 -
PSC75499.1           -            531 3208at3041           -            277   1.1e-18   66.4   0.0   1   1   4.1e-20   1.8e-18   65.7   0.0     2   267    25   299    24   305 0.78 -
PSC68117.1           -            531 3208at3041           -            277   1.7e-18   65.8   0.0   1   1   8.6e-20   3.7e-18   64.6   0.0     8   182   256   441   252   448 0.81 -
PSC71564.1           -            915 3208at3041           -            277   1.7e-18   65.8   0.5   1   6     0.049       2.1    6.4   0.0     5    64    69   139    65   156 0.71 -
PSC71564.1           -            915 3208at3041           -            277   1.7e-18   65.8   0.5   2   6   4.6e-06    0.0002   19.6   0.0    91   141   194   248   183   260 0.79 -
PSC71564.1           -            915 3208at3041           -            277   1.7e-18   65.8   0.5   3   6      0.37        16    3.5   0.0   154   186   330   361   322   366 0.89 -
PSC71564.1           -            915 3208at3041           -            277   1.7e-18   65.8   0.5   4   6     0.011      0.48    8.5   0.0    23    69   552   600   518   605 0.71 -
PSC71564.1           -            915 3208at3041           -            277   1.7e-18   65.8   0.5   5   6   6.2e-05    0.0027   15.9   0.1    92   140   650   704   637   713 0.76 -
PSC71564.1           -            915 3208at3041           -            277   1.7e-18   65.8   0.5   6   6      0.45        20    3.2   0.0   153   185   793   824   773   830 0.87 -
PSC73017.1           -           1302 3208at3041           -            277   8.4e-18   63.5   0.0   1   1   2.7e-19   1.2e-17   63.0   0.0     6   200  1035  1243  1030  1263 0.81 -
PSC70459.1           -           1072 3208at3041           -            277   8.6e-18   63.4   0.0   1   1   4.1e-19   1.8e-17   62.4   0.0     8   187   446   637   442   646 0.81 -
PSC69649.1           -           1483 3208at3041           -            277   2.1e-17   62.1   0.2   1   3   6.1e-05    0.0026   15.9   0.0     3    67   356   424   354   431 0.84 -
PSC69649.1           -           1483 3208at3041           -            277   2.1e-17   62.1   0.2   2   3   1.8e-11   7.6e-10   37.4   0.0    94   140   711   757   683   765 0.86 -
PSC69649.1           -           1483 3208at3041           -            277   2.1e-17   62.1   0.2   3   3      0.14       6.2    4.9   0.1   143   182   783   822   776   839 0.86 -
PSC69648.1           -           1485 3208at3041           -            277   2.1e-17   62.1   0.2   1   3   6.1e-05    0.0026   15.9   0.0     3    67   358   426   356   433 0.84 -
PSC69648.1           -           1485 3208at3041           -            277   2.1e-17   62.1   0.2   2   3   1.8e-11   7.7e-10   37.4   0.0    94   140   713   759   685   767 0.86 -
PSC69648.1           -           1485 3208at3041           -            277   2.1e-17   62.1   0.2   3   3      0.14       6.2    4.9   0.1   143   182   785   824   778   841 0.86 -
PSC77000.1           -           1882 3208at3041           -            277   2.5e-17   61.9   0.0   1   1   1.1e-18   4.7e-17   61.0   0.0     8   189  1639  1832  1633  1836 0.81 -
PSC76999.1           -           2005 3208at3041           -            277   2.7e-17   61.8   0.0   1   1   1.2e-18   5.1e-17   60.9   0.0     8   189  1762  1955  1756  1959 0.81 -
PSC68562.1           -           1685 3208at3041           -            277   3.1e-17   61.6   0.0   1   1   1.1e-18   4.8e-17   61.0   0.0     8   183  1227  1413  1223  1424 0.80 -
PSC69449.1           -           2270 3208at3041           -            277   3.4e-17   61.5   0.0   1   1   1.3e-18   5.8e-17   60.7   0.0     8   182   762   947   755   960 0.83 -
PSC72577.1           -           1147 3208at3041           -            277   3.8e-17   61.3   0.0   1   1   1.4e-18   6.2e-17   60.6   0.0     5   182   486   674   484   680 0.82 -
PSC72578.1           -           1147 3208at3041           -            277   3.8e-17   61.3   0.0   1   1   1.4e-18   6.2e-17   60.6   0.0     5   182   486   674   484   680 0.82 -
PSC72025.1           -            665 3208at3041           -            277   1.1e-16   59.8   0.0   1   1   6.2e-17   2.7e-15   55.3   0.0     2   159    13   186    12   300 0.74 -
PSC75138.1           -           1479 3208at3041           -            277   1.4e-16   59.5   1.0   1   2   4.7e-16   2.1e-14   52.4   0.2     9   188   421   632   414   642 0.72 -
PSC75138.1           -           1479 3208at3041           -            277   1.4e-16   59.5   1.0   2   2       0.2       8.9    4.4   0.0   241   276   663   698   654   699 0.90 -
PSC70160.1           -            720 3208at3041           -            277   1.4e-16   59.5   0.0   1   1   4.8e-18   2.1e-16   58.9   0.0     5   189   254   459   250   463 0.81 -
PSC75716.1           -            483 3208at3041           -            277   1.8e-16   59.1   0.0   1   1   6.4e-18   2.8e-16   58.5   0.0     7   183   230   420   227   429 0.83 -
PSC71036.1           -            722 3208at3041           -            277   1.9e-16   59.1   0.0   1   2   1.8e-15     8e-14   50.4   0.0     2   184   362   561   361   571 0.76 -
PSC71036.1           -            722 3208at3041           -            277   1.9e-16   59.1   0.0   2   2      0.06       2.6    6.1   0.0   236   265   643   672   636   680 0.88 -
PSC72028.1           -           1749 3208at3041           -            277   2.7e-16   58.5   0.0   1   1   1.1e-17   4.8e-16   57.7   0.0     8   183  1063  1250  1060  1261 0.81 -
PSC73546.1           -            943 3208at3041           -            277   3.2e-16   58.3   0.0   1   2   0.00031     0.014   13.6   0.0     6    66   667   728   664   757 0.91 -
PSC73546.1           -            943 3208at3041           -            277   3.2e-16   58.3   0.0   2   2   1.1e-12   4.6e-11   41.4   0.0   100   183   783   869   777   877 0.88 -
PSC73728.1           -            776 3208at3041           -            277     8e-16   57.0   0.0   1   2   5.7e-14   2.5e-12   45.5   0.0    21   184     7   178     2   199 0.84 -
PSC73728.1           -            776 3208at3041           -            277     8e-16   57.0   0.0   2   2    0.0063      0.27    9.3   0.0   235   270   213   248   190   253 0.87 -
PSC71399.1           -           1217 3208at3041           -            277   8.6e-16   56.9   0.1   1   3   6.6e-11   2.9e-09   35.5   0.0    16   159   483   643   469   648 0.72 -
PSC71399.1           -           1217 3208at3041           -            277   8.6e-16   56.9   0.1   2   3    0.0039      0.17   10.0   0.0   154   186   658   691   654   710 0.79 -
PSC71399.1           -           1217 3208at3041           -            277   8.6e-16   56.9   0.1   3   3     0.022      0.94    7.5   0.1   240   273   728   761   711   765 0.88 -
PSC76714.1           -            593 3208at3041           -            277   9.1e-16   56.8   0.1   1   1   1.5e-16   6.6e-15   54.0   0.1     6   183   213   412   209   417 0.74 -
PSC68985.1           -            669 3208at3041           -            277   1.1e-15   56.6   0.1   1   3   2.8e-07   1.2e-05   23.6   0.0     2   126    68   210    67   214 0.78 -
PSC68985.1           -            669 3208at3041           -            277   1.1e-15   56.6   0.1   2   3   9.6e-07   4.2e-05   21.8   0.0   130   183   362   414   354   424 0.91 -
PSC68985.1           -            669 3208at3041           -            277   1.1e-15   56.6   0.1   3   3     0.025       1.1    7.4   0.0   238   268   495   525   473   534 0.83 -
PSC72410.1           -            766 3208at3041           -            277   1.2e-15   56.4   0.0   1   1   5.9e-17   2.6e-15   55.3   0.0     7   182   481   672   476   684 0.79 -
PSC76654.1           -            783 3208at3041           -            277   1.5e-15   56.1   0.1   1   3   1.5e-12   6.5e-11   40.9   0.0     3   144   333   486   331   492 0.78 -
PSC76654.1           -            783 3208at3041           -            277   1.5e-15   56.1   0.1   2   3     0.009      0.39    8.8   0.0   149   185   564   599   539   618 0.79 -
PSC76654.1           -            783 3208at3041           -            277   1.5e-15   56.1   0.1   3   3      0.66        29    2.7   0.0   235   267   629   665   610   671 0.75 -
PSC76744.1           -            684 3208at3041           -            277     2e-15   55.7   0.0   1   2   6.2e-15   2.7e-13   48.7   0.0    45   182   137   288   131   312 0.77 -
PSC76744.1           -            684 3208at3041           -            277     2e-15   55.7   0.0   2   2      0.16       7.1    4.7   0.0   233   267   318   352   307   364 0.83 -
PSC67354.1           -           3505 3208at3041           -            277   2.5e-15   55.3   0.0   1   3   1.7e-12   7.5e-11   40.7   0.0     5   191   673   869   669   893 0.81 -
PSC67354.1           -           3505 3208at3041           -            277   2.5e-15   55.3   0.0   2   3       9.1   3.9e+02   -1.0   0.0     9   119  1900  2021  1897  2023 0.66 -
PSC67354.1           -           3505 3208at3041           -            277   2.5e-15   55.3   0.0   3   3    0.0023       0.1   10.7   0.0   116   183  2068  2136  2059  2145 0.86 -
PSC67948.1           -           1071 3208at3041           -            277   3.2e-15   55.0   0.0   1   2   4.9e-12   2.1e-10   39.2   0.0     8   182    66   252    59   283 0.76 -
PSC67948.1           -           1071 3208at3041           -            277   3.2e-15   55.0   0.0   2   2   0.00034     0.015   13.5   0.0   237   273   293   329   287   331 0.89 -
PSC67947.1           -           1072 3208at3041           -            277   3.2e-15   55.0   0.0   1   2   4.9e-12   2.1e-10   39.2   0.0     8   182    66   252    59   283 0.76 -
PSC67947.1           -           1072 3208at3041           -            277   3.2e-15   55.0   0.0   2   2   0.00034     0.015   13.5   0.0   237   273   293   329   287   331 0.89 -
PSC73739.1           -           1592 3208at3041           -            277   3.5e-15   54.9   0.0   1   1   1.9e-16   8.4e-15   53.6   0.0     5   180   604   795   601   804 0.78 -
PSC72396.1           -           1544 3208at3041           -            277   4.3e-15   54.6   0.0   1   1   1.6e-16   6.8e-15   53.9   0.0     7   186  1280  1478  1274  1494 0.79 -
PSC75446.1           -           1252 3208at3041           -            277   5.2e-15   54.3   0.0   1   1   2.1e-16   9.1e-15   53.5   0.0     7   233    25   273    20   288 0.71 -
PSC75784.1           -            817 3208at3041           -            277   7.7e-15   53.8   0.0   1   2   4.7e-14   2.1e-12   45.8   0.0    25   140   423   547   380   564 0.81 -
PSC75784.1           -            817 3208at3041           -            277   7.7e-15   53.8   0.0   2   2      0.16       7.1    4.7   0.0   149   186   647   683   635   698 0.81 -
PSC73234.1           -            776 3208at3041           -            277   9.3e-15   53.5   0.1   1   3   2.3e-10     1e-08   33.7   0.0    45   126    26   113     5   128 0.83 -
PSC73234.1           -            776 3208at3041           -            277   9.3e-15   53.5   0.1   2   3      0.06       2.6    6.1   0.0   130   188   150   210   145   221 0.79 -
PSC73234.1           -            776 3208at3041           -            277   9.3e-15   53.5   0.1   3   3    0.0044      0.19    9.8   0.0   235   267   240   272   225   281 0.84 -
PSC67144.1           -           1218 3208at3041           -            277   9.6e-15   53.4   0.1   1   1   3.9e-16   1.7e-14   52.6   0.1     5   184   970  1159   966  1164 0.83 -
PSC74773.1           -            744 3208at3041           -            277   9.6e-15   53.4   0.0   1   1   4.4e-16   1.9e-14   52.5   0.0     7   188   500   693   494   697 0.83 -
PSC73233.1           -            812 3208at3041           -            277   1.1e-14   53.3   0.4   1   4   2.5e-10   1.1e-08   33.6   0.0    45   126    26   113     5   128 0.83 -
PSC73233.1           -            812 3208at3041           -            277   1.1e-14   53.3   0.4   2   4     0.064       2.8    6.0   0.0   130   188   150   210   145   221 0.79 -
PSC73233.1           -            812 3208at3041           -            277   1.1e-14   53.3   0.4   3   4      0.32        14    3.7   0.0   235   261   240   266   225   283 0.83 -
PSC73233.1           -            812 3208at3041           -            277   1.1e-14   53.3   0.4   4   4      0.15       6.3    4.8   0.0   245   267   286   308   275   317 0.79 -
PSC73896.1           -           1513 3208at3041           -            277   1.4e-14   52.9   0.1   1   1   5.1e-15   2.2e-13   49.0   0.1     4   214   816  1066   813  1082 0.66 -
PSC77015.1           -            989 3208at3041           -            277   1.4e-14   52.9   0.0   1   1   4.9e-16   2.1e-14   52.3   0.0     6   203   404   613   400   623 0.81 -
PSC73895.1           -           1520 3208at3041           -            277   1.4e-14   52.9   0.1   1   1   5.1e-15   2.2e-13   49.0   0.1     4   214   823  1073   820  1089 0.66 -
PSC74495.1           -            300 3208at3041           -            277   1.4e-14   52.9   0.0   1   1   4.6e-14     2e-12   45.8   0.0    92   266    23   193     4   202 0.71 -
PSC69555.1           -            938 3208at3041           -            277   1.4e-14   52.9   0.0   1   1     7e-16   3.1e-14   51.8   0.0     8   185   684   871   679   875 0.80 -
PSC69656.1           -            615 3208at3041           -            277   1.5e-14   52.8   0.0   1   2    0.0011     0.048   11.8   0.0     6    60   238   293   233   301 0.89 -
PSC69656.1           -            615 3208at3041           -            277   1.5e-14   52.8   0.0   2   2   6.6e-12   2.9e-10   38.8   0.0   100   195   439   544   428   560 0.70 -
PSC72637.1           -            698 3208at3041           -            277   1.9e-14   52.4   0.0   1   2    0.0084      0.37    8.9   0.0     6    60   353   408   349   420 0.86 -
PSC72637.1           -            698 3208at3041           -            277   1.9e-14   52.4   0.0   2   2   1.2e-12     5e-11   41.2   0.0   103   188   526   620   516   669 0.79 -
PSC71778.1           -           1440 3208at3041           -            277   2.3e-14   52.2   0.0   1   1   1.7e-15   7.6e-14   50.5   0.0     8   182   672   862   669   867 0.78 -
PSC69867.1           -           1771 3208at3041           -            277     3e-14   51.8   0.0   1   1   2.3e-15     1e-13   50.1   0.0     5   192  1028  1242  1024  1254 0.75 -
PSC71262.1           -            513 3208at3041           -            277   3.2e-14   51.7   0.0   1   1   1.5e-15   6.4e-14   50.7   0.0     8   182   197   388   193   399 0.79 -
PSC76747.1           -           1270 3208at3041           -            277   4.5e-14   51.2   0.0   1   1   1.6e-15   7.1e-14   50.6   0.0     7   246   899  1169   895  1192 0.71 -
PSC67135.1           -            661 3208at3041           -            277     1e-13   50.1   0.0   1   2   7.8e-10   3.4e-08   32.0   0.0    93   138   277   323   270   342 0.89 -
PSC67135.1           -            661 3208at3041           -            277     1e-13   50.1   0.0   2   2   0.00016    0.0068   14.6   0.0   238   271   447   480   432   485 0.86 -
PSC69101.1           -            662 3208at3041           -            277     1e-13   50.1   0.0   1   2   7.8e-10   3.4e-08   32.0   0.0    93   138   278   324   271   343 0.89 -
PSC69101.1           -            662 3208at3041           -            277     1e-13   50.1   0.0   2   2   0.00016    0.0068   14.6   0.0   238   271   448   481   433   486 0.86 -
PSC73406.1           -           1256 3208at3041           -            277   1.1e-13   49.9   0.0   1   1   4.9e-15   2.1e-13   49.0   0.0     8   186   675   858   671   869 0.83 -
PSC76957.1           -            966 3208at3041           -            277   1.4e-13   49.6   0.0   1   2   0.00097     0.042   12.0   0.0     6    59   652   706   647   715 0.88 -
PSC76957.1           -            966 3208at3041           -            277   1.4e-13   49.6   0.0   2   2   6.7e-11   2.9e-09   35.5   0.0   103   197   826   930   813   941 0.76 -
PSC73768.1           -            624 3208at3041           -            277   1.9e-13   49.2   0.1   1   1   1.8e-14   7.8e-13   47.2   0.1     8   184   373   564   370   578 0.76 -
PSC69274.1           -            969 3208at3041           -            277   1.9e-13   49.2   0.0   1   1     8e-15   3.5e-13   48.3   0.0     7   190   685   897   681   925 0.71 -
PSC67771.1           -            946 3208at3041           -            277   7.8e-13   47.2   0.7   1   1   5.6e-14   2.4e-12   45.6   0.2     9   183   673   868   668   872 0.75 -
PSC71424.1           -           1315 3208at3041           -            277   8.4e-13   47.1   0.0   1   1   4.2e-14   1.8e-12   46.0   0.0    44   184   649   811   629   829 0.77 -
PSC76706.1           -           1865 3208at3041           -            277   8.9e-13   47.0   0.1   1   1   3.7e-14   1.6e-12   46.2   0.1     8   188   412   601   409   609 0.80 -
PSC76704.1           -           2591 3208at3041           -            277   1.4e-12   46.4   0.1   1   1   5.6e-14   2.4e-12   45.6   0.1     8   188  1138  1327  1135  1335 0.80 -
PSC67188.1           -            547 3208at3041           -            277   1.9e-12   45.9   0.0   1   1   7.2e-14   3.1e-12   45.2   0.0    43   192   308   467   300   482 0.81 -
PSC67189.1           -            520 3208at3041           -            277   2.9e-12   45.3   0.0   1   1   1.1e-13   4.6e-12   44.7   0.0    45   192   283   440   270   455 0.79 -
PSC67738.1           -            849 3208at3041           -            277   3.3e-12   45.1   0.0   1   1   4.3e-13   1.9e-11   42.7   0.0     7   201    41   267    35   273 0.73 -
PSC70507.1           -           1075 3208at3041           -            277   3.3e-12   45.1   0.0   1   1   2.1e-13   8.9e-12   43.7   0.0     7   191   198   414   193   425 0.71 -
PSC70012.1           -           1074 3208at3041           -            277   6.4e-12   44.2   0.0   1   1   2.5e-13   1.1e-11   43.4   0.0     8   187   415   608   409   616 0.77 -
PSC72995.1           -            708 3208at3041           -            277   1.3e-11   43.2   0.1   1   2   1.8e-10   7.6e-09   34.1   0.0    88   162    22    97     6   139 0.80 -
PSC72995.1           -            708 3208at3041           -            277   1.3e-11   43.2   0.1   2   2     0.044       1.9    6.6   0.0   238   267   169   198   158   204 0.86 -
PSC67765.1           -           1536 3208at3041           -            277   1.7e-11   42.8   0.0   1   1   1.2e-12   5.1e-11   41.2   0.0    87   139  1331  1383  1325  1417 0.88 -
PSC70242.1           -           1699 3208at3041           -            277   1.8e-11   42.7   0.1   1   1   1.2e-12   5.2e-11   41.2   0.1     8   185  1285  1492  1280  1509 0.66 -
PSC69706.1           -            907 3208at3041           -            277   2.4e-11   42.3   0.0   1   2    0.0036      0.16   10.1   0.0     6    62   561   618   557   625 0.83 -
PSC69706.1           -            907 3208at3041           -            277   2.4e-11   42.3   0.0   2   2   3.5e-09   1.5e-07   29.8   0.0   101   202   717   828   707   835 0.79 -
PSC72746.1           -            935 3208at3041           -            277   2.5e-11   42.2   0.0   1   1   8.9e-13   3.8e-11   41.6   0.0     5   183   621   810   617   820 0.76 -
PSC72745.1           -            936 3208at3041           -            277   2.5e-11   42.2   0.0   1   1   8.9e-13   3.8e-11   41.6   0.0     5   183   622   811   618   821 0.76 -
PSC69147.1           -           1370 3208at3041           -            277     7e-11   40.8   0.0   1   2   0.00034     0.015   13.5   0.0     7    61   272   328   267   337 0.83 -
PSC69147.1           -           1370 3208at3041           -            277     7e-11   40.8   0.0   2   2   1.3e-07   5.6e-06   24.7   0.0    98   190  1161  1265  1150  1285 0.78 -
PSC72543.1           -            529 3208at3041           -            277   7.1e-11   40.8   0.0   1   2     0.025       1.1    7.4   0.0     2    57    28    86    27    97 0.84 -
PSC72543.1           -            529 3208at3041           -            277   7.1e-11   40.8   0.0   2   2   1.7e-09   7.6e-08   30.8   0.0   114   226   137   243   133   279 0.80 -
PSC71657.1           -            561 3208at3041           -            277   7.9e-11   40.6   0.1   1   2   2.6e-06   0.00011   20.4   0.0    98   144   287   339   170   346 0.67 -
PSC71657.1           -            561 3208at3041           -            277   7.9e-11   40.6   0.1   2   2   3.9e-05    0.0017   16.5   0.0   151   190   437   475   413   486 0.88 -
PSC73115.1           -           1070 3208at3041           -            277   9.4e-11   40.4   0.0   1   1   3.8e-12   1.7e-10   39.5   0.0     6   184   460   668   455   679 0.70 -
PSC73738.1           -           1589 3208at3041           -            277   2.4e-10   39.0   0.0   1   1   1.3e-11   5.8e-10   37.8   0.0     5   180   604   792   601   801 0.77 -
PSC76222.1           -            770 3208at3041           -            277   2.6e-10   38.9   0.0   1   1   1.7e-11   7.2e-10   37.4   0.0     6   195   378   576   372   584 0.74 -
PSC72792.1           -            624 3208at3041           -            277   3.8e-10   38.4   0.0   1   1   1.5e-11   6.5e-10   37.6   0.0     8   183   381   571   378   579 0.76 -
PSC73922.1           -           1279 3208at3041           -            277   4.4e-10   38.2   0.0   1   1   2.2e-11   9.4e-10   37.1   0.0    45   185   945  1097   891  1157 0.64 -
PSC70863.1           -           1078 3208at3041           -            277   4.8e-10   38.0   0.0   1   1     2e-11   8.9e-10   37.2   0.0     7   192   683   894   677   921 0.69 -
PSC73799.1           -            406 3208at3041           -            277     6e-10   37.7   0.2   1   3    0.0023       0.1   10.7   0.0   118   140   132   154    23   160 0.66 -
PSC73799.1           -            406 3208at3041           -            277     6e-10   37.7   0.2   2   3   0.00055     0.024   12.8   0.0   153   195   258   300   249   315 0.76 -
PSC73799.1           -            406 3208at3041           -            277     6e-10   37.7   0.2   3   3     0.016      0.71    7.9   0.0   221   266   299   351   294   361 0.73 -
PSC74167.1           -            448 3208at3041           -            277   6.5e-10   37.6   0.1   1   1   2.6e-11   1.1e-09   36.8   0.1   104   201   189   291    69   298 0.80 -
PSC73307.1           -            427 3208at3041           -            277     8e-10   37.3   0.0   1   1   2.9e-11   1.2e-09   36.7   0.0     2   168     8   181     7   186 0.79 -
PSC72144.1           -           1381 3208at3041           -            277   1.2e-09   36.7   0.5   1   2       1.9        84    1.2   0.0     7    31   946   971   943   985 0.78 -
PSC72144.1           -           1381 3208at3041           -            277   1.2e-09   36.7   0.5   2   2   2.7e-10   1.2e-08   33.5   0.1   103   185  1072  1158   998  1182 0.70 -
PSC67926.1           -            809 3208at3041           -            277   1.3e-09   36.6   0.0   1   1   1.4e-10   5.9e-09   34.5   0.0    26   183   117   295   111   308 0.75 -
PSC70618.1           -            717 3208at3041           -            277   1.4e-09   36.5   0.0   1   2     0.018      0.78    7.8   0.0     5    78   385   461   382   487 0.82 -
PSC70618.1           -            717 3208at3041           -            277   1.4e-09   36.5   0.0   2   2   8.5e-08   3.7e-06   25.3   0.0    94   188   507   594   495   607 0.83 -
PSC73919.1           -           1303 3208at3041           -            277   1.6e-09   36.3   0.0   1   2   0.00025     0.011   13.9   0.0     7    65   950  1012   945  1023 0.80 -
PSC73919.1           -           1303 3208at3041           -            277   1.6e-09   36.3   0.0   2   2   3.3e-06   0.00014   20.1   0.0   102   226  1136  1272  1113  1297 0.76 -
PSC70592.1           -            832 3208at3041           -            277   1.7e-09   36.2   0.0   1   2       1.5        67    1.5   0.0     7    35   490   519   486   558 0.74 -
PSC70592.1           -            832 3208at3041           -            277   1.7e-09   36.2   0.0   2   2   6.3e-10   2.7e-08   32.3   0.0    96   208   635   757   626   796 0.80 -
PSC74722.1           -            366 3208at3041           -            277   2.3e-09   35.8   0.0   1   1   1.6e-10     7e-09   34.2   0.0   100   188    35   124    19   128 0.87 -
PSC74168.1           -            446 3208at3041           -            277     4e-09   35.0   0.0   1   1   2.2e-10   9.5e-09   33.8   0.0     9   184   186   381   179   390 0.62 -
PSC74357.1           -           1056 3208at3041           -            277   5.3e-09   34.6   0.0   1   1   2.9e-10   1.3e-08   33.4   0.0    99   204   475   588   460   593 0.81 -
PSC68135.1           -            190 3208at3041           -            277   5.7e-09   34.5   0.0   1   1   3.2e-10   1.4e-08   33.2   0.0    43   179    44   179    40   184 0.78 -
PSC74755.1           -           1062 3208at3041           -            277   1.5e-08   33.1   0.0   1   3   2.3e-05     0.001   17.3   0.0     6    66   641   704   637   707 0.85 -
PSC74755.1           -           1062 3208at3041           -            277   1.5e-08   33.1   0.0   2   3    0.0071      0.31    9.1   0.0    85   127   840   888   821   894 0.71 -
PSC74755.1           -           1062 3208at3041           -            277   1.5e-08   33.1   0.0   3   3      0.76        33    2.5   0.1   130   179   931   983   925   996 0.66 -
PSC74756.1           -           1061 3208at3041           -            277   1.5e-08   33.1   0.0   1   3   2.3e-05     0.001   17.3   0.0     6    66   641   704   637   707 0.85 -
PSC74756.1           -           1061 3208at3041           -            277   1.5e-08   33.1   0.0   2   3    0.0072      0.31    9.1   0.0    85   127   839   887   821   893 0.70 -
PSC74756.1           -           1061 3208at3041           -            277   1.5e-08   33.1   0.0   3   3      0.76        33    2.5   0.1   130   179   930   982   924   995 0.66 -
PSC76759.1           -           1214 3208at3041           -            277     3e-08   32.1   0.0   1   1   1.2e-09   5.4e-08   31.3   0.0     1   178    94   293    94   305 0.75 -
PSC70418.1           -            859 3208at3041           -            277   3.1e-08   32.1   0.0   1   1   1.5e-09   6.3e-08   31.1   0.0   103   199   576   681   564   720 0.84 -
PSC74662.1           -           1280 3208at3041           -            277   4.7e-08   31.5   0.0   1   1   1.7e-09   7.4e-08   30.9   0.0   100   179   743   831   641   847 0.82 -
PSC73365.1           -            524 3208at3041           -            277   7.1e-08   30.9   0.0   1   1   4.7e-09     2e-07   29.4   0.0     6   125   192   325   187   339 0.82 -
PSC73366.1           -            528 3208at3041           -            277   7.3e-08   30.9   0.0   1   1   4.8e-09   2.1e-07   29.4   0.0     6   125   196   329   191   343 0.82 -
PSC67566.1           -            398 3208at3041           -            277   7.9e-08   30.8   0.0   1   1   2.7e-09   1.2e-07   30.2   0.0     6   168    23   201    18   227 0.72 -
PSC73251.1           -           1350 3208at3041           -            277   2.8e-07   29.0   0.0   1   1   1.1e-08   4.8e-07   28.2   0.0    97   200  1154  1268  1141  1313 0.80 -
PSC75745.1           -           1121 3208at3041           -            277   3.9e-07   28.5   0.0   1   1   8.3e-08   3.6e-06   25.3   0.0    45   138   143   249   136   256 0.83 -
PSC76913.1           -           1569 3208at3041           -            277   4.2e-07   28.4   0.0   1   2      0.28        12    3.9   0.0     7    61  1184  1249  1178  1254 0.76 -
PSC76913.1           -           1569 3208at3041           -            277   4.2e-07   28.4   0.0   2   2   8.2e-07   3.6e-05   22.0   0.0   102   184  1368  1457  1351  1474 0.77 -
PSC75913.1           -           1429 3208at3041           -            277   5.2e-07   28.1   0.0   1   2   2.7e-07   1.2e-05   23.6   0.0     8   187  1009  1197  1005  1203 0.77 -
PSC75913.1           -           1429 3208at3041           -            277   5.2e-07   28.1   0.0   2   2       1.1        50    1.9   0.0   234   261  1212  1239  1206  1241 0.89 -
PSC75912.1           -           1496 3208at3041           -            277   5.5e-07   28.0   0.0   1   2   2.9e-07   1.3e-05   23.5   0.0     8   187  1076  1264  1072  1270 0.77 -
PSC75912.1           -           1496 3208at3041           -            277   5.5e-07   28.0   0.0   2   2       1.2        52    1.8   0.0   234   261  1279  1306  1273  1308 0.89 -
PSC73791.1           -           1306 3208at3041           -            277   5.8e-07   27.9   0.0   1   1   2.3e-08     1e-06   27.1   0.0   114   186   689   765   680   776 0.84 -
PSC68597.1           -           1058 3208at3041           -            277   6.1e-07   27.9   0.0   1   1   2.8e-08   1.2e-06   26.9   0.0     8   174   879  1051   875  1055 0.79 -
PSC74872.1           -            501 3208at3041           -            277   7.6e-07   27.5   0.0   1   3     0.033       1.4    6.9   0.0    20    69   102   150    90   153 0.87 -
PSC74872.1           -            501 3208at3041           -            277   7.6e-07   27.5   0.0   2   3     0.059       2.6    6.1   0.0   101   126   218   245   204   255 0.72 -
PSC74872.1           -            501 3208at3041           -            277   7.6e-07   27.5   0.0   3   3    0.0028      0.12   10.5   0.0   150   186   390   428   378   464 0.78 -
PSC72507.1           -           1285 3208at3041           -            277     1e-06   27.1   0.1   1   1     2e-07   8.8e-06   24.1   0.1    88   196   988  1103   870  1111 0.79 -
PSC72506.1           -           1286 3208at3041           -            277     1e-06   27.1   0.1   1   1     2e-07   8.8e-06   24.1   0.1    88   196   989  1104   871  1112 0.79 -
PSC71652.1           -           1090 3208at3041           -            277   1.1e-06   27.0   0.7   1   1     5e-07   2.2e-05   22.8   0.7    22   147   731   886   699   891 0.70 -
PSC71653.1           -           1093 3208at3041           -            277   1.1e-06   27.0   0.7   1   1     5e-07   2.2e-05   22.8   0.7    22   147   734   889   702   894 0.70 -
PSC73999.1           -           1462 3208at3041           -            277   1.4e-06   26.6   0.0   1   2   6.3e-05    0.0027   15.9   0.0    87   183   965  1071   957  1080 0.78 -
PSC73999.1           -           1462 3208at3041           -            277   1.4e-06   26.6   0.0   2   2     0.014      0.62    8.1   0.0   234   267  1141  1174  1132  1184 0.85 -
PSC68084.1           -           1329 3208at3041           -            277   1.9e-06   26.2   0.0   1   1   7.9e-08   3.4e-06   25.4   0.0   113   186   649   726   624   737 0.81 -
PSC74070.1           -            916 3208at3041           -            277     2e-06   26.2   0.0   1   1   2.3e-07     1e-05   23.8   0.0    87   201   191   326   187   341 0.75 -
PSC72443.1           -           1370 3208at3041           -            277   2.1e-06   26.1   0.0   1   1   5.4e-07   2.3e-05   22.7   0.0     8   184   488   706   483   726 0.65 -
PSC68256.1           -           1025 3208at3041           -            277   8.1e-06   24.2   0.0   1   1   8.2e-07   3.6e-05   22.1   0.0    65   140   146   225   138   249 0.82 -
PSC75646.1           -           1379 3208at3041           -            277     1e-05   23.9   0.0   1   2   4.3e-05    0.0019   16.4   0.0     3    66   240   307   238   325 0.78 -
PSC75646.1           -           1379 3208at3041           -            277     1e-05   23.9   0.0   2   2      0.14         6    4.9   0.0   100   127   422   451   375   475 0.56 -
PSC76870.1           -           1158 3208at3041           -            277   1.1e-05   23.8   0.0   1   1   6.5e-07   2.8e-05   22.4   0.0    94   212   982  1107   964  1149 0.81 -
PSC72112.1           -           1987 3208at3041           -            277     2e-05   22.9   0.0   1   2   0.00046      0.02   13.0   0.0    50   128    82   164    73   175 0.78 -
PSC72112.1           -           1987 3208at3041           -            277     2e-05   22.9   0.0   2   2     0.027       1.2    7.2   0.0   166   194   224   253   218   266 0.84 -
PSC71514.1           -            855 3208at3041           -            277   2.1e-05   22.8   0.1   1   2       8.7   3.8e+02   -1.0   0.0     3    24   288   309   287   320 0.81 -
PSC71514.1           -            855 3208at3041           -            277   2.1e-05   22.8   0.1   2   2   2.3e-06   9.8e-05   20.6   0.0    87   167   389   472   381   476 0.78 -
PSC69721.1           -           1019 3208at3041           -            277   2.2e-05   22.7   0.0   1   2   1.8e-05    0.0008   17.6   0.0    17   125   110   229    96   234 0.78 -
PSC69721.1           -           1019 3208at3041           -            277   2.2e-05   22.7   0.0   2   2         2        85    1.1   0.0   132   181   260   311   252   333 0.74 -
PSC68897.1           -           2195 3208at3041           -            277   2.7e-05   22.4   0.0   1   2     0.086       3.7    5.6   0.0     7    63   272   330   267   343 0.69 -
PSC68897.1           -           2195 3208at3041           -            277   2.7e-05   22.4   0.0   2   2   0.00019    0.0083   14.3   0.0   102   150   508   563   498   619 0.71 -
PSC71930.1           -           1546 3208at3041           -            277   3.2e-05   22.2   0.1   1   2   8.9e-06   0.00038   18.7   0.0    99   140  1333  1376  1322  1390 0.84 -
PSC71930.1           -           1546 3208at3041           -            277   3.2e-05   22.2   0.1   2   2       2.3     1e+02    0.9   0.0   169   190  1432  1454  1422  1466 0.81 -
PSC75307.1           -            418 3208at3041           -            277   0.00056   18.1   0.0   1   1   8.3e-05    0.0036   15.5   0.0     5   169   249   409   245   417 0.75 -
PSC71659.1           -            586 3208at3041           -            277   0.00068   17.9   0.0   1   1   3.7e-05    0.0016   16.6   0.0     6   142   320   468   315   490 0.69 -
PSC75885.1           -            706 3208at3041           -            277   0.00099   17.3   0.1   1   2       9.4   4.1e+02   -1.1   0.0     3    23    36    56    35    63 0.84 -
PSC75885.1           -            706 3208at3041           -            277   0.00099   17.3   0.1   2   2    0.0001    0.0044   15.2   0.0    96   167   145   220   132   225 0.76 -
PSC75884.1           -            707 3208at3041           -            277     0.001   17.3   0.1   1   2       9.5   4.1e+02   -1.1   0.0     3    23    36    56    35    63 0.84 -
PSC75884.1           -            707 3208at3041           -            277     0.001   17.3   0.1   2   2    0.0001    0.0044   15.2   0.0    96   167   146   221   133   226 0.76 -
PSC70996.1           -            465 3208at3041           -            277    0.0011   17.1   0.0   1   1   0.00066     0.029   12.5   0.0    25   124   268   370   254   422 0.81 -
PSC71993.1           -           1444 3208at3041           -            277    0.0011   17.1   0.0   1   1   5.4e-05    0.0024   16.1   0.0    96   127  1251  1282  1239  1289 0.89 -
PSC76037.1           -            265 3208at3041           -            277    0.0012   17.1   0.0   1   1   4.7e-05    0.0021   16.3   0.0    84   146   142   205   125   219 0.86 -
PSC72001.1           -           1581 3208at3041           -            277    0.0013   17.0   0.0   1   1     6e-05    0.0026   15.9   0.0    96   127  1388  1419  1376  1426 0.89 -
PSC76038.1           -            478 3208at3041           -            277    0.0034   15.6   0.0   1   1   0.00013    0.0057   14.8   0.0    84   146   142   205   127   216 0.86 -
PSC76349.1           -           2476 3208at3041           -            277     0.011   13.9   0.0   1   2         4   1.7e+02    0.1   0.0   102   125  1869  1892  1852  1902 0.79 -
PSC76349.1           -           2476 3208at3041           -            277     0.011   13.9   0.0   2   2    0.0024       0.1   10.7   0.0   166   207  1972  2013  1966  2041 0.83 -
PSC71827.1           -            375 3208at3041           -            277     0.018   13.2   0.0   1   1   0.00068      0.03   12.5   0.0   163   191   133   161   124   170 0.80 -
PSC69337.1           -            830 3208at3041           -            277      0.02   13.1   0.0   1   1   0.00074     0.032   12.4   0.0    93   124   598   629   586   632 0.90 -
#
# Program:         hmmsearch
# Version:         3.1b2 (February 2015)
# Pipeline mode:   SEARCH
# Query file:      /Users/catrionaharrison/Documents/Bioinformatics/rp2/Data/genomes/busco/busco_downloads/lineages/chlorophyta_odb10/hmms/3208at3041.hmm
# Target file:     /Users/catrionaharrison/Documents/Bioinformatics/rp2/Data/genomes/busco/data/micractinium_conductrix.prot.fasta
# Option settings: hmmsearch --domtblout /Users/catrionaharrison/Documents/Bioinformatics/rp2/Data/genomes/busco/Busco_conductrix/run_chlorophyta_odb10/hmmer_output/initial_run_results/3208at3041.out --cpu 1 /Users/catrionaharrison/Documents/Bioinformatics/rp2/Data/genomes/busco/busco_downloads/lineages/chlorophyta_odb10/hmms/3208at3041.hmm /Users/catrionaharrison/Documents/Bioinformatics/rp2/Data/genomes/busco/data/micractinium_conductrix.prot.fasta 
# Current dir:     /Users/catrionaharrison/Documents/Bioinformatics/rp2/Data/genomes/busco
# Date:            Fri Jul 22 15:15:54 2022
# [ok]
