#                                                                            --- full sequence --- -------------- this domain -------------   hmm coord   ali coord   env coord
# target name        accession   tlen query name           accession   qlen   E-value  score  bias   #  of  c-Evalue  i-Evalue  score  bias  from    to  from    to  from    to  acc description of target
#------------------- ---------- ----- -------------------- ---------- ----- --------- ------ ----- --- --- --------- --------- ------ ----- ----- ----- ----- ----- ----- ----- ---- ---------------------
PSC71941.1           -            673 3352at3041           -            314    3e-124  413.3   0.0   1   1  4.3e-125  7.6e-123  408.7   0.0     5   314    73   446    69   446 0.85 -
PSC72623.1           -            558 3352at3041           -            314   4.8e-49  166.2   0.0   1   1   3.6e-50   6.4e-48  162.5   0.0    12   296   145   471   136   487 0.81 -
PSC71864.1           -            671 3352at3041           -            314   3.7e-47  160.0   0.0   1   1   7.8e-49   1.4e-46  158.1   0.0    13   299   196   530   187   543 0.79 -
PSC69776.1           -            476 3352at3041           -            314   2.1e-44  151.0   0.6   1   1   4.9e-46   8.7e-44  148.9   0.6     4   305    28   365    25   373 0.76 -
PSC74000.1           -            614 3352at3041           -            314   4.6e-44  149.9   0.4   1   1   1.1e-44   1.9e-42  144.5   0.0     8   295   209   542   198   553 0.79 -
PSC74094.1           -            867 3352at3041           -            314     7e-43  146.0   0.1   1   2   9.5e-25   1.7e-22   79.0   0.0    10   159   461   629   454   645 0.79 -
PSC74094.1           -            867 3352at3041           -            314     7e-43  146.0   0.1   2   2   2.4e-20   4.2e-18   64.6   0.2   195   298   699   812   669   822 0.86 -
PSC71287.1           -            968 3352at3041           -            314   1.7e-42  144.7   0.0   1   2   5.5e-31   9.8e-29   99.5   0.0    13   169    65   234    53   246 0.83 -
PSC71287.1           -            968 3352at3041           -            314   1.7e-42  144.7   0.0   2   2   9.1e-14   1.6e-11   43.0   0.0   195   294   280   386   253   398 0.85 -
PSC73217.1           -           1605 3352at3041           -            314   2.8e-41  140.7   0.1   1   2   8.7e-33   1.5e-30  105.4   0.0     7   250   159   471   153   476 0.71 -
PSC73217.1           -           1605 3352at3041           -            314   2.8e-41  140.7   0.1   2   2   5.7e-10     1e-07   30.5   0.0   244   292   494   544   484   562 0.81 -
PSC73218.1           -           1613 3352at3041           -            314   2.8e-41  140.7   0.1   1   2   8.8e-33   1.5e-30  105.4   0.0     7   250   159   471   153   476 0.71 -
PSC73218.1           -           1613 3352at3041           -            314   2.8e-41  140.7   0.1   2   2   5.7e-10     1e-07   30.5   0.0   244   292   494   544   484   562 0.81 -
PSC68006.1           -            608 3352at3041           -            314   4.1e-41  140.2   0.0   1   2   1.3e-28   2.3e-26   91.7   0.0    10   163   125   292   111   313 0.81 -
PSC68006.1           -            608 3352at3041           -            314   4.1e-41  140.2   0.0   2   2   9.3e-15   1.6e-12   46.2   0.0   201   293   352   453   337   462 0.83 -
PSC76330.1           -            615 3352at3041           -            314   6.2e-41  139.6   0.8   1   2   3.6e-09   6.4e-07   27.8   0.0    10    57   147   196   141   202 0.80 -
PSC76330.1           -            615 3352at3041           -            314   6.2e-41  139.6   0.8   2   2   1.1e-33     2e-31  108.3   0.1    64   299   236   504   229   517 0.80 -
PSC71732.1           -           1586 3352at3041           -            314   1.3e-40  138.6   0.1   1   2   1.7e-26   3.1e-24   84.7   0.0    10   169   158   342   151   353 0.76 -
PSC71732.1           -           1586 3352at3041           -            314   1.3e-40  138.6   0.1   2   2   5.2e-16   9.2e-14   50.3   0.0   203   300   398   501   384   510 0.84 -
PSC74558.1           -            595 3352at3041           -            314     3e-40  137.3   0.1   1   2   9.1e-28   1.6e-25   88.9   0.0     8   159    17   185    12   208 0.82 -
PSC74558.1           -            595 3352at3041           -            314     3e-40  137.3   0.1   2   2   1.1e-14   1.9e-12   46.0   0.0   201   298   282   390   258   398 0.82 -
PSC74559.1           -            594 3352at3041           -            314     3e-40  137.3   0.1   1   2     9e-28   1.6e-25   89.0   0.0     8   159    17   185    12   208 0.82 -
PSC74559.1           -            594 3352at3041           -            314     3e-40  137.3   0.1   2   2   1.1e-14   1.9e-12   46.0   0.0   201   298   282   390   258   398 0.82 -
PSC74148.1           -           1126 3352at3041           -            314   3.3e-40  137.2   0.9   1   2       7.2   1.3e+03   -2.7   0.0   274   295    24    45    20    52 0.81 -
PSC74148.1           -           1126 3352at3041           -            314   3.3e-40  137.2   0.9   2   2   2.1e-41   3.8e-39  133.7   0.5    10   293   464   789   456   797 0.77 -
PSC76672.1           -            827 3352at3041           -            314   2.1e-39  134.5   0.0   1   2   1.3e-23   2.3e-21   75.3   0.0    10   152   143   301   136   325 0.82 -
PSC76672.1           -            827 3352at3041           -            314   2.1e-39  134.5   0.0   2   2   4.7e-18   8.3e-16   57.0   0.0   202   290   395   490   350   501 0.89 -
PSC67349.1           -           1097 3352at3041           -            314   3.1e-39  134.0   0.0   1   2   6.9e-28   1.2e-25   89.3   0.1     5   160   482   654   479   674 0.80 -
PSC67349.1           -           1097 3352at3041           -            314   3.1e-39  134.0   0.0   2   2   2.1e-13   3.6e-11   41.8   0.0   226   293   836   910   817   917 0.86 -
PSC71624.1           -            581 3352at3041           -            314   1.8e-38  131.5   0.3   1   1   1.6e-39   2.7e-37  127.6   0.3     8   303   145   492   140   503 0.74 -
PSC68276.1           -           1278 3352at3041           -            314   2.1e-38  131.3   0.1   1   1   2.2e-39   3.9e-37  127.1   0.1    12   297   462   791   452   800 0.74 -
PSC68277.1           -           1278 3352at3041           -            314   2.1e-38  131.3   0.1   1   1   2.2e-39   3.9e-37  127.1   0.1    12   297   462   791   452   800 0.74 -
PSC68272.1           -           1604 3352at3041           -            314   3.3e-38  130.6   0.0   1   3   5.4e-11   9.5e-09   33.8   0.0     9    57  1072  1123  1064  1130 0.82 -
PSC68272.1           -           1604 3352at3041           -            314   3.3e-38  130.6   0.0   2   3     2e-06   0.00036   18.8   0.0    65   158  1163  1273  1152  1282 0.82 -
PSC68272.1           -           1604 3352at3041           -            314   3.3e-38  130.6   0.0   3   3     4e-23   7.1e-21   73.7   0.1   163   297  1372  1528  1350  1543 0.77 -
PSC72599.1           -            946 3352at3041           -            314   4.4e-38  130.2   0.0   1   1   2.5e-39   4.5e-37  126.9   0.0     6   294    74   403    70   420 0.76 -
PSC76303.1           -            713 3352at3041           -            314     5e-38  130.0   0.0   1   2   6.6e-26   1.2e-23   82.8   0.0     6   154   109   277   105   328 0.77 -
PSC76303.1           -            713 3352at3041           -            314     5e-38  130.0   0.0   2   2     2e-14   3.6e-12   45.1   0.0   206   298   355   453   341   464 0.79 -
PSC75805.1           -            655 3352at3041           -            314     1e-37  129.0   0.1   1   2   3.5e-31   6.1e-29  100.2   0.0     7   181    92   283    87   294 0.83 -
PSC75805.1           -            655 3352at3041           -            314     1e-37  129.0   0.1   2   2   8.7e-09   1.5e-06   26.6   0.0   204   294   330   427   311   441 0.84 -
PSC68971.1           -           1329 3352at3041           -            314   3.2e-37  127.4   0.8   1   1     6e-37   1.1e-34  119.1   0.8     9   298   273   599   266   613 0.70 -
PSC73839.1           -            413 3352at3041           -            314   1.3e-34  118.8   0.0   1   1   1.5e-35   2.7e-33  114.5   0.0    10   305    55   386    46   394 0.79 -
PSC75732.1           -            791 3352at3041           -            314   1.6e-34  118.5   0.5   1   2   3.6e-19   6.4e-17   60.7   0.1    19   153     2   162     1   172 0.75 -
PSC75732.1           -            791 3352at3041           -            314   1.6e-34  118.5   0.5   2   2   1.7e-17     3e-15   55.2   0.0   192   299   307   423   293   438 0.82 -
PSC67841.1           -            411 3352at3041           -            314   3.1e-34  117.6   0.9   1   1   6.7e-36   1.2e-33  115.7   0.9    12   299    54   375    42   385 0.79 -
PSC73011.1           -           1029 3352at3041           -            314   9.8e-34  115.9   0.0   1   1   2.4e-35   4.3e-33  113.8   0.0    17   290    89   405    79   415 0.74 -
PSC68153.1           -            403 3352at3041           -            314   2.9e-33  114.4   0.5   1   2   7.9e-18   1.4e-15   56.3   0.1    12   168    47   213    38   237 0.79 -
PSC68153.1           -            403 3352at3041           -            314   2.9e-33  114.4   0.5   2   2   8.9e-18   1.6e-15   56.1   0.0   205   306   269   377   247   383 0.87 -
PSC74391.1           -            662 3352at3041           -            314   3.7e-33  114.0   0.5   1   3   1.7e-22     3e-20   71.6   0.1    12   160    19   182    10   207 0.76 -
PSC74391.1           -            662 3352at3041           -            314   3.7e-33  114.0   0.5   2   3   0.00018     0.032   12.4   0.0   200   251   267   319   246   341 0.76 -
PSC74391.1           -            662 3352at3041           -            314   3.7e-33  114.0   0.5   3   3   9.1e-09   1.6e-06   26.5   0.0   258   307   370   419   368   425 0.88 -
PSC68005.1           -            655 3352at3041           -            314   4.1e-33  113.9   0.1   1   2   7.3e-24   1.3e-21   76.1   0.0    29   157   183   321   175   328 0.81 -
PSC68005.1           -            655 3352at3041           -            314   4.1e-33  113.9   0.1   2   2   1.6e-11   2.9e-09   35.5   0.0   248   301   481   537   422   549 0.84 -
PSC75014.1           -            759 3352at3041           -            314   3.6e-31  107.5   1.5   1   4   1.3e-10   2.2e-08   32.6   0.0     9    61    17    71    10    75 0.89 -
PSC75014.1           -            759 3352at3041           -            314   3.6e-31  107.5   1.5   2   4   1.1e-10     2e-08   32.8   0.0    62   151   283   384   281   390 0.69 -
PSC75014.1           -            759 3352at3041           -            314   3.6e-31  107.5   1.5   3   4       5.8     1e+03   -2.4   0.0   202   225   500   523   480   526 0.78 -
PSC75014.1           -            759 3352at3041           -            314   3.6e-31  107.5   1.5   4   4   2.3e-12     4e-10   38.4   0.0   231   299   547   622   534   633 0.78 -
PSC76969.1           -            999 3352at3041           -            314   6.3e-31  106.7   0.1   1   3   6.5e-09   1.2e-06   27.0   0.0     9    56   230   280   223   289 0.82 -
PSC76969.1           -            999 3352at3041           -            314   6.3e-31  106.7   0.1   2   3     1e-10   1.8e-08   32.9   0.0    63   158   320   427   310   439 0.75 -
PSC76969.1           -            999 3352at3041           -            314   6.3e-31  106.7   0.1   3   3   1.2e-13     2e-11   42.6   0.0   204   292   596   691   588   707 0.85 -
PSC76590.1           -           1214 3352at3041           -            314   5.4e-28   97.1   1.0   1   2   3.7e-17   6.5e-15   54.1   0.3     9   162    41   206    36   217 0.80 -
PSC76590.1           -           1214 3352at3041           -            314   5.4e-28   97.1   1.0   2   2   9.7e-13   1.7e-10   39.6   0.0   205   298   307   407   293   421 0.82 -
PSC67942.1           -            506 3352at3041           -            314   4.2e-25   87.6   0.6   1   1   1.2e-25   2.2e-23   81.9   0.6     8   295   120   456   113   474 0.73 -
PSC67943.1           -            506 3352at3041           -            314   4.2e-25   87.6   0.6   1   1   1.2e-25   2.2e-23   81.9   0.6     8   295   120   456   113   474 0.73 -
PSC74953.1           -           1321 3352at3041           -            314     1e-22   79.7   0.0   1   3   2.1e-14   3.8e-12   45.0   0.0    11    80   173   249   166   255 0.84 -
PSC74953.1           -           1321 3352at3041           -            314     1e-22   79.7   0.0   2   3       8.3   1.5e+03   -2.9   0.0   105   152   303   351   288   358 0.65 -
PSC74953.1           -           1321 3352at3041           -            314     1e-22   79.7   0.0   3   3   2.5e-10   4.4e-08   31.6   0.0   205   295   495   593   483   608 0.71 -
PSC74143.1           -            438 3352at3041           -            314   1.4e-22   79.3   0.7   1   1   7.6e-23   1.3e-20   72.8   0.7    11   297    63   397    55   415 0.70 -
PSC72915.1           -            628 3352at3041           -            314   2.6e-14   52.1   0.1   1   2       3.3   5.8e+02   -1.6   0.0   274   296    24    46    18    53 0.81 -
PSC72915.1           -            628 3352at3041           -            314   2.6e-14   52.1   0.1   2   2   5.2e-16   9.1e-14   50.3   0.0    10    87   454   538   445   561 0.79 -
PSC74315.1           -           3489 3352at3041           -            314   7.5e-07   27.6   0.0   1   2      0.02       3.5    5.7   0.0    27   140  1695  1815  1683  1834 0.72 -
PSC74315.1           -           3489 3352at3041           -            314   7.5e-07   27.6   0.0   2   2   1.5e-06   0.00026   19.3   0.0   250   303  2096  2151  2075  2162 0.84 -
PSC75167.1           -           2502 3352at3041           -            314   5.3e-06   24.8   0.1   1   2   3.3e-06   0.00059   18.1   0.1    22    79  1102  1158  1088  1170 0.79 -
PSC75167.1           -           2502 3352at3041           -            314   5.3e-06   24.8   0.1   2   2     0.063        11    4.0   0.0   196   291  1574  1684  1568  1689 0.77 -
PSC68061.1           -           1191 3352at3041           -            314     3e-05   22.4   0.0   1   2       0.7   1.2e+02    0.6   0.0    20    49   709   738   697   747 0.79 -
PSC68061.1           -           1191 3352at3041           -            314     3e-05   22.4   0.0   2   2   1.7e-06   0.00029   19.1   0.0   181   310   910  1046   866  1049 0.80 -
PSC68062.1           -           1208 3352at3041           -            314   3.1e-05   22.3   0.0   1   2      0.71   1.3e+02    0.6   0.0    20    49   726   755   714   764 0.79 -
PSC68062.1           -           1208 3352at3041           -            314   3.1e-05   22.3   0.0   2   2   1.7e-06    0.0003   19.1   0.0   181   310   927  1063   883  1066 0.80 -
PSC69690.1           -            874 3352at3041           -            314   3.3e-05   22.2   0.0   1   2    0.0073       1.3    7.1   0.0    27    80    52    99    29   126 0.74 -
PSC69690.1           -            874 3352at3041           -            314   3.3e-05   22.2   0.0   2   2   0.00015     0.026   12.7   0.0   207   296   319   415   304   429 0.81 -
PSC69011.1           -           2159 3352at3041           -            314   6.9e-05   21.2   0.1   1   2   0.00068      0.12   10.5   0.1    30   159   507   645   491   672 0.75 -
PSC69011.1           -           2159 3352at3041           -            314   6.9e-05   21.2   0.1   2   2    0.0041      0.72    8.0   0.0    25    77  1348  1401  1330  1489 0.81 -
PSC74041.1           -            401 3352at3041           -            314   0.00025   19.3   0.4   1   2   5.7e-06     0.001   17.3   0.1   229   271   240   281   232   292 0.86 -
PSC74041.1           -            401 3352at3041           -            314   0.00025   19.3   0.4   2   2       1.8   3.1e+02   -0.7   0.0    79   120   327   369   321   380 0.72 -
PSC74253.1           -           1049 3352at3041           -            314   0.00043   18.5   0.2   1   2      0.11        19    3.3   0.0    21    51   113   145    95   189 0.70 -
PSC74253.1           -           1049 3352at3041           -            314   0.00043   18.5   0.2   2   2   0.00012     0.021   13.0   0.1   230   299   352   428   326   444 0.78 -
PSC74486.1           -           1485 3352at3041           -            314     0.001   17.3   0.1   1   2     0.098        17    3.4   0.0    29    51   310   332   298   340 0.81 -
PSC74486.1           -           1485 3352at3041           -            314     0.001   17.3   0.1   2   2   0.00035     0.062   11.5   0.0   199   298   523   629   462   639 0.74 -
PSC69969.1           -           1255 3352at3041           -            314    0.0057   14.9   1.0   1   2     0.033       5.9    5.0   0.1    34   145   589   691   568   704 0.78 -
PSC69969.1           -           1255 3352at3041           -            314    0.0057   14.9   1.0   2   2    0.0032      0.56    8.3   0.1   202   249   815   863   774   898 0.86 -
PSC67654.1           -            881 3352at3041           -            314    0.0068   14.6   0.1   1   2       1.8   3.3e+02   -0.8   0.0    11    50    88   129    80   200 0.78 -
PSC67654.1           -            881 3352at3041           -            314    0.0068   14.6   0.1   2   2   0.00019     0.034   12.3   0.0   208   292   322   413   300   418 0.79 -
PSC75205.1           -           1540 3352at3041           -            314     0.026   12.7   0.0   1   2     0.075        13    3.8   0.0    29   137   852   971   828   990 0.64 -
PSC75205.1           -           1540 3352at3041           -            314     0.026   12.7   0.0   2   2     0.014       2.5    6.2   0.0   233   293  1424  1491  1395  1510 0.77 -
PSC75206.1           -           1546 3352at3041           -            314     0.026   12.7   0.0   1   2     0.075        13    3.8   0.0    29   137   852   971   828   990 0.64 -
PSC75206.1           -           1546 3352at3041           -            314     0.026   12.7   0.0   2   2     0.014       2.5    6.2   0.0   233   293  1430  1497  1401  1516 0.77 -
PSC72871.1           -            730 3352at3041           -            314     0.027   12.6   0.0   1   2    0.0033      0.59    8.3   0.0   103   156    79   131    73   143 0.84 -
PSC72871.1           -            730 3352at3041           -            314     0.027   12.6   0.0   2   2      0.36        64    1.6   0.0   237   297   582   643   566   654 0.79 -
PSC72872.1           -            740 3352at3041           -            314     0.028   12.6   0.0   1   2    0.0034       0.6    8.2   0.0   103   156    89   141    83   153 0.84 -
PSC72872.1           -            740 3352at3041           -            314     0.028   12.6   0.0   2   2      0.37        65    1.5   0.0   237   297   592   653   576   664 0.79 -
PSC74092.1           -            282 3352at3041           -            314     0.036   12.2   0.0   1   1   0.00032     0.057   11.6   0.0   266   304   235   273   229   279 0.89 -
PSC73530.1           -           1317 3352at3041           -            314     0.068   11.3   0.0   1   2      0.23        41    2.2   0.0    29    51   385   407   377   411 0.86 -
PSC73530.1           -           1317 3352at3041           -            314     0.068   11.3   0.0   2   2     0.011         2    6.5   0.0   233   298   641   713   636   726 0.77 -
#
# Program:         hmmsearch
# Version:         3.1b2 (February 2015)
# Pipeline mode:   SEARCH
# Query file:      /Users/catrionaharrison/Documents/Bioinformatics/rp2/Data/genomes/busco/busco_downloads/lineages/chlorophyta_odb10/hmms/3352at3041.hmm
# Target file:     /Users/catrionaharrison/Documents/Bioinformatics/rp2/Data/genomes/busco/data/micractinium_conductrix.prot.fasta
# Option settings: hmmsearch --domtblout /Users/catrionaharrison/Documents/Bioinformatics/rp2/Data/genomes/busco/Busco_conductrix/run_chlorophyta_odb10/hmmer_output/initial_run_results/3352at3041.out --cpu 1 /Users/catrionaharrison/Documents/Bioinformatics/rp2/Data/genomes/busco/busco_downloads/lineages/chlorophyta_odb10/hmms/3352at3041.hmm /Users/catrionaharrison/Documents/Bioinformatics/rp2/Data/genomes/busco/data/micractinium_conductrix.prot.fasta 
# Current dir:     /Users/catrionaharrison/Documents/Bioinformatics/rp2/Data/genomes/busco
# Date:            Fri Jul 22 15:16:51 2022
# [ok]
