#                                                                            --- full sequence --- -------------- this domain -------------   hmm coord   ali coord   env coord
# target name        accession   tlen query name           accession   qlen   E-value  score  bias   #  of  c-Evalue  i-Evalue  score  bias  from    to  from    to  from    to  acc description of target
#------------------- ---------- ----- -------------------- ---------- ----- --------- ------ ----- --- --- --------- --------- ------ ----- ----- ----- ----- ----- ----- ----- ---- ---------------------
PSC70227.1           -            508 3558at3041           -            388  5.7e-163  541.6   8.0   1   1  1.3e-161  2.3e-159  529.7   8.0     2   388    25   501    24   501 0.87 -
PSC76834.1           -           1091 3558at3041           -            388   5.4e-40  136.7   0.0   1   1   5.1e-42   9.1e-40  136.0   0.0   119   338    57   309    38   372 0.76 -
PSC74291.1           -            831 3558at3041           -            388   1.3e-28   99.3   0.0   1   1   1.5e-30   2.7e-28   98.2   0.0   132   379   527   821   508   828 0.77 -
PSC73519.1           -            472 3558at3041           -            388     3e-19   68.4   0.8   1   1   3.9e-21     7e-19   67.2   0.8   131   327   173   402   161   406 0.83 -
PSC70549.1           -           1814 3558at3041           -            388     4e-19   68.0   2.8   1   2     1e-13   1.8e-11   42.8   0.6   130   302   973  1153   929  1182 0.74 -
PSC70549.1           -           1814 3558at3041           -            388     4e-19   68.0   2.8   2   2   3.6e-08   6.5e-06   24.5   0.1   150   266  1260  1385  1246  1392 0.84 -
PSC69473.1           -           5651 3558at3041           -            388   5.9e-17   60.9   7.7   1   2   2.6e-06   0.00047   18.4   1.3   123   281  2084  2255  2068  2279 0.80 -
PSC69473.1           -           5651 3558at3041           -            388   5.9e-17   60.9   7.7   2   2   1.6e-14   2.9e-12   45.4   0.6   126   281  5168  5335  5156  5359 0.84 -
PSC71468.1           -            555 3558at3041           -            388   9.6e-15   53.6   0.1   1   1   7.7e-17   1.4e-14   53.1   0.1     3    49    34    80    32    88 0.93 -
PSC71056.1           -            655 3558at3041           -            388     2e-14   52.5   1.9   1   1   1.2e-15   2.2e-13   49.1   1.9   107   323   314   554   301   560 0.81 -
PSC69189.1           -            353 3558at3041           -            388   9.4e-14   50.3   1.7   1   1   7.3e-16   1.3e-13   49.8   1.7   150   323    77   265    35   281 0.76 -
PSC75824.1           -           2701 3558at3041           -            388     5e-13   47.9   0.3   1   1   4.6e-15   8.3e-13   47.2   0.3     2    52  2308  2358  2307  2365 0.94 -
PSC70488.1           -           1321 3558at3041           -            388   1.6e-12   46.3   0.6   1   1   2.1e-14   3.8e-12   45.0   0.6   130   302  1037  1221   992  1251 0.78 -
PSC73703.1           -            300 3558at3041           -            388   2.9e-12   45.4   0.1   1   1   2.4e-14   4.3e-12   44.8   0.1   180   315    67   209    62   216 0.85 -
PSC73704.1           -            300 3558at3041           -            388   2.9e-12   45.4   0.1   1   1   2.4e-14   4.3e-12   44.8   0.1   180   315    67   209    62   216 0.85 -
PSC71602.1           -            334 3558at3041           -            388   6.2e-12   44.3   0.5   1   1   2.3e-13   4.1e-11   41.6   0.5   150   279    74   209    12   265 0.79 -
PSC74339.1           -           1462 3558at3041           -            388   1.7e-11   42.9   0.3   1   1   1.4e-13   2.6e-11   42.3   0.3     1    63    23    92    23   132 0.84 -
PSC74340.1           -           1465 3558at3041           -            388   1.7e-11   42.9   0.3   1   1   1.5e-13   2.6e-11   42.3   0.3     1    63    23    92    23   132 0.84 -
PSC72303.1           -            309 3558at3041           -            388     1e-10   40.3   0.1   1   1   7.8e-13   1.4e-10   39.9   0.1     2    57    20    79    19    98 0.84 -
PSC74428.1           -            982 3558at3041           -            388   5.6e-10   37.9   0.4   1   1   5.7e-12     1e-09   37.0   0.1     2    54   678   733   677   747 0.90 -
PSC75951.1           -            829 3558at3041           -            388   1.1e-09   36.9   0.2   1   1   2.8e-11     5e-09   34.8   0.2   131   327    28   260    21   335 0.73 -
PSC67980.1           -            700 3558at3041           -            388   1.2e-09   36.8   0.3   1   1     1e-11   1.8e-09   36.2   0.3     2    52    34    92    33    98 0.84 -
PSC70447.1           -            368 3558at3041           -            388   2.2e-09   35.9   0.1   1   1   1.7e-11   3.1e-09   35.4   0.1     3    52    20    74    18    80 0.83 -
PSC75035.1           -            461 3558at3041           -            388   2.7e-09   35.6   0.5   1   1   2.3e-11   4.1e-09   35.0   0.5     2    53    54   109    53   118 0.84 -
PSC73411.1           -            728 3558at3041           -            388   4.1e-09   35.0   0.1   1   1   3.5e-11   6.2e-09   34.5   0.1     2    52    16    71    15    74 0.88 -
PSC73412.1           -            737 3558at3041           -            388   4.2e-09   35.0   0.1   1   1   3.5e-11   6.3e-09   34.4   0.1     2    52    16    71    15    74 0.88 -
PSC68376.1           -            171 3558at3041           -            388   7.3e-09   34.2   0.0   1   1   5.3e-11   9.5e-09   33.8   0.0     2    67    25    98    24   103 0.83 -
PSC73440.1           -            670 3558at3041           -            388   7.5e-09   34.2   0.5   1   1   7.2e-11   1.3e-08   33.4   0.5     3    53    55   110    53   118 0.85 -
PSC67811.1           -           4918 3558at3041           -            388   7.1e-08   31.0   0.3   1   1     7e-10   1.3e-07   30.2   0.3     3    52    94   146    92   150 0.88 -
PSC67935.1           -            681 3558at3041           -            388   1.9e-07   29.6   0.1   1   1   1.8e-09   3.3e-07   28.8   0.1     1    59   130   197   130   216 0.79 -
PSC69372.1           -            735 3558at3041           -            388   6.2e-07   27.9   0.1   1   1   5.3e-09   9.5e-07   27.3   0.1     3    53   133   192   131   198 0.81 -
PSC75055.1           -            624 3558at3041           -            388     2e-06   26.2   0.0   1   1   2.8e-08     5e-06   24.9   0.0     4    62   173   233   170   261 0.79 -
PSC76492.1           -            414 3558at3041           -            388   2.3e-06   26.0   0.0   1   1   1.8e-08   3.3e-06   25.5   0.0     3    51    71   122    69   137 0.84 -
PSC70264.1           -            715 3558at3041           -            388   2.4e-06   25.9   0.0   1   1     2e-08   3.5e-06   25.4   0.0     5    52    22    74    18   114 0.82 -
PSC68961.1           -            384 3558at3041           -            388   2.8e-06   25.7   0.0   1   2   4.1e-06   0.00074   17.7   0.1   151   182    65    96    26   111 0.82 -
PSC68961.1           -            384 3558at3041           -            388   2.8e-06   25.7   0.0   2   2     0.019       3.3    5.7   0.0   185   250   149   217   138   254 0.66 -
PSC72356.1           -           1214 3558at3041           -            388   5.3e-06   24.8   0.3   1   1   4.6e-08   8.3e-06   24.2   0.3     2    50    18    70    17    95 0.87 -
PSC73847.1           -            772 3558at3041           -            388   5.8e-06   24.7   0.0   1   1   5.1e-08   9.1e-06   24.0   0.0     2    53   257   312   256   352 0.77 -
PSC73848.1           -            772 3558at3041           -            388   5.8e-06   24.7   0.0   1   1   5.1e-08   9.1e-06   24.0   0.0     2    53   257   312   256   352 0.77 -
PSC75450.1           -            270 3558at3041           -            388   1.9e-05   23.0   0.8   1   1   1.6e-07   2.9e-05   22.4   0.8     4    98    17   123    14   144 0.65 -
PSC71410.1           -            636 3558at3041           -            388   2.1e-05   22.9   0.0   1   1   1.7e-07   3.1e-05   22.3   0.0     3    49    35    81    33   124 0.92 -
PSC75282.1           -            817 3558at3041           -            388   2.4e-05   22.6   0.0   1   1   2.1e-07   3.8e-05   22.0   0.0     4    51   233   283   230   289 0.86 -
PSC67052.1           -            626 3558at3041           -            388   3.2e-05   22.2   0.1   1   1   2.6e-07   4.7e-05   21.7   0.1     1    51    10    64    10    70 0.85 -
PSC67296.1           -            705 3558at3041           -            388   3.7e-05   22.0   0.1   1   1     3e-07   5.4e-05   21.5   0.1     1    51    89   143    89   149 0.85 -
PSC75503.1           -            816 3558at3041           -            388   9.6e-05   20.7   0.0   1   1     1e-06   0.00019   19.7   0.0     3    55    27    82    25   103 0.80 -
PSC70671.1           -            477 3558at3041           -            388   0.00029   19.1   0.1   1   1   2.3e-06   0.00041   18.6   0.1     2    48    55   105    54   111 0.81 -
PSC75844.1           -            967 3558at3041           -            388   0.00044   18.5   0.0   1   1   3.7e-06   0.00066   17.9   0.0     3    49   730   780   728   788 0.87 -
PSC70653.1           -            266 3558at3041           -            388   0.00079   17.7   0.1   1   1   6.4e-06    0.0012   17.1   0.1     4   103    84   183    81   196 0.70 -
PSC68786.1           -           3150 3558at3041           -            388    0.0029   15.8   0.1   1   1   3.1e-05    0.0056   14.8   0.1    12    41  1680  1709  1674  1720 0.83 -
PSC68446.1           -            923 3558at3041           -            388    0.0075   14.4   0.1   1   1   5.9e-05     0.011   13.9   0.1     2    38    32    71    31   100 0.77 -
PSC68447.1           -            959 3558at3041           -            388    0.0078   14.4   0.1   1   1   6.1e-05     0.011   13.9   0.1     2    38    32    71    31   100 0.77 -
PSC75672.1           -            417 3558at3041           -            388      0.01   14.0   0.1   1   1   9.3e-05     0.017   13.3   0.1   144   179   118   153   108   168 0.86 -
PSC68498.1           -            448 3558at3041           -            388     0.015   13.5   0.0   1   1   0.00013     0.024   12.8   0.0     4    49    57   105    54   147 0.85 -
PSC75901.1           -            171 3558at3041           -            388     0.018   13.2   0.0   1   1   0.00012     0.022   12.9   0.0     3    38    20    59    18    81 0.82 -
PSC68285.1           -           1396 3558at3041           -            388      0.02   13.0   0.0   1   1   0.00016     0.029   12.5   0.0     3    51  1339  1392  1337  1395 0.78 -
PSC75769.1           -            167 3558at3041           -            388     0.021   13.0   0.0   1   1   0.00016     0.028   12.6   0.0     3    29    86   112    84   121 0.83 -
PSC75268.1           -            389 3558at3041           -            388     0.032   12.3   0.2   1   1   0.00027     0.049   11.8   0.2     3    46   166   212   164   250 0.82 -
PSC75052.1           -            430 3558at3041           -            388     0.044   11.9   0.0   1   2    0.0015      0.27    9.3   0.1   150   177   135   162   113   168 0.93 -
PSC75052.1           -            430 3558at3041           -            388     0.044   11.9   0.0   2   2       1.2   2.2e+02   -0.2   0.0   184   232   205   257   197   336 0.66 -
PSC69400.1           -           1550 3558at3041           -            388     0.045   11.9   0.3   1   2     0.002      0.37    8.9   0.0     2    37    21    59    20    66 0.80 -
PSC69400.1           -           1550 3558at3041           -            388     0.045   11.9   0.3   2   2       1.1     2e+02   -0.1   0.0   263   355   211   312   204   315 0.68 -
#
# Program:         hmmsearch
# Version:         3.1b2 (February 2015)
# Pipeline mode:   SEARCH
# Query file:      /Users/catrionaharrison/Documents/Bioinformatics/rp2/Data/genomes/busco/busco_downloads/lineages/chlorophyta_odb10/hmms/3558at3041.hmm
# Target file:     /Users/catrionaharrison/Documents/Bioinformatics/rp2/Data/genomes/busco/data/micractinium_conductrix.prot.fasta
# Option settings: hmmsearch --domtblout /Users/catrionaharrison/Documents/Bioinformatics/rp2/Data/genomes/busco/Busco_conductrix/run_chlorophyta_odb10/hmmer_output/initial_run_results/3558at3041.out --cpu 1 /Users/catrionaharrison/Documents/Bioinformatics/rp2/Data/genomes/busco/busco_downloads/lineages/chlorophyta_odb10/hmms/3558at3041.hmm /Users/catrionaharrison/Documents/Bioinformatics/rp2/Data/genomes/busco/data/micractinium_conductrix.prot.fasta 
# Current dir:     /Users/catrionaharrison/Documents/Bioinformatics/rp2/Data/genomes/busco
# Date:            Fri Jul 22 15:17:56 2022
# [ok]
