#                                                                            --- full sequence --- -------------- this domain -------------   hmm coord   ali coord   env coord
# target name        accession   tlen query name           accession   qlen   E-value  score  bias   #  of  c-Evalue  i-Evalue  score  bias  from    to  from    to  from    to  acc description of target
#------------------- ---------- ----- -------------------- ---------- ----- --------- ------ ----- --- --- --------- --------- ------ ----- ----- ----- ----- ----- ----- ----- ---- ---------------------
PSC76567.1           -            961 3562at3041           -            405  6.4e-126  419.2   0.0   1   3   1.4e-59   7.1e-57  191.8   0.0     2   187   110   336   109   341 0.83 -
PSC76567.1           -            961 3562at3041           -            405  6.4e-126  419.2   0.0   2   3   2.7e-40   1.4e-37  128.3   0.1   194   306   398   522   385   544 0.87 -
PSC76567.1           -            961 3562at3041           -            405  6.4e-126  419.2   0.0   3   3   3.8e-30   1.9e-27   94.9   0.0   303   389   587   692   586   720 0.86 -
PSC76571.1           -           1500 3562at3041           -            405   2.1e-50  170.5   3.2   1   3     5e-32   2.5e-29  101.1   0.2    29   194    26   186    22   191 0.87 -
PSC76571.1           -           1500 3562at3041           -            405   2.1e-50  170.5   3.2   2   3   8.1e-07   0.00041   18.0   0.0   192   237   211   257   189   262 0.87 -
PSC76571.1           -           1500 3562at3041           -            405   2.1e-50  170.5   3.2   3   3   1.6e-16   8.2e-14   50.0   0.3   253   307   302   354   296   388 0.76 -
PSC75021.1           -           1496 3562at3041           -            405   2.8e-16   58.1   0.1   1   3   1.5e-08   7.5e-06   23.8   0.0   248   303   223   280   183   296 0.83 -
PSC75021.1           -           1496 3562at3041           -            405   2.8e-16   58.1   0.1   2   3      0.37   1.8e+02   -0.6   0.0   303   328   339   364   325   383 0.79 -
PSC75021.1           -           1496 3562at3041           -            405   2.8e-16   58.1   0.1   3   3   1.5e-10   7.4e-08   30.4   0.0   248   303  1127  1182  1084  1187 0.92 -
PSC68995.1           -            455 3562at3041           -            405   4.6e-11   40.9   0.8   1   2     3e-13   1.5e-10   39.2   0.4    13    90   205   283   190   318 0.87 -
PSC68995.1           -            455 3562at3041           -            405   4.6e-11   40.9   0.8   2   2       1.1   5.5e+02   -2.1   0.0   172   207   387   422   380   440 0.81 -
PSC76477.1           -           1317 3562at3041           -            405   2.5e-10   38.5   0.3   1   1   8.8e-13   4.5e-10   37.7   0.3    16   150    90   227    82   286 0.71 -
PSC72078.1           -            579 3562at3041           -            405   2.5e-09   35.2   0.0   1   1   9.6e-12   4.9e-09   34.3   0.0     4    83   333   432   331   460 0.75 -
PSC75001.1           -           1364 3562at3041           -            405   3.2e-05   21.7   0.0   1   1   1.2e-07   5.9e-05   20.8   0.0    30    79  1171  1222  1149  1236 0.81 -
PSC73269.1           -            495 3562at3041           -            405   0.00011   19.9   0.0   1   1   3.8e-07   0.00019   19.1   0.0   242   300   242   300   229   317 0.91 -
PSC68184.1           -           1371 3562at3041           -            405   0.00016   19.4   0.8   1   3      0.42   2.1e+02   -0.8   0.0    92   120    55    83    52    90 0.89 -
PSC68184.1           -           1371 3562at3041           -            405   0.00016   19.4   0.8   2   3     0.051        26    2.2   0.6   252   287   288   323   270   342 0.76 -
PSC68184.1           -           1371 3562at3041           -            405   0.00016   19.4   0.8   3   3   3.2e-07   0.00016   19.4   0.8   250   302   713   767   695   777 0.80 -
PSC72395.1           -            389 3562at3041           -            405   0.00019   19.2   0.0   1   2     9e-07   0.00045   17.9   0.0   243   298   143   198   135   212 0.90 -
PSC72395.1           -            389 3562at3041           -            405   0.00019   19.2   0.0   2   2       1.5   7.7e+02   -2.6   0.0   326   351   302   330   271   332 0.66 -
PSC70329.1           -            577 3562at3041           -            405   0.00019   19.1   0.9   1   1   6.8e-07   0.00034   18.3   0.9   250   302   196   249   189   257 0.88 -
PSC70330.1           -            578 3562at3041           -            405   0.00019   19.1   0.9   1   1   6.9e-07   0.00035   18.3   0.9   250   302   197   250   190   258 0.88 -
PSC69792.1           -            336 3562at3041           -            405    0.0071   14.0   0.5   1   1   2.2e-05     0.011   13.3   0.5   250   302    24    76    15    83 0.79 -
PSC69443.1           -           1183 3562at3041           -            405     0.011   13.3   2.3   1   2      0.18        90    0.4   0.1   235   275   307   347   298   374 0.66 -
PSC69443.1           -           1183 3562at3041           -            405     0.011   13.3   2.3   2   2   5.4e-05     0.027   12.0   0.3   248   302   625   680   583   686 0.81 -
PSC76773.1           -            417 3562at3041           -            405     0.026   12.1   0.4   1   1   8.5e-05     0.043   11.4   0.4   247   296    21    71     7    76 0.84 -
PSC76504.1           -            265 3562at3041           -            405     0.039   11.5   0.1   1   1   9.9e-05      0.05   11.2   0.1   253   296    95   137    60   140 0.82 -
PSC76772.1           -            617 3562at3041           -            405     0.039   11.5   0.3   1   1   0.00012     0.063   10.8   0.3   247   296   221   271   201   276 0.84 -
PSC67872.1           -            306 3562at3041           -            405     0.066   10.8   0.1   1   1    0.0002     0.099   10.2   0.1   233   275    20    64    15    89 0.82 -
PSC72845.1           -            629 3562at3041           -            405     0.072   10.6   0.3   1   1   0.00028      0.14    9.7   0.3   250   297   273   321   266   328 0.85 -
PSC72846.1           -            630 3562at3041           -            405     0.073   10.6   0.3   1   1   0.00028      0.14    9.7   0.3   250   297   274   322   267   329 0.85 -
#
# Program:         hmmsearch
# Version:         3.1b2 (February 2015)
# Pipeline mode:   SEARCH
# Query file:      /Users/catrionaharrison/Documents/Bioinformatics/rp2/Data/genomes/busco/busco_downloads/lineages/chlorophyta_odb10/hmms/3562at3041.hmm
# Target file:     /Users/catrionaharrison/Documents/Bioinformatics/rp2/Data/genomes/busco/data/micractinium_conductrix.prot.fasta
# Option settings: hmmsearch --domtblout /Users/catrionaharrison/Documents/Bioinformatics/rp2/Data/genomes/busco/Busco_conductrix/run_chlorophyta_odb10/hmmer_output/initial_run_results/3562at3041.out --cpu 1 /Users/catrionaharrison/Documents/Bioinformatics/rp2/Data/genomes/busco/busco_downloads/lineages/chlorophyta_odb10/hmms/3562at3041.hmm /Users/catrionaharrison/Documents/Bioinformatics/rp2/Data/genomes/busco/data/micractinium_conductrix.prot.fasta 
# Current dir:     /Users/catrionaharrison/Documents/Bioinformatics/rp2/Data/genomes/busco
# Date:            Fri Jul 22 15:17:59 2022
# [ok]
