#                                                                            --- full sequence --- -------------- this domain -------------   hmm coord   ali coord   env coord
# target name        accession   tlen query name           accession   qlen   E-value  score  bias   #  of  c-Evalue  i-Evalue  score  bias  from    to  from    to  from    to  acc description of target
#------------------- ---------- ----- -------------------- ---------- ----- --------- ------ ----- --- --- --------- --------- ------ ----- ----- ----- ----- ----- ----- ----- ---- ---------------------
PSC67405.1           -           1589 3840at3041           -            676  7.6e-182  605.2  40.1   1  12      0.18        71    0.5   0.1   125   153    61    89    17    95 0.68 -
PSC67405.1           -           1589 3840at3041           -            676  7.6e-182  605.2  40.1   2  12   1.9e-08   7.5e-06   23.6   0.0     6    54   110   163   108   176 0.86 -
PSC67405.1           -           1589 3840at3041           -            676  7.6e-182  605.2  40.1   3  12   8.3e-07   0.00033   18.1   0.0    52    87   265   301   256   310 0.87 -
PSC67405.1           -           1589 3840at3041           -            676  7.6e-182  605.2  40.1   4  12    0.0003      0.12    9.7   0.0    88   122   326   363   314   375 0.69 -
PSC67405.1           -           1589 3840at3041           -            676  7.6e-182  605.2  40.1   5  12   2.2e-24     9e-22   76.2   1.3   112   170   396   455   394   465 0.91 -
PSC67405.1           -           1589 3840at3041           -            676  7.6e-182  605.2  40.1   6  12   4.5e-10   1.8e-07   28.9   0.5   170   229   539   617   535   626 0.77 -
PSC67405.1           -           1589 3840at3041           -            676  7.6e-182  605.2  40.1   7  12   2.6e-43   1.1e-40  138.8   0.1   223   367   640   800   639   824 0.84 -
PSC67405.1           -           1589 3840at3041           -            676  7.6e-182  605.2  40.1   8  12   3.2e-09   1.3e-06   26.1   0.0   356   395   891   932   886   940 0.87 -
PSC67405.1           -           1589 3840at3041           -            676  7.6e-182  605.2  40.1   9  12   7.5e-07    0.0003   18.3   0.0   390   415  1009  1034   995  1037 0.85 -
PSC67405.1           -           1589 3840at3041           -            676  7.6e-182  605.2  40.1  10  12   8.1e-32   3.3e-29  100.8   0.0   407   495  1060  1164  1056  1169 0.84 -
PSC67405.1           -           1589 3840at3041           -            676  7.6e-182  605.2  40.1  11  12   9.1e-49   3.7e-46  156.8   1.4   496   620  1225  1349  1218  1374 0.90 -
PSC67405.1           -           1589 3840at3041           -            676  7.6e-182  605.2  40.1  12  12     2e-07   7.9e-05   20.2   0.3   616   666  1496  1546  1475  1556 0.79 -
PSC76416.1           -            763 3840at3041           -            676   2.2e-12   45.2  12.2   1   3   2.9e-09   1.2e-06   26.3   4.4    95   182   208   291   201   295 0.81 -
PSC76416.1           -            763 3840at3041           -            676   2.2e-12   45.2  12.2   2   3   3.4e-07   0.00014   19.4   0.2   127   189   319   381   291   399 0.86 -
PSC76416.1           -            763 3840at3041           -            676   2.2e-12   45.2  12.2   3   3     0.026        11    3.3   0.1   130   187   408   467   393   473 0.86 -
PSC75373.1           -            472 3840at3041           -            676   1.5e-08   32.5  16.8   1   3   1.8e-05    0.0071   13.7   2.6   115   188   171   242   130   274 0.76 -
PSC75373.1           -            472 3840at3041           -            676   1.5e-08   32.5  16.8   2   3   2.3e-05    0.0093   13.4   0.9    97   184   281   364   264   367 0.86 -
PSC75373.1           -            472 3840at3041           -            676   1.5e-08   32.5  16.8   3   3   1.5e-05    0.0062   13.9   0.7    98   158   370   425   365   436 0.83 -
PSC67172.1           -            446 3840at3041           -            676   3.4e-07   28.0   8.3   1   3   2.7e-06    0.0011   16.5   0.6   132   182   177   227   164   231 0.93 -
PSC67172.1           -            446 3840at3041           -            676   3.4e-07   28.0   8.3   2   3   2.9e-06    0.0012   16.3   0.2   125   189   256   317   232   334 0.86 -
PSC67172.1           -            446 3840at3041           -            676   3.4e-07   28.0   8.3   3   3       2.6     1e+03   -3.3   0.1   127   157   385   415   344   425 0.66 -
PSC72094.1           -            957 3840at3041           -            676   4.1e-07   27.8   8.3   1   5   0.00076      0.31    8.4   0.0   130   190   124   184   111   191 0.87 -
PSC72094.1           -            957 3840at3041           -            676   4.1e-07   27.8   8.3   2   5     0.043        17    2.6   0.0   133   152   217   236   188   244 0.83 -
PSC72094.1           -            957 3840at3041           -            676   4.1e-07   27.8   8.3   3   5      0.47   1.9e+02   -0.9   0.0    16    47   241   272   237   276 0.84 -
PSC72094.1           -            957 3840at3041           -            676   4.1e-07   27.8   8.3   4   5   7.7e-06    0.0031   14.9   0.0   143   191   294   343   282   364 0.86 -
PSC72094.1           -            957 3840at3041           -            676   4.1e-07   27.8   8.3   5   5     0.097        39    1.4   0.4    70   112   618   660   610   671 0.72 -
PSC75478.1           -           1839 3840at3041           -            676   6.2e-06   23.9   1.4   1   2     3e-08   1.2e-05   22.9   0.2   126   259   719   859   713   870 0.79 -
PSC75478.1           -           1839 3840at3041           -            676   6.2e-06   23.9   1.4   2   2      0.57   2.3e+02   -1.2   0.1   158   197   927   965   910   976 0.77 -
PSC76845.1           -            542 3840at3041           -            676   4.3e-05   21.1  14.0   1   3   9.2e-05     0.037   11.4   1.0    78   150    54   125    51   142 0.82 -
PSC76845.1           -            542 3840at3041           -            676   4.3e-05   21.1  14.0   2   3   0.00012     0.047   11.0   1.4    94   164   157   231   139   249 0.79 -
PSC76845.1           -            542 3840at3041           -            676   4.3e-05   21.1  14.0   3   3    0.0036       1.4    6.1   0.2    72   195   273   395   266   400 0.69 -
PSC70222.1           -            499 3840at3041           -            676   5.2e-05   20.8  15.8   1   3   0.00098      0.39    8.0   0.5   132   190    51   110    38   151 0.86 -
PSC70222.1           -            499 3840at3041           -            676   5.2e-05   20.8  15.8   2   3   8.8e-06    0.0035   14.8   1.8   129   186   178   239   161   250 0.80 -
PSC70222.1           -            499 3840at3041           -            676   5.2e-05   20.8  15.8   3   3    0.0023      0.93    6.7   0.9   131   189   387   446   374   490 0.88 -
PSC72877.1           -            448 3840at3041           -            676   0.00053   17.5   2.0   1   2   4.3e-05     0.017   12.5   0.1    94   206   130   238   125   248 0.85 -
PSC72877.1           -            448 3840at3041           -            676   0.00053   17.5   2.0   2   2     0.011       4.3    4.5   0.2   127   158   403   434   350   438 0.74 -
PSC72149.1           -            358 3840at3041           -            676   0.00056   17.4   0.1   1   3   0.00028      0.11    9.8   0.0   130   188    66   125    48   136 0.92 -
PSC72149.1           -            358 3840at3041           -            676   0.00056   17.4   0.1   2   3       1.9   7.5e+02   -2.8   0.0   241   274   191   225   189   229 0.78 -
PSC72149.1           -            358 3840at3041           -            676   0.00056   17.4   0.1   3   3    0.0082       3.3    4.9   0.0   134   174   289   329   277   338 0.86 -
PSC71489.1           -            387 3840at3041           -            676   0.00083   16.8   2.6   1   2   2.2e-06   0.00087   16.8   1.6    96   182    80   161    62   175 0.82 -
PSC71489.1           -            387 3840at3041           -            676   0.00083   16.8   2.6   2   2         4   1.6e+03   -4.0   0.0    94   114   297   317   286   321 0.81 -
PSC74769.1           -            482 3840at3041           -            676    0.0011   16.5  14.5   1   3   0.00046      0.19    9.1   2.5    94   186   129   216    78   220 0.75 -
PSC74769.1           -            482 3840at3041           -            676    0.0011   16.5  14.5   2   3     0.064        26    2.0   1.3   142   186   219   263   205   299 0.72 -
PSC74769.1           -            482 3840at3041           -            676    0.0011   16.5  14.5   3   3   6.3e-05     0.025   11.9   0.1   125   186   406   467   401   478 0.93 -
PSC69028.1           -            615 3840at3041           -            676    0.0024   15.3  10.6   1   3   0.00041      0.17    9.2   0.0   127   191   103   167    89   200 0.80 -
PSC69028.1           -            615 3840at3041           -            676    0.0024   15.3  10.6   2   3     5e-05      0.02   12.3   1.8    98   191   204   292   183   319 0.76 -
PSC69028.1           -            615 3840at3041           -            676    0.0024   15.3  10.6   3   3       2.3   9.2e+02   -3.1   0.7   128   157   357   386   343   388 0.82 -
PSC72059.1           -           1738 3840at3041           -            676    0.0043   14.5   0.8   1   2   3.7e-05     0.015   12.7   0.4   127   188   123   187   114   221 0.77 -
PSC72059.1           -           1738 3840at3041           -            676    0.0043   14.5   0.8   2   2       1.1   4.3e+02   -2.0   0.0   130   149   403   422   382   427 0.78 -
PSC71246.1           -            985 3840at3041           -            676    0.0064   13.9   6.4   1   2   5.7e-05     0.023   12.1   1.5    85   160    69   139    27   163 0.75 -
PSC71246.1           -            985 3840at3041           -            676    0.0064   13.9   6.4   2   2     0.015       6.1    4.1   0.2    71   156   486   566   452   569 0.79 -
PSC76313.1           -            970 3840at3041           -            676    0.0096   13.3   8.2   1   4      0.33   1.3e+02   -0.4   0.1   129   160    92   122    78   163 0.76 -
PSC76313.1           -            970 3840at3041           -            676    0.0096   13.3   8.2   2   4   0.00044      0.18    9.1   0.7    92   190   390   484   377   504 0.84 -
PSC76313.1           -            970 3840at3041           -            676    0.0096   13.3   8.2   3   4      0.05        20    2.3   0.2   127   188   549   610   543   616 0.88 -
PSC76313.1           -            970 3840at3041           -            676    0.0096   13.3   8.2   4   4     0.046        18    2.5   0.0   246   272   761   787   756   807 0.91 -
PSC67992.1           -            555 3840at3041           -            676     0.015   12.7  13.2   1   4   8.7e-05     0.035   11.5   1.2   125   176   136   187    99   195 0.79 -
PSC67992.1           -            555 3840at3041           -            676     0.015   12.7  13.2   2   4    0.0089       3.6    4.8   0.1    97   161   196   257   191   262 0.83 -
PSC67992.1           -            555 3840at3041           -            676     0.015   12.7  13.2   3   4     0.022       8.8    3.5   0.0   125   189   263   327   258   334 0.92 -
PSC67992.1           -            555 3840at3041           -            676     0.015   12.7  13.2   4   4       2.7   1.1e+03   -3.4   0.2   624   660   507   543   484   547 0.68 -
PSC74317.1           -            437 3840at3041           -            676     0.021   12.2   0.0   1   1   0.00012     0.048   11.0   0.0    96   195   322   417   296   431 0.89 -
PSC75857.1           -            444 3840at3041           -            676     0.027   11.8   0.1   1   2    0.0023      0.92    6.8   0.0   123   193   112   185   100   192 0.75 -
PSC75857.1           -            444 3840at3041           -            676     0.027   11.8   0.1   2   2     0.039        16    2.7   0.1    60   157   235   337   209   370 0.78 -
PSC74864.1           -            468 3840at3041           -            676     0.028   11.8   6.5   1   3     0.071        28    1.8   0.1    90   120    45    75    35   119 0.70 -
PSC74864.1           -            468 3840at3041           -            676     0.028   11.8   6.5   2   3       0.9   3.6e+02   -1.8   0.0   285   316    92   123    82   139 0.81 -
PSC74864.1           -            468 3840at3041           -            676     0.028   11.8   6.5   3   3   0.00015     0.062   10.6   2.4    90   156   165   226   155   244 0.74 -
PSC71119.1           -            347 3840at3041           -            676     0.037   11.4   0.2   1   2    0.0012      0.48    7.7   0.7   228   349    57   185    40   202 0.65 -
PSC71119.1           -            347 3840at3041           -            676     0.037   11.4   0.2   2   2      0.13        51    1.0   0.0    46   111   238   305   206   319 0.82 -
PSC76520.1           -            611 3840at3041           -            676      0.04   11.3   1.2   1   1    0.0002     0.082   10.2   1.2   125   177   281   333   274   336 0.88 -
PSC76521.1           -            388 3840at3041           -            676     0.049   11.0   2.6   1   2   0.00011     0.045   11.1   1.2   125   177    58   110    51   113 0.88 -
PSC76521.1           -            388 3840at3041           -            676     0.049   11.0   2.6   2   2       3.2   1.3e+03   -3.6   0.0   244   262   328   346   325   347 0.89 -
PSC76556.1           -            770 3840at3041           -            676      0.89    6.8   8.3   1   2   0.00014     0.055   10.8   2.5   131   189    80   138    66   162 0.86 -
PSC76556.1           -            770 3840at3041           -            676      0.89    6.8   8.3   2   2      0.97   3.9e+02   -1.9   0.3    74   120   292   344   280   352 0.65 -
PSC69558.1           -            368 3840at3041           -            676       1.2    6.4   4.9   1   3    0.0019      0.77    7.0   0.1   103   158    42    95     4   100 0.72 -
PSC69558.1           -            368 3840at3041           -            676       1.2    6.4   4.9   2   3      0.17        69    0.6   0.1   134   154   220   240   210   250 0.84 -
PSC69558.1           -            368 3840at3041           -            676       1.2    6.4   4.9   3   3      0.87   3.5e+02   -1.8   0.1   272   301   307   338   282   366 0.39 -
#
# Program:         hmmsearch
# Version:         3.1b2 (February 2015)
# Pipeline mode:   SEARCH
# Query file:      /Users/catrionaharrison/Documents/Bioinformatics/rp2/Data/genomes/busco/busco_downloads/lineages/chlorophyta_odb10/hmms/3840at3041.hmm
# Target file:     /Users/catrionaharrison/Documents/Bioinformatics/rp2/Data/genomes/busco/data/micractinium_conductrix.prot.fasta
# Option settings: hmmsearch --domtblout /Users/catrionaharrison/Documents/Bioinformatics/rp2/Data/genomes/busco/Busco_conductrix/run_chlorophyta_odb10/hmmer_output/initial_run_results/3840at3041.out --cpu 1 /Users/catrionaharrison/Documents/Bioinformatics/rp2/Data/genomes/busco/busco_downloads/lineages/chlorophyta_odb10/hmms/3840at3041.hmm /Users/catrionaharrison/Documents/Bioinformatics/rp2/Data/genomes/busco/data/micractinium_conductrix.prot.fasta 
# Current dir:     /Users/catrionaharrison/Documents/Bioinformatics/rp2/Data/genomes/busco
# Date:            Fri Jul 22 15:18:48 2022
# [ok]
