#                                                                            --- full sequence --- -------------- this domain -------------   hmm coord   ali coord   env coord
# target name        accession   tlen query name           accession   qlen   E-value  score  bias   #  of  c-Evalue  i-Evalue  score  bias  from    to  from    to  from    to  acc description of target
#------------------- ---------- ----- -------------------- ---------- ----- --------- ------ ----- --- --- --------- --------- ------ ----- ----- ----- ----- ----- ----- ----- ---- ---------------------
PSC73852.1           -            546 3998at3041           -            305   5.9e-96  320.5  37.0   1   3   2.4e-77   8.2e-75  251.1  15.7     2   207    44   274    43   276 0.88 -
PSC73852.1           -            546 3998at3041           -            305   5.9e-96  320.5  37.0   2   3      0.17        59    2.0   0.3   219   251   328   361   325   369 0.81 -
PSC73852.1           -            546 3998at3041           -            305   5.9e-96  320.5  37.0   3   3   1.8e-24     6e-22   77.5   7.3   248   305   488   545   453   545 0.82 -
PSC77070.1           -            949 3998at3041           -            305   5.7e-08   31.6   5.6   1   1   2.9e-10   9.8e-08   30.8   5.6   248   298   312   366   295   372 0.83 -
PSC73729.1           -           1291 3998at3041           -            305     4e-07   28.8   3.1   1   1   1.9e-09   6.4e-07   28.1   3.1   242   298  1221  1282  1206  1288 0.79 -
PSC71983.1           -            827 3998at3041           -            305   5.1e-07   28.4   1.6   1   1   2.3e-09   7.8e-07   27.8   1.6   238   303   725   794   705   796 0.72 -
PSC74154.1           -            973 3998at3041           -            305   9.2e-07   27.6   2.7   1   1   5.1e-09   1.7e-06   26.7   2.7   238   296   889   954   860   957 0.71 -
PSC74155.1           -            974 3998at3041           -            305   9.2e-07   27.6   2.7   1   1   5.1e-09   1.7e-06   26.7   2.7   238   296   890   955   861   958 0.71 -
PSC69932.1           -            426 3998at3041           -            305   1.1e-06   27.4  19.8   1   2    0.0012      0.42    9.0   4.0   180   206    15    43     4    46 0.81 -
PSC69932.1           -            426 3998at3041           -            305   1.1e-06   27.4  19.8   2   2   3.7e-08   1.2e-05   23.9   7.9   175   206   177   206   167   211 0.84 -
PSC73191.1           -            781 3998at3041           -            305     2e-06   26.5   6.2   1   1   1.7e-08   5.6e-06   25.0   6.2   252   303   725   779   714   780 0.81 -
PSC75861.1           -            496 3998at3041           -            305   2.7e-06   26.1   5.4   1   2   7.9e-09   2.7e-06   26.1   5.4   251   298   189   243   159   246 0.82 -
PSC75861.1           -            496 3998at3041           -            305   2.7e-06   26.1   5.4   2   2       2.3   7.6e+02   -1.7   0.3   223   250   303   330   266   359 0.48 -
PSC70458.1           -            635 3998at3041           -            305   4.8e-06   25.3   1.7   1   1   2.3e-08   7.8e-06   24.6   1.7   251   288   496   533   482   549 0.81 -
PSC68519.1           -           1352 3998at3041           -            305   1.5e-05   23.6  59.2   1   6   0.00079      0.26    9.7   3.5   180   207     2    31     1    34 0.82 -
PSC68519.1           -           1352 3998at3041           -            305   1.5e-05   23.6  59.2   2   6       7.2   2.4e+03   -3.3   0.1   192   206   145   160   143   162 0.83 -
PSC68519.1           -           1352 3998at3041           -            305   1.5e-05   23.6  59.2   3   6   4.4e-05     0.015   13.8   8.1   180   206   168   194   162   198 0.93 -
PSC68519.1           -           1352 3998at3041           -            305   1.5e-05   23.6  59.2   4   6   0.00072      0.24    9.8   5.0   178   207   666   697   655   700 0.81 -
PSC68519.1           -           1352 3998at3041           -            305   1.5e-05   23.6  59.2   5   6       3.6   1.2e+03   -2.4   0.5   192   206   811   826   803   832 0.84 -
PSC68519.1           -           1352 3998at3041           -            305   1.5e-05   23.6  59.2   6   6   1.8e-05     0.006   15.1  10.8   180   206   834   860   823   864 0.93 -
PSC72923.1           -            642 3998at3041           -            305   6.6e-05   21.5   7.4   1   1     2e-07   6.6e-05   21.5   7.4   179   206   144   171   134   193 0.89 -
PSC74157.1           -            619 3998at3041           -            305   0.00022   19.8   1.1   1   2         4   1.3e+03   -2.5   0.9   231   254    34    57    16    67 0.48 -
PSC74157.1           -            619 3998at3041           -            305   0.00022   19.8   1.1   2   2   6.4e-07   0.00022   19.8   1.1   253   298   309   357   289   364 0.78 -
PSC74156.1           -            620 3998at3041           -            305   0.00022   19.8   1.1   1   2         4   1.3e+03   -2.5   0.9   231   254    34    57    16    67 0.48 -
PSC74156.1           -            620 3998at3041           -            305   0.00022   19.8   1.1   2   2   6.5e-07   0.00022   19.8   1.1   253   298   310   358   290   365 0.78 -
PSC76549.1           -            691 3998at3041           -            305   0.00048   18.7   7.5   1   3     0.041        14    4.0   3.1   181   204     2    27     1    31 0.85 -
PSC76549.1           -            691 3998at3041           -            305   0.00048   18.7   7.5   2   3       2.1   6.9e+02   -1.5   0.5   192   207   151   167   141   173 0.80 -
PSC76549.1           -            691 3998at3041           -            305   0.00048   18.7   7.5   3   3   1.4e-06   0.00048   18.7   7.5   179   206   173   200   166   224 0.90 -
PSC76197.1           -           1157 3998at3041           -            305   0.00057   18.4   6.8   1   2     0.018         6    5.2   3.9   181   204   145   170   136   175 0.83 -
PSC76197.1           -           1157 3998at3041           -            305   0.00057   18.4   6.8   2   2   1.7e-06   0.00057   18.4   6.8   179   206   318   345   295   362 0.89 -
PSC74691.1           -            632 3998at3041           -            305   0.00064   18.3   3.6   1   1   3.4e-06    0.0011   17.5   3.6   234   293   546   603   537   607 0.72 -
PSC73817.1           -           1345 3998at3041           -            305   0.00091   17.8   4.1   1   1   4.8e-06    0.0016   17.0   4.1   254   298  1286  1335  1266  1338 0.85 -
PSC75085.1           -           1316 3998at3041           -            305    0.0012   17.4   7.2   1   1   7.6e-06    0.0026   16.3   7.2   246   305  1258  1315  1252  1315 0.85 -
PSC76174.1           -            647 3998at3041           -            305    0.0014   17.1   8.2   1   2      0.47   1.6e+02    0.6   1.8   191   206   108   124    98   126 0.82 -
PSC76174.1           -            647 3998at3041           -            305    0.0014   17.1   8.2   2   2   4.2e-06    0.0014   17.1   8.2   180   206   132   158   127   161 0.93 -
PSC76758.1           -            725 3998at3041           -            305    0.0019   16.7  20.2   1   2    0.0057       1.9    6.9   0.7   191   207     3    19     1    22 0.88 -
PSC76758.1           -            725 3998at3041           -            305    0.0019   16.7  20.2   2   2   8.7e-06    0.0029   16.1  10.6   180   206   158   184   145   186 0.89 -
PSC70297.1           -            322 3998at3041           -            305    0.0073   14.8   1.2   1   1   3.1e-05      0.01   14.3   1.2   246   299    53   111    39   114 0.77 -
PSC71594.1           -            470 3998at3041           -            305     0.017   13.6   8.2   1   1   8.2e-05     0.028   12.9   8.2   246   303   404   465   371   467 0.72 -
PSC76861.1           -           1545 3998at3041           -            305     0.017   13.6   0.6   1   1   0.00011     0.038   12.5   0.6   253   293   567   606   547   622 0.79 -
PSC72658.1           -            299 3998at3041           -            305     0.021   13.3   2.1   1   1    0.0001     0.034   12.6   2.1   266   298   253   290   247   295 0.81 -
PSC70275.1           -            230 3998at3041           -            305     0.027   13.0   4.0   1   1   0.00011     0.038   12.5   4.0   248   302    14    68     2    70 0.76 -
PSC76704.1           -           2591 3998at3041           -            305      0.14   10.6   9.5   1   1     0.001      0.35    9.3   9.5   179   205   153   179   126   183 0.89 -
PSC70441.1           -            293 3998at3041           -            305      0.19   10.2   7.6   1   1   0.00084      0.28    9.6   7.6   255   288    56    88    48   103 0.82 -
PSC74977.1           -            546 3998at3041           -            305      0.31    9.4  20.1   1   2    0.0037       1.2    7.5   9.2   174   206   102   136    79   139 0.79 -
PSC74977.1           -            546 3998at3041           -            305      0.31    9.4  20.1   2   2    0.0039       1.3    7.4   3.1   181   209   144   172   137   177 0.90 -
PSC76705.1           -            824 3998at3041           -            305      0.55    8.6  24.8   1   2     0.012       4.1    5.8   3.9   181   204   146   171   137   176 0.83 -
PSC76705.1           -            824 3998at3041           -            305      0.55    8.6  24.8   2   2    0.0027      0.91    7.9  12.7   179   205   313   339   287   343 0.89 -
#
# Program:         hmmsearch
# Version:         3.1b2 (February 2015)
# Pipeline mode:   SEARCH
# Query file:      /Users/catrionaharrison/Documents/Bioinformatics/rp2/Data/genomes/busco/busco_downloads/lineages/chlorophyta_odb10/hmms/3998at3041.hmm
# Target file:     /Users/catrionaharrison/Documents/Bioinformatics/rp2/Data/genomes/busco/data/micractinium_conductrix.prot.fasta
# Option settings: hmmsearch --domtblout /Users/catrionaharrison/Documents/Bioinformatics/rp2/Data/genomes/busco/Busco_conductrix/run_chlorophyta_odb10/hmmer_output/initial_run_results/3998at3041.out --cpu 1 /Users/catrionaharrison/Documents/Bioinformatics/rp2/Data/genomes/busco/busco_downloads/lineages/chlorophyta_odb10/hmms/3998at3041.hmm /Users/catrionaharrison/Documents/Bioinformatics/rp2/Data/genomes/busco/data/micractinium_conductrix.prot.fasta 
# Current dir:     /Users/catrionaharrison/Documents/Bioinformatics/rp2/Data/genomes/busco
# Date:            Fri Jul 22 15:17:09 2022
# [ok]
