#                                                                            --- full sequence --- -------------- this domain -------------   hmm coord   ali coord   env coord
# target name        accession   tlen query name           accession   qlen   E-value  score  bias   #  of  c-Evalue  i-Evalue  score  bias  from    to  from    to  from    to  acc description of target
#------------------- ---------- ----- -------------------- ---------- ----- --------- ------ ----- --- --- --------- --------- ------ ----- ----- ----- ----- ----- ----- ----- ---- ---------------------
PSC67451.1           -            951 4134at3041           -            351  4.2e-131  436.1   0.8   1   2  3.4e-134  4.2e-131  436.1   0.8    10   351     4   407     1   407 0.89 -
PSC67451.1           -            951 4134at3041           -            351  4.2e-131  436.1   0.8   2   2         8     1e+04   -9.8  11.9    39    65   455   481   439   499 0.35 -
PSC70105.1           -           1207 4134at3041           -            351   2.3e-52  177.2   0.8   1   4   5.1e-19   6.4e-16   57.3   0.0    65   174    47   161    38   170 0.85 -
PSC70105.1           -           1207 4134at3041           -            351   2.3e-52  177.2   0.8   2   4   4.9e-20   6.1e-17   60.6   0.0   162   279   260   382   253   413 0.74 -
PSC70105.1           -           1207 4134at3041           -            351   2.3e-52  177.2   0.8   3   4   2.3e-09   2.9e-06   25.6   0.1    73   177   564   695   554   700 0.74 -
PSC70105.1           -           1207 4134at3041           -            351   2.3e-52  177.2   0.8   4   4   2.8e-09   3.5e-06   25.2   0.0   185   296   784   904   773   921 0.69 -
PSC71461.1           -           1862 4134at3041           -            351   8.5e-41  139.1   0.0   1   2   6.7e-44   8.5e-41  139.1   0.0    73   296   336   583   332   626 0.83 -
PSC71461.1           -           1862 4134at3041           -            351   8.5e-41  139.1   0.0   2   2         8     1e+04   -8.7   6.0    27    69   713   755   706   761 0.66 -
PSC67369.1           -            769 4134at3041           -            351   7.4e-23   80.1   0.3   1   3   1.4e-11   1.8e-08   32.8   0.0    71   140    11    81     6    84 0.93 -
PSC67369.1           -            769 4134at3041           -            351   7.4e-23   80.1   0.3   2   3     0.035        43    1.9   0.0   160   178   142   160   113   167 0.67 -
PSC67369.1           -            769 4134at3041           -            351   7.4e-23   80.1   0.3   3   3   3.5e-14   4.4e-11   41.4   0.1   189   287   213   316   194   329 0.79 -
PSC67940.1           -           1000 4134at3041           -            351   4.5e-21   74.3   0.0   1   2   7.1e-05     0.089   10.8   0.0   109   176    10    86     3    92 0.80 -
PSC67940.1           -           1000 4134at3041           -            351   4.5e-21   74.3   0.0   2   2   4.1e-20   5.1e-17   60.9   0.0   177   297   139   271   135   288 0.85 -
PSC72657.1           -           1717 4134at3041           -            351   4.1e-08   31.6   0.1   1   2      0.15   1.8e+02   -0.1   0.0    89   132   143   186   128   209 0.84 -
PSC72657.1           -           1717 4134at3041           -            351   4.1e-08   31.6   0.1   2   2   2.4e-10   3.1e-07   28.7   0.0   189   259   295   365   278   396 0.80 -
PSC72656.1           -           1731 4134at3041           -            351   4.1e-08   31.6   0.1   1   2      0.15   1.8e+02   -0.1   0.0    89   132   128   171   113   194 0.84 -
PSC72656.1           -           1731 4134at3041           -            351   4.1e-08   31.6   0.1   2   2   2.5e-10   3.1e-07   28.7   0.0   189   259   280   350   263   380 0.80 -
PSC72655.1           -           1746 4134at3041           -            351   4.2e-08   31.6   0.1   1   2      0.15   1.9e+02   -0.1   0.0    89   132   143   186   128   208 0.84 -
PSC72655.1           -           1746 4134at3041           -            351   4.2e-08   31.6   0.1   2   2   2.5e-10   3.1e-07   28.7   0.0   189   259   295   365   278   395 0.80 -
#
# Program:         hmmsearch
# Version:         3.1b2 (February 2015)
# Pipeline mode:   SEARCH
# Query file:      /Users/catrionaharrison/Documents/Bioinformatics/rp2/Data/genomes/busco/busco_downloads/lineages/chlorophyta_odb10/hmms/4134at3041.hmm
# Target file:     /Users/catrionaharrison/Documents/Bioinformatics/rp2/Data/genomes/busco/data/micractinium_conductrix.prot.fasta
# Option settings: hmmsearch --domtblout /Users/catrionaharrison/Documents/Bioinformatics/rp2/Data/genomes/busco/Busco_conductrix/run_chlorophyta_odb10/hmmer_output/initial_run_results/4134at3041.out --cpu 1 /Users/catrionaharrison/Documents/Bioinformatics/rp2/Data/genomes/busco/busco_downloads/lineages/chlorophyta_odb10/hmms/4134at3041.hmm /Users/catrionaharrison/Documents/Bioinformatics/rp2/Data/genomes/busco/data/micractinium_conductrix.prot.fasta 
# Current dir:     /Users/catrionaharrison/Documents/Bioinformatics/rp2/Data/genomes/busco
# Date:            Fri Jul 22 15:17:38 2022
# [ok]
