#                                                                            --- full sequence --- -------------- this domain -------------   hmm coord   ali coord   env coord
# target name        accession   tlen query name           accession   qlen   E-value  score  bias   #  of  c-Evalue  i-Evalue  score  bias  from    to  from    to  from    to  acc description of target
#------------------- ---------- ----- -------------------- ---------- ----- --------- ------ ----- --- --- --------- --------- ------ ----- ----- ----- ----- ----- ----- ----- ---- ---------------------
PSC76558.1           -            404 4155at3041           -            149   5.9e-43  145.5   9.9   1   4   2.2e-26   1.1e-22   79.7   0.1     7    78    46   126    40   128 0.87 -
PSC76558.1           -            404 4155at3041           -            149   5.9e-43  145.5   9.9   2   4   1.6e-08     8e-05   21.7   0.2    77    94   148   165   143   170 0.88 -
PSC76558.1           -            404 4155at3041           -            149   5.9e-43  145.5   9.9   3   4   3.6e-12   1.8e-08   33.5   0.4    94   122   209   237   203   247 0.93 -
PSC76558.1           -            404 4155at3041           -            149   5.9e-43  145.5   9.9   4   4   3.2e-06     0.016   14.3   0.0   122   149   255   282   251   282 0.93 -
PSC76033.1           -            431 4155at3041           -            149   2.2e-12   46.2   1.2   1   4    0.0019       9.5    5.2   0.0    50    78    42    70    31    78 0.83 -
PSC76033.1           -            431 4155at3041           -            149   2.2e-12   46.2   1.2   2   4   2.6e-06     0.013   14.5   0.1    50    77    85   112    80   132 0.90 -
PSC76033.1           -            431 4155at3041           -            149   2.2e-12   46.2   1.2   3   4   4.2e-08   0.00021   20.4   0.0    78   122   135   182   129   186 0.88 -
PSC76033.1           -            431 4155at3041           -            149   2.2e-12   46.2   1.2   4   4      0.03   1.5e+02    1.4   0.0   122   147   277   302   270   304 0.84 -
#
# Program:         hmmsearch
# Version:         3.1b2 (February 2015)
# Pipeline mode:   SEARCH
# Query file:      /Users/catrionaharrison/Documents/Bioinformatics/rp2/Data/genomes/busco/busco_downloads/lineages/chlorophyta_odb10/hmms/4155at3041.hmm
# Target file:     /Users/catrionaharrison/Documents/Bioinformatics/rp2/Data/genomes/busco/data/micractinium_conductrix.prot.fasta
# Option settings: hmmsearch --domtblout /Users/catrionaharrison/Documents/Bioinformatics/rp2/Data/genomes/busco/Busco_conductrix/run_chlorophyta_odb10/hmmer_output/initial_run_results/4155at3041.out --cpu 1 /Users/catrionaharrison/Documents/Bioinformatics/rp2/Data/genomes/busco/busco_downloads/lineages/chlorophyta_odb10/hmms/4155at3041.hmm /Users/catrionaharrison/Documents/Bioinformatics/rp2/Data/genomes/busco/data/micractinium_conductrix.prot.fasta 
# Current dir:     /Users/catrionaharrison/Documents/Bioinformatics/rp2/Data/genomes/busco
# Date:            Fri Jul 22 15:17:45 2022
# [ok]
