#                                                                            --- full sequence --- -------------- this domain -------------   hmm coord   ali coord   env coord
# target name        accession   tlen query name           accession   qlen   E-value  score  bias   #  of  c-Evalue  i-Evalue  score  bias  from    to  from    to  from    to  acc description of target
#------------------- ---------- ----- -------------------- ---------- ----- --------- ------ ----- --- --- --------- --------- ------ ----- ----- ----- ----- ----- ----- ----- ---- ---------------------
PSC74750.1           -           1225 4204at3041           -            186   3.2e-62  208.8   0.2   1   1   4.5e-63   5.7e-60  201.4   0.2     1   186   954  1192   954  1192 0.85 -
PSC73179.1           -            384 4204at3041           -            186   2.4e-25   88.6   1.0   1   1   5.1e-26   6.4e-23   80.6   1.0    43   185   179   349   133   350 0.82 -
PSC76200.1           -            338 4204at3041           -            186   1.5e-10   40.3   0.3   1   3     0.087   1.1e+02    1.6   0.0    17    35    66    84    60    95 0.78 -
PSC76200.1           -            338 4204at3041           -            186   1.5e-10   40.3   0.3   2   3     0.019        23    3.8   0.0    70   106   168   209   154   218 0.66 -
PSC76200.1           -            338 4204at3041           -            186   1.5e-10   40.3   0.3   3   3   9.2e-11   1.2e-07   30.9   0.1   117   179   249   312   247   315 0.92 -
PSC75122.1           -            317 4204at3041           -            186   1.4e-06   27.3   0.2   1   2      0.28   3.5e+02   -0.0   0.0    60   106   148   199   139   217 0.67 -
PSC75122.1           -            317 4204at3041           -            186   1.4e-06   27.3   0.2   2   2   8.7e-09   1.1e-05   24.5   0.1   117   168   238   290   232   296 0.88 -
PSC75121.1           -            799 4204at3041           -            186   1.1e-05   24.4   0.2   1   2       1.3   1.6e+03   -2.2   0.0    61   105   149   198   141   210 0.63 -
PSC75121.1           -            799 4204at3041           -            186   1.1e-05   24.4   0.2   2   2   3.1e-08   3.9e-05   22.7   0.1   117   168   238   290   232   296 0.88 -
PSC68676.1           -           1905 4204at3041           -            186   0.00033   19.6   0.2   1   2      0.84   1.1e+03   -1.6   0.0   137   166   167   199   163   217 0.75 -
PSC68676.1           -           1905 4204at3041           -            186   0.00033   19.6   0.2   2   2   9.8e-07    0.0012   17.8   0.1   117   182   225   292   194   296 0.86 -
PSC74063.1           -            243 4204at3041           -            186    0.0037   16.2   0.0   1   3       2.9   3.6e+03   -3.3   0.0    23    35    10    22     9    47 0.68 -
PSC74063.1           -            243 4204at3041           -            186    0.0037   16.2   0.0   2   3     0.012        15    4.4   0.0    69   105    78   117    68   129 0.71 -
PSC74063.1           -            243 4204at3041           -            186    0.0037   16.2   0.0   3   3   0.00042      0.53    9.2   0.0   126   172   167   214   156   218 0.86 -
PSC75944.1           -            418 4204at3041           -            186     0.028   13.3   0.6   1   2         2   2.5e+03   -2.8   0.0   125   144    30    49    13    55 0.56 -
PSC75944.1           -            418 4204at3041           -            186     0.028   13.3   0.6   2   2   5.8e-05     0.074   12.0   0.1   119   153   159   193   153   199 0.91 -
#
# Program:         hmmsearch
# Version:         3.1b2 (February 2015)
# Pipeline mode:   SEARCH
# Query file:      /Users/catrionaharrison/Documents/Bioinformatics/rp2/Data/genomes/busco/busco_downloads/lineages/chlorophyta_odb10/hmms/4204at3041.hmm
# Target file:     /Users/catrionaharrison/Documents/Bioinformatics/rp2/Data/genomes/busco/data/micractinium_conductrix.prot.fasta
# Option settings: hmmsearch --domtblout /Users/catrionaharrison/Documents/Bioinformatics/rp2/Data/genomes/busco/Busco_conductrix/run_chlorophyta_odb10/hmmer_output/initial_run_results/4204at3041.out --cpu 1 /Users/catrionaharrison/Documents/Bioinformatics/rp2/Data/genomes/busco/busco_downloads/lineages/chlorophyta_odb10/hmms/4204at3041.hmm /Users/catrionaharrison/Documents/Bioinformatics/rp2/Data/genomes/busco/data/micractinium_conductrix.prot.fasta 
# Current dir:     /Users/catrionaharrison/Documents/Bioinformatics/rp2/Data/genomes/busco
# Date:            Fri Jul 22 15:18:10 2022
# [ok]
