#                                                                            --- full sequence --- -------------- this domain -------------   hmm coord   ali coord   env coord
# target name        accession   tlen query name           accession   qlen   E-value  score  bias   #  of  c-Evalue  i-Evalue  score  bias  from    to  from    to  from    to  acc description of target
#------------------- ---------- ----- -------------------- ---------- ----- --------- ------ ----- --- --- --------- --------- ------ ----- ----- ----- ----- ----- ----- ----- ---- ---------------------
PSC68035.1           -            218 4290at3041           -            169    9e-101  333.9   3.6   1   1  3.5e-103  1.8e-100  332.9   3.6     1   165     7   181     7   184 0.96 -
PSC70713.1           -            222 4290at3041           -            169   4.1e-76  253.7   0.2   1   1   1.2e-78   5.9e-76  253.1   0.2     1   165     9   183     9   187 0.94 -
PSC68383.1           -            205 4290at3041           -            169   3.4e-54  182.3   0.7   1   1   9.3e-57   4.7e-54  181.9   0.7     2   160     6   174     5   181 0.90 -
PSC76058.1           -            213 4290at3041           -            169   2.9e-53  179.3   0.4   1   1   7.9e-56     4e-53  178.8   0.4     2   157     6   172     5   181 0.89 -
PSC72842.1           -           1551 4290at3041           -            169   1.9e-51  173.4   0.1   1   1   6.5e-54   3.3e-51  172.6   0.1     4   159  1336  1501  1334  1507 0.92 -
PSC69978.1           -            331 4290at3041           -            169   5.5e-38  129.6   0.7   1   1   1.7e-40   8.5e-38  129.0   0.7     7   156    11   170     8   182 0.93 -
PSC75163.1           -            854 4290at3041           -            169   1.2e-37  128.4   0.2   1   1   4.7e-40   2.4e-37  127.5   0.2     9   160   665   827   661   835 0.87 -
PSC71957.1           -            199 4290at3041           -            169   4.7e-35  120.1   0.0   1   1   1.4e-37     7e-35  119.5   0.0     8   154    10   166     5   174 0.87 -
PSC70894.1           -            210 4290at3041           -            169   5.9e-35  119.7   0.0   1   1     3e-37   1.5e-34  118.4   0.0     6   155    10   176     6   186 0.83 -
PSC69524.1           -           1410 4290at3041           -            169   1.8e-30  105.1   0.0   1   1   6.1e-33   3.1e-30  104.4   0.0     8   156  1209  1371  1207  1374 0.85 -
PSC69615.1           -            223 4290at3041           -            169   4.2e-22   77.9   0.0   1   2   1.8e-24   8.9e-22   76.8   0.0     7   151    14   165    10   173 0.88 -
PSC69615.1           -            223 4290at3041           -            169   4.2e-22   77.9   0.0   2   2       2.8   1.4e+03   -1.9   0.0   125   152   169   196   165   200 0.77 -
PSC68497.1           -            465 4290at3041           -            169   1.7e-13   49.9   0.0   1   1   6.7e-16   3.4e-13   48.9   0.0     8   122     7   127     3   136 0.88 -
PSC68496.1           -            495 4290at3041           -            169   6.1e-11   41.6   0.0   1   1   2.4e-13   1.2e-10   40.6   0.0     8   100     7   106     3   112 0.89 -
PSC72280.1           -            195 4290at3041           -            169   2.9e-08   32.9   0.0   1   1   7.8e-11   3.9e-08   32.4   0.0     7   137    18   149    15   161 0.80 -
PSC74239.1           -            183 4290at3041           -            169   2.4e-07   29.8   0.0   1   1   6.1e-10   3.1e-07   29.5   0.0     8   123    22   136    16   175 0.79 -
PSC74229.1           -            182 4290at3041           -            169   0.00011   21.2   0.0   1   1   2.8e-07   0.00014   20.9   0.0     8   122    19   131    14   146 0.75 -
PSC72383.1           -            789 4290at3041           -            169     0.002   17.1   0.0   1   1   6.5e-06    0.0033   16.4   0.0     8   134    18   143    13   153 0.72 -
PSC72384.1           -            796 4290at3041           -            169     0.002   17.1   0.0   1   1   6.6e-06    0.0033   16.4   0.0     8   134    18   143    13   153 0.72 -
PSC70941.1           -           1615 4290at3041           -            169    0.0032   16.5   0.1   1   2   1.7e-05    0.0085   15.1   0.0     8   123    20   133    17   146 0.79 -
PSC70941.1           -           1615 4290at3041           -            169    0.0032   16.5   0.1   2   2       9.9     5e+03   -3.7   0.0   100   133   354   390   338   406 0.53 -
PSC72355.1           -            185 4290at3041           -            169    0.0095   14.9   0.0   1   1   2.5e-05     0.013   14.5   0.0     8   120    18   128    13   146 0.71 -
#
# Program:         hmmsearch
# Version:         3.1b2 (February 2015)
# Pipeline mode:   SEARCH
# Query file:      /Users/catrionaharrison/Documents/Bioinformatics/rp2/Data/genomes/busco/busco_downloads/lineages/chlorophyta_odb10/hmms/4290at3041.hmm
# Target file:     /Users/catrionaharrison/Documents/Bioinformatics/rp2/Data/genomes/busco/data/micractinium_conductrix.prot.fasta
# Option settings: hmmsearch --domtblout /Users/catrionaharrison/Documents/Bioinformatics/rp2/Data/genomes/busco/Busco_conductrix/run_chlorophyta_odb10/hmmer_output/initial_run_results/4290at3041.out --cpu 1 /Users/catrionaharrison/Documents/Bioinformatics/rp2/Data/genomes/busco/busco_downloads/lineages/chlorophyta_odb10/hmms/4290at3041.hmm /Users/catrionaharrison/Documents/Bioinformatics/rp2/Data/genomes/busco/data/micractinium_conductrix.prot.fasta 
# Current dir:     /Users/catrionaharrison/Documents/Bioinformatics/rp2/Data/genomes/busco
# Date:            Fri Jul 22 15:18:42 2022
# [ok]
