#                                                                            --- full sequence --- -------------- this domain -------------   hmm coord   ali coord   env coord
# target name        accession   tlen query name           accession   qlen   E-value  score  bias   #  of  c-Evalue  i-Evalue  score  bias  from    to  from    to  from    to  acc description of target
#------------------- ---------- ----- -------------------- ---------- ----- --------- ------ ----- --- --- --------- --------- ------ ----- ----- ----- ----- ----- ----- ----- ---- ---------------------
PSC71147.1           -           1748 443at3041            -            595  2.5e-190  633.0  27.2   1   6   5.8e-17   2.2e-14   52.0   0.0     2    72   310   396   309   411 0.82 -
PSC71147.1           -           1748 443at3041            -            595  2.5e-190  633.0  27.2   2   6   9.2e-94   3.4e-91  305.6  19.1    76   249   521   698   515   725 0.91 -
PSC71147.1           -           1748 443at3041            -            595  2.5e-190  633.0  27.2   3   6   4.4e-07   0.00016   19.4   0.0    31   313   941   983   914  1017 0.53 -
PSC71147.1           -           1748 443at3041            -            595  2.5e-190  633.0  27.2   4   6   2.4e-06   0.00088   17.0   0.0     5    62  1201  1256  1197  1277 0.82 -
PSC71147.1           -           1748 443at3041            -            595  2.5e-190  633.0  27.2   5   6   0.00098      0.37    8.3   0.0   411   446  1387  1422  1369  1432 0.78 -
PSC71147.1           -           1748 443at3041            -            595  2.5e-190  633.0  27.2   6   6   8.5e-71   3.2e-68  229.8   0.0   441   585  1463  1609  1453  1618 0.94 -
PSC72018.1           -           1606 443at3041            -            595     5e-86  288.6  34.1   1   3       8.7   3.3e+03   -4.7   1.9   421   461   230   270   217   273 0.83 -
PSC72018.1           -           1606 443at3041            -            595     5e-86  288.6  34.1   2   3     9e-45   3.4e-42  143.8  21.9    76   263   846  1036   836  1050 0.82 -
PSC72018.1           -           1606 443at3041            -            595     5e-86  288.6  34.1   3   3   7.8e-48   2.9e-45  154.0   0.0   443   592  1293  1443  1270  1446 0.93 -
PSC75269.1           -            826 443at3041            -            595   1.3e-40  138.6   0.1   1   1     5e-43   1.9e-40  138.1   0.1   456   592   682   821   625   824 0.82 -
PSC75270.1           -            885 443at3041            -            595   1.5e-40  138.4   0.1   1   1   5.6e-43   2.1e-40  137.9   0.1   456   592   741   880   684   883 0.82 -
PSC72286.1           -           1082 443at3041            -            595   9.8e-28   96.1  14.3   1   1     4e-30   1.5e-27   95.5  14.3    93   240   290   453   279   489 0.85 -
PSC73979.1           -           1448 443at3041            -            595   1.3e-26   92.3   0.2   1   1   5.5e-29     2e-26   91.7   0.2   454   594   169   311   157   312 0.91 -
PSC68926.1           -            882 443at3041            -            595   5.2e-26   90.4   0.0   1   1   2.3e-28   8.6e-26   89.7   0.0   452   577   715   839   703   843 0.94 -
PSC72083.1           -           2661 443at3041            -            595   1.1e-21   76.1   0.1   1   2         2   7.3e+02   -2.6   0.3   110   140   736   763   733   773 0.78 -
PSC72083.1           -           2661 443at3041            -            595   1.1e-21   76.1   0.1   2   2   2.9e-24   1.1e-21   76.1   0.1   468   594  1050  1184  1047  1185 0.90 -
PSC72082.1           -           2665 443at3041            -            595   1.1e-21   76.1   0.1   1   2         2   7.3e+02   -2.6   0.3   110   140   736   763   733   773 0.78 -
PSC72082.1           -           2665 443at3041            -            595   1.1e-21   76.1   0.1   2   2   2.9e-24   1.1e-21   76.1   0.1   468   594  1050  1184  1047  1185 0.90 -
PSC71102.1           -           1621 443at3041            -            595   9.8e-17   59.8  31.1   1   3   8.2e-12   3.1e-09   35.0   1.8    93   144   807   856   791   884 0.81 -
PSC71102.1           -           1621 443at3041            -            595   9.8e-17   59.8  31.1   2   3   1.9e-12   7.1e-10   37.1   9.1   146   239   890   991   885  1088 0.79 -
PSC71102.1           -           1621 443at3041            -            595   9.8e-17   59.8  31.1   3   3       1.8   6.6e+02   -2.4   4.7   281   349  1237  1307  1186  1327 0.64 -
PSC71346.1           -            933 443at3041            -            595   1.3e-15   56.1   1.1   1   2      0.37   1.4e+02   -0.2   0.0   467   516   771   814   750   823 0.80 -
PSC71346.1           -            933 443at3041            -            595   1.3e-15   56.1   1.1   2   2   1.1e-17   4.1e-15   54.4   0.2   517   593   846   929   840   931 0.84 -
PSC73654.1           -           1176 443at3041            -            595   3.1e-15   54.8   2.0   1   2       2.4   8.9e+02   -2.9   1.1   262   340   680   758   648   771 0.51 -
PSC73654.1           -           1176 443at3041            -            595   3.1e-15   54.8   2.0   2   2   1.7e-17   6.2e-15   53.8   0.0   460   594  1022  1169  1020  1170 0.83 -
PSC69263.1           -           1405 443at3041            -            595     3e-09   35.0  13.3   1   3       8.4   3.1e+03   -4.7   0.4   433   460   142   169   134   171 0.83 -
PSC69263.1           -           1405 443at3041            -            595     3e-09   35.0  13.3   2   3     6e-10   2.2e-07   28.8   0.0     5    73   295   374   292   383 0.82 -
PSC69263.1           -           1405 443at3041            -            595     3e-09   35.0  13.3   3   3   0.00013      0.05   11.2   5.4   163   232  1011  1081  1006  1096 0.81 -
PSC67964.1           -           1353 443at3041            -            595   4.4e-09   34.5   0.5   1   1     2e-11   7.6e-09   33.7   0.5   519   594   796   875   792   876 0.88 -
PSC67402.1           -            978 443at3041            -            595   7.5e-09   33.7   0.3   1   1   2.8e-11     1e-08   33.3   0.3     3    76     4    84     2    91 0.79 -
PSC73216.1           -            561 443at3041            -            595   3.7e-08   31.4   0.0   1   1   1.4e-10   5.3e-08   30.9   0.0     5    71   249   333   246   337 0.72 -
PSC71151.1           -           1685 443at3041            -            595   2.1e-05   22.3   0.1   1   1   8.3e-08   3.1e-05   21.8   0.1   520   594   929  1007   923  1008 0.87 -
PSC74664.1           -            684 443at3041            -            595   0.00015   19.5   4.7   1   1   6.1e-07   0.00023   18.9   4.7    92   146    85   135    73   145 0.82 -
PSC71600.1           -           1325 443at3041            -            595   0.00029   18.6   9.5   1   1   1.8e-06   0.00067   17.4   9.5    21   161   382   513   379   520 0.82 -
PSC71758.1           -           2817 443at3041            -            595   0.00041   18.1   4.2   1   1     2e-06   0.00076   17.2   4.2    92   144  2756  2805  2733  2812 0.85 -
PSC68497.1           -            465 443at3041            -            595   0.00044   18.0   0.0   1   1   1.8e-06   0.00068   17.3   0.0   469   573   346   450   342   459 0.81 -
PSC68496.1           -            495 443at3041            -            595   0.00049   17.8   0.0   1   1     2e-06   0.00076   17.2   0.0   469   573   376   480   372   489 0.81 -
PSC72547.1           -            906 443at3041            -            595    0.0022   15.7   0.2   1   1   1.2e-05    0.0045   14.6   0.2   521   592   815   894   810   896 0.74 -
PSC70247.1           -           1548 443at3041            -            595     0.004   14.8   0.6   1   1   1.7e-05    0.0065   14.1   0.6    77   141   926   991   919   999 0.83 -
PSC70291.1           -            807 443at3041            -            595    0.0087   13.7   0.8   1   1   3.3e-05     0.012   13.2   0.8    87   121   702   735   660   765 0.86 -
PSC69501.1           -           1594 443at3041            -            595     0.053   11.1   8.1   1   1   0.00023     0.087   10.4   8.1   160   240    30   110     2   132 0.79 -
PSC73690.1           -           2191 443at3041            -            595      0.14    9.7  10.7   1   2   1.2e-05    0.0044   14.7   0.6    92   140  1139  1187  1115  1196 0.86 -
PSC73690.1           -           2191 443at3041            -            595      0.14    9.7  10.7   2   2      0.72   2.7e+02   -1.1   3.8    93   125  2042  2072  2024  2086 0.73 -
#
# Program:         hmmsearch
# Version:         3.1b2 (February 2015)
# Pipeline mode:   SEARCH
# Query file:      /Users/catrionaharrison/Documents/Bioinformatics/rp2/Data/genomes/busco/busco_downloads/lineages/chlorophyta_odb10/hmms/443at3041.hmm
# Target file:     /Users/catrionaharrison/Documents/Bioinformatics/rp2/Data/genomes/busco/data/micractinium_conductrix.prot.fasta
# Option settings: hmmsearch --domtblout /Users/catrionaharrison/Documents/Bioinformatics/rp2/Data/genomes/busco/Busco_conductrix/run_chlorophyta_odb10/hmmer_output/initial_run_results/443at3041.out --cpu 1 /Users/catrionaharrison/Documents/Bioinformatics/rp2/Data/genomes/busco/busco_downloads/lineages/chlorophyta_odb10/hmms/443at3041.hmm /Users/catrionaharrison/Documents/Bioinformatics/rp2/Data/genomes/busco/data/micractinium_conductrix.prot.fasta 
# Current dir:     /Users/catrionaharrison/Documents/Bioinformatics/rp2/Data/genomes/busco
# Date:            Fri Jul 22 15:19:46 2022
# [ok]
