#                                                                            --- full sequence --- -------------- this domain -------------   hmm coord   ali coord   env coord
# target name        accession   tlen query name           accession   qlen   E-value  score  bias   #  of  c-Evalue  i-Evalue  score  bias  from    to  from    to  from    to  acc description of target
#------------------- ---------- ----- -------------------- ---------- ----- --------- ------ ----- --- --- --------- --------- ------ ----- ----- ----- ----- ----- ----- ----- ---- ---------------------
PSC73589.1           -           1663 4519at3041           -            201   1.7e-99  330.4   0.5   1   3   9.1e-07    0.0023   16.5   0.1     5    30     1    26     1    30 0.90 -
PSC73589.1           -           1663 4519at3041           -            201   1.7e-99  330.4   0.5   2   3     3e-97   7.5e-94  311.9   0.0    10   199    29   223    23   228 0.96 -
PSC73589.1           -           1663 4519at3041           -            201   1.7e-99  330.4   0.5   3   3      0.86   2.2e+03   -3.0   0.0    67   108  1205  1246  1200  1248 0.82 -
PSC69143.1           -            349 4519at3041           -            201   1.9e-21   75.6   0.0   1   1   1.3e-24   3.3e-21   74.8   0.0     7   163    86   251    82   269 0.87 -
PSC73382.1           -            306 4519at3041           -            201    0.0053   15.3   0.0   1   2     7e-06     0.018   13.7   0.0    26    59    80   113    54   128 0.83 -
PSC73382.1           -            306 4519at3041           -            201    0.0053   15.3   0.0   2   2      0.27   6.9e+02   -1.3   0.0    97   127   198   231   165   236 0.67 -
PSC67344.1           -            325 4519at3041           -            201     0.043   12.4   0.0   1   2   6.9e-05      0.17   10.4   0.0    32    55   130   153   110   191 0.81 -
PSC67344.1           -            325 4519at3041           -            201     0.043   12.4   0.0   2   2      0.21   5.2e+02   -0.9   0.0   137   161   262   286   231   302 0.69 -
#
# Program:         hmmsearch
# Version:         3.1b2 (February 2015)
# Pipeline mode:   SEARCH
# Query file:      /Users/catrionaharrison/Documents/Bioinformatics/rp2/Data/genomes/busco/busco_downloads/lineages/chlorophyta_odb10/hmms/4519at3041.hmm
# Target file:     /Users/catrionaharrison/Documents/Bioinformatics/rp2/Data/genomes/busco/data/micractinium_conductrix.prot.fasta
# Option settings: hmmsearch --domtblout /Users/catrionaharrison/Documents/Bioinformatics/rp2/Data/genomes/busco/Busco_conductrix/run_chlorophyta_odb10/hmmer_output/initial_run_results/4519at3041.out --cpu 1 /Users/catrionaharrison/Documents/Bioinformatics/rp2/Data/genomes/busco/busco_downloads/lineages/chlorophyta_odb10/hmms/4519at3041.hmm /Users/catrionaharrison/Documents/Bioinformatics/rp2/Data/genomes/busco/data/micractinium_conductrix.prot.fasta 
# Current dir:     /Users/catrionaharrison/Documents/Bioinformatics/rp2/Data/genomes/busco
# Date:            Fri Jul 22 15:19:51 2022
# [ok]
