#                                                                            --- full sequence --- -------------- this domain -------------   hmm coord   ali coord   env coord
# target name        accession   tlen query name           accession   qlen   E-value  score  bias   #  of  c-Evalue  i-Evalue  score  bias  from    to  from    to  from    to  acc description of target
#------------------- ---------- ----- -------------------- ---------- ----- --------- ------ ----- --- --- --------- --------- ------ ----- ----- ----- ----- ----- ----- ----- ---- ---------------------
PSC71219.1           -            272 4583at3041           -            234  2.5e-101  337.2   4.4   1   1  3.6e-103  6.1e-101  335.9   4.4     1   234    11   267    11   267 0.94 -
PSC70932.1           -            300 4583at3041           -            234   1.5e-20   72.9   3.8   1   1   1.5e-22   2.5e-20   72.1   3.8     7   178    55   245    49   254 0.83 -
PSC76884.1           -            352 4583at3041           -            234   6.9e-19   67.4   2.8   1   2     4e-21   6.9e-19   67.4   2.8     8   182     3   196     1   204 0.77 -
PSC76884.1           -            352 4583at3041           -            234   6.9e-19   67.4   2.8   2   2       4.6   7.9e+02   -1.5   0.1   177   206   215   241   204   252 0.63 -
PSC68897.1           -           2195 4583at3041           -            234   8.3e-19   67.1   0.1   1   1   1.6e-20   2.8e-18   65.4   0.1    10   180  1903  2096  1899  2113 0.79 -
PSC76883.1           -            383 4583at3041           -            234   2.7e-18   65.5   3.7   1   2   1.6e-20   2.7e-18   65.5   3.7     8   183     3   197     1   229 0.76 -
PSC76883.1           -            383 4583at3041           -            234   2.7e-18   65.5   3.7   2   2       4.7     8e+02   -1.6   0.1   177   207   246   276   231   284 0.65 -
PSC76882.1           -            352 4583at3041           -            234   9.2e-18   63.7   7.0   1   1   1.1e-19   1.9e-17   62.7   7.0     8   183     3   197     1   250 0.76 -
PSC71095.1           -            914 4583at3041           -            234   1.5e-17   63.0   2.2   1   1   2.2e-19   3.7e-17   61.7   2.2     8   207    10   222     6   238 0.78 -
PSC76482.1           -           1023 4583at3041           -            234   1.8e-16   59.5   0.5   1   1   6.5e-18   1.1e-15   56.9   0.5    10   209   783  1000   779  1021 0.73 -
PSC75836.1           -            278 4583at3041           -            234   2.8e-16   58.9   1.3   1   1   2.6e-18   4.5e-16   58.2   1.3     9   178    12   201     6   240 0.77 -
PSC68695.1           -            339 4583at3041           -            234   3.3e-16   58.6   5.4   1   1   4.2e-18   7.1e-16   57.5   5.4     9   195    80   287    72   302 0.79 -
PSC70971.1           -            541 4583at3041           -            234   1.4e-15   56.6   0.2   1   1   8.3e-18   1.4e-15   56.6   0.2     9   171   230   415   226   420 0.79 -
PSC70985.1           -            315 4583at3041           -            234   1.2e-14   53.5   0.1   1   1   1.3e-15   2.3e-13   49.3   0.1     8   174    16   207    11   227 0.73 -
PSC75278.1           -            262 4583at3041           -            234   1.5e-12   46.6   7.4   1   1   1.4e-14   2.3e-12   46.0   7.4     9   183     8   201     3   219 0.79 -
PSC69687.1           -            257 4583at3041           -            234     2e-12   46.2   1.7   1   1     2e-14   3.4e-12   45.5   1.7     9   178    13   200     6   218 0.77 -
PSC70834.1           -            340 4583at3041           -            234   8.2e-11   41.0   3.2   1   1   2.6e-12   4.5e-10   38.6   3.2     7   183    68   273    64   294 0.77 -
PSC75715.1           -            658 4583at3041           -            234     1e-10   40.7   1.0   1   1   2.5e-12   4.3e-10   38.6   1.0     8   176     8   195     2   209 0.70 -
PSC74354.1           -            295 4583at3041           -            234   1.1e-10   40.6   5.5   1   2   2.6e-11   4.5e-09   35.3   0.7     9    90     6    92     2   103 0.86 -
PSC74354.1           -            295 4583at3041           -            234   1.1e-10   40.6   5.5   2   2    0.0078       1.3    7.5   0.4   136   201   176   242    94   248 0.76 -
PSC69136.1           -            916 4583at3041           -            234   1.3e-10   40.3   0.0   1   1   1.5e-12   2.6e-10   39.3   0.0     8   179    40   231    34   260 0.77 -
PSC74044.1           -            382 4583at3041           -            234   6.7e-10   38.0   0.0   1   1   7.2e-12   1.2e-09   37.1   0.0     9   129    19   156    11   221 0.82 -
PSC68474.1           -            310 4583at3041           -            234   6.1e-09   34.8   0.8   1   2   1.3e-10   2.3e-08   33.0   0.7     9   133    24   165    16   171 0.80 -
PSC68474.1           -            310 4583at3041           -            234   6.1e-09   34.8   0.8   2   2       2.4     4e+02   -0.6   0.0   153   214   203   264   175   283 0.65 -
PSC74545.1           -            288 4583at3041           -            234   1.2e-08   33.9   0.3   1   1   1.6e-10   2.8e-08   32.7   0.3     9   175    10   195     5   208 0.79 -
PSC72389.1           -            295 4583at3041           -            234   1.4e-08   33.7   2.2   1   1   9.4e-11   1.6e-08   33.5   1.6    93   177   123   209    69   256 0.80 -
PSC74544.1           -            300 4583at3041           -            234   1.4e-08   33.7   0.4   1   1   1.9e-10   3.2e-08   32.5   0.4     9   175    10   195     5   208 0.79 -
PSC74519.1           -           1813 4583at3041           -            234   2.7e-08   32.7   0.7   1   2     2e-06   0.00033   19.3   0.0     8    42   629   663   623   723 0.69 -
PSC74519.1           -           1813 4583at3041           -            234   2.7e-08   32.7   0.7   2   2    0.0009      0.15   10.6   0.0    96   175   753   837   743   842 0.85 -
PSC74521.1           -           1812 4583at3041           -            234   2.7e-08   32.7   0.7   1   2     2e-06   0.00033   19.3   0.0     8    42   629   663   623   723 0.69 -
PSC74521.1           -           1812 4583at3041           -            234   2.7e-08   32.7   0.7   2   2    0.0009      0.15   10.6   0.0    96   175   753   837   743   842 0.85 -
PSC75991.1           -            323 4583at3041           -            234   5.9e-08   31.6   0.3   1   1   7.7e-10   1.3e-07   30.5   0.3     9   173    76   261    69   272 0.72 -
PSC73472.1           -           1041 4583at3041           -            234   1.2e-07   30.6   1.1   1   1   1.9e-09   3.2e-07   29.2   1.1     8    88   722   815   719   823 0.81 -
PSC74046.1           -            850 4583at3041           -            234   5.9e-07   28.3   0.2   1   1   6.9e-09   1.2e-06   27.4   0.2     9    89    20   106    11   231 0.68 -
PSC74520.1           -           1827 4583at3041           -            234   6.1e-07   28.3   4.0   1   2   5.1e-06   0.00087   18.0   0.3     8    40   629   661   623   665 0.89 -
PSC74520.1           -           1827 4583at3041           -            234   6.1e-07   28.3   4.0   2   2   0.00091      0.16   10.6   0.0    96   175   768   852   758   857 0.85 -
PSC68018.1           -            348 4583at3041           -            234   6.9e-07   28.1   0.0   1   1   9.9e-09   1.7e-06   26.8   0.0     9   130    85   226    77   237 0.76 -
PSC75302.1           -            433 4583at3041           -            234     8e-07   27.9   9.5   1   1     1e-07   1.7e-05   23.6   9.5    10   177   180   372   173   389 0.72 -
PSC72175.1           -            260 4583at3041           -            234   9.8e-07   27.6   0.1   1   2     5e-08   8.5e-06   24.6   0.1    10   131     6   133     4   138 0.65 -
PSC72175.1           -            260 4583at3041           -            234   9.8e-07   27.6   0.1   2   2       1.3   2.2e+02    0.3   0.0   188   209   218   239   202   244 0.82 -
PSC74048.1           -            853 4583at3041           -            234     1e-06   27.5   0.4   1   1   1.3e-08   2.2e-06   26.5   0.2     9    88    20   105    11   149 0.79 -
PSC75141.1           -            892 4583at3041           -            234   1.1e-06   27.4   4.1   1   2     1e-08   1.7e-06   26.8   1.5     8    44     7    43     3    52 0.89 -
PSC75141.1           -            892 4583at3041           -            234   1.1e-06   27.4   4.1   2   2       1.7   2.9e+02   -0.1   0.0   135   194   171   231    91   246 0.62 -
PSC74047.1           -            885 4583at3041           -            234   1.1e-06   27.4   0.4   1   1   1.3e-08   2.3e-06   26.4   0.2     9    88    20   105    11   149 0.79 -
PSC75142.1           -            928 4583at3041           -            234   1.2e-06   27.4   4.1   1   2   1.1e-08   1.8e-06   26.7   1.5     8    44     7    43     3    52 0.89 -
PSC75142.1           -            928 4583at3041           -            234   1.2e-06   27.4   4.1   2   2       1.8   3.1e+02   -0.2   0.0   135   194   171   231    91   246 0.62 -
PSC73722.1           -            326 4583at3041           -            234   1.8e-06   26.8   1.6   1   1   3.3e-08   5.6e-06   25.1   1.6    10   185    55   251    52   273 0.78 -
PSC74533.1           -            404 4583at3041           -            234   6.1e-06   25.0   0.0   1   1   8.8e-08   1.5e-05   23.7   0.0     8    93    78   170    71   172 0.79 -
PSC70796.1           -           1519 4583at3041           -            234   1.4e-05   23.8   0.7   1   1   3.6e-07   6.2e-05   21.7   0.7    10    96  1166  1262  1162  1296 0.78 -
PSC72928.1           -            200 4583at3041           -            234   2.3e-05   23.1   0.4   1   1   1.6e-07   2.8e-05   22.9   0.4    10    95     8    99     4   195 0.83 -
PSC76397.1           -            197 4583at3041           -            234   5.4e-05   21.9   0.0   1   1   4.3e-07   7.3e-05   21.5   0.0    93   183    25   122    11   131 0.77 -
PSC71201.1           -            322 4583at3041           -            234   5.8e-05   21.8   0.2   1   2     8e-07   0.00014   20.6   0.0    10    88    10    97     4   144 0.84 -
PSC71201.1           -            322 4583at3041           -            234   5.8e-05   21.8   0.2   2   2       6.4   1.1e+03   -2.0   0.0   155   174   211   230   190   235 0.71 -
PSC70969.1           -            346 4583at3041           -            234   6.1e-05   21.8   2.0   1   2   5.8e-05    0.0098   14.5   0.6     8    69    14    79     7   140 0.65 -
PSC70969.1           -            346 4583at3041           -            234   6.1e-05   21.8   2.0   2   2     0.018       3.1    6.4   0.0   120   173   168   223   161   269 0.84 -
PSC76102.1           -           1771 4583at3041           -            234    0.0001   21.0   1.1   1   1   5.9e-07    0.0001   21.0   1.1     8    88  1443  1534  1437  1541 0.77 -
PSC71857.1           -            290 4583at3041           -            234    0.0002   20.0   2.5   1   2   3.9e-05    0.0067   15.1   0.7     4    64    40   100    37   107 0.82 -
PSC71857.1           -            290 4583at3041           -            234    0.0002   20.0   2.5   2   2      0.13        22    3.6   0.1    96   135   106   146    99   251 0.68 -
PSC76388.1           -            754 4583at3041           -            234   0.00025   19.7   0.3   1   1   3.1e-06   0.00053   18.7   0.1     8   128   464   601   457   607 0.57 -
PSC69189.1           -            353 4583at3041           -            234   0.00089   17.9   1.1   1   1   8.5e-06    0.0014   17.3   1.1     8    50   161   203   155   226 0.92 -
PSC69382.1           -            225 4583at3041           -            234    0.0011   17.7   0.6   1   1     1e-05    0.0017   17.0   0.6     9   130     7   140     2   192 0.61 -
PSC68042.1           -            339 4583at3041           -            234    0.0016   17.1   4.2   1   2   0.00013     0.021   13.4   5.1     8    52    22    66    15   130 0.83 -
PSC68042.1           -            339 4583at3041           -            234    0.0016   17.1   4.2   2   2       7.9   1.3e+03   -2.3   0.0   151   174   211   234   197   238 0.78 -
PSC76756.1           -           1092 4583at3041           -            234    0.0088   14.7   1.0   1   1   0.00011     0.018   13.6   1.0     7    49   106   148   104   184 0.83 -
PSC76139.1           -            295 4583at3041           -            234     0.011   14.4   0.2   1   1   9.7e-05     0.017   13.8   0.2     8    46    43    81    37   100 0.91 -
PSC74908.1           -            236 4583at3041           -            234     0.011   14.3   4.0   1   1    0.0002     0.035   12.7   4.0     8    53     6    51     2   231 0.65 -
PSC68240.1           -            507 4583at3041           -            234     0.025   13.2   0.7   1   1   0.00027     0.047   12.3   0.7    10    39   278   307   272   350 0.89 -
PSC71057.1           -            813 4583at3041           -            234     0.027   13.1   0.0   1   1   0.00028     0.048   12.3   0.0    10    54   403   450   392   500 0.89 -
PSC72929.1           -            137 4583at3041           -            234      0.03   12.9   0.2   1   2   0.00035      0.06   12.0   0.1    10    66     8    68     3    71 0.82 -
PSC72929.1           -            137 4583at3041           -            234      0.03   12.9   0.2   2   2       7.9   1.4e+03   -2.3   0.0   132   162    92   123    82   132 0.56 -
PSC75726.1           -            635 4583at3041           -            234      0.04   12.5   2.2   1   2   0.00078      0.13   10.8   0.2    12   104     1    96     1   114 0.75 -
PSC75726.1           -            635 4583at3041           -            234      0.04   12.5   2.2   2   2       1.1   1.9e+02    0.5   0.0   153   204   484   537   479   551 0.69 -
PSC76890.1           -           1048 4583at3041           -            234     0.068   11.8   1.3   1   1   0.00073      0.12   10.9   1.3     9    41     7    39     2    51 0.86 -
PSC71056.1           -            655 4583at3041           -            234      0.24   10.0   4.7   1   4      0.41        70    1.9   0.5     8    35     7    34     3    70 0.90 -
PSC71056.1           -            655 4583at3041           -            234      0.24   10.0   4.7   2   4       3.6   6.1e+02   -1.2   0.0     5    32   160   190   157   251 0.68 -
PSC71056.1           -            655 4583at3041           -            234      0.24   10.0   4.7   3   4       2.5   4.3e+02   -0.7   0.0    52    76   312   336   308   348 0.86 -
PSC71056.1           -            655 4583at3041           -            234      0.24   10.0   4.7   4   4     0.018         3    6.4   0.2     8    74   453   518   448   531 0.77 -
PSC70067.1           -            479 4583at3041           -            234      0.26    9.9   2.8   1   2    0.0091       1.5    7.3   0.2     9    50    39    80    32    89 0.91 -
PSC70067.1           -            479 4583at3041           -            234      0.26    9.9   2.8   2   2      0.31        52    2.3   0.2    10    58   289   337   284   353 0.86 -
#
# Program:         hmmsearch
# Version:         3.1b2 (February 2015)
# Pipeline mode:   SEARCH
# Query file:      /Users/catrionaharrison/Documents/Bioinformatics/rp2/Data/genomes/busco/busco_downloads/lineages/chlorophyta_odb10/hmms/4583at3041.hmm
# Target file:     /Users/catrionaharrison/Documents/Bioinformatics/rp2/Data/genomes/busco/data/micractinium_conductrix.prot.fasta
# Option settings: hmmsearch --domtblout /Users/catrionaharrison/Documents/Bioinformatics/rp2/Data/genomes/busco/Busco_conductrix/run_chlorophyta_odb10/hmmer_output/initial_run_results/4583at3041.out --cpu 1 /Users/catrionaharrison/Documents/Bioinformatics/rp2/Data/genomes/busco/busco_downloads/lineages/chlorophyta_odb10/hmms/4583at3041.hmm /Users/catrionaharrison/Documents/Bioinformatics/rp2/Data/genomes/busco/data/micractinium_conductrix.prot.fasta 
# Current dir:     /Users/catrionaharrison/Documents/Bioinformatics/rp2/Data/genomes/busco
# Date:            Fri Jul 22 15:20:06 2022
# [ok]
