#                                                                            --- full sequence --- -------------- this domain -------------   hmm coord   ali coord   env coord
# target name        accession   tlen query name           accession   qlen   E-value  score  bias   #  of  c-Evalue  i-Evalue  score  bias  from    to  from    to  from    to  acc description of target
#------------------- ---------- ----- -------------------- ---------- ----- --------- ------ ----- --- --- --------- --------- ------ ----- ----- ----- ----- ----- ----- ----- ---- ---------------------
PSC72599.1           -            946 4609at3041           -            344  1.9e-162  539.2   6.3   1   1  7.5e-164  1.1e-161  536.7   6.3     2   344    64   460    63   460 0.91 -
PSC69776.1           -            476 4609at3041           -            344    1e-116  388.8   3.7   1   1  3.4e-118  4.9e-116  386.6   3.7     2   343    20   410    19   411 0.87 -
PSC68971.1           -           1329 4609at3041           -            344   3.4e-71  239.1   5.1   1   1   2.4e-72   3.5e-70  235.8   5.1     7   327   272   629   268   642 0.81 -
PSC71864.1           -            671 4609at3041           -            344   4.6e-71  238.7   0.0   1   1   7.3e-72   1.1e-69  234.2   0.0    11   318   195   550   189   566 0.81 -
PSC71287.1           -            968 4609at3041           -            344   5.2e-71  238.5   1.4   1   1   3.9e-72   5.7e-70  235.1   1.4    10   329    63   422    47   431 0.81 -
PSC72623.1           -            558 4609at3041           -            344   6.6e-71  238.2   0.0   1   1   3.5e-72     5e-70  235.3   0.0     9   310   143   486   137   497 0.87 -
PSC74000.1           -            614 4609at3041           -            344   7.4e-68  228.2   1.0   1   1   3.1e-69   4.4e-67  225.6   1.0    10   299   212   547   198   554 0.82 -
PSC68276.1           -           1278 4609at3041           -            344   1.1e-66  224.4   1.0   1   1   8.1e-68   1.2e-65  220.9   1.1     7   310   458   809   452   815 0.81 -
PSC68277.1           -           1278 4609at3041           -            344   1.1e-66  224.4   1.0   1   1   8.1e-68   1.2e-65  220.9   1.1     7   310   458   809   452   815 0.81 -
PSC68006.1           -            608 4609at3041           -            344   3.4e-66  222.7   0.3   1   1   4.5e-67   6.4e-65  218.5   0.3     9   297   125   455   110   470 0.86 -
PSC76969.1           -            999 4609at3041           -            344   1.2e-64  217.6   1.7   1   3   9.2e-14   1.3e-11   43.2   0.1     9    57   231   280   224   284 0.87 -
PSC76969.1           -            999 4609at3041           -            344   1.2e-64  217.6   1.7   2   3   4.9e-18     7e-16   57.2   0.0    59   154   317   430   308   434 0.87 -
PSC76969.1           -            999 4609at3041           -            344   1.2e-64  217.6   1.7   3   3   2.8e-35     4e-33  113.9   0.0   167   303   565   703   542   718 0.89 -
PSC68153.1           -            403 4609at3041           -            344     1e-63  214.6   0.9   1   1   9.7e-65   1.4e-62  210.8   0.9    10   321    46   393    30   400 0.83 -
PSC75805.1           -            655 4609at3041           -            344   1.5e-63  214.0   1.9   1   1   9.5e-64   1.4e-61  207.6   1.9     6   300    92   434    88   448 0.84 -
PSC71624.1           -            581 4609at3041           -            344   2.1e-63  213.5   0.2   1   1   5.6e-65     8e-63  211.6   0.2     5   303   143   490   141   499 0.81 -
PSC67841.1           -            411 4609at3041           -            344   2.3e-63  213.4   0.5   1   1   5.1e-65   7.4e-63  211.7   0.5    11   319    54   396    47   399 0.87 -
PSC74094.1           -            867 4609at3041           -            344   8.9e-62  208.2   0.4   1   1   3.7e-61   5.4e-59  199.0   0.4     9   312   461   827   455   849 0.81 -
PSC73011.1           -           1029 4609at3041           -            344   1.6e-61  207.3   0.4   1   1   9.7e-63   1.4e-60  204.2   0.4    14   299    87   415    75   431 0.83 -
PSC73839.1           -            413 4609at3041           -            344   1.7e-58  197.4   0.4   1   1   6.3e-60   9.1e-58  195.0   0.4    11   320    57   402    49   411 0.85 -
PSC74559.1           -            594 4609at3041           -            344   4.9e-58  195.9   2.6   1   2   7.5e-32   1.1e-29  102.7   0.6     6   165    16   200    12   216 0.81 -
PSC74559.1           -            594 4609at3041           -            344   4.9e-58  195.9   2.6   2   2   8.5e-29   1.2e-26   92.6   0.0   196   308   285   401   242   410 0.86 -
PSC74558.1           -            595 4609at3041           -            344   4.9e-58  195.9   2.6   1   2   7.6e-32   1.1e-29  102.7   0.6     6   165    16   200    12   216 0.81 -
PSC74558.1           -            595 4609at3041           -            344   4.9e-58  195.9   2.6   2   2   8.5e-29   1.2e-26   92.6   0.0   196   308   285   401   242   410 0.86 -
PSC74148.1           -           1126 4609at3041           -            344   5.3e-57  192.5   2.1   1   1   2.6e-58   3.8e-56  189.7   2.1     9   303   464   801   459   820 0.82 -
PSC74143.1           -            438 4609at3041           -            344   6.3e-57  192.2   0.1   1   1   5.2e-58   7.4e-56  188.7   0.1     9   313    62   415    56   424 0.82 -
PSC71732.1           -           1586 4609at3041           -            344   3.4e-55  186.5   0.1   1   1   1.6e-55   2.2e-53  180.5   0.1    12   312   161   514   152   539 0.78 -
PSC71941.1           -            673 4609at3041           -            344   5.8e-55  185.8   0.1   1   1   2.3e-56   3.3e-54  183.3   0.1    11   322    80   447    64   458 0.78 -
PSC76672.1           -            827 4609at3041           -            344   8.1e-55  185.3   0.2   1   2   5.7e-26   8.2e-24   83.3   0.1    12   144   146   300   140   307 0.87 -
PSC76672.1           -            827 4609at3041           -            344   8.1e-55  185.3   0.2   2   2   6.6e-31   9.6e-29   99.6   0.0   198   302   399   503   393   541 0.90 -
PSC76303.1           -            713 4609at3041           -            344   9.7e-52  175.2   0.0   1   1   8.5e-53   1.2e-50  171.5   0.0    12   321   116   477   109   502 0.78 -
PSC76330.1           -            615 4609at3041           -            344   4.5e-46  156.5   2.9   1   2   9.6e-11   1.4e-08   33.3   0.0     5    55   143   193   140   200 0.90 -
PSC76330.1           -            615 4609at3041           -            344   4.5e-46  156.5   2.9   2   2   1.3e-37   1.9e-35  121.6   0.9    59   314   232   520   227   528 0.79 -
PSC75014.1           -            759 4609at3041           -            344   7.9e-46  155.7   4.1   1   3     8e-14   1.2e-11   43.4   0.1     8    56    17    65    12    68 0.93 -
PSC75014.1           -            759 4609at3041           -            344   7.9e-46  155.7   4.1   2   3     3e-09   4.3e-07   28.3   0.0    64   159   286   407   284   439 0.78 -
PSC75014.1           -            759 4609at3041           -            344   7.9e-46  155.7   4.1   3   3   3.7e-25   5.3e-23   80.7   0.2   182   301   485   625   458   629 0.86 -
PSC67349.1           -           1097 4609at3041           -            344   1.2e-45  155.2   0.1   1   2   6.4e-25   9.2e-23   79.9   0.2    11   152   489   653   477   679 0.80 -
PSC67349.1           -           1097 4609at3041           -            344   1.2e-45  155.2   0.1   2   2   1.3e-22   1.9e-20   72.3   0.0   173   303   768   921   754   955 0.71 -
PSC74391.1           -            662 4609at3041           -            344   2.1e-43  147.7   7.7   1   3   1.5e-25   2.1e-23   82.0   2.7    10   164    18   195    11   203 0.83 -
PSC74391.1           -            662 4609at3041           -            344   2.1e-43  147.7   7.7   2   3   9.7e-07   0.00014   20.1   0.1   194   254   269   329   255   337 0.88 -
PSC74391.1           -            662 4609at3041           -            344   2.1e-43  147.7   7.7   3   3   3.7e-14   5.3e-12   44.5   0.0   257   317   370   430   368   442 0.90 -
PSC76590.1           -           1214 4609at3041           -            344   2.3e-43  147.6   5.2   1   2   1.6e-21   2.3e-19   68.7   1.9    11   161    44   214    39   235 0.80 -
PSC76590.1           -           1214 4609at3041           -            344   2.3e-43  147.6   5.2   2   2   7.1e-25     1e-22   79.7   0.1   190   301   300   411   290   433 0.92 -
PSC68005.1           -            655 4609at3041           -            344   1.3e-42  145.1   9.3   1   2   4.7e-17   6.8e-15   54.0   4.5    30   149   183   320   163   329 0.82 -
PSC68005.1           -            655 4609at3041           -            344   1.3e-42  145.1   9.3   2   2   7.6e-29   1.1e-26   92.8   0.2   168   311   396   545   364   568 0.89 -
PSC75732.1           -            791 4609at3041           -            344   2.7e-42  144.1   3.4   1   2   5.9e-17   8.6e-15   53.7   1.0    18   164     2   187     1   209 0.73 -
PSC75732.1           -            791 4609at3041           -            344   2.7e-42  144.1   3.4   2   2     1e-27   1.4e-25   89.1   0.1   174   321   296   446   284   453 0.90 -
PSC67942.1           -            506 4609at3041           -            344     1e-40  138.9   2.3   1   1   2.2e-41   3.2e-39  134.0   2.3     6   317   119   480   106   485 0.77 -
PSC67943.1           -            506 4609at3041           -            344     1e-40  138.9   2.3   1   1   2.2e-41   3.2e-39  134.0   2.3     6   317   119   480   106   485 0.77 -
PSC68272.1           -           1604 4609at3041           -            344     7e-36  123.0   1.3   1   4     6e-10   8.6e-08   30.6   0.0     2    55  1059  1119  1058  1124 0.81 -
PSC68272.1           -           1604 4609at3041           -            344     7e-36  123.0   1.3   2   4      0.55        80    1.2   0.1    62   119  1161  1219  1152  1227 0.79 -
PSC68272.1           -           1604 4609at3041           -            344     7e-36  123.0   1.3   3   4     0.083        12    3.9   0.0   121   154  1243  1276  1240  1294 0.88 -
PSC68272.1           -           1604 4609at3041           -            344     7e-36  123.0   1.3   4   4   1.1e-25   1.5e-23   82.4   0.0   198   319  1427  1548  1419  1559 0.94 -
PSC74953.1           -           1321 4609at3041           -            344   1.3e-27   95.8   0.0   1   2   4.9e-14   7.1e-12   44.1   0.0     9    78   172   248   168   261 0.86 -
PSC74953.1           -           1321 4609at3041           -            344   1.3e-27   95.8   0.0   2   2   1.4e-15     2e-13   49.2   0.0   236   319   535   620   529   624 0.90 -
PSC73217.1           -           1605 4609at3041           -            344   2.1e-20   72.1   4.0   1   3   2.4e-09   3.4e-07   28.7   0.5    10   158   163   351   156   367 0.70 -
PSC73217.1           -           1605 4609at3041           -            344   2.1e-20   72.1   4.0   2   3     0.068       9.8    4.2   0.0   197   243   420   471   403   475 0.78 -
PSC73217.1           -           1605 4609at3041           -            344   2.1e-20   72.1   4.0   3   3   2.1e-12   3.1e-10   38.7   0.1   244   300   495   551   482   569 0.81 -
PSC73218.1           -           1613 4609at3041           -            344   2.1e-20   72.1   4.0   1   3   2.4e-09   3.5e-07   28.7   0.5    10   158   163   351   156   367 0.70 -
PSC73218.1           -           1613 4609at3041           -            344   2.1e-20   72.1   4.0   2   3     0.068       9.9    4.1   0.0   197   243   420   471   403   475 0.78 -
PSC73218.1           -           1613 4609at3041           -            344   2.1e-20   72.1   4.0   3   3   2.2e-12   3.1e-10   38.7   0.1   244   300   495   551   482   569 0.81 -
PSC72915.1           -            628 4609at3041           -            344     3e-16   58.4   0.2   1   1   3.3e-18   4.8e-16   57.8   0.2     9    80   454   530   448   545 0.86 -
PSC69715.1           -           1398 4609at3041           -            344   1.4e-15   56.2   1.7   1   2      0.16        24    2.9   0.2    20    66   580   628   566   739 0.60 -
PSC69715.1           -           1398 4609at3041           -            344   1.4e-15   56.2   1.7   2   2   2.1e-16     3e-14   51.9   0.1   195   309   797   911   793   932 0.95 -
PSC69690.1           -            874 4609at3041           -            344   1.3e-12   46.5   0.1   1   2   0.00032     0.046   11.8   0.0    10    52    35    77    28    99 0.86 -
PSC69690.1           -            874 4609at3041           -            344   1.3e-12   46.5   0.1   2   2     2e-10   2.9e-08   32.2   0.0   198   304   318   424   315   433 0.93 -
PSC74315.1           -           3489 4609at3041           -            344   1.7e-12   46.1   0.0   1   2      0.94   1.3e+02    0.4   0.0   149   207  1937  1997  1923  2002 0.76 -
PSC74315.1           -           3489 4609at3041           -            344   1.7e-12   46.1   0.0   2   2   1.3e-13   1.9e-11   42.7   0.0   229   313  2076  2160  2068  2168 0.85 -
PSC67654.1           -            881 4609at3041           -            344   2.9e-12   45.4   0.0   1   2   2.3e-05    0.0033   15.6   0.0    10    52    88   130    82   193 0.90 -
PSC67654.1           -            881 4609at3041           -            344   2.9e-12   45.4   0.0   2   2   9.9e-09   1.4e-06   26.6   0.0   198   291   320   413   317   418 0.96 -
PSC71065.1           -           1221 4609at3041           -            344   7.4e-11   40.7   0.4   1   2   1.5e-05    0.0022   16.2   0.4    19    85   648   713   639   722 0.85 -
PSC71065.1           -           1221 4609at3041           -            344   7.4e-11   40.7   0.4   2   2   3.1e-07   4.5e-05   21.7   0.0   231   288  1120  1177  1107  1184 0.91 -
PSC74486.1           -           1485 4609at3041           -            344   2.1e-10   39.2   0.1   1   2    0.0028      0.41    8.7   0.0    18    52   298   332   283   350 0.88 -
PSC74486.1           -           1485 4609at3041           -            344   2.1e-10   39.2   0.1   2   2   3.8e-09   5.4e-07   28.0   0.0   198   308   529   640   503   648 0.87 -
PSC69011.1           -           2159 4609at3041           -            344   3.1e-09   35.4   0.1   1   4      0.09        13    3.8   0.0    13   118   488   602   484   609 0.71 -
PSC69011.1           -           2159 4609at3041           -            344   3.1e-09   35.4   0.1   2   4      0.37        53    1.7   0.0   226   269   795   838   712   844 0.84 -
PSC69011.1           -           2159 4609at3041           -            344   3.1e-09   35.4   0.1   3   4   9.8e-07   0.00014   20.1   0.0    16   118  1337  1444  1329  1456 0.80 -
PSC69011.1           -           2159 4609at3041           -            344   3.1e-09   35.4   0.1   4   4     0.099        14    3.6   0.0   219   262  1627  1670  1622  1715 0.81 -
PSC75205.1           -           1540 4609at3041           -            344   8.6e-09   33.9   0.3   1   2       2.3   3.4e+02   -0.9   0.0    20    82   842   903   830   954 0.64 -
PSC75205.1           -           1540 4609at3041           -            344   8.6e-09   33.9   0.3   2   2   2.6e-10   3.8e-08   31.8   0.0   223   291  1422  1490  1384  1503 0.83 -
PSC75206.1           -           1546 4609at3041           -            344   8.6e-09   33.9   0.3   1   2       2.3   3.4e+02   -0.9   0.0    20    82   842   903   830   954 0.64 -
PSC75206.1           -           1546 4609at3041           -            344   8.6e-09   33.9   0.3   2   2   2.7e-10   3.8e-08   31.8   0.0   223   291  1428  1496  1390  1509 0.83 -
PSC69969.1           -           1255 4609at3041           -            344   1.7e-08   32.9   0.0   1   1   2.3e-10   3.3e-08   32.0   0.0   189   312   811   937   732   942 0.82 -
PSC68061.1           -           1191 4609at3041           -            344   3.3e-08   32.0   0.0   1   2    0.0022      0.31    9.1   0.0    17    53   705   741   694   758 0.86 -
PSC68061.1           -           1191 4609at3041           -            344   3.3e-08   32.0   0.0   2   2   7.1e-07    0.0001   20.5   0.0   196   299   931  1034   916  1056 0.88 -
PSC73530.1           -           1317 4609at3041           -            344   3.4e-08   32.0   0.0   1   2     0.002      0.29    9.2   0.1    20    54   375   409   366   452 0.84 -
PSC73530.1           -           1317 4609at3041           -            344   3.4e-08   32.0   0.0   2   2   8.3e-07   0.00012   20.3   0.0   226   305   642   721   637   746 0.89 -
PSC68062.1           -           1208 4609at3041           -            344   3.4e-08   32.0   0.0   1   2    0.0022      0.32    9.0   0.0    17    53   722   758   711   775 0.86 -
PSC68062.1           -           1208 4609at3041           -            344   3.4e-08   32.0   0.0   2   2   7.2e-07    0.0001   20.5   0.0   196   299   948  1051   933  1073 0.88 -
PSC70027.1           -             69 4609at3041           -            344   9.1e-07   27.3   0.0   1   1   6.5e-09   9.4e-07   27.2   0.0   273   302     3    32     1    44 0.92 -
PSC75167.1           -           2502 4609at3041           -            344   2.2e-06   26.0   0.1   1   2   7.1e-08     1e-05   23.8   0.1    20    84  1101  1164  1090  1173 0.86 -
PSC75167.1           -           2502 4609at3041           -            344   2.2e-06   26.0   0.1   2   2       3.1   4.4e+02   -1.3   0.0   198   292  1584  1686  1575  1723 0.74 -
PSC74253.1           -           1049 4609at3041           -            344   4.3e-05   21.8   0.0   1   2   0.00061     0.087   10.9   0.0    12    52   105   145    99   171 0.82 -
PSC74253.1           -           1049 4609at3041           -            344   4.3e-05   21.8   0.0   2   2    0.0034      0.49    8.4   0.0   199   301   326   431   321   447 0.81 -
PSC69740.1           -           1013 4609at3041           -            344   9.2e-05   20.7   0.0   1   1   1.2e-06   0.00018   19.8   0.0   176   287   814   936   802   964 0.80 -
PSC75348.1           -            580 4609at3041           -            344   0.00022   19.5   0.0   1   1   2.5e-06   0.00037   18.7   0.0   199   270   178   251   174   259 0.93 -
PSC75349.1           -            580 4609at3041           -            344   0.00022   19.5   0.0   1   1   2.5e-06   0.00037   18.7   0.0   199   270   178   251   174   259 0.93 -
PSC72145.1           -           1774 4609at3041           -            344   0.00039   18.6   0.0   1   1   5.5e-06   0.00079   17.6   0.0   222   292  1587  1658  1581  1665 0.78 -
PSC76320.1           -           1046 4609at3041           -            344   0.00042   18.5   0.0   1   1   5.6e-06   0.00081   17.6   0.0   196   293   540   639   528   670 0.83 -
PSC73016.1           -           1973 4609at3041           -            344     0.003   15.7   0.1   1   1   3.6e-05    0.0052   14.9   0.1   197   294  1003  1103   983  1129 0.86 -
PSC67883.1           -           2652 4609at3041           -            344    0.0046   15.1   0.0   1   1   8.1e-05     0.012   13.8   0.0    15    82  1573  1641  1567  1669 0.81 -
PSC69888.1           -           2340 4609at3041           -            344    0.0062   14.7   0.2   1   2       3.2   4.6e+02   -1.3   0.0   197   219   733   755   725   760 0.84 -
PSC69888.1           -           2340 4609at3041           -            344    0.0062   14.7   0.2   2   2   0.00018     0.025   12.7   0.0   221   296   799   879   773   885 0.81 -
PSC76053.1           -           3374 4609at3041           -            344    0.0084   14.2   0.0   1   1   0.00012     0.017   13.2   0.0   254   291  1989  2026  1968  2068 0.83 -
PSC69905.1           -           1707 4609at3041           -            344     0.016   13.3   0.0   1   1   0.00019     0.028   12.5   0.0   173   292   827   954   795   975 0.84 -
PSC69904.1           -           1714 4609at3041           -            344     0.016   13.3   0.0   1   1    0.0002     0.028   12.5   0.0   173   292   834   961   802   982 0.84 -
PSC74903.1           -           1744 4609at3041           -            344     0.035   12.2   0.0   1   1   0.00072       0.1   10.7   0.0   229   293   883   950   829   959 0.78 -
PSC68265.1           -           1354 4609at3041           -            344     0.092   10.8   0.1   1   2     0.015       2.2    6.3   0.0    20    83   256   320   249   327 0.89 -
PSC68265.1           -           1354 4609at3041           -            344     0.092   10.8   0.1   2   2       0.3        44    2.0   0.0   226   270   681   725   677   763 0.81 -
PSC74320.1           -           1366 4609at3041           -            344      0.11   10.6   0.0   1   1    0.0014      0.21    9.7   0.0   197   273   924  1002   909  1035 0.83 -
#
# Program:         hmmsearch
# Version:         3.1b2 (February 2015)
# Pipeline mode:   SEARCH
# Query file:      /Users/catrionaharrison/Documents/Bioinformatics/rp2/Data/genomes/busco/busco_downloads/lineages/chlorophyta_odb10/hmms/4609at3041.hmm
# Target file:     /Users/catrionaharrison/Documents/Bioinformatics/rp2/Data/genomes/busco/data/micractinium_conductrix.prot.fasta
# Option settings: hmmsearch --domtblout /Users/catrionaharrison/Documents/Bioinformatics/rp2/Data/genomes/busco/Busco_conductrix/run_chlorophyta_odb10/hmmer_output/initial_run_results/4609at3041.out --cpu 1 /Users/catrionaharrison/Documents/Bioinformatics/rp2/Data/genomes/busco/busco_downloads/lineages/chlorophyta_odb10/hmms/4609at3041.hmm /Users/catrionaharrison/Documents/Bioinformatics/rp2/Data/genomes/busco/data/micractinium_conductrix.prot.fasta 
# Current dir:     /Users/catrionaharrison/Documents/Bioinformatics/rp2/Data/genomes/busco
# Date:            Fri Jul 22 15:19:17 2022
# [ok]
