#                                                                            --- full sequence --- -------------- this domain -------------   hmm coord   ali coord   env coord
# target name        accession   tlen query name           accession   qlen   E-value  score  bias   #  of  c-Evalue  i-Evalue  score  bias  from    to  from    to  from    to  acc description of target
#------------------- ---------- ----- -------------------- ---------- ----- --------- ------ ----- --- --- --------- --------- ------ ----- ----- ----- ----- ----- ----- ----- ---- ---------------------
PSC69793.1           -            296 4664at3041           -            156   3.6e-46  156.2   0.0   1   1   4.9e-47   6.2e-44  149.0   0.0     1   155    30   231    30   232 0.83 -
PSC76404.1           -            234 4664at3041           -            156   8.1e-05   21.9   0.0   1   1   8.8e-08   0.00011   21.5   0.0    51   134   106   193    98   212 0.80 -
PSC71400.1           -            189 4664at3041           -            156   8.7e-05   21.8   0.0   1   1   9.5e-08   0.00012   21.4   0.0    61   138    89   169    75   186 0.80 -
PSC67307.1           -            949 4664at3041           -            156     0.006   15.9   0.0   1   1   8.3e-06      0.01   15.1   0.0   112   142   141   171    93   179 0.88 -
PSC74750.1           -           1225 4664at3041           -            156    0.0072   15.6   0.0   1   1   9.9e-06     0.012   14.8   0.0    52   144  1066  1162  1063  1172 0.80 -
PSC75122.1           -            317 4664at3041           -            156      0.04   13.2   0.0   1   1   5.7e-05     0.072   12.3   0.0    99   139   230   272   220   278 0.88 -
PSC73179.1           -            384 4664at3041           -            156     0.074   12.3   0.0   1   1    0.0001      0.13   11.5   0.0    53   138   224   314   202   326 0.77 -
PSC75944.1           -            418 4664at3041           -            156       0.1   11.8   0.0   1   1   0.00019      0.24   10.7   0.0    79   142   128   194   102   198 0.81 -
#
# Program:         hmmsearch
# Version:         3.1b2 (February 2015)
# Pipeline mode:   SEARCH
# Query file:      /Users/catrionaharrison/Documents/Bioinformatics/rp2/Data/genomes/busco/busco_downloads/lineages/chlorophyta_odb10/hmms/4664at3041.hmm
# Target file:     /Users/catrionaharrison/Documents/Bioinformatics/rp2/Data/genomes/busco/data/micractinium_conductrix.prot.fasta
# Option settings: hmmsearch --domtblout /Users/catrionaharrison/Documents/Bioinformatics/rp2/Data/genomes/busco/Busco_conductrix/run_chlorophyta_odb10/hmmer_output/initial_run_results/4664at3041.out --cpu 1 /Users/catrionaharrison/Documents/Bioinformatics/rp2/Data/genomes/busco/busco_downloads/lineages/chlorophyta_odb10/hmms/4664at3041.hmm /Users/catrionaharrison/Documents/Bioinformatics/rp2/Data/genomes/busco/data/micractinium_conductrix.prot.fasta 
# Current dir:     /Users/catrionaharrison/Documents/Bioinformatics/rp2/Data/genomes/busco
# Date:            Fri Jul 22 15:19:26 2022
# [ok]
