#                                                                            --- full sequence --- -------------- this domain -------------   hmm coord   ali coord   env coord
# target name        accession   tlen query name           accession   qlen   E-value  score  bias   #  of  c-Evalue  i-Evalue  score  bias  from    to  from    to  from    to  acc description of target
#------------------- ---------- ----- -------------------- ---------- ----- --------- ------ ----- --- --- --------- --------- ------ ----- ----- ----- ----- ----- ----- ----- ---- ---------------------
PSC71090.1           -            294 4754at3041           -            247  4.7e-126  418.1   1.4   1   1  1.7e-128  7.2e-126  417.5   1.4    11   247    48   293    42   293 0.95 -
PSC70558.1           -            258 4754at3041           -            247   5.5e-62  208.2   0.1   1   1   1.8e-64   7.6e-62  207.8   0.1     8   235    27   249    21   255 0.88 -
PSC72761.1           -            642 4754at3041           -            247   9.7e-61  204.1   0.3   1   1   5.5e-63   2.3e-60  202.9   0.3     9   240    37   255    30   259 0.89 -
PSC69659.1           -            245 4754at3041           -            247     2e-59  199.8   0.1   1   1   9.4e-62   3.9e-59  198.9   0.1    14   240    24   241    17   244 0.87 -
PSC69609.1           -            983 4754at3041           -            247   2.2e-59  199.7   0.1   1   1   1.1e-61   4.5e-59  198.7   0.1    13   235   760   974   754   980 0.89 -
PSC74553.1           -            251 4754at3041           -            247   7.5e-58  194.7   0.1   1   1   2.8e-60   1.2e-57  194.0   0.1    15   233    25   238    17   246 0.85 -
PSC71668.1           -           1448 4754at3041           -            247     1e-57  194.3   0.1   1   1     5e-60   2.1e-57  193.2   0.1     6   233  1213  1434  1209  1441 0.89 -
PSC76753.1           -            250 4754at3041           -            247   5.2e-41  139.5   0.1   1   1   1.7e-43   7.2e-41  139.1   0.1    39   235    43   238    35   244 0.81 -
PSC70499.1           -            264 4754at3041           -            247   2.1e-40  137.6   0.3   1   1   1.9e-42   7.9e-40  135.6   0.3    37   236    43   233    33   242 0.78 -
PSC73724.1           -            303 4754at3041           -            247   4.3e-39  133.2   0.1   1   1   1.5e-41   6.2e-39  132.7   0.1    39   239    88   298    75   301 0.86 -
PSC71068.1           -            221 4754at3041           -            247   1.2e-38  131.8   0.5   1   1   1.9e-39   7.9e-37  125.8   0.5    33   236    33   212    21   216 0.92 -
PSC71153.1           -            264 4754at3041           -            247   3.8e-33  113.8   0.1   1   1   1.5e-35   6.2e-33  113.1   0.1    22   236    41   254    27   259 0.78 -
PSC72716.1           -            267 4754at3041           -            247   8.5e-30  102.8   0.1   1   1   1.7e-30     7e-28   96.5   0.1    36   234    44   226    35   237 0.81 -
PSC72652.1           -            249 4754at3041           -            247   1.9e-29  101.6   0.8   1   1   1.6e-31   6.6e-29   99.9   0.8    35   235    38   227    28   232 0.84 -
PSC74158.1           -            284 4754at3041           -            247   3.8e-29  100.7   0.1   1   2   9.1e-07   0.00038   18.8   0.1    35    64    66    95    46   108 0.85 -
PSC74158.1           -            284 4754at3041           -            247   3.8e-29  100.7   0.1   2   2     8e-24   3.4e-21   74.6   0.0    62   223   137   277   120   281 0.86 -
PSC69349.1           -            643 4754at3041           -            247   3.1e-28   97.7   0.2   1   2   7.1e-18     3e-15   55.2   0.1    23   107    35   107    30   122 0.85 -
PSC69349.1           -            643 4754at3041           -            247   3.1e-28   97.7   0.2   2   2     3e-13   1.3e-10   40.0   0.0   188   236   160   208   131   215 0.84 -
PSC69327.1           -            825 4754at3041           -            247   7.2e-28   96.5   0.3   1   2   5.3e-29   2.2e-26   91.6   0.1    38   241    40   210    34   216 0.85 -
PSC69327.1           -            825 4754at3041           -            247   7.2e-28   96.5   0.3   2   2      0.85   3.6e+02   -0.8   0.0   206   229   658   681   649   691 0.73 -
PSC68059.1           -            279 4754at3041           -            247   1.1e-15   56.6   0.0   1   1   5.1e-18   2.1e-15   55.6   0.0    52   213    76   230    73   235 0.75 -
PSC71762.1           -            625 4754at3041           -            247   2.7e-13   48.7   0.0   1   1   1.4e-15     6e-13   47.6   0.0    52   212    74   227    57   242 0.76 -
PSC72546.1           -           1340 4754at3041           -            247     0.022   13.0   0.3   1   2    0.0018      0.74    8.0   0.0   193   217  1228  1252  1214  1259 0.85 -
PSC72546.1           -           1340 4754at3041           -            247     0.022   13.0   0.3   2   2      0.07        30    2.8   0.1    70   214  1312  1334  1300  1338 0.66 -
PSC69459.1           -            109 4754at3041           -            247     0.066   11.4   0.3   1   2    0.0034       1.4    7.1   0.0   192   215     8    31     5    37 0.85 -
PSC69459.1           -            109 4754at3041           -            247     0.066   11.4   0.3   2   2     0.085        36    2.5   0.1    75   118    46    91    36   100 0.65 -
PSC70183.1           -            158 4754at3041           -            247     0.072   11.3   0.1   1   2     0.012       5.1    5.3   0.0   193   208    64    79    61   110 0.83 -
PSC70183.1           -            158 4754at3041           -            247     0.072   11.3   0.1   2   2     0.023       9.7    4.3   0.0    70    92   130   152   113   156 0.74 -
PSC76290.1           -            845 4754at3041           -            247      0.13   10.5   2.8   1   4     0.046        20    3.4   0.0   193   217   313   337   310   357 0.82 -
PSC76290.1           -            845 4754at3041           -            247      0.13   10.5   2.8   2   4      0.84   3.5e+02   -0.8   0.1    70    95   382   407   371   424 0.73 -
PSC76290.1           -            845 4754at3041           -            247      0.13   10.5   2.8   3   4     0.051        22    3.2   0.0   193   217   482   506   479   524 0.84 -
PSC76290.1           -            845 4754at3041           -            247      0.13   10.5   2.8   4   4      0.41   1.7e+02    0.3   0.1   193   223   550   578   541   591 0.65 -
PSC76291.1           -            852 4754at3041           -            247      0.13   10.5   2.8   1   4     0.047        20    3.3   0.0   193   217   313   337   310   357 0.82 -
PSC76291.1           -            852 4754at3041           -            247      0.13   10.5   2.8   2   4      0.85   3.6e+02   -0.8   0.1    70    95   382   407   371   424 0.73 -
PSC76291.1           -            852 4754at3041           -            247      0.13   10.5   2.8   3   4     0.052        22    3.2   0.0   193   217   482   506   479   524 0.84 -
PSC76291.1           -            852 4754at3041           -            247      0.13   10.5   2.8   4   4      0.41   1.7e+02    0.2   0.1   193   223   550   578   541   591 0.65 -
#
# Program:         hmmsearch
# Version:         3.1b2 (February 2015)
# Pipeline mode:   SEARCH
# Query file:      /Users/catrionaharrison/Documents/Bioinformatics/rp2/Data/genomes/busco/busco_downloads/lineages/chlorophyta_odb10/hmms/4754at3041.hmm
# Target file:     /Users/catrionaharrison/Documents/Bioinformatics/rp2/Data/genomes/busco/data/micractinium_conductrix.prot.fasta
# Option settings: hmmsearch --domtblout /Users/catrionaharrison/Documents/Bioinformatics/rp2/Data/genomes/busco/Busco_conductrix/run_chlorophyta_odb10/hmmer_output/initial_run_results/4754at3041.out --cpu 1 /Users/catrionaharrison/Documents/Bioinformatics/rp2/Data/genomes/busco/busco_downloads/lineages/chlorophyta_odb10/hmms/4754at3041.hmm /Users/catrionaharrison/Documents/Bioinformatics/rp2/Data/genomes/busco/data/micractinium_conductrix.prot.fasta 
# Current dir:     /Users/catrionaharrison/Documents/Bioinformatics/rp2/Data/genomes/busco
# Date:            Fri Jul 22 15:19:45 2022
# [ok]
