#                                                                            --- full sequence --- -------------- this domain -------------   hmm coord   ali coord   env coord
# target name        accession   tlen query name           accession   qlen   E-value  score  bias   #  of  c-Evalue  i-Evalue  score  bias  from    to  from    to  from    to  acc description of target
#------------------- ---------- ----- -------------------- ---------- ----- --------- ------ ----- --- --- --------- --------- ------ ----- ----- ----- ----- ----- ----- ----- ---- ---------------------
PSC69324.1           -            476 4945at3041           -            245   1.1e-85  286.1   0.3   1   2   2.3e-10     3e-08   32.5   0.0     1    40    35    73    35    82 0.86 -
PSC69324.1           -            476 4945at3041           -            245   1.1e-85  286.1   0.3   2   2   1.9e-76   2.4e-74  248.9   0.4    31   241   113   370   108   373 0.87 -
PSC74769.1           -            482 4945at3041           -            245   3.7e-17   61.6   0.6   1   5   1.3e-05    0.0016   17.0   0.0     6    72   122   191   117   204 0.84 -
PSC74769.1           -            482 4945at3041           -            245   3.7e-17   61.6   0.6   2   5      0.56        70    1.8   0.0    53    81   218   245   209   249 0.78 -
PSC74769.1           -            482 4945at3041           -            245   3.7e-17   61.6   0.6   3   5    0.0076      0.95    7.9   0.2   141   187   240   286   234   291 0.85 -
PSC74769.1           -            482 4945at3041           -            245   3.7e-17   61.6   0.6   4   5    0.0013      0.17   10.3   0.0   105   180   324   400   315   410 0.84 -
PSC74769.1           -            482 4945at3041           -            245   3.7e-17   61.6   0.6   5   5   1.9e-06   0.00024   19.7   0.0   146   218   407   479   399   480 0.82 -
PSC71489.1           -            387 4945at3041           -            245   5.5e-16   57.8   3.6   1   2     0.015       1.8    7.0   0.0   201   228    76   103    67   112 0.85 -
PSC71489.1           -            387 4945at3041           -            245   5.5e-16   57.8   3.6   2   2   4.3e-12   5.4e-10   38.2   1.6     5   226   112   320   108   324 0.77 -
PSC71246.1           -            985 4945at3041           -            245   7.7e-15   54.0   5.6   1   5    0.0001     0.013   14.0   0.0   155   225    24   100    18   106 0.80 -
PSC71246.1           -            985 4945at3041           -            245   7.7e-15   54.0   5.6   2   5   0.00022     0.028   12.9   0.2   152   222   111   191   104   197 0.73 -
PSC71246.1           -            985 4945at3041           -            245   7.7e-15   54.0   5.6   3   5   0.00049     0.061   11.8   0.1   138   221   139   232   138   247 0.72 -
PSC71246.1           -            985 4945at3041           -            245   7.7e-15   54.0   5.6   4   5    0.0011      0.14   10.6   0.3   132   228   442   534   422   543 0.88 -
PSC71246.1           -            985 4945at3041           -            245   7.7e-15   54.0   5.6   5   5     0.013       1.6    7.2   0.0     8    70   641   705   594   740 0.65 -
PSC67992.1           -            555 4945at3041           -            245   8.5e-15   53.9   1.1   1   5      0.24        30    3.0   0.0    32    77    89   134    72   142 0.78 -
PSC67992.1           -            555 4945at3041           -            245   8.5e-15   53.9   1.1   2   5    0.0011      0.13   10.7   0.0     4    34   143   173   138   184 0.86 -
PSC67992.1           -            555 4945at3041           -            245   8.5e-15   53.9   1.1   3   5   4.1e-05    0.0052   15.3   0.0     2    75   183   260   182   265 0.67 -
PSC67992.1           -            555 4945at3041           -            245   8.5e-15   53.9   1.1   4   5   6.5e-06   0.00082   17.9   0.0   201   241   235   278   229   279 0.84 -
PSC67992.1           -            555 4945at3041           -            245   8.5e-15   53.9   1.1   5   5   3.4e-06   0.00043   18.9   0.0   147   218   265   336   259   348 0.88 -
PSC72149.1           -            358 4945at3041           -            245   4.7e-14   51.5   0.1   1   3   1.6e-05    0.0021   16.6   0.0   149   235    65   155    17   159 0.82 -
PSC72149.1           -            358 4945at3041           -            245   4.7e-14   51.5   0.1   2   3   1.9e-07   2.4e-05   23.0   0.0   152   228   195   271   164   282 0.82 -
PSC72149.1           -            358 4945at3041           -            245   4.7e-14   51.5   0.1   3   3     0.051       6.5    5.2   0.0     6    36   289   319   281   354 0.71 -
PSC75373.1           -            472 4945at3041           -            245   1.7e-13   49.7   1.9   1   5      0.17        22    3.4   0.0   129   181   110   164    98   173 0.71 -
PSC75373.1           -            472 4945at3041           -            245   1.7e-13   49.7   1.9   2   5     6e-06   0.00075   18.0   0.0     5    83   188   267   184   296 0.81 -
PSC75373.1           -            472 4945at3041           -            245   1.7e-13   49.7   1.9   3   5     0.052       6.5    5.2   0.0     5    36   313   344   309   351 0.78 -
PSC75373.1           -            472 4945at3041           -            245   1.7e-13   49.7   1.9   4   5     0.015       1.9    6.9   0.0   204   228   367   391   357   403 0.84 -
PSC75373.1           -            472 4945at3041           -            245   1.7e-13   49.7   1.9   5   5   0.00067     0.084   11.3   0.0   141   198   388   446   387   451 0.84 -
PSC70581.1           -           1186 4945at3041           -            245     6e-12   44.6   6.7   1   6   7.2e-07     9e-05   21.1   0.0   142   240   249   352   220   354 0.72 -
PSC70581.1           -           1186 4945at3041           -            245     6e-12   44.6   6.7   2   6   0.00023      0.03   12.8   0.0     6    75   347   418   342   432 0.81 -
PSC70581.1           -           1186 4945at3041           -            245     6e-12   44.6   6.7   3   6       8.8   1.1e+03   -2.2   0.0   207   229   462   484   459   497 0.79 -
PSC70581.1           -           1186 4945at3041           -            245     6e-12   44.6   6.7   4   6      0.84   1.1e+02    1.2   0.0    13    71   608   670   598   692 0.58 -
PSC70581.1           -           1186 4945at3041           -            245     6e-12   44.6   6.7   5   6     0.025       3.2    6.2   0.0     5    71   696   764   692   778 0.84 -
PSC70581.1           -           1186 4945at3041           -            245     6e-12   44.6   6.7   6   6      0.33        41    2.5   0.1     8    76   783   854   777   900 0.59 -
PSC70582.1           -           1174 4945at3041           -            245   7.7e-12   44.2   7.2   1   6     7e-07   8.8e-05   21.1   0.0   142   240   237   340   207   342 0.73 -
PSC70582.1           -           1174 4945at3041           -            245   7.7e-12   44.2   7.2   2   6   0.00023     0.029   12.8   0.0     6    75   335   406   330   420 0.81 -
PSC70582.1           -           1174 4945at3041           -            245   7.7e-12   44.2   7.2   3   6       8.7   1.1e+03   -2.1   0.0   207   229   450   472   447   485 0.79 -
PSC70582.1           -           1174 4945at3041           -            245   7.7e-12   44.2   7.2   4   6      0.45        56    2.1   0.0    13   112   596   657   552   688 0.54 -
PSC70582.1           -           1174 4945at3041           -            245   7.7e-12   44.2   7.2   5   6     0.025       3.1    6.2   0.0     5    71   684   752   680   766 0.84 -
PSC70582.1           -           1174 4945at3041           -            245   7.7e-12   44.2   7.2   6   6      0.35        44    2.4   0.1     8    76   771   842   766   888 0.60 -
PSC69723.1           -            525 4945at3041           -            245   1.3e-11   43.5   1.3   1   5       3.4   4.2e+02   -0.8   0.0   161   189   156   184   107   191 0.76 -
PSC69723.1           -            525 4945at3041           -            245   1.3e-11   43.5   1.3   2   5     0.012       1.5    7.2   0.0     6    54   222   272   217   318 0.64 -
PSC69723.1           -            525 4945at3041           -            245   1.3e-11   43.5   1.3   3   5      0.11        14    4.0   0.0   200   225   318   343   308   349 0.85 -
PSC69723.1           -            525 4945at3041           -            245   1.3e-11   43.5   1.3   4   5   1.3e-08   1.6e-06   26.8   0.1   142   243   344   448   342   450 0.83 -
PSC69723.1           -            525 4945at3041           -            245   1.3e-11   43.5   1.3   5   5      0.57        72    1.7   0.0     5    69   439   507   435   517 0.69 -
PSC67814.1           -            424 4945at3041           -            245   4.3e-11   41.8   0.6   1   3       2.6   3.2e+02   -0.4   0.0    49    72    25    48    19    54 0.81 -
PSC67814.1           -            424 4945at3041           -            245   4.3e-11   41.8   0.6   2   3   2.5e-07   3.2e-05   22.5   0.1     2   187    66   274    65   289 0.76 -
PSC67814.1           -            424 4945at3041           -            245   4.3e-11   41.8   0.6   3   3     0.022       2.8    6.3   0.0   155   178   292   315   282   323 0.88 -
PSC74299.1           -            314 4945at3041           -            245   5.2e-11   41.5   3.3   1   4      0.15        18    3.7   0.0    52    87     3    36     1    47 0.80 -
PSC74299.1           -            314 4945at3041           -            245   5.2e-11   41.5   3.3   2   4   4.6e-08   5.8e-06   25.0   0.0   149   222    77   149    63   169 0.84 -
PSC74299.1           -            314 4945at3041           -            245   5.2e-11   41.5   3.3   3   4       0.4        51    2.2   0.0    43    72   212   241   162   255 0.67 -
PSC74299.1           -            314 4945at3041           -            245   5.2e-11   41.5   3.3   4   4    0.0044      0.56    8.6   0.0     8    42   259   293   251   307 0.85 -
PSC67813.1           -            316 4945at3041           -            245   3.1e-10   39.0   1.0   1   5       1.8   2.2e+02    0.1   0.0    49    72    25    48    19    54 0.81 -
PSC67813.1           -            316 4945at3041           -            245   3.1e-10   39.0   1.0   2   5   5.6e-06    0.0007   18.1   0.0     2    83    66   149    65   192 0.82 -
PSC67813.1           -            316 4945at3041           -            245   3.1e-10   39.0   1.0   3   5    0.0008       0.1   11.1   0.0   199   240   203   246   198   248 0.86 -
PSC67813.1           -            316 4945at3041           -            245   3.1e-10   39.0   1.0   4   5      0.07       8.8    4.7   0.0   152   188   239   275   232   289 0.85 -
PSC67813.1           -            316 4945at3041           -            245   3.1e-10   39.0   1.0   5   5      0.62        78    1.6   0.0   155   167   292   304   279   310 0.74 -
PSC74641.1           -            621 4945at3041           -            245   3.6e-10   38.7   0.9   1   2   4.1e-09   5.2e-07   28.4   1.5     8   212   218   449   214   463 0.70 -
PSC74641.1           -            621 4945at3041           -            245   3.6e-10   38.7   0.9   2   2      0.26        33    2.8   0.0     4    36   473   505   470   523 0.86 -
PSC68890.1           -           1140 4945at3041           -            245   4.7e-10   38.4   4.1   1   3    0.0047       0.6    8.6   0.0     6    39    21    54    16    63 0.86 -
PSC68890.1           -           1140 4945at3041           -            245   4.7e-10   38.4   4.1   2   3   8.4e-07   0.00011   20.8   0.0     4    71    67   138    64   151 0.80 -
PSC68890.1           -           1140 4945at3041           -            245   4.7e-10   38.4   4.1   3   3    0.0083         1    7.8   0.2     4    71   156   230   153   237 0.73 -
PSC76313.1           -            970 4945at3041           -            245   1.3e-09   37.0   2.7   1   5       2.4     3e+02   -0.3   0.0   143   166    86   109    53   123 0.61 -
PSC76313.1           -            970 4945at3041           -            245   1.3e-09   37.0   2.7   2   5      0.41        52    2.2   0.0   149   220    92   169    79   176 0.50 -
PSC76313.1           -            970 4945at3041           -            245   1.3e-09   37.0   2.7   3   5    0.0057      0.71    8.3   0.0   152   224   383   456   371   466 0.76 -
PSC76313.1           -            970 4945at3041           -            245   1.3e-09   37.0   2.7   4   5     0.011       1.4    7.4   0.0   147   227   463   545   456   563 0.83 -
PSC76313.1           -            970 4945at3041           -            245   1.3e-09   37.0   2.7   5   5   1.9e-05    0.0024   16.4   0.5    44   186   554   693   517   700 0.73 -
PSC73533.1           -            789 4945at3041           -            245   1.4e-09   36.9   1.4   1   4   0.00027     0.035   12.6   0.2   150   218    24    92    18    96 0.87 -
PSC73533.1           -            789 4945at3041           -            245   1.4e-09   36.9   1.4   2   4     0.057       7.1    5.0   0.0    13    72    77   139    61   157 0.76 -
PSC73533.1           -            789 4945at3041           -            245   1.4e-09   36.9   1.4   3   4   9.8e-06    0.0012   17.3   0.1   152   229   165   242   142   260 0.81 -
PSC73533.1           -            789 4945at3041           -            245   1.4e-09   36.9   1.4   4   4       1.8   2.2e+02    0.1   0.0   204   228   395   419   392   436 0.87 -
PSC67815.1           -            864 4945at3041           -            245   3.7e-09   35.4   0.9   1   3       6.7   8.4e+02   -1.8   0.0    49    72    25    48    20    53 0.81 -
PSC67815.1           -            864 4945at3041           -            245   3.7e-09   35.4   0.9   2   3     3e-05    0.0038   15.7   0.0     2    80    66   146    65   184 0.82 -
PSC67815.1           -            864 4945at3041           -            245   3.7e-09   35.4   0.9   3   3   3.7e-05    0.0046   15.5   0.1     3   108   197   307   195   357 0.76 -
PSC73673.1           -            914 4945at3041           -            245     2e-08   33.0   0.7   1   1   1.8e-08   2.3e-06   26.3   0.7     6   227   612   858   609   867 0.76 -
PSC72139.1           -            587 4945at3041           -            245   2.1e-08   32.9   0.2   1   1   1.6e-09     2e-07   29.8   0.2     8   175   400   563   396   570 0.82 -
PSC69138.1           -            331 4945at3041           -            245     3e-08   32.5   0.1   1   3     0.027       3.4    6.1   0.0   175   224    90   139    64   145 0.79 -
PSC69138.1           -            331 4945at3041           -            245     3e-08   32.5   0.1   2   3    0.0002     0.025   13.1   0.0   155   210   155   211   149   232 0.81 -
PSC69138.1           -            331 4945at3041           -            245     3e-08   32.5   0.1   3   3    0.0038      0.48    8.9   0.0     7    84   239   318   233   326 0.85 -
PSC71119.1           -            347 4945at3041           -            245   6.4e-08   31.4   0.3   1   3     1e-05    0.0013   17.3   0.0   146   227    24   107     3   113 0.80 -
PSC71119.1           -            347 4945at3041           -            245   6.4e-08   31.4   0.3   2   3    0.0041      0.51    8.8   0.0   148   222   111   182   105   192 0.74 -
PSC71119.1           -            347 4945at3041           -            245   6.4e-08   31.4   0.3   3   3      0.54        68    1.8   0.1    77   112   234   270   206   331 0.64 -
PSC71368.1           -           1233 4945at3041           -            245   7.8e-08   31.1   1.2   1   4       1.7   2.2e+02    0.2   0.0     4    29   111   136    63   138 0.63 -
PSC71368.1           -           1233 4945at3041           -            245   7.8e-08   31.1   1.2   2   4      0.76        96    1.3   0.0     4    34   111   141   108   149 0.91 -
PSC71368.1           -           1233 4945at3041           -            245   7.8e-08   31.1   1.2   3   4   7.8e-07   9.8e-05   20.9   0.1   127   225   212   320   204   328 0.84 -
PSC71368.1           -           1233 4945at3041           -            245   7.8e-08   31.1   1.2   4   4     0.062       7.8    4.9   0.0   150   183   330   364   319   383 0.66 -
PSC68064.1           -            644 4945at3041           -            245   2.3e-07   29.6   0.3   1   5       1.8   2.2e+02    0.1   0.0     8    33   239   265   237   307 0.71 -
PSC68064.1           -            644 4945at3041           -            245   2.3e-07   29.6   0.3   2   5       1.9   2.3e+02    0.1   0.0   144   187   273   317   268   333 0.79 -
PSC68064.1           -            644 4945at3041           -            245   2.3e-07   29.6   0.3   3   5   5.3e-05    0.0067   14.9   0.0   145   222   331   410   322   420 0.89 -
PSC68064.1           -            644 4945at3041           -            245   2.3e-07   29.6   0.3   4   5      0.02       2.5    6.5   0.0   146   180   427   460   410   470 0.78 -
PSC68064.1           -            644 4945at3041           -            245   2.3e-07   29.6   0.3   5   5       1.2   1.5e+02    0.7   0.0   204   240   526   566   521   568 0.77 -
PSC74259.1           -            316 4945at3041           -            245   2.4e-07   29.5   3.0   1   1   1.1e-05    0.0014   17.2   0.8   108   225    78   195    70   201 0.79 -
PSC69797.1           -            441 4945at3041           -            245   2.7e-07   29.3   1.8   1   2   9.5e-05     0.012   14.1   0.1    88   227   125   291    74   309 0.68 -
PSC69797.1           -            441 4945at3041           -            245   2.7e-07   29.3   1.8   2   2      0.01       1.3    7.4   0.2   147   186   345   385   329   415 0.66 -
PSC67099.1           -            525 4945at3041           -            245   3.2e-07   29.1   2.9   1   4       1.2   1.5e+02    0.7   0.0   150   179   237   268   229   277 0.64 -
PSC67099.1           -            525 4945at3041           -            245   3.2e-07   29.1   2.9   2   4   5.9e-06   0.00074   18.1   0.1   149   232   280   363   273   373 0.79 -
PSC67099.1           -            525 4945at3041           -            245   3.2e-07   29.1   2.9   3   4       0.3        37    2.7   0.1    49    84   372   407   365   426 0.69 -
PSC67099.1           -            525 4945at3041           -            245   3.2e-07   29.1   2.9   4   4     0.051       6.4    5.2   0.0   152   187   456   492   433   505 0.86 -
PSC74984.1           -            676 4945at3041           -            245   3.6e-07   28.9   0.8   1   3       1.1   1.4e+02    0.8   0.0    39    72    12    46     3    53 0.75 -
PSC74984.1           -            676 4945at3041           -            245   3.6e-07   28.9   0.8   2   3    0.0052      0.65    8.4   0.0   200   224   175   199   129   205 0.70 -
PSC74984.1           -            676 4945at3041           -            245   3.6e-07   28.9   0.8   3   3   2.8e-05    0.0035   15.9   0.1     5    80   212   289   207   303 0.81 -
PSC76416.1           -            763 4945at3041           -            245     4e-07   28.8   1.1   1   4   0.00011     0.014   13.9   0.7    63   154   216   316   205   322 0.74 -
PSC76416.1           -            763 4945at3041           -            245     4e-07   28.8   1.1   2   4     0.017       2.1    6.8   0.0     6    71   326   396   321   399 0.75 -
PSC76416.1           -            763 4945at3041           -            245     4e-07   28.8   1.1   3   4     0.065       8.2    4.8   0.0     4    73   366   441   363   470 0.70 -
PSC76416.1           -            763 4945at3041           -            245     4e-07   28.8   1.1   4   4       1.1   1.4e+02    0.8   0.0     8    29   458   479   449   487 0.79 -
PSC75123.1           -           1298 4945at3041           -            245   9.9e-07   27.5   3.1   1   3       3.5   4.4e+02   -0.8   0.0   129   221   461   478   447   491 0.50 -
PSC75123.1           -           1298 4945at3041           -            245   9.9e-07   27.5   3.1   2   3    0.0049      0.62    8.5   0.0     7    69   512   578   509   584 0.80 -
PSC75123.1           -           1298 4945at3041           -            245   9.9e-07   27.5   3.1   3   3   1.5e-05    0.0019   16.7   0.2     6   105   597   695   592   718 0.74 -
PSC69028.1           -            615 4945at3041           -            245   1.5e-06   26.9   2.7   1   4    0.0039      0.49    8.8   0.0   150   240   106   198    99   202 0.85 -
PSC69028.1           -            615 4945at3041           -            245   1.5e-06   26.9   2.7   2   4       1.1   1.3e+02    0.8   0.0   207   243   204   243   198   245 0.76 -
PSC69028.1           -            615 4945at3041           -            245   1.5e-06   26.9   2.7   3   4   0.00013     0.017   13.7   0.2   146   241   269   369   259   372 0.67 -
PSC69028.1           -            615 4945at3041           -            245   1.5e-06   26.9   2.7   4   4       2.5   3.2e+02   -0.4   0.0    41    69   358   386   345   403 0.73 -
PSC67172.1           -            446 4945at3041           -            245   1.7e-06   26.7   0.3   1   3      0.02       2.5    6.5   0.0    53   114   143   205    99   212 0.70 -
PSC67172.1           -            446 4945at3041           -            245   1.7e-06   26.7   0.3   2   3   0.00019     0.024   13.1   0.0   160   240   225   309   214   313 0.81 -
PSC67172.1           -            446 4945at3041           -            245   1.7e-06   26.7   0.3   3   3      0.37        46    2.4   0.0     8    33   394   419   386   434 0.84 -
PSC73893.1           -            915 4945at3041           -            245   1.8e-06   26.6   5.9   1   5       1.6   2.1e+02    0.2   0.0    12    34   250   273   237   299 0.57 -
PSC73893.1           -            915 4945at3041           -            245   1.8e-06   26.6   5.9   2   5       1.8   2.3e+02    0.1   0.0    55   104   350   402   311   419 0.64 -
PSC73893.1           -            915 4945at3041           -            245   1.8e-06   26.6   5.9   3   5     0.014       1.8    7.0   0.0     8    27   453   472   448   486 0.88 -
PSC73893.1           -            915 4945at3041           -            245   1.8e-06   26.6   5.9   4   5    0.0036      0.46    8.9   0.0   146   171   708   733   697   745 0.75 -
PSC73893.1           -            915 4945at3041           -            245   1.8e-06   26.6   5.9   5   5      0.03       3.8    5.9   0.0    43    73   770   800   754   820 0.75 -
PSC72094.1           -            957 4945at3041           -            245   2.7e-06   26.1   7.2   1   5       3.4   4.3e+02   -0.8   0.0   199   220    20    41    16    50 0.86 -
PSC72094.1           -            957 4945at3041           -            245   2.7e-06   26.1   7.2   2   5      0.14        18    3.7   0.0   140   175    56    91    30    99 0.76 -
PSC72094.1           -            957 4945at3041           -            245   2.7e-06   26.1   7.2   3   5   1.3e-05    0.0017   16.9   0.3     5   106   127   232   123   237 0.81 -
PSC72094.1           -            957 4945at3041           -            245   2.7e-06   26.1   7.2   4   5     0.054       6.9    5.1   0.0     5    29   327   351   308   379 0.75 -
PSC72094.1           -            957 4945at3041           -            245   2.7e-06   26.1   7.2   5   5       5.6     7e+02   -1.5   0.0   139   175   717   753   690   755 0.85 -
PSC71593.1           -           2061 4945at3041           -            245   6.8e-06   24.7   2.0   1   3     0.022       2.7    6.4   0.5    42    91  1397  1448  1388  1473 0.59 -
PSC71593.1           -           2061 4945at3041           -            245   6.8e-06   24.7   2.0   2   3    0.0044      0.56    8.6   0.0   201   225  1522  1546  1508  1556 0.85 -
PSC71593.1           -           2061 4945at3041           -            245   6.8e-06   24.7   2.0   3   3     0.072       9.1    4.7   0.0     3    71  1620  1693  1618  1707 0.73 -
PSC74135.1           -            522 4945at3041           -            245   6.8e-06   24.7   1.8   1   5     0.057       7.2    5.0   0.0   199   225    42    68    23    92 0.72 -
PSC74135.1           -            522 4945at3041           -            245   6.8e-06   24.7   1.8   2   5     0.048       6.1    5.2   0.0   204   241    95   136    87   139 0.83 -
PSC74135.1           -            522 4945at3041           -            245   6.8e-06   24.7   1.8   3   5     0.013       1.6    7.2   0.0    48   146   132   238   124   239 0.60 -
PSC74135.1           -            522 4945at3041           -            245   6.8e-06   24.7   1.8   4   5     0.011       1.4    7.3   0.0   202   225   219   242   210   252 0.88 -
PSC74135.1           -            522 4945at3041           -            245   6.8e-06   24.7   1.8   5   5       3.2     4e+02   -0.7   0.0    18    36   288   306   281   374 0.61 -
PSC68617.1           -           1241 4945at3041           -            245   7.3e-06   24.6   2.0   1   4       1.2   1.6e+02    0.6   0.0   210   241    28    62    10    64 0.81 -
PSC68617.1           -           1241 4945at3041           -            245   7.3e-06   24.6   2.0   2   4   2.1e-05    0.0027   16.2   0.1     3    73    95   167    93   173 0.91 -
PSC68617.1           -           1241 4945at3041           -            245   7.3e-06   24.6   2.0   3   4      0.52        65    1.9   0.0     5    50   260   303   256   330 0.77 -
PSC68617.1           -           1241 4945at3041           -            245   7.3e-06   24.6   2.0   4   4       2.3   2.9e+02   -0.2   0.0     8    59   505   555   501   560 0.83 -
PSC72059.1           -           1738 4945at3041           -            245   8.4e-06   24.4   1.2   1   4   0.00099      0.12   10.8   0.1   198   240    21    62    12    67 0.89 -
PSC72059.1           -           1738 4945at3041           -            245   8.4e-06   24.4   1.2   2   4      0.15        19    3.6   0.0    42    78   126   162   115   169 0.86 -
PSC72059.1           -           1738 4945at3041           -            245   8.4e-06   24.4   1.2   3   4      0.32        41    2.6   0.0     2    32   171   201   170   213 0.89 -
PSC72059.1           -           1738 4945at3041           -            245   8.4e-06   24.4   1.2   4   4       0.7        89    1.4   0.0   151   170   404   423   382   435 0.84 -
PSC74579.1           -            843 4945at3041           -            245     1e-05   24.2   0.2   1   3     0.081        10    4.5   0.0     6    31   406   431   396   439 0.83 -
PSC74579.1           -            843 4945at3041           -            245     1e-05   24.2   0.2   2   3   0.00075     0.094   11.2   0.0    12   106   520   611   513   615 0.79 -
PSC74579.1           -            843 4945at3041           -            245     1e-05   24.2   0.2   3   3      0.17        21    3.5   0.0    57   110   661   710   656   720 0.81 -
PSC69661.1           -           2031 4945at3041           -            245   1.1e-05   24.1   1.2   1   3       0.1        13    4.2   0.0   201   224  1740  1763  1735  1782 0.80 -
PSC69661.1           -           2031 4945at3041           -            245   1.1e-05   24.1   1.2   2   3   0.00039      0.05   12.1   0.1   152   226  1783  1858  1775  1864 0.91 -
PSC69661.1           -           2031 4945at3041           -            245   1.1e-05   24.1   1.2   3   3     0.088        11    4.4   0.0     3    31  1867  1895  1865  1904 0.80 -
PSC69662.1           -           2032 4945at3041           -            245   1.1e-05   24.1   1.2   1   3       0.1        13    4.2   0.0   201   224  1741  1764  1736  1783 0.80 -
PSC69662.1           -           2032 4945at3041           -            245   1.1e-05   24.1   1.2   2   3   0.00039      0.05   12.1   0.1   152   226  1784  1859  1776  1865 0.91 -
PSC69662.1           -           2032 4945at3041           -            245   1.1e-05   24.1   1.2   3   3     0.088        11    4.4   0.0     3    31  1868  1896  1866  1905 0.80 -
PSC74953.1           -           1321 4945at3041           -            245   2.2e-05   23.1   0.1   1   3    0.0012      0.15   10.5   0.1   154   229   966  1042   955  1056 0.72 -
PSC74953.1           -           1321 4945at3041           -            245   2.2e-05   23.1   0.1   2   3     0.048         6    5.3   0.0    42   107  1047  1109  1042  1118 0.81 -
PSC74953.1           -           1321 4945at3041           -            245   2.2e-05   23.1   0.1   3   3       0.1        13    4.2   0.0    12    71  1142  1204  1135  1219 0.82 -
PSC75185.1           -           1495 4945at3041           -            245   3.2e-05   22.5   0.1   1   3    0.0014      0.18   10.3   0.1   154   229  1144  1220  1133  1234 0.72 -
PSC75185.1           -           1495 4945at3041           -            245   3.2e-05   22.5   0.1   2   3     0.054       6.7    5.1   0.0    42   107  1225  1287  1220  1297 0.81 -
PSC75185.1           -           1495 4945at3041           -            245   3.2e-05   22.5   0.1   3   3      0.13        16    3.9   0.0    12    71  1320  1382  1313  1409 0.82 -
PSC75184.1           -           1499 4945at3041           -            245   3.2e-05   22.5   0.1   1   3    0.0014      0.18   10.3   0.1   154   229  1148  1224  1137  1238 0.72 -
PSC75184.1           -           1499 4945at3041           -            245   3.2e-05   22.5   0.1   2   3     0.054       6.8    5.1   0.0    42   107  1229  1291  1224  1301 0.81 -
PSC75184.1           -           1499 4945at3041           -            245   3.2e-05   22.5   0.1   3   3      0.13        16    3.8   0.0    12    71  1324  1386  1317  1413 0.82 -
PSC76374.1           -            820 4945at3041           -            245   3.7e-05   22.3   0.0   1   2     0.085        11    4.4   0.0   202   225   479   502   468   533 0.55 -
PSC76374.1           -            820 4945at3041           -            245   3.7e-05   22.3   0.0   2   2   4.1e-05    0.0052   15.3   0.0   146   228   647   728   639   746 0.80 -
PSC69197.1           -            922 4945at3041           -            245   3.7e-05   22.3   0.0   1   3       3.3   4.1e+02   -0.7   0.0   201   229    74   102    61   107 0.83 -
PSC69197.1           -            922 4945at3041           -            245   3.7e-05   22.3   0.0   2   3   0.00025     0.031   12.8   0.0     5   105   110   214   106   221 0.78 -
PSC69197.1           -            922 4945at3041           -            245   3.7e-05   22.3   0.0   3   3   0.00078     0.099   11.1   0.0     6    74   201   273   196   282 0.81 -
PSC71591.1           -           1052 4945at3041           -            245   3.7e-05   22.3   0.1   1   3      0.33        42    2.5   0.0     8    33   717   742   710   780 0.73 -
PSC71591.1           -           1052 4945at3041           -            245   3.7e-05   22.3   0.1   2   3    0.0047      0.59    8.6   0.0   149   222   797   868   785   888 0.64 -
PSC71591.1           -           1052 4945at3041           -            245   3.7e-05   22.3   0.1   3   3    0.0096       1.2    7.6   0.0   152   228   889   968   844   973 0.65 -
PSC69198.1           -            923 4945at3041           -            245   3.7e-05   22.3   0.0   1   3       3.3   4.1e+02   -0.7   0.0   201   229    74   102    61   107 0.83 -
PSC69198.1           -            923 4945at3041           -            245   3.7e-05   22.3   0.0   2   3   0.00025     0.031   12.8   0.0     5   105   110   214   106   221 0.78 -
PSC69198.1           -            923 4945at3041           -            245   3.7e-05   22.3   0.0   3   3   0.00078     0.099   11.1   0.0     6    74   201   273   196   282 0.81 -
PSC69242.1           -            923 4945at3041           -            245   3.7e-05   22.3   0.0   1   3       3.3   4.1e+02   -0.7   0.0   201   229    74   102    61   107 0.83 -
PSC69242.1           -            923 4945at3041           -            245   3.7e-05   22.3   0.0   2   3   0.00025     0.031   12.8   0.0     5   105   110   214   106   221 0.78 -
PSC69242.1           -            923 4945at3041           -            245   3.7e-05   22.3   0.0   3   3   0.00078     0.099   11.1   0.0     6    74   201   273   196   282 0.81 -
PSC74317.1           -            437 4945at3041           -            245   5.6e-05   21.7   0.0   1   3   1.1e-05    0.0014   17.1   0.0    12   104   277   368   268   376 0.78 -
PSC74317.1           -            437 4945at3041           -            245   5.6e-05   21.7   0.0   2   3       0.1        13    4.2   0.0     4    30   354   380   349   390 0.87 -
PSC74317.1           -            437 4945at3041           -            245   5.6e-05   21.7   0.0   3   3       7.9   9.9e+02   -2.0   0.0    78   108   384   414   375   420 0.65 -
PSC71260.1           -            466 4945at3041           -            245     6e-05   21.6   2.3   1   2   6.1e-06   0.00077   18.0   0.0   147   223   276   355   263   370 0.81 -
PSC71260.1           -            466 4945at3041           -            245     6e-05   21.6   2.3   2   2      0.41        51    2.2   0.0     6    33   373   401   369   407 0.75 -
PSC74438.1           -           1013 4945at3041           -            245   6.9e-05   21.4   3.0   1   2   1.9e-06   0.00024   19.7   0.2    48   182   125   272    67   278 0.73 -
PSC74438.1           -           1013 4945at3041           -            245   6.9e-05   21.4   3.0   2   2       2.5   3.1e+02   -0.4   0.1   110   138   654   685   645   717 0.79 -
PSC73945.1           -            607 4945at3041           -            245     8e-05   21.2   0.8   1   2    0.0036      0.46    8.9   0.6   128   183    38   106    31   112 0.73 -
PSC73945.1           -            607 4945at3041           -            245     8e-05   21.2   0.8   2   2    0.0041      0.52    8.7   0.0   129   224   177   269   172   290 0.83 -
PSC70882.1           -            380 4945at3041           -            245   8.7e-05   21.1   1.1   1   3      0.63        80    1.6   0.1     6    72    15    83    10   106 0.54 -
PSC70882.1           -            380 4945at3041           -            245   8.7e-05   21.1   1.1   2   3    0.0072      0.91    8.0   0.0   202   230   157   185   154   192 0.92 -
PSC70882.1           -            380 4945at3041           -            245   8.7e-05   21.1   1.1   3   3      0.03       3.8    5.9   0.0     6   107   193   305   189   309 0.54 -
PSC71469.1           -            533 4945at3041           -            245   8.9e-05   21.1   0.1   1   3     0.034       4.3    5.8   0.0     7    71   113   177   109   194 0.77 -
PSC71469.1           -            533 4945at3041           -            245   8.9e-05   21.1   0.1   2   3       3.5   4.4e+02   -0.8   0.0   187   228   185   224   155   228 0.60 -
PSC71469.1           -            533 4945at3041           -            245   8.9e-05   21.1   0.1   3   3   0.00048     0.061   11.8   0.0   199   222   279   302   274   308 0.91 -
PSC69396.1           -            594 4945at3041           -            245   0.00012   20.6   0.0   1   3       0.5        63    1.9   0.0     4    33   238   267   235   317 0.61 -
PSC69396.1           -            594 4945at3041           -            245   0.00012   20.6   0.0   2   3   5.2e-05    0.0066   15.0   0.0   156   225   375   445   360   463 0.86 -
PSC69396.1           -            594 4945at3041           -            245   0.00012   20.6   0.0   3   3       7.7   9.7e+02   -2.0   0.0   153   169   515   531   508   547 0.66 -
PSC71637.1           -            490 4945at3041           -            245   0.00013   20.5   0.0   1   3       1.6     2e+02    0.3   0.0   205   225   184   205   167   217 0.76 -
PSC71637.1           -            490 4945at3041           -            245   0.00013   20.5   0.0   2   3   0.00023     0.029   12.9   0.0   169   223   255   313   216   321 0.76 -
PSC71637.1           -            490 4945at3041           -            245   0.00013   20.5   0.0   3   3      0.26        33    2.9   0.0     3    37   325   360   322   397 0.78 -
PSC75857.1           -            444 4945at3041           -            245   0.00014   20.4   0.4   1   4   0.00018     0.022   13.2   0.0     5    38   122   155   118   172 0.86 -
PSC75857.1           -            444 4945at3041           -            245   0.00014   20.4   0.4   2   4      0.59        74    1.7   0.0   128   151   271   294   256   317 0.69 -
PSC75857.1           -            444 4945at3041           -            245   0.00014   20.4   0.4   3   4       2.2   2.8e+02   -0.2   0.0     7    33   315   341   310   347 0.87 -
PSC75857.1           -            444 4945at3041           -            245   0.00014   20.4   0.4   4   4       4.5   5.6e+02   -1.2   0.0   203   219   421   437   418   440 0.85 -
PSC73206.1           -            734 4945at3041           -            245   0.00019   20.0   0.0   1   2    0.0044      0.56    8.6   0.0   127   150   378   401   344   404 0.78 -
PSC73206.1           -            734 4945at3041           -            245   0.00019   20.0   0.0   2   2    0.0047      0.59    8.6   0.0    16    75   572   633   560   663 0.82 -
PSC74415.1           -            769 4945at3041           -            245   0.00024   19.7   0.3   1   3      0.11        14    4.1   0.0   203   219    73    89    19   107 0.79 -
PSC74415.1           -            769 4945at3041           -            245   0.00024   19.7   0.3   2   3    0.0006     0.076   11.5   0.1     8    90    68   153    62   177 0.73 -
PSC74415.1           -            769 4945at3041           -            245   0.00024   19.7   0.3   3   3     0.067       8.4    4.8   0.0   148   219   186   260   156   285 0.67 -
PSC69091.1           -            790 4945at3041           -            245   0.00035   19.2   0.0   1   3       1.5   1.8e+02    0.4   0.0   199   230   136   168   114   176 0.78 -
PSC69091.1           -            790 4945at3041           -            245   0.00035   19.2   0.0   2   3      0.53        67    1.8   0.0   119   144   174   199   147   209 0.59 -
PSC69091.1           -            790 4945at3041           -            245   0.00035   19.2   0.0   3   3   0.00022     0.027   12.9   0.0     5   110   228   338   223   344 0.78 -
PSC72487.1           -            714 4945at3041           -            245    0.0004   18.9   0.2   1   2     0.062       7.8    4.9   0.0   149   182    53    88    39   104 0.80 -
PSC72487.1           -            714 4945at3041           -            245    0.0004   18.9   0.2   2   2    0.0019      0.24    9.9   0.1   163   226   192   260   186   282 0.66 -
PSC71912.1           -            872 4945at3041           -            245   0.00054   18.5   0.3   1   4      0.99   1.2e+02    1.0   0.1    33    77   578   623   563   651 0.74 -
PSC71912.1           -            872 4945at3041           -            245   0.00054   18.5   0.3   2   4      0.14        18    3.7   0.0   207   244   646   685   641   686 0.84 -
PSC71912.1           -            872 4945at3041           -            245   0.00054   18.5   0.3   3   4    0.0014      0.17   10.3   0.0   152   234   674   757   666   763 0.71 -
PSC71912.1           -            872 4945at3041           -            245   0.00054   18.5   0.3   4   4       2.5   3.2e+02   -0.4   0.0     6    29   794   817   789   826 0.78 -
PSC69674.1           -            630 4945at3041           -            245    0.0015   17.0   0.0   1   4    0.0012      0.15   10.5   0.0   151   216    42   110    33   123 0.55 -
PSC69674.1           -            630 4945at3041           -            245    0.0015   17.0   0.0   2   4       1.2   1.5e+02    0.6   0.0   207   224   149   166   138   176 0.80 -
PSC69674.1           -            630 4945at3041           -            245    0.0015   17.0   0.0   3   4       2.1   2.7e+02   -0.1   0.0     5    31   185   211   182   224 0.79 -
PSC69674.1           -            630 4945at3041           -            245    0.0015   17.0   0.0   4   4       6.2   7.8e+02   -1.7   0.0   206   225   491   510   469   547 0.57 -
PSC67502.1           -           1144 4945at3041           -            245    0.0019   16.7   0.1   1   1   5.7e-05    0.0071   14.8   0.1     3   111   231   345   229   361 0.77 -
PSC71527.1           -            421 4945at3041           -            245    0.0032   16.0   1.7   1   2      0.04         5    5.5   0.0   154   227    35   107    26   116 0.72 -
PSC71527.1           -            421 4945at3041           -            245    0.0032   16.0   1.7   2   2    0.0084       1.1    7.7   0.2   195   222   212   239   109   255 0.78 -
PSC76836.1           -           1054 4945at3041           -            245    0.0038   15.7   1.3   1   3       2.2   2.8e+02   -0.2   0.0   149   168   454   473   450   479 0.86 -
PSC76836.1           -           1054 4945at3041           -            245    0.0038   15.7   1.3   2   3      0.06       7.5    4.9   0.0   201   243   536   580   532   582 0.77 -
PSC76836.1           -           1054 4945at3041           -            245    0.0038   15.7   1.3   3   3     0.033       4.2    5.8   0.1   143   186   603   647   581   651 0.77 -
PSC76556.1           -            770 4945at3041           -            245    0.0038   15.7   0.1   1   2      0.67        84    1.5   0.0   158   218   129   147    79   163 0.62 -
PSC76556.1           -            770 4945at3041           -            245    0.0038   15.7   0.1   2   2    0.0011      0.14   10.7   0.0   200   226   313   339   293   350 0.86 -
PSC72877.1           -            448 4945at3041           -            245    0.0052   15.3   0.0   1   2   0.00044     0.055   11.9   0.0   149   229   161   242   144   250 0.75 -
PSC72877.1           -            448 4945at3041           -            245    0.0052   15.3   0.0   2   2       2.1   2.6e+02   -0.1   0.0     6    30   410   434   404   442 0.83 -
PSC76521.1           -            388 4945at3041           -            245    0.0057   15.2   1.1   1   2     0.017       2.2    6.7   0.2   146   175    59    88    43   101 0.78 -
PSC76521.1           -            388 4945at3041           -            245    0.0057   15.2   1.1   2   2     0.026       3.3    6.1   0.0   156   225   246   316   238   321 0.81 -
PSC70492.1           -            790 4945at3041           -            245     0.013   14.0   0.1   1   4       8.8   1.1e+03   -2.2   0.0    10    32    33    55    27    68 0.71 -
PSC70492.1           -            790 4945at3041           -            245     0.013   14.0   0.1   2   4     0.027       3.4    6.1   0.0   200   226   183   209   159   216 0.84 -
PSC70492.1           -            790 4945at3041           -            245     0.013   14.0   0.1   3   4      0.71        89    1.4   0.0     9   222   503   526   498   544 0.61 -
PSC70492.1           -            790 4945at3041           -            245     0.013   14.0   0.1   4   4       6.2   7.8e+02   -1.6   0.0     5    28   629   652   625   704 0.69 -
PSC68833.1           -           1060 4945at3041           -            245     0.013   13.9   0.2   1   2       7.9     1e+03   -2.0   0.1   114   125   625   636   579   652 0.62 -
PSC68833.1           -           1060 4945at3041           -            245     0.013   13.9   0.2   2   2   0.00046     0.058   11.9   0.0   135   225   742   830   725   845 0.71 -
PSC77059.1           -            411 4945at3041           -            245     0.015   13.8   0.1   1   2      0.36        46    2.4   0.0   203   223   161   182   158   192 0.80 -
PSC77059.1           -            411 4945at3041           -            245     0.015   13.8   0.1   2   2     0.017       2.2    6.7   0.0   131   223   217   318   212   326 0.64 -
PSC71497.1           -            575 4945at3041           -            245     0.019   13.4   3.2   1   2       3.4   4.2e+02   -0.8   0.0   171   219    82   127    68   145 0.57 -
PSC71497.1           -            575 4945at3041           -            245     0.019   13.4   3.2   2   2   0.00023     0.029   12.9   0.1   148   227   290   367   284   377 0.84 -
PSC76855.1           -           1456 4945at3041           -            245     0.025   13.0   0.0   1   2      0.15        18    3.7   0.0    10    68   437   495   431   507 0.78 -
PSC76855.1           -           1456 4945at3041           -            245     0.025   13.0   0.0   2   2     0.019       2.3    6.6   0.0   142   189   529   576   525   581 0.93 -
PSC74914.1           -            355 4945at3041           -            245     0.027   12.9   1.2   1   2      0.24        30    3.0   0.0   160   223   118   182    85   195 0.77 -
PSC74914.1           -            355 4945at3041           -            245     0.027   12.9   1.2   2   2    0.0077      0.97    7.9   0.0   203   226   205   228   199   239 0.82 -
PSC71428.1           -           1775 4945at3041           -            245     0.051   12.1  26.4   1   6     0.007      0.88    8.0   0.2   140   179   378   422   373   445 0.81 -
PSC71428.1           -           1775 4945at3041           -            245     0.051   12.1  26.4   2   6      0.42        53    2.2   0.0   144   240   588   694   556   699 0.63 -
PSC71428.1           -           1775 4945at3041           -            245     0.051   12.1  26.4   3   6     0.036       4.5    5.7   0.4   109   180   677   758   662   765 0.68 -
PSC71428.1           -           1775 4945at3041           -            245     0.051   12.1  26.4   4   6      0.16        20    3.5   0.1   146   221   831   907   770   918 0.66 -
PSC71428.1           -           1775 4945at3041           -            245     0.051   12.1  26.4   5   6      0.41        51    2.2   0.4   123   145  1477  1500  1473  1515 0.89 -
PSC71428.1           -           1775 4945at3041           -            245     0.051   12.1  26.4   6   6     0.055       6.9    5.1   0.1   145   170  1738  1763  1697  1773 0.62 -
PSC72285.1           -            621 4945at3041           -            245     0.052   12.0   0.2   1   3     0.016         2    6.8   0.0     6    38   300   332   296   340 0.89 -
PSC72285.1           -            621 4945at3041           -            245     0.052   12.0   0.2   2   3       1.3   1.7e+02    0.5   0.0   153   220   462   487   425   492 0.67 -
PSC72285.1           -            621 4945at3041           -            245     0.052   12.0   0.2   3   3       7.7   9.6e+02   -2.0   0.0   210   241   560   594   552   618 0.54 -
PSC69923.1           -            862 4945at3041           -            245     0.056   11.9   2.5   1   1     0.014       1.7    7.0   2.5   127   225   622   743   607   750 0.66 -
PSC69796.1           -            605 4945at3041           -            245      0.11   11.0   3.0   1   2    0.0038      0.48    8.9   0.1   200   243   136   183   130   185 0.79 -
PSC69796.1           -            605 4945at3041           -            245      0.11   11.0   3.0   2   2       1.3   1.6e+02    0.6   0.8   122   150   226   255   219   297 0.62 -
#
# Program:         hmmsearch
# Version:         3.1b2 (February 2015)
# Pipeline mode:   SEARCH
# Query file:      /Users/catrionaharrison/Documents/Bioinformatics/rp2/Data/genomes/busco/busco_downloads/lineages/chlorophyta_odb10/hmms/4945at3041.hmm
# Target file:     /Users/catrionaharrison/Documents/Bioinformatics/rp2/Data/genomes/busco/data/micractinium_conductrix.prot.fasta
# Option settings: hmmsearch --domtblout /Users/catrionaharrison/Documents/Bioinformatics/rp2/Data/genomes/busco/Busco_conductrix/run_chlorophyta_odb10/hmmer_output/initial_run_results/4945at3041.out --cpu 1 /Users/catrionaharrison/Documents/Bioinformatics/rp2/Data/genomes/busco/busco_downloads/lineages/chlorophyta_odb10/hmms/4945at3041.hmm /Users/catrionaharrison/Documents/Bioinformatics/rp2/Data/genomes/busco/data/micractinium_conductrix.prot.fasta 
# Current dir:     /Users/catrionaharrison/Documents/Bioinformatics/rp2/Data/genomes/busco
# Date:            Fri Jul 22 15:20:18 2022
# [ok]
