#                                                                            --- full sequence --- -------------- this domain -------------   hmm coord   ali coord   env coord
# target name        accession   tlen query name           accession   qlen   E-value  score  bias   #  of  c-Evalue  i-Evalue  score  bias  from    to  from    to  from    to  acc description of target
#------------------- ---------- ----- -------------------- ---------- ----- --------- ------ ----- --- --- --------- --------- ------ ----- ----- ----- ----- ----- ----- ----- ---- ---------------------
PSC74770.1           -            367 5236at3041           -            304   5.9e-46  156.1   0.9   1   2   1.1e-12   4.3e-10   38.4   0.1    29   127     9   108     7   112 0.80 -
PSC74770.1           -            367 5236at3041           -            304   5.9e-46  156.1   0.9   2   2   6.8e-36   2.5e-33  114.6   0.1   124   299   152   343   144   346 0.85 -
PSC68310.1           -            531 5236at3041           -            304   4.1e-05   22.0   0.0   1   1     2e-07   7.4e-05   21.2   0.0    30    76    63   108    56   124 0.90 -
PSC74522.1           -            104 5236at3041           -            304   6.7e-05   21.3   0.1   1   1   1.8e-07   6.8e-05   21.3   0.1    29    70    62   102    34   103 0.88 Micractinium conductrix strain SAG 241.80 contig_4, whole genome shotgun sequence.
PSC71017.1           -            376 5236at3041           -            304     7e-05   21.2   0.0   1   1   2.8e-07    0.0001   20.7   0.0    30    78    63   110    55   129 0.86 -
PSC68336.1           -            104 5236at3041           -            304   7.3e-05   21.2   0.1   1   1     2e-07   7.6e-05   21.1   0.1    30    70    63   102    35   103 0.92 Micractinium conductrix strain SAG 241.80 contig_38, whole genome shotgun sequence.
PSC68363.1           -            104 5236at3041           -            304   7.3e-05   21.2   0.1   1   1     2e-07   7.6e-05   21.1   0.1    30    70    63   102    35   103 0.92 Micractinium conductrix strain SAG 241.80 contig_38, whole genome shotgun sequence.
PSC71092.1           -            104 5236at3041           -            304   7.3e-05   21.2   0.1   1   1     2e-07   7.6e-05   21.1   0.1    30    70    63   102    35   103 0.92 Micractinium conductrix strain SAG 241.80 contig_16, whole genome shotgun sequence.
PSC71213.1           -            104 5236at3041           -            304   7.3e-05   21.2   0.1   1   1     2e-07   7.6e-05   21.1   0.1    30    70    63   102    35   103 0.92 Micractinium conductrix strain SAG 241.80 contig_16, whole genome shotgun sequence.
PSC72060.1           -            104 5236at3041           -            304   7.3e-05   21.2   0.1   1   1     2e-07   7.6e-05   21.1   0.1    30    70    63   102    35   103 0.92 Micractinium conductrix strain SAG 241.80 contig_11, whole genome shotgun sequence.
PSC72143.1           -            104 5236at3041           -            304   7.3e-05   21.2   0.1   1   1     2e-07   7.6e-05   21.1   0.1    30    70    63   102    35   103 0.92 Micractinium conductrix strain SAG 241.80 contig_11, whole genome shotgun sequence.
PSC72277.1           -            104 5236at3041           -            304   7.3e-05   21.2   0.1   1   1     2e-07   7.6e-05   21.1   0.1    30    70    63   102    35   103 0.92 Micractinium conductrix strain SAG 241.80 contig_11, whole genome shotgun sequence.
PSC72279.1           -            104 5236at3041           -            304   7.3e-05   21.2   0.1   1   1     2e-07   7.6e-05   21.1   0.1    30    70    63   102    35   103 0.92 Micractinium conductrix strain SAG 241.80 contig_11, whole genome shotgun sequence.
PSC72310.1           -            104 5236at3041           -            304   7.3e-05   21.2   0.1   1   1     2e-07   7.6e-05   21.1   0.1    30    70    63   102    35   103 0.92 Micractinium conductrix strain SAG 241.80 contig_11, whole genome shotgun sequence.
PSC72347.1           -            104 5236at3041           -            304   7.3e-05   21.2   0.1   1   1     2e-07   7.6e-05   21.1   0.1    30    70    63   102    35   103 0.92 Micractinium conductrix strain SAG 241.80 contig_11, whole genome shotgun sequence.
PSC71135.1           -            137 5236at3041           -            304     0.032   12.5   0.2   1   1   0.00011     0.042   12.1   0.2     2    61    72   132    71   135 0.88 Micractinium conductrix strain SAG 241.80 contig_16, whole genome shotgun sequence.
PSC67885.1           -            137 5236at3041           -            304     0.032   12.5   0.2   1   1   0.00011     0.042   12.1   0.2     2    61    72   132    71   135 0.88 -
PSC68309.1           -            137 5236at3041           -            304     0.032   12.5   0.2   1   1   0.00011     0.042   12.1   0.2     2    61    72   132    71   135 0.88 Micractinium conductrix strain SAG 241.80 contig_38, whole genome shotgun sequence.
PSC68334.1           -            137 5236at3041           -            304     0.032   12.5   0.2   1   1   0.00011     0.042   12.1   0.2     2    61    72   132    71   135 0.88 Micractinium conductrix strain SAG 241.80 contig_38, whole genome shotgun sequence.
PSC68361.1           -            137 5236at3041           -            304     0.032   12.5   0.2   1   1   0.00011     0.042   12.1   0.2     2    61    72   132    71   135 0.88 Micractinium conductrix strain SAG 241.80 contig_38, whole genome shotgun sequence.
PSC71032.1           -            137 5236at3041           -            304     0.032   12.5   0.2   1   1   0.00011     0.042   12.1   0.2     2    61    72   132    71   135 0.88 Micractinium conductrix strain SAG 241.80 contig_16, whole genome shotgun sequence.
PSC71170.1           -            137 5236at3041           -            304     0.032   12.5   0.2   1   1   0.00011     0.042   12.1   0.2     2    61    72   132    71   135 0.88 Micractinium conductrix strain SAG 241.80 contig_16, whole genome shotgun sequence.
PSC71329.1           -            137 5236at3041           -            304     0.032   12.5   0.2   1   1   0.00011     0.042   12.1   0.2     2    61    72   132    71   135 0.88 Micractinium conductrix strain SAG 241.80 contig_15, whole genome shotgun sequence.
PSC72122.1           -            137 5236at3041           -            304     0.032   12.5   0.2   1   1   0.00011     0.042   12.1   0.2     2    61    72   132    71   135 0.88 Micractinium conductrix strain SAG 241.80 contig_11, whole genome shotgun sequence.
PSC72176.1           -            137 5236at3041           -            304     0.032   12.5   0.2   1   1   0.00011     0.042   12.1   0.2     2    61    72   132    71   135 0.88 Micractinium conductrix strain SAG 241.80 contig_11, whole genome shotgun sequence.
PSC72203.1           -            137 5236at3041           -            304     0.032   12.5   0.2   1   1   0.00011     0.042   12.1   0.2     2    61    72   132    71   135 0.88 Micractinium conductrix strain SAG 241.80 contig_11, whole genome shotgun sequence.
PSC72265.1           -            137 5236at3041           -            304     0.032   12.5   0.2   1   1   0.00011     0.042   12.1   0.2     2    61    72   132    71   135 0.88 Micractinium conductrix strain SAG 241.80 contig_11, whole genome shotgun sequence.
PSC72335.1           -            137 5236at3041           -            304     0.032   12.5   0.2   1   1   0.00011     0.042   12.1   0.2     2    61    72   132    71   135 0.88 Micractinium conductrix strain SAG 241.80 contig_11, whole genome shotgun sequence.
#
# Program:         hmmsearch
# Version:         3.1b2 (February 2015)
# Pipeline mode:   SEARCH
# Query file:      /Users/catrionaharrison/Documents/Bioinformatics/rp2/Data/genomes/busco/busco_downloads/lineages/chlorophyta_odb10/hmms/5236at3041.hmm
# Target file:     /Users/catrionaharrison/Documents/Bioinformatics/rp2/Data/genomes/busco/data/micractinium_conductrix.prot.fasta
# Option settings: hmmsearch --domtblout /Users/catrionaharrison/Documents/Bioinformatics/rp2/Data/genomes/busco/Busco_conductrix/run_chlorophyta_odb10/hmmer_output/initial_run_results/5236at3041.out --cpu 1 /Users/catrionaharrison/Documents/Bioinformatics/rp2/Data/genomes/busco/busco_downloads/lineages/chlorophyta_odb10/hmms/5236at3041.hmm /Users/catrionaharrison/Documents/Bioinformatics/rp2/Data/genomes/busco/data/micractinium_conductrix.prot.fasta 
# Current dir:     /Users/catrionaharrison/Documents/Bioinformatics/rp2/Data/genomes/busco
# Date:            Fri Jul 22 15:21:45 2022
# [ok]
