#                                                                            --- full sequence --- -------------- this domain -------------   hmm coord   ali coord   env coord
# target name        accession   tlen query name           accession   qlen   E-value  score  bias   #  of  c-Evalue  i-Evalue  score  bias  from    to  from    to  from    to  acc description of target
#------------------- ---------- ----- -------------------- ---------- ----- --------- ------ ----- --- --- --------- --------- ------ ----- ----- ----- ----- ----- ----- ----- ---- ---------------------
PSC71323.1           -            390 5835at3041           -            207   6.9e-84  279.8   1.4   1   3   8.4e-33   3.4e-30  104.4   0.1     1    63   101   164   101   176 0.95 -
PSC71323.1           -            390 5835at3041           -            207   6.9e-84  279.8   1.4   2   3   3.1e-48   1.3e-45  154.8   0.1    62   180   201   324   194   345 0.89 -
PSC71323.1           -            390 5835at3041           -            207   6.9e-84  279.8   1.4   3   3   1.8e-06   0.00073   18.4   0.0   179   206   353   380   338   381 0.87 -
PSC71826.1           -           1821 5835at3041           -            207   1.7e-17   63.0   2.8   1   3   4.2e-05     0.017   13.9   0.1    20    66   156   207   150   225 0.80 -
PSC71826.1           -           1821 5835at3041           -            207   1.7e-17   63.0   2.8   2   3   4.9e-15     2e-12   46.4   0.4    80   154   286   363   265   440 0.75 -
PSC71826.1           -           1821 5835at3041           -            207   1.7e-17   63.0   2.8   3   3         4   1.6e+03   -2.3   0.0    22    49  1131  1163  1118  1168 0.69 -
PSC70574.1           -            644 5835at3041           -            207   7.6e-14   51.0   0.6   1   3   3.2e-06    0.0013   17.6   0.1    16    62   164   215   161   221 0.90 -
PSC70574.1           -            644 5835at3041           -            207   7.6e-14   51.0   0.6   2   3   4.2e-10   1.7e-07   30.3   0.0    77   140   299   369   267   378 0.71 -
PSC70574.1           -            644 5835at3041           -            207   7.6e-14   51.0   0.6   3   3       5.7   2.3e+03   -2.8   0.0   181   197   446   462   441   465 0.86 -
PSC72299.1           -            670 5835at3041           -            207   1.8e-13   49.7   0.5   1   3      0.48     2e+02    0.7   0.1   168   198    38    68    20    74 0.83 -
PSC72299.1           -            670 5835at3041           -            207   1.8e-13   49.7   0.5   2   3   0.00016     0.065   12.0   0.0    18   104   210   301   201   308 0.71 -
PSC72299.1           -            670 5835at3041           -            207   1.8e-13   49.7   0.5   3   3   4.7e-11   1.9e-08   33.4   0.0    76   141   305   374   291   382 0.81 -
PSC70342.1           -            632 5835at3041           -            207   1.9e-13   49.7   1.4   1   4   3.2e-06    0.0013   17.6   0.0    84   119    42    81    27   111 0.72 -
PSC70342.1           -            632 5835at3041           -            207   1.9e-13   49.7   1.4   2   4      0.68   2.8e+02    0.2   0.0    12    55   110   153   102   161 0.87 -
PSC70342.1           -            632 5835at3041           -            207   1.9e-13   49.7   1.4   3   4   4.4e-09   1.8e-06   26.9   0.0    78   162   343   435   321   467 0.70 -
PSC70342.1           -            632 5835at3041           -            207   1.9e-13   49.7   1.4   4   4      0.72   2.9e+02    0.1   0.0    52    98   471   517   453   521 0.71 -
PSC70640.1           -            728 5835at3041           -            207   3.7e-11   42.2   3.1   1   3   3.4e-08   1.4e-05   24.0   0.0    83   151   259   337   253   406 0.75 -
PSC70640.1           -            728 5835at3041           -            207   3.7e-11   42.2   3.1   2   3   7.7e-06    0.0031   16.3   0.1    77   118   450   493   441   532 0.72 -
PSC70640.1           -            728 5835at3041           -            207   3.7e-11   42.2   3.1   3   3       0.9   3.6e+02   -0.2   0.1    27    67   543   586   530   638 0.70 -
PSC67488.1           -            569 5835at3041           -            207   1.5e-07   30.5   0.6   1   2   1.9e-09   7.6e-07   28.1   0.3    65   165   265   358   255   384 0.70 -
PSC67488.1           -            569 5835at3041           -            207   1.5e-07   30.5   0.6   2   2      0.73     3e+02    0.1   0.0    52    84   391   423   359   434 0.71 -
PSC67489.1           -            560 5835at3041           -            207   3.4e-06   26.0   0.4   1   2   8.2e-08   3.3e-05   22.8   0.1    65   120   265   322   257   348 0.81 -
PSC67489.1           -            560 5835at3041           -            207   3.4e-06   26.0   0.4   2   2      0.49     2e+02    0.6   0.0    51    85   381   415   339   426 0.66 -
PSC69229.1           -            672 5835at3041           -            207   4.5e-06   25.6   0.0   1   2   5.9e-07   0.00024   20.0   0.0    78   141   163   232   147   250 0.76 -
PSC69229.1           -            672 5835at3041           -            207   4.5e-06   25.6   0.0   2   2      0.09        36    3.0   0.0    48    67   277   296   265   363 0.84 -
PSC76441.1           -           2978 5835at3041           -            207   8.3e-06   24.7   0.0   1   2   2.7e-05     0.011   14.5   0.0    77   149   271   349   256   354 0.80 -
PSC76441.1           -           2978 5835at3041           -            207   8.3e-06   24.7   0.0   2   2    0.0041       1.7    7.4   0.0    77   104  1644  1671  1629  1728 0.74 -
PSC71545.1           -            395 5835at3041           -            207   9.1e-06   24.6   0.1   1   2   4.1e-07   0.00016   20.5   0.1    83   157   107   188   100   197 0.74 -
PSC71545.1           -            395 5835at3041           -            207   9.1e-06   24.6   0.1   2   2      0.07        28    3.4   0.0    18    67   179   231   174   251 0.69 -
PSC72191.1           -            409 5835at3041           -            207   1.4e-05   24.0   0.2   1   2   1.1e-07   4.3e-05   22.4   0.3    74   136   108   177    91   191 0.70 -
PSC72191.1           -            409 5835at3041           -            207   1.4e-05   24.0   0.2   2   2       8.3   3.4e+03   -3.4   0.0    52    63   241   252   235   254 0.81 -
PSC71397.1           -            642 5835at3041           -            207   7.1e-05   21.7   0.3   1   2   1.8e-07   7.1e-05   21.7   0.3    83   133   340   402   274   419 0.57 -
PSC71397.1           -            642 5835at3041           -            207   7.1e-05   21.7   0.3   2   2         6   2.4e+03   -2.9   1.7   139   186   591   634   577   641 0.65 -
PSC72869.1           -           1499 5835at3041           -            207   9.9e-05   21.2   2.2   1   3         9   3.6e+03   -3.5   0.1    98   120    76    98    72    99 0.84 -
PSC72869.1           -           1499 5835at3041           -            207   9.9e-05   21.2   2.2   2   3   8.5e-07   0.00034   19.5   0.2    62   131   925  1001   886  1022 0.75 -
PSC72869.1           -           1499 5835at3041           -            207   9.9e-05   21.2   2.2   3   3       1.2   4.8e+02   -0.6   0.0    51    74  1082  1105  1077  1114 0.75 -
PSC75863.1           -           1527 5835at3041           -            207   0.00025   19.9   0.1   1   1   1.5e-06   0.00062   18.6   0.1    76   136   647   715   641   740 0.78 -
PSC68628.1           -            871 5835at3041           -            207   0.00061   18.6   2.6   1   2   3.4e-06    0.0014   17.5   0.0    79   131   198   255   179   261 0.78 -
PSC68628.1           -            871 5835at3041           -            207   0.00061   18.6   2.6   2   2         4   1.6e+03   -2.3   2.5   139   166   797   824   777   851 0.75 -
PSC68627.1           -            872 5835at3041           -            207   0.00063   18.6   2.6   1   2   3.4e-06    0.0014   17.5   0.0    79   131   198   255   179   261 0.78 -
PSC68627.1           -            872 5835at3041           -            207   0.00063   18.6   2.6   2   2         4   1.6e+03   -2.3   2.5   139   166   798   825   778   852 0.75 -
PSC76185.1           -            409 5835at3041           -            207    0.0032   16.3   0.0   1   1   1.5e-05    0.0062   15.4   0.0    83   142    64   129    56   141 0.71 -
PSC68999.1           -            362 5835at3041           -            207    0.0037   16.1   0.0   1   2   0.00017      0.07   11.9   0.0    71   117    16    62     6    71 0.84 -
PSC68999.1           -            362 5835at3041           -            207    0.0037   16.1   0.0   2   2      0.29   1.2e+02    1.4   0.0    52    74   191   213   176   222 0.82 -
PSC70039.1           -            583 5835at3041           -            207    0.0057   15.5   0.0   1   1   3.9e-05     0.016   14.0   0.0    59   122   291   355   273   420 0.76 -
PSC71182.1           -            243 5835at3041           -            207    0.0063   15.3   0.0   1   1   2.9e-05     0.012   14.5   0.0    70   129    14    73     5    83 0.82 -
PSC69883.1           -            763 5835at3041           -            207     0.022   13.6   0.0   1   1   0.00012     0.047   12.5   0.0    82   109   394   421   383   439 0.74 -
PSC71953.1           -            451 5835at3041           -            207     0.024   13.4   0.0   1   1   0.00012     0.047   12.5   0.0    83   107    84   108    70   180 0.86 -
PSC70224.1           -            895 5835at3041           -            207     0.024   13.4   0.0   1   1   0.00017     0.068   12.0   0.0    69   127   357   416   345   471 0.84 -
PSC72780.1           -            903 5835at3041           -            207     0.028   13.2   1.3   1   3   0.00036      0.14   10.9   0.1    82   126   203   247   138   264 0.81 -
PSC72780.1           -            903 5835at3041           -            207     0.028   13.2   1.3   2   3       2.4   9.9e+02   -1.6   0.0    65   103   584   622   568   636 0.79 -
PSC72780.1           -            903 5835at3041           -            207     0.028   13.2   1.3   3   3       4.1   1.7e+03   -2.4   0.1    74   105   704   735   700   749 0.74 -
#
# Program:         hmmsearch
# Version:         3.1b2 (February 2015)
# Pipeline mode:   SEARCH
# Query file:      /Users/catrionaharrison/Documents/Bioinformatics/rp2/Data/genomes/busco/busco_downloads/lineages/chlorophyta_odb10/hmms/5835at3041.hmm
# Target file:     /Users/catrionaharrison/Documents/Bioinformatics/rp2/Data/genomes/busco/data/micractinium_conductrix.prot.fasta
# Option settings: hmmsearch --domtblout /Users/catrionaharrison/Documents/Bioinformatics/rp2/Data/genomes/busco/Busco_conductrix/run_chlorophyta_odb10/hmmer_output/initial_run_results/5835at3041.out --cpu 1 /Users/catrionaharrison/Documents/Bioinformatics/rp2/Data/genomes/busco/busco_downloads/lineages/chlorophyta_odb10/hmms/5835at3041.hmm /Users/catrionaharrison/Documents/Bioinformatics/rp2/Data/genomes/busco/data/micractinium_conductrix.prot.fasta 
# Current dir:     /Users/catrionaharrison/Documents/Bioinformatics/rp2/Data/genomes/busco
# Date:            Fri Jul 22 15:21:09 2022
# [ok]
