#                                                                            --- full sequence --- -------------- this domain -------------   hmm coord   ali coord   env coord
# target name        accession   tlen query name           accession   qlen   E-value  score  bias   #  of  c-Evalue  i-Evalue  score  bias  from    to  from    to  from    to  acc description of target
#------------------- ---------- ----- -------------------- ---------- ----- --------- ------ ----- --- --- --------- --------- ------ ----- ----- ----- ----- ----- ----- ----- ---- ---------------------
PSC68405.1           -           1432 6282at3041           -            326   7.6e-96  320.0  15.4   1   4   5.1e-19     2e-16   59.0   0.0     1    60   403   463   403   474 0.91 -
PSC68405.1           -           1432 6282at3041           -            326   7.6e-96  320.0  15.4   2   4   6.7e-10   2.6e-07   29.0   1.9    58   107   504   558   490   562 0.84 -
PSC68405.1           -           1432 6282at3041           -            326   7.6e-96  320.0  15.4   3   4     3e-06    0.0012   17.0   0.8   105   140   598   633   581   642 0.76 -
PSC68405.1           -           1432 6282at3041           -            326   7.6e-96  320.0  15.4   4   4     2e-68   7.8e-66  221.4   0.3   144   325   659   859   654   860 0.87 -
PSC73796.1           -            776 6282at3041           -            326   2.5e-19   68.5   0.0   1   2   0.00096      0.37    8.8   0.0     2    33   370   401   369   418 0.95 -
PSC73796.1           -            776 6282at3041           -            326   2.5e-19   68.5   0.0   2   2   1.6e-18   6.3e-16   57.3   0.0   232   324   502   594   489   596 0.91 -
PSC74867.1           -           1206 6282at3041           -            326   2.4e-15   55.5  15.2   1   4   3.7e-07   0.00014   20.0   0.0     1    49   780   827   780   832 0.87 -
PSC74867.1           -           1206 6282at3041           -            326   2.4e-15   55.5  15.2   2   4      0.34   1.3e+02    0.4   4.4    77   111   832   867   825   897 0.79 -
PSC74867.1           -           1206 6282at3041           -            326   2.4e-15   55.5  15.2   3   4   3.2e-13   1.2e-10   39.9   0.1   243   325   978  1076   973  1077 0.74 -
PSC74867.1           -           1206 6282at3041           -            326   2.4e-15   55.5  15.2   4   4         5   1.9e+03   -3.4   0.3    94   115  1179  1199  1161  1203 0.66 -
PSC73293.1           -            599 6282at3041           -            326   3.1e-13   48.5   1.6   1   3    0.0003      0.12   10.5   0.0     2    46    41    84    40    92 0.85 -
PSC73293.1           -            599 6282at3041           -            326   3.1e-13   48.5   1.6   2   3       0.8   3.1e+02   -0.8   0.1   146   192   188   236   173   241 0.74 -
PSC73293.1           -            599 6282at3041           -            326   3.1e-13   48.5   1.6   3   3   6.1e-12   2.4e-09   35.7   0.2   243   323   246   325   238   328 0.85 -
PSC68591.1           -           1240 6282at3041           -            326     3e-09   35.4   0.6   1   2     0.049        19    3.2   0.3     1    45   599   643   599   657 0.75 -
PSC68591.1           -           1240 6282at3041           -            326     3e-09   35.4   0.6   2   2   5.5e-10   2.1e-07   29.3   0.0   248   311   795   856   730   870 0.88 -
PSC76706.1           -           1865 6282at3041           -            326   1.1e-08   33.5   0.1   1   4       4.4   1.7e+03   -3.2   0.5    31    62   880   911   871   915 0.78 -
PSC76706.1           -           1865 6282at3041           -            326   1.1e-08   33.5   0.1   2   4     0.044        17    3.3   0.0     2    46  1333  1376  1332  1379 0.87 -
PSC76706.1           -           1865 6282at3041           -            326   1.1e-08   33.5   0.1   3   4       1.2   4.8e+02   -1.4   0.5    76    95  1379  1399  1376  1403 0.85 -
PSC76706.1           -           1865 6282at3041           -            326   1.1e-08   33.5   0.1   4   4     3e-11   1.1e-08   33.5   0.1   246   324  1545  1624  1537  1626 0.83 -
PSC76704.1           -           2591 6282at3041           -            326   1.7e-08   32.9   0.1   1   4       7.3   2.8e+03   -4.0   0.5    31    62  1606  1637  1598  1640 0.78 -
PSC76704.1           -           2591 6282at3041           -            326   1.7e-08   32.9   0.1   2   4     0.055        21    3.0   0.1     2    47  2059  2103  2058  2111 0.88 -
PSC76704.1           -           2591 6282at3041           -            326   1.7e-08   32.9   0.1   3   4       1.4   5.5e+02   -1.6   0.3    76    95  2105  2125  2100  2127 0.85 -
PSC76704.1           -           2591 6282at3041           -            326   1.7e-08   32.9   0.1   4   4   4.3e-11   1.7e-08   32.9   0.1   246   324  2271  2350  2263  2352 0.83 -
PSC70967.1           -            618 6282at3041           -            326   8.1e-08   30.7   2.6   1   2   6.6e-06    0.0025   15.9   0.7     2   143     2   135     1   144 0.74 -
PSC70967.1           -            618 6282at3041           -            326   8.1e-08   30.7   2.6   2   2   2.9e-05     0.011   13.8   0.0   244   292   285   333   275   335 0.89 -
PSC72018.1           -           1606 6282at3041           -            326   3.2e-07   28.7   0.0   1   2       5.9   2.3e+03   -3.7   1.5   118   141   239   262   185   279 0.60 -
PSC72018.1           -           1606 6282at3041           -            326   3.2e-07   28.7   0.0   2   2   8.2e-10   3.2e-07   28.7   0.0   242   295  1370  1425  1351  1429 0.80 -
PSC75269.1           -            826 6282at3041           -            326   3.9e-05   21.9   0.6   1   2       3.1   1.2e+03   -2.7   0.7   123   154   449   482   435   492 0.68 -
PSC75269.1           -            826 6282at3041           -            326   3.9e-05   21.9   0.6   2   2   2.9e-07   0.00011   20.4   0.0   219   295   717   800   709   808 0.67 -
PSC75270.1           -            885 6282at3041           -            326   4.7e-05   21.6   0.6   1   2       3.5   1.4e+03   -2.9   0.7   123   154   508   541   495   550 0.68 -
PSC75270.1           -            885 6282at3041           -            326   4.7e-05   21.6   0.6   2   2   3.1e-07   0.00012   20.3   0.0   219   295   776   859   768   867 0.67 -
PSC67964.1           -           1353 6282at3041           -            326     6e-05   21.3   0.2   1   2       6.4   2.5e+03   -3.8   0.4   259   290   487   518   482   520 0.89 -
PSC67964.1           -           1353 6282at3041           -            326     6e-05   21.3   0.2   2   2   1.6e-07     6e-05   21.3   0.2   240   320   793   871   779   875 0.77 -
PSC75590.1           -            773 6282at3041           -            326   7.4e-05   21.0   0.0   1   1   3.6e-07   0.00014   20.1   0.0   258   315   502   555   489   563 0.84 -
PSC71151.1           -           1685 6282at3041           -            326    0.0005   18.2   0.0   1   1     4e-06    0.0015   16.6   0.0   254   308   939   995   908  1005 0.81 -
PSC69026.1           -            349 6282at3041           -            326   0.00064   17.9   0.0   1   1   2.8e-06    0.0011   17.1   0.0   263   315   152   202   141   207 0.78 -
PSC74286.1           -            717 6282at3041           -            326   0.00078   17.6   0.0   1   1   4.1e-06    0.0016   16.6   0.0   232   315   448   526   417   530 0.79 -
PSC73979.1           -           1448 6282at3041           -            326   0.00098   17.3   0.0   1   1   6.7e-06    0.0026   15.9   0.0   243   295   235   289   213   297 0.75 -
PSC73632.1           -           1283 6282at3041           -            326    0.0035   15.5   0.0   1   1   1.6e-05    0.0064   14.6   0.0   249   296   240   286   226   303 0.83 -
PSC73249.1           -            384 6282at3041           -            326     0.008   14.3   1.8   1   1   3.9e-05     0.015   13.4   1.8    80   109   351   381   339   383 0.88 -
PSC74287.1           -            876 6282at3041           -            326     0.009   14.1   0.0   1   1   3.8e-05     0.015   13.4   0.0   251   315   596   658   566   661 0.73 -
PSC73066.1           -            245 6282at3041           -            326     0.016   13.3   2.3   1   1   6.1e-05     0.024   12.7   2.3    76   105    46    76    20    84 0.80 -
PSC67322.1           -            550 6282at3041           -            326     0.021   12.9  22.1   1   3       2.6   9.9e+02   -2.5   0.6    74    96   295   317   290   321 0.75 -
PSC67322.1           -            550 6282at3041           -            326     0.021   12.9  22.1   2   3   0.00049      0.19    9.8   3.7    50   108   404   461   389   472 0.71 -
PSC67322.1           -            550 6282at3041           -            326     0.021   12.9  22.1   3   3   2.3e-05    0.0088   14.1   3.6    78   110   511   544   502   548 0.86 -
PSC67321.1           -            557 6282at3041           -            326     0.022   12.9  22.1   1   3       2.6     1e+03   -2.5   0.6    74    96   302   324   297   328 0.75 -
PSC67321.1           -            557 6282at3041           -            326     0.022   12.9  22.1   2   3    0.0005      0.19    9.7   3.7    50   108   411   468   396   479 0.71 -
PSC67321.1           -            557 6282at3041           -            326     0.022   12.9  22.1   3   3   2.3e-05     0.009   14.1   3.6    78   110   518   551   509   555 0.86 -
PSC67320.1           -            574 6282at3041           -            326     0.026   12.6  22.2   1   3       2.7     1e+03   -2.5   0.6    74    96   319   341   314   345 0.75 -
PSC67320.1           -            574 6282at3041           -            326     0.026   12.6  22.2   2   3   0.00057      0.22    9.5   3.8    51   108   429   485   414   496 0.71 -
PSC67320.1           -            574 6282at3041           -            326     0.026   12.6  22.2   3   3   2.4e-05    0.0093   14.1   3.6    78   110   535   568   526   572 0.86 -
PSC72948.1           -            960 6282at3041           -            326      0.13   10.2   2.7   1   1    0.0006      0.23    9.5   2.7    77   105   762   791   731   799 0.84 -
PSC72786.1           -            193 6282at3041           -            326      0.15   10.0   1.5   1   1   0.00053      0.21    9.6   1.5    79   104   164   190   152   192 0.91 -
#
# Program:         hmmsearch
# Version:         3.1b2 (February 2015)
# Pipeline mode:   SEARCH
# Query file:      /Users/catrionaharrison/Documents/Bioinformatics/rp2/Data/genomes/busco/busco_downloads/lineages/chlorophyta_odb10/hmms/6282at3041.hmm
# Target file:     /Users/catrionaharrison/Documents/Bioinformatics/rp2/Data/genomes/busco/data/micractinium_conductrix.prot.fasta
# Option settings: hmmsearch --domtblout /Users/catrionaharrison/Documents/Bioinformatics/rp2/Data/genomes/busco/Busco_conductrix/run_chlorophyta_odb10/hmmer_output/initial_run_results/6282at3041.out --cpu 1 /Users/catrionaharrison/Documents/Bioinformatics/rp2/Data/genomes/busco/busco_downloads/lineages/chlorophyta_odb10/hmms/6282at3041.hmm /Users/catrionaharrison/Documents/Bioinformatics/rp2/Data/genomes/busco/data/micractinium_conductrix.prot.fasta 
# Current dir:     /Users/catrionaharrison/Documents/Bioinformatics/rp2/Data/genomes/busco
# Date:            Fri Jul 22 15:20:19 2022
# [ok]
