#                                                                            --- full sequence --- -------------- this domain -------------   hmm coord   ali coord   env coord
# target name        accession   tlen query name           accession   qlen   E-value  score  bias   #  of  c-Evalue  i-Evalue  score  bias  from    to  from    to  from    to  acc description of target
#------------------- ---------- ----- -------------------- ---------- ----- --------- ------ ----- --- --- --------- --------- ------ ----- ----- ----- ----- ----- ----- ----- ---- ---------------------
PSC75728.1           -            230 6375at3041           -            170   4.4e-60  201.6   0.3   1   1   1.2e-62   8.3e-60  200.7   0.3    13   166    60   228    45   229 0.91 -
PSC67350.1           -            355 6375at3041           -            170     9e-23   80.2   1.2   1   1   6.6e-24   4.7e-21   74.6   1.2    33   168   225   342   195   344 0.82 -
PSC75187.1           -            581 6375at3041           -            170   1.1e-10   40.8   0.6   1   4      0.49   3.5e+02    0.1   0.0    33    64    37    69    31    92 0.73 -
PSC75187.1           -            581 6375at3041           -            170   1.1e-10   40.8   0.6   2   4   0.00023      0.17   10.9   0.0   124   167   103   148    94   151 0.85 -
PSC75187.1           -            581 6375at3041           -            170   1.1e-10   40.8   0.6   3   4   2.4e-05     0.017   14.1   0.0   119   166   213   262   204   266 0.87 -
PSC75187.1           -            581 6375at3041           -            170   1.1e-10   40.8   0.6   4   4   0.00057      0.41    9.7   0.0   114   166   324   374   289   378 0.83 -
PSC69246.1           -            109 6375at3041           -            170     1e-08   34.4   0.1   1   2   0.00021      0.15   11.1   0.1    43    66     8    31     2    59 0.81 -
PSC69246.1           -            109 6375at3041           -            170     1e-08   34.4   0.1   2   2   1.1e-07   7.9e-05   21.8   0.0   123   166    62   107    52   108 0.84 -
PSC76101.1           -            569 6375at3041           -            170     1e-08   34.4   0.0   1   2      0.01       7.5    5.6   0.0    35    62   429   456   413   463 0.87 -
PSC76101.1           -            569 6375at3041           -            170     1e-08   34.4   0.0   2   2   5.4e-09   3.9e-06   26.0   0.2   114   147   493   526   461   539 0.68 -
PSC76904.1           -            242 6375at3041           -            170   4.3e-08   32.4   0.5   1   2     0.008       5.8    5.9   0.0    36    63    81   109    74   123 0.85 -
PSC76904.1           -            242 6375at3041           -            170   4.3e-08   32.4   0.5   2   2   2.5e-08   1.8e-05   23.9   0.7   115   167   149   206   140   209 0.79 -
PSC75469.1           -            378 6375at3041           -            170   5.9e-07   28.7   0.7   1   2      0.41     3e+02    0.4   0.0    39    63    26    50    15    81 0.65 -
PSC75469.1           -            378 6375at3041           -            170   5.9e-07   28.7   0.7   2   2   5.1e-09   3.7e-06   26.1   0.2   124   167    85   130    76   133 0.86 -
PSC68182.1           -            818 6375at3041           -            170   3.7e-06   26.1   2.8   1   4     0.016        11    5.0   0.0    37    93    84   134    75   141 0.71 -
PSC68182.1           -            818 6375at3041           -            170   3.7e-06   26.1   2.8   2   4   0.00018      0.13   11.3   0.4   114   145   137   171   134   176 0.83 -
PSC68182.1           -            818 6375at3041           -            170   3.7e-06   26.1   2.8   3   4    0.0034       2.4    7.2   0.1    49   130   283   477   255   502 0.75 -
PSC68182.1           -            818 6375at3041           -            170   3.7e-06   26.1   2.8   4   4       2.1   1.5e+03   -1.9   0.0   146   164   630   648   594   652 0.81 -
PSC71743.1           -            850 6375at3041           -            170   7.2e-05   21.9   0.1   1   2      0.72   5.2e+02   -0.4   0.0    32    64    51    83    29    88 0.81 -
PSC71743.1           -            850 6375at3041           -            170   7.2e-05   21.9   0.1   2   2   8.6e-07   0.00062   18.8   0.1   121   146   122   147   115   161 0.85 -
PSC69994.1           -           1815 6375at3041           -            170   7.7e-05   21.8   0.5   1   2       0.3   2.1e+02    0.8   0.1    12    66   303   357   290   373 0.69 -
PSC69994.1           -           1815 6375at3041           -            170   7.7e-05   21.8   0.5   2   2   1.2e-06   0.00087   18.4   0.0   124   168   389   435   379   437 0.87 -
PSC72563.1           -            268 6375at3041           -            170   0.00038   19.5   0.4   1   3       3.6   2.6e+03   -2.7   0.0    95   117    41    63    16    72 0.56 -
PSC72563.1           -            268 6375at3041           -            170   0.00038   19.5   0.4   2   3     0.095        69    2.4   0.0    35    64   144   173   135   186 0.85 -
PSC72563.1           -            268 6375at3041           -            170   0.00038   19.5   0.4   3   3   1.8e-05     0.013   14.6   0.0   125   166   208   250   200   253 0.79 -
PSC76880.1           -            212 6375at3041           -            170    0.0013   17.8   0.3   1   3       5.3   3.8e+03   -3.2   0.1    72    91    15    34    12    51 0.57 -
PSC76880.1           -            212 6375at3041           -            170    0.0013   17.8   0.3   2   3    0.0028         2    7.4   0.0    30    62    87   119    67   132 0.89 -
PSC76880.1           -            212 6375at3041           -            170    0.0013   17.8   0.3   3   3    0.0015       1.1    8.3   0.1   119   148   150   179   140   203 0.83 -
PSC73907.1           -            245 6375at3041           -            170    0.0027   16.8   0.0   1   2     0.026        19    4.3   0.0    33    63   109   139   103   145 0.87 -
PSC73907.1           -            245 6375at3041           -            170    0.0027   16.8   0.0   2   2   0.00041      0.29   10.1   0.0   121   159   180   218   168   227 0.85 -
PSC68033.1           -            194 6375at3041           -            170     0.012   14.7   0.3   1   2     0.022        15    4.5   0.0    37    65    75   103    63   110 0.90 -
PSC68033.1           -            194 6375at3041           -            170     0.012   14.7   0.3   2   2     0.002       1.5    7.9   0.4   122   146   137   161   108   187 0.82 -
#
# Program:         hmmsearch
# Version:         3.1b2 (February 2015)
# Pipeline mode:   SEARCH
# Query file:      /Users/catrionaharrison/Documents/Bioinformatics/rp2/Data/genomes/busco/busco_downloads/lineages/chlorophyta_odb10/hmms/6375at3041.hmm
# Target file:     /Users/catrionaharrison/Documents/Bioinformatics/rp2/Data/genomes/busco/data/micractinium_conductrix.prot.fasta
# Option settings: hmmsearch --domtblout /Users/catrionaharrison/Documents/Bioinformatics/rp2/Data/genomes/busco/Busco_conductrix/run_chlorophyta_odb10/hmmer_output/initial_run_results/6375at3041.out --cpu 1 /Users/catrionaharrison/Documents/Bioinformatics/rp2/Data/genomes/busco/busco_downloads/lineages/chlorophyta_odb10/hmms/6375at3041.hmm /Users/catrionaharrison/Documents/Bioinformatics/rp2/Data/genomes/busco/data/micractinium_conductrix.prot.fasta 
# Current dir:     /Users/catrionaharrison/Documents/Bioinformatics/rp2/Data/genomes/busco
# Date:            Fri Jul 22 15:20:35 2022
# [ok]
