#                                                                            --- full sequence --- -------------- this domain -------------   hmm coord   ali coord   env coord
# target name        accession   tlen query name           accession   qlen   E-value  score  bias   #  of  c-Evalue  i-Evalue  score  bias  from    to  from    to  from    to  acc description of target
#------------------- ---------- ----- -------------------- ---------- ----- --------- ------ ----- --- --- --------- --------- ------ ----- ----- ----- ----- ----- ----- ----- ---- ---------------------
PSC76443.1           -            598 6489at3041           -            249   3.6e-66  222.0   1.2   1   1   2.5e-66   2.1e-64  216.2   1.6    31   226     8   254     2   261 0.80 -
PSC70582.1           -           1174 6489at3041           -            249   1.2e-37  128.5  15.5   1   8    0.0041      0.35    9.1   0.0    48   108   218   279   201   285 0.78 -
PSC70582.1           -           1174 6489at3041           -            249   1.2e-37  128.5  15.5   2   8   4.4e-07   3.8e-05   22.1   0.1    69   119   285   334   280   338 0.88 -
PSC70582.1           -           1174 6489at3041           -            249   1.2e-37  128.5  15.5   3   8     1e-09   8.9e-08   30.7   1.0    68   142   326   404   323   412 0.85 -
PSC70582.1           -           1174 6489at3041           -            249   1.2e-37  128.5  15.5   4   8       8.2     7e+02   -1.7   0.0    85   108   446   469   442   476 0.82 -
PSC70582.1           -           1174 6489at3041           -            249   1.2e-37  128.5  15.5   5   8   2.5e-09   2.1e-07   29.5   0.1    48   147   555   665   552   677 0.77 -
PSC70582.1           -           1174 6489at3041           -            249   1.2e-37  128.5  15.5   6   8    0.0021      0.18   10.1   0.1    68   102   676   709   670   714 0.88 -
PSC70582.1           -           1174 6489at3041           -            249   1.2e-37  128.5  15.5   7   8   4.7e-11   4.1e-09   35.1   0.1    66   143   716   797   711   809 0.85 -
PSC70582.1           -           1174 6489at3041           -            249   1.2e-37  128.5  15.5   8   8    0.0085      0.73    8.1   0.1    88   149   779   846   777   856 0.71 -
PSC70581.1           -           1186 6489at3041           -            249   1.4e-37  128.4  15.5   1   8    0.0041      0.35    9.1   0.0    48   108   230   291   213   297 0.78 -
PSC70581.1           -           1186 6489at3041           -            249   1.4e-37  128.4  15.5   2   8   4.5e-07   3.9e-05   22.1   0.1    69   119   297   346   292   350 0.88 -
PSC70581.1           -           1186 6489at3041           -            249   1.4e-37  128.4  15.5   3   8     1e-09     9e-08   30.7   1.0    68   142   338   416   335   424 0.85 -
PSC70581.1           -           1186 6489at3041           -            249   1.4e-37  128.4  15.5   4   8       9.3     8e+02   -1.9   0.0    85   108   458   481   455   488 0.81 -
PSC70581.1           -           1186 6489at3041           -            249   1.4e-37  128.4  15.5   5   8   2.5e-09   2.2e-07   29.5   0.1    48   147   567   677   564   689 0.77 -
PSC70581.1           -           1186 6489at3041           -            249   1.4e-37  128.4  15.5   6   8    0.0021      0.18   10.1   0.1    68   102   688   721   682   726 0.88 -
PSC70581.1           -           1186 6489at3041           -            249   1.4e-37  128.4  15.5   7   8   4.8e-11   4.1e-09   35.1   0.1    66   143   728   809   723   821 0.85 -
PSC70581.1           -           1186 6489at3041           -            249   1.4e-37  128.4  15.5   8   8    0.0086      0.74    8.1   0.1    88   149   791   858   789   868 0.71 -
PSC67962.1           -           1012 6489at3041           -            249   3.8e-28   97.5  12.6   1   5   8.2e-10     7e-08   31.1   0.1    64   144   129   209   126   212 0.83 -
PSC67962.1           -           1012 6489at3041           -            249   3.8e-28   97.5  12.6   2   5   9.7e-09   8.4e-07   27.6   0.1    64   141   209   286   206   291 0.88 -
PSC67962.1           -           1012 6489at3041           -            249   3.8e-28   97.5  12.6   3   5   7.9e-06   0.00068   18.0   0.1    88   141   270   326   259   329 0.88 -
PSC67962.1           -           1012 6489at3041           -            249   3.8e-28   97.5  12.6   4   5   4.7e-08   4.1e-06   25.3   1.0    67   143   292   368   284   372 0.83 -
PSC67962.1           -           1012 6489at3041           -            249   3.8e-28   97.5  12.6   5   5   1.2e-06    0.0001   20.7   0.5    65   173   370   483   366   492 0.68 -
PSC68617.1           -           1241 6489at3041           -            249   1.9e-26   91.9   3.0   1   4   0.00016     0.014   13.7   0.0    74   140    11    81     4    86 0.56 -
PSC68617.1           -           1241 6489at3041           -            249   1.9e-26   91.9   3.0   2   4   1.3e-11   1.1e-09   37.0   0.3    68   144    89   169    85   175 0.81 -
PSC68617.1           -           1241 6489at3041           -            249   1.9e-26   91.9   3.0   3   4   8.3e-05    0.0071   14.7   0.0    61   104   201   243   198   249 0.88 -
PSC68617.1           -           1241 6489at3041           -            249   1.9e-26   91.9   3.0   4   4   3.6e-07   3.1e-05   22.4   0.1    66   115   250   298   244   344 0.76 -
PSC72149.1           -            358 6489at3041           -            249   2.7e-22   78.3   0.1   1   4   0.00044     0.038   12.3   0.0    66   104    59    96    54    99 0.89 -
PSC72149.1           -            358 6489at3041           -            249   2.7e-22   78.3   0.1   2   4   6.3e-08   5.4e-06   24.9   0.0    62   149    98   189    96   203 0.82 -
PSC72149.1           -            358 6489at3041           -            249   2.7e-22   78.3   0.1   3   4   6.1e-07   5.3e-05   21.7   0.0    48   115   207   280   200   288 0.83 -
PSC72149.1           -            358 6489at3041           -            249   2.7e-22   78.3   0.1   4   4     4e-05    0.0035   15.7   0.0    36   100   284   353   269   357 0.76 -
PSC74769.1           -            482 6489at3041           -            249   4.1e-22   77.7   7.1   1   6   2.1e-05    0.0018   16.7   0.1    55   116    99   160    87   184 0.80 -
PSC74769.1           -            482 6489at3041           -            249   4.1e-22   77.7   7.1   2   6   2.9e-07   2.5e-05   22.7   0.2    55   140   181   277   162   284 0.77 -
PSC74769.1           -            482 6489at3041           -            249   4.1e-22   77.7   7.1   3   6     0.017       1.5    7.1   0.1    86   122   260   295   246   304 0.81 -
PSC74769.1           -            482 6489at3041           -            249   4.1e-22   77.7   7.1   4   6       6.8   5.9e+02   -1.4   0.0    84   105   336   357   331   363 0.84 -
PSC74769.1           -            482 6489at3041           -            249   4.1e-22   77.7   7.1   5   6   3.8e-11   3.3e-09   35.4   0.1    68   142   364   442   355   447 0.88 -
PSC74769.1           -            482 6489at3041           -            249   4.1e-22   77.7   7.1   6   6      0.57        49    2.1   0.0    68   101   448   480   441   481 0.85 -
PSC69797.1           -            441 6489at3041           -            249   3.7e-21   74.6   6.9   1   6   2.9e-08   2.5e-06   26.0   0.0    66   141    69   155    57   160 0.75 -
PSC69797.1           -            441 6489at3041           -            249   3.7e-21   74.6   6.9   2   6   4.1e-06   0.00035   19.0   0.1    66   116   160   209   157   213 0.92 -
PSC69797.1           -            441 6489at3041           -            249   3.7e-21   74.6   6.9   3   6    0.0035      0.31    9.3   0.0    87   119   223   256   207   263 0.78 -
PSC69797.1           -            441 6489at3041           -            249   3.7e-21   74.6   6.9   4   6     0.025       2.2    6.5   0.1    89   145   271   336   253   345 0.53 -
PSC69797.1           -            441 6489at3041           -            249   3.7e-21   74.6   6.9   5   6   0.00043     0.037   12.3   0.1    64   113   339   387   336   391 0.87 -
PSC69797.1           -            441 6489at3041           -            249   3.7e-21   74.6   6.9   6   6      0.63        54    2.0   0.0    69    99   386   415   380   417 0.79 -
PSC74642.1           -           1040 6489at3041           -            249   1.4e-19   69.4   0.2   1   4      0.24        21    3.3   0.0    66   111     9    53     4    58 0.80 -
PSC74642.1           -           1040 6489at3041           -            249   1.4e-19   69.4   0.2   2   4   1.6e-10   1.3e-08   33.4   0.0    47   139    71   172    65   177 0.80 -
PSC74642.1           -           1040 6489at3041           -            249   1.4e-19   69.4   0.2   3   4     0.001     0.088   11.1   0.0    64   113   177   227   174   227 0.82 -
PSC74642.1           -           1040 6489at3041           -            249   1.4e-19   69.4   0.2   4   4   9.3e-08     8e-06   24.3   0.0    39   104   193   260   191   272 0.85 -
PSC67497.1           -            505 6489at3041           -            249   7.6e-19   67.0   6.9   1   5   1.1e-07   9.8e-06   24.1   0.1    66   141   188   267   185   273 0.83 -
PSC67497.1           -            505 6489at3041           -            249   7.6e-19   67.0   6.9   2   5   5.9e-06   0.00051   18.4   0.1    69   113   275   318   267   318 0.90 -
PSC67497.1           -            505 6489at3041           -            249   7.6e-19   67.0   6.9   3   5   7.4e-09   6.4e-07   27.9   0.2    66   125   314   369   311   388 0.79 -
PSC67497.1           -            505 6489at3041           -            249   7.6e-19   67.0   6.9   4   5       9.6   8.3e+02   -1.9   0.0   209   240   414   445   400   452 0.71 -
PSC67497.1           -            505 6489at3041           -            249   7.6e-19   67.0   6.9   5   5       3.8   3.3e+02   -0.6   0.0   123   140   466   483   454   492 0.74 -
PSC69723.1           -            525 6489at3041           -            249   1.1e-18   66.4   0.2   1   4       1.4   1.2e+02    0.8   0.0    65   101   252   296   231   302 0.64 -
PSC69723.1           -            525 6489at3041           -            249   1.1e-18   66.4   0.2   2   4   6.6e-11   5.7e-09   34.7   0.1    66   141   303   382   283   388 0.87 -
PSC69723.1           -            525 6489at3041           -            249   1.1e-18   66.4   0.2   3   4   1.1e-08   9.3e-07   27.4   0.0    51   137   369   463   367   464 0.83 -
PSC69723.1           -            525 6489at3041           -            249   1.1e-18   66.4   0.2   4   4   9.9e-05    0.0085   14.4   0.0    67   121   430   481   429   520 0.70 -
PSC67813.1           -            316 6489at3041           -            249   1.5e-18   66.0   5.6   1   4     0.011      0.95    7.7   0.0    66   104     9    48     4    54 0.79 -
PSC67813.1           -            316 6489at3041           -            249   1.5e-18   66.0   5.6   2   4   4.3e-09   3.7e-07   28.7   0.2    65   138    58   135    55   136 0.85 -
PSC67813.1           -            316 6489at3041           -            249   1.5e-18   66.0   5.6   3   4   3.8e-07   3.3e-05   22.3   0.4    69   141   104   184   103   186 0.73 -
PSC67813.1           -            316 6489at3041           -            249   1.5e-18   66.0   5.6   4   4   1.7e-05    0.0014   17.0   0.0    61   142   184   267   182   297 0.80 -
PSC75123.1           -           1298 6489at3041           -            249   1.8e-18   65.8   0.1   1   4       2.6   2.2e+02   -0.1   0.0    80   105   455   480   441   486 0.81 -
PSC75123.1           -           1298 6489at3041           -            249   1.8e-18   65.8   0.1   2   4     3e-07   2.6e-05   22.7   0.0    68   143   502   583   496   586 0.88 -
PSC75123.1           -           1298 6489at3041           -            249   1.8e-18   65.8   0.1   3   4   1.3e-09   1.1e-07   30.4   0.1    66   124   586   640   582   645 0.87 -
PSC75123.1           -           1298 6489at3041           -            249   1.8e-18   65.8   0.1   4   4   0.00044     0.038   12.3   0.0    66   141   628   708   627   717 0.78 -
PSC71489.1           -            387 6489at3041           -            249   2.1e-18   65.6   1.4   1   3   3.3e-14   2.9e-12   45.5   0.3    49   143    82   183    76   187 0.79 -
PSC71489.1           -            387 6489at3041           -            249   2.1e-18   65.6   1.4   2   3   1.8e-05    0.0015   16.8   0.0    46   113   163   235   162   282 0.76 -
PSC71489.1           -            387 6489at3041           -            249   2.1e-18   65.6   1.4   3   3     0.043       3.7    5.8   0.0    85   115   297   327   288   374 0.74 -
PSC67814.1           -            424 6489at3041           -            249   8.5e-18   63.6   5.4   1   4     0.017       1.4    7.1   0.0    66   104     9    48     4    54 0.79 -
PSC67814.1           -            424 6489at3041           -            249   8.5e-18   63.6   5.4   2   4   3.4e-09     3e-07   29.0   0.1    66   139    59   136    55   159 0.84 -
PSC67814.1           -            424 6489at3041           -            249   8.5e-18   63.6   5.4   3   4   5.1e-07   4.4e-05   21.9   0.3    69   141   104   184   102   186 0.73 -
PSC67814.1           -            424 6489at3041           -            249   8.5e-18   63.6   5.4   4   4   2.3e-05     0.002   16.5   0.1    60   142   183   267   181   297 0.81 -
PSC71246.1           -            985 6489at3041           -            249   9.2e-18   63.5  11.4   1   7   1.5e-06   0.00013   20.4   0.0    73   139    67   137    59   138 0.79 -
PSC71246.1           -            985 6489at3041           -            249   9.2e-18   63.5  11.4   2   7    0.0039      0.34    9.2   0.0    71   123   107   158   106   167 0.80 -
PSC71246.1           -            985 6489at3041           -            249   9.2e-18   63.5  11.4   3   7   0.00051     0.044   12.1   0.1    88   124   175   208   169   234 0.71 -
PSC71246.1           -            985 6489at3041           -            249   9.2e-18   63.5  11.4   4   7     0.014       1.2    7.4   0.0    67   112   453   496   437   502 0.82 -
PSC71246.1           -            985 6489at3041           -            249   9.2e-18   63.5  11.4   5   7      0.88        76    1.5   0.0    49   101   513   567   508   573 0.72 -
PSC71246.1           -            985 6489at3041           -            249   9.2e-18   63.5  11.4   6   7   0.00097     0.084   11.2   0.0    69   143   631   709   603   710 0.67 -
PSC71246.1           -            985 6489at3041           -            249   9.2e-18   63.5  11.4   7   7   0.00022     0.019   13.3   0.2    68   126   672   726   667   748 0.68 -
PSC74259.1           -            316 6489at3041           -            249     1e-17   63.3   0.3   1   4   4.1e-05    0.0035   15.7   0.0    61   113    23    74    20    74 0.88 -
PSC74259.1           -            316 6489at3041           -            249     1e-17   63.3   0.3   2   4   5.6e-11   4.8e-09   34.9   0.0    67   155    71   167    67   188 0.81 -
PSC74259.1           -            316 6489at3041           -            249     1e-17   63.3   0.3   3   4      0.93        80    1.4   0.0   228   248   204   224   168   225 0.80 -
PSC74259.1           -            316 6489at3041           -            249     1e-17   63.3   0.3   4   4     0.011      0.98    7.7   0.0    59   100   274   314   265   315 0.86 -
PSC67992.1           -            555 6489at3041           -            249   1.1e-17   63.2   0.8   1   3   1.2e-07     1e-05   24.0   0.2    69   140    95   170    75   175 0.75 -
PSC67992.1           -            555 6489at3041           -            249   1.1e-17   63.2   0.8   2   3   3.2e-06   0.00028   19.3   0.0    68   141   178   256   171   259 0.82 -
PSC67992.1           -            555 6489at3041           -            249   1.1e-17   63.2   0.8   3   3   5.5e-07   4.7e-05   21.8   0.0    47   140   239   339   236   349 0.85 -
PSC67619.1           -           1096 6489at3041           -            249   1.9e-17   62.4  18.1   1   9       4.1   3.6e+02   -0.7   0.0    33   103   109   139   105   154 0.61 -
PSC67619.1           -           1096 6489at3041           -            249   1.9e-17   62.4  18.1   2   9    0.0002     0.017   13.5   0.1    66   138   259   336   252   344 0.83 -
PSC67619.1           -           1096 6489at3041           -            249   1.9e-17   62.4  18.1   3   9     0.018       1.5    7.1   0.1    84   117   363   395   341   399 0.74 -
PSC67619.1           -           1096 6489at3041           -            249   1.9e-17   62.4  18.1   4   9       4.1   3.6e+02   -0.7   0.0    33   103   448   478   444   493 0.61 -
PSC67619.1           -           1096 6489at3041           -            249   1.9e-17   62.4  18.1   5   9    0.0002     0.017   13.5   0.1    66   138   598   675   591   683 0.83 -
PSC67619.1           -           1096 6489at3041           -            249   1.9e-17   62.4  18.1   6   9     0.018       1.5    7.1   0.1    84   117   702   734   680   738 0.74 -
PSC67619.1           -           1096 6489at3041           -            249   1.9e-17   62.4  18.1   7   9       4.1   3.6e+02   -0.7   0.0    33   103   787   817   783   832 0.61 -
PSC67619.1           -           1096 6489at3041           -            249   1.9e-17   62.4  18.1   8   9    0.0002     0.017   13.4   0.1    66   138   937  1014   932  1022 0.82 -
PSC67619.1           -           1096 6489at3041           -            249   1.9e-17   62.4  18.1   9   9   0.00075     0.065   11.5   0.1    84   110  1041  1067  1022  1073 0.81 -
PSC68551.1           -            317 6489at3041           -            249   4.4e-17   61.2   2.9   1   3   2.6e-05    0.0022   16.3   0.0    78   140    64   135    56   143 0.83 -
PSC68551.1           -            317 6489at3041           -            249   4.4e-17   61.2   2.9   2   3     8e-08   6.9e-06   24.5   0.1    69   143   144   224   138   229 0.84 -
PSC68551.1           -            317 6489at3041           -            249   4.4e-17   61.2   2.9   3   3   1.1e-05   0.00098   17.5   0.1    67   104   229   266   222   315 0.75 -
PSC67815.1           -            864 6489at3041           -            249   1.1e-16   59.9   4.5   1   4      0.04       3.4    5.9   0.0    66   104     9    48     4    54 0.79 -
PSC67815.1           -            864 6489at3041           -            249   1.1e-16   59.9   4.5   2   4   1.9e-08   1.6e-06   26.6   0.2    66   138    59   135    55   136 0.84 -
PSC67815.1           -            864 6489at3041           -            249   1.1e-16   59.9   4.5   3   4   1.5e-06   0.00013   20.4   0.2    69   141   104   184   103   186 0.73 -
PSC67815.1           -            864 6489at3041           -            249   1.1e-16   59.9   4.5   4   4   5.3e-05    0.0046   15.3   0.0    61   143   184   268   182   325 0.75 -
PSC70372.1           -           1705 6489at3041           -            249   1.7e-16   59.3   3.9   1   4   2.1e-06   0.00018   19.9   0.1    68   140   172   248   155   253 0.81 -
PSC70372.1           -           1705 6489at3041           -            249   1.7e-16   59.3   3.9   2   4   0.00039     0.034   12.5   0.0    66   105   259   298   256   305 0.91 -
PSC70372.1           -           1705 6489at3041           -            249   1.7e-16   59.3   3.9   3   4      0.11       9.8    4.4   0.0    69   101   622   653   617   658 0.70 -
PSC70372.1           -           1705 6489at3041           -            249   1.7e-16   59.3   3.9   4   4   2.1e-06   0.00018   19.9   0.0    53   111   712   773   698   780 0.81 -
PSC74299.1           -            314 6489at3041           -            249   8.9e-16   56.9   4.9   1   6    0.0012       0.1   10.9   0.0    86   121     5    40     2    67 0.79 -
PSC74299.1           -            314 6489at3041           -            249   8.9e-16   56.9   4.9   2   6     0.019       1.6    7.0   0.0    69   105    74   109    43   120 0.53 -
PSC74299.1           -            314 6489at3041           -            249   8.9e-16   56.9   4.9   3   6     0.006      0.52    8.6   0.0    74   108   120   153   115   162 0.86 -
PSC74299.1           -            314 6489at3041           -            249   8.9e-16   56.9   4.9   4   6      0.13        11    4.2   0.1   227   248   163   184   157   185 0.90 -
PSC74299.1           -            314 6489at3041           -            249   8.9e-16   56.9   4.9   5   6      0.02       1.7    6.9   0.0    70   103   208   240   200   244 0.75 -
PSC74299.1           -            314 6489at3041           -            249   8.9e-16   56.9   4.9   6   6   2.5e-05    0.0022   16.4   0.1    66   115   246   294   241   302 0.87 -
PSC76625.1           -            443 6489at3041           -            249   1.7e-15   56.0   0.6   1   4      0.28        24    3.1   0.0    13    32    58    77    39    89 0.79 -
PSC76625.1           -            443 6489at3041           -            249   1.7e-15   56.0   0.6   2   4   2.5e-13   2.1e-11   42.6   0.0    46   114   121   192   117   196 0.86 -
PSC76625.1           -            443 6489at3041           -            249   1.7e-15   56.0   0.6   3   4       3.2   2.8e+02   -0.3   0.0   212   234   204   226   201   238 0.74 -
PSC76625.1           -            443 6489at3041           -            249   1.7e-15   56.0   0.6   4   4      0.14        12    4.1   0.0   164   191   263   292   257   295 0.79 -
PSC69028.1           -            615 6489at3041           -            249   6.2e-15   54.2   4.6   1   4     0.034       2.9    6.1   0.0    66   103   182   218   154   222 0.74 -
PSC69028.1           -            615 6489at3041           -            249   6.2e-15   54.2   4.6   2   4   1.1e-09   9.7e-08   30.6   0.1    61   116   219   273   216   278 0.92 -
PSC69028.1           -            615 6489at3041           -            249   6.2e-15   54.2   4.6   3   4    0.0033      0.29    9.4   0.1    81   114   280   313   269   314 0.79 -
PSC69028.1           -            615 6489at3041           -            249   6.2e-15   54.2   4.6   4   4   8.5e-05    0.0073   14.6   0.3    48   115   287   357   284   396 0.69 -
PSC75373.1           -            472 6489at3041           -            249   6.6e-15   54.1   4.8   1   3   0.00012     0.011   14.1   0.0    67   104   126   162   117   174 0.87 -
PSC75373.1           -            472 6489at3041           -            249   6.6e-15   54.1   4.8   2   3   6.8e-05    0.0059   15.0   0.1    85   147   196   262   188   282 0.78 -
PSC75373.1           -            472 6489at3041           -            249   6.6e-15   54.1   4.8   3   3     1e-06   8.6e-05   21.0   0.4    68   141   305   385   279   471 0.82 -
PSC71046.1           -           1453 6489at3041           -            249   7.2e-15   54.0   1.6   1   4   1.4e-05    0.0012   17.2   0.0    60   140   438   517   426   530 0.82 -
PSC71046.1           -           1453 6489at3041           -            249   7.2e-15   54.0   1.6   2   4   1.9e-06   0.00016   20.1   0.2    86   142   675   734   660   741 0.79 -
PSC71046.1           -           1453 6489at3041           -            249   7.2e-15   54.0   1.6   3   4   0.00046     0.039   12.2   0.0    85   124   714   750   712   754 0.89 -
PSC71046.1           -           1453 6489at3041           -            249   7.2e-15   54.0   1.6   4   4   0.00096     0.082   11.2   0.0    85   144   813   879   809   885 0.76 -
PSC71260.1           -            466 6489at3041           -            249   7.8e-15   53.9   3.1   1   3   0.00041     0.036   12.4   0.1    70   106   166   202   158   211 0.91 -
PSC71260.1           -            466 6489at3041           -            249   7.8e-15   53.9   3.1   2   3   7.7e-11   6.6e-09   34.4   0.3    65   152   271   365   215   375 0.68 -
PSC71260.1           -            466 6489at3041           -            249   7.8e-15   53.9   3.1   3   3     0.027       2.3    6.5   0.0    71   103   367   399   361   403 0.88 -
PSC67099.1           -            525 6489at3041           -            249   9.7e-15   53.6   2.5   1   3   2.1e-08   1.8e-06   26.5   0.0    68   141   232   311   226   317 0.86 -
PSC67099.1           -            525 6489at3041           -            249   9.7e-15   53.6   2.5   2   3   8.1e-08     7e-06   24.5   0.7    72   227   321   482   311   502 0.78 -
PSC67099.1           -            525 6489at3041           -            249   9.7e-15   53.6   2.5   3   3      0.31        27    3.0   0.3    44   100   463   523   445   524 0.65 -
PSC71192.1           -            416 6489at3041           -            249   3.8e-14   51.6   2.3   1   4      0.16        14    3.9   0.0    68   106   176   214   169   220 0.83 -
PSC71192.1           -            416 6489at3041           -            249   3.8e-14   51.6   2.3   2   4   0.00042     0.037   12.4   0.1    66   104   225   263   220   269 0.92 -
PSC71192.1           -            416 6489at3041           -            249   3.8e-14   51.6   2.3   3   4   6.2e-09   5.3e-07   28.2   0.0    62   144   267   356   263   363 0.77 -
PSC71192.1           -            416 6489at3041           -            249   3.8e-14   51.6   2.3   4   4      0.15        13    4.0   0.1    69   102   375   408   369   412 0.90 -
PSC74587.1           -            739 6489at3041           -            249   8.4e-14   50.5   5.2   1   5   2.7e-07   2.4e-05   22.8   0.1    26   106   279   361   266   369 0.80 -
PSC74587.1           -            739 6489at3041           -            249   8.4e-14   50.5   5.2   2   5   2.5e-05    0.0022   16.4   0.6    51   118   402   468   383   482 0.76 -
PSC74587.1           -            739 6489at3041           -            249   8.4e-14   50.5   5.2   3   5       9.5   8.2e+02   -1.9   0.0   217   238   518   539   510   543 0.82 -
PSC74587.1           -            739 6489at3041           -            249   8.4e-14   50.5   5.2   4   5       1.9   1.6e+02    0.4   0.0    85   106   595   616   591   626 0.81 -
PSC74587.1           -            739 6489at3041           -            249   8.4e-14   50.5   5.2   5   5    0.0063      0.54    8.5   0.0    47   103   679   736   673   738 0.81 -
PSC74579.1           -            843 6489at3041           -            249   4.8e-13   48.0   0.0   1   4      0.24        21    3.3   0.0    68   103   397   431   382   439 0.70 -
PSC74579.1           -            843 6489at3041           -            249   4.8e-13   48.0   0.0   2   4     1e-06     9e-05   20.9   0.0    56   112   494   548   489   551 0.88 -
PSC74579.1           -            843 6489at3041           -            249   4.8e-13   48.0   0.0   3   4   9.6e-05    0.0083   14.5   0.0    71   108   549   586   546   593 0.90 -
PSC74579.1           -            843 6489at3041           -            249   4.8e-13   48.0   0.0   4   4      0.15        13    4.0   0.0    61   108   633   680   630   721 0.76 -
PSC75478.1           -           1839 6489at3041           -            249     6e-13   47.7   0.1   1   3     0.039       3.3    5.9   0.0   184   232   611   660   605   669 0.77 -
PSC75478.1           -           1839 6489at3041           -            249     6e-13   47.7   0.1   2   3    0.0014      0.12   10.7   0.0    63   112   713   760   711   768 0.86 -
PSC75478.1           -           1839 6489at3041           -            249     6e-13   47.7   0.1   3   3   2.6e-08   2.2e-06   26.1   0.0    67   106   934   973   909   995 0.83 -
PSC75649.1           -            807 6489at3041           -            249   8.9e-13   47.1   5.4   1   6    0.0035       0.3    9.4   0.0    67   102     9    42     3    98 0.78 -
PSC75649.1           -            807 6489at3041           -            249   8.9e-13   47.1   5.4   2   6   1.4e-05    0.0012   17.2   0.1    65   138    51   134    46   138 0.79 -
PSC75649.1           -            807 6489at3041           -            249   8.9e-13   47.1   5.4   3   6   5.6e-06   0.00048   18.5   0.3    66   139   101   174    80   184 0.73 -
PSC75649.1           -            807 6489at3041           -            249   8.9e-13   47.1   5.4   4   6    0.0029      0.25    9.6   0.1    66   140   140   214   135   217 0.66 -
PSC75649.1           -            807 6489at3041           -            249   8.9e-13   47.1   5.4   5   6   0.00013     0.011   14.1   0.3    67   140   180   254   175   267 0.77 -
PSC75649.1           -            807 6489at3041           -            249   8.9e-13   47.1   5.4   6   6     0.008      0.69    8.2   0.1    69   144   222   297   219   308 0.71 -
PSC71637.1           -            490 6489at3041           -            249     4e-12   45.0   3.4   1   4     0.013       1.2    7.4   0.1    71   106   110   145   100   211 0.87 -
PSC71637.1           -            490 6489at3041           -            249     4e-12   45.0   3.4   2   4   0.00031     0.027   12.8   0.0    67   105   228   266   212   271 0.92 -
PSC71637.1           -            490 6489at3041           -            249     4e-12   45.0   3.4   3   4   0.00035      0.03   12.6   0.1    66   104   272   311   268   317 0.86 -
PSC71637.1           -            490 6489at3041           -            249     4e-12   45.0   3.4   4   4     0.011      0.94    7.7   0.0    70   108   321   359   314   368 0.91 -
PSC76836.1           -           1054 6489at3041           -            249   1.9e-11   42.7   0.2   1   4       2.6   2.2e+02   -0.1   0.0    86   146    69   132    54   146 0.63 -
PSC76836.1           -           1054 6489at3041           -            249   1.9e-11   42.7   0.2   2   4       1.3   1.1e+02    1.0   0.0    80   114   147   182   139   191 0.80 -
PSC76836.1           -           1054 6489at3041           -            249   1.9e-11   42.7   0.2   3   4      0.04       3.4    5.9   0.0   123   150   306   333   260   348 0.65 -
PSC76836.1           -           1054 6489at3041           -            249   1.9e-11   42.7   0.2   4   4   3.4e-09     3e-07   29.0   0.1    46   140   539   639   532   648 0.86 -
PSC68890.1           -           1140 6489at3041           -            249   2.6e-11   42.3   5.4   1   4    0.0062      0.53    8.5   0.2    66   103    10    46     6    92 0.86 -
PSC68890.1           -           1140 6489at3041           -            249   2.6e-11   42.3   5.4   2   4    0.0011     0.091   11.1   0.1    66   102   102   137    54   142 0.83 -
PSC68890.1           -           1140 6489at3041           -            249   2.6e-11   42.3   5.4   3   4   8.8e-05    0.0075   14.6   0.0    66   119   102   154    96   155 0.90 -
PSC68890.1           -           1140 6489at3041           -            249   2.6e-11   42.3   5.4   4   4   3.5e-07     3e-05   22.5   0.2    67   141   148   231   143   243 0.80 -
PSC74641.1           -            621 6489at3041           -            249   3.7e-11   41.8   0.1   1   3   6.9e-05     0.006   14.9   0.0    47   104   226   285   222   300 0.77 -
PSC74641.1           -            621 6489at3041           -            249   3.7e-11   41.8   0.1   2   3     0.043       3.7    5.8   0.0    73   114   299   339   288   345 0.81 -
PSC74641.1           -            621 6489at3041           -            249   3.7e-11   41.8   0.1   3   3   1.8e-05    0.0016   16.8   0.0    80   144   352   419   341   435 0.78 -
PSC74984.1           -            676 6489at3041           -            249   5.1e-11   41.4   0.4   1   3    0.0091      0.78    8.0   0.1    70   103    12    45     4    98 0.70 -
PSC74984.1           -            676 6489at3041           -            249   5.1e-11   41.4   0.4   2   3     2e-05    0.0017   16.7   0.0    34   115   163   250   133   252 0.74 -
PSC74984.1           -            676 6489at3041           -            249   5.1e-11   41.4   0.4   3   3   2.8e-05    0.0024   16.2   0.0    67   112   245   289   236   304 0.86 -
PSC71593.1           -           2061 6489at3041           -            249   7.4e-11   40.8   0.2   1   3   6.6e-06   0.00056   18.3   0.1    71   144  1395  1473  1386  1495 0.82 -
PSC71593.1           -           2061 6489at3041           -            249   7.4e-11   40.8   0.2   2   3      0.53        45    2.2   0.0   124   145  1526  1547  1520  1557 0.86 -
PSC71593.1           -           2061 6489at3041           -            249   7.4e-11   40.8   0.2   3   3   3.7e-05    0.0032   15.8   0.0    62   105  1652  1695  1616  1701 0.84 -
PSC74135.1           -            522 6489at3041           -            249   8.1e-11   40.7   2.3   1   3   4.7e-06    0.0004   18.8   0.1    65   109   118   161    94   169 0.87 -
PSC74135.1           -            522 6489at3041           -            249   8.1e-11   40.7   2.3   2   3    0.0022      0.19   10.0   0.0    86   123   221   258   182   268 0.79 -
PSC74135.1           -            522 6489at3041           -            249   8.1e-11   40.7   2.3   3   3    0.0037      0.32    9.3   0.0    86   116   284   314   277   332 0.87 -
PSC73673.1           -            914 6489at3041           -            249   8.4e-11   40.6   2.1   1   3      0.26        23    3.2   0.0    88   114   622   648   605   658 0.71 -
PSC73673.1           -            914 6489at3041           -            249   8.4e-11   40.6   2.1   2   3     2e-10   1.8e-08   33.0   0.4    47   146   663   769   656   780 0.88 -
PSC73673.1           -            914 6489at3041           -            249   8.4e-11   40.6   2.1   3   3       1.2     1e+02    1.0   0.0    48   107   791   856   776   873 0.60 -
PSC70882.1           -            380 6489at3041           -            249   1.4e-10   40.0   2.5   1   3   1.2e-06    0.0001   20.7   0.2    66   144     4    86     1   102 0.84 -
PSC70882.1           -            380 6489at3041           -            249   1.4e-10   40.0   2.5   2   3    0.0012      0.11   10.8   0.2    88   141   161   219   141   245 0.64 -
PSC70882.1           -            380 6489at3041           -            249   1.4e-10   40.0   2.5   3   3     0.076       6.5    5.0   0.0    68   104   281   316   269   324 0.84 -
PSC73533.1           -            789 6489at3041           -            249   1.7e-10   39.6   6.7   1   3   0.00018     0.015   13.6   0.3    69   140    20    95    10   101 0.78 -
PSC73533.1           -            789 6489at3041           -            249   1.7e-10   39.6   6.7   2   3   0.00069      0.06   11.7   0.2    67   144    59   142    55   171 0.72 -
PSC73533.1           -            789 6489at3041           -            249   1.7e-10   39.6   6.7   3   3     2e-08   1.7e-06   26.5   0.2    47   121   176   249   145   271 0.76 -
PSC71591.1           -           1052 6489at3041           -            249   5.7e-10   37.9   0.0   1   3     0.012       1.1    7.6   0.0    74   106   712   743   707   772 0.85 -
PSC71591.1           -           1052 6489at3041           -            249   5.7e-10   37.9   0.0   2   3   3.3e-06   0.00028   19.3   0.0    67   112   792   836   773   842 0.88 -
PSC71591.1           -           1052 6489at3041           -            249   5.7e-10   37.9   0.0   3   3     0.023         2    6.7   0.0    48   116   900   974   879   979 0.78 -
PSC74415.1           -            769 6489at3041           -            249   9.3e-10   37.2   1.3   1   4    0.0001    0.0087   14.4   0.0    46   110    74   140    48   142 0.79 -
PSC74415.1           -            769 6489at3041           -            249   9.3e-10   37.2   1.3   2   4   1.3e-07   1.1e-05   23.9   0.2    48   112   118   185   115   215 0.81 -
PSC74415.1           -            769 6489at3041           -            249   9.3e-10   37.2   1.3   3   4     0.085       7.3    4.8   0.1    70   139   185   261   183   287 0.61 -
PSC74415.1           -            769 6489at3041           -            249   9.3e-10   37.2   1.3   4   4       1.4   1.2e+02    0.9   0.0    46    85   245   286   240   301 0.66 -
PSC71368.1           -           1233 6489at3041           -            249     2e-09   36.1   0.0   1   3     2e-06   0.00017   20.0   0.0    71   140    64   138    55   142 0.87 -
PSC71368.1           -           1233 6489at3041           -            249     2e-09   36.1   0.0   2   3     0.019       1.6    6.9   0.0    73   109   201   237   176   287 0.81 -
PSC71368.1           -           1233 6489at3041           -            249     2e-09   36.1   0.0   3   3      0.11       9.7    4.4   0.0    74   142   288   361   277   374 0.72 -
PSC76831.1           -           1284 6489at3041           -            249   2.8e-09   35.7   0.3   1   8      0.34        29    2.8   0.0    66   103   168   205   164   216 0.86 -
PSC76831.1           -           1284 6489at3041           -            249   2.8e-09   35.7   0.3   2   8       2.3   1.9e+02    0.2   0.0    88   112   235   259   221   266 0.84 -
PSC76831.1           -           1284 6489at3041           -            249   2.8e-09   35.7   0.3   3   8      0.11       9.6    4.4   0.0    67   104   314   353   289   365 0.79 -
PSC76831.1           -           1284 6489at3041           -            249   2.8e-09   35.7   0.3   4   8     0.051       4.4    5.5   0.0    69   101   382   414   375   420 0.91 -
PSC76831.1           -           1284 6489at3041           -            249   2.8e-09   35.7   0.3   5   8      0.46        40    2.4   0.0    67   103   799   835   794   844 0.85 -
PSC76831.1           -           1284 6489at3041           -            249   2.8e-09   35.7   0.3   6   8       3.5   3.1e+02   -0.5   0.0    89   117   866   894   850   898 0.80 -
PSC76831.1           -           1284 6489at3041           -            249   2.8e-09   35.7   0.3   7   8     0.074       6.3    5.0   0.0    66   104   939   979   914   991 0.75 -
PSC76831.1           -           1284 6489at3041           -            249   2.8e-09   35.7   0.3   8   8      0.52        45    2.2   0.0    70   101  1009  1040  1001  1046 0.87 -
PSC69213.1           -           1148 6489at3041           -            249   3.2e-09   35.5   5.1   1   5       2.5   2.1e+02    0.0   0.0    71   100   169   201   136   217 0.47 -
PSC69213.1           -           1148 6489at3041           -            249   3.2e-09   35.5   5.1   2   5      0.29        25    3.1   0.0    65   102   217   253   184   268 0.79 -
PSC69213.1           -           1148 6489at3041           -            249   3.2e-09   35.5   5.1   3   5    0.0059      0.51    8.6   0.2    68   105   297   332   285   341 0.78 -
PSC69213.1           -           1148 6489at3041           -            249   3.2e-09   35.5   5.1   4   5       1.5   1.3e+02    0.7   0.0    70   104   339   373   333   383 0.89 -
PSC69213.1           -           1148 6489at3041           -            249   3.2e-09   35.5   5.1   5   5   1.2e-06    0.0001   20.7   0.1    68   116   384   432   355   484 0.76 -
PSC69138.1           -            331 6489at3041           -            249   3.2e-09   35.5   0.0   1   3    0.0012      0.11   10.8   0.1    67   142    13    95     7   107 0.70 -
PSC69138.1           -            331 6489at3041           -            249   3.2e-09   35.5   0.0   2   3    0.0051      0.44    8.8   0.0    69   144    60   140    58   150 0.62 -
PSC69138.1           -            331 6489at3041           -            249   3.2e-09   35.5   0.0   3   3   1.3e-05    0.0011   17.3   0.0    61   147   219   312   200   318 0.77 -
PSC73677.1           -            478 6489at3041           -            249   3.7e-09   35.3   1.2   1   5      0.47        40    2.4   0.0    67   105    12    50     2    70 0.82 -
PSC73677.1           -            478 6489at3041           -            249   3.7e-09   35.3   1.2   2   5    0.0035       0.3    9.3   0.0    71   111   110   150    99   169 0.71 -
PSC73677.1           -            478 6489at3041           -            249   3.7e-09   35.3   1.2   3   5   0.00013     0.011   14.1   0.1    50   112   173   238   162   247 0.77 -
PSC73677.1           -            478 6489at3041           -            249   3.7e-09   35.3   1.2   4   5      0.17        14    3.8   0.0   126   154   352   380   346   391 0.89 -
PSC73677.1           -            478 6489at3041           -            249   3.7e-09   35.3   1.2   5   5       9.9   8.5e+02   -2.0   0.0   167   178   425   436   418   464 0.57 -
PSC69091.1           -            790 6489at3041           -            249   6.8e-09   34.4   1.8   1   3    0.0016      0.14   10.5   0.1   199   235   130   166   117   179 0.83 -
PSC69091.1           -            790 6489at3041           -            249   6.8e-09   34.4   1.8   2   3      0.39        33    2.7   0.0    66   106   218   257   214   263 0.88 -
PSC69091.1           -            790 6489at3041           -            249   6.8e-09   34.4   1.8   3   3   5.4e-05    0.0046   15.3   0.0    67   123   265   320   258   330 0.73 -
PSC71110.1           -            577 6489at3041           -            249   6.9e-09   34.4   0.6   1   3   6.4e-06   0.00055   18.3   0.1    63   109    57   104    25   114 0.84 -
PSC71110.1           -            577 6489at3041           -            249   6.9e-09   34.4   0.6   2   3      0.38        33    2.7   0.0    43    81   116   159   107   172 0.78 -
PSC71110.1           -            577 6489at3041           -            249   6.9e-09   34.4   0.6   3   3   0.00065     0.056   11.8   0.1    30   111   148   230   126   243 0.75 -
PSC75544.1           -            460 6489at3041           -            249   7.4e-09   34.3   3.4   1   4   6.3e-05    0.0054   15.1   0.1    68   113   132   176   125   215 0.74 -
PSC75544.1           -            460 6489at3041           -            249   7.4e-09   34.3   3.4   2   4   6.4e-05    0.0055   15.0   0.2    68   141   217   298   193   326 0.69 -
PSC75544.1           -            460 6489at3041           -            249   7.4e-09   34.3   3.4   3   4      0.41        35    2.6   0.0   125   151   327   353   290   365 0.74 -
PSC75544.1           -            460 6489at3041           -            249   7.4e-09   34.3   3.4   4   4       4.4   3.8e+02   -0.8   0.0   117   117   422   422   376   450 0.51 -
PSC72139.1           -            587 6489at3041           -            249     9e-09   34.0   1.3   1   2   0.00061     0.052   11.8   0.0    66   110   387   430   383   431 0.88 -
PSC72139.1           -            587 6489at3041           -            249     9e-09   34.0   1.3   2   2   7.9e-07   6.8e-05   21.3   0.3    66   115   429   477   424   482 0.89 -
PSC68064.1           -            644 6489at3041           -            249   2.1e-08   32.8   0.1   1   2   1.3e-08   1.2e-06   27.1   0.1    42   227   341   542   332   552 0.66 -
PSC68064.1           -            644 6489at3041           -            249   2.1e-08   32.8   0.1   2   2      0.66        56    1.9   0.0    71   101   555   584   531   588 0.81 -
PSC72285.1           -            621 6489at3041           -            249   2.8e-08   32.4   2.2   1   3     0.024       2.1    6.6   0.2    63   104   241   281   213   332 0.76 -
PSC72285.1           -            621 6489at3041           -            249   2.8e-08   32.4   2.2   2   3       7.5   6.5e+02   -1.6   0.0   115   139   463   487   419   489 0.56 -
PSC72285.1           -            621 6489at3041           -            249   2.8e-08   32.4   2.2   3   3   3.8e-07   3.3e-05   22.3   0.1    67   101   578   612   553   617 0.80 -
PSC76416.1           -            763 6489at3041           -            249   3.6e-08   32.0   0.5   1   3   0.00032     0.027   12.8   0.0    46   140   251   351   226   360 0.79 -
PSC76416.1           -            763 6489at3041           -            249   3.6e-08   32.0   0.5   2   3    0.0047       0.4    8.9   0.1    69   138   360   437   350   444 0.69 -
PSC76416.1           -            763 6489at3041           -            249   3.6e-08   32.0   0.5   3   3     0.018       1.6    7.0   0.0    66   101   445   479   439   485 0.86 -
PSC73154.1           -           1574 6489at3041           -            249   1.2e-07   30.3   0.3   1   2       1.4   1.2e+02    0.9   0.0    77   105  1165  1194  1152  1197 0.78 -
PSC73154.1           -           1574 6489at3041           -            249   1.2e-07   30.3   0.3   2   2   2.6e-08   2.2e-06   26.2   0.1    68   138  1390  1469  1386  1475 0.74 -
PSC70979.1           -            728 6489at3041           -            249   1.4e-07   30.1   0.3   1   1   2.1e-08   1.8e-06   26.5   0.2    48   199   401   554   390   571 0.75 -
PSC70981.1           -            974 6489at3041           -            249   2.6e-07   29.2   0.2   1   1   4.2e-08   3.6e-06   25.5   0.2    48   197   647   798   636   806 0.74 -
PSC71497.1           -            575 6489at3041           -            249   4.3e-07   28.5   3.9   1   2    0.0019      0.16   10.2   0.4    93   117    79   103    50   135 0.78 -
PSC71497.1           -            575 6489at3041           -            249   4.3e-07   28.5   3.9   2   2   1.7e-05    0.0014   16.9   0.1    68   142   287   363   266   377 0.72 -
PSC69674.1           -            630 6489at3041           -            249   5.5e-07   28.2   0.7   1   4     7e-05     0.006   14.9   0.0    64   123    32    88    19   113 0.85 -
PSC69674.1           -            630 6489at3041           -            249   5.5e-07   28.2   0.7   2   4       7.9   6.8e+02   -1.6   0.0    67   103   127   163    97   180 0.76 -
PSC69674.1           -            630 6489at3041           -            249   5.5e-07   28.2   0.7   3   4       3.4   2.9e+02   -0.4   0.0    74   102   183   210   146   213 0.75 -
PSC69674.1           -            630 6489at3041           -            249   5.5e-07   28.2   0.7   4   4    0.0072      0.62    8.3   0.0    74   138   477   548   465   564 0.71 -
PSC75476.1           -            833 6489at3041           -            249   5.7e-07   28.1   0.0   1   1   1.2e-08     1e-06   27.2   0.0    50   109    74   135    55   155 0.80 -
PSC75018.1           -            929 6489at3041           -            249     8e-07   27.6   0.1   1   4       1.1        98    1.1   0.0    64   102   142   179   135   193 0.83 -
PSC75018.1           -            929 6489at3041           -            249     8e-07   27.6   0.1   2   4   6.3e-06   0.00054   18.3   0.0    47   155   230   342   223   352 0.79 -
PSC75018.1           -            929 6489at3041           -            249     8e-07   27.6   0.1   3   4      0.49        42    2.3   0.0    89   118   355   384   351   386 0.89 -
PSC75018.1           -            929 6489at3041           -            249     8e-07   27.6   0.1   4   4       7.6   6.6e+02   -1.6   0.0    87   102   416   431   412   437 0.59 -
PSC69661.1           -           2031 6489at3041           -            249     8e-07   27.6   0.2   1   2     0.013       1.1    7.5   0.0    83   124  1790  1829  1771  1835 0.78 -
PSC69661.1           -           2031 6489at3041           -            249     8e-07   27.6   0.2   2   2   2.3e-05     0.002   16.5   0.0    48   105  1838  1897  1835  1908 0.59 -
PSC69662.1           -           2032 6489at3041           -            249     8e-07   27.6   0.2   1   2     0.013       1.1    7.5   0.0    83   124  1791  1830  1772  1836 0.78 -
PSC69662.1           -           2032 6489at3041           -            249     8e-07   27.6   0.2   2   2   2.3e-05     0.002   16.5   0.0    48   105  1839  1898  1836  1909 0.59 -
PSC72035.1           -            305 6489at3041           -            249   9.4e-07   27.4   3.3   1   4   8.3e-05    0.0072   14.7   0.1    67   138    11    90     3   105 0.74 -
PSC72035.1           -            305 6489at3041           -            249   9.4e-07   27.4   3.3   2   4      0.67        57    1.9   0.0    71    99   106   135    91   153 0.78 -
PSC72035.1           -            305 6489at3041           -            249   9.4e-07   27.4   3.3   3   4      0.21        18    3.6   0.0   124   141   183   200   179   207 0.82 -
PSC72035.1           -            305 6489at3041           -            249   9.4e-07   27.4   3.3   4   4     0.099       8.6    4.6   0.0    65   102   209   249   206   255 0.76 -
PSC72392.1           -           1576 6489at3041           -            249   1.5e-06   26.8   0.8   1   2   0.00067     0.058   11.7   0.1    71   121   300   347   297   375 0.82 -
PSC72392.1           -           1576 6489at3041           -            249   1.5e-06   26.8   0.8   2   2    0.0011     0.095   11.0   0.0    49   110   405   472   393   512 0.73 -
PSC71525.1           -            890 6489at3041           -            249   2.4e-06   26.1   0.1   1   2   5.4e-05    0.0047   15.3   0.0    49   112   630   696   615   701 0.85 -
PSC71525.1           -            890 6489at3041           -            249   2.4e-06   26.1   0.1   2   2     0.022       1.9    6.7   0.0    67   108   737   776   730   780 0.82 -
PSC76313.1           -            970 6489at3041           -            249   4.1e-06   25.3   0.1   1   2    0.0039      0.33    9.2   0.0    70   141   421   496   392   512 0.72 -
PSC76313.1           -            970 6489at3041           -            249   4.1e-06   25.3   0.1   2   2   0.00052     0.045   12.1   0.0    66   138   545   621   514   626 0.71 -
PSC75543.1           -            669 6489at3041           -            249   5.7e-06   24.8   0.3   1   3     0.065       5.6    5.2   0.0    70   103   341   373   333   411 0.82 -
PSC75543.1           -            669 6489at3041           -            249   5.7e-06   24.8   0.3   2   3   5.8e-05     0.005   15.2   0.1    66   146   487   580   480   584 0.79 -
PSC75543.1           -            669 6489at3041           -            249   5.7e-06   24.8   0.3   3   3     0.024         2    6.6   0.2    84   124   555   594   538   624 0.65 -
PSC72094.1           -            957 6489at3041           -            249   7.1e-06   24.5   1.6   1   3      0.11       9.7    4.4   0.0   124   148    26    50    16    93 0.81 -
PSC72094.1           -            957 6489at3041           -            249   7.1e-06   24.5   1.6   2   3   4.8e-05    0.0041   15.5   0.5    58   160   109   216   102   220 0.77 -
PSC72094.1           -            957 6489at3041           -            249   7.1e-06   24.5   1.6   3   3       8.8   7.5e+02   -1.8   0.0    88   111   295   318   287   347 0.65 -
PSC67878.1           -            822 6489at3041           -            249   1.1e-05   23.9   0.0   1   3     0.011      0.96    7.7   0.0    65   140    38   121    33   130 0.64 -
PSC67878.1           -            822 6489at3041           -            249   1.1e-05   23.9   0.0   2   3   0.00054     0.047   12.0   0.0    64   103   151   190   139   196 0.84 -
PSC67878.1           -            822 6489at3041           -            249   1.1e-05   23.9   0.0   3   3       3.7   3.2e+02   -0.5   0.0    73   101   215   243   201   248 0.84 -
PSC76374.1           -            820 6489at3041           -            249   1.3e-05   23.6   0.1   1   3   6.8e-05    0.0059   15.0   0.0    69   112   465   507   458   511 0.86 -
PSC76374.1           -            820 6489at3041           -            249   1.3e-05   23.6   0.1   2   3      0.23        20    3.4   0.0    57    93   673   712   651   763 0.80 -
PSC76374.1           -            820 6489at3041           -            249   1.3e-05   23.6   0.1   3   3       1.4   1.2e+02    0.8   0.0    67    99   780   815   775   817 0.73 -
PSC76556.1           -            770 6489at3041           -            249   1.4e-05   23.5   0.6   1   3       8.7   7.5e+02   -1.8   0.1    87   111     8    32     4    36 0.69 -
PSC76556.1           -            770 6489at3041           -            249   1.4e-05   23.5   0.6   2   3      0.36        31    2.8   0.0   123   188   133   204    95   210 0.74 -
PSC76556.1           -            770 6489at3041           -            249   1.4e-05   23.5   0.6   3   3   9.3e-06    0.0008   17.8   0.0    68   113   300   344   295   356 0.88 -
PSC76520.1           -            611 6489at3041           -            249   1.4e-05   23.5   0.5   1   4   1.2e-05     0.001   17.4   0.0    69   122   232   289   226   296 0.76 -
PSC76520.1           -            611 6489at3041           -            249   1.4e-05   23.5   0.5   2   4       1.8   1.6e+02    0.5   0.0    69   101   282   313   274   329 0.62 -
PSC76520.1           -            611 6489at3041           -            249   1.4e-05   23.5   0.5   3   4       4.4   3.8e+02   -0.8   0.0    88   109   476   497   473   503 0.77 -
PSC76520.1           -            611 6489at3041           -            249   1.4e-05   23.5   0.5   4   4         6   5.1e+02   -1.2   0.0    46    68   518   540   516   562 0.87 -
PSC73893.1           -            915 6489at3041           -            249     2e-05   23.1  10.9   1   6      0.74        63    1.7   0.1    67   123    51   117    19   146 0.62 -
PSC73893.1           -            915 6489at3041           -            249     2e-05   23.1  10.9   2   6    0.0028      0.24    9.7   0.0    65   105   230   272   203   281 0.75 -
PSC73893.1           -            915 6489at3041           -            249     2e-05   23.1  10.9   3   6      0.04       3.5    5.9   0.4    64   105   317   368   311   385 0.72 -
PSC73893.1           -            915 6489at3041           -            249     2e-05   23.1  10.9   4   6       5.4   4.6e+02   -1.1   0.0    68   106   660   702   656   719 0.67 -
PSC73893.1           -            915 6489at3041           -            249     2e-05   23.1  10.9   5   6       3.7   3.2e+02   -0.6   0.0    68   103   707   741   691   746 0.81 -
PSC73893.1           -            915 6489at3041           -            249     2e-05   23.1  10.9   6   6     0.064       5.5    5.2   0.0    85   104   780   799   761   816 0.66 -
PSC67197.1           -            204 6489at3041           -            249   2.3e-05   22.8   0.0   1   2    0.0066      0.56    8.5   0.0    88   103   101   116    41   124 0.83 -
PSC67197.1           -            204 6489at3041           -            249   2.3e-05   22.8   0.0   2   2   0.00038     0.033   12.5   0.0    67   103   137   175   132   184 0.85 -
PSC67199.1           -            223 6489at3041           -            249   2.7e-05   22.6   0.0   1   2    0.0077      0.66    8.2   0.0    88   103   101   116    42   124 0.83 -
PSC67199.1           -            223 6489at3041           -            249   2.7e-05   22.6   0.0   2   2   0.00038     0.033   12.5   0.0    67   103   137   175   132   196 0.86 -
PSC71119.1           -            347 6489at3041           -            249   3.2e-05   22.4   0.5   1   3       1.6   1.3e+02    0.7   0.0   205   229    33    58    26    84 0.70 -
PSC71119.1           -            347 6489at3041           -            249   3.2e-05   22.4   0.5   2   3   8.1e-05     0.007   14.7   0.2    88   145    86   147    69   208 0.53 -
PSC71119.1           -            347 6489at3041           -            249   3.2e-05   22.4   0.5   3   3      0.71        61    1.8   0.0    74   106   246   277   214   286 0.76 -
PSC70580.1           -            346 6489at3041           -            249   3.6e-05   22.2   0.1   1   2      0.84        72    1.6   0.0    82   105   170   193   157   202 0.82 -
PSC70580.1           -            346 6489at3041           -            249   3.6e-05   22.2   0.1   2   2   1.5e-05    0.0013   17.1   0.0    70   105   204   239   195   254 0.87 -
PSC71912.1           -            872 6489at3041           -            249   4.1e-05   22.0   0.7   1   2   0.00019     0.016   13.5   0.0    48   112   602   669   587   675 0.81 -
PSC71912.1           -            872 6489at3041           -            249   4.1e-05   22.0   0.7   2   2     0.038       3.3    6.0   0.0    78   148   677   752   671   760 0.57 -
PSC75827.1           -           1836 6489at3041           -            249   4.3e-05   22.0   0.2   1   2    0.0019      0.17   10.2   0.2    85   105    85   105    17   124 0.86 -
PSC75827.1           -           1836 6489at3041           -            249   4.3e-05   22.0   0.2   2   2    0.0095      0.82    7.9   0.0    80   105  1225  1250  1216  1259 0.87 -
PSC67172.1           -            446 6489at3041           -            249   4.5e-05   21.9   2.8   1   3    0.0043      0.37    9.1   0.2    47   140   188   287   143   294 0.70 -
PSC67172.1           -            446 6489at3041           -            249   4.5e-05   21.9   2.8   2   3     0.018       1.6    7.0   0.1    47   108   271   337   264   379 0.80 -
PSC67172.1           -            446 6489at3041           -            249   4.5e-05   21.9   2.8   3   3     0.007       0.6    8.4   0.0    67   102   382   416   376   424 0.86 -
PSC75857.1           -            444 6489at3041           -            249   4.6e-05   21.9   0.0   1   3    0.0039      0.34    9.2   0.0    68   104   114   149   105   157 0.89 -
PSC75857.1           -            444 6489at3041           -            249   4.6e-05   21.9   0.0   2   3      0.02       1.7    6.9   0.0    63   106   300   342   291   345 0.86 -
PSC75857.1           -            444 6489at3041           -            249   4.6e-05   21.9   0.0   3   3      0.88        76    1.5   0.0   121   138   420   437   414   442 0.75 -
PSC75185.1           -           1495 6489at3041           -            249   5.6e-05   21.6   0.4   1   3      0.11       9.5    4.4   0.0    66   143  1133  1215  1128  1220 0.72 -
PSC75185.1           -           1495 6489at3041           -            249   5.6e-05   21.6   0.4   2   3     0.053       4.6    5.5   0.0    52   127  1201  1276  1190  1309 0.71 -
PSC75185.1           -           1495 6489at3041           -            249   5.6e-05   21.6   0.4   3   3    0.0044      0.38    9.0   0.0    70   142  1308  1384  1301  1391 0.68 -
PSC75184.1           -           1499 6489at3041           -            249   5.7e-05   21.5   0.4   1   3      0.11       9.6    4.4   0.0    66   143  1137  1219  1132  1224 0.72 -
PSC75184.1           -           1499 6489at3041           -            249   5.7e-05   21.5   0.4   2   3     0.054       4.6    5.5   0.0    52   127  1205  1280  1194  1313 0.71 -
PSC75184.1           -           1499 6489at3041           -            249   5.7e-05   21.5   0.4   3   3    0.0045      0.38    9.0   0.0    70   142  1312  1388  1305  1395 0.68 -
PSC75620.1           -            315 6489at3041           -            249   6.1e-05   21.5   0.0   1   2     0.012         1    7.6   0.0    88   102   101   115    48   121 0.84 -
PSC75620.1           -            315 6489at3041           -            249   6.1e-05   21.5   0.0   2   2   0.00062     0.053   11.8   0.0    67   103   137   175   132   206 0.87 -
PSC67406.1           -           1413 6489at3041           -            249   7.5e-05   21.2   0.0   1   2   3.4e-06   0.00029   19.2   0.0    69   148  1248  1334  1219  1350 0.76 -
PSC67406.1           -           1413 6489at3041           -            249   7.5e-05   21.2   0.0   2   2      0.64        55    1.9   0.0    74   106  1298  1329  1288  1369 0.82 -
PSC75533.1           -           1228 6489at3041           -            249   7.6e-05   21.1   0.1   1   3     0.037       3.1    6.0   0.0    67   105    16    53    10    66 0.84 -
PSC75533.1           -           1228 6489at3041           -            249   7.6e-05   21.1   0.1   2   3     0.034       2.9    6.1   0.0    45   101   215   279   212   307 0.74 -
PSC75533.1           -           1228 6489at3041           -            249   7.6e-05   21.1   0.1   3   3      0.12        10    4.4   0.0    74    98   414   438   408   455 0.83 -
PSC74953.1           -           1321 6489at3041           -            249    0.0001   20.7   0.1   1   3       0.1       8.8    4.5   0.0    66   143   955  1037   950  1041 0.72 -
PSC74953.1           -           1321 6489at3041           -            249    0.0001   20.7   0.1   2   3     0.049       4.2    5.6   0.0    52   127  1023  1098  1012  1130 0.72 -
PSC74953.1           -           1321 6489at3041           -            249    0.0001   20.7   0.1   3   3    0.0056      0.48    8.7   0.0    87   140  1145  1204  1123  1212 0.55 -
PSC67584.1           -            353 6489at3041           -            249   0.00017   20.0   0.0   1   2     0.015       1.3    7.3   0.0    88   102   204   218   144   227 0.90 -
PSC67584.1           -            353 6489at3041           -            249   0.00017   20.0   0.0   2   2    0.0014      0.12   10.7   0.0    67   103   240   278   234   286 0.84 -
PSC72399.1           -            810 6489at3041           -            249   0.00017   20.0   0.1   1   2     0.027       2.4    6.4   0.0    68   109    94   136    88   170 0.84 -
PSC72399.1           -            810 6489at3041           -            249   0.00017   20.0   0.1   2   2    0.0017      0.14   10.4   0.0    70   101   180   211   144   216 0.77 -
PSC74914.1           -            355 6489at3041           -            249    0.0002   19.8   0.9   1   3       7.2   6.2e+02   -1.5   0.1    87   100    71    84    19    90 0.60 -
PSC74914.1           -            355 6489at3041           -            249    0.0002   19.8   0.9   2   3     3e-05    0.0026   16.1   0.0    64   129    95   163    92   177 0.85 -
PSC74914.1           -            355 6489at3041           -            249    0.0002   19.8   0.9   3   3       3.1   2.6e+02   -0.3   0.0   125   140   208   223   197   236 0.68 -
PSC67585.1           -            413 6489at3041           -            249   0.00022   19.6   0.0   1   2     0.019       1.6    6.9   0.0    88   102   204   218   146   226 0.91 -
PSC67585.1           -            413 6489at3041           -            249   0.00022   19.6   0.0   2   2    0.0015      0.13   10.6   0.0    67   103   240   278   234   304 0.86 -
PSC74892.1           -           1241 6489at3041           -            249   0.00036   18.9   0.0   1   4       2.2   1.9e+02    0.2   0.0    67   103    47    82    34   117 0.71 -
PSC74892.1           -           1241 6489at3041           -            249   0.00036   18.9   0.0   2   4      0.05       4.3    5.6   0.0    72   109   143   178   114   197 0.72 -
PSC74892.1           -           1241 6489at3041           -            249   0.00036   18.9   0.0   3   4      0.67        58    1.9   0.0    75   101   208   234   182   238 0.85 -
PSC74892.1           -           1241 6489at3041           -            249   0.00036   18.9   0.0   4   4      0.08       6.9    4.9   0.0   121   156  1166  1201  1160  1209 0.84 -
PSC73014.1           -           1276 6489at3041           -            249   0.00043   18.7   2.4   1   2   0.00087     0.075   11.3   0.0    63   113   164   214   146   225 0.76 -
PSC73014.1           -           1276 6489at3041           -            249   0.00043   18.7   2.4   2   2     0.055       4.8    5.4   0.1    83   117  1142  1176  1135  1179 0.73 -
PSC70328.1           -            405 6489at3041           -            249   0.00044   18.7   0.5   1   4       1.2     1e+02    1.1   0.0   124   143    70    89    59   122 0.57 -
PSC70328.1           -            405 6489at3041           -            249   0.00044   18.7   0.5   2   4       3.7   3.1e+02   -0.5   0.0   125   140   142   157   138   174 0.56 -
PSC70328.1           -            405 6489at3041           -            249   0.00044   18.7   0.5   3   4       4.9   4.2e+02   -1.0   0.1   162   180   226   244   192   262 0.66 -
PSC70328.1           -            405 6489at3041           -            249   0.00044   18.7   0.5   4   4   0.00035     0.031   12.6   0.2    69    97   272   300   215   312 0.78 -
PSC73589.1           -           1663 6489at3041           -            249   0.00052   18.4   2.4   1   3      0.88        76    1.5   0.0   203   238   449   486   437   516 0.80 -
PSC73589.1           -           1663 6489at3041           -            249   0.00052   18.4   2.4   2   3    0.0084      0.72    8.1   0.0    82   107   649   674   586   689 0.86 -
PSC73589.1           -           1663 6489at3041           -            249   0.00052   18.4   2.4   3   3     0.042       3.6    5.8   0.3    89   140   737   793   690   804 0.79 -
PSC71428.1           -           1775 6489at3041           -            249   0.00055   18.3   0.4   1   3   0.00055     0.048   12.0   0.0    64   132   335   409   332   425 0.75 -
PSC71428.1           -           1775 6489at3041           -            249   0.00055   18.3   0.4   2   3       4.5   3.8e+02   -0.8   0.0    69   104   551   583   527   606 0.74 -
PSC71428.1           -           1775 6489at3041           -            249   0.00055   18.3   0.4   3   3       1.6   1.3e+02    0.7   0.0    50   101   610   670   604   686 0.59 -
PSC74317.1           -            437 6489at3041           -            249   0.00057   18.3   0.0   1   2    0.0062      0.53    8.5   0.0    48   115   239   308   225   314 0.91 -
PSC74317.1           -            437 6489at3041           -            249   0.00057   18.3   0.0   2   2    0.0002     0.018   13.4   0.0    47   105   280   340   279   360 0.80 -
PSC72059.1           -           1738 6489at3041           -            249   0.00064   18.1   0.1   1   2   0.00064     0.055   11.8   0.0   125   193    28    92    24    98 0.75 -
PSC72059.1           -           1738 6489at3041           -            249   0.00064   18.1   0.1   2   2      0.32        27    2.9   0.1    65   105   116   157   113   173 0.81 -
PSC67630.1           -            799 6489at3041           -            249    0.0012   17.2   0.0   1   2      0.51        44    2.3   0.0    85   123    93   131    85   135 0.86 -
PSC67630.1           -            799 6489at3041           -            249    0.0012   17.2   0.0   2   2    0.0011     0.098   11.0   0.0    68   111   256   297   227   306 0.77 -
PSC74360.1           -            347 6489at3041           -            249    0.0017   16.7   1.0   1   3       7.4   6.4e+02   -1.5   0.1    23    45     5    25     2    27 0.76 -
PSC74360.1           -            347 6489at3041           -            249    0.0017   16.7   1.0   2   3   0.00038     0.033   12.5   0.0    87   159   142   218   134   233 0.82 -
PSC74360.1           -            347 6489at3041           -            249    0.0017   16.7   1.0   3   3      0.86        74    1.5   0.0    56   102   239   289   228   292 0.73 -
PSC69688.1           -            633 6489at3041           -            249    0.0018   16.6   0.0   1   3       4.1   3.6e+02   -0.7   0.0   124   142    67    85    49   104 0.85 -
PSC69688.1           -            633 6489at3041           -            249    0.0018   16.6   0.0   2   3      0.42        36    2.5   0.0    85   109   112   136    92   146 0.80 -
PSC69688.1           -            633 6489at3041           -            249    0.0018   16.6   0.0   3   3    0.0016      0.14   10.5   0.0    64   110   144   189   141   196 0.83 -
PSC71527.1           -            421 6489at3041           -            249    0.0021   16.4   0.1   1   3   0.00043     0.037   12.3   0.1    46   112    43   110    28   120 0.84 -
PSC71527.1           -            421 6489at3041           -            249    0.0021   16.4   0.1   2   3       8.7   7.5e+02   -1.8   0.0   132   140   230   238   216   281 0.58 -
PSC71527.1           -            421 6489at3041           -            249    0.0021   16.4   0.1   3   3       4.1   3.5e+02   -0.7   0.0    66   104   294   332   291   337 0.80 -
PSC74361.1           -            377 6489at3041           -            249    0.0022   16.4   1.0   1   3       8.2   7.1e+02   -1.7   0.1    23    45     5    25     2    27 0.76 -
PSC74361.1           -            377 6489at3041           -            249    0.0022   16.4   1.0   2   3   0.00043     0.037   12.3   0.0    87   159   172   248   165   265 0.82 -
PSC74361.1           -            377 6489at3041           -            249    0.0022   16.4   1.0   3   3         1        89    1.3   0.0    56   102   269   319   258   321 0.73 -
PSC72877.1           -            448 6489at3041           -            249    0.0063   14.8   0.2   1   2     0.016       1.4    7.2   0.0    66   106   155   194   129   207 0.79 -
PSC72877.1           -            448 6489at3041           -            249    0.0063   14.8   0.2   2   2      0.11       9.9    4.4   0.1    84   144   370   439   363   444 0.71 -
PSC74438.1           -           1013 6489at3041           -            249     0.011   14.0   0.2   1   3         4   3.5e+02   -0.7   0.0    67   101    12    45     5    62 0.71 -
PSC74438.1           -           1013 6489at3041           -            249     0.011   14.0   0.2   2   3    0.0075      0.65    8.3   0.1    69   104   115   150   108   167 0.84 -
PSC74438.1           -           1013 6489at3041           -            249     0.011   14.0   0.2   3   3         2   1.7e+02    0.3   0.0   124   143   252   271   244   293 0.83 -
PSC67182.1           -           1136 6489at3041           -            249     0.029   12.7   0.0   1   1   0.00059     0.051   11.9   0.0    81   138   484   546   473   550 0.87 -
PSC74295.1           -            308 6489at3041           -            249      0.03   12.6   0.1   1   3     0.098       8.5    4.6   0.0    85   108    45    68     7    77 0.77 -
PSC74295.1           -            308 6489at3041           -            249      0.03   12.6   0.1   2   3     0.073       6.2    5.0   0.0    71   104    90   126    81   192 0.64 -
PSC74295.1           -            308 6489at3041           -            249      0.03   12.6   0.1   3   3       7.7   6.7e+02   -1.6   0.0    68    94   222   249   190   258 0.50 -
PSC75076.1           -            468 6489at3041           -            249     0.038   12.3   1.2   1   3       0.7        60    1.8   0.0    65    92    48    75    24    83 0.83 -
PSC75076.1           -            468 6489at3041           -            249     0.038   12.3   1.2   2   3      0.13        11    4.2   0.0    65   103   163   201   160   214 0.87 -
PSC75076.1           -            468 6489at3041           -            249     0.038   12.3   1.2   3   3      0.81        69    1.6   0.0    70   105   323   362   315   373 0.65 -
PSC71469.1           -            533 6489at3041           -            249     0.039   12.2   0.1   1   1     0.002      0.17   10.1   0.1    44   153   240   353   233   364 0.64 -
PSC74864.1           -            468 6489at3041           -            249     0.041   12.2   0.3   1   3     0.071       6.2    5.1   0.0   228   249   160   181   156   181 0.90 -
PSC74864.1           -            468 6489at3041           -            249     0.041   12.2   0.3   2   3     0.023         2    6.7   0.1    47   116   171   242   168   248 0.85 -
PSC74864.1           -            468 6489at3041           -            249     0.041   12.2   0.3   3   3       1.2     1e+02    1.0   0.0   123   149   298   324   281   336 0.78 -
PSC73206.1           -            734 6489at3041           -            249     0.054   11.8   0.5   1   3       1.3   1.1e+02    0.9   0.0    81   104   375   398   367   456 0.65 -
PSC73206.1           -            734 6489at3041           -            249     0.054   11.8   0.5   2   3       1.3   1.1e+02    1.0   0.0    70   102   554   586   546   597 0.73 -
PSC73206.1           -            734 6489at3041           -            249     0.054   11.8   0.5   3   3      0.03       2.6    6.3   0.1    68   117   594   643   558   655 0.73 -
PSC74467.1           -           1025 6489at3041           -            249      0.11   10.8   0.6   1   2     0.015       1.3    7.2   0.0   211   236   183   208   175   211 0.91 -
PSC74467.1           -           1025 6489at3041           -            249      0.11   10.8   0.6   2   2       1.8   1.5e+02    0.5   0.1    46   108   237   301   229   309 0.75 -
#
# Program:         hmmsearch
# Version:         3.1b2 (February 2015)
# Pipeline mode:   SEARCH
# Query file:      /Users/catrionaharrison/Documents/Bioinformatics/rp2/Data/genomes/busco/busco_downloads/lineages/chlorophyta_odb10/hmms/6489at3041.hmm
# Target file:     /Users/catrionaharrison/Documents/Bioinformatics/rp2/Data/genomes/busco/data/micractinium_conductrix.prot.fasta
# Option settings: hmmsearch --domtblout /Users/catrionaharrison/Documents/Bioinformatics/rp2/Data/genomes/busco/Busco_conductrix/run_chlorophyta_odb10/hmmer_output/initial_run_results/6489at3041.out --cpu 1 /Users/catrionaharrison/Documents/Bioinformatics/rp2/Data/genomes/busco/busco_downloads/lineages/chlorophyta_odb10/hmms/6489at3041.hmm /Users/catrionaharrison/Documents/Bioinformatics/rp2/Data/genomes/busco/data/micractinium_conductrix.prot.fasta 
# Current dir:     /Users/catrionaharrison/Documents/Bioinformatics/rp2/Data/genomes/busco
# Date:            Fri Jul 22 15:21:07 2022
# [ok]
