#                                                                            --- full sequence --- -------------- this domain -------------   hmm coord   ali coord   env coord
# target name        accession   tlen query name           accession   qlen   E-value  score  bias   #  of  c-Evalue  i-Evalue  score  bias  from    to  from    to  from    to  acc description of target
#------------------- ---------- ----- -------------------- ---------- ----- --------- ------ ----- --- --- --------- --------- ------ ----- ----- ----- ----- ----- ----- ----- ---- ---------------------
PSC75014.1           -            759 652at3041            -            580  4.3e-259  860.1   7.8   1   3   1.3e-37   2.4e-35  121.3   0.7     1    76     1    76     1   102 0.89 -
PSC75014.1           -            759 652at3041            -            580  4.3e-259  860.1   7.8   2   3   2.4e-48   4.2e-46  156.8   1.9    74   193   111   248   103   267 0.85 -
PSC75014.1           -            759 652at3041            -            580  4.3e-259  860.1   7.8   3   3  8.8e-177  1.6e-174  580.9   0.0   189   580   273   750   258   750 0.86 -
PSC71864.1           -            671 652at3041            -            580   9.2e-58  195.3   0.0   1   3   4.3e-16   7.7e-14   50.3   0.0     2    62   177   237   176   253 0.92 -
PSC71864.1           -            671 652at3041            -            580   9.2e-58  195.3   0.0   2   3   1.3e-18   2.4e-16   58.6   0.0   200   315   255   390   247   414 0.75 -
PSC71864.1           -            671 652at3041            -            580   9.2e-58  195.3   0.0   3   3   8.8e-26   1.6e-23   82.3   0.0   361   487   415   534   406   542 0.92 -
PSC68153.1           -            403 652at3041            -            580   8.7e-52  175.6   2.0   1   2   6.2e-10   1.1e-07   30.0   0.0     2    66    29    93    28    99 0.93 -
PSC68153.1           -            403 652at3041            -            580   8.7e-52  175.6   2.0   2   2   8.7e-41   1.6e-38  131.8   1.5   198   488    96   375    91   382 0.84 -
PSC72623.1           -            558 652at3041            -            580   1.1e-51  175.3   0.1   1   2   3.1e-10   5.5e-08   31.0   0.1     3    60   128   186   126   199 0.83 -
PSC72623.1           -            558 652at3041            -            580   1.1e-51  175.3   0.1   2   2   1.2e-41   2.1e-39  134.7   0.0   225   486   245   477   186   484 0.83 -
PSC69776.1           -            476 652at3041            -            580   2.5e-51  174.1   5.5   1   3   1.3e-18   2.3e-16   58.6   0.1     2    63    18    79    17    88 0.96 -
PSC69776.1           -            476 652at3041            -            580   2.5e-51  174.1   5.5   2   3   2.4e-15   4.4e-13   47.8   0.5   202   338    89   243    80   250 0.73 -
PSC69776.1           -            476 652at3041            -            580   2.5e-51  174.1   5.5   3   3   5.6e-22     1e-19   69.7   0.0   361   490   244   366   240   373 0.88 -
PSC67841.1           -            411 652at3041            -            580   1.2e-49  168.5   3.0   1   2   8.5e-16   1.5e-13   49.3   0.0     3    65    37    99    35   106 0.94 -
PSC67841.1           -            411 652at3041            -            580   1.2e-49  168.5   3.0   2   2   7.8e-32   1.4e-29  102.3   3.2   200   488   105   380    96   388 0.76 -
PSC74094.1           -            867 652at3041            -            580   5.2e-48  163.1   1.0   1   2   3.2e-14   5.7e-12   44.1   0.0     4    64   447   507   444   518 0.93 -
PSC74094.1           -            867 652at3041            -            580   5.2e-48  163.1   1.0   2   2   1.4e-34   2.5e-32  111.4   0.3   198   492   522   824   515   833 0.78 -
PSC71624.1           -            581 652at3041            -            580   9.5e-48  162.3   1.9   1   4   5.4e-12   9.8e-10   36.8   0.1     4    62   133   191   130   204 0.89 -
PSC71624.1           -            581 652at3041            -            580   9.5e-48  162.3   1.9   2   4     0.017         3    5.4   0.0   198   224   206   232   199   244 0.81 -
PSC71624.1           -            581 652at3041            -            580   9.5e-48  162.3   1.9   3   4   1.4e-13   2.5e-11   42.0   0.1   224   316   258   347   240   364 0.78 -
PSC71624.1           -            581 652at3041            -            580   9.5e-48  162.3   1.9   4   4   1.9e-23   3.5e-21   74.6   0.0   376   488   385   490   355   496 0.87 -
PSC71732.1           -           1586 652at3041            -            580     2e-47  161.2   0.6   1   3   2.8e-08     5e-06   24.5   0.1     7    66   147   206   144   216 0.88 -
PSC71732.1           -           1586 652at3041            -            580     2e-47  161.2   0.6   2   3   1.5e-24   2.7e-22   78.2   0.1   189   355   217   401   210   412 0.80 -
PSC71732.1           -           1586 652at3041            -            580     2e-47  161.2   0.6   3   3   1.5e-17   2.8e-15   55.1   0.0   404   491   421   508   400   515 0.88 -
PSC68276.1           -           1278 652at3041            -            580   3.5e-47  160.4   1.2   1   3   1.9e-11   3.3e-09   35.0   0.0     5    66   447   508   443   516 0.93 -
PSC68276.1           -           1278 652at3041            -            580   3.5e-47  160.4   1.2   2   3   3.2e-15   5.7e-13   47.4   0.1   225   340   562   677   517   684 0.82 -
PSC68276.1           -           1278 652at3041            -            580   3.5e-47  160.4   1.2   3   3   1.1e-23     2e-21   75.3   0.1   370   489   687   799   679   811 0.86 -
PSC68277.1           -           1278 652at3041            -            580   3.5e-47  160.4   1.2   1   3   1.9e-11   3.3e-09   35.0   0.0     5    66   447   508   443   516 0.93 -
PSC68277.1           -           1278 652at3041            -            580   3.5e-47  160.4   1.2   2   3   3.2e-15   5.7e-13   47.4   0.1   225   340   562   677   517   684 0.82 -
PSC68277.1           -           1278 652at3041            -            580   3.5e-47  160.4   1.2   3   3   1.1e-23     2e-21   75.3   0.1   370   489   687   799   679   811 0.86 -
PSC74000.1           -            614 652at3041            -            580     3e-45  154.0   1.7   1   2     1e-10   1.8e-08   32.5   0.0    20    64   213   257   197   262 0.88 -
PSC74000.1           -            614 652at3041            -            580     3e-45  154.0   1.7   2   2   3.8e-35   6.8e-33  113.2   0.6   194   481   265   544   256   552 0.75 -
PSC68971.1           -           1329 652at3041            -            580   5.1e-45  153.2   2.8   1   2   1.5e-17   2.7e-15   55.1   0.0     2    62   258   318   257   330 0.93 -
PSC68971.1           -           1329 652at3041            -            580   5.1e-45  153.2   2.8   2   2   6.2e-28   1.1e-25   89.4   1.6   210   487   347   604   326   642 0.78 -
PSC74143.1           -            438 652at3041            -            580   5.6e-45  153.1   2.9   1   3   6.6e-13   1.2e-10   39.8   0.0     2    63    46   107    45   116 0.95 -
PSC74143.1           -            438 652at3041            -            580   5.6e-45  153.1   2.9   2   3   1.3e-14   2.4e-12   45.4   0.1   231   339   169   278   159   280 0.81 -
PSC74143.1           -            438 652at3041            -            580   5.6e-45  153.1   2.9   3   3   1.3e-21   2.4e-19   68.5   0.2   360   487   276   403   268   406 0.88 -
PSC76672.1           -            827 652at3041            -            580   1.9e-44  151.3   1.3   1   3   1.2e-07   2.1e-05   22.4   0.0    11    62   135   187   127   194 0.83 -
PSC76672.1           -            827 652at3041            -            580   1.9e-44  151.3   1.3   2   3   1.2e-12   2.1e-10   39.0   0.1   191   271   194   293   185   396 0.73 -
PSC76672.1           -            827 652at3041            -            580   1.9e-44  151.3   1.3   3   3   1.9e-27   3.4e-25   87.8   0.0   396   488   412   504   404   509 0.94 -
PSC73839.1           -            413 652at3041            -            580   1.1e-43  148.8   2.2   1   3   6.6e-07   0.00012   20.0   0.0     3    65    40   102    38   109 0.91 -
PSC73839.1           -            413 652at3041            -            580   1.1e-43  148.8   2.2   2   3   9.9e-20   1.8e-17   62.3   0.1   200   336   108   261   102   268 0.77 -
PSC73839.1           -            413 652at3041            -            580   1.1e-43  148.8   2.2   3   3   1.7e-20     3e-18   64.9   0.1   365   488   269   385   262   390 0.86 -
PSC76303.1           -            713 652at3041            -            580   1.3e-43  148.6   0.0   1   3   8.1e-05     0.015   13.1   0.0    27    62   122   157   108   174 0.83 -
PSC76303.1           -            713 652at3041            -            580   1.3e-43  148.6   0.0   2   3     3e-21   5.3e-19   67.3   0.0   195   350   172   350   166   357 0.80 -
PSC76303.1           -            713 652at3041            -            580   1.3e-43  148.6   0.0   3   3   1.5e-20   2.7e-18   65.0   0.0   376   489   355   460   341   478 0.88 -
PSC72599.1           -            946 652at3041            -            580   6.7e-40  136.3   1.1   1   3   1.4e-13   2.5e-11   42.0   0.0     2    62    62   122    61   128 0.95 -
PSC72599.1           -            946 652at3041            -            580   6.7e-40  136.3   1.1   2   3   1.3e-08   2.3e-06   25.6   0.1   217   301   162   252   123   264 0.64 -
PSC72599.1           -            946 652at3041            -            580   6.7e-40  136.3   1.1   3   3     1e-20   1.8e-18   65.6   0.0   368   487   300   412   283   422 0.89 -
PSC76590.1           -           1214 652at3041            -            580   8.8e-40  136.0   7.6   1   4   1.8e-08   3.3e-06   25.1   0.1     3    61    27    85    25    93 0.90 -
PSC76590.1           -           1214 652at3041            -            580   8.8e-40  136.0   7.6   2   4   4.7e-12   8.5e-10   37.0   0.1   222   303   139   218    91   237 0.84 -
PSC76590.1           -           1214 652at3041            -            580   8.8e-40  136.0   7.6   3   4   5.8e-24     1e-21   76.3   0.0   364   485   296   410   280   415 0.92 -
PSC76590.1           -           1214 652at3041            -            580   8.8e-40  136.0   7.6   4   4         5     9e+02   -2.8   0.4    21    86  1122  1189  1117  1198 0.74 -
PSC71941.1           -            673 652at3041            -            580   1.9e-39  134.9   1.2   1   3   4.3e-14   7.8e-12   43.7   0.1     3    73    63   135    61   140 0.89 -
PSC71941.1           -            673 652at3041            -            580   1.9e-39  134.9   1.2   2   3     8e-12   1.4e-09   36.2   0.0   192   299   134   261   131   271 0.78 -
PSC71941.1           -            673 652at3041            -            580   1.9e-39  134.9   1.2   3   3   1.8e-16   3.3e-14   51.5   0.0   375   487   318   427   291   434 0.84 -
PSC74148.1           -           1126 652at3041            -            580     4e-39  133.8   5.7   1   2   6.5e-13   1.2e-10   39.8   0.2     6    61   452   507   448   519 0.90 -
PSC74148.1           -           1126 652at3041            -            580     4e-39  133.8   5.7   2   2   2.7e-28   4.9e-26   90.6   1.4   200   484   522   797   515   806 0.77 -
PSC71287.1           -            968 652at3041            -            580   2.5e-38  131.2   0.1   1   3   8.1e-15   1.5e-12   46.1   0.0     3    62    47   106    45   118 0.93 -
PSC71287.1           -            968 652at3041            -            580   2.5e-38  131.2   0.1   2   3   5.6e-11     1e-08   33.4   0.0   200   298   117   233   109   259 0.75 -
PSC71287.1           -            968 652at3041            -            580   2.5e-38  131.2   0.1   3   3   3.3e-15     6e-13   47.4   0.0   379   489   294   397   276   402 0.79 -
PSC68006.1           -            608 652at3041            -            580   1.2e-36  125.6   1.0   1   3   3.6e-13   6.5e-11   40.6   0.0     3    66   110   173   106   181 0.92 -
PSC68006.1           -            608 652at3041            -            580   1.2e-36  125.6   1.0   2   3   8.7e-13   1.6e-10   39.4   0.2   204   307   197   306   176   314 0.79 -
PSC68006.1           -            608 652at3041            -            580   1.2e-36  125.6   1.0   3   3   9.5e-14   1.7e-11   42.6   0.0   412   476   386   450   376   479 0.86 -
PSC76969.1           -            999 652at3041            -            580   3.5e-36  124.1   1.1   1   3   1.1e-13   1.9e-11   42.4   0.1     2    83   215   298   214   310 0.80 -
PSC76969.1           -            999 652at3041            -            580   3.5e-36  124.1   1.1   2   3   9.5e-08   1.7e-05   22.7   0.0   202   271   322   413   309   429 0.69 -
PSC76969.1           -            999 652at3041            -            580   3.5e-36  124.1   1.1   3   3   1.4e-17   2.5e-15   55.2   0.0   416   486   631   701   622   713 0.92 -
PSC67942.1           -            506 652at3041            -            580   3.5e-35  120.8   2.7   1   2   1.3e-08   2.3e-06   25.6   0.0     3    63   106   169   104   178 0.87 -
PSC67942.1           -            506 652at3041            -            580   3.5e-35  120.8   2.7   2   2   4.6e-27   8.3e-25   86.5   3.0   228   488   222   465   173   470 0.84 -
PSC67943.1           -            506 652at3041            -            580   3.5e-35  120.8   2.7   1   2   1.3e-08   2.3e-06   25.6   0.0     3    63   106   169   104   178 0.87 -
PSC67943.1           -            506 652at3041            -            580   3.5e-35  120.8   2.7   2   2   4.6e-27   8.3e-25   86.5   3.0   228   488   222   465   173   470 0.84 -
PSC76330.1           -            615 652at3041            -            580   3.1e-34  117.7   6.2   1   3   2.9e-12   5.1e-10   37.7   0.2     8    92   137   221   128   227 0.89 -
PSC76330.1           -            615 652at3041            -            580   3.1e-34  117.7   6.2   2   3   1.8e-11   3.3e-09   35.0   0.1   201   337   236   386   223   394 0.72 -
PSC76330.1           -            615 652at3041            -            580   3.1e-34  117.7   6.2   3   3   3.9e-15     7e-13   47.1   0.2   415   485   436   506   419   511 0.93 -
PSC74391.1           -            662 652at3041            -            580   4.3e-34  117.2   0.0   1   3     3e-15   5.3e-13   47.5   0.0     3    62     2    61     1    66 0.95 -
PSC74391.1           -            662 652at3041            -            580   4.3e-34  117.2   0.0   2   3   1.5e-10   2.7e-08   32.0   0.0   228   446   119   337    65   340 0.67 -
PSC74391.1           -            662 652at3041            -            580   4.3e-34  117.2   0.0   3   3     5e-11     9e-09   33.6   0.0   442   487   370   415   368   426 0.92 -
PSC74559.1           -            594 652at3041            -            580   1.3e-33  115.5   2.5   1   2   3.3e-11   5.9e-09   34.2   0.1     9    62    10    63     3    77 0.93 -
PSC74559.1           -            594 652at3041            -            580   1.3e-33  115.5   2.5   2   2   3.5e-25   6.2e-23   80.3   0.2   218   483   110   391    70   403 0.75 -
PSC74558.1           -            595 652at3041            -            580   1.3e-33  115.5   2.5   1   2   3.3e-11   5.9e-09   34.2   0.1     9    62    10    63     3    77 0.93 -
PSC74558.1           -            595 652at3041            -            580   1.3e-33  115.5   2.5   2   2   3.5e-25   6.3e-23   80.3   0.2   218   483   110   391    70   403 0.75 -
PSC75805.1           -            655 652at3041            -            580   2.7e-33  114.6   0.8   1   3   8.4e-12   1.5e-09   36.1   0.0     3    62    79   139    77   147 0.87 -
PSC75805.1           -            655 652at3041            -            580   2.7e-33  114.6   0.8   2   3   1.8e-12   3.2e-10   38.3   0.0   220   308   186   278   150   328 0.66 -
PSC75805.1           -            655 652at3041            -            580   2.7e-33  114.6   0.8   3   3     5e-12   9.1e-10   36.9   0.0   414   485   363   434   338   448 0.87 -
PSC75732.1           -            791 652at3041            -            580   6.5e-32  110.0   0.3   1   3   5.9e-06    0.0011   16.8   0.0    28    65     3    40     1    61 0.80 -
PSC75732.1           -            791 652at3041            -            580   6.5e-32  110.0   0.3   2   3   5.7e-09     1e-06   26.8   0.0   233   313   115   197    38   218 0.78 -
PSC75732.1           -            791 652at3041            -            580   6.5e-32  110.0   0.3   3   3   1.9e-19   3.4e-17   61.4   0.0   359   487   306   427   293   452 0.91 -
PSC67349.1           -           1097 652at3041            -            580   6.7e-31  106.6   0.1   1   3   7.5e-10   1.3e-07   29.7   0.0     3    62   472   531   470   537 0.96 -
PSC67349.1           -           1097 652at3041            -            580   6.7e-31  106.6   0.1   2   3   1.5e-12   2.8e-10   38.5   0.0   223   302   589   675   535   689 0.77 -
PSC67349.1           -           1097 652at3041            -            580   6.7e-31  106.6   0.1   3   3   3.3e-11   5.9e-09   34.2   0.0   411   489   844   923   838   933 0.87 -
PSC73011.1           -           1029 652at3041            -            580   3.3e-30  104.3   0.2   1   3   4.3e-11   7.7e-09   33.8   0.0     3    66    67   130    65   138 0.90 -
PSC73011.1           -           1029 652at3041            -            580   3.3e-30  104.3   0.2   2   3   1.1e-11     2e-09   35.7   0.1   215   325   168   281   139   300 0.74 -
PSC73011.1           -           1029 652at3041            -            580   3.3e-30  104.3   0.2   3   3   2.9e-10   5.2e-08   31.0   0.0   411   480   342   411   294   424 0.78 -
PSC68005.1           -            655 652at3041            -            580   1.3e-24   85.8   2.8   1   3   7.8e-08   1.4e-05   23.0   0.1     6    63   145   207   141   217 0.79 -
PSC68005.1           -            655 652at3041            -            580   1.3e-24   85.8   2.8   2   3   1.4e-06   0.00025   18.9   0.0   229   274   265   311   209   324 0.79 -
PSC68005.1           -            655 652at3041            -            580   1.3e-24   85.8   2.8   3   3   1.1e-13   1.9e-11   42.4   0.1   419   492   468   541   413   607 0.91 -
PSC68272.1           -           1604 652at3041            -            580   4.8e-23   80.7   1.3   1   2   2.6e-13   4.7e-11   41.1   0.3     3    77  1058  1132  1056  1153 0.83 -
PSC68272.1           -           1604 652at3041            -            580   4.8e-23   80.7   1.3   2   2   2.7e-12   4.9e-10   37.7   0.0   418   488  1462  1532  1441  1535 0.92 -
PSC74953.1           -           1321 652at3041            -            580   6.7e-20   70.3   0.0   1   4     7e-11   1.3e-08   33.1   0.0     7    61   161   215   156   220 0.93 -
PSC74953.1           -           1321 652at3041            -            580   6.7e-20   70.3   0.0   2   4      0.59   1.1e+02    0.3   0.0   219   276   290   349   286   358 0.76 -
PSC74953.1           -           1321 652at3041            -            580   6.7e-20   70.3   0.0   3   4      0.67   1.2e+02    0.1   0.0   290   347   422   481   411   491 0.80 -
PSC74953.1           -           1321 652at3041            -            580   6.7e-20   70.3   0.0   4   4   4.8e-10   8.6e-08   30.3   0.0   422   487   536   603   530   608 0.87 -
PSC73217.1           -           1605 652at3041            -            580   5.7e-19   67.2   4.9   1   3   7.6e-06    0.0014   16.5   0.0     6    65   150   216   145   226 0.85 -
PSC73217.1           -           1605 652at3041            -            580   5.7e-19   67.2   4.9   2   3   2.1e-08   3.8e-06   24.9   0.0   225   269   282   326   269   339 0.90 -
PSC73217.1           -           1605 652at3041            -            580   5.7e-19   67.2   4.9   3   3   1.9e-07   3.5e-05   21.7   1.1   361   475   406   541   390   556 0.61 -
PSC73218.1           -           1613 652at3041            -            580   5.8e-19   67.2   4.9   1   3   7.7e-06    0.0014   16.4   0.0     6    65   150   216   145   226 0.85 -
PSC73218.1           -           1613 652at3041            -            580   5.8e-19   67.2   4.9   2   3   2.1e-08   3.8e-06   24.9   0.0   225   269   282   326   269   339 0.90 -
PSC73218.1           -           1613 652at3041            -            580   5.8e-19   67.2   4.9   3   3   1.9e-07   3.5e-05   21.7   1.1   361   475   406   541   390   556 0.61 -
PSC70027.1           -             69 652at3041            -            580   1.7e-17   62.4   0.0   1   1   9.3e-20   1.7e-17   62.4   0.0   456   492     1    39     1    55 0.89 -
PSC72915.1           -            628 652at3041            -            580   5.6e-13   47.5   0.5   1   3       9.4   1.7e+03   -3.7   0.0   472   495   102   131   100   136 0.73 -
PSC72915.1           -            628 652at3041            -            580   5.6e-13   47.5   0.5   2   3   1.4e-13   2.5e-11   42.0   0.2     3    61   439   497   437   510 0.90 -
PSC72915.1           -            628 652at3041            -            580   5.6e-13   47.5   0.5   3   3     0.065        12    3.5   0.0   198   251   510   566   498   572 0.77 -
PSC76243.1           -            501 652at3041            -            580   2.7e-11   41.9   0.2   1   1   2.1e-13   3.8e-11   41.4   0.2    95   215    64   205    51   223 0.69 -
PSC71005.1           -            767 652at3041            -            580   3.8e-08   31.5   0.6   1   1     4e-10   7.3e-08   30.6   0.6    77   155   486   576   475   578 0.77 -
PSC74315.1           -           3489 652at3041            -            580   4.3e-06   24.7   0.0   1   2    0.0023      0.42    8.2   0.0   212   297  1767  1843  1744  1890 0.84 -
PSC74315.1           -           3489 652at3041            -            580   4.3e-06   24.7   0.0   2   2   4.5e-05    0.0081   13.9   0.0   418   480  2080  2141  2069  2157 0.85 -
PSC71065.1           -           1221 652at3041            -            580   1.1e-05   23.4   0.4   1   3       5.3   9.5e+02   -2.8   0.0    36    57   656   677   648   685 0.75 -
PSC71065.1           -           1221 652at3041            -            580   1.1e-05   23.4   0.4   2   3   0.00043     0.077   10.7   0.0   231   296   743   806   737   848 0.89 -
PSC71065.1           -           1221 652at3041            -            580   1.1e-05   23.4   0.4   3   3   0.00065      0.12   10.1   0.0   407   465  1111  1169  1092  1189 0.78 -
PSC75167.1           -           2502 652at3041            -            580   1.3e-05   23.2   0.0   1   2    0.0012      0.22    9.2   0.0    28    64  1100  1136  1080  1143 0.85 -
PSC75167.1           -           2502 652at3041            -            580   1.3e-05   23.2   0.0   2   2   0.00022     0.039   11.7   0.0   377   483  1585  1692  1572  1695 0.89 -
PSC76731.1           -           1422 652at3041            -            580   5.9e-05   21.0   0.1   1   1   4.9e-07   8.8e-05   20.4   0.1    95   171     1    89     1   152 0.77 -
PSC69715.1           -           1398 652at3041            -            580   7.6e-05   20.6   0.4   1   1   8.9e-07   0.00016   19.5   0.4   415   479   832   896   799   905 0.85 -
PSC68061.1           -           1191 652at3041            -            580   0.00012   20.0   0.0   1   2    0.0016      0.29    8.8   0.0    26    61   705   740   686   762 0.84 -
PSC68061.1           -           1191 652at3041            -            580   0.00012   20.0   0.0   2   2    0.0015      0.27    8.9   0.0   366   476   923  1026   911  1041 0.83 -
PSC68062.1           -           1208 652at3041            -            580   0.00012   19.9   0.0   1   2    0.0016      0.29    8.8   0.0    26    61   722   757   703   779 0.84 -
PSC68062.1           -           1208 652at3041            -            580   0.00012   19.9   0.0   2   2    0.0015      0.28    8.8   0.0   366   476   940  1043   928  1058 0.83 -
PSC74253.1           -           1049 652at3041            -            580   0.00017   19.5   0.3   1   2     0.003      0.54    7.9   0.0    28    66   112   150   100   183 0.87 -
PSC74253.1           -           1049 652at3041            -            580   0.00017   19.5   0.3   2   2     0.001      0.19    9.4   0.1   411   477   356   422   328   440 0.90 -
PSC67654.1           -            881 652at3041            -            580    0.0006   17.6   0.0   1   2      0.02       3.6    5.2   0.0    25    61    94   130    80   136 0.90 -
PSC67654.1           -            881 652at3041            -            580    0.0006   17.6   0.0   2   2   0.00066      0.12   10.1   0.0   404   475   341   412   328   415 0.87 -
PSC73530.1           -           1317 652at3041            -            580   0.00086   17.1   0.0   1   2      0.33        59    1.2   0.1    32    63   378   409   370   452 0.79 -
PSC73530.1           -           1317 652at3041            -            580   0.00086   17.1   0.0   2   2   6.7e-05     0.012   13.3   0.0   418   475   649   706   599   714 0.82 -
PSC69690.1           -            874 652at3041            -            580    0.0011   16.7   0.2   1   2     0.026       4.8    4.8   0.0    29    60    45    76    33   108 0.87 -
PSC69690.1           -            874 652at3041            -            580    0.0011   16.7   0.2   2   2   0.00077      0.14    9.8   0.1   379   482   321   417   315   437 0.75 -
PSC72145.1           -           1774 652at3041            -            580    0.0018   16.1   0.2   1   1   2.2e-05    0.0039   15.0   0.1   404   476  1584  1657  1551  1665 0.80 -
PSC74486.1           -           1485 652at3041            -            580    0.0021   15.9   0.2   1   2       2.2     4e+02   -1.6   0.0    29    61   300   332   294   365 0.84 -
PSC74486.1           -           1485 652at3041            -            580    0.0021   15.9   0.2   2   2   3.9e-05    0.0069   14.1   0.0   420   475   567   622   555   635 0.89 -
#
# Program:         hmmsearch
# Version:         3.1b2 (February 2015)
# Pipeline mode:   SEARCH
# Query file:      /Users/catrionaharrison/Documents/Bioinformatics/rp2/Data/genomes/busco/busco_downloads/lineages/chlorophyta_odb10/hmms/652at3041.hmm
# Target file:     /Users/catrionaharrison/Documents/Bioinformatics/rp2/Data/genomes/busco/data/micractinium_conductrix.prot.fasta
# Option settings: hmmsearch --domtblout /Users/catrionaharrison/Documents/Bioinformatics/rp2/Data/genomes/busco/Busco_conductrix/run_chlorophyta_odb10/hmmer_output/initial_run_results/652at3041.out --cpu 1 /Users/catrionaharrison/Documents/Bioinformatics/rp2/Data/genomes/busco/busco_downloads/lineages/chlorophyta_odb10/hmms/652at3041.hmm /Users/catrionaharrison/Documents/Bioinformatics/rp2/Data/genomes/busco/data/micractinium_conductrix.prot.fasta 
# Current dir:     /Users/catrionaharrison/Documents/Bioinformatics/rp2/Data/genomes/busco
# Date:            Fri Jul 22 15:21:42 2022
# [ok]
