#                                                                            --- full sequence --- -------------- this domain -------------   hmm coord   ali coord   env coord
# target name        accession   tlen query name           accession   qlen   E-value  score  bias   #  of  c-Evalue  i-Evalue  score  bias  from    to  from    to  from    to  acc description of target
#------------------- ---------- ----- -------------------- ---------- ----- --------- ------ ----- --- --- --------- --------- ------ ----- ----- ----- ----- ----- ----- ----- ---- ---------------------
PSC74315.1           -           3489 6571at3041           -            362  2.3e-147  489.7  10.6   1   2   2.4e-97   3.7e-95  317.9   0.9     2   201  1673  1883  1672  1913 0.89 -
PSC74315.1           -           3489 6571at3041           -            362  2.3e-147  489.7  10.6   2   2   8.5e-55   1.3e-52  178.0   0.0   200   361  1978  2160  1957  2161 0.88 -
PSC71065.1           -           1221 6571at3041           -            362     5e-34  116.8   0.2   1   2   9.8e-24   1.5e-21   75.8   0.1     8   175   641   820   638   878 0.74 -
PSC71065.1           -           1221 6571at3041           -            362     5e-34  116.8   0.2   2   2   2.1e-12   3.2e-10   38.5   0.0   226   350  1049  1190  1022  1202 0.73 -
PSC75206.1           -           1546 6571at3041           -            362   6.1e-31  106.7   0.2   1   2   5.8e-20   8.9e-18   63.4   0.1    11   165   837  1009   833  1064 0.74 -
PSC75206.1           -           1546 6571at3041           -            362   6.1e-31  106.7   0.2   2   2   4.8e-13   7.3e-11   40.6   0.0   244   339  1389  1493  1385  1508 0.79 -
PSC75205.1           -           1540 6571at3041           -            362   7.3e-31  106.4   0.2   1   2   5.8e-20   8.8e-18   63.4   0.1    11   165   837  1009   833  1064 0.74 -
PSC75205.1           -           1540 6571at3041           -            362   7.3e-31  106.4   0.2   2   2   4.8e-13   7.3e-11   40.6   0.0   244   339  1383  1487  1379  1502 0.79 -
PSC72623.1           -            558 6571at3041           -            362   2.5e-18   65.2   0.0   1   2   1.7e-05    0.0026   15.8   0.0    19   136   157   288   149   322 0.74 -
PSC72623.1           -            558 6571at3041           -            362   2.5e-18   65.2   0.0   2   2   4.3e-15   6.6e-13   47.4   0.0   223   339   355   467   321   492 0.83 -
PSC74094.1           -            867 6571at3041           -            362   1.3e-17   62.9   0.5   1   2     0.065       9.8    4.0   0.0    59   133   527   608   491   622 0.82 -
PSC74094.1           -            867 6571at3041           -            362   1.3e-17   62.9   0.5   2   2   7.1e-18   1.1e-15   56.5   0.5   226   353   694   821   660   829 0.78 -
PSC74000.1           -            614 6571at3041           -            362   6.2e-17   60.6   0.1   1   2   2.6e-05     0.004   15.2   0.0    15   137   221   359   213   392 0.68 -
PSC74000.1           -            614 6571at3041           -            362   6.2e-17   60.6   0.1   2   2   7.5e-14   1.1e-11   43.3   0.1   212   339   417   539   394   551 0.75 -
PSC74148.1           -           1126 6571at3041           -            362     9e-17   60.1   0.7   1   2    0.0011      0.16    9.9   0.0    33   136   493   609   469   645 0.65 -
PSC74148.1           -           1126 6571at3041           -            362     9e-17   60.1   0.7   2   2   2.6e-15     4e-13   48.1   0.2   242   342   694   791   660   804 0.80 -
PSC76303.1           -            713 6571at3041           -            362   1.4e-16   59.5   0.0   1   2     0.021       3.2    5.6   0.0    58   137   179   265   175   293 0.75 -
PSC76303.1           -            713 6571at3041           -            362   1.4e-16   59.5   0.0   2   2   2.5e-16   3.9e-14   51.4   0.0   242   346   354   454   338   466 0.85 -
PSC69116.1           -           2231 6571at3041           -            362   1.7e-15   55.9   0.1   1   3   9.9e-08   1.5e-05   23.1   0.2    14   161   543   717   536   722 0.65 -
PSC69116.1           -           2231 6571at3041           -            362   1.7e-15   55.9   0.1   2   3   2.7e-07   4.2e-05   21.7   0.0    28   134  1409  1522  1384  1561 0.71 -
PSC69116.1           -           2231 6571at3041           -            362   1.7e-15   55.9   0.1   3   3     0.012       1.8    6.5   0.0   280   351  1688  1773  1659  1781 0.72 -
PSC71732.1           -           1586 6571at3041           -            362   2.8e-15   55.2   0.0   1   1   3.8e-17   5.8e-15   54.1   0.0   243   358   401   512   389   516 0.80 -
PSC69776.1           -            476 6571at3041           -            362   3.4e-15   54.9   0.3   1   2      0.16        24    2.8   0.0    15   170    44   211    38   219 0.71 -
PSC69776.1           -            476 6571at3041           -            362   3.4e-15   54.9   0.3   2   2     6e-16   9.2e-14   50.2   0.1   243   349   259   363   220   374 0.80 -
PSC68153.1           -            403 6571at3041           -            362   1.2e-14   53.1   0.3   1   2     0.051       7.8    4.3   0.0    34   149    75   198    69   236 0.69 -
PSC68153.1           -            403 6571at3041           -            362   1.2e-14   53.1   0.3   2   2   5.8e-15   8.9e-13   46.9   0.1   240   341   267   366   214   389 0.84 -
PSC73011.1           -           1029 6571at3041           -            362   2.9e-14   51.8   0.0   1   2    0.0055      0.84    7.5   0.0    27   140   105   230    87   266 0.64 -
PSC73011.1           -           1029 6571at3041           -            362   2.9e-14   51.8   0.0   2   2   1.8e-13   2.7e-11   42.0   0.0   215   347   283   416   255   430 0.86 -
PSC76672.1           -            827 6571at3041           -            362   2.9e-14   51.8   0.1   1   1   1.1e-15   1.7e-13   49.3   0.1    61   342   208   496   201   506 0.76 -
PSC68006.1           -            608 6571at3041           -            362   3.5e-14   51.6   0.0   1   2    0.0013      0.19    9.6   0.0    27   136   148   270   130   307 0.63 -
PSC68006.1           -            608 6571at3041           -            362   3.5e-14   51.6   0.0   2   2   1.1e-12   1.7e-10   39.4   0.0   242   348   356   459   339   473 0.79 -
PSC68276.1           -           1278 6571at3041           -            362   4.5e-14   51.2   0.4   1   2    0.0014      0.21    9.5   0.1    34   194   490   669   483   681 0.68 -
PSC68276.1           -           1278 6571at3041           -            362   4.5e-14   51.2   0.4   2   2   1.5e-12   2.3e-10   39.0   0.0   244   339   694   786   673   806 0.75 -
PSC68277.1           -           1278 6571at3041           -            362   4.5e-14   51.2   0.4   1   2    0.0014      0.21    9.5   0.1    34   194   490   669   483   681 0.68 -
PSC68277.1           -           1278 6571at3041           -            362   4.5e-14   51.2   0.4   2   2   1.5e-12   2.3e-10   39.0   0.0   244   339   694   786   673   806 0.75 -
PSC69011.1           -           2159 6571at3041           -            362   5.7e-14   50.8   0.1   1   4     1e-09   1.5e-07   29.7   0.0    14   161   493   666   486   677 0.68 -
PSC69011.1           -           2159 6571at3041           -            362   5.7e-14   50.8   0.1   2   4      0.16        24    2.7   0.0   276   326   796   847   741   873 0.80 -
PSC69011.1           -           2159 6571at3041           -            362   5.7e-14   50.8   0.1   3   4    0.0003     0.046   11.7   0.0    25   159  1352  1505  1335  1518 0.65 -
PSC69011.1           -           2159 6571at3041           -            362   5.7e-14   50.8   0.1   4   4      0.86   1.3e+02    0.3   0.0   277   313  1636  1672  1629  1730 0.64 -
PSC73839.1           -            413 6571at3041           -            362   5.2e-13   47.7   0.4   1   2     0.013         2    6.3   0.0    35   135    86   194    82   230 0.71 -
PSC73839.1           -            413 6571at3041           -            362   5.2e-13   47.7   0.4   2   2     1e-12   1.6e-10   39.5   0.2   229   347   265   382   228   392 0.81 -
PSC76969.1           -            999 6571at3041           -            362     6e-13   47.5   0.0   1   2      0.28        43    1.9   0.0    61   137   325   411   321   421 0.65 -
PSC76969.1           -            999 6571at3041           -            362     6e-13   47.5   0.0   2   2   8.9e-14   1.4e-11   43.0   0.0   215   358   570   710   556   714 0.88 -
PSC75732.1           -            791 6571at3041           -            362   1.3e-12   46.4   0.1   1   1   1.9e-14   2.8e-12   45.3   0.0   223   351   302   429   288   439 0.79 -
PSC67841.1           -            411 6571at3041           -            362   2.6e-12   45.4   0.7   1   2   0.00051     0.079   10.9   0.1    59   147   108   203    81   227 0.82 -
PSC67841.1           -            411 6571at3041           -            362   2.6e-12   45.4   0.7   2   2     1e-10   1.6e-08   32.9   0.1   229   339   260   368   222   391 0.77 -
PSC71864.1           -            671 6571at3041           -            362   8.6e-12   43.7   0.1   1   2       2.5   3.8e+02   -1.2   0.0    60   133   259   339   217   355 0.69 -
PSC71864.1           -            671 6571at3041           -            362   8.6e-12   43.7   0.1   2   2   1.8e-13   2.7e-11   42.1   0.0   246   339   433   523   370   535 0.79 -
PSC71624.1           -            581 6571at3041           -            362     1e-11   43.4   0.1   1   1   1.5e-13   2.2e-11   42.3   0.1   222   339   363   478   306   494 0.81 -
PSC76330.1           -            615 6571at3041           -            362   2.4e-11   42.2   1.1   1   3       4.3   6.6e+02   -2.0   0.0    21    40   163   183   155   185 0.62 -
PSC76330.1           -            615 6571at3041           -            362   2.4e-11   42.2   1.1   2   3         2     3e+02   -0.9   0.0    59   153   238   335   233   377 0.60 -
PSC76330.1           -            615 6571at3041           -            362   2.4e-11   42.2   1.1   3   3   6.5e-13   9.9e-11   40.2   0.1   227   345   387   504   363   512 0.84 -
PSC67942.1           -            506 6571at3041           -            362   6.6e-11   40.8   6.3   1   2    0.0011      0.16    9.9   0.6    59   167   180   299   148   327 0.72 -
PSC67942.1           -            506 6571at3041           -            362   6.6e-11   40.8   6.3   2   2   5.2e-11     8e-09   33.9   0.7   237   348   347   463   317   475 0.77 -
PSC67943.1           -            506 6571at3041           -            362   6.6e-11   40.8   6.3   1   2    0.0011      0.16    9.9   0.6    59   167   180   299   148   327 0.72 -
PSC67943.1           -            506 6571at3041           -            362   6.6e-11   40.8   6.3   2   2   5.2e-11     8e-09   33.9   0.7   237   348   347   463   317   475 0.77 -
PSC72599.1           -            946 6571at3041           -            362   6.8e-11   40.7   0.0   1   2       6.1   9.3e+02   -2.5   0.0    33    70   107   145    89   259 0.61 -
PSC72599.1           -            946 6571at3041           -            362   6.8e-11   40.7   0.0   2   2   1.1e-12   1.6e-10   39.5   0.0   279   338   340   400   275   412 0.80 -
PSC74558.1           -            595 6571at3041           -            362   2.5e-10   38.9   0.1   1   1   6.3e-12   9.7e-10   36.9   0.1   101   347   131   394    43   407 0.63 -
PSC74559.1           -            594 6571at3041           -            362   2.5e-10   38.9   0.1   1   1   6.3e-12   9.6e-10   36.9   0.1   101   347   131   394    43   407 0.63 -
PSC74143.1           -            438 6571at3041           -            362   4.5e-10   38.0   4.5   1   1   3.4e-10   5.2e-08   31.2   4.5   200   338   248   391    66   416 0.81 -
PSC69969.1           -           1255 6571at3041           -            362   9.7e-10   36.9   0.4   1   2   0.00038     0.058   11.3   0.2    13   146   565   697   559   701 0.68 -
PSC69969.1           -           1255 6571at3041           -            362   9.7e-10   36.9   0.4   2   2     1e-07   1.5e-05   23.1   0.0   139   346   713   919   706   932 0.77 -
PSC68005.1           -            655 6571at3041           -            362   1.1e-09   36.8   0.1   1   2      0.14        21    2.9   0.0    28    73   186   233   167   306 0.82 -
PSC68005.1           -            655 6571at3041           -            362   1.1e-09   36.8   0.1   2   2   2.4e-10   3.7e-08   31.7   0.0   161   349   349   536   344   548 0.78 -
PSC68971.1           -           1329 6571at3041           -            362   1.6e-09   36.2   0.1   1   1   1.3e-10   1.9e-08   32.7   0.1   229   343   483   598   278   608 0.83 -
PSC71287.1           -            968 6571at3041           -            362   1.7e-09   36.1   0.0   1   2       5.8   8.9e+02   -2.4   0.0    34    80    92   141    86   214 0.65 -
PSC71287.1           -            968 6571at3041           -            362   1.7e-09   36.1   0.0   2   2   3.2e-11   4.8e-09   34.6   0.0   236   342   285   388   272   397 0.85 -
PSC76590.1           -           1214 6571at3041           -            362   2.8e-09   35.4   0.2   1   2     0.018       2.8    5.8   0.0    26   160    64   211    50   226 0.73 -
PSC76590.1           -           1214 6571at3041           -            362   2.8e-09   35.4   0.2   2   2   7.4e-09   1.1e-06   26.8   0.0   231   352   295   414   288   425 0.81 -
PSC68061.1           -           1191 6571at3041           -            362   1.2e-08   33.3   0.0   1   2   5.8e-05    0.0088   14.0   0.0    11   136   703   839   697   885 0.72 -
PSC68061.1           -           1191 6571at3041           -            362   1.2e-08   33.3   0.0   2   2   7.7e-06    0.0012   16.9   0.0   231   355   920  1042   901  1048 0.81 -
PSC68062.1           -           1208 6571at3041           -            362   1.3e-08   33.2   0.0   1   2   5.9e-05     0.009   14.0   0.0    11   136   720   856   714   902 0.72 -
PSC68062.1           -           1208 6571at3041           -            362   1.3e-08   33.2   0.0   2   2   7.8e-06    0.0012   16.9   0.0   231   355   937  1059   918  1065 0.81 -
PSC71941.1           -            673 6571at3041           -            362   3.2e-08   31.9   0.0   1   2      0.01       1.6    6.6   0.0    61   134   147   227   142   268 0.66 -
PSC71941.1           -            673 6571at3041           -            362   3.2e-08   31.9   0.0   2   2   9.5e-08   1.5e-05   23.2   0.0   282   351   354   429   299   438 0.74 -
PSC74486.1           -           1485 6571at3041           -            362   4.1e-08   31.6   0.2   1   1     7e-09   1.1e-06   26.9   0.2     5   339   289   623   285   639 0.75 -
PSC74253.1           -           1049 6571at3041           -            362   1.2e-07   30.1   0.0   1   2   7.1e-05     0.011   13.7   0.0    12   160   109   265   101   281 0.70 -
PSC74253.1           -           1049 6571at3041           -            362   1.2e-07   30.1   0.0   2   2   5.5e-05    0.0084   14.1   0.0   237   340   319   422   297   443 0.83 -
PSC67883.1           -           2652 6571at3041           -            362   1.2e-07   30.0   0.1   1   2   4.5e-08   6.8e-06   24.3   0.0    27    74  1590  1638  1578  1702 0.80 -
PSC67883.1           -           2652 6571at3041           -            362   1.2e-07   30.0   0.1   2   2      0.11        17    3.3   0.0   289   338  2166  2217  2148  2226 0.87 -
PSC69715.1           -           1398 6571at3041           -            362   1.8e-07   29.5   0.9   1   2    0.0015      0.23    9.4   0.0     7   173   571   749   567   757 0.72 -
PSC69715.1           -           1398 6571at3041           -            362   1.8e-07   29.5   0.9   2   2   3.7e-06   0.00056   18.0   0.2   242   350   799   905   795   911 0.87 -
PSC75014.1           -            759 6571at3041           -            362   4.6e-07   28.1   0.0   1   2    0.0054      0.82    7.6   0.0    99   149   337   387   314   414 0.78 -
PSC75014.1           -            759 6571at3041           -            362   4.6e-07   28.1   0.0   2   2   2.9e-06   0.00045   18.3   0.0   279   340   554   616   541   637 0.83 -
PSC72145.1           -           1774 6571at3041           -            362   5.9e-07   27.8   0.4   1   3       9.7   1.5e+03   -3.1   0.0    35    95  1345  1402  1343  1415 0.67 -
PSC72145.1           -           1774 6571at3041           -            362   5.9e-07   27.8   0.4   2   3       7.9   1.2e+03   -2.9   0.0   119   163  1454  1496  1448  1503 0.75 -
PSC72145.1           -           1774 6571at3041           -            362   5.9e-07   27.8   0.4   3   3   1.3e-08     2e-06   26.0   0.1   279   347  1595  1665  1536  1678 0.74 -
PSC73140.1           -            973 6571at3041           -            362   9.5e-07   27.1   0.0   1   2         2   3.1e+02   -0.9   0.0     8    41   483   520   481   525 0.68 -
PSC73140.1           -            973 6571at3041           -            362   9.5e-07   27.1   0.0   2   2     3e-08   4.6e-06   24.8   0.0   220   356   705   837   690   841 0.70 -
PSC75286.1           -           1090 6571at3041           -            362   2.4e-06   25.8   0.2   1   1   3.4e-08   5.2e-06   24.7   0.1    82   244   156   330   144   356 0.73 -
PSC75805.1           -            655 6571at3041           -            362   4.8e-05   21.5   0.0   1   2   2.6e-06    0.0004   18.5   0.0   278   348   363   435   148   446 0.90 -
PSC75805.1           -            655 6571at3041           -            362   4.8e-05   21.5   0.0   2   2       6.6     1e+03   -2.6   0.0    68    96   458   486   453   488 0.88 -
PSC67349.1           -           1097 6571at3041           -            362   8.4e-05   20.7   0.0   1   2       3.9   5.9e+02   -1.8   0.0    27    40   510   523   494   531 0.76 -
PSC67349.1           -           1097 6571at3041           -            362   8.4e-05   20.7   0.0   2   2   2.9e-06   0.00045   18.3   0.0   278   338   847   908   800   924 0.90 -
PSC68272.1           -           1604 6571at3041           -            362   9.9e-05   20.5   0.1   1   1   1.2e-06   0.00018   19.6   0.1   276   345  1456  1526  1408  1535 0.86 -
PSC76053.1           -           3374 6571at3041           -            362   0.00011   20.3   0.1   1   2     0.046       7.1    4.5   0.0   119   165  1543  1595  1537  1616 0.70 -
PSC76053.1           -           3374 6571at3041           -            362   0.00011   20.3   0.1   2   2   0.00011     0.017   13.1   0.0   303   355  1989  2041  1984  2047 0.87 -
PSC72801.1           -           1068 6571at3041           -            362   0.00019   19.5   0.2   1   3       0.2        30    2.4   0.0   125   154   291   322   167   334 0.82 -
PSC72801.1           -           1068 6571at3041           -            362   0.00019   19.5   0.2   2   3   9.4e-05     0.014   13.3   0.0   230   344   474   591   462   609 0.72 -
PSC72801.1           -           1068 6571at3041           -            362   0.00019   19.5   0.2   3   3       4.8   7.4e+02   -2.2   0.0   176   243   776   846   767   862 0.72 -
PSC73217.1           -           1605 6571at3041           -            362   0.00032   18.8   0.7   1   1   2.8e-05    0.0043   15.1   0.7   292   353   494   557   396   564 0.83 -
PSC73218.1           -           1613 6571at3041           -            362   0.00033   18.8   0.7   1   1   2.8e-05    0.0043   15.1   0.7   292   353   494   557   396   564 0.83 -
PSC74953.1           -           1321 6571at3041           -            362   0.00051   18.1   0.0   1   1   5.8e-06   0.00088   17.3   0.0   243   345   496   599   491   608 0.75 -
PSC73016.1           -           1973 6571at3041           -            362   0.00065   17.8   0.1   1   3       3.4   5.2e+02   -1.6   0.0    72   109   414   452   402   460 0.78 -
PSC73016.1           -           1973 6571at3041           -            362   0.00065   17.8   0.1   2   3         4   6.2e+02   -1.9   0.0   122   161   803   841   786   896 0.82 -
PSC73016.1           -           1973 6571at3041           -            362   0.00065   17.8   0.1   3   3   3.5e-05    0.0053   14.8   0.1   226   340   984  1101   974  1118 0.67 -
PSC74391.1           -            662 6571at3041           -            362   0.00068   17.7   0.4   1   2    0.0074       1.1    7.1   0.1    14   172    26   201    22   337 0.65 -
PSC74391.1           -            662 6571at3041           -            362   0.00068   17.7   0.4   2   2    0.0078       1.2    7.0   0.0   307   347   371   413   368   423 0.84 -
PSC71012.1           -           2141 6571at3041           -            362   0.00091   17.3   0.0   1   1   1.3e-05     0.002   16.1   0.0    31   151  1380  1508  1373  1522 0.78 -
PSC75167.1           -           2502 6571at3041           -            362    0.0011   17.0   0.0   1   2      0.41        63    1.4   0.0    26    86  1112  1172  1096  1265 0.74 -
PSC75167.1           -           2502 6571at3041           -            362    0.0011   17.0   0.0   2   2   0.00013      0.02   12.8   0.0   236   340  1578  1686  1562  1706 0.82 -
PSC69888.1           -           2340 6571at3041           -            362     0.002   16.2   0.8   1   2     0.024       3.7    5.4   0.3    14    48   476   511   471   655 0.65 -
PSC69888.1           -           2340 6571at3041           -            362     0.002   16.2   0.8   2   2    0.0055      0.85    7.5   0.0   277   343   807   878   798   895 0.76 -
PSC68430.1           -           1313 6571at3041           -            362    0.0041   15.1   0.1   1   2     0.003      0.46    8.4   0.0    19   138   378   491   365   522 0.70 -
PSC68430.1           -           1313 6571at3041           -            362    0.0041   15.1   0.1   2   2     0.059       8.9    4.2   0.0   246   348   661   777   623   789 0.69 -
PSC68590.1           -           1731 6571at3041           -            362    0.0086   14.1   0.1   1   1   9.8e-05     0.015   13.3   0.1    15    81  1195  1261  1189  1275 0.85 -
PSC72529.1           -           1635 6571at3041           -            362     0.025   12.6   0.0   1   1   0.00037     0.056   11.4   0.0    15    75   183   242   178   339 0.70 -
PSC72530.1           -           1637 6571at3041           -            362     0.025   12.6   0.0   1   1   0.00037     0.057   11.4   0.0    15    75   183   242   178   339 0.70 -
PSC72531.1           -           1651 6571at3041           -            362     0.025   12.6   0.0   1   1   0.00037     0.057   11.4   0.0    15    75   183   242   178   339 0.70 -
#
# Program:         hmmsearch
# Version:         3.1b2 (February 2015)
# Pipeline mode:   SEARCH
# Query file:      /Users/catrionaharrison/Documents/Bioinformatics/rp2/Data/genomes/busco/busco_downloads/lineages/chlorophyta_odb10/hmms/6571at3041.hmm
# Target file:     /Users/catrionaharrison/Documents/Bioinformatics/rp2/Data/genomes/busco/data/micractinium_conductrix.prot.fasta
# Option settings: hmmsearch --domtblout /Users/catrionaharrison/Documents/Bioinformatics/rp2/Data/genomes/busco/Busco_conductrix/run_chlorophyta_odb10/hmmer_output/initial_run_results/6571at3041.out --cpu 1 /Users/catrionaharrison/Documents/Bioinformatics/rp2/Data/genomes/busco/busco_downloads/lineages/chlorophyta_odb10/hmms/6571at3041.hmm /Users/catrionaharrison/Documents/Bioinformatics/rp2/Data/genomes/busco/data/micractinium_conductrix.prot.fasta 
# Current dir:     /Users/catrionaharrison/Documents/Bioinformatics/rp2/Data/genomes/busco
# Date:            Fri Jul 22 15:21:52 2022
# [ok]
