#                                                                            --- full sequence --- -------------- this domain -------------   hmm coord   ali coord   env coord
# target name        accession   tlen query name           accession   qlen   E-value  score  bias   #  of  c-Evalue  i-Evalue  score  bias  from    to  from    to  from    to  acc description of target
#------------------- ---------- ----- -------------------- ---------- ----- --------- ------ ----- --- --- --------- --------- ------ ----- ----- ----- ----- ----- ----- ----- ---- ---------------------
PSC70524.1           -           1432 6625at3041           -            143   3.1e-54  181.8   0.7   1   3       1.5   5.1e+03   -3.7   0.0    65    95   321   351   316   359 0.76 -
PSC70524.1           -           1432 6625at3041           -            143   3.1e-54  181.8   0.7   2   3      0.29   9.8e+02   -1.3   0.0    66    86  1118  1138  1111  1142 0.87 -
PSC70524.1           -           1432 6625at3041           -            143   3.1e-54  181.8   0.7   3   3   9.5e-57   3.2e-53  178.6   0.6     1   142  1248  1415  1248  1416 0.89 -
PSC76098.1           -            136 6625at3041           -            143   2.9e-06   26.3   2.2   1   2     0.046   1.6e+02    1.3   0.1    54    87    16    49     6    59 0.77 -
PSC76098.1           -            136 6625at3041           -            143   2.9e-06   26.3   2.2   2   2     2e-09   6.8e-06   25.1   0.3    23    69    64   110    53   133 0.85 -
PSC76099.1           -            134 6625at3041           -            143   3.5e-06   26.1   2.5   1   2     0.045   1.5e+02    1.3   0.1    54    87    16    49     6    59 0.77 -
PSC76099.1           -            134 6625at3041           -            143   3.5e-06   26.1   2.5   2   2   2.2e-09   7.3e-06   25.0   0.4    23    69    64   110    54   131 0.86 -
#
# Program:         hmmsearch
# Version:         3.1b2 (February 2015)
# Pipeline mode:   SEARCH
# Query file:      /Users/catrionaharrison/Documents/Bioinformatics/rp2/Data/genomes/busco/busco_downloads/lineages/chlorophyta_odb10/hmms/6625at3041.hmm
# Target file:     /Users/catrionaharrison/Documents/Bioinformatics/rp2/Data/genomes/busco/data/micractinium_conductrix.prot.fasta
# Option settings: hmmsearch --domtblout /Users/catrionaharrison/Documents/Bioinformatics/rp2/Data/genomes/busco/Busco_conductrix/run_chlorophyta_odb10/hmmer_output/initial_run_results/6625at3041.out --cpu 1 /Users/catrionaharrison/Documents/Bioinformatics/rp2/Data/genomes/busco/busco_downloads/lineages/chlorophyta_odb10/hmms/6625at3041.hmm /Users/catrionaharrison/Documents/Bioinformatics/rp2/Data/genomes/busco/data/micractinium_conductrix.prot.fasta 
# Current dir:     /Users/catrionaharrison/Documents/Bioinformatics/rp2/Data/genomes/busco
# Date:            Fri Jul 22 15:22:01 2022
# [ok]
