#                                                                            --- full sequence --- -------------- this domain -------------   hmm coord   ali coord   env coord
# target name        accession   tlen query name           accession   qlen   E-value  score  bias   #  of  c-Evalue  i-Evalue  score  bias  from    to  from    to  from    to  acc description of target
#------------------- ---------- ----- -------------------- ---------- ----- --------- ------ ----- --- --- --------- --------- ------ ----- ----- ----- ----- ----- ----- ----- ---- ---------------------
PSC71211.1           -            466 7020at3041           -            231   2.3e-75  252.1  21.2   1   3   8.6e-55   3.3e-52  176.3   0.8     1   140    40   201    40   206 0.89 -
PSC71211.1           -            466 7020at3041           -            231   2.3e-75  252.1  21.2   2   3   1.3e-19   4.9e-17   61.3   2.6   137   194   307   384   299   404 0.81 -
PSC71211.1           -            466 7020at3041           -            231   2.3e-75  252.1  21.2   3   3     1e-07     4e-05   22.3   3.8   193   231   407   446   395   446 0.90 -
PSC76771.1           -            949 7020at3041           -            231   0.00025   19.7   0.9   1   2       0.5   1.9e+02    0.4   0.0   118   142   352   377   341   391 0.69 -
PSC76771.1           -            949 7020at3041           -            231   0.00025   19.7   0.9   2   2     6e-06    0.0023   16.5   0.5    28   111   430   511   416   529 0.83 -
PSC71545.1           -            395 7020at3041           -            231   0.00088   17.9   0.2   1   2    0.0011      0.43    9.1   0.1   118   177   109   166   102   188 0.71 -
PSC71545.1           -            395 7020at3041           -            231   0.00088   17.9   0.2   2   2    0.0035       1.3    7.5   0.0    34   101   169   240   163   266 0.63 -
PSC71826.1           -           1821 7020at3041           -            231    0.0017   17.0   0.1   1   2      0.06        23    3.4   0.0    62    97   180   214   143   249 0.77 -
PSC71826.1           -           1821 7020at3041           -            231    0.0017   17.0   0.1   2   2   0.00039      0.15   10.6   0.1   119   164   292   342   279   364 0.75 -
PSC67254.1           -            587 7020at3041           -            231    0.0018   16.9   0.5   1   2     1e-05    0.0039   15.8   0.1   118   149    51    81    23    86 0.80 -
PSC67254.1           -            587 7020at3041           -            231    0.0018   16.9   0.5   2   2       5.2     2e+03   -2.9   0.0   175   184   143   152   139   157 0.85 -
PSC72191.1           -            409 7020at3041           -            231    0.0029   16.2   0.1   1   2   3.3e-05     0.013   14.1   0.3   119   162   120   163    95   176 0.86 -
PSC72191.1           -            409 7020at3041           -            231    0.0029   16.2   0.1   2   2       1.7   6.6e+02   -1.3   0.0    76    93   241   258   235   292 0.77 -
PSC69152.1           -            343 7020at3041           -            231    0.0055   15.3   0.3   1   2    0.0087       3.4    6.2   0.0   115   140     6    31     1    36 0.86 -
PSC69152.1           -            343 7020at3041           -            231    0.0055   15.3   0.3   2   2    0.0048       1.9    7.0   0.1    72    96   158   182   153   193 0.77 -
PSC75525.1           -           1434 7020at3041           -            231    0.0081   14.7   0.4   1   2    0.0037       1.4    7.4   0.0   106   134   142   170   136   178 0.88 -
PSC75525.1           -           1434 7020at3041           -            231    0.0081   14.7   0.4   2   2     0.021       8.3    4.9   0.1   108   140   861   893   844   899 0.84 -
PSC75526.1           -           1460 7020at3041           -            231    0.0084   14.7   0.4   1   2    0.0037       1.4    7.4   0.0   106   134   168   196   162   204 0.88 -
PSC75526.1           -           1460 7020at3041           -            231    0.0084   14.7   0.4   2   2     0.022       8.5    4.9   0.1   108   140   887   919   870   925 0.84 -
PSC71846.1           -            491 7020at3041           -            231     0.015   13.9   0.1   1   2    0.0023       0.9    8.0   0.0    99   140    65   106    54   111 0.82 -
PSC71846.1           -            491 7020at3041           -            231     0.015   13.9   0.1   2   2     0.085        33    2.9   0.0    76    98   236   261   219   278 0.75 -
PSC68628.1           -            871 7020at3041           -            231     0.019   13.5   0.0   1   2   0.00035      0.13   10.7   0.0   119   167   205   259   199   266 0.74 -
PSC68628.1           -            871 7020at3041           -            231     0.019   13.5   0.0   2   2         1   3.9e+02   -0.6   0.0    47   131   286   367   282   384 0.58 -
PSC68627.1           -            872 7020at3041           -            231     0.019   13.5   0.0   1   2   0.00035      0.13   10.7   0.0   119   167   205   259   199   266 0.74 -
PSC68627.1           -            872 7020at3041           -            231     0.019   13.5   0.0   2   2         1     4e+02   -0.6   0.0    47   131   286   367   282   383 0.58 -
PSC76814.1           -            542 7020at3041           -            231     0.038   12.6   3.8   1   3   0.00012     0.048   12.2   0.0   103   182    14    94     3   128 0.78 -
PSC76814.1           -            542 7020at3041           -            231     0.038   12.6   3.8   2   3       1.1   4.2e+02   -0.7   0.0    78    92   199   213   184   219 0.81 -
PSC76814.1           -            542 7020at3041           -            231     0.038   12.6   3.8   3   3       1.4   5.3e+02   -1.0   0.4   185   212   465   493   456   512 0.62 -
PSC76815.1           -            542 7020at3041           -            231     0.038   12.6   3.8   1   3   0.00012     0.048   12.2   0.0   103   182    14    94     3   128 0.78 -
PSC76815.1           -            542 7020at3041           -            231     0.038   12.6   3.8   2   3       1.1   4.2e+02   -0.7   0.0    78    92   199   213   184   219 0.81 -
PSC76815.1           -            542 7020at3041           -            231     0.038   12.6   3.8   3   3       1.4   5.3e+02   -1.0   0.4   185   212   465   493   456   512 0.62 -
PSC71035.1           -            631 7020at3041           -            231     0.042   12.4   0.3   1   1   0.00018     0.071   11.7   0.3   114   142    52    79    33    86 0.81 -
PSC74296.1           -            719 7020at3041           -            231     0.043   12.4   0.2   1   2   0.00033      0.13   10.8   0.1   119   143   121   145   103   151 0.84 -
PSC74296.1           -            719 7020at3041           -            231     0.043   12.4   0.2   2   2       9.4   3.6e+03   -3.8   0.0   102   115   300   313   287   316 0.78 -
PSC68046.1           -           1326 7020at3041           -            231     0.043   12.4   0.3   1   1   0.00021     0.083   11.4   0.3   103   144   733   775   718   781 0.73 -
PSC67488.1           -            569 7020at3041           -            231      0.06   11.9   5.7   1   3    0.0017      0.67    8.5   0.1   104   139   272   306   258   345 0.64 -
PSC67488.1           -            569 7020at3041           -            231      0.06   11.9   5.7   2   3     0.017       6.8    5.2   0.6    34   124   348   440   320   445 0.61 -
PSC67488.1           -            569 7020at3041           -            231      0.06   11.9   5.7   3   3       1.7   6.6e+02   -1.3   0.0   102   114   466   478   464   514 0.64 -
PSC69400.1           -           1550 7020at3041           -            231     0.063   11.8   0.5   1   2      0.11        42    2.6   0.0    91   135   289   331   274   340 0.83 -
PSC69400.1           -           1550 7020at3041           -            231     0.063   11.8   0.5   2   2    0.0081       3.1    6.3   0.2   115   140   960   985   947   994 0.84 -
PSC72150.1           -            650 7020at3041           -            231     0.064   11.8   0.1   1   1   0.00027      0.11   11.1   0.1   108   145    80   117    62   122 0.88 -
PSC67489.1           -            560 7020at3041           -            231     0.072   11.6   5.2   1   3     0.003       1.2    7.7   0.1   104   136   272   303   256   334 0.76 -
PSC67489.1           -            560 7020at3041           -            231     0.072   11.6   5.2   2   3     0.016       6.3    5.3   0.4    35   124   340   431   316   436 0.60 -
PSC67489.1           -            560 7020at3041           -            231     0.072   11.6   5.2   3   3       1.7   6.4e+02   -1.3   0.0   102   114   457   469   455   505 0.64 -
PSC73576.1           -           1347 7020at3041           -            231     0.075   11.6   0.5   1   2     0.021       8.2    4.9   0.1   116   140     8    32     2    38 0.87 -
PSC73576.1           -           1347 7020at3041           -            231     0.075   11.6   0.5   2   2     0.032        12    4.3   0.0    76   102   156   182   126   194 0.84 -
PSC76164.1           -           2200 7020at3041           -            231      0.12   10.9   0.6   1   2     0.029        11    4.4   0.1   115   134  1141  1160  1133  1168 0.85 -
PSC76164.1           -           2200 7020at3041           -            231      0.12   10.9   0.6   2   2     0.033        13    4.3   0.1   118   151  1940  1974  1928  1984 0.77 -
PSC72325.1           -            981 7020at3041           -            231      0.12   10.9   3.1   1   3     0.033        13    4.3   0.0   119   140   406   427   397   452 0.88 -
PSC72325.1           -            981 7020at3041           -            231      0.12   10.9   3.1   2   3     0.012       4.8    5.7   0.1   118   135   650   667   640   676 0.80 -
PSC72325.1           -            981 7020at3041           -            231      0.12   10.9   3.1   3   3       4.3   1.7e+03   -2.7   0.4    11    34   734   757   729   760 0.84 -
PSC76163.1           -           2270 7020at3041           -            231      0.13   10.8   0.6   1   2      0.03        12    4.4   0.1   115   134  1141  1160  1133  1168 0.85 -
PSC76163.1           -           2270 7020at3041           -            231      0.13   10.8   0.6   2   2     0.034        13    4.2   0.1   118   151  2010  2044  1998  2054 0.77 -
PSC71397.1           -            642 7020at3041           -            231      0.22   10.1   5.0   1   3     0.027        11    4.5   0.0    77   134   275   331   268   341 0.73 -
PSC71397.1           -            642 7020at3041           -            231      0.22   10.1   5.0   2   3    0.0041       1.6    7.2   0.1   119   144   343   369   333   405 0.71 -
PSC71397.1           -            642 7020at3041           -            231      0.22   10.1   5.0   3   3       3.6   1.4e+03   -2.4   0.6   192   228   591   624   567   629 0.51 -
#
# Program:         hmmsearch
# Version:         3.1b2 (February 2015)
# Pipeline mode:   SEARCH
# Query file:      /Users/catrionaharrison/Documents/Bioinformatics/rp2/Data/genomes/busco/busco_downloads/lineages/chlorophyta_odb10/hmms/7020at3041.hmm
# Target file:     /Users/catrionaharrison/Documents/Bioinformatics/rp2/Data/genomes/busco/data/micractinium_conductrix.prot.fasta
# Option settings: hmmsearch --domtblout /Users/catrionaharrison/Documents/Bioinformatics/rp2/Data/genomes/busco/Busco_conductrix/run_chlorophyta_odb10/hmmer_output/initial_run_results/7020at3041.out --cpu 1 /Users/catrionaharrison/Documents/Bioinformatics/rp2/Data/genomes/busco/busco_downloads/lineages/chlorophyta_odb10/hmms/7020at3041.hmm /Users/catrionaharrison/Documents/Bioinformatics/rp2/Data/genomes/busco/data/micractinium_conductrix.prot.fasta 
# Current dir:     /Users/catrionaharrison/Documents/Bioinformatics/rp2/Data/genomes/busco
# Date:            Fri Jul 22 15:23:19 2022
# [ok]
