#                                                                            --- full sequence --- -------------- this domain -------------   hmm coord   ali coord   env coord
# target name        accession   tlen query name           accession   qlen   E-value  score  bias   #  of  c-Evalue  i-Evalue  score  bias  from    to  from    to  from    to  acc description of target
#------------------- ---------- ----- -------------------- ---------- ----- --------- ------ ----- --- --- --------- --------- ------ ----- ----- ----- ----- ----- ----- ----- ---- ---------------------
PSC72809.1           -            689 731at3041            -            549  3.3e-280  929.3   5.7   1   2  7.6e-223  2.5e-219  728.3   2.7     1   414    14   485    14   499 0.88 -
PSC72809.1           -            689 731at3041            -            549  3.3e-280  929.3   5.7   2   2   8.6e-62   2.9e-58  196.8   0.1   413   541   518   658   498   667 0.88 -
PSC74718.1           -            642 731at3041            -            549   2.4e-08   32.0   0.2   1   3   0.00036       1.2    6.6   0.0    60   123   262   324   223   333 0.80 -
PSC74718.1           -            642 731at3041            -            549   2.4e-08   32.0   0.2   2   3   8.5e-07    0.0029   15.2   0.0   209   264   348   404   339   417 0.84 -
PSC74718.1           -            642 731at3041            -            549   2.4e-08   32.0   0.2   3   3   0.00036       1.2    6.6   0.1   462   548   547   633   539   634 0.80 -
PSC73319.1           -            711 731at3041            -            549    0.0073   13.9   0.6   1   3      0.08   2.7e+02   -1.2   0.0    67   120   317   369   304   377 0.84 -
PSC73319.1           -            711 731at3041            -            549    0.0073   13.9   0.6   2   3   8.8e-05       0.3    8.6   0.0   214   257   400   444   389   459 0.87 -
PSC73319.1           -            711 731at3041            -            549    0.0073   13.9   0.6   3   3    0.0083        28    2.1   0.1   460   543   591   675   586   681 0.83 -
#
# Program:         hmmsearch
# Version:         3.1b2 (February 2015)
# Pipeline mode:   SEARCH
# Query file:      /Users/catrionaharrison/Documents/Bioinformatics/rp2/Data/genomes/busco/busco_downloads/lineages/chlorophyta_odb10/hmms/731at3041.hmm
# Target file:     /Users/catrionaharrison/Documents/Bioinformatics/rp2/Data/genomes/busco/data/micractinium_conductrix.prot.fasta
# Option settings: hmmsearch --domtblout /Users/catrionaharrison/Documents/Bioinformatics/rp2/Data/genomes/busco/Busco_conductrix/run_chlorophyta_odb10/hmmer_output/initial_run_results/731at3041.out --cpu 1 /Users/catrionaharrison/Documents/Bioinformatics/rp2/Data/genomes/busco/busco_downloads/lineages/chlorophyta_odb10/hmms/731at3041.hmm /Users/catrionaharrison/Documents/Bioinformatics/rp2/Data/genomes/busco/data/micractinium_conductrix.prot.fasta 
# Current dir:     /Users/catrionaharrison/Documents/Bioinformatics/rp2/Data/genomes/busco
# Date:            Fri Jul 22 15:23:24 2022
# [ok]
