#                                                                            --- full sequence --- -------------- this domain -------------   hmm coord   ali coord   env coord
# target name        accession   tlen query name           accession   qlen   E-value  score  bias   #  of  c-Evalue  i-Evalue  score  bias  from    to  from    to  from    to  acc description of target
#------------------- ---------- ----- -------------------- ---------- ----- --------- ------ ----- --- --- --------- --------- ------ ----- ----- ----- ----- ----- ----- ----- ---- ---------------------
PSC70743.1           -           1666 7631at3041           -            124     1e-52  176.3   0.6   1   1   2.6e-55   2.2e-52  175.2   0.6     3   123    54   181    52   182 0.93 -
PSC70124.1           -            383 7631at3041           -            124   8.4e-22   76.5   0.9   1   1   2.9e-24   2.4e-21   75.0   0.9     7   100    31   120    25   126 0.86 -
PSC69244.1           -            305 7631at3041           -            124     5e-21   74.0   0.6   1   1   8.7e-24   7.3e-21   73.4   0.6     6   106    30   134    24   142 0.88 -
PSC68207.1           -            319 7631at3041           -            124   6.3e-16   57.5   0.0   1   1   1.4e-18   1.2e-15   56.6   0.0    16   100   197   278   186   291 0.87 -
PSC75870.1           -            139 7631at3041           -            124   1.1e-14   53.4   1.5   1   1   2.1e-17   1.8e-14   52.8   1.5     2    94    33   120    32   126 0.92 -
PSC67424.1           -           1217 7631at3041           -            124   1.8e-08   33.4   2.6   1   3       9.4   7.9e+03   -4.2   0.2    33    64   593   625   592   632 0.72 -
PSC67424.1           -           1217 7631at3041           -            124   1.8e-08   33.4   2.6   2   3   8.6e-09   7.2e-06   25.0   0.0     8    38  1141  1171  1136  1174 0.93 -
PSC67424.1           -           1217 7631at3041           -            124   1.8e-08   33.4   2.6   3   3    0.0019       1.6    7.8   0.0    71    95  1181  1204  1172  1213 0.74 -
PSC70240.1           -            129 7631at3041           -            124   1.1e-07   30.8   1.0   1   1     2e-10   1.7e-07   30.3   1.0    17   113    29   120    15   126 0.80 -
PSC71314.1           -            167 7631at3041           -            124   0.00041   19.3   0.3   1   1   9.6e-07   0.00081   18.4   0.3     8    78    57   138    51   161 0.75 -
PSC71313.1           -            160 7631at3041           -            124   0.00053   19.0   0.2   1   1   1.3e-06    0.0011   17.9   0.2     8    77    57   137    51   144 0.74 -
PSC68108.1           -            169 7631at3041           -            124   0.00079   18.4   0.3   1   2   1.5e-06    0.0012   17.8   0.1     2    58    66   121    65   128 0.87 -
PSC68108.1           -            169 7631at3041           -            124   0.00079   18.4   0.3   2   2       5.8   4.8e+03   -3.5   0.0    48    59   133   144   131   154 0.76 -
PSC70794.1           -            285 7631at3041           -            124      0.04   12.9   0.1   1   1   9.4e-05     0.079   11.9   0.1    36    57    92   113    80   128 0.85 -
PSC76527.1           -            283 7631at3041           -            124      0.09   11.8   0.5   1   3       3.2   2.7e+03   -2.7   0.3    48    63    37    52    30    57 0.83 -
PSC76527.1           -            283 7631at3041           -            124      0.09   11.8   0.5   2   3      0.25   2.1e+02    0.9   0.0     7    27   216   236   212   239 0.85 -
PSC76527.1           -            283 7631at3041           -            124      0.09   11.8   0.5   3   3   0.00093      0.78    8.7   0.0    73    94   237   258   228   270 0.82 -
#
# Program:         hmmsearch
# Version:         3.1b2 (February 2015)
# Pipeline mode:   SEARCH
# Query file:      /Users/catrionaharrison/Documents/Bioinformatics/rp2/Data/genomes/busco/busco_downloads/lineages/chlorophyta_odb10/hmms/7631at3041.hmm
# Target file:     /Users/catrionaharrison/Documents/Bioinformatics/rp2/Data/genomes/busco/data/micractinium_conductrix.prot.fasta
# Option settings: hmmsearch --domtblout /Users/catrionaharrison/Documents/Bioinformatics/rp2/Data/genomes/busco/Busco_conductrix/run_chlorophyta_odb10/hmmer_output/initial_run_results/7631at3041.out --cpu 1 /Users/catrionaharrison/Documents/Bioinformatics/rp2/Data/genomes/busco/busco_downloads/lineages/chlorophyta_odb10/hmms/7631at3041.hmm /Users/catrionaharrison/Documents/Bioinformatics/rp2/Data/genomes/busco/data/micractinium_conductrix.prot.fasta 
# Current dir:     /Users/catrionaharrison/Documents/Bioinformatics/rp2/Data/genomes/busco
# Date:            Fri Jul 22 15:24:19 2022
# [ok]
