#                                                                            --- full sequence --- -------------- this domain -------------   hmm coord   ali coord   env coord
# target name        accession   tlen query name           accession   qlen   E-value  score  bias   #  of  c-Evalue  i-Evalue  score  bias  from    to  from    to  from    to  acc description of target
#------------------- ---------- ----- -------------------- ---------- ----- --------- ------ ----- --- --- --------- --------- ------ ----- ----- ----- ----- ----- ----- ----- ---- ---------------------
PSC71593.1           -           2061 7646at3041           -            241   4.7e-78  260.9   3.3   1   2   1.3e-40   8.8e-39  132.3   0.3     2   110  1340  1472  1339  1475 0.85 -
PSC71593.1           -           2061 7646at3041           -            241   4.7e-78  260.9   3.3   2   2   1.8e-39   1.3e-37  128.5   0.2    88   241  1523  1692  1508  1692 0.84 -
PSC72149.1           -            358 7646at3041           -            241   5.6e-27   93.7   2.2   1   4   2.4e-10   1.7e-08   33.2   0.1   179   240    72   136    59   137 0.90 -
PSC72149.1           -            358 7646at3041           -            241   5.6e-27   93.7   2.2   2   4   1.4e-11   9.7e-10   37.2   0.0    39   111   103   185    95   197 0.83 -
PSC72149.1           -            358 7646at3041           -            241   5.6e-27   93.7   2.2   3   4   3.9e-06   0.00027   19.4   0.0   177   240   197   262   185   263 0.83 -
PSC72149.1           -            358 7646at3041           -            241   5.6e-27   93.7   2.2   4   4   3.8e-07   2.6e-05   22.7   0.0   176   234   288   348   269   354 0.81 -
PSC76313.1           -            970 7646at3041           -            241   4.3e-23   81.0   1.5   1   5     5e-07   3.5e-05   22.3   0.0   139   240    54   168    48   169 0.79 -
PSC76313.1           -            970 7646at3041           -            241   4.3e-23   81.0   1.5   2   5       7.5   5.2e+02   -1.2   0.0    85   110   204   229   176   246 0.67 -
PSC76313.1           -            970 7646at3041           -            241   4.3e-23   81.0   1.5   3   5   9.6e-07   6.6e-05   21.4   0.1   170   239   419   492   380   494 0.66 -
PSC76313.1           -            970 7646at3041           -            241   4.3e-23   81.0   1.5   4   5   2.7e-07   1.9e-05   23.2   0.0   171   240   507   579   498   580 0.82 -
PSC76313.1           -            970 7646at3041           -            241   4.3e-23   81.0   1.5   5   5     0.013      0.89    7.9   0.0    40   140   589   685   582   704 0.77 -
PSC75373.1           -            472 7646at3041           -            241   4.7e-22   77.6  14.6   1   6   2.2e-05    0.0015   16.9   0.1   206   241   123   160   116   160 0.85 -
PSC75373.1           -            472 7646at3041           -            241   4.7e-22   77.6  14.6   2   6    0.0017      0.12   10.8   0.0   161   224   172   235   161   237 0.71 -
PSC75373.1           -            472 7646at3041           -            241   4.7e-22   77.6  14.6   3   6   5.4e-06   0.00037   19.0   0.1    52   112   192   260   190   265 0.79 -
PSC75373.1           -            472 7646at3041           -            241   4.7e-22   77.6  14.6   4   6     8e-06   0.00056   18.4   1.1   184   240   279   337   263   338 0.60 -
PSC75373.1           -            472 7646at3041           -            241   4.7e-22   77.6  14.6   5   6   4.3e-10     3e-08   32.4   0.7   180   240   317   382   314   383 0.84 -
PSC75373.1           -            472 7646at3041           -            241   4.7e-22   77.6  14.6   6   6      0.05       3.5    5.9   0.0    76   110   393   429   384   455 0.80 -
PSC70582.1           -           1174 7646at3041           -            241   4.1e-21   74.5  26.0   1   6    0.0026      0.18   10.2   0.0   179   241   210   273   192   273 0.80 -
PSC70582.1           -           1174 7646at3041           -            241   4.1e-21   74.5  26.0   2   6   2.4e-07   1.7e-05   23.3   1.1    38   134   282   396   274   398 0.74 -
PSC70582.1           -           1174 7646at3041           -            241   4.1e-21   74.5  26.0   3   6      0.26        18    3.6   0.0   178   205   378   406   367   417 0.76 -
PSC70582.1           -           1174 7646at3041           -            241   4.1e-21   74.5  26.0   4   6       4.7   3.3e+02   -0.5   0.0    88   108   445   465   442   516 0.72 -
PSC70582.1           -           1174 7646at3041           -            241   4.1e-21   74.5  26.0   5   6     1e-09   6.9e-08   31.2   7.2    75   241   578   751   554   751 0.73 -
PSC70582.1           -           1174 7646at3041           -            241   4.1e-21   74.5  26.0   6   6   0.00041     0.029   12.8   0.4    40   127   760   862   753   870 0.74 -
PSC70581.1           -           1186 7646at3041           -            241   4.4e-21   74.4  25.9   1   6    0.0026      0.18   10.2   0.0   179   241   222   285   204   285 0.80 -
PSC70581.1           -           1186 7646at3041           -            241   4.4e-21   74.4  25.9   2   6   2.5e-07   1.7e-05   23.3   1.1    38   134   294   408   286   410 0.74 -
PSC70581.1           -           1186 7646at3041           -            241   4.4e-21   74.4  25.9   3   6      0.28        19    3.5   0.0   178   205   390   418   379   427 0.75 -
PSC70581.1           -           1186 7646at3041           -            241   4.4e-21   74.4  25.9   4   6       4.8   3.3e+02   -0.5   0.0    88   108   457   477   454   528 0.72 -
PSC70581.1           -           1186 7646at3041           -            241   4.4e-21   74.4  25.9   5   6   9.6e-10   6.7e-08   31.2   7.2    75   241   590   763   565   763 0.72 -
PSC70581.1           -           1186 7646at3041           -            241   4.4e-21   74.4  25.9   6   6   0.00042     0.029   12.8   0.4    40   127   772   874   765   882 0.74 -
PSC71246.1           -            985 7646at3041           -            241     5e-21   74.2  14.0   1   7   0.00025     0.018   13.5   0.0   178   241    24    95    11    95 0.78 -
PSC71246.1           -            985 7646at3041           -            241     5e-21   74.2  14.0   2   7   1.8e-07   1.3e-05   23.8   0.1   138   225    67   161    59   170 0.83 -
PSC71246.1           -            985 7646at3041           -            241     5e-21   74.2  14.0   3   7    0.0038      0.26    9.6   0.2    54   104   170   229   165   236 0.63 -
PSC71246.1           -            985 7646at3041           -            241     5e-21   74.2  14.0   4   7     0.021       1.5    7.2   0.2    31    72   445   485   426   512 0.65 -
PSC71246.1           -            985 7646at3041           -            241     5e-21   74.2  14.0   5   7    0.0012     0.081   11.3   0.0    15    72   510   567   497   572 0.91 -
PSC71246.1           -            985 7646at3041           -            241     5e-21   74.2  14.0   6   7    0.0066      0.46    8.8   0.0    13    74   603   664   596   672 0.91 -
PSC71246.1           -            985 7646at3041           -            241     5e-21   74.2  14.0   7   7   0.00058      0.04   12.3   0.4    40   104   672   745   667   750 0.67 -
PSC74769.1           -            482 7646at3041           -            241   3.2e-20   71.5  14.3   1   4   0.00036     0.025   13.0   0.0   195   241    98   146    83   146 0.85 -
PSC74769.1           -            482 7646at3041           -            241   3.2e-20   71.5  14.3   2   4   4.5e-06   0.00031   19.2   1.5   167   240   154   234   147   235 0.78 -
PSC74769.1           -            482 7646at3041           -            241   3.2e-20   71.5  14.3   3   4      0.01       0.7    8.2   0.3    28    81   232   284   230   290 0.68 -
PSC74769.1           -            482 7646at3041           -            241   3.2e-20   71.5  14.3   4   4   1.8e-10   1.2e-08   33.6   0.2    32   136   356   478   353   478 0.83 -
PSC67992.1           -            555 7646at3041           -            241   5.4e-20   70.8  11.0   1   6      0.51        36    2.7   0.0   208   227    16    35     3    45 0.77 -
PSC67992.1           -            555 7646at3041           -            241   5.4e-20   70.8  11.0   2   6   1.5e-05     0.001   17.5   0.1   185   240    70   126    55   127 0.74 -
PSC67992.1           -            555 7646at3041           -            241   5.4e-20   70.8  11.0   3   6   4.7e-06   0.00033   19.1   0.4   204   240   130   168   126   169 0.85 -
PSC67992.1           -            555 7646at3041           -            241   5.4e-20   70.8  11.0   4   6   1.9e-06   0.00013   20.4   1.4   178   241   146   211   145   211 0.85 -
PSC67992.1           -            555 7646at3041           -            241   5.4e-20   70.8  11.0   5   6     0.024       1.6    7.0   0.0    87   109   235   257   222   260 0.81 -
PSC67992.1           -            555 7646at3041           -            241   5.4e-20   70.8  11.0   6   6   2.7e-06   0.00018   20.0   0.0   178   240   273   337   260   338 0.88 -
PSC74259.1           -            316 7646at3041           -            241   5.1e-19   67.6   5.5   1   2      0.12       8.2    4.7   0.0   205   240    25    62    18    63 0.77 -
PSC74259.1           -            316 7646at3041           -            241   5.1e-19   67.6   5.5   2   2     3e-19   2.1e-17   62.4   5.2     3   240    36   315    34   315 0.78 -
PSC69028.1           -            615 7646at3041           -            241   5.7e-19   67.5   9.5   1   3     0.092       6.4    5.1   0.0   178   240   111   175    96   176 0.71 -
PSC69028.1           -            615 7646at3041           -            241   5.7e-19   67.5   9.5   2   3   1.5e-12   1.1e-10   40.4   0.1     5   105   151   258   147   268 0.82 -
PSC69028.1           -            615 7646at3041           -            241   5.7e-19   67.5   9.5   3   3   2.6e-09   1.8e-07   29.8   3.0    39   136   267   384   259   390 0.77 -
PSC67497.1           -            505 7646at3041           -            241   1.6e-18   66.0   7.5   1   4    0.0028      0.19   10.1   0.0    76   110   191   227   185   234 0.75 -
PSC67497.1           -            505 7646at3041           -            241   1.6e-18   66.0   7.5   2   4   4.3e-08     3e-06   25.8   0.1    40   110   232   311   223   317 0.84 -
PSC67497.1           -            505 7646at3041           -            241   1.6e-18   66.0   7.5   3   4   2.9e-06    0.0002   19.8   0.4    41    99   317   384   310   388 0.80 -
PSC67497.1           -            505 7646at3041           -            241   1.6e-18   66.0   7.5   4   4    0.0006     0.042   12.3   0.0    82   167   407   484   401   493 0.85 -
PSC67962.1           -           1012 7646at3041           -            241   6.7e-17   60.7  20.7   1   6   0.00035     0.024   13.0   0.3    50    77   139   168   116   176 0.77 -
PSC67962.1           -           1012 7646at3041           -            241   6.7e-17   60.7  20.7   2   6   7.9e-07   5.5e-05   21.7   0.1   181   240   184   243   177   244 0.89 -
PSC67962.1           -           1012 7646at3041           -            241   6.7e-17   60.7  20.7   3   6   1.1e-06   7.5e-05   21.2   0.5   182   240   265   323   259   324 0.88 -
PSC67962.1           -           1012 7646at3041           -            241   6.7e-17   60.7  20.7   4   6      0.26        18    3.6   0.1   209   240   332   363   324   364 0.82 -
PSC67962.1           -           1012 7646at3041           -            241   6.7e-17   60.7  20.7   5   6   0.00055     0.038   12.4   0.4   186   241   349   404   340   404 0.84 -
PSC67962.1           -           1012 7646at3041           -            241   6.7e-17   60.7  20.7   6   6    0.0022      0.15   10.4   1.4    43   106   376   444   365   482 0.82 -
PSC71489.1           -            387 7646at3041           -            241   9.7e-17   60.2   2.9   1   3   2.8e-09   1.9e-07   29.7   0.3   180   240    74   136    69   137 0.77 -
PSC71489.1           -            387 7646at3041           -            241   9.7e-17   60.2   2.9   2   3   2.7e-06   0.00019   19.9   0.0   173   240   150   223   141   224 0.79 -
PSC71489.1           -            387 7646at3041           -            241   9.7e-17   60.2   2.9   3   3     0.058         4    5.8   0.0    91   112   252   273   241   289 0.81 -
PSC68551.1           -            317 7646at3041           -            241   1.2e-16   59.8  10.7   1   4   2.3e-05    0.0016   16.9   0.1    39    74    51    89    10    93 0.74 -
PSC68551.1           -            317 7646at3041           -            241   1.2e-16   59.8  10.7   2   4   7.9e-07   5.5e-05   21.7   0.6    35   114    95   185    90   197 0.78 -
PSC68551.1           -            317 7646at3041           -            241   1.2e-16   59.8  10.7   3   4   5.6e-08   3.9e-06   25.5   0.1   186   240   205   263   198   264 0.87 -
PSC68551.1           -            317 7646at3041           -            241   1.2e-16   59.8  10.7   4   4    0.0016      0.11   10.8   0.2   178   240   240   308   232   309 0.77 -
PSC69723.1           -            525 7646at3041           -            241   2.4e-16   58.9   4.0   1   4   2.4e-05    0.0017   16.8   0.6   178   229   223   274   203   297 0.73 -
PSC69723.1           -            525 7646at3041           -            241   2.4e-16   58.9   4.0   2   4   3.2e-07   2.2e-05   23.0   0.2    45   111   310   385   300   395 0.79 -
PSC69723.1           -            525 7646at3041           -            241   2.4e-16   58.9   4.0   3   4     2e-05    0.0014   17.1   0.0   179   239   400   463   392   465 0.88 -
PSC69723.1           -            525 7646at3041           -            241   2.4e-16   58.9   4.0   4   4       9.9   6.9e+02   -1.6   0.0   209   239   473   506   469   508 0.74 -
PSC71192.1           -            416 7646at3041           -            241   3.4e-16   58.4   1.6   1   4   6.6e-07   4.6e-05   21.9   0.1    34   111   170   266   166   269 0.78 -
PSC71192.1           -            416 7646at3041           -            241   3.4e-16   58.4   1.6   2   4   0.00039     0.027   12.9   0.0    72   110   270   311   265   316 0.82 -
PSC71192.1           -            416 7646at3041           -            241   3.4e-16   58.4   1.6   3   4    0.0026      0.18   10.2   0.0    40    77   317   355   309   359 0.82 -
PSC71192.1           -            416 7646at3041           -            241   3.4e-16   58.4   1.6   4   4     0.053       3.7    5.9   0.0    42    76   376   411   364   414 0.76 -
PSC74579.1           -            843 7646at3041           -            241   9.3e-16   56.9   0.3   1   3     0.042       2.9    6.2   0.0   206   240   393   429   377   430 0.82 -
PSC74579.1           -            843 7646at3041           -            241   9.3e-16   56.9   0.3   2   3   9.4e-10   6.5e-08   31.3   0.1    30   145   496   627   489   643 0.77 -
PSC74579.1           -            843 7646at3041           -            241   9.3e-16   56.9   0.3   3   3   6.8e-05    0.0047   15.3   0.0   174   208   689   724   646   745 0.84 -
PSC68890.1           -           1140 7646at3041           -            241   2.8e-15   55.4  19.8   1   4   6.9e-05    0.0048   15.3   0.2   209   240    11    44     5    45 0.87 -
PSC68890.1           -           1140 7646at3041           -            241   2.8e-15   55.4  19.8   2   4   2.4e-09   1.6e-07   29.9   2.4   178   240    70   136    57   137 0.85 -
PSC68890.1           -           1140 7646at3041           -            241   2.8e-15   55.4  19.8   3   4   1.6e-05    0.0011   17.4   3.7   179   240   160   228   145   229 0.79 -
PSC68890.1           -           1140 7646at3041           -            241   2.8e-15   55.4  19.8   4   4       4.4     3e+02   -0.4   0.0   213   238   248   274   239   276 0.69 -
PSC74587.1           -            739 7646at3041           -            241   8.8e-15   53.8   8.5   1   4   8.3e-05    0.0058   15.1   0.1    15    73   299   357   285   383 0.70 -
PSC74587.1           -            739 7646at3041           -            241   8.8e-15   53.8   8.5   2   4   1.5e-07   1.1e-05   24.0   1.1   178   239   387   450   361   452 0.88 -
PSC74587.1           -            739 7646at3041           -            241   8.8e-15   53.8   8.5   3   4       4.2   2.9e+02   -0.3   0.0    14    31   595   612   589   627 0.63 -
PSC74587.1           -            739 7646at3041           -            241   8.8e-15   53.8   8.5   4   4   6.4e-05    0.0045   15.4   0.0   179   240   672   734   668   735 0.89 -
PSC73533.1           -            789 7646at3041           -            241   9.9e-15   53.6   6.6   1   3     8e-07   5.6e-05   21.7   0.8    39   123    18   111    12   133 0.79 -
PSC73533.1           -            789 7646at3041           -            241   9.9e-15   53.6   6.6   2   3       1.7   1.2e+02    0.9   0.0    77   106   106   137   103   146 0.64 -
PSC73533.1           -            789 7646at3041           -            241   9.9e-15   53.6   6.6   3   3   3.9e-10   2.7e-08   32.5   0.2    11   101   171   270   163   280 0.84 -
PSC73893.1           -            915 7646at3041           -            241   5.3e-14   51.2  17.4   1   7     0.023       1.6    7.1   0.0   190   239    33    91    25    93 0.68 -
PSC73893.1           -            915 7646at3041           -            241   5.3e-14   51.2  17.4   2   7       2.4   1.7e+02    0.5   0.0   186   222    78   120    70   145 0.46 -
PSC73893.1           -            915 7646at3041           -            241   5.3e-14   51.2  17.4   3   7     0.003      0.21    9.9   0.0    41    73   234   269   204   280 0.60 -
PSC73893.1           -            915 7646at3041           -            241   5.3e-14   51.2  17.4   4   7      0.63        44    2.4   0.1   175   203   388   417   371   437 0.79 -
PSC73893.1           -            915 7646at3041           -            241   5.3e-14   51.2  17.4   5   7    0.0079      0.55    8.6   0.1    37    71   439   473   431   484 0.82 -
PSC73893.1           -            915 7646at3041           -            241   5.3e-14   51.2  17.4   6   7   0.00041     0.029   12.8   0.1    25    72   692   739   674   747 0.81 -
PSC73893.1           -            915 7646at3041           -            241   5.3e-14   51.2  17.4   7   7     5e-05    0.0035   15.8   0.0   108   239   766   910   753   912 0.68 -
PSC74984.1           -            676 7646at3041           -            241     1e-13   50.3   1.3   1   3     0.011      0.79    8.1   0.2    42    72    12    43     6    91 0.76 -
PSC74984.1           -            676 7646at3041           -            241     1e-13   50.3   1.3   2   3   1.1e-05   0.00074   18.0   0.0   163   239   157   235   127   237 0.75 -
PSC74984.1           -            676 7646at3041           -            241     1e-13   50.3   1.3   3   3   2.3e-12   1.6e-10   39.8   0.3     7   112   172   285   166   295 0.86 -
PSC75649.1           -            807 7646at3041           -            241   1.5e-13   49.7  12.6   1   3      0.75        52    2.1   0.0   209   239     9    40     2    43 0.60 -
PSC75649.1           -            807 7646at3041           -            241   1.5e-13   49.7  12.6   2   3   4.5e-07   3.1e-05   22.5   0.4   182   240    75   134    66   135 0.87 -
PSC75649.1           -            807 7646at3041           -            241   1.5e-13   49.7  12.6   3   3     3e-06   0.00021   19.8   5.9    39   233   141   323   135   325 0.76 -
PSC68064.1           -            644 7646at3041           -            241   4.7e-13   48.1   1.0   1   4   0.00099     0.069   11.5   0.2     7   109   238   344   232   347 0.76 -
PSC68064.1           -            644 7646at3041           -            241   4.7e-13   48.1   1.0   2   4   5.4e-05    0.0037   15.7   0.1   179   240   342   407   340   408 0.83 -
PSC68064.1           -            644 7646at3041           -            241   4.7e-13   48.1   1.0   3   4    0.0012     0.084   11.3   0.0    35    77   419   461   413   473 0.86 -
PSC68064.1           -            644 7646at3041           -            241   4.7e-13   48.1   1.0   4   4     0.037       2.6    6.4   0.0    13    74   524   586   515   596 0.78 -
PSC73589.1           -           1663 7646at3041           -            241   5.4e-13   47.9   1.6   1   4     0.047       3.3    6.0   0.0    13    88   310   392   300   399 0.83 -
PSC73589.1           -           1663 7646at3041           -            241   5.4e-13   47.9   1.6   2   4     0.012      0.81    8.0   0.0    42    75   638   671   605   682 0.79 -
PSC73589.1           -           1663 7646at3041           -            241   5.4e-13   47.9   1.6   3   4   5.4e-08   3.8e-06   25.5   0.2   139   240   684   791   672   792 0.83 -
PSC73589.1           -           1663 7646at3041           -            241   5.4e-13   47.9   1.6   4   4      0.29        20    3.5   0.0    13    74   875   936   868   941 0.92 -
PSC74642.1           -           1040 7646at3041           -            241   5.6e-13   47.8   0.6   1   3   0.00019     0.013   13.9   0.1    14    74    69   129    58   132 0.91 -
PSC74642.1           -           1040 7646at3041           -            241   5.6e-13   47.8   0.6   2   3   6.4e-07   4.4e-05   22.0   0.0   173   240   143   215   133   216 0.80 -
PSC74642.1           -           1040 7646at3041           -            241   5.6e-13   47.8   0.6   3   3   6.7e-05    0.0047   15.4   0.0   186   240   201   257   195   258 0.82 -
PSC76416.1           -            763 7646at3041           -            241   8.4e-13   47.3   3.2   1   5   4.2e-08   2.9e-06   25.9   0.2    45   116   239   317   205   325 0.82 -
PSC76416.1           -            763 7646at3041           -            241   8.4e-13   47.3   3.2   2   5   0.00029      0.02   13.3   0.0   190   240   296   349   295   350 0.82 -
PSC76416.1           -            763 7646at3041           -            241   8.4e-13   47.3   3.2   3   5   7.7e-05    0.0053   15.2   0.2   179   240   328   394   318   395 0.76 -
PSC76416.1           -            763 7646at3041           -            241   8.4e-13   47.3   3.2   4   5    0.0023      0.16   10.3   0.1    18    77   337   399   336   413 0.76 -
PSC76416.1           -            763 7646at3041           -            241   8.4e-13   47.3   3.2   5   5      0.24        16    3.8   0.0   191   239   429   478   399   480 0.63 -
PSC74415.1           -            769 7646at3041           -            241   1.4e-12   46.5   4.3   1   2   4.8e-13   3.3e-11   42.0   0.8    11   134    70   212    64   222 0.78 -
PSC74415.1           -            769 7646at3041           -            241   1.4e-12   46.5   4.3   2   2      0.13       9.2    4.6   0.1    42   107   227   303   218   311 0.65 -
PSC71110.1           -            577 7646at3041           -            241   1.5e-12   46.4   6.1   1   3     0.025       1.7    7.0   0.0    37    70    14    47     7    55 0.85 -
PSC71110.1           -            577 7646at3041           -            241   1.5e-12   46.4   6.1   2   3   0.00034     0.023   13.1   0.2    34    83    56   107    48   112 0.87 -
PSC71110.1           -            577 7646at3041           -            241   1.5e-12   46.4   6.1   3   3   5.8e-08     4e-06   25.4   0.2    13   109   120   224   109   231 0.83 -
PSC67172.1           -            446 7646at3041           -            241   1.7e-12   46.3   8.7   1   4   1.8e-06   0.00012   20.5   0.4    46   111   176   248   143   253 0.73 -
PSC67172.1           -            446 7646at3041           -            241   1.7e-12   46.3   8.7   2   4    0.0057       0.4    9.0   0.1   205   239   248   284   241   284 0.82 -
PSC67172.1           -            446 7646at3041           -            241   1.7e-12   46.3   8.7   3   4   3.4e-06   0.00023   19.6   0.1    15    78   270   336   267   348 0.83 -
PSC67172.1           -            446 7646at3041           -            241   1.7e-12   46.3   8.7   4   4      0.13       8.9    4.6   0.1   205   239   378   414   363   416 0.61 -
PSC71591.1           -           1052 7646at3041           -            241   1.8e-12   46.2   0.1   1   2     0.031       2.1    6.7   0.0    47    77   713   743   709   751 0.85 -
PSC71591.1           -           1052 7646at3041           -            241   1.8e-12   46.2   0.1   2   2   6.3e-11   4.4e-09   35.1   0.0    39   232   792   991   783   999 0.82 -
PSC74299.1           -            314 7646at3041           -            241   1.9e-12   46.1   6.2   1   2   2.9e-13     2e-11   42.7   3.1    14   241    46   281    37   281 0.74 -
PSC74299.1           -            314 7646at3041           -            241   1.9e-12   46.1   6.2   2   2    0.0049      0.34    9.3   0.9    41    75   249   283   243   302 0.88 -
PSC72059.1           -           1738 7646at3041           -            241   2.8e-12   45.6   5.1   1   5   4.1e-06   0.00029   19.3   0.1   179   240    21    90    16    91 0.82 -
PSC72059.1           -           1738 7646at3041           -            241   2.8e-12   45.6   5.1   2   5    0.0072       0.5    8.7   0.2    38    75   117   156   110   168 0.77 -
PSC72059.1           -           1738 7646at3041           -            241   2.8e-12   45.6   5.1   3   5      0.93        65    1.8   0.0    39    74   165   200   157   210 0.81 -
PSC72059.1           -           1738 7646at3041           -            241   2.8e-12   45.6   5.1   4   5     0.017       1.2    7.5   0.0   170   225   257   323   249   334 0.76 -
PSC72059.1           -           1738 7646at3041           -            241   2.8e-12   45.6   5.1   5   5     0.058         4    5.7   0.0    18    74   376   434   363   442 0.75 -
PSC71260.1           -            466 7646at3041           -            241   3.4e-12   45.3  12.0   1   3    0.0079      0.55    8.6   0.7   185   241   139   198    91   198 0.87 -
PSC71260.1           -            466 7646at3041           -            241   3.4e-12   45.3  12.0   2   3   7.2e-09     5e-07   28.4   2.8    38   110   272   356   232   360 0.71 -
PSC71260.1           -            466 7646at3041           -            241   3.4e-12   45.3  12.0   3   3   2.1e-07   1.5e-05   23.6   0.2     6    75   327   400   323   418 0.84 -
PSC74641.1           -            621 7646at3041           -            241   3.8e-12   45.1   5.4   1   2   1.4e-06   9.4e-05   20.9   3.6    10   117   220   337   214   346 0.82 -
PSC74641.1           -            621 7646at3041           -            241   3.8e-12   45.1   5.4   2   2   4.6e-07   3.2e-05   22.4   0.0   175   241   347   414   346   414 0.84 -
PSC67815.1           -            864 7646at3041           -            241   4.4e-12   44.9   8.3   1   4       2.3   1.6e+02    0.5   0.0   210   240    11    45     6    46 0.59 -
PSC67815.1           -            864 7646at3041           -            241   4.4e-12   44.9   8.3   2   4   5.6e-06   0.00039   18.9   0.3   172   240    64   135    18   137 0.74 -
PSC67815.1           -            864 7646at3041           -            241   4.4e-12   44.9   8.3   3   4   0.00014    0.0095   14.4   0.4   178   241   113   182   106   182 0.82 -
PSC67815.1           -            864 7646at3041           -            241   4.4e-12   44.9   8.3   4   4     6e-07   4.1e-05   22.1   1.1    58   214   167   330   159   335 0.69 -
PSC72877.1           -            448 7646at3041           -            241   4.8e-12   44.8   0.1   1   2   7.9e-08   5.5e-06   25.0   0.0     2    74   118   191   117   201 0.90 -
PSC72877.1           -            448 7646at3041           -            241   4.8e-12   44.8   0.1   2   2   1.4e-05   0.00099   17.6   0.1   176   240   358   433   317   434 0.71 -
PSC75857.1           -            444 7646at3041           -            241   4.9e-12   44.8   1.9   1   3   2.6e-07   1.8e-05   23.2   0.0   208   240   112   146    97   147 0.85 -
PSC75857.1           -            444 7646at3041           -            241   4.9e-12   44.8   1.9   2   3    0.0002     0.014   13.8   0.0   178   241   265   338   229   338 0.79 -
PSC75857.1           -            444 7646at3041           -            241   4.9e-12   44.8   1.9   3   3      0.36        25    3.2   0.0    90   106   422   438   417   442 0.87 -
PSC73673.1           -            914 7646at3041           -            241   5.6e-12   44.6  14.6   1   2   1.7e-08   1.1e-06   27.2   0.5   138   240   609   720   607   721 0.85 -
PSC73673.1           -            914 7646at3041           -            241   5.6e-12   44.6  14.6   2   2   1.4e-09     1e-07   30.7   7.8    15   229   662   881   660   890 0.71 -
PSC75123.1           -           1298 7646at3041           -            241     9e-12   43.9   8.0   1   3   1.8e-06   0.00013   20.5   0.3   109   240   447   578   437   579 0.83 -
PSC75123.1           -           1298 7646at3041           -            241     9e-12   43.9   8.0   2   3   9.7e-05    0.0068   14.8   0.2   186   240   564   620   555   621 0.75 -
PSC75123.1           -           1298 7646at3041           -            241     9e-12   43.9   8.0   3   3   0.00013     0.009   14.4   0.2   179   240   641   705   636   708 0.72 -
PSC69797.1           -            441 7646at3041           -            241   1.1e-11   43.6  12.6   1   5     0.097       6.8    5.0   0.1   209   240    70   104    61   105 0.60 -
PSC69797.1           -            441 7646at3041           -            241   1.1e-11   43.6  12.6   2   5     6e-06   0.00041   18.8   0.1   178   240    81   152    78   153 0.74 -
PSC69797.1           -            441 7646at3041           -            241   1.1e-11   43.6  12.6   3   5    0.0021      0.15   10.5   0.5   180   239   174   237   169   239 0.75 -
PSC69797.1           -            441 7646at3041           -            241   1.1e-11   43.6  12.6   4   5     0.018       1.3    7.4   0.2    79   108   300   332   293   348 0.78 -
PSC69797.1           -            441 7646at3041           -            241   1.1e-11   43.6  12.6   5   5    0.0013      0.09   11.1   0.1    15    70   360   415   350   420 0.89 -
PSC67813.1           -            316 7646at3041           -            241   1.2e-11   43.5   8.9   1   4      0.64        45    2.3   0.0   210   240    11    45     4    46 0.61 -
PSC67813.1           -            316 7646at3041           -            241   1.2e-11   43.5   8.9   2   4   1.4e-06   9.8e-05   20.8   0.9   172   240    64   135    14   137 0.71 -
PSC67813.1           -            316 7646at3041           -            241   1.2e-11   43.5   8.9   3   4   3.7e-05    0.0026   16.2   0.4   178   241   113   182   111   182 0.82 -
PSC67813.1           -            316 7646at3041           -            241   1.2e-11   43.5   8.9   4   4     3e-06    0.0002   19.8   0.3    58   108   167   226   162   261 0.75 -
PSC68617.1           -           1241 7646at3041           -            241   2.2e-11   42.6   4.2   1   3     0.031       2.1    6.7   0.0    67   110    32    84     3    95 0.69 -
PSC68617.1           -           1241 7646at3041           -            241   2.2e-11   42.6   4.2   2   3   1.5e-05    0.0011   17.5   1.1   185   241   106   164    94   164 0.81 -
PSC68617.1           -           1241 7646at3041           -            241   2.2e-11   42.6   4.2   3   3   2.3e-05    0.0016   16.9   0.1   178   240   218   284   213   285 0.86 -
PSC75478.1           -           1839 7646at3041           -            241   3.1e-11   42.1   4.4   1   4     0.055       3.8    5.8   0.1    89   112   638   661   611   671 0.73 -
PSC75478.1           -           1839 7646at3041           -            241   3.1e-11   42.1   4.4   2   4    0.0017      0.12   10.8   0.1   179   235   729   786   722   792 0.85 -
PSC75478.1           -           1839 7646at3041           -            241   3.1e-11   42.1   4.4   3   4       4.9   3.4e+02   -0.6   0.0    46    76   804   834   774   862 0.78 -
PSC75478.1           -           1839 7646at3041           -            241   3.1e-11   42.1   4.4   4   4   1.7e-07   1.2e-05   23.8   0.1   172   240   896   968   883   969 0.79 -
PSC67099.1           -            525 7646at3041           -            241   3.6e-11   41.9   9.6   1   3   1.9e-07   1.4e-05   23.7   0.0     6   107   241   352   235   357 0.77 -
PSC67099.1           -            525 7646at3041           -            241   3.6e-11   41.9   9.6   2   3    0.0021      0.15   10.4   0.1   181   240   330   392   316   393 0.66 -
PSC67099.1           -            525 7646at3041           -            241   3.6e-11   41.9   9.6   3   3   0.00043      0.03   12.7   3.9   169   239   450   523   406   524 0.77 -
PSC67814.1           -            424 7646at3041           -            241   4.3e-11   41.7   8.3   1   4      0.98        68    1.7   0.0   210   240    11    45     5    46 0.60 -
PSC67814.1           -            424 7646at3041           -            241   4.3e-11   41.7   8.3   2   4     3e-06   0.00021   19.8   0.1   173   240    65   135    47   136 0.79 -
PSC67814.1           -            424 7646at3041           -            241   4.3e-11   41.7   8.3   3   4   5.5e-05    0.0039   15.6   0.5   178   241   113   182   110   182 0.82 -
PSC67814.1           -            424 7646at3041           -            241   4.3e-11   41.7   8.3   4   4   5.7e-06   0.00039   18.9   0.9    58   109   167   227   162   309 0.81 -
PSC76836.1           -           1054 7646at3041           -            241   4.3e-11   41.7   1.0   1   5       7.7   5.3e+02   -1.2   0.0   179   240    63   124    57   125 0.80 -
PSC76836.1           -           1054 7646at3041           -            241   4.3e-11   41.7   1.0   2   5       4.3     3e+02   -0.4   0.0    60   109   157   215   146   223 0.69 -
PSC76836.1           -           1054 7646at3041           -            241   4.3e-11   41.7   1.0   3   5     0.018       1.3    7.4   0.0    12    71   260   320   248   328 0.82 -
PSC76836.1           -           1054 7646at3041           -            241   4.3e-11   41.7   1.0   4   5     0.041       2.9    6.2   0.1    74   109   521   558   513   566 0.66 -
PSC76836.1           -           1054 7646at3041           -            241   4.3e-11   41.7   1.0   5   5   1.2e-06   8.6e-05   21.0   0.1    11    74   576   639   566   669 0.91 -
PSC71368.1           -           1233 7646at3041           -            241     1e-10   40.4   0.6   1   2   0.00057      0.04   12.3   0.0   186   240    80   136    56   138 0.59 -
PSC71368.1           -           1233 7646at3041           -            241     1e-10   40.4   0.6   2   2   7.4e-07   5.1e-05   21.8   0.2    80   240   204   357   174   358 0.76 -
PSC72392.1           -           1576 7646at3041           -            241   1.4e-10   40.0   5.9   1   2     1e-06     7e-05   21.3   1.9    42   110   299   378   290   388 0.81 -
PSC72392.1           -           1576 7646at3041           -            241   1.4e-10   40.0   5.9   2   2   1.1e-05   0.00075   18.0   0.1    15   115   402   517   389   533 0.70 -
PSC74135.1           -            522 7646at3041           -            241   1.5e-10   39.9   3.5   1   4   0.00022     0.015   13.7   0.1    74   109    31    66    21    86 0.89 -
PSC74135.1           -            522 7646at3041           -            241   1.5e-10   39.9   3.5   2   4   0.00023     0.016   13.6   0.0   168   240    77   153    65   154 0.76 -
PSC74135.1           -            522 7646at3041           -            241   1.5e-10   39.9   3.5   3   4     0.015       1.1    7.6   0.1    90   107   221   238   185   270 0.72 -
PSC74135.1           -            522 7646at3041           -            241   1.5e-10   39.9   3.5   4   4      0.38        26    3.1   0.0    60    76   287   303   278   312 0.59 -
PSC70372.1           -           1705 7646at3041           -            241     2e-10   39.5   6.3   1   5   1.8e-05    0.0013   17.2   0.3   179   241   183   247   168   247 0.75 -
PSC70372.1           -           1705 7646at3041           -            241     2e-10   39.5   6.3   2   5       2.1   1.5e+02    0.6   0.0   184   211   278   306   268   317 0.78 -
PSC70372.1           -           1705 7646at3041           -            241     2e-10   39.5   6.3   3   5     0.016       1.1    7.6   0.0   178   208   452   483   444   496 0.89 -
PSC70372.1           -           1705 7646at3041           -            241     2e-10   39.5   6.3   4   5      0.05       3.4    6.0   0.0   208   240   619   653   595   654 0.81 -
PSC70372.1           -           1705 7646at3041           -            241     2e-10   39.5   6.3   5   5      0.11         8    4.8   0.1    47   108   695   766   692   774 0.76 -
PSC71527.1           -            421 7646at3041           -            241   6.9e-10   37.7   0.3   1   3   4.9e-05    0.0034   15.8   0.0   176   240    34    99    28   100 0.85 -
PSC71527.1           -            421 7646at3041           -            241   6.9e-10   37.7   0.3   2   3     0.048       3.3    6.0   0.0   180   222   216   264   170   267 0.74 -
PSC71527.1           -            421 7646at3041           -            241   6.9e-10   37.7   0.3   3   3   0.00079     0.055   11.9   0.0   180   239   264   328   252   330 0.82 -
PSC71497.1           -            575 7646at3041           -            241   7.2e-10   37.7   9.9   1   5       3.4   2.4e+02   -0.1   0.0   209   240    51    87    46    88 0.75 -
PSC71497.1           -            575 7646at3041           -            241   7.2e-10   37.7   9.9   2   5     7e-06   0.00049   18.6   1.3   194   240    82   127    57   128 0.78 -
PSC71497.1           -            575 7646at3041           -            241   7.2e-10   37.7   9.9   3   5   2.1e-05    0.0015   17.0   0.3    33   107   280   361   265   370 0.61 -
PSC71497.1           -            575 7646at3041           -            241   7.2e-10   37.7   9.9   4   5       2.2   1.5e+02    0.6   0.0    13    31   383   401   374   412 0.67 -
PSC71497.1           -            575 7646at3041           -            241   7.2e-10   37.7   9.9   5   5       1.1        79    1.5   0.0   207   236   428   457   420   463 0.57 -
PSC71525.1           -            890 7646at3041           -            241   7.5e-10   37.6   4.0   1   2   1.9e-06   0.00013   20.4   0.4     7    95   619   705   614   712 0.86 -
PSC71525.1           -            890 7646at3041           -            241   7.5e-10   37.6   4.0   2   2   2.1e-05    0.0014   17.0   0.0   185   239   712   768   702   770 0.86 -
PSC74864.1           -            468 7646at3041           -            241   1.3e-09   36.9   2.1   1   3   9.6e-08   6.6e-06   24.7   0.3   137   223   158   250   104   263 0.71 -
PSC74864.1           -            468 7646at3041           -            241   1.3e-09   36.9   2.1   2   3      0.68        47    2.3   0.0    92   116   300   324   293   337 0.84 -
PSC74864.1           -            468 7646at3041           -            241   1.3e-09   36.9   2.1   3   3     0.016       1.1    7.6   0.0   169   240   372   447   360   448 0.77 -
PSC72094.1           -            957 7646at3041           -            241   1.6e-09   36.5  12.5   1   6     0.049       3.4    6.0   0.0    39    73     7    41     3    53 0.82 -
PSC72094.1           -            957 7646at3041           -            241   1.6e-09   36.5  12.5   2   6       2.7   1.9e+02    0.3   0.0   177   204    70    97    54   120 0.66 -
PSC72094.1           -            957 7646at3041           -            241   1.6e-09   36.5  12.5   3   6   5.9e-07   4.1e-05   22.1   1.6    32   106   111   194    70   205 0.82 -
PSC72094.1           -            957 7646at3041           -            241   1.6e-09   36.5  12.5   4   6      0.11       7.8    4.8   0.2   172   205   165   199   156   219 0.68 -
PSC72094.1           -            957 7646at3041           -            241   1.6e-09   36.5  12.5   5   6      0.41        29    3.0   0.4   171   222   212   270   197   276 0.62 -
PSC72094.1           -            957 7646at3041           -            241   1.6e-09   36.5  12.5   6   6     0.083       5.8    5.2   0.0    43    70   322   349   292   355 0.72 -
PSC72285.1           -            621 7646at3041           -            241   2.1e-09   36.2   8.9   1   4      0.13       8.7    4.7   0.1   203   240   239   278   231   279 0.84 -
PSC72285.1           -            621 7646at3041           -            241   2.1e-09   36.2   8.9   2   4      0.25        18    3.7   0.3   142   192   301   351   292   396 0.51 -
PSC72285.1           -            621 7646at3041           -            241   2.1e-09   36.2   8.9   3   4      0.18        12    4.2   0.0   137   164   459   486   419   490 0.80 -
PSC72285.1           -            621 7646at3041           -            241   2.1e-09   36.2   8.9   4   4   3.2e-08   2.2e-06   26.2   0.2   182   239   551   611   528   613 0.82 -
PSC69662.1           -           2032 7646at3041           -            241   3.5e-09   35.4   3.2   1   2   0.00011    0.0078   14.6   0.1   178   240  1737  1809  1728  1810 0.62 -
PSC69662.1           -           2032 7646at3041           -            241   3.5e-09   35.4   3.2   2   2   3.3e-05    0.0023   16.4   0.8   135   203  1823  1898  1815  1910 0.71 -
PSC69661.1           -           2031 7646at3041           -            241   3.6e-09   35.4   3.3   1   2   0.00011    0.0078   14.6   0.1   178   240  1736  1808  1727  1809 0.62 -
PSC69661.1           -           2031 7646at3041           -            241   3.6e-09   35.4   3.3   2   2   3.4e-05    0.0023   16.3   0.8   135   203  1822  1897  1814  1909 0.71 -
PSC75018.1           -            929 7646at3041           -            241   3.9e-09   35.3   9.2   1   4     3e-07   2.1e-05   23.1   0.2   107   240   147   286   135   287 0.73 -
PSC75018.1           -            929 7646at3041           -            241   3.9e-09   35.3   9.2   2   4    0.0011     0.073   11.4   0.2   186   241   272   328   268   328 0.77 -
PSC75018.1           -            929 7646at3041           -            241   3.9e-09   35.3   9.2   3   4       4.1   2.8e+02   -0.3   0.0    92   106   354   368   337   382 0.72 -
PSC75018.1           -            929 7646at3041           -            241   3.9e-09   35.3   9.2   4   4     0.043         3    6.2   0.1   113   140   405   432   399   440 0.78 -
PSC74360.1           -            347 7646at3041           -            241     5e-09   34.9   2.6   1   2   1.1e-05   0.00078   17.9   1.3    57   112   141   204   128   210 0.62 -
PSC74360.1           -            347 7646at3041           -            241     5e-09   34.9   2.6   2   2     8e-05    0.0056   15.1   0.0    10   240   223   288   214   294 0.53 -
PSC74361.1           -            377 7646at3041           -            241   5.4e-09   34.8   2.3   1   2   1.1e-05    0.0008   17.9   1.1    57   112   171   234   159   240 0.62 -
PSC74361.1           -            377 7646at3041           -            241   5.4e-09   34.8   2.3   2   2   9.2e-05    0.0064   14.9   0.0    10   240   253   318   244   324 0.53 -
PSC69170.1           -           1015 7646at3041           -            241   7.1e-09   34.4   0.0   1   2   1.1e-06   7.9e-05   21.2   0.0    12    80   128   198   119   208 0.88 -
PSC69170.1           -           1015 7646at3041           -            241   7.1e-09   34.4   0.0   2   2    0.0021      0.14   10.5   0.0   143   198   279   331   273   337 0.83 -
PSC72719.1           -            499 7646at3041           -            241   1.1e-08   33.9   4.8   1   4       3.2   2.2e+02    0.0   0.0   112   138   110   136   105   144 0.83 -
PSC72719.1           -            499 7646at3041           -            241   1.1e-08   33.9   4.8   2   4   2.1e-07   1.5e-05   23.6   0.3    13    80   172   239   169   291 0.78 -
PSC72719.1           -            499 7646at3041           -            241   1.1e-08   33.9   4.8   3   4       1.3        88    1.4   0.0   139   172   376   409   329   413 0.84 -
PSC72719.1           -            499 7646at3041           -            241   1.1e-08   33.9   4.8   4   4      0.02       1.4    7.3   0.1    19    76   435   493   419   498 0.80 -
PSC69091.1           -            790 7646at3041           -            241   3.8e-08   32.0   0.7   1   2   3.3e-06   0.00023   19.6   0.2    13    77   140   204   128   214 0.87 -
PSC69091.1           -            790 7646at3041           -            241   3.8e-08   32.0   0.7   2   2    0.0027      0.19   10.1   0.0   182   240   234   298   219   308 0.54 -
PSC75185.1           -           1495 7646at3041           -            241   5.7e-08   31.4   5.5   1   4   7.2e-06    0.0005   18.5   1.0    16   109  1109  1214  1097  1219 0.78 -
PSC75185.1           -           1495 7646at3041           -            241   5.7e-08   31.4   5.5   2   4    0.0002     0.014   13.8   0.0    16    75  1196  1255  1185  1262 0.92 -
PSC75185.1           -           1495 7646at3041           -            241   5.7e-08   31.4   5.5   3   4      0.06       4.2    5.7   0.1   184   238  1279  1335  1270  1339 0.87 -
PSC75185.1           -           1495 7646at3041           -            241   5.7e-08   31.4   5.5   4   4      0.37        25    3.1   0.0    50    73  1358  1381  1347  1387 0.78 -
PSC75543.1           -            669 7646at3041           -            241   5.8e-08   31.4   0.5   1   3         1        69    1.7   0.0    50   239   349   370   321   374 0.66 -
PSC75543.1           -            669 7646at3041           -            241   5.8e-08   31.4   0.5   2   3   9.9e-05    0.0069   14.8   0.0    81   110   498   527   472   529 0.83 -
PSC75543.1           -            669 7646at3041           -            241   5.8e-08   31.4   0.5   3   3    0.0014     0.096   11.1   0.0    76   143   543   612   540   642 0.76 -
PSC75184.1           -           1499 7646at3041           -            241   5.8e-08   31.4   5.5   1   4   7.2e-06    0.0005   18.5   1.0    16   109  1113  1218  1101  1223 0.78 -
PSC75184.1           -           1499 7646at3041           -            241   5.8e-08   31.4   5.5   2   4    0.0002     0.014   13.8   0.0    16    75  1200  1259  1189  1266 0.92 -
PSC75184.1           -           1499 7646at3041           -            241   5.8e-08   31.4   5.5   3   4      0.06       4.2    5.7   0.1   184   238  1283  1339  1274  1343 0.87 -
PSC75184.1           -           1499 7646at3041           -            241   5.8e-08   31.4   5.5   4   4      0.37        25    3.1   0.0    50    73  1362  1385  1351  1391 0.78 -
PSC74953.1           -           1321 7646at3041           -            241   6.1e-08   31.3   6.3   1   4     5e-06   0.00035   19.1   0.8    16   110   931  1037   920  1043 0.78 -
PSC74953.1           -           1321 7646at3041           -            241   6.1e-08   31.3   6.3   2   4   0.00017     0.012   14.0   0.0    15    75  1017  1077  1006  1082 0.92 -
PSC74953.1           -           1321 7646at3041           -            241   6.1e-08   31.3   6.3   3   4     0.053       3.7    5.9   0.1   184   238  1101  1157  1092  1160 0.87 -
PSC74953.1           -           1321 7646at3041           -            241   6.1e-08   31.3   6.3   4   4     0.058         4    5.8   0.1    20    73  1149  1203  1142  1208 0.77 -
PSC70979.1           -            728 7646at3041           -            241   6.7e-08   31.2   1.2   1   2     0.037       2.5    6.4   0.3   224   239   442   457   332   459 0.71 -
PSC70979.1           -            728 7646at3041           -            241   6.7e-08   31.2   1.2   2   2     4e-07   2.8e-05   22.6   0.0   183   241   487   547   481   547 0.88 -
PSC73206.1           -            734 7646at3041           -            241   7.3e-08   31.1   0.0   1   2   0.00011    0.0075   14.7   0.0     6    75   371   449   366   453 0.78 -
PSC73206.1           -            734 7646at3041           -            241   7.3e-08   31.1   0.0   2   2     0.001      0.07   11.5   0.0     7   110   517   632   512   648 0.73 -
PSC71637.1           -            490 7646at3041           -            241   1.2e-07   30.3   8.1   1   4       0.2        14    4.0   0.0    92   113   185   206   153   210 0.87 -
PSC71637.1           -            490 7646at3041           -            241   1.2e-07   30.3   8.1   2   4     0.074       5.2    5.4   0.0   205   240   224   262   202   263 0.73 -
PSC71637.1           -            490 7646at3041           -            241   1.2e-07   30.3   8.1   3   4   1.9e-06   0.00014   20.4   1.3    42   108   276   355   265   359 0.76 -
PSC71637.1           -            490 7646at3041           -            241   1.2e-07   30.3   8.1   4   4       2.1   1.4e+02    0.7   0.0    33    62   375   404   371   411 0.75 -
PSC69674.1           -            630 7646at3041           -            241     2e-07   29.7   0.5   1   3   0.00021     0.015   13.7   0.1    76   116    37    81    32   119 0.62 -
PSC69674.1           -            630 7646at3041           -            241     2e-07   29.7   0.5   2   3      0.12         8    4.8   0.0    87   111   143   167   123   173 0.84 -
PSC69674.1           -            630 7646at3041           -            241     2e-07   29.7   0.5   3   3      0.04       2.8    6.3   0.1   184   240   488   548   472   549 0.75 -
PSC71046.1           -           1453 7646at3041           -            241   2.1e-07   29.6   5.7   1   5     0.018       1.3    7.4   0.0    72   107   443   478   426   516 0.84 -
PSC71046.1           -           1453 7646at3041           -            241   2.1e-07   29.6   5.7   2   5       4.4   3.1e+02   -0.4   0.0    77   104   530   557   525   564 0.84 -
PSC71046.1           -           1453 7646at3041           -            241   2.1e-07   29.6   5.7   3   5    0.0087      0.61    8.4   0.2   201   240   651   690   638   691 0.81 -
PSC71046.1           -           1453 7646at3041           -            241   2.1e-07   29.6   5.7   4   5   5.4e-05    0.0037   15.7   0.2    59   107   677   732   663   744 0.81 -
PSC71046.1           -           1453 7646at3041           -            241   2.1e-07   29.6   5.7   5   5         1        72    1.7   0.0    90   109   814   833   800   883 0.76 -
PSC67619.1           -           1096 7646at3041           -            241   2.1e-07   29.6  10.3   1   3    0.0016      0.11   10.8   0.1   117   241   252   381   225   384 0.61 -
PSC67619.1           -           1096 7646at3041           -            241   2.1e-07   29.6  10.3   2   3    0.0016      0.11   10.8   0.1   117   241   591   720   564   723 0.61 -
PSC67619.1           -           1096 7646at3041           -            241   2.1e-07   29.6  10.3   3   3    0.0018      0.12   10.7   0.1   117   241   930  1059   904  1059 0.61 -
PSC70882.1           -            380 7646at3041           -            241   2.2e-07   29.5   6.9   1   5      0.87        61    1.9   0.0   207   239     3    37     2    40 0.65 -
PSC70882.1           -            380 7646at3041           -            241   2.2e-07   29.5   6.9   2   5    0.0024      0.16   10.3   0.5    15    75    23    83    16    87 0.63 -
PSC70882.1           -            380 7646at3041           -            241   2.2e-07   29.5   6.9   3   5     0.016       1.1    7.6   0.0   202   240   134   174   130   175 0.87 -
PSC70882.1           -            380 7646at3041           -            241   2.2e-07   29.5   6.9   4   5   0.00022     0.015   13.7   0.6    19    83   163   227   156   255 0.88 -
PSC70882.1           -            380 7646at3041           -            241   2.2e-07   29.5   6.9   5   5      0.36        25    3.1   0.0   106   137   281   312   273   317 0.74 -
PSC76171.1           -           1260 7646at3041           -            241   2.4e-07   29.4   0.0   1   2   0.00049     0.034   12.5   0.0    76   174   131   225   127   237 0.72 -
PSC76171.1           -           1260 7646at3041           -            241   2.4e-07   29.4   0.0   2   2    0.0012     0.084   11.2   0.0    32    75   266   310   233   316 0.83 -
PSC76172.1           -           1261 7646at3041           -            241   2.4e-07   29.4   0.0   1   2   0.00049     0.034   12.5   0.0    76   174   131   225   127   237 0.72 -
PSC76172.1           -           1261 7646at3041           -            241   2.4e-07   29.4   0.0   2   2    0.0012     0.085   11.2   0.0    32    75   266   310   233   316 0.83 -
PSC70981.1           -            974 7646at3041           -            241   4.4e-07   28.5   3.5   1   2     0.053       3.7    5.9   0.3   224   239   688   703   578   705 0.71 -
PSC70981.1           -            974 7646at3041           -            241   4.4e-07   28.5   3.5   2   2   5.8e-07     4e-05   22.1   0.0   183   241   733   793   727   793 0.88 -
PSC73677.1           -            478 7646at3041           -            241   4.7e-07   28.5  14.3   1   5      0.29        20    3.5   0.2    56    82    30    56    14    94 0.60 -
PSC73677.1           -            478 7646at3041           -            241   4.7e-07   28.5  14.3   2   5   0.00018     0.013   13.9   0.2    42    77   109   145   101   162 0.74 -
PSC73677.1           -            478 7646at3041           -            241   4.7e-07   28.5  14.3   3   5   0.00021     0.015   13.7   0.2    60   109   172   231   159   234 0.71 -
PSC73677.1           -            478 7646at3041           -            241   4.7e-07   28.5  14.3   4   5      0.26        18    3.6   0.1    41    79   333   371   326   380 0.77 -
PSC73677.1           -            478 7646at3041           -            241   4.7e-07   28.5  14.3   5   5       9.2   6.4e+02   -1.5   0.1   212   239   422   451   415   452 0.77 -
PSC76556.1           -            770 7646at3041           -            241   5.3e-07   28.3   6.2   1   3         2   1.4e+02    0.7   0.0    58    89     6    39     1    52 0.74 -
PSC76556.1           -            770 7646at3041           -            241   5.3e-07   28.3   6.2   2   3   1.6e-05    0.0011   17.4   0.2    10    71    86   147    77   157 0.89 -
PSC76556.1           -            770 7646at3041           -            241   5.3e-07   28.3   6.2   3   3    0.0018      0.12   10.7   0.1    74   110   299   337   286   352 0.82 -
PSC73489.1           -            330 7646at3041           -            241   1.1e-06   27.3   0.1   1   3       4.9   3.4e+02   -0.6   0.0    94   121    36    63    32    86 0.78 -
PSC73489.1           -            330 7646at3041           -            241   1.1e-06   27.3   0.1   2   3   1.7e-06   0.00012   20.6   0.0    33   112   153   241   149   246 0.76 -
PSC73489.1           -            330 7646at3041           -            241   1.1e-06   27.3   0.1   3   3   0.00062     0.043   12.2   0.0    35    76   199   238   193   264 0.82 -
PSC77059.1           -            411 7646at3041           -            241   1.9e-06   26.4   0.8   1   3       2.2   1.5e+02    0.6   0.1    50    76    58    83    53    88 0.80 -
PSC77059.1           -            411 7646at3041           -            241   1.9e-06   26.4   0.8   2   3   2.6e-05    0.0018   16.7   0.0    15    73   120   178   107   188 0.65 -
PSC77059.1           -            411 7646at3041           -            241   1.9e-06   26.4   0.8   3   3     0.086       5.9    5.2   0.0    13   109   214   318   204   324 0.58 -
PSC69138.1           -            331 7646at3041           -            241   2.3e-06   26.2   1.5   1   2     0.011       0.8    8.1   0.2   181   240    30    91    17    92 0.87 -
PSC69138.1           -            331 7646at3041           -            241   2.3e-06   26.2   1.5   2   2   0.00029      0.02   13.3   0.1   163   240   223   303    96   304 0.75 -
PSC69213.1           -           1148 7646at3041           -            241   2.9e-06   25.9  11.0   1   3      0.24        16    3.8   0.1    76   105   221   252   135   259 0.61 -
PSC69213.1           -           1148 7646at3041           -            241   2.9e-06   25.9  11.0   2   3   9.9e-07   6.9e-05   21.4   0.2    35   109   292   374   284   382 0.83 -
PSC69213.1           -           1148 7646at3041           -            241   2.9e-06   25.9  11.0   3   3      0.22        15    3.9   1.5    41    73   385   418   378   427 0.76 -
PSC67878.1           -            822 7646at3041           -            241   3.3e-06   25.7   0.0   1   2   6.3e-05    0.0044   15.5   0.0   177   240    50   119    34   120 0.85 -
PSC67878.1           -            822 7646at3041           -            241   3.3e-06   25.7   0.0   2   2     0.014      0.96    7.8   0.0    76   111   156   194   145   248 0.82 -
PSC69324.1           -            476 7646at3041           -            241   5.1e-06   25.1   0.1   1   4      0.03       2.1    6.7   0.0    44    75    35    66    16    75 0.82 -
PSC69324.1           -            476 7646at3041           -            241   5.1e-06   25.1   0.1   2   4       6.4   4.4e+02   -0.9   0.0    79   109   226   259   213   262 0.76 -
PSC69324.1           -            476 7646at3041           -            241   5.1e-06   25.1   0.1   3   4       1.1        79    1.5   0.0    93   115   286   309   266   314 0.70 -
PSC69324.1           -            476 7646at3041           -            241   5.1e-06   25.1   0.1   4   4    0.0023      0.16   10.4   0.0    14    68   329   383   323   416 0.80 -
PSC70328.1           -            405 7646at3041           -            241   5.6e-06   24.9   3.1   1   3     0.095       6.6    5.0   0.0    84   110    63    89    60   100 0.85 -
PSC70328.1           -            405 7646at3041           -            241   5.6e-06   24.9   3.1   2   3      0.16        11    4.3   0.0    58    79   141   162   138   183 0.87 -
PSC70328.1           -            405 7646at3041           -            241   5.6e-06   24.9   3.1   3   3   0.00039     0.027   12.9   0.2    76   112   227   264   212   271 0.84 -
PSC71912.1           -            872 7646at3041           -            241     6e-06   24.8   3.3   1   3    0.0018      0.13   10.7   0.2   195   240   611   658   594   659 0.76 -
PSC71912.1           -            872 7646at3041           -            241     6e-06   24.8   3.3   2   3    0.0034      0.23    9.8   0.0   179   241   678   743   673   743 0.86 -
PSC71912.1           -            872 7646at3041           -            241     6e-06   24.8   3.3   3   3       1.4        95    1.2   0.0   175   201   792   818   776   862 0.69 -
PSC71469.1           -            533 7646at3041           -            241   6.3e-06   24.8   0.0   1   2       1.4        94    1.3   0.0     4    73   110   176   108   190 0.82 -
PSC71469.1           -            533 7646at3041           -            241   6.3e-06   24.8   0.0   2   2   1.9e-06   0.00013   20.4   0.0    15    75   242   302   233   308 0.93 -
PSC70222.1           -            499 7646at3041           -            241   6.4e-06   24.7   7.2   1   4    0.0079      0.55    8.6   0.4   178   225    54   102    20   121 0.66 -
PSC70222.1           -            499 7646at3041           -            241   6.4e-06   24.7   7.2   2   4     0.022       1.6    7.1   0.1    16    59   147   193   135   234 0.79 -
PSC70222.1           -            499 7646at3041           -            241   6.4e-06   24.7   7.2   3   4       1.2        81    1.5   0.0    13    40   235   262   229   266 0.90 -
PSC70222.1           -            499 7646at3041           -            241   6.4e-06   24.7   7.2   4   4      0.01       0.7    8.2   0.0   178   240   391   456   353   457 0.69 -
PSC71119.1           -            347 7646at3041           -            241   7.2e-06   24.6   8.0   1   3     0.026       1.8    6.9   1.3   179   240    34    99    24   100 0.70 -
PSC71119.1           -            347 7646at3041           -            241   7.2e-06   24.6   8.0   2   3    0.0037      0.26    9.6   0.4   177   222    76   120    66   123 0.80 -
PSC71119.1           -            347 7646at3041           -            241   7.2e-06   24.6   8.0   3   3   7.4e-06   0.00051   18.5   0.7    36   204   104   277   101   285 0.64 -
PSC72139.1           -            587 7646at3041           -            241   7.4e-06   24.5   3.8   1   4       5.2   3.6e+02   -0.6   0.1   177   211    24    58     8    73 0.78 -
PSC72139.1           -            587 7646at3041           -            241   7.4e-06   24.5   3.8   2   4   2.9e-06    0.0002   19.8   0.2   178   240   399   463   389   464 0.85 -
PSC72139.1           -            587 7646at3041           -            241   7.4e-06   24.5   3.8   3   4       5.7   3.9e+02   -0.8   0.0   170   192   478   500   463   503 0.72 -
PSC72139.1           -            587 7646at3041           -            241   7.4e-06   24.5   3.8   4   4      0.51        35    2.7   0.0   179   208   543   573   538   580 0.79 -
PSC75544.1           -            460 7646at3041           -            241   7.6e-06   24.5   1.9   1   5     0.015       1.1    7.6   0.0   208   240   130   164   118   165 0.84 -
PSC75544.1           -            460 7646at3041           -            241   7.6e-06   24.5   1.9   2   5   0.00053     0.037   12.4   0.1   189   241   198   248   167   248 0.71 -
PSC75544.1           -            460 7646at3041           -            241   7.6e-06   24.5   1.9   3   5   0.00066     0.046   12.1   0.2    64   240   199   247   192   265 0.59 -
PSC75544.1           -            460 7646at3041           -            241   7.6e-06   24.5   1.9   4   5       3.4   2.3e+02   -0.0   0.0    67   109   257   299   249   311 0.83 -
PSC75544.1           -            460 7646at3041           -            241   7.6e-06   24.5   1.9   5   5       8.5   5.9e+02   -1.3   0.0    88   107   427   446   377   452 0.55 -
PSC74295.1           -            308 7646at3041           -            241   7.9e-06   24.4   5.8   1   3      0.11       7.7    4.8   0.6    90   111    46    67     6    98 0.67 -
PSC74295.1           -            308 7646at3041           -            241   7.9e-06   24.4   5.8   2   3    0.0016      0.11   10.9   0.3    42   109    89   170    81   185 0.65 -
PSC74295.1           -            308 7646at3041           -            241   7.9e-06   24.4   5.8   3   3     0.019       1.3    7.4   0.0    11    72   192   256   181   262 0.68 -
PSC76632.1           -            335 7646at3041           -            241   1.1e-05   24.0   0.1   1   3      0.38        26    3.1   0.0   110   137    13    40     9    53 0.68 -
PSC76632.1           -            335 7646at3041           -            241   1.1e-05   24.0   0.1   2   3   0.00012    0.0083   14.5   0.0    16   108    27   125    21   137 0.75 -
PSC76632.1           -            335 7646at3041           -            241   1.1e-05   24.0   0.1   3   3      0.34        23    3.3   0.0    91   109   253   271   240   304 0.58 -
PSC69197.1           -            922 7646at3041           -            241   1.2e-05   23.9   0.1   1   2      0.12       8.6    4.7   0.0     9    80   114   183   106   201 0.78 -
PSC69197.1           -            922 7646at3041           -            241   1.2e-05   23.9   0.1   2   2   3.5e-05    0.0024   16.3   0.1     9    75   204   271   196   314 0.86 -
PSC69198.1           -            923 7646at3041           -            241   1.2e-05   23.9   0.1   1   2      0.12       8.6    4.7   0.0     9    80   114   183   106   201 0.78 -
PSC69198.1           -            923 7646at3041           -            241   1.2e-05   23.9   0.1   2   2   3.5e-05    0.0024   16.3   0.1     9    75   204   271   196   314 0.86 -
PSC69242.1           -            923 7646at3041           -            241   1.2e-05   23.9   0.1   1   2      0.12       8.6    4.7   0.0     9    80   114   183   106   201 0.78 -
PSC69242.1           -            923 7646at3041           -            241   1.2e-05   23.9   0.1   2   2   3.5e-05    0.0024   16.3   0.1     9    75   204   271   196   314 0.86 -
PSC71428.1           -           1775 7646at3041           -            241   1.2e-05   23.9  11.9   1   6       2.2   1.5e+02    0.6   0.0    78   131   342   408   315   421 0.50 -
PSC71428.1           -           1775 7646at3041           -            241   1.2e-05   23.9  11.9   2   6     0.074       5.2    5.4   0.1    75   105   550   580   531   588 0.87 -
PSC71428.1           -           1775 7646at3041           -            241   1.2e-05   23.9  11.9   3   6      0.41        28    3.0   0.0    75   111   589   627   586   641 0.76 -
PSC71428.1           -           1775 7646at3041           -            241   1.2e-05   23.9  11.9   4   6    0.0021      0.15   10.4   0.0    16    76   698   758   686   779 0.93 -
PSC71428.1           -           1775 7646at3041           -            241   1.2e-05   23.9  11.9   5   6       2.8     2e+02    0.2   0.0   173   223  1160  1216  1124  1221 0.73 -
PSC71428.1           -           1775 7646at3041           -            241   1.2e-05   23.9  11.9   6   6      0.33        23    3.3   0.1    14    73  1711  1772  1701  1774 0.77 -
PSC73154.1           -           1574 7646at3041           -            241   1.7e-05   23.3   1.2   1   3      0.59        41    2.5   0.0   137   162  1161  1186  1142  1240 0.70 -
PSC73154.1           -           1574 7646at3041           -            241   1.7e-05   23.3   1.2   2   3   0.00024     0.017   13.5   0.1    77   111  1392  1429  1388  1443 0.80 -
PSC73154.1           -           1574 7646at3041           -            241   1.7e-05   23.3   1.2   3   3      0.25        17    3.7   0.0    56    83  1453  1480  1437  1486 0.81 -
PSC76845.1           -            542 7646at3041           -            241   1.8e-05   23.3   2.6   1   3       1.1        77    1.6   0.1   213   237    57    83    47    86 0.52 -
PSC76845.1           -            542 7646at3041           -            241   1.8e-05   23.3   2.6   2   3    0.0013     0.092   11.1   0.1   176   236   108   169    88   173 0.75 -
PSC76845.1           -            542 7646at3041           -            241   1.8e-05   23.3   2.6   3   3     0.013      0.93    7.8   0.1     7   116   201   322   195   334 0.65 -
PSC74892.1           -           1241 7646at3041           -            241     2e-05   23.1   0.3   1   3     0.069       4.8    5.5   0.0   208   240    46    80    38    81 0.66 -
PSC74892.1           -           1241 7646at3041           -            241     2e-05   23.1   0.3   2   3   0.00036     0.025   13.0   0.0    43   146    99   215    96   227 0.67 -
PSC74892.1           -           1241 7646at3041           -            241     2e-05   23.1   0.3   3   3         3   2.1e+02    0.1   0.0   107   137  1152  1182  1105  1203 0.69 -
PSC76443.1           -            598 7646at3041           -            241   2.6e-05   22.8   0.1   1   3    0.0062      0.43    8.9   0.0    13    75    28    91    17    94 0.85 -
PSC76443.1           -            598 7646at3041           -            241   2.6e-05   22.8   0.1   2   3     0.018       1.3    7.4   0.0    43    79   104   142   102   146 0.88 -
PSC76443.1           -            598 7646at3041           -            241   2.6e-05   22.8   0.1   3   3       1.3        90    1.3   0.0   180   205   179   205   158   214 0.72 -
PSC67630.1           -            799 7646at3041           -            241   4.2e-05   22.1   0.5   1   2       6.2   4.3e+02   -0.9   0.0    60    72    97   109    84   147 0.47 -
PSC67630.1           -            799 7646at3041           -            241   4.2e-05   22.1   0.5   2   2   9.7e-06   0.00068   18.1   0.2   141   241   182   288   157   288 0.80 -
PSC73945.1           -            607 7646at3041           -            241   5.6e-05   21.7   0.1   1   2   0.00037     0.026   12.9   0.0     7    76    32   103    26   110 0.83 -
PSC73945.1           -            607 7646at3041           -            241   5.6e-05   21.7   0.1   2   2     0.044         3    6.2   0.1   178   225   373   424   349   443 0.79 -
PSC76374.1           -            820 7646at3041           -            241   0.00011   20.6   0.2   1   3     0.031       2.1    6.6   0.1   180   226   476   521   460   534 0.67 -
PSC76374.1           -            820 7646at3041           -            241   0.00011   20.6   0.2   2   3    0.0017      0.12   10.7   0.0   178   239   697   761   668   763 0.84 -
PSC76374.1           -            820 7646at3041           -            241   0.00011   20.6   0.2   3   3      0.51        36    2.6   0.0    89   165   746   818   731   819 0.78 -
PSC72112.1           -           1987 7646at3041           -            241   0.00012   20.6   4.1   1   4     0.018       1.2    7.4   0.2    74   111  1132  1171  1127  1175 0.70 -
PSC72112.1           -           1987 7646at3041           -            241   0.00012   20.6   4.1   2   4      0.27        19    3.5   0.1    33    78  1174  1219  1171  1223 0.86 -
PSC72112.1           -           1987 7646at3041           -            241   0.00012   20.6   4.1   3   4     0.042       2.9    6.2   0.0    58    76  1353  1371  1349  1382 0.86 -
PSC72112.1           -           1987 7646at3041           -            241   0.00012   20.6   4.1   4   4       7.1   4.9e+02   -1.1   0.0    36    73  1550  1588  1543  1613 0.78 -
PSC76520.1           -            611 7646at3041           -            241   0.00022   19.7   2.7   1   4     0.042       2.9    6.2   0.0    36    75   227   267   213   279 0.74 -
PSC76520.1           -            611 7646at3041           -            241   0.00022   19.7   2.7   2   4     0.012      0.81    8.0   0.1   176   200   289   314   269   348 0.69 -
PSC76520.1           -            611 7646at3041           -            241   0.00022   19.7   2.7   3   4       3.8   2.7e+02   -0.2   0.0    57    77   370   389   367   399 0.79 -
PSC76520.1           -            611 7646at3041           -            241   0.00022   19.7   2.7   4   4       2.3   1.6e+02    0.5   0.1    92   110   476   494   461   541 0.61 -
PSC75533.1           -           1228 7646at3041           -            241   0.00026   19.5   0.0   1   1   3.2e-05    0.0022   16.4   0.0    16    90   217   297   211   310 0.86 -
PSC74317.1           -            437 7646at3041           -            241   0.00038   18.9   0.0   1   2   0.00013    0.0093   14.4   0.0    13    73   277   337   264   341 0.90 -
PSC74317.1           -            437 7646at3041           -            241   0.00038   18.9   0.0   2   2       1.8   1.2e+02    0.9   0.0   180   205   359   385   348   416 0.59 -
PSC74914.1           -            355 7646at3041           -            241   0.00046   18.7  10.8   1   4     0.011      0.79    8.1   1.1   183   239    24    84     7    87 0.71 -
PSC74914.1           -            355 7646at3041           -            241   0.00046   18.7  10.8   2   4       6.2   4.3e+02   -0.9   0.0   205   229    94   118    88   135 0.71 -
PSC74914.1           -            355 7646at3041           -            241   0.00046   18.7  10.8   3   4    0.0088      0.61    8.4   0.1    73   134   146   217   120   218 0.69 -
PSC74914.1           -            355 7646at3041           -            241   0.00046   18.7  10.8   4   4     0.078       5.4    5.3   0.4    58   111   207   227   189   351 0.54 -
PSC67406.1           -           1413 7646at3041           -            241   0.00049   18.6   4.7   1   3       7.8   5.4e+02   -1.2   0.2   186   225  1035  1073  1032  1092 0.76 -
PSC67406.1           -           1413 7646at3041           -            241   0.00049   18.6   4.7   2   3       2.2   1.5e+02    0.6   0.2    92   112  1078  1098  1056  1102 0.86 -
PSC67406.1           -           1413 7646at3041           -            241   0.00049   18.6   4.7   3   3   0.00017     0.012   14.0   0.3     9   139  1215  1369  1210  1378 0.68 -
PSC76521.1           -            388 7646at3041           -            241    0.0013   17.2   0.2   1   5     0.006      0.42    9.0   0.0   176   200    66    91    48   134 0.71 -
PSC76521.1           -            388 7646at3041           -            241    0.0013   17.2   0.2   2   5       2.1   1.5e+02    0.6   0.0    57    77   147   166   143   177 0.79 -
PSC76521.1           -            388 7646at3041           -            241    0.0013   17.2   0.2   3   5        10   6.9e+02   -1.6   0.0   142   165   199   222   195   233 0.65 -
PSC76521.1           -            388 7646at3041           -            241    0.0013   17.2   0.2   4   5       1.3        93    1.3   0.2    92   110   253   271   245   319 0.56 -
PSC76521.1           -            388 7646at3041           -            241    0.0013   17.2   0.2   5   5       4.2   2.9e+02   -0.3   0.0    13    35   293   315   287   349 0.77 -
PSC71884.1           -            947 7646at3041           -            241    0.0013   17.2   0.1   1   1   4.4e-05    0.0031   16.0   0.1   123   217   186   283   179   314 0.85 -
PSC76625.1           -            443 7646at3041           -            241    0.0014   17.1   1.5   1   4    0.0011     0.077   11.4   0.2   173   240   106   179    62   180 0.65 -
PSC76625.1           -            443 7646at3041           -            241    0.0014   17.1   1.5   2   4    0.0018      0.12   10.7   0.0    16    73   122   180   116   204 0.53 -
PSC76625.1           -            443 7646at3041           -            241    0.0014   17.1   1.5   3   4         1        70    1.7   0.0   182   241   234   293   190   293 0.67 -
PSC76625.1           -            443 7646at3041           -            241    0.0014   17.1   1.5   4   4       5.9   4.1e+02   -0.8   0.0    12    42   344   374   336   394 0.79 -
PSC72399.1           -            810 7646at3041           -            241    0.0017   16.8   4.5   1   2     0.047       3.3    6.0   0.0    87   115   110   137    96   164 0.67 -
PSC72399.1           -            810 7646at3041           -            241    0.0017   16.8   4.5   2   2    0.0011     0.076   11.4   0.3    57   105   152   211   139   217 0.44 -
PSC68833.1           -           1060 7646at3041           -            241    0.0027   16.2   1.2   1   3       1.3        89    1.3   0.0    11    34   618   641   609   647 0.78 -
PSC68833.1           -           1060 7646at3041           -            241    0.0027   16.2   1.2   2   3      0.22        15    3.8   0.1    88   116   763   790   738   801 0.71 -
PSC68833.1           -           1060 7646at3041           -            241    0.0027   16.2   1.2   3   3     0.027       1.9    6.8   0.0    85   112   804   831   790   835 0.76 -
PSC74467.1           -           1025 7646at3041           -            241    0.0028   16.1   2.7   1   3    0.0018      0.13   10.7   0.6   111   239    70   197    17   199 0.66 -
PSC74467.1           -           1025 7646at3041           -            241    0.0028   16.1   2.7   2   3       1.1        74    1.6   0.0   179   237   231   291   227   295 0.66 -
PSC74467.1           -           1025 7646at3041           -            241    0.0028   16.1   2.7   3   3       2.7   1.9e+02    0.3   0.0   178   204   486   512   478   521 0.76 -
PSC69396.1           -            594 7646at3041           -            241    0.0038   15.7   0.1   1   3       3.2   2.2e+02    0.1   0.0    28    74   219   265   216   280 0.78 -
PSC69396.1           -            594 7646at3041           -            241    0.0038   15.7   0.1   2   3    0.0054      0.38    9.1   0.0    50   104   374   438   330   446 0.65 -
PSC69396.1           -            594 7646at3041           -            241    0.0038   15.7   0.1   3   3       1.7   1.2e+02    1.0   0.0   160   192   545   578   504   588 0.71 -
PSC69947.1           -            613 7646at3041           -            241    0.0038   15.7   0.4   1   3       5.5   3.8e+02   -0.7   0.0    53    74   324   345   306   351 0.72 -
PSC69947.1           -            613 7646at3041           -            241    0.0038   15.7   0.4   2   3      0.94        65    1.8   0.0   186   240   468   526   460   527 0.67 -
PSC69947.1           -            613 7646at3041           -            241    0.0038   15.7   0.4   3   3    0.0038      0.26    9.6   0.0    49   105   546   611   519   612 0.77 -
PSC76833.1           -            775 7646at3041           -            241    0.0063   14.9   1.1   1   2   0.00094     0.066   11.6   0.0    87   110   401   424   396   430 0.85 -
PSC76833.1           -            775 7646at3041           -            241    0.0063   14.9   1.1   2   2       3.5   2.5e+02   -0.1   0.0    89   116   583   610   579   627 0.77 -
PSC74924.1           -            941 7646at3041           -            241    0.0065   14.9   0.6   1   2     0.014      0.99    7.7   0.1    41    74    66    99    59   104 0.87 -
PSC74924.1           -            941 7646at3041           -            241    0.0065   14.9   0.6   2   2      0.11       7.5    4.9   0.0    33    74   102   143    98   147 0.90 -
PSC70580.1           -            346 7646at3041           -            241    0.0091   14.4   1.0   1   2      0.43        30    2.9   0.1    87   108   171   192   146   196 0.82 -
PSC70580.1           -            346 7646at3041           -            241    0.0091   14.4   1.0   2   2    0.0057      0.39    9.1   0.0    75   109   202   239   195   247 0.77 -
PSC74814.1           -           1153 7646at3041           -            241    0.0092   14.4   0.0   1   1   0.00028     0.019   13.3   0.0    13    72    50   108    41   135 0.72 -
PSC67199.1           -            223 7646at3041           -            241    0.0097   14.3   0.2   1   2      0.28        20    3.5   0.1   203   239    67   113    41   115 0.62 -
PSC67199.1           -            223 7646at3041           -            241    0.0097   14.3   0.2   2   2      0.01      0.71    8.2   0.0   106   146   138   181   132   203 0.67 -
PSC67197.1           -            204 7646at3041           -            241      0.01   14.2   0.1   1   2      0.24        17    3.7   0.1   203   239    67   113    41   115 0.62 -
PSC67197.1           -            204 7646at3041           -            241      0.01   14.2   0.1   2   2     0.014      0.95    7.8   0.0   106   140   138   175   131   190 0.62 -
PSC69688.1           -            633 7646at3041           -            241     0.011   14.2   0.3   1   2      0.15        10    4.4   0.0   195   241    77   129    38   129 0.66 -
PSC69688.1           -            633 7646at3041           -            241     0.011   14.2   0.3   2   2     0.023       1.6    7.1   0.1   209   240   147   180   131   216 0.62 -
PSC75084.1           -            961 7646at3041           -            241     0.011   14.2   7.4   1   3     0.052       3.6    5.9   1.3   183   239    24    84     8    87 0.70 -
PSC75084.1           -            961 7646at3041           -            241     0.011   14.2   7.4   2   3     0.029         2    6.7   0.1    74   135   147   218   123   220 0.71 -
PSC75084.1           -            961 7646at3041           -            241     0.011   14.2   7.4   3   3      0.69        48    2.2   0.1    93   110   209   226   190   270 0.67 -
PSC67502.1           -           1144 7646at3041           -            241     0.011   14.1   0.6   1   1    0.0043       0.3    9.5   0.6    81   194   231   342   224   370 0.53 -
PSC76429.1           -            327 7646at3041           -            241     0.013   13.9   1.2   1   2     0.022       1.6    7.1   0.7   178   239   158   223   115   224 0.60 -
PSC76429.1           -            327 7646at3041           -            241     0.013   13.9   1.2   2   2    0.0022      0.15   10.4   0.4    85   110   204   229   182   236 0.83 -
PSC70656.1           -            457 7646at3041           -            241     0.016   13.6   0.1   1   3       4.9   3.4e+02   -0.6   0.0   181   205    75   100    72   126 0.70 -
PSC70656.1           -            457 7646at3041           -            241     0.016   13.6   0.1   2   3    0.0062      0.43    8.9   0.0   178   238   127   193   122   196 0.74 -
PSC70656.1           -            457 7646at3041           -            241     0.016   13.6   0.1   3   3         5   3.5e+02   -0.6   0.0   105   131   303   328   293   333 0.82 -
PSC70321.1           -           3116 7646at3041           -            241     0.017   13.5   0.1   1   2       8.9   6.2e+02   -1.4   0.0   207   241     9    45     6    45 0.71 -
PSC70321.1           -           3116 7646at3041           -            241     0.017   13.5   0.1   2   2     0.003      0.21    9.9   0.0    85   135   433   492   421   504 0.68 -
PSC75620.1           -            315 7646at3041           -            241     0.018   13.4   1.1   1   2      0.29        20    3.5   0.1   204   239    68   113    41   115 0.62 -
PSC75620.1           -            315 7646at3041           -            241     0.018   13.4   1.1   2   2     0.018       1.3    7.4   0.1   106   143   138   178   132   247 0.77 -
PSC67584.1           -            353 7646at3041           -            241     0.018   13.4   0.2   1   2      0.22        15    3.8   0.1   201   239   168   216   130   218 0.68 -
PSC67584.1           -            353 7646at3041           -            241     0.018   13.4   0.2   2   2     0.026       1.8    6.9   0.0   106   140   241   278   234   293 0.61 -
PSC73329.1           -           1089 7646at3041           -            241     0.022   13.2   0.1   1   1    0.0085      0.59    8.5   0.1    91   205   168   297   164   332 0.61 -
PSC69923.1           -            862 7646at3041           -            241     0.026   12.9   0.6   1   2      0.89        62    1.9   0.2    90   109   668   687   603   693 0.65 -
PSC69923.1           -            862 7646at3041           -            241     0.026   12.9   0.6   2   2     0.014      0.96    7.8   0.0    89   110   721   742   710   761 0.85 -
PSC67585.1           -            413 7646at3041           -            241     0.027   12.9   1.3   1   2      0.26        18    3.6   0.1   201   239   168   216   116   218 0.71 -
PSC67585.1           -            413 7646at3041           -            241     0.027   12.9   1.3   2   2     0.023       1.6    7.0   0.1   106   143   241   281   235   350 0.77 -
PSC76739.1           -           1474 7646at3041           -            241     0.035   12.5   1.0   1   3       4.1   2.9e+02   -0.3   0.0   115   138    51    74    49    92 0.84 -
PSC76739.1           -           1474 7646at3041           -            241     0.035   12.5   1.0   2   3      0.01       0.7    8.2   0.1    91   204   560   673   555   688 0.70 -
PSC76739.1           -           1474 7646at3041           -            241     0.035   12.5   1.0   3   3         4   2.7e+02   -0.3   0.0    14    31   675   692   671   710 0.84 -
PSC74438.1           -           1013 7646at3041           -            241     0.041   12.3   7.9   1   3     0.019       1.3    7.4   0.3   210   240   114   147    67   148 0.74 -
PSC74438.1           -           1013 7646at3041           -            241     0.041   12.3   7.9   2   3      0.28        20    3.5   0.0    91   108   180   197   162   210 0.82 -
PSC74438.1           -           1013 7646at3041           -            241     0.041   12.3   7.9   3   3      0.81        56    2.0   0.3    94   111   255   272   245   381 0.75 -
PSC69839.1           -            506 7646at3041           -            241     0.053   11.9   0.0   1   2    0.0058       0.4    9.0   0.0    16    68   103   159    98   171 0.81 -
PSC69839.1           -            506 7646at3041           -            241     0.053   11.9   0.0   2   2       2.3   1.6e+02    0.5   0.0   212   240   179   212   156   213 0.58 -
PSC73014.1           -           1276 7646at3041           -            241     0.056   11.8   6.9   1   2    0.0054      0.37    9.1   0.0   202   240   163   202   128   203 0.72 -
PSC73014.1           -           1276 7646at3041           -            241     0.056   11.8   6.9   2   2     0.061       4.3    5.7   0.2    81   112  1136  1167  1128  1180 0.74 -
PSC67980.1           -            700 7646at3041           -            241      0.11   10.9   0.4   1   2      0.03       2.1    6.7   0.2   183   224   467   508   460   522 0.80 -
PSC67980.1           -            700 7646at3041           -            241      0.11   10.9   0.4   2   2       2.9     2e+02    0.2   0.0   149   177   565   593   548   606 0.77 -
PSC76752.1           -            664 7646at3041           -            241      0.19   10.1   2.8   1   3       6.1   4.2e+02   -0.9   0.1   184   234    59   109    45   111 0.73 -
PSC76752.1           -            664 7646at3041           -            241      0.19   10.1   2.8   2   3     0.017       1.1    7.5   0.0    91   126   399   434   387   463 0.86 -
PSC76752.1           -            664 7646at3041           -            241      0.19   10.1   2.8   3   3       4.6   3.2e+02   -0.5   0.0    84   111   491   518   479   526 0.70 -
#
# Program:         hmmsearch
# Version:         3.1b2 (February 2015)
# Pipeline mode:   SEARCH
# Query file:      /Users/catrionaharrison/Documents/Bioinformatics/rp2/Data/genomes/busco/busco_downloads/lineages/chlorophyta_odb10/hmms/7646at3041.hmm
# Target file:     /Users/catrionaharrison/Documents/Bioinformatics/rp2/Data/genomes/busco/data/micractinium_conductrix.prot.fasta
# Option settings: hmmsearch --domtblout /Users/catrionaharrison/Documents/Bioinformatics/rp2/Data/genomes/busco/Busco_conductrix/run_chlorophyta_odb10/hmmer_output/initial_run_results/7646at3041.out --cpu 1 /Users/catrionaharrison/Documents/Bioinformatics/rp2/Data/genomes/busco/busco_downloads/lineages/chlorophyta_odb10/hmms/7646at3041.hmm /Users/catrionaharrison/Documents/Bioinformatics/rp2/Data/genomes/busco/data/micractinium_conductrix.prot.fasta 
# Current dir:     /Users/catrionaharrison/Documents/Bioinformatics/rp2/Data/genomes/busco
# Date:            Fri Jul 22 15:24:29 2022
# [ok]
