#                                                                            --- full sequence --- -------------- this domain -------------   hmm coord   ali coord   env coord
# target name        accession   tlen query name           accession   qlen   E-value  score  bias   #  of  c-Evalue  i-Evalue  score  bias  from    to  from    to  from    to  acc description of target
#------------------- ---------- ----- -------------------- ---------- ----- --------- ------ ----- --- --- --------- --------- ------ ----- ----- ----- ----- ----- ----- ----- ---- ---------------------
PSC73320.1           -            722 8052at3041           -            144   6.9e-54  180.8   7.6   1   2   3.3e-18   3.3e-15   55.4   1.4     1    73    22   119    22   121 0.75 -
PSC73320.1           -            722 8052at3041           -            144   6.9e-54  180.8   7.6   2   2   2.6e-39   2.6e-36  123.8   0.6    72   144   139   211   134   211 0.97 -
PSC68542.1           -           1190 8052at3041           -            144   7.8e-14   51.0   0.0   1   1   1.5e-16   1.5e-13   50.0   0.0    28   134   411   534   403   542 0.82 -
PSC75080.1           -           1865 8052at3041           -            144   6.3e-11   41.5   0.0   1   1   1.2e-13   1.2e-10   40.7   0.0    27   137   106   234    71   241 0.78 -
PSC70915.1           -            377 8052at3041           -            144   3.8e-08   32.5   0.0   1   1   6.8e-11   6.8e-08   31.7   0.0    51   133   167   254   147   266 0.88 -
PSC73800.1           -            977 8052at3041           -            144   8.2e-07   28.2   0.0   1   1   1.8e-09   1.8e-06   27.1   0.0    78   135   215   272   211   280 0.93 -
PSC75046.1           -            564 8052at3041           -            144   6.2e-06   25.4   0.0   1   1   2.9e-08   2.9e-05   23.2   0.0    22   133   330   459   298   465 0.81 -
PSC67286.1           -            340 8052at3041           -            144   3.7e-05   22.8   0.2   1   2     0.057        58    2.8   0.1     2    28    40    69    39    86 0.77 -
PSC67286.1           -            340 8052at3041           -            144   3.7e-05   22.8   0.2   2   2   1.2e-06    0.0012   18.0   0.0    77   134   161   221   147   228 0.76 -
PSC67121.1           -            717 8052at3041           -            144   6.3e-05   22.1   0.1   1   2       2.1   2.1e+03   -2.3   0.0     5    24   115   134    97   143 0.63 -
PSC67121.1           -            717 8052at3041           -            144   6.3e-05   22.1   0.1   2   2   1.8e-07   0.00019   20.6   0.0    68   134   222   291   198   298 0.79 -
PSC67050.1           -            923 8052at3041           -            144    0.0015   17.6   0.0   1   2       3.1   3.1e+03   -2.8   0.0     5    24   115   134    98   143 0.68 -
PSC67050.1           -            923 8052at3041           -            144    0.0015   17.6   0.0   2   2   4.8e-06    0.0048   16.0   0.0   103   134   229   260   191   267 0.88 -
PSC75161.1           -            880 8052at3041           -            144    0.0038   16.3   3.2   1   2      0.02        20    4.2   2.6     2    81     6    83     5    97 0.84 -
PSC75161.1           -            880 8052at3041           -            144    0.0038   16.3   3.2   2   2   0.00028      0.29   10.2   0.0     6   134   553   691   549   699 0.64 -
#
# Program:         hmmsearch
# Version:         3.1b2 (February 2015)
# Pipeline mode:   SEARCH
# Query file:      /Users/catrionaharrison/Documents/Bioinformatics/rp2/Data/genomes/busco/busco_downloads/lineages/chlorophyta_odb10/hmms/8052at3041.hmm
# Target file:     /Users/catrionaharrison/Documents/Bioinformatics/rp2/Data/genomes/busco/data/micractinium_conductrix.prot.fasta
# Option settings: hmmsearch --domtblout /Users/catrionaharrison/Documents/Bioinformatics/rp2/Data/genomes/busco/Busco_conductrix/run_chlorophyta_odb10/hmmer_output/initial_run_results/8052at3041.out --cpu 1 /Users/catrionaharrison/Documents/Bioinformatics/rp2/Data/genomes/busco/busco_downloads/lineages/chlorophyta_odb10/hmms/8052at3041.hmm /Users/catrionaharrison/Documents/Bioinformatics/rp2/Data/genomes/busco/data/micractinium_conductrix.prot.fasta 
# Current dir:     /Users/catrionaharrison/Documents/Bioinformatics/rp2/Data/genomes/busco
# Date:            Fri Jul 22 15:23:03 2022
# [ok]
