#                                                                            --- full sequence --- -------------- this domain -------------   hmm coord   ali coord   env coord
# target name        accession   tlen query name           accession   qlen   E-value  score  bias   #  of  c-Evalue  i-Evalue  score  bias  from    to  from    to  from    to  acc description of target
#------------------- ---------- ----- -------------------- ---------- ----- --------- ------ ----- --- --- --------- --------- ------ ----- ----- ----- ----- ----- ----- ----- ---- ---------------------
PSC72694.1           -            151 8145at3041           -             78     1e-33  114.4   4.4   1   1   7.9e-34     2e-30  103.8   4.4    15    78    74   150    61   150 0.75 -
PSC75709.1           -            326 8145at3041           -             78   4.9e-08   32.1   1.2   1   1   4.8e-11   1.2e-07   30.8   1.2    31    74   277   322   259   324 0.84 -
PSC76115.1           -           1768 8145at3041           -             78     8e-07   28.2   0.1   1   2       1.9   4.9e+03   -3.2   0.4    40    47  1159  1166  1156  1187 0.51 -
PSC76115.1           -           1768 8145at3041           -             78     8e-07   28.2   0.1   2   2   3.2e-10     8e-07   28.2   0.1    31    74  1214  1260  1200  1264 0.83 -
PSC76043.1           -            393 8145at3041           -             78   0.00059   19.0   0.1   1   3      0.26   6.7e+02   -0.4   0.3    61    73    27    39    21    42 0.79 -
PSC76043.1           -            393 8145at3041           -             78   0.00059   19.0   0.1   2   3   2.3e-07   0.00059   19.0   0.1    35    77    77   117    65   118 0.85 -
PSC76043.1           -            393 8145at3041           -             78   0.00059   19.0   0.1   3   3       3.5   8.8e+03   -4.0   0.1    20    33   316   330   307   337 0.63 -
#
# Program:         hmmsearch
# Version:         3.1b2 (February 2015)
# Pipeline mode:   SEARCH
# Query file:      /Users/catrionaharrison/Documents/Bioinformatics/rp2/Data/genomes/busco/busco_downloads/lineages/chlorophyta_odb10/hmms/8145at3041.hmm
# Target file:     /Users/catrionaharrison/Documents/Bioinformatics/rp2/Data/genomes/busco/data/micractinium_conductrix.prot.fasta
# Option settings: hmmsearch --domtblout /Users/catrionaharrison/Documents/Bioinformatics/rp2/Data/genomes/busco/Busco_conductrix/run_chlorophyta_odb10/hmmer_output/initial_run_results/8145at3041.out --cpu 1 /Users/catrionaharrison/Documents/Bioinformatics/rp2/Data/genomes/busco/busco_downloads/lineages/chlorophyta_odb10/hmms/8145at3041.hmm /Users/catrionaharrison/Documents/Bioinformatics/rp2/Data/genomes/busco/data/micractinium_conductrix.prot.fasta 
# Current dir:     /Users/catrionaharrison/Documents/Bioinformatics/rp2/Data/genomes/busco
# Date:            Fri Jul 22 15:23:17 2022
# [ok]
