#                                                                            --- full sequence --- -------------- this domain -------------   hmm coord   ali coord   env coord
# target name        accession   tlen query name           accession   qlen   E-value  score  bias   #  of  c-Evalue  i-Evalue  score  bias  from    to  from    to  from    to  acc description of target
#------------------- ---------- ----- -------------------- ---------- ----- --------- ------ ----- --- --- --------- --------- ------ ----- ----- ----- ----- ----- ----- ----- ---- ---------------------
PSC74076.1           -            223 8151at3041           -            114   6.2e-45  151.3  17.2   1   2   1.4e-33     2e-31  107.7  10.4     3    80    65   159    63   178 0.82 -
PSC74076.1           -            223 8151at3041           -            114   6.2e-45  151.3  17.2   2   2   2.1e-13     3e-11   42.7   0.7    84   114   192   222   166   222 0.85 -
PSC71525.1           -            890 8151at3041           -            114   4.1e-12   45.5   0.3   1   1   6.8e-14   9.5e-12   44.3   0.3     5    57    48   101    44   129 0.85 -
PSC75943.1           -            406 8151at3041           -            114   5.7e-11   41.8   3.5   1   1   8.4e-13   1.2e-10   40.8   3.5     6    55   350   400   346   404 0.89 -
PSC72511.1           -            759 8151at3041           -            114   1.4e-10   40.5  14.7   1   2   3.8e-08   5.3e-06   25.8   3.4     2    47    72   120    71   128 0.84 -
PSC72511.1           -            759 8151at3041           -            114   1.4e-10   40.5  14.7   2   2   6.1e-07   8.5e-05   21.9   0.4     4    33   444   473   441   478 0.93 -
PSC70297.1           -            322 8151at3041           -            114   3.2e-10   39.4   0.3   1   1   3.7e-12   5.2e-10   38.7   0.3     2    49    61   111    60   146 0.90 -
PSC71291.1           -           1714 8151at3041           -            114     2e-09   36.8   0.3   1   1   3.5e-11   4.9e-09   35.6   0.3     6    55  1451  1502  1447  1521 0.87 -
PSC74156.1           -            620 8151at3041           -            114   4.7e-09   35.6   0.4   1   1   1.1e-10   1.5e-08   34.0   0.5     5    49   314   359   311   395 0.85 -
PSC74157.1           -            619 8151at3041           -            114   4.7e-09   35.6   0.4   1   1   1.1e-10   1.5e-08   34.0   0.5     5    49   313   358   310   394 0.85 -
PSC73795.1           -           1637 8151at3041           -            114   2.4e-08   33.4   0.1   1   1   4.8e-10   6.7e-08   31.9   0.1     3    53  1371  1423  1369  1454 0.87 -
PSC75162.1           -            204 8151at3041           -            114   4.1e-07   29.4   1.7   1   1   5.4e-09   7.6e-07   28.5   1.7     7    53   153   203   147   203 0.78 -
PSC75614.1           -            866 8151at3041           -            114   5.4e-07   29.0   0.4   1   1     8e-09   1.1e-06   28.0   0.4     6    67   270   340   266   375 0.69 -
PSC73290.1           -            849 8151at3041           -            114     6e-07   28.8   4.0   1   1     9e-09   1.3e-06   27.8   4.0     3    46   792   837   790   847 0.85 -
PSC73291.1           -            849 8151at3041           -            114     6e-07   28.8   4.0   1   1     9e-09   1.3e-06   27.8   4.0     3    46   792   837   790   847 0.85 -
PSC76011.1           -           2121 8151at3041           -            114   6.1e-07   28.8   2.1   1   1   1.3e-08   1.9e-06   27.3   2.1     6    48  1490  1534  1486  1544 0.90 -
PSC76012.1           -           2199 8151at3041           -            114   6.3e-07   28.8   2.1   1   1   1.4e-08   1.9e-06   27.2   2.1     6    48  1490  1534  1486  1544 0.90 -
PSC73927.1           -            987 8151at3041           -            114   3.6e-06   26.3   4.4   1   2   2.6e-08   3.6e-06   26.3   4.4     4    46     9    55     6    62 0.83 -
PSC73927.1           -            987 8151at3041           -            114   3.6e-06   26.3   4.4   2   2     0.098        14    5.1   1.1    10    31   124   145   115   149 0.85 -
PSC73256.1           -            125 8151at3041           -            114   3.8e-06   26.3   0.3   1   2       1.9   2.7e+02    1.0   0.7    32    48    40    57    30    63 0.64 -
PSC73256.1           -            125 8151at3041           -            114   3.8e-06   26.3   0.3   2   2   2.7e-08   3.8e-06   26.3   0.3    21    58    82   120    75   123 0.87 -
PSC70754.1           -            982 8151at3041           -            114   4.8e-06   25.9   0.7   1   1   3.4e-08   4.8e-06   25.9   0.7    17    50   842   876   838   879 0.85 -
PSC76455.1           -            228 8151at3041           -            114   5.4e-06   25.8   1.4   1   1   3.8e-08   5.4e-06   25.8   1.4     6    56   166   222   163   226 0.76 -
PSC70441.1           -            293 8151at3041           -            114   5.9e-06   25.6   3.9   1   1   7.1e-08   9.9e-06   24.9   3.9     3    47    56   104    54   116 0.85 -
PSC70998.1           -           1277 8151at3041           -            114   5.9e-06   25.6   8.6   1   2       6.8   9.4e+02   -0.8   0.0    64   110     9    55     5    57 0.84 -
PSC70998.1           -           1277 8151at3041           -            114   5.9e-06   25.6   8.6   2   2   4.2e-08   5.9e-06   25.6   8.6     4    48   398   444   395   448 0.88 -
PSC70630.1           -            944 8151at3041           -            114   9.8e-06   24.9   1.8   1   1   9.1e-08   1.3e-05   24.6   0.1     3    36   174   207   172   256 0.89 -
PSC72127.1           -            714 8151at3041           -            114   2.1e-05   23.9   1.7   1   1   4.9e-07   6.8e-05   22.2   1.7     5    46   662   709   659   711 0.80 -
PSC70181.1           -           1333 8151at3041           -            114     5e-05   22.6   3.4   1   1   1.8e-06   0.00025   20.4   3.4     6    83   953  1044   948  1058 0.69 -
PSC72199.1           -            335 8151at3041           -            114   5.2e-05   22.6   3.5   1   1   6.4e-07     9e-05   21.8   3.5     5    45   264   308   260   317 0.81 -
PSC77025.1           -            533 8151at3041           -            114   5.2e-05   22.6   0.4   1   1   7.8e-07   0.00011   21.6   0.4     6    48   478   524   473   528 0.79 -
PSC67603.1           -           2123 8151at3041           -            114   9.6e-05   21.7   3.5   1   1   1.6e-06   0.00022   20.6   3.5     5    46  1736  1780  1733  1787 0.81 -
PSC67604.1           -           2136 8151at3041           -            114   9.7e-05   21.7   3.5   1   1   1.6e-06   0.00022   20.5   3.5     5    46  1749  1793  1746  1800 0.81 -
PSC73811.1           -            296 8151at3041           -            114    0.0001   21.7   5.9   1   1   1.8e-06   0.00025   20.4   5.6     6    49    38    87    33   103 0.79 -
PSC73339.1           -            399 8151at3041           -            114   0.00015   21.1   0.9   1   1   2.4e-06   0.00033   20.0   0.9     5    47   278   325   275   331 0.80 -
PSC75809.1           -           2842 8151at3041           -            114   0.00016   21.0   0.6   1   1   3.2e-06   0.00045   19.6   0.6     5    59  2539  2598  2536  2635 0.80 -
PSC74426.1           -            600 8151at3041           -            114   0.00018   20.8   2.9   1   1   1.5e-06   0.00021   20.6   0.6     4    71    27   100    24   124 0.67 -
PSC74958.1           -            102 8151at3041           -            114   0.00027   20.3   0.3   1   1     2e-06   0.00027   20.3   0.3    16    50    46    84    42    94 0.78 -
PSC72262.1           -            622 8151at3041           -            114   0.00037   19.8   0.1   1   1   5.4e-06   0.00075   18.9   0.1     4    55    63   117    61   139 0.81 -
PSC71588.1           -           1251 8151at3041           -            114   0.00039   19.8   2.2   1   1   1.1e-05    0.0015   17.9   2.2     4    52    32    86    29    91 0.78 -
PSC72011.1           -            311 8151at3041           -            114   0.00044   19.6   0.8   1   1   7.2e-06     0.001   18.4   0.8     3    47   242   296   240   300 0.68 -
PSC73107.1           -           2638 8151at3041           -            114   0.00074   18.9   0.3   1   1   1.2e-05    0.0017   17.7   0.3    15    51   682   719   665   761 0.74 -
PSC74618.1           -            401 8151at3041           -            114   0.00074   18.9   0.6   1   1   1.2e-05    0.0017   17.7   0.2     4    33   279   308   276   317 0.86 -
PSC71594.1           -            470 8151at3041           -            114   0.00078   18.8   6.9   1   1   5.6e-06   0.00078   18.8   6.9     3    48   413   460   411   467 0.87 -
PSC75175.1           -            711 8151at3041           -            114   0.00086   18.7   6.8   1   2   6.2e-06   0.00086   18.7   6.8     5    48    61   108    58   113 0.84 -
PSC75175.1           -            711 8151at3041           -            114   0.00086   18.7   6.8   2   2       5.1   7.2e+02   -0.4   1.1    61    93   362   394   332   398 0.81 -
PSC75176.1           -            719 8151at3041           -            114   0.00087   18.6   6.8   1   2   6.3e-06   0.00087   18.6   6.8     5    48    61   108    58   113 0.84 -
PSC75176.1           -            719 8151at3041           -            114   0.00087   18.6   6.8   2   2       5.2   7.3e+02   -0.4   1.1    61    93   362   394   332   398 0.81 -
PSC71983.1           -            827 8151at3041           -            114     0.001   18.4   0.2   1   1   1.7e-05    0.0023   17.3   0.2     4    48   741   789   738   825 0.69 -
PSC70813.1           -            663 8151at3041           -            114    0.0011   18.3   0.0   1   1   2.6e-05    0.0036   16.7   0.0     4    43    83   124    80   141 0.85 -
PSC75615.1           -            344 8151at3041           -            114    0.0013   18.1   0.7   1   1   9.5e-06    0.0013   18.1   0.7     5    50   259   310   256   318 0.77 -
PSC77070.1           -            949 8151at3041           -            114    0.0015   17.8   1.8   1   1   2.3e-05    0.0032   16.8   1.8     6    73   322   391   317   407 0.80 -
PSC74287.1           -            876 8151at3041           -            114    0.0021   17.4   6.3   1   2       1.1   1.6e+02    1.7   0.1    24    51     4    34     2    43 0.76 -
PSC74287.1           -            876 8151at3041           -            114    0.0021   17.4   6.3   2   2   3.1e-05    0.0043   16.4   2.5     7    48   215   260   210   266 0.79 -
PSC75272.1           -            389 8151at3041           -            114    0.0023   17.3   0.1   1   1   3.2e-05    0.0045   16.3   0.1     6    56   333   385   328   388 0.81 -
PSC75273.1           -            389 8151at3041           -            114    0.0023   17.3   0.1   1   1   3.2e-05    0.0045   16.3   0.1     6    56   333   385   328   388 0.81 -
PSC69653.1           -            308 8151at3041           -            114    0.0023   17.3   1.8   1   1   3.3e-05    0.0046   16.3   1.8     6    45   260   304   255   307 0.75 -
PSC67962.1           -           1012 8151at3041           -            114     0.003   16.9   0.0   1   1   5.5e-05    0.0076   15.6   0.0     4    62    39    99    37   115 0.83 -
PSC68540.1           -            952 8151at3041           -            114    0.0046   16.3   0.6   1   1   7.9e-05     0.011   15.1   0.6     6    48   889   935   886   938 0.72 -
PSC68871.1           -            187 8151at3041           -            114    0.0059   16.0   3.3   1   1   9.6e-05     0.013   14.8   3.3     6    45   138   182   134   185 0.82 -
PSC73729.1           -           1291 8151at3041           -            114    0.0064   15.9   3.7   1   1   0.00014      0.02   14.3   3.7     3    48  1234  1282  1232  1286 0.84 -
PSC72561.1           -            333 8151at3041           -            114    0.0067   15.8   0.5   1   1   9.2e-05     0.013   14.9   0.5     6    47   266   314   261   321 0.77 -
PSC73474.1           -            434 8151at3041           -            114    0.0089   15.4   2.8   1   1   0.00026     0.037   13.4   2.8     3    46   269   332   267   351 0.66 -
PSC75760.1           -           1033 8151at3041           -            114      0.01   15.2   1.6   1   1   0.00025     0.035   13.5   1.6    20    47   316   344   295   359 0.76 -
PSC68550.1           -           1044 8151at3041           -            114     0.013   14.8   0.2   1   1   0.00024     0.034   13.5   0.2    21    48   878   912   871   959 0.84 -
PSC74062.1           -            624 8151at3041           -            114     0.022   14.1   0.7   1   1    0.0005      0.07   12.5   0.7     6    48     5    52     3    66 0.77 -
PSC74154.1           -            973 8151at3041           -            114     0.022   14.1   2.6   1   1   0.00041     0.057   12.8   2.6     7    47   912   955   906   970 0.84 -
PSC74155.1           -            974 8151at3041           -            114     0.023   14.1   2.6   1   1   0.00041     0.057   12.8   2.6     7    47   913   956   907   971 0.84 -
PSC71725.1           -           1483 8151at3041           -            114     0.023   14.1   3.2   1   1   0.00049     0.069   12.5   3.2     6    45   970  1007   966  1035 0.82 -
PSC70458.1           -            635 8151at3041           -            114     0.033   13.5   1.6   1   1   0.00049     0.069   12.5   1.6     5    45   502   542   498   553 0.79 -
PSC76742.1           -            365 8151at3041           -            114     0.035   13.5   4.6   1   1   0.00047     0.066   12.6   4.6     7    48   275   321   271   335 0.76 -
PSC75861.1           -            496 8151at3041           -            114     0.039   13.3   2.1   1   1    0.0007     0.098   12.0   2.1     6    49   196   244   192   278 0.85 -
PSC73852.1           -            546 8151at3041           -            114     0.048   13.0   6.7   1   1   0.00072       0.1   12.0   6.7     4    49   496   539   493   544 0.82 -
PSC67415.1           -           1896 8151at3041           -            114      0.08   12.3   6.4   1   2       9.9   1.4e+03   -1.3   0.1    57    93  1376  1413  1369  1417 0.66 -
PSC67415.1           -           1896 8151at3041           -            114      0.08   12.3   6.4   2   2   0.00027     0.037   13.4   2.2     7    53  1844  1891  1842  1894 0.81 -
PSC73817.1           -           1345 8151at3041           -            114     0.099   12.0   5.7   1   1     0.003      0.41   10.0   5.7     5    48  1289  1335  1286  1340 0.83 -
PSC72690.1           -            360 8151at3041           -            114      0.22   10.9   7.1   1   1    0.0021       0.3   10.5   6.1     7    48   286   332   281   350 0.84 -
PSC69552.1           -            552 8151at3041           -            114      0.25   10.7   1.8   1   2     0.012       1.7    8.0   0.0     4    32    42    70    39    79 0.86 -
PSC69552.1           -            552 8151at3041           -            114      0.25   10.7   1.8   2   2       3.4   4.7e+02    0.2   1.5     6    38   343   378   338   394 0.72 -
PSC73191.1           -            781 8151at3041           -            114      0.75    9.2   7.2   1   1     0.016       2.2    7.7   7.2     6    49   731   775   727   779 0.88 -
PSC75085.1           -           1316 8151at3041           -            114       1.2    8.5  11.4   1   1   0.00016     0.022   14.1   2.7     3    48  1267  1308  1265  1313 0.83 -
PSC75814.1           -            606 8151at3041           -            114       2.8    7.3  14.9   1   2   0.00038     0.054   12.9   4.1     6    44   251   292   246   300 0.79 -
PSC75814.1           -            606 8151at3041           -            114       2.8    7.3  14.9   2   2         5     7e+02   -0.4   3.1     4    27   301   324   298   329 0.88 -
#
# Program:         hmmsearch
# Version:         3.1b2 (February 2015)
# Pipeline mode:   SEARCH
# Query file:      /Users/catrionaharrison/Documents/Bioinformatics/rp2/Data/genomes/busco/busco_downloads/lineages/chlorophyta_odb10/hmms/8151at3041.hmm
# Target file:     /Users/catrionaharrison/Documents/Bioinformatics/rp2/Data/genomes/busco/data/micractinium_conductrix.prot.fasta
# Option settings: hmmsearch --domtblout /Users/catrionaharrison/Documents/Bioinformatics/rp2/Data/genomes/busco/Busco_conductrix/run_chlorophyta_odb10/hmmer_output/initial_run_results/8151at3041.out --cpu 1 /Users/catrionaharrison/Documents/Bioinformatics/rp2/Data/genomes/busco/busco_downloads/lineages/chlorophyta_odb10/hmms/8151at3041.hmm /Users/catrionaharrison/Documents/Bioinformatics/rp2/Data/genomes/busco/data/micractinium_conductrix.prot.fasta 
# Current dir:     /Users/catrionaharrison/Documents/Bioinformatics/rp2/Data/genomes/busco
# Date:            Fri Jul 22 15:23:18 2022
# [ok]
