#                                                                            --- full sequence --- -------------- this domain -------------   hmm coord   ali coord   env coord
# target name        accession   tlen query name           accession   qlen   E-value  score  bias   #  of  c-Evalue  i-Evalue  score  bias  from    to  from    to  from    to  acc description of target
#------------------- ---------- ----- -------------------- ---------- ----- --------- ------ ----- --- --- --------- --------- ------ ----- ----- ----- ----- ----- ----- ----- ---- ---------------------
PSC71674.1           -           1429 926at3041            -            478  4.2e-225  747.0  73.8   1   6   9.3e-19   2.7e-16   58.4   4.3    67   200    58   211    19   229 0.81 -
PSC71674.1           -           1429 926at3041            -            478  4.2e-225  747.0  73.8   2   6   3.5e-05      0.01   13.6   0.0    61    92   402   433   389   442 0.86 -
PSC71674.1           -           1429 926at3041            -            478  4.2e-225  747.0  73.8   3   6   1.3e-11     4e-09   34.8   0.3    22    71   521   577   486   589 0.75 -
PSC71674.1           -           1429 926at3041            -            478  4.2e-225  747.0  73.8   4   6     6e-60   1.8e-57  194.2   5.7    66   209   819   985   781   989 0.85 -
PSC71674.1           -           1429 926at3041            -            478  4.2e-225  747.0  73.8   5   6   7.9e-31   2.4e-28   98.2   0.0   208   271  1048  1111  1044  1125 0.94 -
PSC71674.1           -           1429 926at3041            -            478  4.2e-225  747.0  73.8   6   6  8.9e-107  2.6e-104  348.7  39.3   265   478  1187  1428  1182  1428 0.91 -
PSC73176.1           -            458 926at3041            -            478   1.4e-45  155.0  29.7   1   1     8e-48   2.4e-45  154.3  29.7   265   476    49   300    43   302 0.82 -
PSC71454.1           -            836 926at3041            -            478   2.6e-07   28.8   4.1   1   1   1.5e-09   4.3e-07   28.1   4.1   271   326   713   768   705   779 0.87 -
PSC68540.1           -            952 926at3041            -            478   5.1e-06   24.6   0.1   1   1     3e-08   8.9e-06   23.7   0.1   376   425   884   932   839   936 0.87 -
PSC74170.1           -            381 926at3041            -            478   1.5e-05   23.0   0.5   1   1   7.7e-08   2.3e-05   22.4   0.5   378   428   256   313   253   317 0.81 -
PSC74169.1           -            384 926at3041            -            478   1.5e-05   23.0   0.5   1   1   7.8e-08   2.3e-05   22.4   0.5   378   428   259   316   256   320 0.81 -
PSC75615.1           -            344 926at3041            -            478   3.6e-05   21.8   0.3   1   1   1.8e-07   5.3e-05   21.2   0.3   380   427   259   307   253   326 0.89 -
PSC69312.1           -           1460 926at3041            -            478   6.4e-05   20.9   0.2   1   2      0.38   1.1e+02    0.3   0.1    13    79  1271  1337  1263  1346 0.78 -
PSC69312.1           -           1460 926at3041            -            478   6.4e-05   20.9   0.2   2   2   1.4e-06   0.00041   18.3   0.0   112   164  1347  1399  1331  1427 0.78 -
PSC74287.1           -            876 926at3041            -            478   0.00013   20.0   3.0   1   1   6.3e-07   0.00019   19.4   3.0   381   427   214   259   207   266 0.88 -
PSC76455.1           -            228 926at3041            -            478   0.00015   19.7   2.1   1   1   6.5e-07   0.00019   19.4   2.1   381   427   166   213   163   223 0.89 -
PSC70998.1           -           1277 926at3041            -            478   0.00018   19.5   6.8   1   1   9.3e-07   0.00027   18.8   6.8   381   428   400   444   394   459 0.91 -
PSC77025.1           -            533 926at3041            -            478   0.00023   19.1   1.2   1   1   1.1e-06   0.00034   18.5   1.2   379   427   476   523   468   526 0.88 -
PSC71089.1           -            265 926at3041            -            478   0.00027   18.9   0.4   1   1   1.1e-06   0.00034   18.6   0.4    36   159   107   241    81   251 0.73 -
PSC75760.1           -           1033 926at3041            -            478   0.00044   18.2   2.2   1   1   2.3e-06    0.0007   17.5   2.2   380   427   298   344   292   349 0.88 -
PSC73256.1           -            125 926at3041            -            478   0.00077   17.4   0.8   1   1   1.2e-05    0.0034   15.2   0.8   399   425    81   107    17   112 0.82 -
PSC72127.1           -            714 926at3041            -            478    0.0019   16.1   1.7   1   1   8.7e-06    0.0026   15.6   1.7   380   427   662   710   660   713 0.89 -
PSC68871.1           -            187 926at3041            -            478    0.0019   16.0   0.2   1   1   8.9e-06    0.0026   15.6   0.2   380   425   137   182   132   186 0.85 -
PSC71488.1           -            237 926at3041            -            478    0.0031   15.4   0.2   1   2      0.33        97    0.5   0.0   131   154    69    92    51   115 0.58 -
PSC71488.1           -            237 926at3041            -            478    0.0031   15.4   0.2   2   2   6.4e-05     0.019   12.8   0.0   118   196   129   203   121   219 0.76 -
PSC70754.1           -            982 926at3041            -            478    0.0038   15.1   0.1   1   1   2.1e-05    0.0063   14.4   0.1   398   430   844   876   837   886 0.90 -
PSC74062.1           -            624 926at3041            -            478     0.004   15.0   2.1   1   1   2.2e-05    0.0066   14.3   2.1   381   425     5    49     3    57 0.84 -
PSC72561.1           -            333 926at3041            -            478    0.0041   15.0   0.3   1   1   2.1e-05    0.0061   14.4   0.3   382   425   267   312   258   317 0.74 -
PSC69653.1           -            308 926at3041            -            478    0.0092   13.8   1.3   1   1   4.5e-05     0.013   13.3   1.3   381   425   260   304   255   306 0.81 -
PSC75162.1           -            204 926at3041            -            478     0.013   13.3   3.2   1   1     6e-05     0.018   12.9   3.2   380   425   151   195   141   199 0.86 -
PSC68550.1           -           1044 926at3041            -            478     0.014   13.3   1.1   1   1   6.9e-05      0.02   12.7   1.1   398   436   876   919   870   921 0.83 -
PSC74156.1           -            620 926at3041            -            478     0.018   12.8   3.9   1   1   9.4e-05     0.028   12.2   3.9   379   426   313   356   307   364 0.90 -
PSC74157.1           -            619 926at3041            -            478     0.018   12.8   3.9   1   1   9.4e-05     0.028   12.2   3.9   379   426   312   355   306   363 0.90 -
PSC71052.1           -            403 926at3041            -            478     0.039   11.8   3.0   1   1   0.00017     0.051   11.4   3.0   377   423   351   397   322   402 0.76 -
PSC73339.1           -            399 926at3041            -            478     0.049   11.4   1.9   1   1   0.00023     0.069   10.9   1.9   381   424   279   322   276   325 0.81 -
PSC75943.1           -            406 926at3041            -            478     0.069   10.9   2.5   1   1   0.00039      0.12   10.2   2.5   381   425   350   390   344   398 0.86 -
PSC75614.1           -            866 926at3041            -            478     0.088   10.6   3.1   1   1   0.00046      0.14    9.9   3.1   381   428   270   318   266   328 0.79 -
PSC71525.1           -            890 926at3041            -            478      0.31    8.8   2.3   1   1    0.0017      0.51    8.1   2.3   380   433    48    97    39   114 0.82 -
PSC73107.1           -           2638 926at3041            -            478      0.35    8.6   3.5   1   1    0.0018      0.53    8.0   3.5   379   427   667   715   664   718 0.91 -
PSC72511.1           -            759 926at3041            -            478      0.59    7.9  11.5   1   3    0.0011      0.33    8.7   0.0   224   261     4    41     1    50 0.91 -
PSC72511.1           -            759 926at3041            -            478      0.59    7.9  11.5   2   3     0.019       5.7    4.6   2.1   376   429    68   122    64   154 0.75 -
PSC72511.1           -            759 926at3041            -            478      0.59    7.9  11.5   3   3       1.2   3.4e+02   -1.3   0.7   377   410   442   471   433   476 0.81 -
PSC76742.1           -            365 926at3041            -            478       1.2    6.8   7.6   1   1    0.0057       1.7    6.3   7.6   382   430   275   323   272   327 0.80 -
#
# Program:         hmmsearch
# Version:         3.1b2 (February 2015)
# Pipeline mode:   SEARCH
# Query file:      /Users/catrionaharrison/Documents/Bioinformatics/rp2/Data/genomes/busco/busco_downloads/lineages/chlorophyta_odb10/hmms/926at3041.hmm
# Target file:     /Users/catrionaharrison/Documents/Bioinformatics/rp2/Data/genomes/busco/data/micractinium_conductrix.prot.fasta
# Option settings: hmmsearch --domtblout /Users/catrionaharrison/Documents/Bioinformatics/rp2/Data/genomes/busco/Busco_conductrix/run_chlorophyta_odb10/hmmer_output/initial_run_results/926at3041.out --cpu 1 /Users/catrionaharrison/Documents/Bioinformatics/rp2/Data/genomes/busco/busco_downloads/lineages/chlorophyta_odb10/hmms/926at3041.hmm /Users/catrionaharrison/Documents/Bioinformatics/rp2/Data/genomes/busco/data/micractinium_conductrix.prot.fasta 
# Current dir:     /Users/catrionaharrison/Documents/Bioinformatics/rp2/Data/genomes/busco
# Date:            Fri Jul 22 15:24:26 2022
# [ok]
