#                                                                            --- full sequence --- -------------- this domain -------------   hmm coord   ali coord   env coord
# target name        accession   tlen query name           accession   qlen   E-value  score  bias   #  of  c-Evalue  i-Evalue  score  bias  from    to  from    to  from    to  acc description of target
#------------------- ---------- ----- -------------------- ---------- ----- --------- ------ ----- --- --- --------- --------- ------ ----- ----- ----- ----- ----- ----- ----- ---- ---------------------
PSC74123.1           -           1451 9624at3041           -            482  7.9e-101  337.0  55.2   1   6     1e-07   0.00034   18.4   0.0    24    66    81   124    77   128 0.91 -
PSC74123.1           -           1451 9624at3041           -            482  7.9e-101  337.0  55.2   2   6   2.3e-51   7.7e-48  162.3   3.1    58   190   144   300   133   312 0.81 -
PSC74123.1           -           1451 9624at3041           -            482  7.9e-101  337.0  55.2   3   6    0.0049        16    2.9   0.1   184   201   317   334   315   343 0.88 -
PSC74123.1           -           1451 9624at3041           -            482  7.9e-101  337.0  55.2   4   6     0.058   1.9e+02   -0.6   0.1   195   216   379   400   334   408 0.71 -
PSC74123.1           -           1451 9624at3041           -            482  7.9e-101  337.0  55.2   5   6   2.7e-17   8.9e-14   50.0   2.3   226   317   461   566   459   585 0.83 -
PSC74123.1           -           1451 9624at3041           -            482  7.9e-101  337.0  55.2   6   6   1.6e-39   5.3e-36  123.2  19.0   332   476   615   758   604   765 0.88 -
PSC71192.1           -            416 9624at3041           -            482     0.023   12.4   0.0   1   1     1e-05     0.035   11.7   0.0    20   111   268   355   257   361 0.81 -
PSC72328.1           -            199 9624at3041           -            482     0.039   11.6  18.7   1   2     0.007        23    2.4   2.5   368   410    25    67    14    71 0.88 -
PSC72328.1           -            199 9624at3041           -            482     0.039   11.6  18.7   2   2     3e-06      0.01   13.5  11.5   367   460    65   157    61   173 0.86 -
#
# Program:         hmmsearch
# Version:         3.1b2 (February 2015)
# Pipeline mode:   SEARCH
# Query file:      /Users/catrionaharrison/Documents/Bioinformatics/rp2/Data/genomes/busco/busco_downloads/lineages/chlorophyta_odb10/hmms/9624at3041.hmm
# Target file:     /Users/catrionaharrison/Documents/Bioinformatics/rp2/Data/genomes/busco/data/micractinium_conductrix.prot.fasta
# Option settings: hmmsearch --domtblout /Users/catrionaharrison/Documents/Bioinformatics/rp2/Data/genomes/busco/Busco_conductrix/run_chlorophyta_odb10/hmmer_output/initial_run_results/9624at3041.out --cpu 1 /Users/catrionaharrison/Documents/Bioinformatics/rp2/Data/genomes/busco/busco_downloads/lineages/chlorophyta_odb10/hmms/9624at3041.hmm /Users/catrionaharrison/Documents/Bioinformatics/rp2/Data/genomes/busco/data/micractinium_conductrix.prot.fasta 
# Current dir:     /Users/catrionaharrison/Documents/Bioinformatics/rp2/Data/genomes/busco
# Date:            Fri Jul 22 15:25:07 2022
# [ok]
