#                                                                            --- full sequence --- -------------- this domain -------------   hmm coord   ali coord   env coord
# target name        accession   tlen query name           accession   qlen   E-value  score  bias   #  of  c-Evalue  i-Evalue  score  bias  from    to  from    to  from    to  acc description of target
#------------------- ---------- ----- -------------------- ---------- ----- --------- ------ ----- --- --- --------- --------- ------ ----- ----- ----- ----- ----- ----- ----- ---- ---------------------
PSC76033.1           -            431 9901at3041           -            223   1.1e-81  272.6   9.7   1   4   6.7e-55   3.4e-51  172.9   0.5     1   129    38   187    38   192 0.88 -
PSC76033.1           -            431 9901at3041           -            223   1.1e-81  272.6   9.7   2   4   8.5e-21   4.3e-17   61.3   0.0   127   167   268   308   263   317 0.90 -
PSC76033.1           -            431 9901at3041           -            223   1.1e-81  272.6   9.7   3   4     3e-07    0.0015   17.0   0.2   171   201   335   365   324   369 0.82 -
PSC76033.1           -            431 9901at3041           -            223   1.1e-81  272.6   9.7   4   4   2.4e-08   0.00012   20.6   0.0   194   222   388   416   385   417 0.92 -
PSC76558.1           -            404 9901at3041           -            223   2.3e-15   55.7   1.3   1   3   8.6e-11   4.3e-07   28.6   1.8    11    95    65   164    56   169 0.65 -
PSC76558.1           -            404 9901at3041           -            223   2.3e-15   55.7   1.3   2   3   2.3e-08   0.00012   20.7   0.0    98   166   211   285   202   328 0.86 -
PSC76558.1           -            404 9901at3041           -            223   2.3e-15   55.7   1.3   3   3     0.023   1.1e+02    1.1   0.0   184   216   355   387   347   393 0.87 -
#
# Program:         hmmsearch
# Version:         3.1b2 (February 2015)
# Pipeline mode:   SEARCH
# Query file:      /Users/catrionaharrison/Documents/Bioinformatics/rp2/Data/genomes/busco/busco_downloads/lineages/chlorophyta_odb10/hmms/9901at3041.hmm
# Target file:     /Users/catrionaharrison/Documents/Bioinformatics/rp2/Data/genomes/busco/data/micractinium_conductrix.prot.fasta
# Option settings: hmmsearch --domtblout /Users/catrionaharrison/Documents/Bioinformatics/rp2/Data/genomes/busco/Busco_conductrix/run_chlorophyta_odb10/hmmer_output/initial_run_results/9901at3041.out --cpu 1 /Users/catrionaharrison/Documents/Bioinformatics/rp2/Data/genomes/busco/busco_downloads/lineages/chlorophyta_odb10/hmms/9901at3041.hmm /Users/catrionaharrison/Documents/Bioinformatics/rp2/Data/genomes/busco/data/micractinium_conductrix.prot.fasta 
# Current dir:     /Users/catrionaharrison/Documents/Bioinformatics/rp2/Data/genomes/busco
# Date:            Fri Jul 22 15:25:30 2022
# [ok]
